2025-07-06 00:58:07,473 - music_tracker - INFO - Zero songs listened to
2025-07-06 00:58:07,473 - music_tracker - INFO - No songs uploaded.
2025-07-06 01:58:07,184 - music_tracker - INFO - Zero songs listened to
2025-07-06 01:58:07,185 - music_tracker - INFO - No songs uploaded.
2025-07-06 02:58:06,888 - music_tracker - INFO - Zero songs listened to
2025-07-06 02:58:06,889 - music_tracker - INFO - No songs uploaded.
2025-07-06 03:58:06,653 - music_tracker - INFO - Zero songs listened to
2025-07-06 03:58:06,654 - music_tracker - INFO - No songs uploaded.
2025-07-06 04:58:07,466 - music_tracker - INFO - Zero songs listened to
2025-07-06 04:58:07,466 - music_tracker - INFO - No songs uploaded.
2025-07-06 05:58:07,179 - music_tracker - INFO - Zero songs listened to
2025-07-06 05:58:07,180 - music_tracker - INFO - No songs uploaded.
2025-07-06 06:58:06,967 - music_tracker - INFO - Zero songs listened to
2025-07-06 06:58:06,968 - music_tracker - INFO - No songs uploaded.
2025-07-06 07:58:06,686 - music_tracker - INFO - Zero songs listened to
2025-07-06 07:58:06,687 - music_tracker - INFO - No songs uploaded.
2025-07-06 08:58:07,404 - music_tracker - INFO - Zero songs listened to
2025-07-06 08:58:07,405 - music_tracker - INFO - No songs uploaded.
2025-07-06 09:00:11,809 - music_tracker - INFO - Starting music tracker analysis
2025-07-06 09:00:11,810 - music_tracker - INFO - Fetching data
2025-07-06 09:00:12,391 - music_tracker - INFO - Fetched 2 recent songs
2025-07-06 09:00:12,392 - music_tracker - INFO - Running top listens analysis
2025-07-06 09:00:12,392 - music_tracker - INFO - Calculating top songs listens
2025-07-06 09:00:12,393 - music_tracker - INFO - Top listens: No multiples of songs listened to yesterday!
2025-07-06 09:00:12,393 - music_tracker - INFO - Calculating top albums listens
2025-07-06 09:00:12,394 - music_tracker - INFO - Top listens: No multiples of albums listened to yesterday!
2025-07-06 09:00:12,394 - music_tracker - INFO - Calculating top artists listens
2025-07-06 09:00:12,394 - music_tracker - INFO - Top listens: No multiples of artists listened to yesterday!
2025-07-06 09:00:12,394 - music_tracker - INFO - Running popularity and listening hours analysis
2025-07-06 09:00:12,395 - music_tracker - INFO - Finding most popular track
2025-07-06 09:00:12,395 - music_tracker - INFO - Most popular song found: The Next Great American Spirit Strikes Back! with score 45
2025-07-06 09:00:13,220 - music_tracker - INFO - Message successfully sent!
2025-07-06 09:00:13,220 - music_tracker - INFO - Calculating most listened hour
2025-07-06 09:00:13,221 - music_tracker - INFO - Most listened hour: 14:00 with 03:27
2025-07-06 09:00:13,984 - music_tracker - INFO - Message successfully sent!
2025-07-06 09:00:13,984 - music_tracker - INFO - Analysis completed successfully

2025-07-06 09:58:07,335 - music_tracker - INFO - Uploading 1 song
2025-07-06 10:58:08,343 - music_tracker - INFO - Uploading 4 songs
2025-07-06 11:58:09,954 - music_tracker - INFO - Uploading 12 songs
2025-07-06 12:58:10,940 - music_tracker - INFO - Uploading 17 songs
2025-07-06 13:58:10,337 - music_tracker - INFO - Uploading 14 songs
2025-07-06 14:58:11,040 - music_tracker - INFO - Uploading 16 songs
2025-07-06 15:58:10,180 - music_tracker - INFO - Uploading 13 songs
2025-07-06 16:58:11,273 - music_tracker - INFO - Uploading 17 songs
2025-07-06 17:58:07,076 - music_tracker - INFO - Zero songs listened to
2025-07-06 17:58:07,077 - music_tracker - INFO - No songs uploaded.
2025-07-06 18:58:06,827 - music_tracker - INFO - Zero songs listened to
2025-07-06 18:58:06,828 - music_tracker - INFO - No songs uploaded.
2025-07-06 19:58:06,538 - music_tracker - INFO - Zero songs listened to
2025-07-06 19:58:06,538 - music_tracker - INFO - No songs uploaded.
2025-07-06 20:58:07,280 - music_tracker - INFO - Zero songs listened to
2025-07-06 20:58:07,281 - music_tracker - INFO - No songs uploaded.
2025-07-06 21:58:06,995 - music_tracker - INFO - Zero songs listened to
2025-07-06 21:58:06,995 - music_tracker - INFO - No songs uploaded.
2025-07-06 22:58:06,878 - music_tracker - INFO - Zero songs listened to
2025-07-06 22:58:06,881 - music_tracker - INFO - No songs uploaded.
2025-07-06 23:58:06,623 - music_tracker - INFO - Zero songs listened to
2025-07-06 23:58:06,624 - music_tracker - INFO - No songs uploaded.
