2025-08-22 00:58:03,081 - music_tracker - INFO - SpotiSpy song collection starting...
2025-08-22 00:58:03,081 - music_tracker - INFO - Starting song collection (last 1 hours)
2025-08-22 00:58:03,082 - music_tracker - INFO - Fetching recent tracks from Spotify...
2025-08-22 00:58:03,452 - music_tracker - INFO - No recent songs found from Spotify
2025-08-22 00:58:03,454 - music_tracker - INFO - No new songs found from Spotify API
2025-08-22 00:58:03,455 - music_tracker - INFO - Song collection completed successfully
2025-08-22 01:58:03,427 - music_tracker - INFO - SpotiSpy song collection starting...
2025-08-22 01:58:03,427 - music_tracker - INFO - Starting song collection (last 1 hours)
2025-08-22 01:58:03,428 - music_tracker - INFO - Fetching recent tracks from Spotify...
2025-08-22 01:58:03,824 - music_tracker - INFO - No recent songs found from Spotify
2025-08-22 01:58:03,826 - music_tracker - INFO - No new songs found from Spotify API
2025-08-22 01:58:03,827 - music_tracker - INFO - Song collection completed successfully
2025-08-22 02:58:03,259 - music_tracker - INFO - SpotiSpy song collection starting...
2025-08-22 02:58:03,260 - music_tracker - INFO - Starting song collection (last 1 hours)
2025-08-22 02:58:03,260 - music_tracker - INFO - Fetching recent tracks from Spotify...
2025-08-22 02:58:03,611 - music_tracker - INFO - No recent songs found from Spotify
2025-08-22 02:58:03,613 - music_tracker - INFO - No new songs found from Spotify API
2025-08-22 02:58:03,614 - music_tracker - INFO - Song collection completed successfully
2025-08-22 03:58:03,559 - music_tracker - INFO - SpotiSpy song collection starting...
2025-08-22 03:58:03,560 - music_tracker - INFO - Starting song collection (last 1 hours)
2025-08-22 03:58:03,560 - music_tracker - INFO - Fetching recent tracks from Spotify...
2025-08-22 03:58:03,915 - music_tracker - INFO - No recent songs found from Spotify
2025-08-22 03:58:03,917 - music_tracker - INFO - No new songs found from Spotify API
2025-08-22 03:58:03,918 - music_tracker - INFO - Song collection completed successfully
2025-08-22 04:58:02,815 - music_tracker - INFO - SpotiSpy song collection starting...
2025-08-22 04:58:02,815 - music_tracker - INFO - Starting song collection (last 1 hours)
2025-08-22 04:58:02,816 - music_tracker - INFO - Fetching recent tracks from Spotify...
2025-08-22 04:58:03,191 - music_tracker - INFO - No recent songs found from Spotify
2025-08-22 04:58:03,193 - music_tracker - INFO - No new songs found from Spotify API
2025-08-22 04:58:03,194 - music_tracker - INFO - Song collection completed successfully
2025-08-22 05:58:03,077 - music_tracker - INFO - SpotiSpy song collection starting...
2025-08-22 05:58:03,078 - music_tracker - INFO - Starting song collection (last 1 hours)
2025-08-22 05:58:03,079 - music_tracker - INFO - Fetching recent tracks from Spotify...
2025-08-22 05:58:03,433 - music_tracker - INFO - No recent songs found from Spotify
2025-08-22 05:58:03,435 - music_tracker - INFO - No new songs found from Spotify API
2025-08-22 05:58:03,435 - music_tracker - INFO - Song collection completed successfully
2025-08-22 06:58:03,380 - music_tracker - INFO - SpotiSpy song collection starting...
2025-08-22 06:58:03,380 - music_tracker - INFO - Starting song collection (last 1 hours)
2025-08-22 06:58:03,381 - music_tracker - INFO - Fetching recent tracks from Spotify...
2025-08-22 06:58:03,740 - music_tracker - INFO - No recent songs found from Spotify
2025-08-22 06:58:03,742 - music_tracker - INFO - No new songs found from Spotify API
2025-08-22 06:58:03,742 - music_tracker - INFO - Song collection completed successfully
2025-08-22 07:58:02,650 - music_tracker - INFO - SpotiSpy song collection starting...
2025-08-22 07:58:02,650 - music_tracker - INFO - Starting song collection (last 1 hours)
2025-08-22 07:58:02,651 - music_tracker - INFO - Fetching recent tracks from Spotify...
2025-08-22 07:58:03,086 - music_tracker - INFO - Fetched 1 songs from Spotify
2025-08-22 07:58:03,088 - music_tracker - INFO - Found 1 songs from Spotify API
2025-08-22 07:58:03,088 - music_tracker - INFO - Checking for duplicates in database...
2025-08-22 07:58:04,478 - music_tracker - INFO - Found 1 new songs out of 1 total
2025-08-22 07:58:04,480 - music_tracker - INFO - Found 1 new songs to save
2025-08-22 07:58:04,480 - music_tracker - INFO - Saving songs to database...
2025-08-22 07:58:04,852 - music_tracker - INFO - Successfully saved 1 songs to database
2025-08-22 07:58:04,854 - music_tracker - INFO - Successfully saved 1 songs to database
2025-08-22 07:58:04,855 - music_tracker - INFO - Song collection completed successfully
2025-08-22 08:58:02,834 - music_tracker - INFO - SpotiSpy song collection starting...
2025-08-22 08:58:02,834 - music_tracker - INFO - Starting song collection (last 1 hours)
2025-08-22 08:58:02,835 - music_tracker - INFO - Fetching recent tracks from Spotify...
2025-08-22 08:58:03,271 - music_tracker - INFO - Fetched 2 songs from Spotify
2025-08-22 08:58:03,273 - music_tracker - INFO - Found 2 songs from Spotify API
2025-08-22 08:58:03,274 - music_tracker - INFO - Checking for duplicates in database...
2025-08-22 08:58:04,502 - music_tracker - INFO - Found 2 new songs out of 2 total
2025-08-22 08:58:04,505 - music_tracker - INFO - Found 2 new songs to save
2025-08-22 08:58:04,506 - music_tracker - INFO - Saving songs to database...
2025-08-22 08:58:04,929 - music_tracker - INFO - Successfully saved 2 songs to database
2025-08-22 08:58:04,931 - music_tracker - INFO - Successfully saved 2 songs to database
2025-08-22 08:58:04,932 - music_tracker - INFO - Song collection completed successfully
2025-08-22 09:00:14,230 - music_tracker - INFO - SpotiSpy starting...
2025-08-22 09:00:14,231 - music_tracker - INFO - Starting daily SpotiSpy analysis
2025-08-22 09:00:14,236 - music_tracker - INFO - Fetching yesterday's listening data...
2025-08-22 09:00:14,706 - music_tracker - INFO - Fetched 35 songs from database
2025-08-22 09:00:14,708 - music_tracker - INFO - Found 35 songs to analyze
2025-08-22 09:00:14,709 - music_tracker - INFO - Running analysis...
2025-08-22 09:00:14,712 - music_tracker - INFO - Sending daily summary to Slack...
2025-08-22 09:00:15,532 - music_tracker - INFO - Message sent successfully to Slack
2025-08-22 09:00:15,533 - music_tracker - INFO - Daily analysis completed successfully!
2025-08-22 09:00:15,533 - music_tracker - INFO - SpotiSpy completed successfully
2025-08-22 09:58:03,489 - music_tracker - INFO - SpotiSpy song collection starting...
2025-08-22 09:58:03,490 - music_tracker - INFO - Starting song collection (last 1 hours)
2025-08-22 09:58:03,491 - music_tracker - INFO - Fetching recent tracks from Spotify...
2025-08-22 09:58:04,003 - music_tracker - INFO - Fetched 18 songs from Spotify
2025-08-22 09:58:04,006 - music_tracker - INFO - Found 18 songs from Spotify API
2025-08-22 09:58:04,007 - music_tracker - INFO - Checking for duplicates in database...
2025-08-22 09:58:05,054 - music_tracker - INFO - Found 18 new songs out of 18 total
2025-08-22 09:58:05,057 - music_tracker - INFO - Found 18 new songs to save
2025-08-22 09:58:05,058 - music_tracker - INFO - Saving songs to database...
2025-08-22 09:58:05,464 - music_tracker - INFO - Successfully saved 18 songs to database
2025-08-22 09:58:05,466 - music_tracker - INFO - Successfully saved 18 songs to database
2025-08-22 09:58:05,467 - music_tracker - INFO - Song collection completed successfully
2025-08-22 10:58:03,396 - music_tracker - INFO - SpotiSpy song collection starting...
2025-08-22 10:58:03,397 - music_tracker - INFO - Starting song collection (last 1 hours)
2025-08-22 10:58:03,397 - music_tracker - INFO - Fetching recent tracks from Spotify...
2025-08-22 10:58:03,872 - music_tracker - INFO - Fetched 15 songs from Spotify
2025-08-22 10:58:03,875 - music_tracker - INFO - Found 15 songs from Spotify API
2025-08-22 10:58:03,876 - music_tracker - INFO - Checking for duplicates in database...
2025-08-22 10:58:05,182 - music_tracker - INFO - Found 15 new songs out of 15 total
2025-08-22 10:58:05,184 - music_tracker - INFO - Found 15 new songs to save
2025-08-22 10:58:05,185 - music_tracker - INFO - Saving songs to database...
2025-08-22 10:58:05,636 - music_tracker - INFO - Successfully saved 15 songs to database
2025-08-22 10:58:05,638 - music_tracker - INFO - Successfully saved 15 songs to database
2025-08-22 10:58:05,639 - music_tracker - INFO - Song collection completed successfully
2025-08-22 11:58:03,559 - music_tracker - INFO - SpotiSpy song collection starting...
2025-08-22 11:58:03,559 - music_tracker - INFO - Starting song collection (last 1 hours)
2025-08-22 11:58:03,560 - music_tracker - INFO - Fetching recent tracks from Spotify...
2025-08-22 11:58:03,999 - music_tracker - INFO - Fetched 9 songs from Spotify
2025-08-22 11:58:04,001 - music_tracker - INFO - Found 9 songs from Spotify API
2025-08-22 11:58:04,002 - music_tracker - INFO - Checking for duplicates in database...
2025-08-22 11:58:05,187 - music_tracker - INFO - Found 9 new songs out of 9 total
2025-08-22 11:58:05,189 - music_tracker - INFO - Found 9 new songs to save
2025-08-22 11:58:05,190 - music_tracker - INFO - Saving songs to database...
2025-08-22 11:58:05,514 - music_tracker - INFO - Successfully saved 9 songs to database
2025-08-22 11:58:05,516 - music_tracker - INFO - Successfully saved 9 songs to database
2025-08-22 11:58:05,517 - music_tracker - INFO - Song collection completed successfully
2025-08-22 12:58:03,427 - music_tracker - INFO - SpotiSpy song collection starting...
2025-08-22 12:58:03,428 - music_tracker - INFO - Starting song collection (last 1 hours)
2025-08-22 12:58:03,428 - music_tracker - INFO - Fetching recent tracks from Spotify...
2025-08-22 12:58:03,846 - music_tracker - INFO - Fetched 5 songs from Spotify
2025-08-22 12:58:03,849 - music_tracker - INFO - Found 5 songs from Spotify API
2025-08-22 12:58:03,849 - music_tracker - INFO - Checking for duplicates in database...
2025-08-22 12:58:05,262 - music_tracker - INFO - Found 5 new songs out of 5 total
2025-08-22 12:58:05,265 - music_tracker - INFO - Found 5 new songs to save
2025-08-22 12:58:05,265 - music_tracker - INFO - Saving songs to database...
2025-08-22 12:58:05,700 - music_tracker - INFO - Successfully saved 5 songs to database
2025-08-22 12:58:05,702 - music_tracker - INFO - Successfully saved 5 songs to database
2025-08-22 12:58:05,703 - music_tracker - INFO - Song collection completed successfully
2025-08-22 13:58:02,614 - music_tracker - INFO - SpotiSpy song collection starting...
2025-08-22 13:58:02,615 - music_tracker - INFO - Starting song collection (last 1 hours)
2025-08-22 13:58:02,616 - music_tracker - INFO - Fetching recent tracks from Spotify...
2025-08-22 13:58:03,099 - music_tracker - INFO - Fetched 12 songs from Spotify
2025-08-22 13:58:03,102 - music_tracker - INFO - Found 12 songs from Spotify API
2025-08-22 13:58:03,103 - music_tracker - INFO - Checking for duplicates in database...
2025-08-22 13:58:04,398 - music_tracker - INFO - Found 12 new songs out of 12 total
2025-08-22 13:58:04,401 - music_tracker - INFO - Found 12 new songs to save
2025-08-22 13:58:04,401 - music_tracker - INFO - Saving songs to database...
2025-08-22 13:58:04,758 - music_tracker - INFO - Successfully saved 12 songs to database
2025-08-22 13:58:04,760 - music_tracker - INFO - Successfully saved 12 songs to database
2025-08-22 13:58:04,761 - music_tracker - INFO - Song collection completed successfully
2025-08-22 14:58:02,696 - music_tracker - INFO - SpotiSpy song collection starting...
2025-08-22 14:58:02,697 - music_tracker - INFO - Starting song collection (last 1 hours)
2025-08-22 14:58:02,698 - music_tracker - INFO - Fetching recent tracks from Spotify...
2025-08-22 14:58:03,237 - music_tracker - INFO - Fetched 20 songs from Spotify
2025-08-22 14:58:03,240 - music_tracker - INFO - Found 20 songs from Spotify API
2025-08-22 14:58:03,241 - music_tracker - INFO - Checking for duplicates in database...
2025-08-22 14:58:04,622 - music_tracker - INFO - Found 20 new songs out of 20 total
2025-08-22 14:58:04,624 - music_tracker - INFO - Found 20 new songs to save
2025-08-22 14:58:04,625 - music_tracker - INFO - Saving songs to database...
2025-08-22 14:58:05,085 - music_tracker - INFO - Successfully saved 20 songs to database
2025-08-22 14:58:05,087 - music_tracker - INFO - Successfully saved 20 songs to database
2025-08-22 14:58:05,088 - music_tracker - INFO - Song collection completed successfully
2025-08-22 15:58:03,073 - music_tracker - INFO - SpotiSpy song collection starting...
2025-08-22 15:58:03,074 - music_tracker - INFO - Starting song collection (last 1 hours)
2025-08-22 15:58:03,075 - music_tracker - INFO - Fetching recent tracks from Spotify...
2025-08-22 15:58:03,532 - music_tracker - INFO - Fetched 21 songs from Spotify
2025-08-22 15:58:03,535 - music_tracker - INFO - Found 21 songs from Spotify API
2025-08-22 15:58:03,536 - music_tracker - INFO - Checking for duplicates in database...
2025-08-22 15:58:04,781 - music_tracker - INFO - Found 21 new songs out of 21 total
2025-08-22 15:58:04,783 - music_tracker - INFO - Found 21 new songs to save
2025-08-22 15:58:04,784 - music_tracker - INFO - Saving songs to database...
2025-08-22 15:58:05,268 - music_tracker - INFO - Successfully saved 21 songs to database
2025-08-22 15:58:05,270 - music_tracker - INFO - Successfully saved 21 songs to database
2025-08-22 15:58:05,270 - music_tracker - INFO - Song collection completed successfully
2025-08-22 16:58:03,195 - music_tracker - INFO - SpotiSpy song collection starting...
2025-08-22 16:58:03,195 - music_tracker - INFO - Starting song collection (last 1 hours)
2025-08-22 16:58:03,196 - music_tracker - INFO - Fetching recent tracks from Spotify...
2025-08-22 16:58:03,637 - music_tracker - INFO - Fetched 10 songs from Spotify
2025-08-22 16:58:03,640 - music_tracker - INFO - Found 10 songs from Spotify API
2025-08-22 16:58:03,641 - music_tracker - INFO - Checking for duplicates in database...
2025-08-22 16:58:04,726 - music_tracker - INFO - Found 10 new songs out of 10 total
2025-08-22 16:58:04,728 - music_tracker - INFO - Found 10 new songs to save
2025-08-22 16:58:04,729 - music_tracker - INFO - Saving songs to database...
2025-08-22 16:58:05,142 - music_tracker - INFO - Successfully saved 10 songs to database
2025-08-22 16:58:05,144 - music_tracker - INFO - Successfully saved 10 songs to database
2025-08-22 16:58:05,144 - music_tracker - INFO - Song collection completed successfully
2025-08-22 17:58:03,026 - music_tracker - INFO - SpotiSpy song collection starting...
2025-08-22 17:58:03,027 - music_tracker - INFO - Starting song collection (last 1 hours)
2025-08-22 17:58:03,028 - music_tracker - INFO - Fetching recent tracks from Spotify...
2025-08-22 17:58:03,513 - music_tracker - INFO - Fetched 15 songs from Spotify
2025-08-22 17:58:03,516 - music_tracker - INFO - Found 15 songs from Spotify API
2025-08-22 17:58:03,516 - music_tracker - INFO - Checking for duplicates in database...
2025-08-22 17:58:04,938 - music_tracker - INFO - Found 15 new songs out of 15 total
2025-08-22 17:58:04,940 - music_tracker - INFO - Found 15 new songs to save
2025-08-22 17:58:04,941 - music_tracker - INFO - Saving songs to database...
2025-08-22 17:58:05,395 - music_tracker - INFO - Successfully saved 15 songs to database
2025-08-22 17:58:05,397 - music_tracker - INFO - Successfully saved 15 songs to database
2025-08-22 17:58:05,398 - music_tracker - INFO - Song collection completed successfully
2025-08-22 18:58:03,300 - music_tracker - INFO - SpotiSpy song collection starting...
2025-08-22 18:58:03,300 - music_tracker - INFO - Starting song collection (last 1 hours)
2025-08-22 18:58:03,301 - music_tracker - INFO - Fetching recent tracks from Spotify...
2025-08-22 18:58:03,718 - music_tracker - INFO - Fetched 6 songs from Spotify
2025-08-22 18:58:03,720 - music_tracker - INFO - Found 6 songs from Spotify API
2025-08-22 18:58:03,721 - music_tracker - INFO - Checking for duplicates in database...
2025-08-22 18:58:04,438 - music_tracker - INFO - Found 6 new songs out of 6 total
2025-08-22 18:58:04,440 - music_tracker - INFO - Found 6 new songs to save
2025-08-22 18:58:04,441 - music_tracker - INFO - Saving songs to database...
2025-08-22 18:58:04,708 - music_tracker - INFO - Successfully saved 6 songs to database
2025-08-22 18:58:04,710 - music_tracker - INFO - Successfully saved 6 songs to database
2025-08-22 18:58:04,711 - music_tracker - INFO - Song collection completed successfully
2025-08-22 19:58:02,628 - music_tracker - INFO - SpotiSpy song collection starting...
2025-08-22 19:58:02,628 - music_tracker - INFO - Starting song collection (last 1 hours)
2025-08-22 19:58:02,629 - music_tracker - INFO - Fetching recent tracks from Spotify...
2025-08-22 19:58:02,980 - music_tracker - INFO - No recent songs found from Spotify
2025-08-22 19:58:02,983 - music_tracker - INFO - No new songs found from Spotify API
2025-08-22 19:58:02,983 - music_tracker - INFO - Song collection completed successfully
2025-08-22 20:58:02,884 - music_tracker - INFO - SpotiSpy song collection starting...
2025-08-22 20:58:02,885 - music_tracker - INFO - Starting song collection (last 1 hours)
2025-08-22 20:58:02,885 - music_tracker - INFO - Fetching recent tracks from Spotify...
2025-08-22 20:58:03,280 - music_tracker - INFO - No recent songs found from Spotify
2025-08-22 20:58:03,282 - music_tracker - INFO - No new songs found from Spotify API
2025-08-22 20:58:03,283 - music_tracker - INFO - Song collection completed successfully
2025-08-22 21:58:03,193 - music_tracker - INFO - SpotiSpy song collection starting...
2025-08-22 21:58:03,193 - music_tracker - INFO - Starting song collection (last 1 hours)
2025-08-22 21:58:03,194 - music_tracker - INFO - Fetching recent tracks from Spotify...
2025-08-22 21:58:03,557 - music_tracker - INFO - No recent songs found from Spotify
2025-08-22 21:58:03,560 - music_tracker - INFO - No new songs found from Spotify API
2025-08-22 21:58:03,560 - music_tracker - INFO - Song collection completed successfully
2025-08-22 22:58:03,452 - music_tracker - INFO - SpotiSpy song collection starting...
2025-08-22 22:58:03,452 - music_tracker - INFO - Starting song collection (last 1 hours)
2025-08-22 22:58:03,453 - music_tracker - INFO - Fetching recent tracks from Spotify...
2025-08-22 22:58:03,815 - music_tracker - INFO - No recent songs found from Spotify
2025-08-22 22:58:03,817 - music_tracker - INFO - No new songs found from Spotify API
2025-08-22 22:58:03,817 - music_tracker - INFO - Song collection completed successfully
2025-08-22 23:58:02,704 - music_tracker - INFO - SpotiSpy song collection starting...
2025-08-22 23:58:02,705 - music_tracker - INFO - Starting song collection (last 1 hours)
2025-08-22 23:58:02,706 - music_tracker - INFO - Fetching recent tracks from Spotify...
2025-08-22 23:58:03,082 - music_tracker - INFO - No recent songs found from Spotify
2025-08-22 23:58:03,084 - music_tracker - INFO - No new songs found from Spotify API
2025-08-22 23:58:03,085 - music_tracker - INFO - Song collection completed successfully
