2025-06-26 00:58:06,906 - music_tracker - INFO - Zero songs listened to
2025-06-26 00:58:06,907 - music_tracker - INFO - No songs uploaded.
2025-06-26 01:58:06,610 - music_tracker - INFO - Zero songs listened to
2025-06-26 01:58:06,611 - music_tracker - INFO - No songs uploaded.
2025-06-26 02:58:07,337 - music_tracker - INFO - Zero songs listened to
2025-06-26 02:58:07,337 - music_tracker - INFO - No songs uploaded.
2025-06-26 03:58:07,065 - music_tracker - INFO - Zero songs listened to
2025-06-26 03:58:07,066 - music_tracker - INFO - No songs uploaded.
2025-06-26 04:58:06,761 - music_tracker - INFO - Zero songs listened to
2025-06-26 04:58:06,761 - music_tracker - INFO - No songs uploaded.
2025-06-26 05:58:06,433 - music_tracker - INFO - Zero songs listened to
2025-06-26 05:58:06,434 - music_tracker - INFO - No songs uploaded.
2025-06-26 06:58:09,137 - music_tracker - INFO - Zero songs listened to
2025-06-26 06:58:09,138 - music_tracker - INFO - No songs uploaded.
2025-06-26 07:58:06,875 - music_tracker - INFO - Zero songs listened to
2025-06-26 07:58:06,875 - music_tracker - INFO - No songs uploaded.
2025-06-26 08:58:06,594 - music_tracker - INFO - Zero songs listened to
2025-06-26 08:58:06,595 - music_tracker - INFO - No songs uploaded.
2025-06-26 09:00:12,148 - music_tracker - INFO - Starting music tracker analysis
2025-06-26 09:00:12,149 - music_tracker - INFO - Fetching data
2025-06-26 09:00:17,921 - music_tracker - INFO - Fetched 117 recent songs
2025-06-26 09:00:17,929 - music_tracker - INFO - Running top listens analysis
2025-06-26 09:00:17,929 - music_tracker - INFO - Calculating top songs listens
2025-06-26 09:00:17,930 - music_tracker - INFO - Sending message with top 3 songs
2025-06-26 09:00:18,882 - music_tracker - INFO - Message successfully sent!
2025-06-26 09:00:18,883 - music_tracker - INFO - Calculating top albums listens
2025-06-26 09:00:18,883 - music_tracker - INFO - Sending message with top 3 albums
2025-06-26 09:00:19,622 - music_tracker - INFO - Message successfully sent!
2025-06-26 09:00:19,622 - music_tracker - INFO - Calculating top artists listens
2025-06-26 09:00:19,623 - music_tracker - INFO - Sending message with top 3 artists
2025-06-26 09:00:20,375 - music_tracker - INFO - Message successfully sent!
2025-06-26 09:00:20,375 - music_tracker - INFO - Running popularity and listening hours analysis
2025-06-26 09:00:20,376 - music_tracker - INFO - Finding most popular track
2025-06-26 09:00:20,376 - music_tracker - INFO - Most popular song found: NUEVAYoL with score 93
2025-06-26 09:00:21,097 - music_tracker - INFO - Message successfully sent!
2025-06-26 09:00:21,097 - music_tracker - INFO - Calculating most listened hour
2025-06-26 09:00:21,098 - music_tracker - INFO - Most listened hour: 00:00 with 53:59
2025-06-26 09:00:21,797 - music_tracker - INFO - Message successfully sent!
2025-06-26 09:00:21,798 - music_tracker - INFO - Analysis completed successfully

2025-06-26 09:58:10,341 - music_tracker - INFO - Uploading 15 songs
2025-06-26 10:58:11,571 - music_tracker - INFO - Uploading 19 songs
2025-06-26 11:58:10,866 - music_tracker - INFO - Uploading 14 songs
2025-06-26 12:58:11,192 - music_tracker - INFO -   Supabase error: Status 400, {"code":"22007","details":null,"hint":null,"message":"invalid input syntax for type date: \"2005\""}
2025-06-26 12:58:11,193 - music_tracker - INFO - No songs uploaded.
2025-06-26 13:58:11,118 - music_tracker - INFO -   Supabase error: Status 400, {"code":"22007","details":null,"hint":null,"message":"invalid input syntax for type date: \"2005\""}
2025-06-26 13:58:11,120 - music_tracker - INFO - No songs uploaded.
2025-06-26 14:58:10,512 - music_tracker - INFO -   Supabase error: Status 400, {"code":"22007","details":null,"hint":null,"message":"invalid input syntax for type date: \"2001\""}
2025-06-26 14:58:10,514 - music_tracker - INFO - No songs uploaded.
2025-06-26 15:58:11,295 - music_tracker - INFO -   Supabase error: Status 400, {"code":"22007","details":null,"hint":null,"message":"invalid input syntax for type date: \"1978\""}
2025-06-26 15:58:11,297 - music_tracker - INFO - No songs uploaded.
2025-06-26 16:58:11,050 - music_tracker - INFO - Uploading 15 songs
2025-06-26 17:58:09,413 - music_tracker - INFO - Uploading 10 songs
2025-06-26 18:58:09,811 - music_tracker - INFO - Uploading 10 songs
2025-06-26 19:58:16,821 - music_tracker - INFO - Uploading 18 songs
2025-06-26 20:58:07,926 - music_tracker - INFO - Uploading 4 songs
2025-06-26 21:58:06,707 - music_tracker - INFO - Zero songs listened to
2025-06-26 21:58:06,707 - music_tracker - INFO - No songs uploaded.
2025-06-26 22:58:07,502 - music_tracker - INFO - Zero songs listened to
2025-06-26 22:58:07,504 - music_tracker - INFO - No songs uploaded.
2025-06-26 23:58:07,260 - music_tracker - INFO - Zero songs listened to
2025-06-26 23:58:07,260 - music_tracker - INFO - No songs uploaded.
