2025-06-12 00:58:06,628 - music_tracker - INFO - Zero songs listened to
2025-06-12 00:58:06,629 - music_tracker - INFO - No songs uploaded.
2025-06-12 01:58:07,367 - music_tracker - INFO - Zero songs listened to
2025-06-12 01:58:07,367 - music_tracker - INFO - No songs uploaded.
2025-06-12 02:58:07,120 - music_tracker - INFO - Zero songs listened to
2025-06-12 02:58:07,121 - music_tracker - INFO - No songs uploaded.
2025-06-12 03:58:06,842 - music_tracker - INFO - Zero songs listened to
2025-06-12 03:58:06,843 - music_tracker - INFO - No songs uploaded.
2025-06-12 04:58:08,455 - music_tracker - INFO - Zero songs listened to
2025-06-12 04:58:08,455 - music_tracker - INFO - No songs uploaded.
2025-06-12 05:58:07,172 - music_tracker - INFO - Zero songs listened to
2025-06-12 05:58:07,173 - music_tracker - INFO - No songs uploaded.
2025-06-12 06:58:06,988 - music_tracker - INFO - Zero songs listened to
2025-06-12 06:58:06,989 - music_tracker - INFO - No songs uploaded.
2025-06-12 07:58:06,697 - music_tracker - INFO - Zero songs listened to
2025-06-12 07:58:06,697 - music_tracker - INFO - No songs uploaded.
2025-06-12 08:58:07,435 - music_tracker - INFO - Zero songs listened to
2025-06-12 08:58:07,436 - music_tracker - INFO - No songs uploaded.
2025-06-12 09:00:11,838 - music_tracker - INFO - Starting music tracker analysis
2025-06-12 09:00:11,839 - music_tracker - INFO - Fetching data
2025-06-12 09:00:12,554 - music_tracker - INFO - Fetched 148 recent songs
2025-06-12 09:00:12,564 - music_tracker - INFO - Running top listens analysis
2025-06-12 09:00:12,565 - music_tracker - INFO - Calculating top songs listens
2025-06-12 09:00:12,566 - music_tracker - INFO - Sending message with top 3 songs
2025-06-12 09:00:13,298 - music_tracker - INFO - Message successfully sent!
2025-06-12 09:00:13,299 - music_tracker - INFO - Calculating top albums listens
2025-06-12 09:00:13,299 - music_tracker - INFO - Sending message with top 3 albums
2025-06-12 09:00:14,167 - music_tracker - INFO - Message successfully sent!
2025-06-12 09:00:14,167 - music_tracker - INFO - Calculating top artists listens
2025-06-12 09:00:14,168 - music_tracker - INFO - Sending message with top 3 artists
2025-06-12 09:00:14,850 - music_tracker - INFO - Message successfully sent!
2025-06-12 09:00:14,851 - music_tracker - INFO - Running popularity and listening hours analysis
2025-06-12 09:00:14,851 - music_tracker - INFO - Finding most popular track
2025-06-12 09:00:14,852 - music_tracker - INFO - Most popular song found: 432 Hz Miracle Sleep Tone with score 73
2025-06-12 09:00:15,468 - music_tracker - INFO - Message successfully sent!
2025-06-12 09:00:15,469 - music_tracker - INFO - Calculating most listened hour
2025-06-12 09:00:15,469 - music_tracker - INFO - Most listened hour: 09:00 with 56:52
2025-06-12 09:00:16,068 - music_tracker - INFO - Message successfully sent!
2025-06-12 09:00:16,069 - music_tracker - INFO - Analysis completed successfully

2025-06-12 09:58:06,759 - music_tracker - INFO - Zero songs listened to
2025-06-12 09:58:06,759 - music_tracker - INFO - No songs uploaded.
2025-06-12 10:58:08,312 - music_tracker - INFO - Uploading 6 songs
2025-06-12 11:58:10,584 - music_tracker - INFO - Uploading 14 songs
2025-06-12 12:58:07,358 - music_tracker - INFO - Zero songs listened to
2025-06-12 12:58:07,358 - music_tracker - INFO - No songs uploaded.
2025-06-12 15:58:07,159 - music_tracker - INFO - Zero songs listened to
2025-06-12 15:58:07,159 - music_tracker - INFO - No songs uploaded.
2025-06-12 16:58:09,426 - music_tracker - INFO - Uploading 9 songs
2025-06-12 17:58:11,628 - music_tracker - INFO - Uploading 18 songs
2025-06-12 18:58:08,034 - music_tracker - INFO - Uploading 1 song
2025-06-12 19:58:06,780 - music_tracker - INFO - Zero songs listened to
2025-06-12 19:58:06,781 - music_tracker - INFO - No songs uploaded.
2025-06-12 20:58:06,514 - music_tracker - INFO - Zero songs listened to
2025-06-12 20:58:06,514 - music_tracker - INFO - No songs uploaded.
2025-06-12 21:58:07,213 - music_tracker - INFO - Zero songs listened to
2025-06-12 21:58:07,214 - music_tracker - INFO - No songs uploaded.
2025-06-12 22:58:09,064 - music_tracker - INFO - Uploading 5 songs
2025-06-12 23:58:06,796 - music_tracker - INFO - Zero songs listened to
2025-06-12 23:58:06,797 - music_tracker - INFO - No songs uploaded.
