2025-07-29 00:58:07,116 - music_tracker - INFO - Zero songs listened to
2025-07-29 00:58:07,117 - music_tracker - INFO - No songs uploaded.
2025-07-29 01:58:06,897 - music_tracker - INFO - Zero songs listened to
2025-07-29 01:58:06,898 - music_tracker - INFO - No songs uploaded.
2025-07-29 02:58:06,580 - music_tracker - INFO - Zero songs listened to
2025-07-29 02:58:06,580 - music_tracker - INFO - No songs uploaded.
2025-07-29 03:58:07,385 - music_tracker - INFO - Zero songs listened to
2025-07-29 03:58:07,386 - music_tracker - INFO - No songs uploaded.
2025-07-29 04:58:07,135 - music_tracker - INFO - Zero songs listened to
2025-07-29 04:58:07,136 - music_tracker - INFO - No songs uploaded.
2025-07-29 05:58:06,840 - music_tracker - INFO - Zero songs listened to
2025-07-29 05:58:06,841 - music_tracker - INFO - No songs uploaded.
2025-07-29 06:58:06,608 - music_tracker - INFO - Zero songs listened to
2025-07-29 06:58:06,608 - music_tracker - INFO - No songs uploaded.
2025-07-29 07:58:07,349 - music_tracker - INFO - Zero songs listened to
2025-07-29 07:58:07,350 - music_tracker - INFO - No songs uploaded.
2025-07-29 08:58:08,000 - music_tracker - INFO -   Supabase error: Status 400, {"code":"22007","details":null,"hint":null,"message":"invalid input syntax for type date: \"1977\""}
2025-07-29 08:58:08,002 - music_tracker - INFO - No songs uploaded.
2025-07-29 09:00:11,444 - music_tracker - INFO - Starting music tracker analysis
2025-07-29 09:00:11,445 - music_tracker - INFO - Fetching data
2025-07-29 09:00:11,810 - music_tracker - INFO - Fetched 27 recent songs
2025-07-29 09:00:11,812 - music_tracker - INFO - Running top listens analysis
2025-07-29 09:00:11,812 - music_tracker - INFO - Calculating top songs listens
2025-07-29 09:00:11,813 - music_tracker - INFO - Top listens: No multiples of songs listened to yesterday!
2025-07-29 09:00:11,813 - music_tracker - INFO - Calculating top albums listens
2025-07-29 09:00:11,814 - music_tracker - INFO - Sending message with top 1 albums
2025-07-29 09:00:12,563 - music_tracker - INFO - Message successfully sent!
2025-07-29 09:00:12,563 - music_tracker - INFO - Calculating top artists listens
2025-07-29 09:00:12,564 - music_tracker - INFO - Sending message with top 3 artists
2025-07-29 09:00:13,265 - music_tracker - INFO - Message successfully sent!
2025-07-29 09:00:13,266 - music_tracker - INFO - Running popularity and listening hours analysis
2025-07-29 09:00:13,266 - music_tracker - INFO - Finding most popular track
2025-07-29 09:00:13,266 - music_tracker - INFO - Most popular song found: BIRDS OF A FEATHER with score 98
2025-07-29 09:00:14,087 - music_tracker - INFO - Message successfully sent!
2025-07-29 09:00:14,088 - music_tracker - INFO - Calculating most listened hour
2025-07-29 09:00:14,088 - music_tracker - INFO - Most listened hour: 17:00 with 27:05
2025-07-29 09:00:14,794 - music_tracker - INFO - Message successfully sent!
2025-07-29 09:00:14,794 - music_tracker - INFO - Calculating duration listened today
2025-07-29 09:00:15,418 - music_tracker - INFO - Message successfully sent!
2025-07-29 09:00:15,419 - music_tracker - INFO - Analysis completed successfully

2025-07-29 09:58:07,131 - music_tracker - INFO - Zero songs listened to
2025-07-29 09:58:07,131 - music_tracker - INFO - No songs uploaded.
2025-07-29 10:58:08,763 - music_tracker - INFO - Uploading 6 songs
2025-07-29 11:58:06,486 - music_tracker - INFO - Zero songs listened to
2025-07-29 11:58:06,486 - music_tracker - INFO - No songs uploaded.
2025-07-29 12:58:07,248 - music_tracker - INFO - Zero songs listened to
2025-07-29 12:58:07,249 - music_tracker - INFO - No songs uploaded.
2025-07-29 13:58:07,007 - music_tracker - INFO - Zero songs listened to
2025-07-29 13:58:07,007 - music_tracker - INFO - No songs uploaded.
2025-07-29 14:58:08,859 - music_tracker - INFO -   Supabase error: Status 400, {"code":"22007","details":null,"hint":null,"message":"invalid input syntax for type date: \"2001\""}
2025-07-29 14:58:08,861 - music_tracker - INFO - No songs uploaded.
2025-07-29 15:58:06,621 - music_tracker - INFO - Zero songs listened to
2025-07-29 15:58:06,622 - music_tracker - INFO - No songs uploaded.
2025-07-29 16:58:10,114 - music_tracker - INFO - Uploading 9 songs
2025-07-29 17:58:10,856 - music_tracker - INFO - Uploading 15 songs
2025-07-29 18:58:09,516 - music_tracker - INFO - Uploading 10 songs
2025-07-29 19:58:07,283 - music_tracker - INFO - Zero songs listened to
2025-07-29 19:58:07,283 - music_tracker - INFO - No songs uploaded.
2025-07-29 20:58:07,025 - music_tracker - INFO - Zero songs listened to
2025-07-29 20:58:07,026 - music_tracker - INFO - No songs uploaded.
2025-07-29 21:58:06,729 - music_tracker - INFO - Zero songs listened to
2025-07-29 21:58:06,730 - music_tracker - INFO - No songs uploaded.
2025-07-29 22:58:09,546 - music_tracker - INFO - Uploading 4 songs
2025-07-29 23:58:07,319 - music_tracker - INFO - Zero songs listened to
2025-07-29 23:58:07,319 - music_tracker - INFO - No songs uploaded.
