2025-11-09 00:58:02,694 - music_tracker - INFO - SpotiSpy song collection starting...
2025-11-09 00:58:02,695 - music_tracker - INFO - Starting song collection (last 1 hours)
2025-11-09 00:58:02,696 - music_tracker - INFO - Fetching recent tracks from Spotify...
2025-11-09 00:58:03,046 - music_tracker - INFO - No recent songs found from Spotify
2025-11-09 00:58:03,048 - music_tracker - INFO - No new songs found from Spotify API
2025-11-09 00:58:03,049 - music_tracker - INFO - Song collection completed successfully
2025-11-09 01:58:03,151 - music_tracker - INFO - SpotiSpy song collection starting...
2025-11-09 01:58:03,151 - music_tracker - INFO - Starting song collection (last 1 hours)
2025-11-09 01:58:03,152 - music_tracker - INFO - Fetching recent tracks from Spotify...
2025-11-09 01:58:03,523 - music_tracker - INFO - No recent songs found from Spotify
2025-11-09 01:58:03,525 - music_tracker - INFO - No new songs found from Spotify API
2025-11-09 01:58:03,526 - music_tracker - INFO - Song collection completed successfully
2025-11-09 02:58:03,607 - music_tracker - INFO - SpotiSpy song collection starting...
2025-11-09 02:58:03,608 - music_tracker - INFO - Starting song collection (last 1 hours)
2025-11-09 02:58:03,609 - music_tracker - INFO - Fetching recent tracks from Spotify...
2025-11-09 02:58:03,976 - music_tracker - INFO - No recent songs found from Spotify
2025-11-09 02:58:03,978 - music_tracker - INFO - No new songs found from Spotify API
2025-11-09 02:58:03,979 - music_tracker - INFO - Song collection completed successfully
2025-11-09 03:58:03,264 - music_tracker - INFO - SpotiSpy song collection starting...
2025-11-09 03:58:03,265 - music_tracker - INFO - Starting song collection (last 1 hours)
2025-11-09 03:58:03,266 - music_tracker - INFO - Fetching recent tracks from Spotify...
2025-11-09 03:58:03,629 - music_tracker - INFO - No recent songs found from Spotify
2025-11-09 03:58:03,631 - music_tracker - INFO - No new songs found from Spotify API
2025-11-09 03:58:03,632 - music_tracker - INFO - Song collection completed successfully
2025-11-09 04:58:03,528 - music_tracker - INFO - SpotiSpy song collection starting...
2025-11-09 04:58:03,529 - music_tracker - INFO - Starting song collection (last 1 hours)
2025-11-09 04:58:03,530 - music_tracker - INFO - Fetching recent tracks from Spotify...
2025-11-09 04:58:03,944 - music_tracker - INFO - No recent songs found from Spotify
2025-11-09 04:58:03,946 - music_tracker - INFO - No new songs found from Spotify API
2025-11-09 04:58:03,947 - music_tracker - INFO - Song collection completed successfully
2025-11-09 05:58:02,842 - music_tracker - INFO - SpotiSpy song collection starting...
2025-11-09 05:58:02,843 - music_tracker - INFO - Starting song collection (last 1 hours)
2025-11-09 05:58:02,843 - music_tracker - INFO - Fetching recent tracks from Spotify...
2025-11-09 05:58:03,191 - music_tracker - INFO - No recent songs found from Spotify
2025-11-09 05:58:03,193 - music_tracker - INFO - No new songs found from Spotify API
2025-11-09 05:58:03,194 - music_tracker - INFO - Song collection completed successfully
2025-11-09 06:58:03,194 - music_tracker - INFO - SpotiSpy song collection starting...
2025-11-09 06:58:03,195 - music_tracker - INFO - Starting song collection (last 1 hours)
2025-11-09 06:58:03,196 - music_tracker - INFO - Fetching recent tracks from Spotify...
2025-11-09 06:58:03,567 - music_tracker - INFO - No recent songs found from Spotify
2025-11-09 06:58:03,569 - music_tracker - INFO - No new songs found from Spotify API
2025-11-09 06:58:03,569 - music_tracker - INFO - Song collection completed successfully
2025-11-09 07:58:03,509 - music_tracker - INFO - SpotiSpy song collection starting...
2025-11-09 07:58:03,509 - music_tracker - INFO - Starting song collection (last 1 hours)
2025-11-09 07:58:03,510 - music_tracker - INFO - Fetching recent tracks from Spotify...
2025-11-09 07:58:03,882 - music_tracker - INFO - No recent songs found from Spotify
2025-11-09 07:58:03,884 - music_tracker - INFO - No new songs found from Spotify API
2025-11-09 07:58:03,885 - music_tracker - INFO - Song collection completed successfully
2025-11-09 08:58:03,959 - music_tracker - INFO - SpotiSpy song collection starting...
2025-11-09 08:58:03,960 - music_tracker - INFO - Starting song collection (last 1 hours)
2025-11-09 08:58:03,961 - music_tracker - INFO - Fetching recent tracks from Spotify...
2025-11-09 08:58:04,321 - music_tracker - INFO - No recent songs found from Spotify
2025-11-09 08:58:04,323 - music_tracker - INFO - No new songs found from Spotify API
2025-11-09 08:58:04,324 - music_tracker - INFO - Song collection completed successfully
2025-11-09 09:00:15,083 - music_tracker - INFO - SpotiSpy starting...
2025-11-09 09:00:15,084 - music_tracker - INFO - Starting daily SpotiSpy analysis
2025-11-09 09:00:15,084 - music_tracker - INFO - Fetching yesterday's listening data...
2025-11-09 09:00:15,938 - music_tracker - INFO - Fetched 73 songs from database
2025-11-09 09:00:15,940 - music_tracker - INFO - Found 73 songs to analyze
2025-11-09 09:00:15,941 - music_tracker - INFO - Running analysis...
2025-11-09 09:00:15,951 - music_tracker - INFO - Sending daily summary to Slack...
2025-11-09 09:00:33,214 - music_tracker - INFO - Message sent successfully to Slack
2025-11-09 09:00:33,215 - music_tracker - INFO - Daily analysis completed successfully!
2025-11-09 09:00:33,215 - music_tracker - INFO - Running weekly summary...
2025-11-09 09:00:33,216 - music_tracker - INFO - Generating weekly summary...
2025-11-09 09:00:33,219 - music_tracker - INFO - Starting comprehensive weekly analysis
2025-11-09 09:00:33,511 - music_tracker - INFO - Fetched 17 songs for date 2025-11-09
2025-11-09 09:00:33,513 - music_tracker - INFO - Date 2025-11-09: 17 songs
2025-11-09 09:00:33,791 - music_tracker - INFO - Fetched 73 songs for date 2025-11-08
2025-11-09 09:00:33,793 - music_tracker - INFO - Date 2025-11-08: 73 songs
2025-11-09 09:00:34,122 - music_tracker - INFO - Fetched 89 songs for date 2025-11-07
2025-11-09 09:00:34,124 - music_tracker - INFO - Date 2025-11-07: 89 songs
2025-11-09 09:00:34,353 - music_tracker - INFO - Fetched 115 songs for date 2025-11-06
2025-11-09 09:00:34,355 - music_tracker - INFO - Date 2025-11-06: 115 songs
2025-11-09 09:00:34,586 - music_tracker - INFO - Fetched 106 songs for date 2025-11-05
2025-11-09 09:00:34,588 - music_tracker - INFO - Date 2025-11-05: 106 songs
2025-11-09 09:00:34,851 - music_tracker - INFO - Fetched 73 songs for date 2025-11-04
2025-11-09 09:00:34,852 - music_tracker - INFO - Date 2025-11-04: 73 songs
2025-11-09 09:00:35,069 - music_tracker - INFO - Fetched 105 songs for date 2025-11-03
2025-11-09 09:00:35,072 - music_tracker - INFO - Date 2025-11-03: 105 songs
2025-11-09 09:00:35,825 - music_tracker - INFO - Message sent successfully to Slack
2025-11-09 09:00:35,827 - music_tracker - INFO - SpotiSpy completed successfully
2025-11-09 09:58:02,694 - music_tracker - INFO - SpotiSpy song collection starting...
2025-11-09 09:58:02,695 - music_tracker - INFO - Starting song collection (last 1 hours)
2025-11-09 09:58:02,695 - music_tracker - INFO - Fetching recent tracks from Spotify...
2025-11-09 09:58:03,064 - music_tracker - INFO - No recent songs found from Spotify
2025-11-09 09:58:03,066 - music_tracker - INFO - No new songs found from Spotify API
2025-11-09 09:58:03,066 - music_tracker - INFO - Song collection completed successfully
2025-11-09 10:58:02,961 - music_tracker - INFO - SpotiSpy song collection starting...
2025-11-09 10:58:02,962 - music_tracker - INFO - Starting song collection (last 1 hours)
2025-11-09 10:58:02,962 - music_tracker - INFO - Fetching recent tracks from Spotify...
2025-11-09 10:58:03,401 - music_tracker - INFO - Fetched 5 songs from Spotify
2025-11-09 10:58:03,403 - music_tracker - INFO - Found 5 songs from Spotify API
2025-11-09 10:58:03,404 - music_tracker - INFO - Checking for duplicates in database...
2025-11-09 10:58:04,881 - music_tracker - INFO - Found 5 new songs out of 5 total
2025-11-09 10:58:04,883 - music_tracker - INFO - Found 5 new songs to save
2025-11-09 10:58:04,884 - music_tracker - INFO - Saving songs to database...
2025-11-09 10:58:05,233 - music_tracker - INFO - Successfully saved 5 songs to database
2025-11-09 10:58:05,235 - music_tracker - INFO - Successfully saved 5 songs to database
2025-11-09 10:58:05,236 - music_tracker - INFO - Song collection completed successfully
2025-11-09 11:58:03,194 - music_tracker - INFO - SpotiSpy song collection starting...
2025-11-09 11:58:03,194 - music_tracker - INFO - Starting song collection (last 1 hours)
2025-11-09 11:58:03,195 - music_tracker - INFO - Fetching recent tracks from Spotify...
2025-11-09 11:58:03,567 - music_tracker - INFO - No recent songs found from Spotify
2025-11-09 11:58:03,569 - music_tracker - INFO - No new songs found from Spotify API
2025-11-09 11:58:03,569 - music_tracker - INFO - Song collection completed successfully
2025-11-09 12:58:03,500 - music_tracker - INFO - SpotiSpy song collection starting...
2025-11-09 12:58:03,501 - music_tracker - INFO - Starting song collection (last 1 hours)
2025-11-09 12:58:03,501 - music_tracker - INFO - Fetching recent tracks from Spotify...
2025-11-09 12:58:03,867 - music_tracker - INFO - No recent songs found from Spotify
2025-11-09 12:58:03,869 - music_tracker - INFO - No new songs found from Spotify API
2025-11-09 12:58:03,869 - music_tracker - INFO - Song collection completed successfully
2025-11-09 13:58:02,783 - music_tracker - INFO - SpotiSpy song collection starting...
2025-11-09 13:58:02,783 - music_tracker - INFO - Starting song collection (last 1 hours)
2025-11-09 13:58:02,784 - music_tracker - INFO - Fetching recent tracks from Spotify...
2025-11-09 13:58:03,153 - music_tracker - INFO - No recent songs found from Spotify
2025-11-09 13:58:03,155 - music_tracker - INFO - No new songs found from Spotify API
2025-11-09 13:58:03,155 - music_tracker - INFO - Song collection completed successfully
2025-11-09 14:58:03,052 - music_tracker - INFO - SpotiSpy song collection starting...
2025-11-09 14:58:03,053 - music_tracker - INFO - Starting song collection (last 1 hours)
2025-11-09 14:58:03,053 - music_tracker - INFO - Fetching recent tracks from Spotify...
2025-11-09 14:58:03,456 - music_tracker - INFO - No recent songs found from Spotify
2025-11-09 14:58:03,458 - music_tracker - INFO - No new songs found from Spotify API
2025-11-09 14:58:03,459 - music_tracker - INFO - Song collection completed successfully
2025-11-09 15:58:03,372 - music_tracker - INFO - SpotiSpy song collection starting...
2025-11-09 15:58:03,372 - music_tracker - INFO - Starting song collection (last 1 hours)
2025-11-09 15:58:03,373 - music_tracker - INFO - Fetching recent tracks from Spotify...
2025-11-09 15:58:03,771 - music_tracker - INFO - No recent songs found from Spotify
2025-11-09 15:58:03,773 - music_tracker - INFO - No new songs found from Spotify API
2025-11-09 15:58:03,774 - music_tracker - INFO - Song collection completed successfully
2025-11-09 16:58:02,678 - music_tracker - INFO - SpotiSpy song collection starting...
2025-11-09 16:58:02,678 - music_tracker - INFO - Starting song collection (last 1 hours)
2025-11-09 16:58:02,679 - music_tracker - INFO - Fetching recent tracks from Spotify...
2025-11-09 16:58:03,047 - music_tracker - INFO - No recent songs found from Spotify
2025-11-09 16:58:03,049 - music_tracker - INFO - No new songs found from Spotify API
2025-11-09 16:58:03,049 - music_tracker - INFO - Song collection completed successfully
2025-11-09 17:58:02,951 - music_tracker - INFO - SpotiSpy song collection starting...
2025-11-09 17:58:02,952 - music_tracker - INFO - Starting song collection (last 1 hours)
2025-11-09 17:58:02,953 - music_tracker - INFO - Fetching recent tracks from Spotify...
2025-11-09 17:58:03,335 - music_tracker - INFO - No recent songs found from Spotify
2025-11-09 17:58:03,337 - music_tracker - INFO - No new songs found from Spotify API
2025-11-09 17:58:03,338 - music_tracker - INFO - Song collection completed successfully
2025-11-09 18:58:03,234 - music_tracker - INFO - SpotiSpy song collection starting...
2025-11-09 18:58:03,234 - music_tracker - INFO - Starting song collection (last 1 hours)
2025-11-09 18:58:03,235 - music_tracker - INFO - Fetching recent tracks from Spotify...
2025-11-09 18:58:03,633 - music_tracker - INFO - No recent songs found from Spotify
2025-11-09 18:58:03,635 - music_tracker - INFO - No new songs found from Spotify API
2025-11-09 18:58:03,636 - music_tracker - INFO - Song collection completed successfully
2025-11-09 19:58:03,534 - music_tracker - INFO - SpotiSpy song collection starting...
2025-11-09 19:58:03,534 - music_tracker - INFO - Starting song collection (last 1 hours)
2025-11-09 19:58:03,535 - music_tracker - INFO - Fetching recent tracks from Spotify...
2025-11-09 19:58:03,893 - music_tracker - INFO - No recent songs found from Spotify
2025-11-09 19:58:03,895 - music_tracker - INFO - No new songs found from Spotify API
2025-11-09 19:58:03,895 - music_tracker - INFO - Song collection completed successfully
2025-11-09 20:58:02,811 - music_tracker - INFO - SpotiSpy song collection starting...
2025-11-09 20:58:02,811 - music_tracker - INFO - Starting song collection (last 1 hours)
2025-11-09 20:58:02,812 - music_tracker - INFO - Fetching recent tracks from Spotify...
2025-11-09 20:58:03,498 - music_tracker - INFO - Fetched 7 songs from Spotify
2025-11-09 20:58:03,501 - music_tracker - INFO - Found 7 songs from Spotify API
2025-11-09 20:58:03,502 - music_tracker - INFO - Checking for duplicates in database...
2025-11-09 20:58:05,208 - music_tracker - INFO - Found 7 new songs out of 7 total
2025-11-09 20:58:05,211 - music_tracker - INFO - Found 7 new songs to save
2025-11-09 20:58:05,212 - music_tracker - INFO - Saving songs to database...
2025-11-09 20:58:05,667 - music_tracker - INFO - Successfully saved 7 songs to database
2025-11-09 20:58:05,669 - music_tracker - INFO - Successfully saved 7 songs to database
2025-11-09 20:58:05,670 - music_tracker - INFO - Song collection completed successfully
2025-11-09 21:58:03,656 - music_tracker - INFO - SpotiSpy song collection starting...
2025-11-09 21:58:03,656 - music_tracker - INFO - Starting song collection (last 1 hours)
2025-11-09 21:58:03,657 - music_tracker - INFO - Fetching recent tracks from Spotify...
2025-11-09 21:58:04,095 - music_tracker - INFO - Fetched 2 songs from Spotify
2025-11-09 21:58:04,097 - music_tracker - INFO - Found 2 songs from Spotify API
2025-11-09 21:58:04,098 - music_tracker - INFO - Checking for duplicates in database...
2025-11-09 21:58:05,555 - music_tracker - INFO - Found 2 new songs out of 2 total
2025-11-09 21:58:05,557 - music_tracker - INFO - Found 2 new songs to save
2025-11-09 21:58:05,558 - music_tracker - INFO - Saving songs to database...
2025-11-09 21:58:05,970 - music_tracker - INFO - Successfully saved 2 songs to database
2025-11-09 21:58:05,972 - music_tracker - INFO - Successfully saved 2 songs to database
2025-11-09 21:58:05,973 - music_tracker - INFO - Song collection completed successfully
2025-11-09 22:58:02,905 - music_tracker - INFO - SpotiSpy song collection starting...
2025-11-09 22:58:02,905 - music_tracker - INFO - Starting song collection (last 1 hours)
2025-11-09 22:58:02,906 - music_tracker - INFO - Fetching recent tracks from Spotify...
2025-11-09 22:58:03,293 - music_tracker - INFO - No recent songs found from Spotify
2025-11-09 22:58:03,295 - music_tracker - INFO - No new songs found from Spotify API
2025-11-09 22:58:03,295 - music_tracker - INFO - Song collection completed successfully
2025-11-09 23:58:03,751 - music_tracker - INFO - SpotiSpy song collection starting...
2025-11-09 23:58:03,751 - music_tracker - INFO - Starting song collection (last 1 hours)
2025-11-09 23:58:03,752 - music_tracker - INFO - Fetching recent tracks from Spotify...
2025-11-09 23:58:04,160 - music_tracker - INFO - Fetched 1 songs from Spotify
2025-11-09 23:58:04,163 - music_tracker - INFO - Found 1 songs from Spotify API
2025-11-09 23:58:04,163 - music_tracker - INFO - Checking for duplicates in database...
2025-11-09 23:58:05,771 - music_tracker - INFO - Found 1 new songs out of 1 total
2025-11-09 23:58:05,773 - music_tracker - INFO - Found 1 new songs to save
2025-11-09 23:58:05,774 - music_tracker - INFO - Saving songs to database...
2025-11-09 23:58:06,125 - music_tracker - INFO - Successfully saved 1 songs to database
2025-11-09 23:58:06,129 - music_tracker - INFO - Successfully saved 1 songs to database
2025-11-09 23:58:06,129 - music_tracker - INFO - Song collection completed successfully
