2026-01-10 00:58:03,073 - music_tracker - INFO - SpotiSpy song collection starting...
2026-01-10 00:58:03,073 - music_tracker - INFO - Starting song collection (last 1 hours)
2026-01-10 00:58:03,074 - music_tracker - INFO - Fetching recent tracks from Spotify...
2026-01-10 00:58:03,405 - music_tracker - INFO - No recent songs found from Spotify
2026-01-10 00:58:03,407 - music_tracker - INFO - No new songs found from Spotify API
2026-01-10 00:58:03,408 - music_tracker - INFO - Song collection completed successfully
2026-01-10 01:58:03,331 - music_tracker - INFO - SpotiSpy song collection starting...
2026-01-10 01:58:03,331 - music_tracker - INFO - Starting song collection (last 1 hours)
2026-01-10 01:58:03,332 - music_tracker - INFO - Fetching recent tracks from Spotify...
2026-01-10 01:58:03,699 - music_tracker - INFO - No recent songs found from Spotify
2026-01-10 01:58:03,701 - music_tracker - INFO - No new songs found from Spotify API
2026-01-10 01:58:03,702 - music_tracker - INFO - Song collection completed successfully
2026-01-10 02:58:02,697 - music_tracker - INFO - SpotiSpy song collection starting...
2026-01-10 02:58:02,698 - music_tracker - INFO - Starting song collection (last 1 hours)
2026-01-10 02:58:02,698 - music_tracker - INFO - Fetching recent tracks from Spotify...
2026-01-10 02:58:03,069 - music_tracker - INFO - No recent songs found from Spotify
2026-01-10 02:58:03,071 - music_tracker - INFO - No new songs found from Spotify API
2026-01-10 02:58:03,072 - music_tracker - INFO - Song collection completed successfully
2026-01-10 03:58:02,984 - music_tracker - INFO - SpotiSpy song collection starting...
2026-01-10 03:58:02,984 - music_tracker - INFO - Starting song collection (last 1 hours)
2026-01-10 03:58:02,985 - music_tracker - INFO - Fetching recent tracks from Spotify...
2026-01-10 03:58:03,362 - music_tracker - INFO - No recent songs found from Spotify
2026-01-10 03:58:03,365 - music_tracker - INFO - No new songs found from Spotify API
2026-01-10 03:58:03,365 - music_tracker - INFO - Song collection completed successfully
2026-01-10 04:58:03,342 - music_tracker - INFO - SpotiSpy song collection starting...
2026-01-10 04:58:03,343 - music_tracker - INFO - Starting song collection (last 1 hours)
2026-01-10 04:58:03,344 - music_tracker - INFO - Fetching recent tracks from Spotify...
2026-01-10 04:58:03,691 - music_tracker - INFO - No recent songs found from Spotify
2026-01-10 04:58:03,693 - music_tracker - INFO - No new songs found from Spotify API
2026-01-10 04:58:03,693 - music_tracker - INFO - Song collection completed successfully
2026-01-10 05:58:03,803 - music_tracker - INFO - SpotiSpy song collection starting...
2026-01-10 05:58:03,804 - music_tracker - INFO - Starting song collection (last 1 hours)
2026-01-10 05:58:03,805 - music_tracker - INFO - Fetching recent tracks from Spotify...
2026-01-10 05:58:04,207 - music_tracker - INFO - No recent songs found from Spotify
2026-01-10 05:58:04,209 - music_tracker - INFO - No new songs found from Spotify API
2026-01-10 05:58:04,210 - music_tracker - INFO - Song collection completed successfully
2026-01-10 06:58:03,152 - music_tracker - INFO - SpotiSpy song collection starting...
2026-01-10 06:58:03,152 - music_tracker - INFO - Starting song collection (last 1 hours)
2026-01-10 06:58:03,153 - music_tracker - INFO - Fetching recent tracks from Spotify...
2026-01-10 06:58:03,518 - music_tracker - INFO - No recent songs found from Spotify
2026-01-10 06:58:03,520 - music_tracker - INFO - No new songs found from Spotify API
2026-01-10 06:58:03,521 - music_tracker - INFO - Song collection completed successfully
2026-01-10 07:58:03,406 - music_tracker - INFO - SpotiSpy song collection starting...
2026-01-10 07:58:03,407 - music_tracker - INFO - Starting song collection (last 1 hours)
2026-01-10 07:58:03,407 - music_tracker - INFO - Fetching recent tracks from Spotify...
2026-01-10 07:58:03,804 - music_tracker - INFO - No recent songs found from Spotify
2026-01-10 07:58:03,806 - music_tracker - INFO - No new songs found from Spotify API
2026-01-10 07:58:03,806 - music_tracker - INFO - Song collection completed successfully
2026-01-10 08:58:02,707 - music_tracker - INFO - SpotiSpy song collection starting...
2026-01-10 08:58:02,707 - music_tracker - INFO - Starting song collection (last 1 hours)
2026-01-10 08:58:02,708 - music_tracker - INFO - Fetching recent tracks from Spotify...
2026-01-10 08:58:08,163 - music_tracker - INFO - No recent songs found from Spotify
2026-01-10 08:58:08,167 - music_tracker - INFO - No new songs found from Spotify API
2026-01-10 08:58:08,167 - music_tracker - INFO - Song collection completed successfully
2026-01-10 09:00:13,020 - music_tracker - INFO - SpotiSpy starting...
2026-01-10 09:00:13,020 - music_tracker - INFO - Starting daily SpotiSpy analysis
2026-01-10 09:00:13,021 - music_tracker - INFO - Fetching yesterday's listening data...
2026-01-10 09:00:14,719 - music_tracker - INFO - Fetched 80 songs from database
2026-01-10 09:00:14,722 - music_tracker - INFO - Found 80 songs to analyze
2026-01-10 09:00:14,723 - music_tracker - INFO - Running analysis...
2026-01-10 09:00:14,732 - music_tracker - INFO - Sending daily summary to Slack...
2026-01-10 09:00:15,554 - music_tracker - INFO - Message sent successfully to Slack
2026-01-10 09:00:15,555 - music_tracker - INFO - Daily analysis completed successfully!
2026-01-10 09:00:15,555 - music_tracker - INFO - SpotiSpy completed successfully
2026-01-10 09:58:03,454 - music_tracker - INFO - SpotiSpy song collection starting...
2026-01-10 09:58:03,454 - music_tracker - INFO - Starting song collection (last 1 hours)
2026-01-10 09:58:03,455 - music_tracker - INFO - Fetching recent tracks from Spotify...
2026-01-10 09:58:03,917 - music_tracker - INFO - No recent songs found from Spotify
2026-01-10 09:58:03,919 - music_tracker - INFO - No new songs found from Spotify API
2026-01-10 09:58:03,920 - music_tracker - INFO - Song collection completed successfully
2026-01-10 10:58:04,075 - music_tracker - INFO - SpotiSpy song collection starting...
2026-01-10 10:58:04,076 - music_tracker - INFO - Starting song collection (last 1 hours)
2026-01-10 10:58:04,077 - music_tracker - INFO - Fetching recent tracks from Spotify...
2026-01-10 10:58:04,483 - music_tracker - INFO - No recent songs found from Spotify
2026-01-10 10:58:04,485 - music_tracker - INFO - No new songs found from Spotify API
2026-01-10 10:58:04,486 - music_tracker - INFO - Song collection completed successfully
2026-01-10 11:58:03,451 - music_tracker - INFO - SpotiSpy song collection starting...
2026-01-10 11:58:03,451 - music_tracker - INFO - Starting song collection (last 1 hours)
2026-01-10 11:58:03,452 - music_tracker - INFO - Fetching recent tracks from Spotify...
2026-01-10 11:58:03,864 - music_tracker - INFO - No recent songs found from Spotify
2026-01-10 11:58:03,866 - music_tracker - INFO - No new songs found from Spotify API
2026-01-10 11:58:03,867 - music_tracker - INFO - Song collection completed successfully
2026-01-10 12:58:02,762 - music_tracker - INFO - SpotiSpy song collection starting...
2026-01-10 12:58:02,762 - music_tracker - INFO - Starting song collection (last 1 hours)
2026-01-10 12:58:02,763 - music_tracker - INFO - Fetching recent tracks from Spotify...
2026-01-10 12:58:03,159 - music_tracker - INFO - No recent songs found from Spotify
2026-01-10 12:58:03,161 - music_tracker - INFO - No new songs found from Spotify API
2026-01-10 12:58:03,162 - music_tracker - INFO - Song collection completed successfully
2026-01-10 13:58:03,045 - music_tracker - INFO - SpotiSpy song collection starting...
2026-01-10 13:58:03,046 - music_tracker - INFO - Starting song collection (last 1 hours)
2026-01-10 13:58:03,046 - music_tracker - INFO - Fetching recent tracks from Spotify...
2026-01-10 13:58:03,439 - music_tracker - INFO - No recent songs found from Spotify
2026-01-10 13:58:03,441 - music_tracker - INFO - No new songs found from Spotify API
2026-01-10 13:58:03,441 - music_tracker - INFO - Song collection completed successfully
2026-01-10 14:58:03,325 - music_tracker - INFO - SpotiSpy song collection starting...
2026-01-10 14:58:03,325 - music_tracker - INFO - Starting song collection (last 1 hours)
2026-01-10 14:58:03,326 - music_tracker - INFO - Fetching recent tracks from Spotify...
2026-01-10 14:58:03,728 - music_tracker - INFO - No recent songs found from Spotify
2026-01-10 14:58:03,730 - music_tracker - INFO - No new songs found from Spotify API
2026-01-10 14:58:03,730 - music_tracker - INFO - Song collection completed successfully
2026-01-10 15:58:02,615 - music_tracker - INFO - SpotiSpy song collection starting...
2026-01-10 15:58:02,615 - music_tracker - INFO - Starting song collection (last 1 hours)
2026-01-10 15:58:02,616 - music_tracker - INFO - Fetching recent tracks from Spotify...
2026-01-10 15:58:02,975 - music_tracker - INFO - No recent songs found from Spotify
2026-01-10 15:58:02,977 - music_tracker - INFO - No new songs found from Spotify API
2026-01-10 15:58:02,977 - music_tracker - INFO - Song collection completed successfully
2026-01-10 16:58:02,870 - music_tracker - INFO - SpotiSpy song collection starting...
2026-01-10 16:58:02,870 - music_tracker - INFO - Starting song collection (last 1 hours)
2026-01-10 16:58:02,871 - music_tracker - INFO - Fetching recent tracks from Spotify...
2026-01-10 16:58:03,228 - music_tracker - INFO - No recent songs found from Spotify
2026-01-10 16:58:03,230 - music_tracker - INFO - No new songs found from Spotify API
2026-01-10 16:58:03,231 - music_tracker - INFO - Song collection completed successfully
2026-01-10 17:58:03,206 - music_tracker - INFO - SpotiSpy song collection starting...
2026-01-10 17:58:03,206 - music_tracker - INFO - Starting song collection (last 1 hours)
2026-01-10 17:58:03,207 - music_tracker - INFO - Fetching recent tracks from Spotify...
2026-01-10 17:58:03,593 - music_tracker - INFO - No recent songs found from Spotify
2026-01-10 17:58:03,595 - music_tracker - INFO - No new songs found from Spotify API
2026-01-10 17:58:03,595 - music_tracker - INFO - Song collection completed successfully
2026-01-10 18:58:03,497 - music_tracker - INFO - SpotiSpy song collection starting...
2026-01-10 18:58:03,497 - music_tracker - INFO - Starting song collection (last 1 hours)
2026-01-10 18:58:03,498 - music_tracker - INFO - Fetching recent tracks from Spotify...
2026-01-10 18:58:03,849 - music_tracker - INFO - No recent songs found from Spotify
2026-01-10 18:58:03,851 - music_tracker - INFO - No new songs found from Spotify API
2026-01-10 18:58:03,851 - music_tracker - INFO - Song collection completed successfully
2026-01-10 19:58:02,737 - music_tracker - INFO - SpotiSpy song collection starting...
2026-01-10 19:58:02,738 - music_tracker - INFO - Starting song collection (last 1 hours)
2026-01-10 19:58:02,739 - music_tracker - INFO - Fetching recent tracks from Spotify...
2026-01-10 19:58:03,145 - music_tracker - INFO - No recent songs found from Spotify
2026-01-10 19:58:03,147 - music_tracker - INFO - No new songs found from Spotify API
2026-01-10 19:58:03,147 - music_tracker - INFO - Song collection completed successfully
2026-01-10 20:58:03,040 - music_tracker - INFO - SpotiSpy song collection starting...
2026-01-10 20:58:03,040 - music_tracker - INFO - Starting song collection (last 1 hours)
2026-01-10 20:58:03,041 - music_tracker - INFO - Fetching recent tracks from Spotify...
2026-01-10 20:58:03,429 - music_tracker - INFO - No recent songs found from Spotify
2026-01-10 20:58:03,431 - music_tracker - INFO - No new songs found from Spotify API
2026-01-10 20:58:03,431 - music_tracker - INFO - Song collection completed successfully
2026-01-10 21:58:03,325 - music_tracker - INFO - SpotiSpy song collection starting...
2026-01-10 21:58:03,326 - music_tracker - INFO - Starting song collection (last 1 hours)
2026-01-10 21:58:03,326 - music_tracker - INFO - Fetching recent tracks from Spotify...
2026-01-10 21:58:03,722 - music_tracker - INFO - No recent songs found from Spotify
2026-01-10 21:58:03,724 - music_tracker - INFO - No new songs found from Spotify API
2026-01-10 21:58:03,724 - music_tracker - INFO - Song collection completed successfully
2026-01-10 22:58:02,712 - music_tracker - INFO - SpotiSpy song collection starting...
2026-01-10 22:58:02,713 - music_tracker - INFO - Starting song collection (last 1 hours)
2026-01-10 22:58:02,714 - music_tracker - INFO - Fetching recent tracks from Spotify...
2026-01-10 22:58:03,183 - music_tracker - INFO - No recent songs found from Spotify
2026-01-10 22:58:03,185 - music_tracker - INFO - No new songs found from Spotify API
2026-01-10 22:58:03,186 - music_tracker - INFO - Song collection completed successfully
2026-01-10 23:58:03,084 - music_tracker - INFO - SpotiSpy song collection starting...
2026-01-10 23:58:03,085 - music_tracker - INFO - Starting song collection (last 1 hours)
2026-01-10 23:58:03,085 - music_tracker - INFO - Fetching recent tracks from Spotify...
2026-01-10 23:58:03,461 - music_tracker - INFO - No recent songs found from Spotify
2026-01-10 23:58:03,463 - music_tracker - INFO - No new songs found from Spotify API
2026-01-10 23:58:03,464 - music_tracker - INFO - Song collection completed successfully
