2025-06-29 00:58:07,657 - music_tracker - INFO - Zero songs listened to
2025-06-29 00:58:07,658 - music_tracker - INFO - No songs uploaded.
2025-06-29 01:58:07,555 - music_tracker - INFO - Zero songs listened to
2025-06-29 01:58:07,556 - music_tracker - INFO - No songs uploaded.
2025-06-29 02:58:07,343 - music_tracker - INFO - Zero songs listened to
2025-06-29 02:58:07,343 - music_tracker - INFO - No songs uploaded.
2025-06-29 03:58:12,344 - music_tracker - INFO - Zero songs listened to
2025-06-29 03:58:12,345 - music_tracker - INFO - No songs uploaded.
2025-06-29 04:58:07,307 - music_tracker - INFO - Zero songs listened to
2025-06-29 04:58:07,307 - music_tracker - INFO - No songs uploaded.
2025-06-29 05:58:12,150 - music_tracker - INFO - Zero songs listened to
2025-06-29 05:58:12,151 - music_tracker - INFO - No songs uploaded.
2025-06-29 06:58:06,974 - music_tracker - INFO - Zero songs listened to
2025-06-29 06:58:06,974 - music_tracker - INFO - No songs uploaded.
2025-06-29 07:58:06,695 - music_tracker - INFO - Zero songs listened to
2025-06-29 07:58:06,696 - music_tracker - INFO - No songs uploaded.
2025-06-29 08:58:07,400 - music_tracker - INFO - Zero songs listened to
2025-06-29 08:58:07,401 - music_tracker - INFO - No songs uploaded.
2025-06-29 09:00:11,789 - music_tracker - INFO - Starting music tracker analysis
2025-06-29 09:00:11,790 - music_tracker - INFO - Fetching data
2025-06-29 09:00:12,520 - music_tracker - INFO - Fetched 90 recent songs
2025-06-29 09:00:12,529 - music_tracker - INFO - Running top listens analysis
2025-06-29 09:00:12,530 - music_tracker - INFO - Calculating top songs listens
2025-06-29 09:00:12,531 - music_tracker - INFO - Sending message with top 3 songs
2025-06-29 09:00:13,300 - music_tracker - INFO - Message successfully sent!
2025-06-29 09:00:13,301 - music_tracker - INFO - Calculating top albums listens
2025-06-29 09:00:13,301 - music_tracker - INFO - Sending message with top 3 albums
2025-06-29 09:00:14,102 - music_tracker - INFO - Message successfully sent!
2025-06-29 09:00:14,103 - music_tracker - INFO - Calculating top artists listens
2025-06-29 09:00:14,103 - music_tracker - INFO - Sending message with top 3 artists
2025-06-29 09:00:14,844 - music_tracker - INFO - Message successfully sent!
2025-06-29 09:00:14,844 - music_tracker - INFO - Running popularity and listening hours analysis
2025-06-29 09:00:14,845 - music_tracker - INFO - Finding most popular track
2025-06-29 09:00:14,845 - music_tracker - INFO - Most popular song found: BIRDS OF A FEATHER with score 100
2025-06-29 09:00:15,606 - music_tracker - INFO - Message successfully sent!
2025-06-29 09:00:15,607 - music_tracker - INFO - Calculating most listened hour
2025-06-29 09:00:15,608 - music_tracker - INFO - Most listened hour: 00:00 with 53:13
2025-06-29 09:00:16,310 - music_tracker - INFO - Message successfully sent!
2025-06-29 09:00:16,310 - music_tracker - INFO - Analysis completed successfully

2025-06-29 09:58:06,974 - music_tracker - INFO - Zero songs listened to
2025-06-29 09:58:06,974 - music_tracker - INFO - No songs uploaded.
2025-06-29 10:58:06,676 - music_tracker - INFO - Zero songs listened to
2025-06-29 10:58:06,676 - music_tracker - INFO - No songs uploaded.
2025-06-29 11:58:09,456 - music_tracker - INFO - Uploading 7 songs
2025-06-29 12:58:10,640 - music_tracker - INFO - Uploading 12 songs
2025-06-29 13:58:09,783 - music_tracker - INFO - Uploading 9 songs
2025-06-29 14:58:10,693 - music_tracker - INFO - Uploading 17 songs
2025-06-29 15:58:09,325 - music_tracker - INFO -   Supabase error: Status 400, {"code":"22007","details":null,"hint":null,"message":"invalid input syntax for type date: \"2005\""}
2025-06-29 15:58:09,328 - music_tracker - INFO - No songs uploaded.
2025-06-29 16:58:11,175 - music_tracker - INFO - Uploading 17 songs
2025-06-29 17:58:11,230 - music_tracker - INFO - Uploading 18 songs
2025-06-29 18:58:06,968 - music_tracker - INFO - Zero songs listened to
2025-06-29 18:58:06,969 - music_tracker - INFO - No songs uploaded.
2025-06-29 19:58:06,685 - music_tracker - INFO - Zero songs listened to
2025-06-29 19:58:06,685 - music_tracker - INFO - No songs uploaded.
2025-06-29 20:58:07,413 - music_tracker - INFO - Zero songs listened to
2025-06-29 20:58:07,413 - music_tracker - INFO - No songs uploaded.
2025-06-29 21:58:08,247 - music_tracker - INFO - Uploading 3 songs
2025-06-29 22:58:07,276 - music_tracker - INFO - Zero songs listened to
2025-06-29 22:58:07,278 - music_tracker - INFO - No songs uploaded.
2025-06-29 23:58:07,002 - music_tracker - INFO - Zero songs listened to
2025-06-29 23:58:07,002 - music_tracker - INFO - No songs uploaded.
