2025-06-21 00:58:06,801 - music_tracker - INFO - Zero songs listened to
2025-06-21 00:58:06,801 - music_tracker - INFO - No songs uploaded.
2025-06-21 01:58:06,542 - music_tracker - INFO - Zero songs listened to
2025-06-21 01:58:06,543 - music_tracker - INFO - No songs uploaded.
2025-06-21 02:58:07,377 - music_tracker - INFO - Zero songs listened to
2025-06-21 02:58:07,378 - music_tracker - INFO - No songs uploaded.
2025-06-21 03:58:07,157 - music_tracker - INFO - Zero songs listened to
2025-06-21 03:58:07,157 - music_tracker - INFO - No songs uploaded.
2025-06-21 04:58:06,888 - music_tracker - INFO - Zero songs listened to
2025-06-21 04:58:06,889 - music_tracker - INFO - No songs uploaded.
2025-06-21 05:58:06,611 - music_tracker - INFO - Zero songs listened to
2025-06-21 05:58:06,612 - music_tracker - INFO - No songs uploaded.
2025-06-21 06:58:07,516 - music_tracker - INFO - Zero songs listened to
2025-06-21 06:58:07,517 - music_tracker - INFO - No songs uploaded.
2025-06-21 07:58:07,264 - music_tracker - INFO - Zero songs listened to
2025-06-21 07:58:07,265 - music_tracker - INFO - No songs uploaded.
2025-06-21 08:58:08,077 - music_tracker - INFO - Uploading 2 songs
2025-06-21 09:00:11,569 - music_tracker - INFO - Starting music tracker analysis
2025-06-21 09:00:11,570 - music_tracker - INFO - Fetching data
2025-06-21 09:00:11,927 - music_tracker - INFO - Fetched 59 recent songs
2025-06-21 09:00:11,931 - music_tracker - INFO - Running top listens analysis
2025-06-21 09:00:11,931 - music_tracker - INFO - Calculating top songs listens
2025-06-21 09:00:11,932 - music_tracker - INFO - Sending message with top 3 songs
2025-06-21 09:00:12,542 - music_tracker - INFO - Message successfully sent!
2025-06-21 09:00:12,543 - music_tracker - INFO - Calculating top albums listens
2025-06-21 09:00:12,543 - music_tracker - INFO - Sending message with top 3 albums
2025-06-21 09:00:13,176 - music_tracker - INFO - Message successfully sent!
2025-06-21 09:00:13,176 - music_tracker - INFO - Calculating top artists listens
2025-06-21 09:00:13,177 - music_tracker - INFO - Sending message with top 3 artists
2025-06-21 09:00:13,755 - music_tracker - INFO - Message successfully sent!
2025-06-21 09:00:13,756 - music_tracker - INFO - Running popularity and listening hours analysis
2025-06-21 09:00:13,756 - music_tracker - INFO - Finding most popular track
2025-06-21 09:00:13,757 - music_tracker - INFO - Most popular song found: DtMF with score 97
2025-06-21 09:00:14,379 - music_tracker - INFO - Message successfully sent!
2025-06-21 09:00:14,380 - music_tracker - INFO - Calculating most listened hour
2025-06-21 09:00:14,380 - music_tracker - INFO - Most listened hour: 12:00 with 48:37
2025-06-21 09:00:14,999 - music_tracker - INFO - Message successfully sent!
2025-06-21 09:00:15,000 - music_tracker - INFO - Analysis completed successfully

2025-06-21 09:58:09,824 - music_tracker - INFO - Uploading 11 songs
2025-06-21 10:58:11,257 - music_tracker - INFO - Uploading 17 songs
2025-06-21 11:58:08,627 - music_tracker - INFO - Uploading 5 songs
2025-06-21 12:58:07,344 - music_tracker - INFO - Zero songs listened to
2025-06-21 12:58:07,344 - music_tracker - INFO - No songs uploaded.
2025-06-21 13:58:35,292 - music_tracker - INFO - Uploading 32 songs
2025-06-21 14:58:07,658 - music_tracker - INFO - Uploading 1 song
2025-06-21 15:58:17,210 - music_tracker - INFO - Uploading 18 songs
2025-06-21 16:58:10,063 - music_tracker - INFO - Uploading 11 songs
2025-06-21 17:58:12,487 - music_tracker - INFO - Uploading 23 songs
2025-06-21 18:58:08,285 - music_tracker - INFO - Uploading 3 songs
2025-06-21 19:58:07,011 - music_tracker - INFO - Zero songs listened to
2025-06-21 19:58:07,011 - music_tracker - INFO - No songs uploaded.
2025-06-21 20:58:06,712 - music_tracker - INFO - Zero songs listened to
2025-06-21 20:58:06,713 - music_tracker - INFO - No songs uploaded.
2025-06-21 21:58:06,434 - music_tracker - INFO - Zero songs listened to
2025-06-21 21:58:06,435 - music_tracker - INFO - No songs uploaded.
2025-06-21 22:58:09,282 - music_tracker - INFO - Uploading 6 songs
2025-06-21 23:58:07,060 - music_tracker - INFO - Zero songs listened to
2025-06-21 23:58:07,060 - music_tracker - INFO - No songs uploaded.
