2025-11-16 00:58:03,297 - music_tracker - INFO - SpotiSpy song collection starting...
2025-11-16 00:58:03,298 - music_tracker - INFO - Starting song collection (last 1 hours)
2025-11-16 00:58:03,298 - music_tracker - INFO - Fetching recent tracks from Spotify...
2025-11-16 00:58:03,744 - music_tracker - INFO - No recent songs found from Spotify
2025-11-16 00:58:03,746 - music_tracker - INFO - No new songs found from Spotify API
2025-11-16 00:58:03,747 - music_tracker - INFO - Song collection completed successfully
2025-11-16 01:58:02,640 - music_tracker - INFO - SpotiSpy song collection starting...
2025-11-16 01:58:02,641 - music_tracker - INFO - Starting song collection (last 1 hours)
2025-11-16 01:58:02,641 - music_tracker - INFO - Fetching recent tracks from Spotify...
2025-11-16 01:58:03,000 - music_tracker - INFO - No recent songs found from Spotify
2025-11-16 01:58:03,002 - music_tracker - INFO - No new songs found from Spotify API
2025-11-16 01:58:03,003 - music_tracker - INFO - Song collection completed successfully
2025-11-16 02:58:02,934 - music_tracker - INFO - SpotiSpy song collection starting...
2025-11-16 02:58:02,934 - music_tracker - INFO - Starting song collection (last 1 hours)
2025-11-16 02:58:02,935 - music_tracker - INFO - Fetching recent tracks from Spotify...
2025-11-16 02:58:03,346 - music_tracker - INFO - No recent songs found from Spotify
2025-11-16 02:58:03,348 - music_tracker - INFO - No new songs found from Spotify API
2025-11-16 02:58:03,348 - music_tracker - INFO - Song collection completed successfully
2025-11-16 03:58:03,390 - music_tracker - INFO - SpotiSpy song collection starting...
2025-11-16 03:58:03,390 - music_tracker - INFO - Starting song collection (last 1 hours)
2025-11-16 03:58:03,391 - music_tracker - INFO - Fetching recent tracks from Spotify...
2025-11-16 03:58:03,780 - music_tracker - INFO - No recent songs found from Spotify
2025-11-16 03:58:03,782 - music_tracker - INFO - No new songs found from Spotify API
2025-11-16 03:58:03,782 - music_tracker - INFO - Song collection completed successfully
2025-11-16 04:58:02,675 - music_tracker - INFO - SpotiSpy song collection starting...
2025-11-16 04:58:02,675 - music_tracker - INFO - Starting song collection (last 1 hours)
2025-11-16 04:58:02,676 - music_tracker - INFO - Fetching recent tracks from Spotify...
2025-11-16 04:58:03,044 - music_tracker - INFO - No recent songs found from Spotify
2025-11-16 04:58:03,046 - music_tracker - INFO - No new songs found from Spotify API
2025-11-16 04:58:03,047 - music_tracker - INFO - Song collection completed successfully
2025-11-16 05:58:02,940 - music_tracker - INFO - SpotiSpy song collection starting...
2025-11-16 05:58:02,940 - music_tracker - INFO - Starting song collection (last 1 hours)
2025-11-16 05:58:02,941 - music_tracker - INFO - Fetching recent tracks from Spotify...
2025-11-16 05:58:03,302 - music_tracker - INFO - No recent songs found from Spotify
2025-11-16 05:58:03,304 - music_tracker - INFO - No new songs found from Spotify API
2025-11-16 05:58:03,305 - music_tracker - INFO - Song collection completed successfully
2025-11-16 06:58:03,278 - music_tracker - INFO - SpotiSpy song collection starting...
2025-11-16 06:58:03,279 - music_tracker - INFO - Starting song collection (last 1 hours)
2025-11-16 06:58:03,280 - music_tracker - INFO - Fetching recent tracks from Spotify...
2025-11-16 06:58:03,625 - music_tracker - INFO - No recent songs found from Spotify
2025-11-16 06:58:03,627 - music_tracker - INFO - No new songs found from Spotify API
2025-11-16 06:58:03,627 - music_tracker - INFO - Song collection completed successfully
2025-11-16 07:58:03,522 - music_tracker - INFO - SpotiSpy song collection starting...
2025-11-16 07:58:03,523 - music_tracker - INFO - Starting song collection (last 1 hours)
2025-11-16 07:58:03,524 - music_tracker - INFO - Fetching recent tracks from Spotify...
2025-11-16 07:58:03,887 - music_tracker - INFO - No recent songs found from Spotify
2025-11-16 07:58:03,889 - music_tracker - INFO - No new songs found from Spotify API
2025-11-16 07:58:03,889 - music_tracker - INFO - Song collection completed successfully
2025-11-16 08:58:02,988 - music_tracker - INFO - SpotiSpy song collection starting...
2025-11-16 08:58:02,990 - music_tracker - INFO - Starting song collection (last 1 hours)
2025-11-16 08:58:02,990 - music_tracker - INFO - Fetching recent tracks from Spotify...
2025-11-16 08:58:03,351 - music_tracker - INFO - No recent songs found from Spotify
2025-11-16 08:58:03,353 - music_tracker - INFO - No new songs found from Spotify API
2025-11-16 08:58:03,354 - music_tracker - INFO - Song collection completed successfully
2025-11-16 09:00:15,195 - music_tracker - INFO - SpotiSpy starting...
2025-11-16 09:00:15,196 - music_tracker - INFO - Starting daily SpotiSpy analysis
2025-11-16 09:00:15,196 - music_tracker - INFO - Fetching yesterday's listening data...
2025-11-16 09:00:15,965 - music_tracker - INFO - Fetched 73 songs from database
2025-11-16 09:00:15,967 - music_tracker - INFO - Found 73 songs to analyze
2025-11-16 09:00:15,967 - music_tracker - INFO - Running analysis...
2025-11-16 09:00:15,973 - music_tracker - INFO - Sending daily summary to Slack...
2025-11-16 09:00:16,712 - music_tracker - INFO - Message sent successfully to Slack
2025-11-16 09:00:16,713 - music_tracker - INFO - Daily analysis completed successfully!
2025-11-16 09:00:16,713 - music_tracker - INFO - Running weekly summary...
2025-11-16 09:00:16,714 - music_tracker - INFO - Generating weekly summary...
2025-11-16 09:00:16,718 - music_tracker - INFO - Starting comprehensive weekly analysis
2025-11-16 09:00:16,957 - music_tracker - INFO - Fetched 0 songs for date 2025-11-16
2025-11-16 09:00:16,958 - music_tracker - INFO - Date 2025-11-16: 0 songs
2025-11-16 09:00:17,300 - music_tracker - INFO - Fetched 81 songs for date 2025-11-15
2025-11-16 09:00:17,301 - music_tracker - INFO - Date 2025-11-15: 81 songs
2025-11-16 09:00:17,529 - music_tracker - INFO - Fetched 58 songs for date 2025-11-14
2025-11-16 09:00:17,531 - music_tracker - INFO - Date 2025-11-14: 58 songs
2025-11-16 09:00:17,746 - music_tracker - INFO - Fetched 66 songs for date 2025-11-13
2025-11-16 09:00:17,747 - music_tracker - INFO - Date 2025-11-13: 66 songs
2025-11-16 09:00:17,994 - music_tracker - INFO - Fetched 119 songs for date 2025-11-12
2025-11-16 09:00:17,996 - music_tracker - INFO - Date 2025-11-12: 119 songs
2025-11-16 09:00:18,259 - music_tracker - INFO - Fetched 98 songs for date 2025-11-11
2025-11-16 09:00:18,260 - music_tracker - INFO - Date 2025-11-11: 98 songs
2025-11-16 09:00:18,523 - music_tracker - INFO - Fetched 99 songs for date 2025-11-10
2025-11-16 09:00:18,524 - music_tracker - INFO - Date 2025-11-10: 99 songs
2025-11-16 09:00:19,262 - music_tracker - INFO - Message sent successfully to Slack
2025-11-16 09:00:19,264 - music_tracker - INFO - SpotiSpy completed successfully
2025-11-16 09:58:03,127 - music_tracker - INFO - SpotiSpy song collection starting...
2025-11-16 09:58:03,127 - music_tracker - INFO - Starting song collection (last 1 hours)
2025-11-16 09:58:03,128 - music_tracker - INFO - Fetching recent tracks from Spotify...
2025-11-16 09:58:03,796 - music_tracker - INFO - Fetched 5 songs from Spotify
2025-11-16 09:58:03,798 - music_tracker - INFO - Found 5 songs from Spotify API
2025-11-16 09:58:03,799 - music_tracker - INFO - Checking for duplicates in database...
2025-11-16 09:58:05,337 - music_tracker - INFO - Found 5 new songs out of 5 total
2025-11-16 09:58:05,339 - music_tracker - INFO - Found 5 new songs to save
2025-11-16 09:58:05,340 - music_tracker - INFO - Saving songs to database...
2025-11-16 09:58:05,666 - music_tracker - INFO - Successfully saved 5 songs to database
2025-11-16 09:58:05,668 - music_tracker - INFO - Successfully saved 5 songs to database
2025-11-16 09:58:05,669 - music_tracker - INFO - Song collection completed successfully
2025-11-16 10:58:03,589 - music_tracker - INFO - SpotiSpy song collection starting...
2025-11-16 10:58:03,590 - music_tracker - INFO - Starting song collection (last 1 hours)
2025-11-16 10:58:03,591 - music_tracker - INFO - Fetching recent tracks from Spotify...
2025-11-16 10:58:03,951 - music_tracker - INFO - No recent songs found from Spotify
2025-11-16 10:58:03,953 - music_tracker - INFO - No new songs found from Spotify API
2025-11-16 10:58:03,953 - music_tracker - INFO - Song collection completed successfully
2025-11-16 11:58:02,845 - music_tracker - INFO - SpotiSpy song collection starting...
2025-11-16 11:58:02,845 - music_tracker - INFO - Starting song collection (last 1 hours)
2025-11-16 11:58:02,846 - music_tracker - INFO - Fetching recent tracks from Spotify...
2025-11-16 11:58:03,212 - music_tracker - INFO - No recent songs found from Spotify
2025-11-16 11:58:03,214 - music_tracker - INFO - No new songs found from Spotify API
2025-11-16 11:58:03,214 - music_tracker - INFO - Song collection completed successfully
2025-11-16 12:58:03,101 - music_tracker - INFO - SpotiSpy song collection starting...
2025-11-16 12:58:03,101 - music_tracker - INFO - Starting song collection (last 1 hours)
2025-11-16 12:58:03,102 - music_tracker - INFO - Fetching recent tracks from Spotify...
2025-11-16 12:58:03,526 - music_tracker - INFO - No recent songs found from Spotify
2025-11-16 12:58:03,528 - music_tracker - INFO - No new songs found from Spotify API
2025-11-16 12:58:03,528 - music_tracker - INFO - Song collection completed successfully
2025-11-16 13:58:03,432 - music_tracker - INFO - SpotiSpy song collection starting...
2025-11-16 13:58:03,433 - music_tracker - INFO - Starting song collection (last 1 hours)
2025-11-16 13:58:03,433 - music_tracker - INFO - Fetching recent tracks from Spotify...
2025-11-16 13:58:03,804 - music_tracker - INFO - No recent songs found from Spotify
2025-11-16 13:58:03,806 - music_tracker - INFO - No new songs found from Spotify API
2025-11-16 13:58:03,807 - music_tracker - INFO - Song collection completed successfully
2025-11-16 14:58:02,690 - music_tracker - INFO - SpotiSpy song collection starting...
2025-11-16 14:58:02,691 - music_tracker - INFO - Starting song collection (last 1 hours)
2025-11-16 14:58:02,692 - music_tracker - INFO - Fetching recent tracks from Spotify...
2025-11-16 14:58:03,062 - music_tracker - INFO - No recent songs found from Spotify
2025-11-16 14:58:03,064 - music_tracker - INFO - No new songs found from Spotify API
2025-11-16 14:58:03,064 - music_tracker - INFO - Song collection completed successfully
2025-11-16 15:58:02,953 - music_tracker - INFO - SpotiSpy song collection starting...
2025-11-16 15:58:02,954 - music_tracker - INFO - Starting song collection (last 1 hours)
2025-11-16 15:58:02,955 - music_tracker - INFO - Fetching recent tracks from Spotify...
2025-11-16 15:58:03,369 - music_tracker - INFO - No recent songs found from Spotify
2025-11-16 15:58:03,371 - music_tracker - INFO - No new songs found from Spotify API
2025-11-16 15:58:03,372 - music_tracker - INFO - Song collection completed successfully
2025-11-16 16:58:03,273 - music_tracker - INFO - SpotiSpy song collection starting...
2025-11-16 16:58:03,273 - music_tracker - INFO - Starting song collection (last 1 hours)
2025-11-16 16:58:03,274 - music_tracker - INFO - Fetching recent tracks from Spotify...
2025-11-16 16:58:03,641 - music_tracker - INFO - No recent songs found from Spotify
2025-11-16 16:58:03,643 - music_tracker - INFO - No new songs found from Spotify API
2025-11-16 16:58:03,643 - music_tracker - INFO - Song collection completed successfully
2025-11-16 17:58:03,533 - music_tracker - INFO - SpotiSpy song collection starting...
2025-11-16 17:58:03,533 - music_tracker - INFO - Starting song collection (last 1 hours)
2025-11-16 17:58:03,534 - music_tracker - INFO - Fetching recent tracks from Spotify...
2025-11-16 17:58:04,243 - music_tracker - INFO - Fetched 2 songs from Spotify
2025-11-16 17:58:04,246 - music_tracker - INFO - Found 2 songs from Spotify API
2025-11-16 17:58:04,246 - music_tracker - INFO - Checking for duplicates in database...
2025-11-16 17:58:05,916 - music_tracker - INFO - Found 2 new songs out of 2 total
2025-11-16 17:58:05,919 - music_tracker - INFO - Found 2 new songs to save
2025-11-16 17:58:05,919 - music_tracker - INFO - Saving songs to database...
2025-11-16 17:58:06,196 - music_tracker - INFO - Successfully saved 2 songs to database
2025-11-16 17:58:06,198 - music_tracker - INFO - Successfully saved 2 songs to database
2025-11-16 17:58:06,198 - music_tracker - INFO - Song collection completed successfully
2025-11-16 18:58:03,112 - music_tracker - INFO - SpotiSpy song collection starting...
2025-11-16 18:58:03,112 - music_tracker - INFO - Starting song collection (last 1 hours)
2025-11-16 18:58:03,113 - music_tracker - INFO - Fetching recent tracks from Spotify...
2025-11-16 18:58:03,487 - music_tracker - INFO - No recent songs found from Spotify
2025-11-16 18:58:03,490 - music_tracker - INFO - No new songs found from Spotify API
2025-11-16 18:58:03,490 - music_tracker - INFO - Song collection completed successfully
2025-11-16 19:58:03,414 - music_tracker - INFO - SpotiSpy song collection starting...
2025-11-16 19:58:03,414 - music_tracker - INFO - Starting song collection (last 1 hours)
2025-11-16 19:58:03,415 - music_tracker - INFO - Fetching recent tracks from Spotify...
2025-11-16 19:58:03,924 - music_tracker - INFO - No recent songs found from Spotify
2025-11-16 19:58:03,926 - music_tracker - INFO - No new songs found from Spotify API
2025-11-16 19:58:03,927 - music_tracker - INFO - Song collection completed successfully
2025-11-16 20:58:02,896 - music_tracker - INFO - SpotiSpy song collection starting...
2025-11-16 20:58:02,897 - music_tracker - INFO - Starting song collection (last 1 hours)
2025-11-16 20:58:02,897 - music_tracker - INFO - Fetching recent tracks from Spotify...
2025-11-16 20:58:03,290 - music_tracker - INFO - No recent songs found from Spotify
2025-11-16 20:58:03,292 - music_tracker - INFO - No new songs found from Spotify API
2025-11-16 20:58:03,293 - music_tracker - INFO - Song collection completed successfully
2025-11-16 21:58:03,223 - music_tracker - INFO - SpotiSpy song collection starting...
2025-11-16 21:58:03,224 - music_tracker - INFO - Starting song collection (last 1 hours)
2025-11-16 21:58:03,225 - music_tracker - INFO - Fetching recent tracks from Spotify...
2025-11-16 21:58:03,671 - music_tracker - INFO - Fetched 5 songs from Spotify
2025-11-16 21:58:03,673 - music_tracker - INFO - Found 5 songs from Spotify API
2025-11-16 21:58:03,674 - music_tracker - INFO - Checking for duplicates in database...
2025-11-16 21:58:05,247 - music_tracker - INFO - Found 5 new songs out of 5 total
2025-11-16 21:58:05,249 - music_tracker - INFO - Found 5 new songs to save
2025-11-16 21:58:05,250 - music_tracker - INFO - Saving songs to database...
2025-11-16 21:58:05,575 - music_tracker - INFO - Successfully saved 5 songs to database
2025-11-16 21:58:05,577 - music_tracker - INFO - Successfully saved 5 songs to database
2025-11-16 21:58:05,578 - music_tracker - INFO - Song collection completed successfully
2025-11-16 22:58:03,509 - music_tracker - INFO - SpotiSpy song collection starting...
2025-11-16 22:58:03,510 - music_tracker - INFO - Starting song collection (last 1 hours)
2025-11-16 22:58:03,510 - music_tracker - INFO - Fetching recent tracks from Spotify...
2025-11-16 22:58:03,963 - music_tracker - INFO - Fetched 3 songs from Spotify
2025-11-16 22:58:03,966 - music_tracker - INFO - Found 3 songs from Spotify API
2025-11-16 22:58:03,967 - music_tracker - INFO - Checking for duplicates in database...
2025-11-16 22:58:05,453 - music_tracker - INFO - Found 3 new songs out of 3 total
2025-11-16 22:58:05,455 - music_tracker - INFO - Found 3 new songs to save
2025-11-16 22:58:05,456 - music_tracker - INFO - Saving songs to database...
2025-11-16 22:58:05,806 - music_tracker - INFO - Successfully saved 3 songs to database
2025-11-16 22:58:05,808 - music_tracker - INFO - Successfully saved 3 songs to database
2025-11-16 22:58:05,809 - music_tracker - INFO - Song collection completed successfully
2025-11-16 23:58:02,730 - music_tracker - INFO - SpotiSpy song collection starting...
2025-11-16 23:58:02,730 - music_tracker - INFO - Starting song collection (last 1 hours)
2025-11-16 23:58:02,731 - music_tracker - INFO - Fetching recent tracks from Spotify...
2025-11-16 23:58:03,078 - music_tracker - INFO - No recent songs found from Spotify
2025-11-16 23:58:03,080 - music_tracker - INFO - No new songs found from Spotify API
2025-11-16 23:58:03,080 - music_tracker - INFO - Song collection completed successfully
