2025-07-26 00:58:07,284 - music_tracker - INFO - Uploading 2 songs
2025-07-26 01:58:09,644 - music_tracker - INFO - Uploading 10 songs
2025-07-26 02:58:07,408 - music_tracker - INFO - Zero songs listened to
2025-07-26 02:58:07,409 - music_tracker - INFO - No songs uploaded.
2025-07-26 03:58:07,143 - music_tracker - INFO - Zero songs listened to
2025-07-26 03:58:07,143 - music_tracker - INFO - No songs uploaded.
2025-07-26 04:58:06,868 - music_tracker - INFO - Zero songs listened to
2025-07-26 04:58:06,869 - music_tracker - INFO - No songs uploaded.
2025-07-26 05:58:06,591 - music_tracker - INFO - Zero songs listened to
2025-07-26 05:58:06,591 - music_tracker - INFO - No songs uploaded.
2025-07-26 06:58:07,382 - music_tracker - INFO - Zero songs listened to
2025-07-26 06:58:07,382 - music_tracker - INFO - No songs uploaded.
2025-07-26 07:58:07,111 - music_tracker - INFO - Zero songs listened to
2025-07-26 07:58:07,111 - music_tracker - INFO - No songs uploaded.
2025-07-26 08:58:06,831 - music_tracker - INFO - Zero songs listened to
2025-07-26 08:58:06,831 - music_tracker - INFO - No songs uploaded.
2025-07-26 09:00:11,227 - music_tracker - INFO - Starting music tracker analysis
2025-07-26 09:00:11,228 - music_tracker - INFO - Fetching data
2025-07-26 09:00:11,982 - music_tracker - INFO - Fetched 64 recent songs
2025-07-26 09:00:11,989 - music_tracker - INFO - Running top listens analysis
2025-07-26 09:00:11,989 - music_tracker - INFO - Calculating top songs listens
2025-07-26 09:00:11,990 - music_tracker - INFO - Sending message with top 3 songs
2025-07-26 09:00:12,665 - music_tracker - INFO - Message successfully sent!
2025-07-26 09:00:12,665 - music_tracker - INFO - Calculating top albums listens
2025-07-26 09:00:12,666 - music_tracker - INFO - Sending message with top 3 albums
2025-07-26 09:00:13,286 - music_tracker - INFO - Message successfully sent!
2025-07-26 09:00:13,286 - music_tracker - INFO - Calculating top artists listens
2025-07-26 09:00:13,286 - music_tracker - INFO - Sending message with top 3 artists
2025-07-26 09:00:13,892 - music_tracker - INFO - Message successfully sent!
2025-07-26 09:00:13,893 - music_tracker - INFO - Running popularity and listening hours analysis
2025-07-26 09:00:13,893 - music_tracker - INFO - Finding most popular track
2025-07-26 09:00:13,894 - music_tracker - INFO - Most popular song found: BIRDS OF A FEATHER with score 98
2025-07-26 09:00:14,529 - music_tracker - INFO - Message successfully sent!
2025-07-26 09:00:14,530 - music_tracker - INFO - Calculating most listened hour
2025-07-26 09:00:14,530 - music_tracker - INFO - Most listened hour: 06:00 with 40:48
2025-07-26 09:00:15,122 - music_tracker - INFO - Message successfully sent!
2025-07-26 09:00:15,123 - music_tracker - INFO - Calculating duration listened today
2025-07-26 09:00:15,756 - music_tracker - INFO - Message successfully sent!
2025-07-26 09:00:15,757 - music_tracker - INFO - Analysis completed successfully

2025-07-26 09:58:06,481 - music_tracker - INFO - Zero songs listened to
2025-07-26 09:58:06,482 - music_tracker - INFO - No songs uploaded.
2025-07-26 10:58:07,269 - music_tracker - INFO - Zero songs listened to
2025-07-26 10:58:07,270 - music_tracker - INFO - No songs uploaded.
2025-07-26 11:58:07,849 - music_tracker - INFO - Uploading 1 song
2025-07-26 12:39:55,593 - music_tracker - INFO - Starting music tracker analysis
2025-07-26 12:39:55,594 - music_tracker - INFO - Fetching data
2025-07-26 12:39:56,024 - music_tracker - INFO - Fetched 65 recent songs
2025-07-26 12:39:56,028 - music_tracker - INFO - Running top listens analysis
2025-07-26 12:39:56,028 - music_tracker - INFO - Calculating top songs listens
2025-07-26 12:39:56,029 - music_tracker - INFO - Sending message with top 3 songs
2025-07-26 12:39:56,642 - music_tracker - INFO - Message successfully sent!
2025-07-26 12:39:56,643 - music_tracker - INFO - Calculating top albums listens
2025-07-26 12:39:56,643 - music_tracker - INFO - Sending message with top 3 albums
2025-07-26 12:39:57,259 - music_tracker - INFO - Message successfully sent!
2025-07-26 12:39:57,260 - music_tracker - INFO - Calculating top artists listens
2025-07-26 12:39:57,260 - music_tracker - INFO - Sending message with top 3 artists
2025-07-26 12:39:57,874 - music_tracker - INFO - Message successfully sent!
2025-07-26 12:39:57,875 - music_tracker - INFO - Running popularity and listening hours analysis
2025-07-26 12:39:57,875 - music_tracker - INFO - Finding most popular track
2025-07-26 12:39:57,875 - music_tracker - INFO - Most popular song found: BIRDS OF A FEATHER with score 98
2025-07-26 12:39:58,463 - music_tracker - INFO - Message successfully sent!
2025-07-26 12:39:58,464 - music_tracker - INFO - Calculating most listened hour
2025-07-26 12:39:58,464 - music_tracker - INFO - Most listened hour: 16:00 with 43:26
2025-07-26 12:39:59,057 - music_tracker - INFO - Message successfully sent!
2025-07-26 12:39:59,057 - music_tracker - INFO - Calculating duration listened today
2025-07-26 12:39:59,655 - music_tracker - INFO - Message successfully sent!
2025-07-26 12:39:59,657 - music_tracker - INFO - Analysis completed successfully

2025-07-26 12:58:09,873 - music_tracker - INFO - Uploading 11 songs
2025-07-26 13:58:08,038 - music_tracker - INFO - Uploading 2 songs
2025-07-26 14:58:09,943 - music_tracker - INFO - Uploading 11 songs
2025-07-26 15:58:08,148 - music_tracker - INFO - Uploading 5 songs
2025-07-26 16:58:06,874 - music_tracker - INFO - Zero songs listened to
2025-07-26 16:58:06,874 - music_tracker - INFO - No songs uploaded.
2025-07-26 17:58:06,725 - music_tracker - INFO - Zero songs listened to
2025-07-26 17:58:06,726 - music_tracker - INFO - No songs uploaded.
2025-07-26 18:58:10,387 - music_tracker - INFO - Uploading 16 songs
2025-07-26 19:58:09,573 - music_tracker - INFO - Uploading 9 songs
2025-07-26 20:58:08,278 - music_tracker - INFO - Uploading 2 songs
2025-07-26 21:58:09,542 - music_tracker - INFO - Uploading 9 songs
2025-07-26 22:58:09,721 - music_tracker - INFO - Uploading 1 song
2025-07-26 23:58:06,380 - music_tracker - INFO - Zero songs listened to
2025-07-26 23:58:06,380 - music_tracker - INFO - No songs uploaded.
