2025-08-26 00:58:02,826 - music_tracker - INFO - SpotiSpy song collection starting...
2025-08-26 00:58:02,827 - music_tracker - INFO - Starting song collection (last 1 hours)
2025-08-26 00:58:02,828 - music_tracker - INFO - Fetching recent tracks from Spotify...
2025-08-26 00:58:03,175 - music_tracker - INFO - No recent songs found from Spotify
2025-08-26 00:58:03,177 - music_tracker - INFO - No new songs found from Spotify API
2025-08-26 00:58:03,178 - music_tracker - INFO - Song collection completed successfully
2025-08-26 01:58:03,092 - music_tracker - INFO - SpotiSpy song collection starting...
2025-08-26 01:58:03,093 - music_tracker - INFO - Starting song collection (last 1 hours)
2025-08-26 01:58:03,094 - music_tracker - INFO - Fetching recent tracks from Spotify...
2025-08-26 01:58:03,480 - music_tracker - INFO - No recent songs found from Spotify
2025-08-26 01:58:03,482 - music_tracker - INFO - No new songs found from Spotify API
2025-08-26 01:58:03,483 - music_tracker - INFO - Song collection completed successfully
2025-08-26 02:58:03,372 - music_tracker - INFO - SpotiSpy song collection starting...
2025-08-26 02:58:03,373 - music_tracker - INFO - Starting song collection (last 1 hours)
2025-08-26 02:58:03,374 - music_tracker - INFO - Fetching recent tracks from Spotify...
2025-08-26 02:58:03,711 - music_tracker - INFO - No recent songs found from Spotify
2025-08-26 02:58:03,713 - music_tracker - INFO - No new songs found from Spotify API
2025-08-26 02:58:03,714 - music_tracker - INFO - Song collection completed successfully
2025-08-26 03:58:03,273 - music_tracker - INFO - SpotiSpy song collection starting...
2025-08-26 03:58:03,273 - music_tracker - INFO - Starting song collection (last 1 hours)
2025-08-26 03:58:03,274 - music_tracker - INFO - Fetching recent tracks from Spotify...
2025-08-26 03:58:03,647 - music_tracker - INFO - No recent songs found from Spotify
2025-08-26 03:58:03,649 - music_tracker - INFO - No new songs found from Spotify API
2025-08-26 03:58:03,649 - music_tracker - INFO - Song collection completed successfully
2025-08-26 04:58:03,641 - music_tracker - INFO - SpotiSpy song collection starting...
2025-08-26 04:58:03,643 - music_tracker - INFO - Starting song collection (last 1 hours)
2025-08-26 04:58:03,644 - music_tracker - INFO - Fetching recent tracks from Spotify...
2025-08-26 04:58:04,016 - music_tracker - INFO - No recent songs found from Spotify
2025-08-26 04:58:04,018 - music_tracker - INFO - No new songs found from Spotify API
2025-08-26 04:58:04,018 - music_tracker - INFO - Song collection completed successfully
2025-08-26 05:58:02,938 - music_tracker - INFO - SpotiSpy song collection starting...
2025-08-26 05:58:02,939 - music_tracker - INFO - Starting song collection (last 1 hours)
2025-08-26 05:58:02,940 - music_tracker - INFO - Fetching recent tracks from Spotify...
2025-08-26 05:58:03,308 - music_tracker - INFO - No recent songs found from Spotify
2025-08-26 05:58:03,311 - music_tracker - INFO - No new songs found from Spotify API
2025-08-26 05:58:03,311 - music_tracker - INFO - Song collection completed successfully
2025-08-26 06:58:03,259 - music_tracker - INFO - SpotiSpy song collection starting...
2025-08-26 06:58:03,260 - music_tracker - INFO - Starting song collection (last 1 hours)
2025-08-26 06:58:03,261 - music_tracker - INFO - Fetching recent tracks from Spotify...
2025-08-26 06:58:03,614 - music_tracker - INFO - No recent songs found from Spotify
2025-08-26 06:58:03,616 - music_tracker - INFO - No new songs found from Spotify API
2025-08-26 06:58:03,616 - music_tracker - INFO - Song collection completed successfully
2025-08-26 07:58:03,510 - music_tracker - INFO - SpotiSpy song collection starting...
2025-08-26 07:58:03,510 - music_tracker - INFO - Starting song collection (last 1 hours)
2025-08-26 07:58:03,511 - music_tracker - INFO - Fetching recent tracks from Spotify...
2025-08-26 07:58:03,938 - music_tracker - INFO - No recent songs found from Spotify
2025-08-26 07:58:03,940 - music_tracker - INFO - No new songs found from Spotify API
2025-08-26 07:58:03,941 - music_tracker - INFO - Song collection completed successfully
2025-08-26 08:58:02,843 - music_tracker - INFO - SpotiSpy song collection starting...
2025-08-26 08:58:02,843 - music_tracker - INFO - Starting song collection (last 1 hours)
2025-08-26 08:58:02,844 - music_tracker - INFO - Fetching recent tracks from Spotify...
2025-08-26 08:58:03,229 - music_tracker - INFO - No recent songs found from Spotify
2025-08-26 08:58:03,231 - music_tracker - INFO - No new songs found from Spotify API
2025-08-26 08:58:03,232 - music_tracker - INFO - Song collection completed successfully
2025-08-26 09:00:12,812 - music_tracker - INFO - SpotiSpy starting...
2025-08-26 09:00:12,813 - music_tracker - INFO - Starting daily SpotiSpy analysis
2025-08-26 09:00:12,813 - music_tracker - INFO - Fetching yesterday's listening data...
2025-08-26 09:00:14,292 - music_tracker - INFO - Fetched 98 songs from database
2025-08-26 09:00:14,294 - music_tracker - INFO - Found 98 songs to analyze
2025-08-26 09:00:14,295 - music_tracker - INFO - Running analysis...
2025-08-26 09:00:14,306 - music_tracker - INFO - Sending daily summary to Slack...
2025-08-26 09:00:15,449 - music_tracker - INFO - Message sent successfully to Slack
2025-08-26 09:00:15,450 - music_tracker - INFO - Daily analysis completed successfully!
2025-08-26 09:00:15,451 - music_tracker - INFO - SpotiSpy completed successfully
2025-08-26 09:58:03,353 - music_tracker - INFO - SpotiSpy song collection starting...
2025-08-26 09:58:03,354 - music_tracker - INFO - Starting song collection (last 1 hours)
2025-08-26 09:58:03,354 - music_tracker - INFO - Fetching recent tracks from Spotify...
2025-08-26 09:58:03,726 - music_tracker - INFO - No recent songs found from Spotify
2025-08-26 09:58:03,728 - music_tracker - INFO - No new songs found from Spotify API
2025-08-26 09:58:03,729 - music_tracker - INFO - Song collection completed successfully
2025-08-26 10:58:02,641 - music_tracker - INFO - SpotiSpy song collection starting...
2025-08-26 10:58:02,643 - music_tracker - INFO - Starting song collection (last 1 hours)
2025-08-26 10:58:02,644 - music_tracker - INFO - Fetching recent tracks from Spotify...
2025-08-26 10:58:03,012 - music_tracker - INFO - No recent songs found from Spotify
2025-08-26 10:58:03,014 - music_tracker - INFO - No new songs found from Spotify API
2025-08-26 10:58:03,015 - music_tracker - INFO - Song collection completed successfully
2025-08-26 11:58:02,929 - music_tracker - INFO - SpotiSpy song collection starting...
2025-08-26 11:58:02,929 - music_tracker - INFO - Starting song collection (last 1 hours)
2025-08-26 11:58:02,930 - music_tracker - INFO - Fetching recent tracks from Spotify...
2025-08-26 11:58:03,308 - music_tracker - INFO - No recent songs found from Spotify
2025-08-26 11:58:03,310 - music_tracker - INFO - No new songs found from Spotify API
2025-08-26 11:58:03,311 - music_tracker - INFO - Song collection completed successfully
2025-08-26 12:58:03,215 - music_tracker - INFO - SpotiSpy song collection starting...
2025-08-26 12:58:03,216 - music_tracker - INFO - Starting song collection (last 1 hours)
2025-08-26 12:58:03,217 - music_tracker - INFO - Fetching recent tracks from Spotify...
2025-08-26 12:58:03,679 - music_tracker - INFO - Fetched 10 songs from Spotify
2025-08-26 12:58:03,682 - music_tracker - INFO - Found 10 songs from Spotify API
2025-08-26 12:58:03,683 - music_tracker - INFO - Checking for duplicates in database...
2025-08-26 12:58:05,143 - music_tracker - INFO - Found 10 new songs out of 10 total
2025-08-26 12:58:05,145 - music_tracker - INFO - Found 10 new songs to save
2025-08-26 12:58:05,146 - music_tracker - INFO - Saving songs to database...
2025-08-26 12:58:05,591 - music_tracker - INFO - Successfully saved 10 songs to database
2025-08-26 12:58:05,593 - music_tracker - INFO - Successfully saved 10 songs to database
2025-08-26 12:58:05,594 - music_tracker - INFO - Song collection completed successfully
2025-08-26 13:58:03,517 - music_tracker - INFO - SpotiSpy song collection starting...
2025-08-26 13:58:03,517 - music_tracker - INFO - Starting song collection (last 1 hours)
2025-08-26 13:58:03,518 - music_tracker - INFO - Fetching recent tracks from Spotify...
2025-08-26 13:58:04,007 - music_tracker - INFO - Fetched 15 songs from Spotify
2025-08-26 13:58:04,010 - music_tracker - INFO - Found 15 songs from Spotify API
2025-08-26 13:58:04,011 - music_tracker - INFO - Checking for duplicates in database...
2025-08-26 13:58:05,525 - music_tracker - INFO - Found 15 new songs out of 15 total
2025-08-26 13:58:05,527 - music_tracker - INFO - Found 15 new songs to save
2025-08-26 13:58:05,528 - music_tracker - INFO - Saving songs to database...
2025-08-26 13:58:05,833 - music_tracker - INFO - Successfully saved 15 songs to database
2025-08-26 13:58:05,836 - music_tracker - INFO - Successfully saved 15 songs to database
2025-08-26 13:58:05,836 - music_tracker - INFO - Song collection completed successfully
2025-08-26 14:58:03,877 - music_tracker - INFO - SpotiSpy song collection starting...
2025-08-26 14:58:03,878 - music_tracker - INFO - Starting song collection (last 1 hours)
2025-08-26 14:58:03,879 - music_tracker - INFO - Fetching recent tracks from Spotify...
2025-08-26 14:58:04,321 - music_tracker - INFO - No recent songs found from Spotify
2025-08-26 14:58:04,324 - music_tracker - INFO - No new songs found from Spotify API
2025-08-26 14:58:04,324 - music_tracker - INFO - Song collection completed successfully
2025-08-26 15:58:03,273 - music_tracker - INFO - SpotiSpy song collection starting...
2025-08-26 15:58:03,273 - music_tracker - INFO - Starting song collection (last 1 hours)
2025-08-26 15:58:03,274 - music_tracker - INFO - Fetching recent tracks from Spotify...
2025-08-26 15:58:03,717 - music_tracker - INFO - Fetched 5 songs from Spotify
2025-08-26 15:58:03,720 - music_tracker - INFO - Found 5 songs from Spotify API
2025-08-26 15:58:03,720 - music_tracker - INFO - Checking for duplicates in database...
2025-08-26 15:58:04,916 - music_tracker - INFO - Found 5 new songs out of 5 total
2025-08-26 15:58:04,918 - music_tracker - INFO - Found 5 new songs to save
2025-08-26 15:58:04,919 - music_tracker - INFO - Saving songs to database...
2025-08-26 15:58:05,371 - music_tracker - INFO - Successfully saved 5 songs to database
2025-08-26 15:58:05,373 - music_tracker - INFO - Successfully saved 5 songs to database
2025-08-26 15:58:05,373 - music_tracker - INFO - Song collection completed successfully
2025-08-26 16:58:03,292 - music_tracker - INFO - SpotiSpy song collection starting...
2025-08-26 16:58:03,292 - music_tracker - INFO - Starting song collection (last 1 hours)
2025-08-26 16:58:03,293 - music_tracker - INFO - Fetching recent tracks from Spotify...
2025-08-26 16:58:03,735 - music_tracker - INFO - Fetched 9 songs from Spotify
2025-08-26 16:58:03,738 - music_tracker - INFO - Found 9 songs from Spotify API
2025-08-26 16:58:03,738 - music_tracker - INFO - Checking for duplicates in database...
2025-08-26 16:58:05,105 - music_tracker - INFO - Found 9 new songs out of 9 total
2025-08-26 16:58:05,108 - music_tracker - INFO - Found 9 new songs to save
2025-08-26 16:58:05,108 - music_tracker - INFO - Saving songs to database...
2025-08-26 16:58:05,511 - music_tracker - INFO - Successfully saved 9 songs to database
2025-08-26 16:58:05,513 - music_tracker - INFO - Successfully saved 9 songs to database
2025-08-26 16:58:05,514 - music_tracker - INFO - Song collection completed successfully
2025-08-26 17:58:03,412 - music_tracker - INFO - SpotiSpy song collection starting...
2025-08-26 17:58:03,413 - music_tracker - INFO - Starting song collection (last 1 hours)
2025-08-26 17:58:03,413 - music_tracker - INFO - Fetching recent tracks from Spotify...
2025-08-26 17:58:03,939 - music_tracker - INFO - Fetched 17 songs from Spotify
2025-08-26 17:58:03,942 - music_tracker - INFO - Found 17 songs from Spotify API
2025-08-26 17:58:03,943 - music_tracker - INFO - Checking for duplicates in database...
2025-08-26 17:58:05,273 - music_tracker - INFO - Found 17 new songs out of 17 total
2025-08-26 17:58:05,275 - music_tracker - INFO - Found 17 new songs to save
2025-08-26 17:58:05,276 - music_tracker - INFO - Saving songs to database...
2025-08-26 17:58:05,688 - music_tracker - INFO - Successfully saved 17 songs to database
2025-08-26 17:58:05,690 - music_tracker - INFO - Successfully saved 17 songs to database
2025-08-26 17:58:05,691 - music_tracker - INFO - Song collection completed successfully
2025-08-26 18:58:02,609 - music_tracker - INFO - SpotiSpy song collection starting...
2025-08-26 18:58:02,610 - music_tracker - INFO - Starting song collection (last 1 hours)
2025-08-26 18:58:02,610 - music_tracker - INFO - Fetching recent tracks from Spotify...
2025-08-26 18:58:03,022 - music_tracker - INFO - Fetched 3 songs from Spotify
2025-08-26 18:58:03,025 - music_tracker - INFO - Found 3 songs from Spotify API
2025-08-26 18:58:03,026 - music_tracker - INFO - Checking for duplicates in database...
2025-08-26 18:58:04,156 - music_tracker - INFO - Found 3 new songs out of 3 total
2025-08-26 18:58:04,159 - music_tracker - INFO - Found 3 new songs to save
2025-08-26 18:58:04,160 - music_tracker - INFO - Saving songs to database...
2025-08-26 18:58:04,499 - music_tracker - INFO - Successfully saved 3 songs to database
2025-08-26 18:58:04,501 - music_tracker - INFO - Successfully saved 3 songs to database
2025-08-26 18:58:04,502 - music_tracker - INFO - Song collection completed successfully
2025-08-26 19:58:03,420 - music_tracker - INFO - SpotiSpy song collection starting...
2025-08-26 19:58:03,421 - music_tracker - INFO - Starting song collection (last 1 hours)
2025-08-26 19:58:03,421 - music_tracker - INFO - Fetching recent tracks from Spotify...
2025-08-26 19:58:03,966 - music_tracker - INFO - Fetched 5 songs from Spotify
2025-08-26 19:58:03,969 - music_tracker - INFO - Found 5 songs from Spotify API
2025-08-26 19:58:03,969 - music_tracker - INFO - Checking for duplicates in database...
2025-08-26 19:58:04,993 - music_tracker - INFO - Found 5 new songs out of 5 total
2025-08-26 19:58:04,995 - music_tracker - INFO - Found 5 new songs to save
2025-08-26 19:58:04,996 - music_tracker - INFO - Saving songs to database...
2025-08-26 19:58:05,278 - music_tracker - INFO - Successfully saved 5 songs to database
2025-08-26 19:58:05,280 - music_tracker - INFO - Successfully saved 5 songs to database
2025-08-26 19:58:05,281 - music_tracker - INFO - Song collection completed successfully
2025-08-26 20:58:03,251 - music_tracker - INFO - SpotiSpy song collection starting...
2025-08-26 20:58:03,251 - music_tracker - INFO - Starting song collection (last 1 hours)
2025-08-26 20:58:03,252 - music_tracker - INFO - Fetching recent tracks from Spotify...
2025-08-26 20:58:03,699 - music_tracker - INFO - Fetched 4 songs from Spotify
2025-08-26 20:58:03,702 - music_tracker - INFO - Found 4 songs from Spotify API
2025-08-26 20:58:03,702 - music_tracker - INFO - Checking for duplicates in database...
2025-08-26 20:58:04,401 - music_tracker - INFO - Found 4 new songs out of 4 total
2025-08-26 20:58:04,403 - music_tracker - INFO - Found 4 new songs to save
2025-08-26 20:58:04,404 - music_tracker - INFO - Saving songs to database...
2025-08-26 20:58:04,693 - music_tracker - INFO - Successfully saved 4 songs to database
2025-08-26 20:58:04,695 - music_tracker - INFO - Successfully saved 4 songs to database
2025-08-26 20:58:04,696 - music_tracker - INFO - Song collection completed successfully
2025-08-26 21:58:02,618 - music_tracker - INFO - SpotiSpy song collection starting...
2025-08-26 21:58:02,619 - music_tracker - INFO - Starting song collection (last 1 hours)
2025-08-26 21:58:02,620 - music_tracker - INFO - Fetching recent tracks from Spotify...
2025-08-26 21:58:03,087 - music_tracker - INFO - Fetched 3 songs from Spotify
2025-08-26 21:58:03,089 - music_tracker - INFO - Found 3 songs from Spotify API
2025-08-26 21:58:03,090 - music_tracker - INFO - Checking for duplicates in database...
2025-08-26 21:58:04,023 - music_tracker - INFO - Found 3 new songs out of 3 total
2025-08-26 21:58:04,026 - music_tracker - INFO - Found 3 new songs to save
2025-08-26 21:58:04,027 - music_tracker - INFO - Saving songs to database...
2025-08-26 21:58:04,382 - music_tracker - INFO - Successfully saved 3 songs to database
2025-08-26 21:58:04,385 - music_tracker - INFO - Successfully saved 3 songs to database
2025-08-26 21:58:04,385 - music_tracker - INFO - Song collection completed successfully
2025-08-26 22:58:03,303 - music_tracker - INFO - SpotiSpy song collection starting...
2025-08-26 22:58:03,304 - music_tracker - INFO - Starting song collection (last 1 hours)
2025-08-26 22:58:03,305 - music_tracker - INFO - Fetching recent tracks from Spotify...
2025-08-26 22:58:03,674 - music_tracker - INFO - No recent songs found from Spotify
2025-08-26 22:58:03,676 - music_tracker - INFO - No new songs found from Spotify API
2025-08-26 22:58:03,677 - music_tracker - INFO - Song collection completed successfully
2025-08-26 23:58:03,581 - music_tracker - INFO - SpotiSpy song collection starting...
2025-08-26 23:58:03,582 - music_tracker - INFO - Starting song collection (last 1 hours)
2025-08-26 23:58:03,582 - music_tracker - INFO - Fetching recent tracks from Spotify...
2025-08-26 23:58:03,969 - music_tracker - INFO - No recent songs found from Spotify
2025-08-26 23:58:03,971 - music_tracker - INFO - No new songs found from Spotify API
2025-08-26 23:58:03,971 - music_tracker - INFO - Song collection completed successfully
