2025-12-01 00:58:02,848 - music_tracker - INFO - SpotiSpy song collection starting...
2025-12-01 00:58:02,849 - music_tracker - INFO - Starting song collection (last 1 hours)
2025-12-01 00:58:02,850 - music_tracker - INFO - Fetching recent tracks from Spotify...
2025-12-01 00:58:03,261 - music_tracker - INFO - No recent songs found from Spotify
2025-12-01 00:58:03,263 - music_tracker - INFO - No new songs found from Spotify API
2025-12-01 00:58:03,263 - music_tracker - INFO - Song collection completed successfully
2025-12-01 01:58:03,169 - music_tracker - INFO - SpotiSpy song collection starting...
2025-12-01 01:58:03,170 - music_tracker - INFO - Starting song collection (last 1 hours)
2025-12-01 01:58:03,170 - music_tracker - INFO - Fetching recent tracks from Spotify...
2025-12-01 01:58:03,540 - music_tracker - INFO - No recent songs found from Spotify
2025-12-01 01:58:03,542 - music_tracker - INFO - No new songs found from Spotify API
2025-12-01 01:58:03,542 - music_tracker - INFO - Song collection completed successfully
2025-12-01 02:58:03,507 - music_tracker - INFO - SpotiSpy song collection starting...
2025-12-01 02:58:03,507 - music_tracker - INFO - Starting song collection (last 1 hours)
2025-12-01 02:58:03,508 - music_tracker - INFO - Fetching recent tracks from Spotify...
2025-12-01 02:58:03,870 - music_tracker - INFO - No recent songs found from Spotify
2025-12-01 02:58:03,872 - music_tracker - INFO - No new songs found from Spotify API
2025-12-01 02:58:03,873 - music_tracker - INFO - Song collection completed successfully
2025-12-01 03:58:02,807 - music_tracker - INFO - SpotiSpy song collection starting...
2025-12-01 03:58:02,808 - music_tracker - INFO - Starting song collection (last 1 hours)
2025-12-01 03:58:02,809 - music_tracker - INFO - Fetching recent tracks from Spotify...
2025-12-01 03:58:03,143 - music_tracker - INFO - No recent songs found from Spotify
2025-12-01 03:58:03,145 - music_tracker - INFO - No new songs found from Spotify API
2025-12-01 03:58:03,145 - music_tracker - INFO - Song collection completed successfully
2025-12-01 04:58:03,041 - music_tracker - INFO - SpotiSpy song collection starting...
2025-12-01 04:58:03,042 - music_tracker - INFO - Starting song collection (last 1 hours)
2025-12-01 04:58:03,043 - music_tracker - INFO - Fetching recent tracks from Spotify...
2025-12-01 04:58:03,414 - music_tracker - INFO - No recent songs found from Spotify
2025-12-01 04:58:03,416 - music_tracker - INFO - No new songs found from Spotify API
2025-12-01 04:58:03,416 - music_tracker - INFO - Song collection completed successfully
2025-12-01 05:58:03,404 - music_tracker - INFO - SpotiSpy song collection starting...
2025-12-01 05:58:03,405 - music_tracker - INFO - Starting song collection (last 1 hours)
2025-12-01 05:58:03,405 - music_tracker - INFO - Fetching recent tracks from Spotify...
2025-12-01 05:58:03,801 - music_tracker - INFO - No recent songs found from Spotify
2025-12-01 05:58:03,803 - music_tracker - INFO - No new songs found from Spotify API
2025-12-01 05:58:03,803 - music_tracker - INFO - Song collection completed successfully
2025-12-01 06:58:02,839 - music_tracker - INFO - SpotiSpy song collection starting...
2025-12-01 06:58:02,840 - music_tracker - INFO - Starting song collection (last 1 hours)
2025-12-01 06:58:02,841 - music_tracker - INFO - Fetching recent tracks from Spotify...
2025-12-01 06:58:03,687 - music_tracker - INFO - No recent songs found from Spotify
2025-12-01 06:58:03,690 - music_tracker - INFO - No new songs found from Spotify API
2025-12-01 06:58:03,691 - music_tracker - INFO - Song collection completed successfully
2025-12-01 07:58:02,620 - music_tracker - INFO - SpotiSpy song collection starting...
2025-12-01 07:58:02,620 - music_tracker - INFO - Starting song collection (last 1 hours)
2025-12-01 07:58:02,621 - music_tracker - INFO - Fetching recent tracks from Spotify...
2025-12-01 07:58:03,001 - music_tracker - INFO - No recent songs found from Spotify
2025-12-01 07:58:03,003 - music_tracker - INFO - No new songs found from Spotify API
2025-12-01 07:58:03,004 - music_tracker - INFO - Song collection completed successfully
2025-12-01 08:58:02,905 - music_tracker - INFO - SpotiSpy song collection starting...
2025-12-01 08:58:02,906 - music_tracker - INFO - Starting song collection (last 1 hours)
2025-12-01 08:58:02,907 - music_tracker - INFO - Fetching recent tracks from Spotify...
2025-12-01 08:58:03,479 - music_tracker - INFO - Fetched 1 songs from Spotify
2025-12-01 08:58:03,482 - music_tracker - INFO - Found 1 songs from Spotify API
2025-12-01 08:58:03,482 - music_tracker - INFO - Checking for duplicates in database...
2025-12-01 08:58:05,273 - music_tracker - INFO - Found 1 new songs out of 1 total
2025-12-01 08:58:05,275 - music_tracker - INFO - Found 1 new songs to save
2025-12-01 08:58:05,276 - music_tracker - INFO - Saving songs to database...
2025-12-01 08:58:05,538 - music_tracker - INFO - Successfully saved 1 songs to database
2025-12-01 08:58:05,540 - music_tracker - INFO - Successfully saved 1 songs to database
2025-12-01 08:58:05,541 - music_tracker - INFO - Song collection completed successfully
2025-12-01 09:00:13,092 - music_tracker - INFO - SpotiSpy starting...
2025-12-01 09:00:13,092 - music_tracker - INFO - Starting daily SpotiSpy analysis
2025-12-01 09:00:13,097 - music_tracker - INFO - Fetching yesterday's listening data...
2025-12-01 09:00:13,572 - music_tracker - INFO - Fetched 24 songs from database
2025-12-01 09:00:13,574 - music_tracker - INFO - Found 24 songs to analyze
2025-12-01 09:00:13,575 - music_tracker - INFO - Running analysis...
2025-12-01 09:00:13,578 - music_tracker - INFO - Sending daily summary to Slack...
2025-12-01 09:00:16,189 - music_tracker - INFO - Message sent successfully to Slack
2025-12-01 09:00:16,190 - music_tracker - INFO - Daily analysis completed successfully!
2025-12-01 09:00:16,190 - music_tracker - INFO - SpotiSpy completed successfully
2025-12-01 09:58:03,041 - music_tracker - INFO - SpotiSpy song collection starting...
2025-12-01 09:58:03,042 - music_tracker - INFO - Starting song collection (last 1 hours)
2025-12-01 09:58:03,043 - music_tracker - INFO - Fetching recent tracks from Spotify...
2025-12-01 09:58:03,724 - music_tracker - INFO - Fetched 8 songs from Spotify
2025-12-01 09:58:03,728 - music_tracker - INFO - Found 8 songs from Spotify API
2025-12-01 09:58:03,729 - music_tracker - INFO - Checking for duplicates in database...
2025-12-01 09:58:05,177 - music_tracker - INFO - Found 8 new songs out of 8 total
2025-12-01 09:58:05,179 - music_tracker - INFO - Found 8 new songs to save
2025-12-01 09:58:05,180 - music_tracker - INFO - Saving songs to database...
2025-12-01 09:58:05,508 - music_tracker - INFO - Successfully saved 8 songs to database
2025-12-01 09:58:05,510 - music_tracker - INFO - Successfully saved 8 songs to database
2025-12-01 09:58:05,511 - music_tracker - INFO - Song collection completed successfully
2025-12-01 10:58:03,425 - music_tracker - INFO - SpotiSpy song collection starting...
2025-12-01 10:58:03,426 - music_tracker - INFO - Starting song collection (last 1 hours)
2025-12-01 10:58:03,426 - music_tracker - INFO - Fetching recent tracks from Spotify...
2025-12-01 10:58:03,784 - music_tracker - INFO - No recent songs found from Spotify
2025-12-01 10:58:03,786 - music_tracker - INFO - No new songs found from Spotify API
2025-12-01 10:58:03,786 - music_tracker - INFO - Song collection completed successfully
2025-12-01 11:58:03,903 - music_tracker - INFO - SpotiSpy song collection starting...
2025-12-01 11:58:03,904 - music_tracker - INFO - Starting song collection (last 1 hours)
2025-12-01 11:58:03,905 - music_tracker - INFO - Fetching recent tracks from Spotify...
2025-12-01 11:58:04,523 - music_tracker - INFO - Fetched 2 songs from Spotify
2025-12-01 11:58:04,525 - music_tracker - INFO - Found 2 songs from Spotify API
2025-12-01 11:58:04,526 - music_tracker - INFO - Checking for duplicates in database...
2025-12-01 11:58:06,040 - music_tracker - INFO - Found 2 new songs out of 2 total
2025-12-01 11:58:06,043 - music_tracker - INFO - Found 2 new songs to save
2025-12-01 11:58:06,044 - music_tracker - INFO - Saving songs to database...
2025-12-01 11:58:06,362 - music_tracker - INFO - Successfully saved 2 songs to database
2025-12-01 11:58:06,368 - music_tracker - INFO - Successfully saved 2 songs to database
2025-12-01 11:58:06,369 - music_tracker - INFO - Song collection completed successfully
2025-12-01 12:58:03,297 - music_tracker - INFO - SpotiSpy song collection starting...
2025-12-01 12:58:03,298 - music_tracker - INFO - Starting song collection (last 1 hours)
2025-12-01 12:58:03,299 - music_tracker - INFO - Fetching recent tracks from Spotify...
2025-12-01 12:58:03,906 - music_tracker - INFO - Fetched 7 songs from Spotify
2025-12-01 12:58:03,908 - music_tracker - INFO - Found 7 songs from Spotify API
2025-12-01 12:58:03,909 - music_tracker - INFO - Checking for duplicates in database...
2025-12-01 12:58:05,375 - music_tracker - INFO - Found 7 new songs out of 7 total
2025-12-01 12:58:05,377 - music_tracker - INFO - Found 7 new songs to save
2025-12-01 12:58:05,378 - music_tracker - INFO - Saving songs to database...
2025-12-01 12:58:05,646 - music_tracker - INFO - Successfully saved 7 songs to database
2025-12-01 12:58:05,648 - music_tracker - INFO - Successfully saved 7 songs to database
2025-12-01 12:58:05,649 - music_tracker - INFO - Song collection completed successfully
2025-12-01 13:58:03,581 - music_tracker - INFO - SpotiSpy song collection starting...
2025-12-01 13:58:03,582 - music_tracker - INFO - Starting song collection (last 1 hours)
2025-12-01 13:58:03,582 - music_tracker - INFO - Fetching recent tracks from Spotify...
2025-12-01 13:58:04,439 - music_tracker - INFO - Fetched 4 songs from Spotify
2025-12-01 13:58:04,442 - music_tracker - INFO - Found 4 songs from Spotify API
2025-12-01 13:58:04,443 - music_tracker - INFO - Checking for duplicates in database...
2025-12-01 13:58:05,874 - music_tracker - INFO - Found 4 new songs out of 4 total
2025-12-01 13:58:05,876 - music_tracker - INFO - Found 4 new songs to save
2025-12-01 13:58:05,877 - music_tracker - INFO - Saving songs to database...
2025-12-01 13:58:06,245 - music_tracker - INFO - Successfully saved 4 songs to database
2025-12-01 13:58:06,247 - music_tracker - INFO - Successfully saved 4 songs to database
2025-12-01 13:58:06,248 - music_tracker - INFO - Song collection completed successfully
2025-12-01 14:58:03,155 - music_tracker - INFO - SpotiSpy song collection starting...
2025-12-01 14:58:03,155 - music_tracker - INFO - Starting song collection (last 1 hours)
2025-12-01 14:58:03,156 - music_tracker - INFO - Fetching recent tracks from Spotify...
2025-12-01 14:58:03,736 - music_tracker - INFO - Fetched 7 songs from Spotify
2025-12-01 14:58:03,738 - music_tracker - INFO - Found 7 songs from Spotify API
2025-12-01 14:58:03,739 - music_tracker - INFO - Checking for duplicates in database...
2025-12-01 14:58:05,107 - music_tracker - INFO - Found 7 new songs out of 7 total
2025-12-01 14:58:05,109 - music_tracker - INFO - Found 7 new songs to save
2025-12-01 14:58:05,110 - music_tracker - INFO - Saving songs to database...
2025-12-01 14:58:05,498 - music_tracker - INFO - Successfully saved 7 songs to database
2025-12-01 14:58:05,500 - music_tracker - INFO - Successfully saved 7 songs to database
2025-12-01 14:58:05,501 - music_tracker - INFO - Song collection completed successfully
2025-12-01 15:58:03,411 - music_tracker - INFO - SpotiSpy song collection starting...
2025-12-01 15:58:03,412 - music_tracker - INFO - Starting song collection (last 1 hours)
2025-12-01 15:58:03,412 - music_tracker - INFO - Fetching recent tracks from Spotify...
2025-12-01 15:58:03,975 - music_tracker - INFO - Fetched 19 songs from Spotify
2025-12-01 15:58:03,978 - music_tracker - INFO - Found 19 songs from Spotify API
2025-12-01 15:58:03,979 - music_tracker - INFO - Checking for duplicates in database...
2025-12-01 15:58:05,427 - music_tracker - INFO - Found 19 new songs out of 19 total
2025-12-01 15:58:05,429 - music_tracker - INFO - Found 19 new songs to save
2025-12-01 15:58:05,430 - music_tracker - INFO - Saving songs to database...
2025-12-01 15:58:05,868 - music_tracker - INFO - Successfully saved 19 songs to database
2025-12-01 15:58:05,871 - music_tracker - INFO - Successfully saved 19 songs to database
2025-12-01 15:58:05,872 - music_tracker - INFO - Song collection completed successfully
2025-12-01 16:58:02,781 - music_tracker - INFO - SpotiSpy song collection starting...
2025-12-01 16:58:02,782 - music_tracker - INFO - Starting song collection (last 1 hours)
2025-12-01 16:58:02,782 - music_tracker - INFO - Fetching recent tracks from Spotify...
2025-12-01 16:58:03,374 - music_tracker - INFO - Fetched 13 songs from Spotify
2025-12-01 16:58:03,377 - music_tracker - INFO - Found 13 songs from Spotify API
2025-12-01 16:58:03,378 - music_tracker - INFO - Checking for duplicates in database...
2025-12-01 16:58:04,608 - music_tracker - INFO - Found 13 new songs out of 13 total
2025-12-01 16:58:04,610 - music_tracker - INFO - Found 13 new songs to save
2025-12-01 16:58:04,611 - music_tracker - INFO - Saving songs to database...
2025-12-01 16:58:04,909 - music_tracker - INFO - Successfully saved 13 songs to database
2025-12-01 16:58:04,911 - music_tracker - INFO - Successfully saved 13 songs to database
2025-12-01 16:58:04,911 - music_tracker - INFO - Song collection completed successfully
2025-12-01 17:58:02,832 - music_tracker - INFO - SpotiSpy song collection starting...
2025-12-01 17:58:02,833 - music_tracker - INFO - Starting song collection (last 1 hours)
2025-12-01 17:58:02,834 - music_tracker - INFO - Fetching recent tracks from Spotify...
2025-12-01 17:58:03,195 - music_tracker - INFO - No recent songs found from Spotify
2025-12-01 17:58:03,197 - music_tracker - INFO - No new songs found from Spotify API
2025-12-01 17:58:03,197 - music_tracker - INFO - Song collection completed successfully
2025-12-01 18:58:03,155 - music_tracker - INFO - SpotiSpy song collection starting...
2025-12-01 18:58:03,155 - music_tracker - INFO - Starting song collection (last 1 hours)
2025-12-01 18:58:03,156 - music_tracker - INFO - Fetching recent tracks from Spotify...
2025-12-01 18:58:03,601 - music_tracker - INFO - No recent songs found from Spotify
2025-12-01 18:58:03,604 - music_tracker - INFO - No new songs found from Spotify API
2025-12-01 18:58:03,604 - music_tracker - INFO - Song collection completed successfully
2025-12-01 19:58:03,501 - music_tracker - INFO - SpotiSpy song collection starting...
2025-12-01 19:58:03,502 - music_tracker - INFO - Starting song collection (last 1 hours)
2025-12-01 19:58:03,503 - music_tracker - INFO - Fetching recent tracks from Spotify...
2025-12-01 19:58:09,013 - music_tracker - INFO - Fetched 1 songs from Spotify
2025-12-01 19:58:09,016 - music_tracker - INFO - Found 1 songs from Spotify API
2025-12-01 19:58:09,016 - music_tracker - INFO - Checking for duplicates in database...
2025-12-01 19:58:10,621 - music_tracker - INFO - Found 1 new songs out of 1 total
2025-12-01 19:58:10,623 - music_tracker - INFO - Found 1 new songs to save
2025-12-01 19:58:10,624 - music_tracker - INFO - Saving songs to database...
2025-12-01 19:58:11,020 - music_tracker - INFO - Successfully saved 1 songs to database
2025-12-01 19:58:11,022 - music_tracker - INFO - Successfully saved 1 songs to database
2025-12-01 19:58:11,023 - music_tracker - INFO - Song collection completed successfully
2025-12-01 20:58:02,944 - music_tracker - INFO - SpotiSpy song collection starting...
2025-12-01 20:58:02,945 - music_tracker - INFO - Starting song collection (last 1 hours)
2025-12-01 20:58:02,946 - music_tracker - INFO - Fetching recent tracks from Spotify...
2025-12-01 20:58:03,296 - music_tracker - INFO - No recent songs found from Spotify
2025-12-01 20:58:03,298 - music_tracker - INFO - No new songs found from Spotify API
2025-12-01 20:58:03,298 - music_tracker - INFO - Song collection completed successfully
2025-12-01 21:58:03,190 - music_tracker - INFO - SpotiSpy song collection starting...
2025-12-01 21:58:03,191 - music_tracker - INFO - Starting song collection (last 1 hours)
2025-12-01 21:58:03,191 - music_tracker - INFO - Fetching recent tracks from Spotify...
2025-12-01 21:58:03,596 - music_tracker - INFO - No recent songs found from Spotify
2025-12-01 21:58:03,598 - music_tracker - INFO - No new songs found from Spotify API
2025-12-01 21:58:03,598 - music_tracker - INFO - Song collection completed successfully
2025-12-01 22:58:03,503 - music_tracker - INFO - SpotiSpy song collection starting...
2025-12-01 22:58:03,504 - music_tracker - INFO - Starting song collection (last 1 hours)
2025-12-01 22:58:03,505 - music_tracker - INFO - Fetching recent tracks from Spotify...
2025-12-01 22:58:03,894 - music_tracker - INFO - No recent songs found from Spotify
2025-12-01 22:58:03,896 - music_tracker - INFO - No new songs found from Spotify API
2025-12-01 22:58:03,896 - music_tracker - INFO - Song collection completed successfully
2025-12-01 23:58:03,392 - music_tracker - INFO - SpotiSpy song collection starting...
2025-12-01 23:58:03,392 - music_tracker - INFO - Starting song collection (last 1 hours)
2025-12-01 23:58:03,393 - music_tracker - INFO - Fetching recent tracks from Spotify...
2025-12-01 23:58:08,801 - music_tracker - INFO - No recent songs found from Spotify
2025-12-01 23:58:08,804 - music_tracker - INFO - No new songs found from Spotify API
2025-12-01 23:58:08,804 - music_tracker - INFO - Song collection completed successfully
