2025-10-29 00:58:02,617 - music_tracker - INFO - SpotiSpy song collection starting...
2025-10-29 00:58:02,617 - music_tracker - INFO - Starting song collection (last 1 hours)
2025-10-29 00:58:02,618 - music_tracker - INFO - Fetching recent tracks from Spotify...
2025-10-29 00:58:03,134 - music_tracker - INFO - Fetched 5 songs from Spotify
2025-10-29 00:58:03,137 - music_tracker - INFO - Found 5 songs from Spotify API
2025-10-29 00:58:03,137 - music_tracker - INFO - Checking for duplicates in database...
2025-10-29 00:58:04,511 - music_tracker - INFO - Found 5 new songs out of 5 total
2025-10-29 00:58:04,513 - music_tracker - INFO - Found 5 new songs to save
2025-10-29 00:58:04,514 - music_tracker - INFO - Saving songs to database...
2025-10-29 00:58:04,782 - music_tracker - INFO - Successfully saved 5 songs to database
2025-10-29 00:58:04,784 - music_tracker - INFO - Successfully saved 5 songs to database
2025-10-29 00:58:04,785 - music_tracker - INFO - Song collection completed successfully
2025-10-29 01:58:02,693 - music_tracker - INFO - SpotiSpy song collection starting...
2025-10-29 01:58:02,694 - music_tracker - INFO - Starting song collection (last 1 hours)
2025-10-29 01:58:02,694 - music_tracker - INFO - Fetching recent tracks from Spotify...
2025-10-29 01:58:03,067 - music_tracker - INFO - No recent songs found from Spotify
2025-10-29 01:58:03,069 - music_tracker - INFO - No new songs found from Spotify API
2025-10-29 01:58:03,070 - music_tracker - INFO - Song collection completed successfully
2025-10-29 02:58:02,958 - music_tracker - INFO - SpotiSpy song collection starting...
2025-10-29 02:58:02,959 - music_tracker - INFO - Starting song collection (last 1 hours)
2025-10-29 02:58:02,959 - music_tracker - INFO - Fetching recent tracks from Spotify...
2025-10-29 02:58:03,346 - music_tracker - INFO - No recent songs found from Spotify
2025-10-29 02:58:03,348 - music_tracker - INFO - No new songs found from Spotify API
2025-10-29 02:58:03,349 - music_tracker - INFO - Song collection completed successfully
2025-10-29 03:58:04,073 - music_tracker - INFO - SpotiSpy song collection starting...
2025-10-29 03:58:04,074 - music_tracker - INFO - Starting song collection (last 1 hours)
2025-10-29 03:58:04,075 - music_tracker - INFO - Fetching recent tracks from Spotify...
2025-10-29 03:58:04,441 - music_tracker - INFO - No recent songs found from Spotify
2025-10-29 03:58:04,443 - music_tracker - INFO - No new songs found from Spotify API
2025-10-29 03:58:04,444 - music_tracker - INFO - Song collection completed successfully
2025-10-29 04:58:03,472 - music_tracker - INFO - SpotiSpy song collection starting...
2025-10-29 04:58:03,474 - music_tracker - INFO - Starting song collection (last 1 hours)
2025-10-29 04:58:03,475 - music_tracker - INFO - Fetching recent tracks from Spotify...
2025-10-29 04:58:03,819 - music_tracker - INFO - No recent songs found from Spotify
2025-10-29 04:58:03,821 - music_tracker - INFO - No new songs found from Spotify API
2025-10-29 04:58:03,822 - music_tracker - INFO - Song collection completed successfully
2025-10-29 05:58:02,915 - music_tracker - INFO - SpotiSpy song collection starting...
2025-10-29 05:58:02,915 - music_tracker - INFO - Starting song collection (last 1 hours)
2025-10-29 05:58:02,916 - music_tracker - INFO - Fetching recent tracks from Spotify...
2025-10-29 05:58:03,312 - music_tracker - INFO - No recent songs found from Spotify
2025-10-29 05:58:03,314 - music_tracker - INFO - No new songs found from Spotify API
2025-10-29 05:58:03,315 - music_tracker - INFO - Song collection completed successfully
2025-10-29 06:58:03,264 - music_tracker - INFO - SpotiSpy song collection starting...
2025-10-29 06:58:03,264 - music_tracker - INFO - Starting song collection (last 1 hours)
2025-10-29 06:58:03,265 - music_tracker - INFO - Fetching recent tracks from Spotify...
2025-10-29 06:58:03,630 - music_tracker - INFO - No recent songs found from Spotify
2025-10-29 06:58:03,633 - music_tracker - INFO - No new songs found from Spotify API
2025-10-29 06:58:03,633 - music_tracker - INFO - Song collection completed successfully
2025-10-29 07:58:03,619 - music_tracker - INFO - SpotiSpy song collection starting...
2025-10-29 07:58:03,620 - music_tracker - INFO - Starting song collection (last 1 hours)
2025-10-29 07:58:03,620 - music_tracker - INFO - Fetching recent tracks from Spotify...
2025-10-29 07:58:04,005 - music_tracker - INFO - No recent songs found from Spotify
2025-10-29 07:58:04,008 - music_tracker - INFO - No new songs found from Spotify API
2025-10-29 07:58:04,008 - music_tracker - INFO - Song collection completed successfully
2025-10-29 08:58:02,981 - music_tracker - INFO - SpotiSpy song collection starting...
2025-10-29 08:58:02,982 - music_tracker - INFO - Starting song collection (last 1 hours)
2025-10-29 08:58:02,982 - music_tracker - INFO - Fetching recent tracks from Spotify...
2025-10-29 08:58:03,448 - music_tracker - INFO - Fetched 7 songs from Spotify
2025-10-29 08:58:03,451 - music_tracker - INFO - Found 7 songs from Spotify API
2025-10-29 08:58:03,452 - music_tracker - INFO - Checking for duplicates in database...
2025-10-29 08:58:05,231 - music_tracker - INFO - Found 7 new songs out of 7 total
2025-10-29 08:58:05,233 - music_tracker - INFO - Found 7 new songs to save
2025-10-29 08:58:05,234 - music_tracker - INFO - Saving songs to database...
2025-10-29 08:58:05,557 - music_tracker - INFO - Successfully saved 7 songs to database
2025-10-29 08:58:05,559 - music_tracker - INFO - Successfully saved 7 songs to database
2025-10-29 08:58:05,560 - music_tracker - INFO - Song collection completed successfully
2025-10-29 09:00:13,488 - music_tracker - INFO - SpotiSpy starting...
2025-10-29 09:00:13,489 - music_tracker - INFO - Starting daily SpotiSpy analysis
2025-10-29 09:00:13,494 - music_tracker - INFO - Fetching yesterday's listening data...
2025-10-29 09:00:19,148 - music_tracker - INFO - Fetched 50 songs from database
2025-10-29 09:00:19,152 - music_tracker - INFO - Found 50 songs to analyze
2025-10-29 09:00:19,153 - music_tracker - INFO - Running analysis...
2025-10-29 09:00:19,157 - music_tracker - INFO - Sending daily summary to Slack...
2025-10-29 09:00:26,660 - music_tracker - INFO - Message sent successfully to Slack
2025-10-29 09:00:26,661 - music_tracker - INFO - Daily analysis completed successfully!
2025-10-29 09:00:26,662 - music_tracker - INFO - SpotiSpy completed successfully
2025-10-29 09:58:04,680 - music_tracker - INFO - SpotiSpy song collection starting...
2025-10-29 09:58:04,681 - music_tracker - INFO - Starting song collection (last 1 hours)
2025-10-29 09:58:04,682 - music_tracker - INFO - Fetching recent tracks from Spotify...
2025-10-29 09:58:05,407 - music_tracker - INFO - Fetched 1 songs from Spotify
2025-10-29 09:58:05,410 - music_tracker - INFO - Found 1 songs from Spotify API
2025-10-29 09:58:05,411 - music_tracker - INFO - Checking for duplicates in database...
2025-10-29 09:58:06,756 - music_tracker - INFO - Found 1 new songs out of 1 total
2025-10-29 09:58:06,758 - music_tracker - INFO - Found 1 new songs to save
2025-10-29 09:58:06,759 - music_tracker - INFO - Saving songs to database...
2025-10-29 09:58:07,049 - music_tracker - INFO - Successfully saved 1 songs to database
2025-10-29 09:58:07,057 - music_tracker - INFO - Successfully saved 1 songs to database
2025-10-29 09:58:07,058 - music_tracker - INFO - Song collection completed successfully
2025-10-29 10:58:03,054 - music_tracker - INFO - SpotiSpy song collection starting...
2025-10-29 10:58:03,054 - music_tracker - INFO - Starting song collection (last 1 hours)
2025-10-29 10:58:03,055 - music_tracker - INFO - Fetching recent tracks from Spotify...
2025-10-29 10:58:03,430 - music_tracker - INFO - No recent songs found from Spotify
2025-10-29 10:58:03,432 - music_tracker - INFO - No new songs found from Spotify API
2025-10-29 10:58:03,433 - music_tracker - INFO - Song collection completed successfully
2025-10-29 11:58:03,339 - music_tracker - INFO - SpotiSpy song collection starting...
2025-10-29 11:58:03,340 - music_tracker - INFO - Starting song collection (last 1 hours)
2025-10-29 11:58:03,341 - music_tracker - INFO - Fetching recent tracks from Spotify...
2025-10-29 11:58:13,801 - music_tracker - INFO - No recent songs found from Spotify
2025-10-29 11:58:13,804 - music_tracker - INFO - No new songs found from Spotify API
2025-10-29 11:58:13,805 - music_tracker - INFO - Song collection completed successfully
2025-10-29 12:58:02,705 - music_tracker - INFO - SpotiSpy song collection starting...
2025-10-29 12:58:02,706 - music_tracker - INFO - Starting song collection (last 1 hours)
2025-10-29 12:58:02,706 - music_tracker - INFO - Fetching recent tracks from Spotify...
2025-10-29 12:58:03,291 - music_tracker - INFO - Fetched 11 songs from Spotify
2025-10-29 12:58:03,294 - music_tracker - INFO - Found 11 songs from Spotify API
2025-10-29 12:58:03,295 - music_tracker - INFO - Checking for duplicates in database...
2025-10-29 12:58:04,844 - music_tracker - INFO - Found 11 new songs out of 11 total
2025-10-29 12:58:04,847 - music_tracker - INFO - Found 11 new songs to save
2025-10-29 12:58:04,847 - music_tracker - INFO - Saving songs to database...
2025-10-29 12:58:05,300 - music_tracker - INFO - Successfully saved 11 songs to database
2025-10-29 12:58:05,302 - music_tracker - INFO - Successfully saved 11 songs to database
2025-10-29 12:58:05,303 - music_tracker - INFO - Song collection completed successfully
2025-10-29 13:58:03,206 - music_tracker - INFO - SpotiSpy song collection starting...
2025-10-29 13:58:03,207 - music_tracker - INFO - Starting song collection (last 1 hours)
2025-10-29 13:58:03,207 - music_tracker - INFO - Fetching recent tracks from Spotify...
2025-10-29 13:58:03,682 - music_tracker - INFO - Fetched 9 songs from Spotify
2025-10-29 13:58:03,685 - music_tracker - INFO - Found 9 songs from Spotify API
2025-10-29 13:58:03,686 - music_tracker - INFO - Checking for duplicates in database...
2025-10-29 13:58:04,903 - music_tracker - INFO - Found 9 new songs out of 9 total
2025-10-29 13:58:04,905 - music_tracker - INFO - Found 9 new songs to save
2025-10-29 13:58:04,905 - music_tracker - INFO - Saving songs to database...
2025-10-29 13:58:05,271 - music_tracker - INFO - Successfully saved 9 songs to database
2025-10-29 13:58:05,273 - music_tracker - INFO - Successfully saved 9 songs to database
2025-10-29 13:58:05,273 - music_tracker - INFO - Song collection completed successfully
2025-10-29 14:58:03,191 - music_tracker - INFO - SpotiSpy song collection starting...
2025-10-29 14:58:03,192 - music_tracker - INFO - Starting song collection (last 1 hours)
2025-10-29 14:58:03,193 - music_tracker - INFO - Fetching recent tracks from Spotify...
2025-10-29 14:58:03,824 - music_tracker - INFO - Fetched 19 songs from Spotify
2025-10-29 14:58:03,827 - music_tracker - INFO - Found 19 songs from Spotify API
2025-10-29 14:58:03,828 - music_tracker - INFO - Checking for duplicates in database...
2025-10-29 14:58:05,236 - music_tracker - INFO - Found 19 new songs out of 19 total
2025-10-29 14:58:05,238 - music_tracker - INFO - Found 19 new songs to save
2025-10-29 14:58:05,239 - music_tracker - INFO - Saving songs to database...
2025-10-29 14:58:05,648 - music_tracker - INFO - Successfully saved 19 songs to database
2025-10-29 14:58:05,650 - music_tracker - INFO - Successfully saved 19 songs to database
2025-10-29 14:58:05,651 - music_tracker - INFO - Song collection completed successfully
2025-10-29 15:58:03,588 - music_tracker - INFO - SpotiSpy song collection starting...
2025-10-29 15:58:03,589 - music_tracker - INFO - Starting song collection (last 1 hours)
2025-10-29 15:58:03,590 - music_tracker - INFO - Fetching recent tracks from Spotify...
2025-10-29 15:58:04,052 - music_tracker - INFO - Fetched 6 songs from Spotify
2025-10-29 15:58:04,055 - music_tracker - INFO - Found 6 songs from Spotify API
2025-10-29 15:58:04,055 - music_tracker - INFO - Checking for duplicates in database...
2025-10-29 15:58:05,481 - music_tracker - INFO - Found 6 new songs out of 6 total
2025-10-29 15:58:05,483 - music_tracker - INFO - Found 6 new songs to save
2025-10-29 15:58:05,484 - music_tracker - INFO - Saving songs to database...
2025-10-29 15:58:05,790 - music_tracker - INFO - Successfully saved 6 songs to database
2025-10-29 15:58:05,792 - music_tracker - INFO - Successfully saved 6 songs to database
2025-10-29 15:58:05,792 - music_tracker - INFO - Song collection completed successfully
2025-10-29 16:58:02,742 - music_tracker - INFO - SpotiSpy song collection starting...
2025-10-29 16:58:02,743 - music_tracker - INFO - Starting song collection (last 1 hours)
2025-10-29 16:58:02,743 - music_tracker - INFO - Fetching recent tracks from Spotify...
2025-10-29 16:58:03,126 - music_tracker - INFO - No recent songs found from Spotify
2025-10-29 16:58:03,128 - music_tracker - INFO - No new songs found from Spotify API
2025-10-29 16:58:03,129 - music_tracker - INFO - Song collection completed successfully
2025-10-29 17:58:03,046 - music_tracker - INFO - SpotiSpy song collection starting...
2025-10-29 17:58:03,046 - music_tracker - INFO - Starting song collection (last 1 hours)
2025-10-29 17:58:03,047 - music_tracker - INFO - Fetching recent tracks from Spotify...
2025-10-29 17:58:03,517 - music_tracker - INFO - Fetched 5 songs from Spotify
2025-10-29 17:58:03,519 - music_tracker - INFO - Found 5 songs from Spotify API
2025-10-29 17:58:03,520 - music_tracker - INFO - Checking for duplicates in database...
2025-10-29 17:58:05,020 - music_tracker - INFO - Found 5 new songs out of 5 total
2025-10-29 17:58:05,022 - music_tracker - INFO - Found 5 new songs to save
2025-10-29 17:58:05,023 - music_tracker - INFO - Saving songs to database...
2025-10-29 17:58:05,363 - music_tracker - INFO - Successfully saved 5 songs to database
2025-10-29 17:58:05,365 - music_tracker - INFO - Successfully saved 5 songs to database
2025-10-29 17:58:05,366 - music_tracker - INFO - Song collection completed successfully
2025-10-29 18:58:03,287 - music_tracker - INFO - SpotiSpy song collection starting...
2025-10-29 18:58:03,287 - music_tracker - INFO - Starting song collection (last 1 hours)
2025-10-29 18:58:03,288 - music_tracker - INFO - Fetching recent tracks from Spotify...
2025-10-29 18:58:03,499 - music_tracker - ERROR - Error fetching from Spotify: error: <html>
<head><title>502 Bad Gateway</title></head>
<body>
<center><h1>502 Bad Gateway</h1></center>
<hr><center>openresty</center>
</body>
</html>
, error_description: None
2025-10-29 18:58:03,501 - music_tracker - INFO - No new songs found from Spotify API
2025-10-29 18:58:03,502 - music_tracker - INFO - Song collection completed successfully
2025-10-29 19:58:03,389 - music_tracker - INFO - SpotiSpy song collection starting...
2025-10-29 19:58:03,390 - music_tracker - INFO - Starting song collection (last 1 hours)
2025-10-29 19:58:03,390 - music_tracker - INFO - Fetching recent tracks from Spotify...
2025-10-29 19:58:03,759 - music_tracker - INFO - No recent songs found from Spotify
2025-10-29 19:58:03,761 - music_tracker - INFO - No new songs found from Spotify API
2025-10-29 19:58:03,762 - music_tracker - INFO - Song collection completed successfully
2025-10-29 20:58:02,644 - music_tracker - INFO - SpotiSpy song collection starting...
2025-10-29 20:58:02,644 - music_tracker - INFO - Starting song collection (last 1 hours)
2025-10-29 20:58:02,645 - music_tracker - INFO - Fetching recent tracks from Spotify...
2025-10-29 20:58:03,482 - music_tracker - INFO - Fetched 3 songs from Spotify
2025-10-29 20:58:03,485 - music_tracker - INFO - Found 3 songs from Spotify API
2025-10-29 20:58:03,486 - music_tracker - INFO - Checking for duplicates in database...
2025-10-29 20:58:04,959 - music_tracker - INFO - Found 3 new songs out of 3 total
2025-10-29 20:58:04,961 - music_tracker - INFO - Found 3 new songs to save
2025-10-29 20:58:04,962 - music_tracker - INFO - Saving songs to database...
2025-10-29 20:58:05,297 - music_tracker - INFO - Successfully saved 3 songs to database
2025-10-29 20:58:05,299 - music_tracker - INFO - Successfully saved 3 songs to database
2025-10-29 20:58:05,300 - music_tracker - INFO - Song collection completed successfully
2025-10-29 21:58:03,254 - music_tracker - INFO - SpotiSpy song collection starting...
2025-10-29 21:58:03,254 - music_tracker - INFO - Starting song collection (last 1 hours)
2025-10-29 21:58:03,255 - music_tracker - INFO - Fetching recent tracks from Spotify...
2025-10-29 21:58:03,674 - music_tracker - INFO - No recent songs found from Spotify
2025-10-29 21:58:03,676 - music_tracker - INFO - No new songs found from Spotify API
2025-10-29 21:58:03,676 - music_tracker - INFO - Song collection completed successfully
2025-10-29 22:58:03,585 - music_tracker - INFO - SpotiSpy song collection starting...
2025-10-29 22:58:03,586 - music_tracker - INFO - Starting song collection (last 1 hours)
2025-10-29 22:58:03,586 - music_tracker - INFO - Fetching recent tracks from Spotify...
2025-10-29 22:58:03,952 - music_tracker - INFO - No recent songs found from Spotify
2025-10-29 22:58:03,954 - music_tracker - INFO - No new songs found from Spotify API
2025-10-29 22:58:03,955 - music_tracker - INFO - Song collection completed successfully
2025-10-29 23:58:02,824 - music_tracker - INFO - SpotiSpy song collection starting...
2025-10-29 23:58:02,824 - music_tracker - INFO - Starting song collection (last 1 hours)
2025-10-29 23:58:02,825 - music_tracker - INFO - Fetching recent tracks from Spotify...
2025-10-29 23:58:03,193 - music_tracker - INFO - No recent songs found from Spotify
2025-10-29 23:58:03,195 - music_tracker - INFO - No new songs found from Spotify API
2025-10-29 23:58:03,196 - music_tracker - INFO - Song collection completed successfully
