2025-08-24 00:58:02,926 - music_tracker - INFO - SpotiSpy song collection starting...
2025-08-24 00:58:02,927 - music_tracker - INFO - Starting song collection (last 1 hours)
2025-08-24 00:58:02,928 - music_tracker - INFO - Fetching recent tracks from Spotify...
2025-08-24 00:58:03,552 - music_tracker - INFO - Fetched 10 songs from Spotify
2025-08-24 00:58:03,554 - music_tracker - INFO - Found 10 songs from Spotify API
2025-08-24 00:58:03,555 - music_tracker - INFO - Checking for duplicates in database...
2025-08-24 00:58:04,890 - music_tracker - INFO - Found 10 new songs out of 10 total
2025-08-24 00:58:04,892 - music_tracker - INFO - Found 10 new songs to save
2025-08-24 00:58:04,893 - music_tracker - INFO - Saving songs to database...
2025-08-24 00:58:05,284 - music_tracker - INFO - Successfully saved 10 songs to database
2025-08-24 00:58:05,286 - music_tracker - INFO - Successfully saved 10 songs to database
2025-08-24 00:58:05,287 - music_tracker - INFO - Song collection completed successfully
2025-08-24 01:58:03,250 - music_tracker - INFO - SpotiSpy song collection starting...
2025-08-24 01:58:03,250 - music_tracker - INFO - Starting song collection (last 1 hours)
2025-08-24 01:58:03,251 - music_tracker - INFO - Fetching recent tracks from Spotify...
2025-08-24 01:58:03,726 - music_tracker - INFO - Fetched 6 songs from Spotify
2025-08-24 01:58:03,729 - music_tracker - INFO - Found 6 songs from Spotify API
2025-08-24 01:58:03,730 - music_tracker - INFO - Checking for duplicates in database...
2025-08-24 01:58:05,152 - music_tracker - INFO - Found 6 new songs out of 6 total
2025-08-24 01:58:05,155 - music_tracker - INFO - Found 6 new songs to save
2025-08-24 01:58:05,156 - music_tracker - INFO - Saving songs to database...
2025-08-24 01:58:05,543 - music_tracker - INFO - Successfully saved 6 songs to database
2025-08-24 01:58:05,545 - music_tracker - INFO - Successfully saved 6 songs to database
2025-08-24 01:58:05,546 - music_tracker - INFO - Song collection completed successfully
2025-08-24 02:58:03,460 - music_tracker - INFO - SpotiSpy song collection starting...
2025-08-24 02:58:03,461 - music_tracker - INFO - Starting song collection (last 1 hours)
2025-08-24 02:58:03,462 - music_tracker - INFO - Fetching recent tracks from Spotify...
2025-08-24 02:58:03,813 - music_tracker - INFO - No recent songs found from Spotify
2025-08-24 02:58:03,815 - music_tracker - INFO - No new songs found from Spotify API
2025-08-24 02:58:03,816 - music_tracker - INFO - Song collection completed successfully
2025-08-24 03:58:02,758 - music_tracker - INFO - SpotiSpy song collection starting...
2025-08-24 03:58:02,758 - music_tracker - INFO - Starting song collection (last 1 hours)
2025-08-24 03:58:02,759 - music_tracker - INFO - Fetching recent tracks from Spotify...
2025-08-24 03:58:03,130 - music_tracker - INFO - No recent songs found from Spotify
2025-08-24 03:58:03,132 - music_tracker - INFO - No new songs found from Spotify API
2025-08-24 03:58:03,133 - music_tracker - INFO - Song collection completed successfully
2025-08-24 04:58:03,016 - music_tracker - INFO - SpotiSpy song collection starting...
2025-08-24 04:58:03,017 - music_tracker - INFO - Starting song collection (last 1 hours)
2025-08-24 04:58:03,017 - music_tracker - INFO - Fetching recent tracks from Spotify...
2025-08-24 04:58:03,399 - music_tracker - INFO - No recent songs found from Spotify
2025-08-24 04:58:03,401 - music_tracker - INFO - No new songs found from Spotify API
2025-08-24 04:58:03,401 - music_tracker - INFO - Song collection completed successfully
2025-08-24 05:58:03,371 - music_tracker - INFO - SpotiSpy song collection starting...
2025-08-24 05:58:03,372 - music_tracker - INFO - Starting song collection (last 1 hours)
2025-08-24 05:58:03,373 - music_tracker - INFO - Fetching recent tracks from Spotify...
2025-08-24 05:58:03,729 - music_tracker - INFO - No recent songs found from Spotify
2025-08-24 05:58:03,731 - music_tracker - INFO - No new songs found from Spotify API
2025-08-24 05:58:03,732 - music_tracker - INFO - Song collection completed successfully
2025-08-24 06:58:02,719 - music_tracker - INFO - SpotiSpy song collection starting...
2025-08-24 06:58:02,719 - music_tracker - INFO - Starting song collection (last 1 hours)
2025-08-24 06:58:02,720 - music_tracker - INFO - Fetching recent tracks from Spotify...
2025-08-24 06:58:03,075 - music_tracker - INFO - No recent songs found from Spotify
2025-08-24 06:58:03,077 - music_tracker - INFO - No new songs found from Spotify API
2025-08-24 06:58:03,078 - music_tracker - INFO - Song collection completed successfully
2025-08-24 07:58:02,971 - music_tracker - INFO - SpotiSpy song collection starting...
2025-08-24 07:58:02,971 - music_tracker - INFO - Starting song collection (last 1 hours)
2025-08-24 07:58:02,972 - music_tracker - INFO - Fetching recent tracks from Spotify...
2025-08-24 07:58:03,327 - music_tracker - INFO - No recent songs found from Spotify
2025-08-24 07:58:03,329 - music_tracker - INFO - No new songs found from Spotify API
2025-08-24 07:58:03,330 - music_tracker - INFO - Song collection completed successfully
2025-08-24 08:58:03,879 - music_tracker - INFO - SpotiSpy song collection starting...
2025-08-24 08:58:03,880 - music_tracker - INFO - Starting song collection (last 1 hours)
2025-08-24 08:58:03,881 - music_tracker - INFO - Fetching recent tracks from Spotify...
2025-08-24 08:58:04,228 - music_tracker - INFO - No recent songs found from Spotify
2025-08-24 08:58:04,230 - music_tracker - INFO - No new songs found from Spotify API
2025-08-24 08:58:04,231 - music_tracker - INFO - Song collection completed successfully
2025-08-24 09:00:12,719 - music_tracker - INFO - SpotiSpy starting...
2025-08-24 09:00:12,721 - music_tracker - INFO - Starting daily SpotiSpy analysis
2025-08-24 09:00:12,722 - music_tracker - INFO - Fetching yesterday's listening data...
2025-08-24 09:00:13,532 - music_tracker - INFO - Fetched 148 songs from database
2025-08-24 09:00:13,533 - music_tracker - INFO - Found 148 songs to analyze
2025-08-24 09:00:13,534 - music_tracker - INFO - Running analysis...
2025-08-24 09:00:13,545 - music_tracker - INFO - Sending daily summary to Slack...
2025-08-24 09:00:39,989 - music_tracker - INFO - Message sent successfully to Slack
2025-08-24 09:00:39,989 - music_tracker - INFO - Daily analysis completed successfully!
2025-08-24 09:00:39,990 - music_tracker - INFO - Running weekly summary...
2025-08-24 09:00:39,990 - music_tracker - INFO - Generating weekly summary...
2025-08-24 09:00:39,994 - music_tracker - INFO - Starting comprehensive weekly analysis
2025-08-24 09:00:40,393 - music_tracker - INFO - Fetched 50 songs for date 2025-08-24
2025-08-24 09:00:40,395 - music_tracker - INFO - Date 2025-08-24: 50 songs
2025-08-24 09:00:40,713 - music_tracker - INFO - Fetched 102 songs for date 2025-08-23
2025-08-24 09:00:40,715 - music_tracker - INFO - Date 2025-08-23: 102 songs
2025-08-24 09:00:41,059 - music_tracker - INFO - Fetched 138 songs for date 2025-08-22
2025-08-24 09:00:41,061 - music_tracker - INFO - Date 2025-08-22: 138 songs
2025-08-24 09:00:41,368 - music_tracker - INFO - Fetched 31 songs for date 2025-08-21
2025-08-24 09:00:41,370 - music_tracker - INFO - Date 2025-08-21: 31 songs
2025-08-24 09:00:41,763 - music_tracker - INFO - Fetched 61 songs for date 2025-08-20
2025-08-24 09:00:41,765 - music_tracker - INFO - Date 2025-08-20: 61 songs
2025-08-24 09:00:41,992 - music_tracker - INFO - Fetched 91 songs for date 2025-08-19
2025-08-24 09:00:41,994 - music_tracker - INFO - Date 2025-08-19: 91 songs
2025-08-24 09:00:42,256 - music_tracker - INFO - Fetched 87 songs for date 2025-08-18
2025-08-24 09:00:42,258 - music_tracker - INFO - Date 2025-08-18: 87 songs
2025-08-24 09:00:43,006 - music_tracker - INFO - Message sent successfully to Slack
2025-08-24 09:00:43,008 - music_tracker - INFO - SpotiSpy completed successfully
2025-08-24 09:58:02,911 - music_tracker - INFO - SpotiSpy song collection starting...
2025-08-24 09:58:02,912 - music_tracker - INFO - Starting song collection (last 1 hours)
2025-08-24 09:58:02,912 - music_tracker - INFO - Fetching recent tracks from Spotify...
2025-08-24 09:58:03,273 - music_tracker - INFO - No recent songs found from Spotify
2025-08-24 09:58:03,275 - music_tracker - INFO - No new songs found from Spotify API
2025-08-24 09:58:03,276 - music_tracker - INFO - Song collection completed successfully
2025-08-24 10:58:03,158 - music_tracker - INFO - SpotiSpy song collection starting...
2025-08-24 10:58:03,159 - music_tracker - INFO - Starting song collection (last 1 hours)
2025-08-24 10:58:03,160 - music_tracker - INFO - Fetching recent tracks from Spotify...
2025-08-24 10:58:03,508 - music_tracker - INFO - No recent songs found from Spotify
2025-08-24 10:58:03,510 - music_tracker - INFO - No new songs found from Spotify API
2025-08-24 10:58:03,511 - music_tracker - INFO - Song collection completed successfully
2025-08-24 11:58:03,404 - music_tracker - INFO - SpotiSpy song collection starting...
2025-08-24 11:58:03,404 - music_tracker - INFO - Starting song collection (last 1 hours)
2025-08-24 11:58:03,405 - music_tracker - INFO - Fetching recent tracks from Spotify...
2025-08-24 11:58:03,811 - music_tracker - INFO - Fetched 5 songs from Spotify
2025-08-24 11:58:03,813 - music_tracker - INFO - Found 5 songs from Spotify API
2025-08-24 11:58:03,814 - music_tracker - INFO - Checking for duplicates in database...
2025-08-24 11:58:05,466 - music_tracker - INFO - Found 5 new songs out of 5 total
2025-08-24 11:58:05,468 - music_tracker - INFO - Found 5 new songs to save
2025-08-24 11:58:05,469 - music_tracker - INFO - Saving songs to database...
2025-08-24 11:58:05,874 - music_tracker - INFO - Successfully saved 5 songs to database
2025-08-24 11:58:05,877 - music_tracker - INFO - Successfully saved 5 songs to database
2025-08-24 11:58:05,877 - music_tracker - INFO - Song collection completed successfully
2025-08-24 12:58:02,792 - music_tracker - INFO - SpotiSpy song collection starting...
2025-08-24 12:58:02,792 - music_tracker - INFO - Starting song collection (last 1 hours)
2025-08-24 12:58:02,793 - music_tracker - INFO - Fetching recent tracks from Spotify...
2025-08-24 12:58:03,214 - music_tracker - INFO - Fetched 8 songs from Spotify
2025-08-24 12:58:03,217 - music_tracker - INFO - Found 8 songs from Spotify API
2025-08-24 12:58:03,217 - music_tracker - INFO - Checking for duplicates in database...
2025-08-24 12:58:04,335 - music_tracker - INFO - Found 8 new songs out of 8 total
2025-08-24 12:58:04,337 - music_tracker - INFO - Found 8 new songs to save
2025-08-24 12:58:04,338 - music_tracker - INFO - Saving songs to database...
2025-08-24 12:58:04,711 - music_tracker - INFO - Successfully saved 8 songs to database
2025-08-24 12:58:04,713 - music_tracker - INFO - Successfully saved 8 songs to database
2025-08-24 12:58:04,714 - music_tracker - INFO - Song collection completed successfully
2025-08-24 13:58:02,631 - music_tracker - INFO - SpotiSpy song collection starting...
2025-08-24 13:58:02,632 - music_tracker - INFO - Starting song collection (last 1 hours)
2025-08-24 13:58:02,632 - music_tracker - INFO - Fetching recent tracks from Spotify...
2025-08-24 13:58:03,150 - music_tracker - INFO - Fetched 9 songs from Spotify
2025-08-24 13:58:03,152 - music_tracker - INFO - Found 9 songs from Spotify API
2025-08-24 13:58:03,153 - music_tracker - INFO - Checking for duplicates in database...
2025-08-24 13:58:03,839 - music_tracker - INFO - Found 9 new songs out of 9 total
2025-08-24 13:58:03,841 - music_tracker - INFO - Found 9 new songs to save
2025-08-24 13:58:03,842 - music_tracker - INFO - Saving songs to database...
2025-08-24 13:58:04,223 - music_tracker - INFO - Successfully saved 9 songs to database
2025-08-24 13:58:04,225 - music_tracker - INFO - Successfully saved 9 songs to database
2025-08-24 13:58:04,226 - music_tracker - INFO - Song collection completed successfully
2025-08-24 14:58:04,298 - music_tracker - INFO - SpotiSpy song collection starting...
2025-08-24 14:58:04,300 - music_tracker - INFO - Starting song collection (last 1 hours)
2025-08-24 14:58:04,300 - music_tracker - INFO - Fetching recent tracks from Spotify...
2025-08-24 14:58:04,853 - music_tracker - INFO - Fetched 13 songs from Spotify
2025-08-24 14:58:04,856 - music_tracker - INFO - Found 13 songs from Spotify API
2025-08-24 14:58:04,857 - music_tracker - INFO - Checking for duplicates in database...
2025-08-24 14:58:06,383 - music_tracker - INFO - Found 13 new songs out of 13 total
2025-08-24 14:58:06,385 - music_tracker - INFO - Found 13 new songs to save
2025-08-24 14:58:06,386 - music_tracker - INFO - Saving songs to database...
2025-08-24 14:58:06,836 - music_tracker - INFO - Successfully saved 13 songs to database
2025-08-24 14:58:06,838 - music_tracker - INFO - Successfully saved 13 songs to database
2025-08-24 14:58:06,839 - music_tracker - INFO - Song collection completed successfully
2025-08-24 15:58:02,775 - music_tracker - INFO - SpotiSpy song collection starting...
2025-08-24 15:58:02,775 - music_tracker - INFO - Starting song collection (last 1 hours)
2025-08-24 15:58:02,776 - music_tracker - INFO - Fetching recent tracks from Spotify...
2025-08-24 15:58:03,290 - music_tracker - INFO - Fetched 19 songs from Spotify
2025-08-24 15:58:03,293 - music_tracker - INFO - Found 19 songs from Spotify API
2025-08-24 15:58:03,294 - music_tracker - INFO - Checking for duplicates in database...
2025-08-24 15:58:04,629 - music_tracker - INFO - Found 19 new songs out of 19 total
2025-08-24 15:58:04,631 - music_tracker - INFO - Found 19 new songs to save
2025-08-24 15:58:04,632 - music_tracker - INFO - Saving songs to database...
2025-08-24 15:58:05,082 - music_tracker - INFO - Successfully saved 19 songs to database
2025-08-24 15:58:05,084 - music_tracker - INFO - Successfully saved 19 songs to database
2025-08-24 15:58:05,085 - music_tracker - INFO - Song collection completed successfully
2025-08-24 16:58:02,999 - music_tracker - INFO - SpotiSpy song collection starting...
2025-08-24 16:58:03,000 - music_tracker - INFO - Starting song collection (last 1 hours)
2025-08-24 16:58:03,000 - music_tracker - INFO - Fetching recent tracks from Spotify...
2025-08-24 16:58:03,568 - music_tracker - INFO - Fetched 18 songs from Spotify
2025-08-24 16:58:03,571 - music_tracker - INFO - Found 18 songs from Spotify API
2025-08-24 16:58:03,572 - music_tracker - INFO - Checking for duplicates in database...
2025-08-24 16:58:04,986 - music_tracker - INFO - Found 18 new songs out of 18 total
2025-08-24 16:58:04,989 - music_tracker - INFO - Found 18 new songs to save
2025-08-24 16:58:04,990 - music_tracker - INFO - Saving songs to database...
2025-08-24 16:58:05,395 - music_tracker - INFO - Successfully saved 18 songs to database
2025-08-24 16:58:05,397 - music_tracker - INFO - Successfully saved 18 songs to database
2025-08-24 16:58:05,398 - music_tracker - INFO - Song collection completed successfully
2025-08-24 17:58:03,324 - music_tracker - INFO - SpotiSpy song collection starting...
2025-08-24 17:58:03,325 - music_tracker - INFO - Starting song collection (last 1 hours)
2025-08-24 17:58:03,325 - music_tracker - INFO - Fetching recent tracks from Spotify...
2025-08-24 17:58:03,833 - music_tracker - INFO - Fetched 13 songs from Spotify
2025-08-24 17:58:03,836 - music_tracker - INFO - Found 13 songs from Spotify API
2025-08-24 17:58:03,837 - music_tracker - INFO - Checking for duplicates in database...
2025-08-24 17:58:04,835 - music_tracker - INFO - Found 13 new songs out of 13 total
2025-08-24 17:58:04,837 - music_tracker - INFO - Found 13 new songs to save
2025-08-24 17:58:04,838 - music_tracker - INFO - Saving songs to database...
2025-08-24 17:58:05,289 - music_tracker - INFO - Successfully saved 13 songs to database
2025-08-24 17:58:05,291 - music_tracker - INFO - Successfully saved 13 songs to database
2025-08-24 17:58:05,292 - music_tracker - INFO - Song collection completed successfully
2025-08-24 18:58:03,212 - music_tracker - INFO - SpotiSpy song collection starting...
2025-08-24 18:58:03,212 - music_tracker - INFO - Starting song collection (last 1 hours)
2025-08-24 18:58:03,213 - music_tracker - INFO - Fetching recent tracks from Spotify...
2025-08-24 18:58:03,679 - music_tracker - INFO - Fetched 12 songs from Spotify
2025-08-24 18:58:03,682 - music_tracker - INFO - Found 12 songs from Spotify API
2025-08-24 18:58:03,682 - music_tracker - INFO - Checking for duplicates in database...
2025-08-24 18:58:05,032 - music_tracker - INFO - Found 12 new songs out of 12 total
2025-08-24 18:58:05,034 - music_tracker - INFO - Found 12 new songs to save
2025-08-24 18:58:05,035 - music_tracker - INFO - Saving songs to database...
2025-08-24 18:58:05,456 - music_tracker - INFO - Successfully saved 12 songs to database
2025-08-24 18:58:05,458 - music_tracker - INFO - Successfully saved 12 songs to database
2025-08-24 18:58:05,459 - music_tracker - INFO - Song collection completed successfully
2025-08-24 19:58:03,384 - music_tracker - INFO - SpotiSpy song collection starting...
2025-08-24 19:58:03,384 - music_tracker - INFO - Starting song collection (last 1 hours)
2025-08-24 19:58:03,385 - music_tracker - INFO - Fetching recent tracks from Spotify...
2025-08-24 19:58:03,809 - music_tracker - INFO - Fetched 1 songs from Spotify
2025-08-24 19:58:03,812 - music_tracker - INFO - Found 1 songs from Spotify API
2025-08-24 19:58:03,812 - music_tracker - INFO - Checking for duplicates in database...
2025-08-24 19:58:04,825 - music_tracker - INFO - Found 1 new songs out of 1 total
2025-08-24 19:58:04,827 - music_tracker - INFO - Found 1 new songs to save
2025-08-24 19:58:04,828 - music_tracker - INFO - Saving songs to database...
2025-08-24 19:58:05,090 - music_tracker - INFO - Successfully saved 1 songs to database
2025-08-24 19:58:05,092 - music_tracker - INFO - Successfully saved 1 songs to database
2025-08-24 19:58:05,092 - music_tracker - INFO - Song collection completed successfully
2025-08-24 20:58:03,032 - music_tracker - INFO - SpotiSpy song collection starting...
2025-08-24 20:58:03,032 - music_tracker - INFO - Starting song collection (last 1 hours)
2025-08-24 20:58:03,033 - music_tracker - INFO - Fetching recent tracks from Spotify...
2025-08-24 20:58:03,524 - music_tracker - INFO - Fetched 4 songs from Spotify
2025-08-24 20:58:03,526 - music_tracker - INFO - Found 4 songs from Spotify API
2025-08-24 20:58:03,527 - music_tracker - INFO - Checking for duplicates in database...
2025-08-24 20:58:04,754 - music_tracker - INFO - Found 4 new songs out of 4 total
2025-08-24 20:58:04,756 - music_tracker - INFO - Found 4 new songs to save
2025-08-24 20:58:04,757 - music_tracker - INFO - Saving songs to database...
2025-08-24 20:58:05,110 - music_tracker - INFO - Successfully saved 4 songs to database
2025-08-24 20:58:05,112 - music_tracker - INFO - Successfully saved 4 songs to database
2025-08-24 20:58:05,112 - music_tracker - INFO - Song collection completed successfully
2025-08-24 21:58:03,028 - music_tracker - INFO - SpotiSpy song collection starting...
2025-08-24 21:58:03,028 - music_tracker - INFO - Starting song collection (last 1 hours)
2025-08-24 21:58:03,029 - music_tracker - INFO - Fetching recent tracks from Spotify...
2025-08-24 21:58:03,396 - music_tracker - INFO - No recent songs found from Spotify
2025-08-24 21:58:03,398 - music_tracker - INFO - No new songs found from Spotify API
2025-08-24 21:58:03,399 - music_tracker - INFO - Song collection completed successfully
2025-08-24 22:58:03,304 - music_tracker - INFO - SpotiSpy song collection starting...
2025-08-24 22:58:03,304 - music_tracker - INFO - Starting song collection (last 1 hours)
2025-08-24 22:58:03,305 - music_tracker - INFO - Fetching recent tracks from Spotify...
2025-08-24 22:58:03,666 - music_tracker - INFO - No recent songs found from Spotify
2025-08-24 22:58:03,668 - music_tracker - INFO - No new songs found from Spotify API
2025-08-24 22:58:03,669 - music_tracker - INFO - Song collection completed successfully
2025-08-24 23:58:03,566 - music_tracker - INFO - SpotiSpy song collection starting...
2025-08-24 23:58:03,566 - music_tracker - INFO - Starting song collection (last 1 hours)
2025-08-24 23:58:03,567 - music_tracker - INFO - Fetching recent tracks from Spotify...
2025-08-24 23:58:03,915 - music_tracker - INFO - No recent songs found from Spotify
2025-08-24 23:58:03,917 - music_tracker - INFO - No new songs found from Spotify API
2025-08-24 23:58:03,918 - music_tracker - INFO - Song collection completed successfully
