2025-07-03 00:58:08,981 - music_tracker - INFO - Uploading 8 songs
2025-07-03 01:58:07,292 - music_tracker - INFO - Uploading 1 song
2025-07-03 02:58:07,073 - music_tracker - INFO - Zero songs listened to
2025-07-03 02:58:07,074 - music_tracker - INFO - No songs uploaded.
2025-07-03 03:58:06,806 - music_tracker - INFO - Zero songs listened to
2025-07-03 03:58:06,807 - music_tracker - INFO - No songs uploaded.
2025-07-03 04:58:06,514 - music_tracker - INFO - Zero songs listened to
2025-07-03 04:58:06,515 - music_tracker - INFO - No songs uploaded.
2025-07-03 05:58:07,242 - music_tracker - INFO - Zero songs listened to
2025-07-03 05:58:07,242 - music_tracker - INFO - No songs uploaded.
2025-07-03 06:58:09,136 - music_tracker - INFO - Zero songs listened to
2025-07-03 06:58:09,137 - music_tracker - INFO - No songs uploaded.
2025-07-03 07:58:06,848 - music_tracker - INFO - Zero songs listened to
2025-07-03 07:58:06,849 - music_tracker - INFO - No songs uploaded.
2025-07-03 08:58:06,559 - music_tracker - INFO - Zero songs listened to
2025-07-03 08:58:06,560 - music_tracker - INFO - No songs uploaded.
2025-07-03 09:00:12,045 - music_tracker - INFO - Starting music tracker analysis
2025-07-03 09:00:12,046 - music_tracker - INFO - Fetching data
2025-07-03 09:00:12,426 - music_tracker - INFO - Fetched 127 recent songs
2025-07-03 09:00:12,433 - music_tracker - INFO - Running top listens analysis
2025-07-03 09:00:12,433 - music_tracker - INFO - Calculating top songs listens
2025-07-03 09:00:12,434 - music_tracker - INFO - Sending message with top 3 songs
2025-07-03 09:00:13,349 - music_tracker - INFO - Message successfully sent!
2025-07-03 09:00:13,349 - music_tracker - INFO - Calculating top albums listens
2025-07-03 09:00:13,350 - music_tracker - INFO - Sending message with top 3 albums
2025-07-03 09:00:14,402 - music_tracker - INFO - Message successfully sent!
2025-07-03 09:00:14,402 - music_tracker - INFO - Calculating top artists listens
2025-07-03 09:00:14,403 - music_tracker - INFO - Sending message with top 3 artists
2025-07-03 09:00:15,120 - music_tracker - INFO - Message successfully sent!
2025-07-03 09:00:15,120 - music_tracker - INFO - Running popularity and listening hours analysis
2025-07-03 09:00:15,121 - music_tracker - INFO - Finding most popular track
2025-07-03 09:00:15,121 - music_tracker - INFO - Most popular song found: You're Gonna Go Far, Kid with score 85
2025-07-03 09:00:15,830 - music_tracker - INFO - Message successfully sent!
2025-07-03 09:00:15,831 - music_tracker - INFO - Calculating most listened hour
2025-07-03 09:00:15,831 - music_tracker - INFO - Most listened hour: 20:00 with 59:57
2025-07-03 09:00:16,532 - music_tracker - INFO - Message successfully sent!
2025-07-03 09:00:16,533 - music_tracker - INFO - Analysis completed successfully

2025-07-03 09:58:07,239 - music_tracker - INFO - Zero songs listened to
2025-07-03 09:58:07,240 - music_tracker - INFO - No songs uploaded.
2025-07-03 10:58:08,683 - music_tracker - INFO - Uploading 5 songs
2025-07-03 11:58:09,567 - music_tracker - INFO - Uploading 13 songs
2025-07-03 12:58:08,955 - music_tracker - INFO - Uploading 5 songs
2025-07-03 13:58:09,623 - music_tracker - INFO - Uploading 11 songs
2025-07-03 14:58:07,363 - music_tracker - INFO - Zero songs listened to
2025-07-03 14:58:07,363 - music_tracker - INFO - No songs uploaded.
2025-07-03 15:58:07,960 - music_tracker - INFO - Uploading 2 songs
2025-07-03 16:58:09,862 - music_tracker - INFO - Uploading 12 songs
2025-07-03 17:58:10,618 - music_tracker - INFO - Uploading 16 songs
2025-07-03 18:58:10,774 - music_tracker - INFO -   Supabase error: Status 400, {"code":"22007","details":null,"hint":null,"message":"invalid input syntax for type date: \"1976\""}
2025-07-03 18:58:10,775 - music_tracker - INFO - No songs uploaded.
2025-07-03 19:58:07,588 - music_tracker - INFO - Uploading 3 songs
2025-07-03 20:58:07,333 - music_tracker - INFO - Zero songs listened to
2025-07-03 20:58:07,334 - music_tracker - INFO - No songs uploaded.
2025-07-03 21:58:10,874 - music_tracker - INFO - Uploading 14 songs
2025-07-03 22:58:07,824 - music_tracker - INFO - Uploading 2 songs
2025-07-03 23:58:06,584 - music_tracker - INFO - Zero songs listened to
2025-07-03 23:58:06,584 - music_tracker - INFO - No songs uploaded.
