2025-11-22 00:58:03,047 - music_tracker - INFO - SpotiSpy song collection starting...
2025-11-22 00:58:03,048 - music_tracker - INFO - Starting song collection (last 1 hours)
2025-11-22 00:58:03,048 - music_tracker - INFO - Fetching recent tracks from Spotify...
2025-11-22 00:58:03,408 - music_tracker - INFO - No recent songs found from Spotify
2025-11-22 00:58:03,410 - music_tracker - INFO - No new songs found from Spotify API
2025-11-22 00:58:03,411 - music_tracker - INFO - Song collection completed successfully
2025-11-22 01:58:03,282 - music_tracker - INFO - SpotiSpy song collection starting...
2025-11-22 01:58:03,282 - music_tracker - INFO - Starting song collection (last 1 hours)
2025-11-22 01:58:03,283 - music_tracker - INFO - Fetching recent tracks from Spotify...
2025-11-22 01:58:03,622 - music_tracker - INFO - No recent songs found from Spotify
2025-11-22 01:58:03,624 - music_tracker - INFO - No new songs found from Spotify API
2025-11-22 01:58:03,624 - music_tracker - INFO - Song collection completed successfully
2025-11-22 02:58:03,549 - music_tracker - INFO - SpotiSpy song collection starting...
2025-11-22 02:58:03,550 - music_tracker - INFO - Starting song collection (last 1 hours)
2025-11-22 02:58:03,551 - music_tracker - INFO - Fetching recent tracks from Spotify...
2025-11-22 02:58:03,930 - music_tracker - INFO - No recent songs found from Spotify
2025-11-22 02:58:03,932 - music_tracker - INFO - No new songs found from Spotify API
2025-11-22 02:58:03,932 - music_tracker - INFO - Song collection completed successfully
2025-11-22 03:58:02,857 - music_tracker - INFO - SpotiSpy song collection starting...
2025-11-22 03:58:02,857 - music_tracker - INFO - Starting song collection (last 1 hours)
2025-11-22 03:58:02,858 - music_tracker - INFO - Fetching recent tracks from Spotify...
2025-11-22 03:58:03,218 - music_tracker - INFO - No recent songs found from Spotify
2025-11-22 03:58:03,221 - music_tracker - INFO - No new songs found from Spotify API
2025-11-22 03:58:03,221 - music_tracker - INFO - Song collection completed successfully
2025-11-22 04:58:03,108 - music_tracker - INFO - SpotiSpy song collection starting...
2025-11-22 04:58:03,109 - music_tracker - INFO - Starting song collection (last 1 hours)
2025-11-22 04:58:03,109 - music_tracker - INFO - Fetching recent tracks from Spotify...
2025-11-22 04:58:03,539 - music_tracker - INFO - No recent songs found from Spotify
2025-11-22 04:58:03,542 - music_tracker - INFO - No new songs found from Spotify API
2025-11-22 04:58:03,542 - music_tracker - INFO - Song collection completed successfully
2025-11-22 05:58:03,435 - music_tracker - INFO - SpotiSpy song collection starting...
2025-11-22 05:58:03,436 - music_tracker - INFO - Starting song collection (last 1 hours)
2025-11-22 05:58:03,436 - music_tracker - INFO - Fetching recent tracks from Spotify...
2025-11-22 05:58:03,777 - music_tracker - INFO - No recent songs found from Spotify
2025-11-22 05:58:03,779 - music_tracker - INFO - No new songs found from Spotify API
2025-11-22 05:58:03,780 - music_tracker - INFO - Song collection completed successfully
2025-11-22 06:58:02,761 - music_tracker - INFO - SpotiSpy song collection starting...
2025-11-22 06:58:02,762 - music_tracker - INFO - Starting song collection (last 1 hours)
2025-11-22 06:58:02,762 - music_tracker - INFO - Fetching recent tracks from Spotify...
2025-11-22 06:58:03,131 - music_tracker - INFO - No recent songs found from Spotify
2025-11-22 06:58:03,133 - music_tracker - INFO - No new songs found from Spotify API
2025-11-22 06:58:03,133 - music_tracker - INFO - Song collection completed successfully
2025-11-22 07:58:03,060 - music_tracker - INFO - SpotiSpy song collection starting...
2025-11-22 07:58:03,061 - music_tracker - INFO - Starting song collection (last 1 hours)
2025-11-22 07:58:03,061 - music_tracker - INFO - Fetching recent tracks from Spotify...
2025-11-22 07:58:03,454 - music_tracker - INFO - No recent songs found from Spotify
2025-11-22 07:58:03,456 - music_tracker - INFO - No new songs found from Spotify API
2025-11-22 07:58:03,457 - music_tracker - INFO - Song collection completed successfully
2025-11-22 08:58:03,649 - music_tracker - INFO - SpotiSpy song collection starting...
2025-11-22 08:58:03,651 - music_tracker - INFO - Starting song collection (last 1 hours)
2025-11-22 08:58:03,651 - music_tracker - INFO - Fetching recent tracks from Spotify...
2025-11-22 08:58:04,026 - music_tracker - INFO - No recent songs found from Spotify
2025-11-22 08:58:04,028 - music_tracker - INFO - No new songs found from Spotify API
2025-11-22 08:58:04,029 - music_tracker - INFO - Song collection completed successfully
2025-11-22 09:00:12,394 - music_tracker - INFO - SpotiSpy starting...
2025-11-22 09:00:12,395 - music_tracker - INFO - Starting daily SpotiSpy analysis
2025-11-22 09:00:12,400 - music_tracker - INFO - Fetching yesterday's listening data...
2025-11-22 09:00:14,092 - music_tracker - INFO - Fetched 86 songs from database
2025-11-22 09:00:14,095 - music_tracker - INFO - Found 86 songs to analyze
2025-11-22 09:00:14,095 - music_tracker - INFO - Running analysis...
2025-11-22 09:00:14,105 - music_tracker - INFO - Sending daily summary to Slack...
2025-11-22 09:00:14,908 - music_tracker - INFO - Message sent successfully to Slack
2025-11-22 09:00:14,908 - music_tracker - INFO - Daily analysis completed successfully!
2025-11-22 09:00:14,909 - music_tracker - INFO - SpotiSpy completed successfully
2025-11-22 09:58:02,772 - music_tracker - INFO - SpotiSpy song collection starting...
2025-11-22 09:58:02,772 - music_tracker - INFO - Starting song collection (last 1 hours)
2025-11-22 09:58:02,773 - music_tracker - INFO - Fetching recent tracks from Spotify...
2025-11-22 09:58:08,249 - music_tracker - INFO - No recent songs found from Spotify
2025-11-22 09:58:08,252 - music_tracker - INFO - No new songs found from Spotify API
2025-11-22 09:58:08,253 - music_tracker - INFO - Song collection completed successfully
2025-11-22 10:58:03,180 - music_tracker - INFO - SpotiSpy song collection starting...
2025-11-22 10:58:03,181 - music_tracker - INFO - Starting song collection (last 1 hours)
2025-11-22 10:58:03,181 - music_tracker - INFO - Fetching recent tracks from Spotify...
2025-11-22 10:58:03,553 - music_tracker - INFO - No recent songs found from Spotify
2025-11-22 10:58:03,555 - music_tracker - INFO - No new songs found from Spotify API
2025-11-22 10:58:03,556 - music_tracker - INFO - Song collection completed successfully
2025-11-22 11:58:03,509 - music_tracker - INFO - SpotiSpy song collection starting...
2025-11-22 11:58:03,509 - music_tracker - INFO - Starting song collection (last 1 hours)
2025-11-22 11:58:03,510 - music_tracker - INFO - Fetching recent tracks from Spotify...
2025-11-22 11:58:03,881 - music_tracker - INFO - No recent songs found from Spotify
2025-11-22 11:58:03,883 - music_tracker - INFO - No new songs found from Spotify API
2025-11-22 11:58:03,884 - music_tracker - INFO - Song collection completed successfully
2025-11-22 12:58:02,776 - music_tracker - INFO - SpotiSpy song collection starting...
2025-11-22 12:58:02,777 - music_tracker - INFO - Starting song collection (last 1 hours)
2025-11-22 12:58:02,777 - music_tracker - INFO - Fetching recent tracks from Spotify...
2025-11-22 12:58:03,204 - music_tracker - INFO - Fetched 4 songs from Spotify
2025-11-22 12:58:03,206 - music_tracker - INFO - Found 4 songs from Spotify API
2025-11-22 12:58:03,207 - music_tracker - INFO - Checking for duplicates in database...
2025-11-22 12:58:04,676 - music_tracker - INFO - Found 4 new songs out of 4 total
2025-11-22 12:58:04,678 - music_tracker - INFO - Found 4 new songs to save
2025-11-22 12:58:04,679 - music_tracker - INFO - Saving songs to database...
2025-11-22 12:58:04,955 - music_tracker - INFO - Successfully saved 4 songs to database
2025-11-22 12:58:04,957 - music_tracker - INFO - Successfully saved 4 songs to database
2025-11-22 12:58:04,957 - music_tracker - INFO - Song collection completed successfully
2025-11-22 13:58:02,874 - music_tracker - INFO - SpotiSpy song collection starting...
2025-11-22 13:58:02,875 - music_tracker - INFO - Starting song collection (last 1 hours)
2025-11-22 13:58:02,876 - music_tracker - INFO - Fetching recent tracks from Spotify...
2025-11-22 13:58:05,269 - music_tracker - INFO - No recent songs found from Spotify
2025-11-22 13:58:05,272 - music_tracker - INFO - No new songs found from Spotify API
2025-11-22 13:58:05,273 - music_tracker - INFO - Song collection completed successfully
2025-11-22 14:58:03,175 - music_tracker - INFO - SpotiSpy song collection starting...
2025-11-22 14:58:03,175 - music_tracker - INFO - Starting song collection (last 1 hours)
2025-11-22 14:58:03,176 - music_tracker - INFO - Fetching recent tracks from Spotify...
2025-11-22 14:58:03,551 - music_tracker - INFO - No recent songs found from Spotify
2025-11-22 14:58:03,553 - music_tracker - INFO - No new songs found from Spotify API
2025-11-22 14:58:03,553 - music_tracker - INFO - Song collection completed successfully
2025-11-22 15:58:03,539 - music_tracker - INFO - SpotiSpy song collection starting...
2025-11-22 15:58:03,540 - music_tracker - INFO - Starting song collection (last 1 hours)
2025-11-22 15:58:03,541 - music_tracker - INFO - Fetching recent tracks from Spotify...
2025-11-22 15:58:03,955 - music_tracker - INFO - No recent songs found from Spotify
2025-11-22 15:58:03,957 - music_tracker - INFO - No new songs found from Spotify API
2025-11-22 15:58:03,958 - music_tracker - INFO - Song collection completed successfully
2025-11-22 16:58:02,874 - music_tracker - INFO - SpotiSpy song collection starting...
2025-11-22 16:58:02,874 - music_tracker - INFO - Starting song collection (last 1 hours)
2025-11-22 16:58:02,875 - music_tracker - INFO - Fetching recent tracks from Spotify...
2025-11-22 16:58:03,386 - music_tracker - INFO - No recent songs found from Spotify
2025-11-22 16:58:03,388 - music_tracker - INFO - No new songs found from Spotify API
2025-11-22 16:58:03,389 - music_tracker - INFO - Song collection completed successfully
2025-11-22 17:58:03,311 - music_tracker - INFO - SpotiSpy song collection starting...
2025-11-22 17:58:03,311 - music_tracker - INFO - Starting song collection (last 1 hours)
2025-11-22 17:58:03,312 - music_tracker - INFO - Fetching recent tracks from Spotify...
2025-11-22 17:58:03,704 - music_tracker - INFO - No recent songs found from Spotify
2025-11-22 17:58:03,706 - music_tracker - INFO - No new songs found from Spotify API
2025-11-22 17:58:03,707 - music_tracker - INFO - Song collection completed successfully
2025-11-22 18:58:02,598 - music_tracker - INFO - SpotiSpy song collection starting...
2025-11-22 18:58:02,598 - music_tracker - INFO - Starting song collection (last 1 hours)
2025-11-22 18:58:02,599 - music_tracker - INFO - Fetching recent tracks from Spotify...
2025-11-22 18:58:02,965 - music_tracker - INFO - No recent songs found from Spotify
2025-11-22 18:58:02,967 - music_tracker - INFO - No new songs found from Spotify API
2025-11-22 18:58:02,967 - music_tracker - INFO - Song collection completed successfully
2025-11-22 19:58:02,867 - music_tracker - INFO - SpotiSpy song collection starting...
2025-11-22 19:58:02,867 - music_tracker - INFO - Starting song collection (last 1 hours)
2025-11-22 19:58:02,868 - music_tracker - INFO - Fetching recent tracks from Spotify...
2025-11-22 19:58:03,291 - music_tracker - INFO - Fetched 2 songs from Spotify
2025-11-22 19:58:03,293 - music_tracker - INFO - Found 2 songs from Spotify API
2025-11-22 19:58:03,294 - music_tracker - INFO - Checking for duplicates in database...
2025-11-22 19:58:04,832 - music_tracker - INFO - Found 2 new songs out of 2 total
2025-11-22 19:58:04,834 - music_tracker - INFO - Found 2 new songs to save
2025-11-22 19:58:04,835 - music_tracker - INFO - Saving songs to database...
2025-11-22 19:58:05,115 - music_tracker - INFO - Successfully saved 2 songs to database
2025-11-22 19:58:05,117 - music_tracker - INFO - Successfully saved 2 songs to database
2025-11-22 19:58:05,118 - music_tracker - INFO - Song collection completed successfully
2025-11-22 20:58:03,062 - music_tracker - INFO - SpotiSpy song collection starting...
2025-11-22 20:58:03,063 - music_tracker - INFO - Starting song collection (last 1 hours)
2025-11-22 20:58:03,063 - music_tracker - INFO - Fetching recent tracks from Spotify...
2025-11-22 20:58:03,428 - music_tracker - INFO - No recent songs found from Spotify
2025-11-22 20:58:03,430 - music_tracker - INFO - No new songs found from Spotify API
2025-11-22 20:58:03,431 - music_tracker - INFO - Song collection completed successfully
2025-11-22 21:58:03,345 - music_tracker - INFO - SpotiSpy song collection starting...
2025-11-22 21:58:03,346 - music_tracker - INFO - Starting song collection (last 1 hours)
2025-11-22 21:58:03,346 - music_tracker - INFO - Fetching recent tracks from Spotify...
2025-11-22 21:58:03,799 - music_tracker - INFO - Fetched 7 songs from Spotify
2025-11-22 21:58:03,802 - music_tracker - INFO - Found 7 songs from Spotify API
2025-11-22 21:58:03,802 - music_tracker - INFO - Checking for duplicates in database...
2025-11-22 21:58:05,202 - music_tracker - INFO - Found 7 new songs out of 7 total
2025-11-22 21:58:05,204 - music_tracker - INFO - Found 7 new songs to save
2025-11-22 21:58:05,205 - music_tracker - INFO - Saving songs to database...
2025-11-22 21:58:05,582 - music_tracker - INFO - Successfully saved 7 songs to database
2025-11-22 21:58:05,584 - music_tracker - INFO - Successfully saved 7 songs to database
2025-11-22 21:58:05,584 - music_tracker - INFO - Song collection completed successfully
2025-11-22 22:58:03,512 - music_tracker - INFO - SpotiSpy song collection starting...
2025-11-22 22:58:03,513 - music_tracker - INFO - Starting song collection (last 1 hours)
2025-11-22 22:58:03,513 - music_tracker - INFO - Fetching recent tracks from Spotify...
2025-11-22 22:58:04,053 - music_tracker - INFO - Fetched 18 songs from Spotify
2025-11-22 22:58:04,056 - music_tracker - INFO - Found 18 songs from Spotify API
2025-11-22 22:58:04,056 - music_tracker - INFO - Checking for duplicates in database...
2025-11-22 22:58:05,518 - music_tracker - INFO - Found 18 new songs out of 18 total
2025-11-22 22:58:05,520 - music_tracker - INFO - Found 18 new songs to save
2025-11-22 22:58:05,521 - music_tracker - INFO - Saving songs to database...
2025-11-22 22:58:05,930 - music_tracker - INFO - Successfully saved 18 songs to database
2025-11-22 22:58:05,932 - music_tracker - INFO - Successfully saved 18 songs to database
2025-11-22 22:58:05,933 - music_tracker - INFO - Song collection completed successfully
2025-11-22 23:58:02,841 - music_tracker - INFO - SpotiSpy song collection starting...
2025-11-22 23:58:02,842 - music_tracker - INFO - Starting song collection (last 1 hours)
2025-11-22 23:58:02,843 - music_tracker - INFO - Fetching recent tracks from Spotify...
2025-11-22 23:58:03,375 - music_tracker - INFO - Fetched 12 songs from Spotify
2025-11-22 23:58:03,378 - music_tracker - INFO - Found 12 songs from Spotify API
2025-11-22 23:58:03,378 - music_tracker - INFO - Checking for duplicates in database...
2025-11-22 23:58:04,824 - music_tracker - INFO - Found 12 new songs out of 12 total
2025-11-22 23:58:04,826 - music_tracker - INFO - Found 12 new songs to save
2025-11-22 23:58:04,827 - music_tracker - INFO - Saving songs to database...
2025-11-22 23:58:05,160 - music_tracker - INFO - Successfully saved 12 songs to database
2025-11-22 23:58:05,162 - music_tracker - INFO - Successfully saved 12 songs to database
2025-11-22 23:58:05,163 - music_tracker - INFO - Song collection completed successfully
