2025-08-31 00:58:03,244 - music_tracker - INFO - SpotiSpy song collection starting...
2025-08-31 00:58:03,245 - music_tracker - INFO - Starting song collection (last 1 hours)
2025-08-31 00:58:03,245 - music_tracker - INFO - Fetching recent tracks from Spotify...
2025-08-31 00:58:03,594 - music_tracker - INFO - No recent songs found from Spotify
2025-08-31 00:58:03,596 - music_tracker - INFO - No new songs found from Spotify API
2025-08-31 00:58:03,597 - music_tracker - INFO - Song collection completed successfully
2025-08-31 01:58:03,505 - music_tracker - INFO - SpotiSpy song collection starting...
2025-08-31 01:58:03,506 - music_tracker - INFO - Starting song collection (last 1 hours)
2025-08-31 01:58:03,506 - music_tracker - INFO - Fetching recent tracks from Spotify...
2025-08-31 01:58:03,866 - music_tracker - INFO - No recent songs found from Spotify
2025-08-31 01:58:03,868 - music_tracker - INFO - No new songs found from Spotify API
2025-08-31 01:58:03,868 - music_tracker - INFO - Song collection completed successfully
2025-08-31 02:58:03,602 - music_tracker - INFO - SpotiSpy song collection starting...
2025-08-31 02:58:03,603 - music_tracker - INFO - Starting song collection (last 1 hours)
2025-08-31 02:58:03,603 - music_tracker - INFO - Fetching recent tracks from Spotify...
2025-08-31 02:58:03,969 - music_tracker - INFO - No recent songs found from Spotify
2025-08-31 02:58:03,971 - music_tracker - INFO - No new songs found from Spotify API
2025-08-31 02:58:03,972 - music_tracker - INFO - Song collection completed successfully
2025-08-31 03:58:02,964 - music_tracker - INFO - SpotiSpy song collection starting...
2025-08-31 03:58:02,964 - music_tracker - INFO - Starting song collection (last 1 hours)
2025-08-31 03:58:02,965 - music_tracker - INFO - Fetching recent tracks from Spotify...
2025-08-31 03:58:03,319 - music_tracker - INFO - No recent songs found from Spotify
2025-08-31 03:58:03,321 - music_tracker - INFO - No new songs found from Spotify API
2025-08-31 03:58:03,322 - music_tracker - INFO - Song collection completed successfully
2025-08-31 04:58:03,222 - music_tracker - INFO - SpotiSpy song collection starting...
2025-08-31 04:58:03,222 - music_tracker - INFO - Starting song collection (last 1 hours)
2025-08-31 04:58:03,223 - music_tracker - INFO - Fetching recent tracks from Spotify...
2025-08-31 04:58:03,582 - music_tracker - INFO - No recent songs found from Spotify
2025-08-31 04:58:03,584 - music_tracker - INFO - No new songs found from Spotify API
2025-08-31 04:58:03,584 - music_tracker - INFO - Song collection completed successfully
2025-08-31 05:58:03,473 - music_tracker - INFO - SpotiSpy song collection starting...
2025-08-31 05:58:03,474 - music_tracker - INFO - Starting song collection (last 1 hours)
2025-08-31 05:58:03,475 - music_tracker - INFO - Fetching recent tracks from Spotify...
2025-08-31 05:58:03,813 - music_tracker - INFO - No recent songs found from Spotify
2025-08-31 05:58:03,815 - music_tracker - INFO - No new songs found from Spotify API
2025-08-31 05:58:03,816 - music_tracker - INFO - Song collection completed successfully
2025-08-31 06:58:02,970 - music_tracker - INFO - SpotiSpy song collection starting...
2025-08-31 06:58:02,971 - music_tracker - INFO - Starting song collection (last 1 hours)
2025-08-31 06:58:02,972 - music_tracker - INFO - Fetching recent tracks from Spotify...
2025-08-31 06:58:03,324 - music_tracker - INFO - No recent songs found from Spotify
2025-08-31 06:58:03,326 - music_tracker - INFO - No new songs found from Spotify API
2025-08-31 06:58:03,327 - music_tracker - INFO - Song collection completed successfully
2025-08-31 07:58:03,261 - music_tracker - INFO - SpotiSpy song collection starting...
2025-08-31 07:58:03,262 - music_tracker - INFO - Starting song collection (last 1 hours)
2025-08-31 07:58:03,263 - music_tracker - INFO - Fetching recent tracks from Spotify...
2025-08-31 07:58:03,596 - music_tracker - INFO - No recent songs found from Spotify
2025-08-31 07:58:03,598 - music_tracker - INFO - No new songs found from Spotify API
2025-08-31 07:58:03,598 - music_tracker - INFO - Song collection completed successfully
2025-08-31 08:58:03,501 - music_tracker - INFO - SpotiSpy song collection starting...
2025-08-31 08:58:03,502 - music_tracker - INFO - Starting song collection (last 1 hours)
2025-08-31 08:58:03,502 - music_tracker - INFO - Fetching recent tracks from Spotify...
2025-08-31 08:58:03,837 - music_tracker - INFO - No recent songs found from Spotify
2025-08-31 08:58:03,839 - music_tracker - INFO - No new songs found from Spotify API
2025-08-31 08:58:03,840 - music_tracker - INFO - Song collection completed successfully
2025-08-31 09:00:12,814 - music_tracker - INFO - SpotiSpy starting...
2025-08-31 09:00:12,814 - music_tracker - INFO - Starting daily SpotiSpy analysis
2025-08-31 09:00:12,815 - music_tracker - INFO - Fetching yesterday's listening data...
2025-08-31 09:00:13,670 - music_tracker - INFO - Fetched 45 songs from database
2025-08-31 09:00:13,673 - music_tracker - INFO - Found 45 songs to analyze
2025-08-31 09:00:13,673 - music_tracker - INFO - Running analysis...
2025-08-31 09:00:13,680 - music_tracker - INFO - Sending daily summary to Slack...
2025-08-31 09:00:22,177 - music_tracker - INFO - Message sent successfully to Slack
2025-08-31 09:00:22,177 - music_tracker - INFO - Daily analysis completed successfully!
2025-08-31 09:00:22,178 - music_tracker - INFO - Running weekly summary...
2025-08-31 09:00:22,178 - music_tracker - INFO - Generating weekly summary...
2025-08-31 09:00:22,182 - music_tracker - INFO - Starting comprehensive weekly analysis
2025-08-31 09:00:22,508 - music_tracker - INFO - Fetched 15 songs for date 2025-08-31
2025-08-31 09:00:22,510 - music_tracker - INFO - Date 2025-08-31: 15 songs
2025-08-31 09:00:22,836 - music_tracker - INFO - Fetched 82 songs for date 2025-08-30
2025-08-31 09:00:22,839 - music_tracker - INFO - Date 2025-08-30: 82 songs
2025-08-31 09:00:23,191 - music_tracker - INFO - Fetched 126 songs for date 2025-08-29
2025-08-31 09:00:23,193 - music_tracker - INFO - Date 2025-08-29: 126 songs
2025-08-31 09:00:23,416 - music_tracker - INFO - Fetched 34 songs for date 2025-08-28
2025-08-31 09:00:23,417 - music_tracker - INFO - Date 2025-08-28: 34 songs
2025-08-31 09:00:23,807 - music_tracker - INFO - Fetched 81 songs for date 2025-08-27
2025-08-31 09:00:23,809 - music_tracker - INFO - Date 2025-08-27: 81 songs
2025-08-31 09:00:24,043 - music_tracker - INFO - Fetched 60 songs for date 2025-08-26
2025-08-31 09:00:24,045 - music_tracker - INFO - Date 2025-08-26: 60 songs
2025-08-31 09:00:24,253 - music_tracker - INFO - Fetched 106 songs for date 2025-08-25
2025-08-31 09:00:24,255 - music_tracker - INFO - Date 2025-08-25: 106 songs
2025-08-31 09:00:25,020 - music_tracker - INFO - Message sent successfully to Slack
2025-08-31 09:00:25,022 - music_tracker - INFO - SpotiSpy completed successfully
2025-08-31 09:58:03,048 - music_tracker - INFO - SpotiSpy song collection starting...
2025-08-31 09:58:03,049 - music_tracker - INFO - Starting song collection (last 1 hours)
2025-08-31 09:58:03,050 - music_tracker - INFO - Fetching recent tracks from Spotify...
2025-08-31 09:58:03,450 - music_tracker - INFO - No recent songs found from Spotify
2025-08-31 09:58:03,452 - music_tracker - INFO - No new songs found from Spotify API
2025-08-31 09:58:03,453 - music_tracker - INFO - Song collection completed successfully
2025-08-31 10:58:03,369 - music_tracker - INFO - SpotiSpy song collection starting...
2025-08-31 10:58:03,369 - music_tracker - INFO - Starting song collection (last 1 hours)
2025-08-31 10:58:03,370 - music_tracker - INFO - Fetching recent tracks from Spotify...
2025-08-31 10:58:03,779 - music_tracker - INFO - Fetched 1 songs from Spotify
2025-08-31 10:58:03,781 - music_tracker - INFO - Found 1 songs from Spotify API
2025-08-31 10:58:03,781 - music_tracker - INFO - Checking for duplicates in database...
2025-08-31 10:58:05,331 - music_tracker - INFO - Found 1 new songs out of 1 total
2025-08-31 10:58:05,333 - music_tracker - INFO - Found 1 new songs to save
2025-08-31 10:58:05,334 - music_tracker - INFO - Saving songs to database...
2025-08-31 10:58:05,620 - music_tracker - INFO - Successfully saved 1 songs to database
2025-08-31 10:58:05,622 - music_tracker - INFO - Successfully saved 1 songs to database
2025-08-31 10:58:05,622 - music_tracker - INFO - Song collection completed successfully
2025-08-31 11:58:03,545 - music_tracker - INFO - SpotiSpy song collection starting...
2025-08-31 11:58:03,546 - music_tracker - INFO - Starting song collection (last 1 hours)
2025-08-31 11:58:03,546 - music_tracker - INFO - Fetching recent tracks from Spotify...
2025-08-31 11:58:03,981 - music_tracker - INFO - Fetched 14 songs from Spotify
2025-08-31 11:58:03,984 - music_tracker - INFO - Found 14 songs from Spotify API
2025-08-31 11:58:03,985 - music_tracker - INFO - Checking for duplicates in database...
2025-08-31 11:58:05,253 - music_tracker - INFO - Found 14 new songs out of 14 total
2025-08-31 11:58:05,255 - music_tracker - INFO - Found 14 new songs to save
2025-08-31 11:58:05,256 - music_tracker - INFO - Saving songs to database...
2025-08-31 11:58:05,599 - music_tracker - INFO - Successfully saved 14 songs to database
2025-08-31 11:58:05,601 - music_tracker - INFO - Successfully saved 14 songs to database
2025-08-31 11:58:05,602 - music_tracker - INFO - Song collection completed successfully
2025-08-31 12:58:03,525 - music_tracker - INFO - SpotiSpy song collection starting...
2025-08-31 12:58:03,525 - music_tracker - INFO - Starting song collection (last 1 hours)
2025-08-31 12:58:03,526 - music_tracker - INFO - Fetching recent tracks from Spotify...
2025-08-31 12:58:03,983 - music_tracker - INFO - Fetched 6 songs from Spotify
2025-08-31 12:58:03,986 - music_tracker - INFO - Found 6 songs from Spotify API
2025-08-31 12:58:03,987 - music_tracker - INFO - Checking for duplicates in database...
2025-08-31 12:58:05,041 - music_tracker - INFO - Found 6 new songs out of 6 total
2025-08-31 12:58:05,043 - music_tracker - INFO - Found 6 new songs to save
2025-08-31 12:58:05,044 - music_tracker - INFO - Saving songs to database...
2025-08-31 12:58:05,320 - music_tracker - INFO - Successfully saved 6 songs to database
2025-08-31 12:58:05,322 - music_tracker - INFO - Successfully saved 6 songs to database
2025-08-31 12:58:05,323 - music_tracker - INFO - Song collection completed successfully
2025-08-31 13:58:03,235 - music_tracker - INFO - SpotiSpy song collection starting...
2025-08-31 13:58:03,235 - music_tracker - INFO - Starting song collection (last 1 hours)
2025-08-31 13:58:03,236 - music_tracker - INFO - Fetching recent tracks from Spotify...
2025-08-31 13:58:03,680 - music_tracker - INFO - Fetched 9 songs from Spotify
2025-08-31 13:58:03,683 - music_tracker - INFO - Found 9 songs from Spotify API
2025-08-31 13:58:03,684 - music_tracker - INFO - Checking for duplicates in database...
2025-08-31 13:58:04,764 - music_tracker - INFO - Found 9 new songs out of 9 total
2025-08-31 13:58:04,766 - music_tracker - INFO - Found 9 new songs to save
2025-08-31 13:58:04,767 - music_tracker - INFO - Saving songs to database...
2025-08-31 13:58:05,045 - music_tracker - INFO - Successfully saved 9 songs to database
2025-08-31 13:58:05,047 - music_tracker - INFO - Successfully saved 9 songs to database
2025-08-31 13:58:05,047 - music_tracker - INFO - Song collection completed successfully
2025-08-31 14:58:02,970 - music_tracker - INFO - SpotiSpy song collection starting...
2025-08-31 14:58:02,971 - music_tracker - INFO - Starting song collection (last 1 hours)
2025-08-31 14:58:02,971 - music_tracker - INFO - Fetching recent tracks from Spotify...
2025-08-31 14:58:03,482 - music_tracker - INFO - Fetched 14 songs from Spotify
2025-08-31 14:58:03,484 - music_tracker - INFO - Found 14 songs from Spotify API
2025-08-31 14:58:03,485 - music_tracker - INFO - Checking for duplicates in database...
2025-08-31 14:58:04,860 - music_tracker - INFO - Found 14 new songs out of 14 total
2025-08-31 14:58:04,862 - music_tracker - INFO - Found 14 new songs to save
2025-08-31 14:58:04,863 - music_tracker - INFO - Saving songs to database...
2025-08-31 14:58:05,258 - music_tracker - INFO - Successfully saved 14 songs to database
2025-08-31 14:58:05,260 - music_tracker - INFO - Successfully saved 14 songs to database
2025-08-31 14:58:05,261 - music_tracker - INFO - Song collection completed successfully
2025-08-31 15:58:03,687 - music_tracker - INFO - SpotiSpy song collection starting...
2025-08-31 15:58:03,688 - music_tracker - INFO - Starting song collection (last 1 hours)
2025-08-31 15:58:03,689 - music_tracker - INFO - Fetching recent tracks from Spotify...
2025-08-31 15:58:04,052 - music_tracker - INFO - No recent songs found from Spotify
2025-08-31 15:58:04,054 - music_tracker - INFO - No new songs found from Spotify API
2025-08-31 15:58:04,055 - music_tracker - INFO - Song collection completed successfully
2025-08-31 16:58:03,150 - music_tracker - INFO - SpotiSpy song collection starting...
2025-08-31 16:58:03,151 - music_tracker - INFO - Starting song collection (last 1 hours)
2025-08-31 16:58:03,151 - music_tracker - INFO - Fetching recent tracks from Spotify...
2025-08-31 16:58:03,574 - music_tracker - INFO - Fetched 7 songs from Spotify
2025-08-31 16:58:03,577 - music_tracker - INFO - Found 7 songs from Spotify API
2025-08-31 16:58:03,577 - music_tracker - INFO - Checking for duplicates in database...
2025-08-31 16:58:05,029 - music_tracker - INFO - Found 7 new songs out of 7 total
2025-08-31 16:58:05,032 - music_tracker - INFO - Found 7 new songs to save
2025-08-31 16:58:05,032 - music_tracker - INFO - Saving songs to database...
2025-08-31 16:58:05,454 - music_tracker - INFO - Successfully saved 7 songs to database
2025-08-31 16:58:05,456 - music_tracker - INFO - Successfully saved 7 songs to database
2025-08-31 16:58:05,457 - music_tracker - INFO - Song collection completed successfully
2025-08-31 17:58:03,367 - music_tracker - INFO - SpotiSpy song collection starting...
2025-08-31 17:58:03,367 - music_tracker - INFO - Starting song collection (last 1 hours)
2025-08-31 17:58:03,368 - music_tracker - INFO - Fetching recent tracks from Spotify...
2025-08-31 17:58:03,776 - music_tracker - INFO - Fetched 5 songs from Spotify
2025-08-31 17:58:03,779 - music_tracker - INFO - Found 5 songs from Spotify API
2025-08-31 17:58:03,780 - music_tracker - INFO - Checking for duplicates in database...
2025-08-31 17:58:04,893 - music_tracker - INFO - Found 5 new songs out of 5 total
2025-08-31 17:58:04,895 - music_tracker - INFO - Found 5 new songs to save
2025-08-31 17:58:04,896 - music_tracker - INFO - Saving songs to database...
2025-08-31 17:58:05,288 - music_tracker - INFO - Successfully saved 5 songs to database
2025-08-31 17:58:05,290 - music_tracker - INFO - Successfully saved 5 songs to database
2025-08-31 17:58:05,291 - music_tracker - INFO - Song collection completed successfully
2025-08-31 18:58:03,194 - music_tracker - INFO - SpotiSpy song collection starting...
2025-08-31 18:58:03,195 - music_tracker - INFO - Starting song collection (last 1 hours)
2025-08-31 18:58:03,195 - music_tracker - INFO - Fetching recent tracks from Spotify...
2025-08-31 18:58:03,608 - music_tracker - INFO - Fetched 1 songs from Spotify
2025-08-31 18:58:03,611 - music_tracker - INFO - Found 1 songs from Spotify API
2025-08-31 18:58:03,611 - music_tracker - INFO - Checking for duplicates in database...
2025-08-31 18:58:04,386 - music_tracker - INFO - Found 1 new songs out of 1 total
2025-08-31 18:58:04,389 - music_tracker - INFO - Found 1 new songs to save
2025-08-31 18:58:04,390 - music_tracker - INFO - Saving songs to database...
2025-08-31 18:58:04,643 - music_tracker - INFO - Successfully saved 1 songs to database
2025-08-31 18:58:04,645 - music_tracker - INFO - Successfully saved 1 songs to database
2025-08-31 18:58:04,646 - music_tracker - INFO - Song collection completed successfully
2025-08-31 19:58:03,569 - music_tracker - INFO - SpotiSpy song collection starting...
2025-08-31 19:58:03,569 - music_tracker - INFO - Starting song collection (last 1 hours)
2025-08-31 19:58:03,570 - music_tracker - INFO - Fetching recent tracks from Spotify...
2025-08-31 19:58:03,952 - music_tracker - INFO - No recent songs found from Spotify
2025-08-31 19:58:03,954 - music_tracker - INFO - No new songs found from Spotify API
2025-08-31 19:58:03,955 - music_tracker - INFO - Song collection completed successfully
2025-08-31 20:58:02,847 - music_tracker - INFO - SpotiSpy song collection starting...
2025-08-31 20:58:02,847 - music_tracker - INFO - Starting song collection (last 1 hours)
2025-08-31 20:58:02,848 - music_tracker - INFO - Fetching recent tracks from Spotify...
2025-08-31 20:58:03,229 - music_tracker - INFO - No recent songs found from Spotify
2025-08-31 20:58:03,231 - music_tracker - INFO - No new songs found from Spotify API
2025-08-31 20:58:03,232 - music_tracker - INFO - Song collection completed successfully
2025-08-31 21:58:03,110 - music_tracker - INFO - SpotiSpy song collection starting...
2025-08-31 21:58:03,111 - music_tracker - INFO - Starting song collection (last 1 hours)
2025-08-31 21:58:03,111 - music_tracker - INFO - Fetching recent tracks from Spotify...
2025-08-31 21:58:03,520 - music_tracker - INFO - No recent songs found from Spotify
2025-08-31 21:58:03,522 - music_tracker - INFO - No new songs found from Spotify API
2025-08-31 21:58:03,522 - music_tracker - INFO - Song collection completed successfully
2025-08-31 22:58:03,435 - music_tracker - INFO - SpotiSpy song collection starting...
2025-08-31 22:58:03,435 - music_tracker - INFO - Starting song collection (last 1 hours)
2025-08-31 22:58:03,436 - music_tracker - INFO - Fetching recent tracks from Spotify...
2025-08-31 22:58:03,859 - music_tracker - INFO - No recent songs found from Spotify
2025-08-31 22:58:03,861 - music_tracker - INFO - No new songs found from Spotify API
2025-08-31 22:58:03,862 - music_tracker - INFO - Song collection completed successfully
2025-08-31 23:58:02,746 - music_tracker - INFO - SpotiSpy song collection starting...
2025-08-31 23:58:02,747 - music_tracker - INFO - Starting song collection (last 1 hours)
2025-08-31 23:58:02,747 - music_tracker - INFO - Fetching recent tracks from Spotify...
2025-08-31 23:58:03,148 - music_tracker - INFO - No recent songs found from Spotify
2025-08-31 23:58:03,150 - music_tracker - INFO - No new songs found from Spotify API
2025-08-31 23:58:03,150 - music_tracker - INFO - Song collection completed successfully
