2025-11-01 00:58:03,741 - music_tracker - INFO - SpotiSpy song collection starting...
2025-11-01 00:58:03,742 - music_tracker - INFO - Starting song collection (last 1 hours)
2025-11-01 00:58:03,742 - music_tracker - INFO - Fetching recent tracks from Spotify...
2025-11-01 00:58:04,090 - music_tracker - INFO - No recent songs found from Spotify
2025-11-01 00:58:04,092 - music_tracker - INFO - No new songs found from Spotify API
2025-11-01 00:58:04,093 - music_tracker - INFO - Song collection completed successfully
2025-11-01 01:58:03,025 - music_tracker - INFO - SpotiSpy song collection starting...
2025-11-01 01:58:03,026 - music_tracker - INFO - Starting song collection (last 1 hours)
2025-11-01 01:58:03,026 - music_tracker - INFO - Fetching recent tracks from Spotify...
2025-11-01 01:58:03,402 - music_tracker - INFO - No recent songs found from Spotify
2025-11-01 01:58:03,404 - music_tracker - INFO - No new songs found from Spotify API
2025-11-01 01:58:03,405 - music_tracker - INFO - Song collection completed successfully
2025-11-01 02:58:03,429 - music_tracker - INFO - SpotiSpy song collection starting...
2025-11-01 02:58:03,429 - music_tracker - INFO - Starting song collection (last 1 hours)
2025-11-01 02:58:03,430 - music_tracker - INFO - Fetching recent tracks from Spotify...
2025-11-01 02:58:03,789 - music_tracker - INFO - No recent songs found from Spotify
2025-11-01 02:58:03,791 - music_tracker - INFO - No new songs found from Spotify API
2025-11-01 02:58:03,792 - music_tracker - INFO - Song collection completed successfully
2025-11-01 03:58:02,743 - music_tracker - INFO - SpotiSpy song collection starting...
2025-11-01 03:58:02,744 - music_tracker - INFO - Starting song collection (last 1 hours)
2025-11-01 03:58:02,745 - music_tracker - INFO - Fetching recent tracks from Spotify...
2025-11-01 03:58:03,299 - music_tracker - INFO - Fetched 1 songs from Spotify
2025-11-01 03:58:03,301 - music_tracker - INFO - Found 1 songs from Spotify API
2025-11-01 03:58:03,302 - music_tracker - INFO - Checking for duplicates in database...
2025-11-01 03:58:04,744 - music_tracker - INFO - Found 1 new songs out of 1 total
2025-11-01 03:58:04,747 - music_tracker - INFO - Found 1 new songs to save
2025-11-01 03:58:04,747 - music_tracker - INFO - Saving songs to database...
2025-11-01 03:58:05,022 - music_tracker - INFO - Successfully saved 1 songs to database
2025-11-01 03:58:05,024 - music_tracker - INFO - Successfully saved 1 songs to database
2025-11-01 03:58:05,025 - music_tracker - INFO - Song collection completed successfully
2025-11-01 04:58:03,092 - music_tracker - INFO - SpotiSpy song collection starting...
2025-11-01 04:58:03,093 - music_tracker - INFO - Starting song collection (last 1 hours)
2025-11-01 04:58:03,094 - music_tracker - INFO - Fetching recent tracks from Spotify...
2025-11-01 04:58:03,453 - music_tracker - INFO - No recent songs found from Spotify
2025-11-01 04:58:03,455 - music_tracker - INFO - No new songs found from Spotify API
2025-11-01 04:58:03,456 - music_tracker - INFO - Song collection completed successfully
2025-11-01 05:58:03,437 - music_tracker - INFO - SpotiSpy song collection starting...
2025-11-01 05:58:03,439 - music_tracker - INFO - Starting song collection (last 1 hours)
2025-11-01 05:58:03,440 - music_tracker - INFO - Fetching recent tracks from Spotify...
2025-11-01 05:58:03,840 - music_tracker - INFO - No recent songs found from Spotify
2025-11-01 05:58:03,842 - music_tracker - INFO - No new songs found from Spotify API
2025-11-01 05:58:03,843 - music_tracker - INFO - Song collection completed successfully
2025-11-01 06:58:02,832 - music_tracker - INFO - SpotiSpy song collection starting...
2025-11-01 06:58:02,832 - music_tracker - INFO - Starting song collection (last 1 hours)
2025-11-01 06:58:02,833 - music_tracker - INFO - Fetching recent tracks from Spotify...
2025-11-01 06:58:03,189 - music_tracker - INFO - No recent songs found from Spotify
2025-11-01 06:58:03,191 - music_tracker - INFO - No new songs found from Spotify API
2025-11-01 06:58:03,192 - music_tracker - INFO - Song collection completed successfully
2025-11-01 07:58:03,148 - music_tracker - INFO - SpotiSpy song collection starting...
2025-11-01 07:58:03,149 - music_tracker - INFO - Starting song collection (last 1 hours)
2025-11-01 07:58:03,149 - music_tracker - INFO - Fetching recent tracks from Spotify...
2025-11-01 07:58:03,499 - music_tracker - INFO - No recent songs found from Spotify
2025-11-01 07:58:03,502 - music_tracker - INFO - No new songs found from Spotify API
2025-11-01 07:58:03,502 - music_tracker - INFO - Song collection completed successfully
2025-11-01 08:58:03,410 - music_tracker - INFO - SpotiSpy song collection starting...
2025-11-01 08:58:03,411 - music_tracker - INFO - Starting song collection (last 1 hours)
2025-11-01 08:58:03,411 - music_tracker - INFO - Fetching recent tracks from Spotify...
2025-11-01 08:58:03,766 - music_tracker - INFO - No recent songs found from Spotify
2025-11-01 08:58:03,768 - music_tracker - INFO - No new songs found from Spotify API
2025-11-01 08:58:03,769 - music_tracker - INFO - Song collection completed successfully
2025-11-01 09:00:13,387 - music_tracker - INFO - SpotiSpy starting...
2025-11-01 09:00:13,387 - music_tracker - INFO - Starting daily SpotiSpy analysis
2025-11-01 09:00:13,388 - music_tracker - INFO - Fetching yesterday's listening data...
2025-11-01 09:00:15,013 - music_tracker - INFO - Fetched 93 songs from database
2025-11-01 09:00:15,016 - music_tracker - INFO - Found 93 songs to analyze
2025-11-01 09:00:15,017 - music_tracker - INFO - Running analysis...
2025-11-01 09:00:15,029 - music_tracker - INFO - Sending daily summary to Slack...
2025-11-01 09:00:33,781 - music_tracker - INFO - Message sent successfully to Slack
2025-11-01 09:00:33,781 - music_tracker - INFO - Daily analysis completed successfully!
2025-11-01 09:00:33,782 - music_tracker - INFO - SpotiSpy completed successfully
2025-11-01 09:58:03,797 - music_tracker - INFO - SpotiSpy song collection starting...
2025-11-01 09:58:03,799 - music_tracker - INFO - Starting song collection (last 1 hours)
2025-11-01 09:58:03,800 - music_tracker - INFO - Fetching recent tracks from Spotify...
2025-11-01 09:58:04,196 - music_tracker - INFO - No recent songs found from Spotify
2025-11-01 09:58:04,198 - music_tracker - INFO - No new songs found from Spotify API
2025-11-01 09:58:04,198 - music_tracker - INFO - Song collection completed successfully
2025-11-01 10:58:03,147 - music_tracker - INFO - SpotiSpy song collection starting...
2025-11-01 10:58:03,148 - music_tracker - INFO - Starting song collection (last 1 hours)
2025-11-01 10:58:03,149 - music_tracker - INFO - Fetching recent tracks from Spotify...
2025-11-01 10:58:03,741 - music_tracker - INFO - Fetched 4 songs from Spotify
2025-11-01 10:58:03,743 - music_tracker - INFO - Found 4 songs from Spotify API
2025-11-01 10:58:03,744 - music_tracker - INFO - Checking for duplicates in database...
2025-11-01 10:58:05,068 - music_tracker - INFO - Found 4 new songs out of 4 total
2025-11-01 10:58:05,070 - music_tracker - INFO - Found 4 new songs to save
2025-11-01 10:58:05,071 - music_tracker - INFO - Saving songs to database...
2025-11-01 10:58:05,459 - music_tracker - INFO - Successfully saved 4 songs to database
2025-11-01 10:58:05,462 - music_tracker - INFO - Successfully saved 4 songs to database
2025-11-01 10:58:05,462 - music_tracker - INFO - Song collection completed successfully
2025-11-01 11:58:03,388 - music_tracker - INFO - SpotiSpy song collection starting...
2025-11-01 11:58:03,388 - music_tracker - INFO - Starting song collection (last 1 hours)
2025-11-01 11:58:03,389 - music_tracker - INFO - Fetching recent tracks from Spotify...
2025-11-01 11:58:08,992 - music_tracker - INFO - Fetched 10 songs from Spotify
2025-11-01 11:58:08,997 - music_tracker - INFO - Found 10 songs from Spotify API
2025-11-01 11:58:08,998 - music_tracker - INFO - Checking for duplicates in database...
2025-11-01 11:58:10,308 - music_tracker - INFO - Found 10 new songs out of 10 total
2025-11-01 11:58:10,310 - music_tracker - INFO - Found 10 new songs to save
2025-11-01 11:58:10,311 - music_tracker - INFO - Saving songs to database...
2025-11-01 11:58:10,688 - music_tracker - INFO - Successfully saved 10 songs to database
2025-11-01 11:58:10,690 - music_tracker - INFO - Successfully saved 10 songs to database
2025-11-01 11:58:10,691 - music_tracker - INFO - Song collection completed successfully
2025-11-01 12:58:03,625 - music_tracker - INFO - SpotiSpy song collection starting...
2025-11-01 12:58:03,625 - music_tracker - INFO - Starting song collection (last 1 hours)
2025-11-01 12:58:03,626 - music_tracker - INFO - Fetching recent tracks from Spotify...
2025-11-01 12:58:04,086 - music_tracker - INFO - Fetched 8 songs from Spotify
2025-11-01 12:58:04,088 - music_tracker - INFO - Found 8 songs from Spotify API
2025-11-01 12:58:04,089 - music_tracker - INFO - Checking for duplicates in database...
2025-11-01 12:58:05,451 - music_tracker - INFO - Found 8 new songs out of 8 total
2025-11-01 12:58:05,453 - music_tracker - INFO - Found 8 new songs to save
2025-11-01 12:58:05,454 - music_tracker - INFO - Saving songs to database...
2025-11-01 12:58:05,714 - music_tracker - INFO - Successfully saved 8 songs to database
2025-11-01 12:58:05,716 - music_tracker - INFO - Successfully saved 8 songs to database
2025-11-01 12:58:05,716 - music_tracker - INFO - Song collection completed successfully
2025-11-01 13:58:02,631 - music_tracker - INFO - SpotiSpy song collection starting...
2025-11-01 13:58:02,631 - music_tracker - INFO - Starting song collection (last 1 hours)
2025-11-01 13:58:02,632 - music_tracker - INFO - Fetching recent tracks from Spotify...
2025-11-01 13:58:03,058 - music_tracker - INFO - Fetched 1 songs from Spotify
2025-11-01 13:58:03,060 - music_tracker - INFO - Found 1 songs from Spotify API
2025-11-01 13:58:03,061 - music_tracker - INFO - Checking for duplicates in database...
2025-11-01 13:58:04,444 - music_tracker - INFO - Found 1 new songs out of 1 total
2025-11-01 13:58:04,446 - music_tracker - INFO - Found 1 new songs to save
2025-11-01 13:58:04,447 - music_tracker - INFO - Saving songs to database...
2025-11-01 13:58:04,729 - music_tracker - INFO - Successfully saved 1 songs to database
2025-11-01 13:58:04,731 - music_tracker - INFO - Successfully saved 1 songs to database
2025-11-01 13:58:04,732 - music_tracker - INFO - Song collection completed successfully
2025-11-01 14:58:02,639 - music_tracker - INFO - SpotiSpy song collection starting...
2025-11-01 14:58:02,640 - music_tracker - INFO - Starting song collection (last 1 hours)
2025-11-01 14:58:02,640 - music_tracker - INFO - Fetching recent tracks from Spotify...
2025-11-01 14:58:03,094 - music_tracker - INFO - Fetched 1 songs from Spotify
2025-11-01 14:58:03,096 - music_tracker - INFO - Found 1 songs from Spotify API
2025-11-01 14:58:03,097 - music_tracker - INFO - Checking for duplicates in database...
2025-11-01 14:58:04,385 - music_tracker - INFO - Found 1 new songs out of 1 total
2025-11-01 14:58:04,387 - music_tracker - INFO - Found 1 new songs to save
2025-11-01 14:58:04,388 - music_tracker - INFO - Saving songs to database...
2025-11-01 14:58:04,717 - music_tracker - INFO - Successfully saved 1 songs to database
2025-11-01 14:58:04,719 - music_tracker - INFO - Successfully saved 1 songs to database
2025-11-01 14:58:04,719 - music_tracker - INFO - Song collection completed successfully
2025-11-01 15:58:02,614 - music_tracker - INFO - SpotiSpy song collection starting...
2025-11-01 15:58:02,614 - music_tracker - INFO - Starting song collection (last 1 hours)
2025-11-01 15:58:02,615 - music_tracker - INFO - Fetching recent tracks from Spotify...
2025-11-01 15:58:03,015 - music_tracker - INFO - No recent songs found from Spotify
2025-11-01 15:58:03,017 - music_tracker - INFO - No new songs found from Spotify API
2025-11-01 15:58:03,017 - music_tracker - INFO - Song collection completed successfully
2025-11-01 16:58:02,913 - music_tracker - INFO - SpotiSpy song collection starting...
2025-11-01 16:58:02,913 - music_tracker - INFO - Starting song collection (last 1 hours)
2025-11-01 16:58:02,914 - music_tracker - INFO - Fetching recent tracks from Spotify...
2025-11-01 16:58:03,343 - music_tracker - INFO - Fetched 1 songs from Spotify
2025-11-01 16:58:03,345 - music_tracker - INFO - Found 1 songs from Spotify API
2025-11-01 16:58:03,346 - music_tracker - INFO - Checking for duplicates in database...
2025-11-01 16:58:04,741 - music_tracker - INFO - Found 1 new songs out of 1 total
2025-11-01 16:58:04,743 - music_tracker - INFO - Found 1 new songs to save
2025-11-01 16:58:04,744 - music_tracker - INFO - Saving songs to database...
2025-11-01 16:58:05,076 - music_tracker - INFO - Successfully saved 1 songs to database
2025-11-01 16:58:05,078 - music_tracker - INFO - Successfully saved 1 songs to database
2025-11-01 16:58:05,079 - music_tracker - INFO - Song collection completed successfully
2025-11-01 17:58:02,993 - music_tracker - INFO - SpotiSpy song collection starting...
2025-11-01 17:58:02,993 - music_tracker - INFO - Starting song collection (last 1 hours)
2025-11-01 17:58:02,994 - music_tracker - INFO - Fetching recent tracks from Spotify...
2025-11-01 17:58:03,357 - music_tracker - INFO - No recent songs found from Spotify
2025-11-01 17:58:03,359 - music_tracker - INFO - No new songs found from Spotify API
2025-11-01 17:58:03,360 - music_tracker - INFO - Song collection completed successfully
2025-11-01 18:58:03,265 - music_tracker - INFO - SpotiSpy song collection starting...
2025-11-01 18:58:03,266 - music_tracker - INFO - Starting song collection (last 1 hours)
2025-11-01 18:58:03,266 - music_tracker - INFO - Fetching recent tracks from Spotify...
2025-11-01 18:58:03,758 - music_tracker - INFO - Fetched 14 songs from Spotify
2025-11-01 18:58:03,761 - music_tracker - INFO - Found 14 songs from Spotify API
2025-11-01 18:58:03,762 - music_tracker - INFO - Checking for duplicates in database...
2025-11-01 18:58:05,279 - music_tracker - INFO - Found 14 new songs out of 14 total
2025-11-01 18:58:05,282 - music_tracker - INFO - Found 14 new songs to save
2025-11-01 18:58:05,282 - music_tracker - INFO - Saving songs to database...
2025-11-01 18:58:05,605 - music_tracker - INFO - Successfully saved 14 songs to database
2025-11-01 18:58:05,607 - music_tracker - INFO - Successfully saved 14 songs to database
2025-11-01 18:58:05,607 - music_tracker - INFO - Song collection completed successfully
2025-11-01 19:58:03,506 - music_tracker - INFO - SpotiSpy song collection starting...
2025-11-01 19:58:03,506 - music_tracker - INFO - Starting song collection (last 1 hours)
2025-11-01 19:58:03,507 - music_tracker - INFO - Fetching recent tracks from Spotify...
2025-11-01 19:58:04,199 - music_tracker - INFO - Fetched 13 songs from Spotify
2025-11-01 19:58:04,203 - music_tracker - INFO - Found 13 songs from Spotify API
2025-11-01 19:58:04,204 - music_tracker - INFO - Checking for duplicates in database...
2025-11-01 19:58:05,635 - music_tracker - INFO - Found 13 new songs out of 13 total
2025-11-01 19:58:05,637 - music_tracker - INFO - Found 13 new songs to save
2025-11-01 19:58:05,638 - music_tracker - INFO - Saving songs to database...
2025-11-01 19:58:05,946 - music_tracker - INFO - Successfully saved 13 songs to database
2025-11-01 19:58:05,948 - music_tracker - INFO - Successfully saved 13 songs to database
2025-11-01 19:58:05,949 - music_tracker - INFO - Song collection completed successfully
2025-11-01 20:58:02,864 - music_tracker - INFO - SpotiSpy song collection starting...
2025-11-01 20:58:02,865 - music_tracker - INFO - Starting song collection (last 1 hours)
2025-11-01 20:58:02,865 - music_tracker - INFO - Fetching recent tracks from Spotify...
2025-11-01 20:58:03,457 - music_tracker - INFO - Fetched 16 songs from Spotify
2025-11-01 20:58:03,460 - music_tracker - INFO - Found 16 songs from Spotify API
2025-11-01 20:58:03,461 - music_tracker - INFO - Checking for duplicates in database...
2025-11-01 20:58:04,873 - music_tracker - INFO - Found 16 new songs out of 16 total
2025-11-01 20:58:04,875 - music_tracker - INFO - Found 16 new songs to save
2025-11-01 20:58:04,876 - music_tracker - INFO - Saving songs to database...
2025-11-01 20:58:05,308 - music_tracker - INFO - Successfully saved 16 songs to database
2025-11-01 20:58:05,310 - music_tracker - INFO - Successfully saved 16 songs to database
2025-11-01 20:58:05,311 - music_tracker - INFO - Song collection completed successfully
2025-11-01 21:58:04,071 - music_tracker - INFO - SpotiSpy song collection starting...
2025-11-01 21:58:04,073 - music_tracker - INFO - Starting song collection (last 1 hours)
2025-11-01 21:58:04,074 - music_tracker - INFO - Fetching recent tracks from Spotify...
2025-11-01 21:58:04,529 - music_tracker - INFO - Fetched 3 songs from Spotify
2025-11-01 21:58:04,531 - music_tracker - INFO - Found 3 songs from Spotify API
2025-11-01 21:58:04,532 - music_tracker - INFO - Checking for duplicates in database...
2025-11-01 21:58:05,742 - music_tracker - INFO - Found 3 new songs out of 3 total
2025-11-01 21:58:05,744 - music_tracker - INFO - Found 3 new songs to save
2025-11-01 21:58:05,745 - music_tracker - INFO - Saving songs to database...
2025-11-01 21:58:06,031 - music_tracker - INFO - Successfully saved 3 songs to database
2025-11-01 21:58:06,033 - music_tracker - INFO - Successfully saved 3 songs to database
2025-11-01 21:58:06,034 - music_tracker - INFO - Song collection completed successfully
2025-11-01 22:58:02,968 - music_tracker - INFO - SpotiSpy song collection starting...
2025-11-01 22:58:02,969 - music_tracker - INFO - Starting song collection (last 1 hours)
2025-11-01 22:58:02,969 - music_tracker - INFO - Fetching recent tracks from Spotify...
2025-11-01 22:58:03,388 - music_tracker - INFO - No recent songs found from Spotify
2025-11-01 22:58:03,391 - music_tracker - INFO - No new songs found from Spotify API
2025-11-01 22:58:03,391 - music_tracker - INFO - Song collection completed successfully
2025-11-01 23:58:03,284 - music_tracker - INFO - SpotiSpy song collection starting...
2025-11-01 23:58:03,284 - music_tracker - INFO - Starting song collection (last 1 hours)
2025-11-01 23:58:03,285 - music_tracker - INFO - Fetching recent tracks from Spotify...
2025-11-01 23:58:03,750 - music_tracker - INFO - Fetched 1 songs from Spotify
2025-11-01 23:58:03,752 - music_tracker - INFO - Found 1 songs from Spotify API
2025-11-01 23:58:03,753 - music_tracker - INFO - Checking for duplicates in database...
2025-11-01 23:58:05,199 - music_tracker - INFO - Found 1 new songs out of 1 total
2025-11-01 23:58:05,202 - music_tracker - INFO - Found 1 new songs to save
2025-11-01 23:58:05,203 - music_tracker - INFO - Saving songs to database...
2025-11-01 23:58:05,561 - music_tracker - INFO - Successfully saved 1 songs to database
2025-11-01 23:58:05,563 - music_tracker - INFO - Successfully saved 1 songs to database
2025-11-01 23:58:05,564 - music_tracker - INFO - Song collection completed successfully
