2025-12-10 00:58:03,019 - music_tracker - INFO - SpotiSpy song collection starting...
2025-12-10 00:58:03,019 - music_tracker - INFO - Starting song collection (last 1 hours)
2025-12-10 00:58:03,020 - music_tracker - INFO - Fetching recent tracks from Spotify...
2025-12-10 00:58:03,469 - music_tracker - INFO - No recent songs found from Spotify
2025-12-10 00:58:03,471 - music_tracker - INFO - No new songs found from Spotify API
2025-12-10 00:58:03,471 - music_tracker - INFO - Song collection completed successfully
2025-12-10 01:58:03,468 - music_tracker - INFO - SpotiSpy song collection starting...
2025-12-10 01:58:03,469 - music_tracker - INFO - Starting song collection (last 1 hours)
2025-12-10 01:58:03,470 - music_tracker - INFO - Fetching recent tracks from Spotify...
2025-12-10 01:58:03,906 - music_tracker - INFO - No recent songs found from Spotify
2025-12-10 01:58:03,908 - music_tracker - INFO - No new songs found from Spotify API
2025-12-10 01:58:03,908 - music_tracker - INFO - Song collection completed successfully
2025-12-10 02:58:02,863 - music_tracker - INFO - SpotiSpy song collection starting...
2025-12-10 02:58:02,864 - music_tracker - INFO - Starting song collection (last 1 hours)
2025-12-10 02:58:02,865 - music_tracker - INFO - Fetching recent tracks from Spotify...
2025-12-10 02:58:08,623 - music_tracker - INFO - No recent songs found from Spotify
2025-12-10 02:58:08,626 - music_tracker - INFO - No new songs found from Spotify API
2025-12-10 02:58:08,627 - music_tracker - INFO - Song collection completed successfully
2025-12-10 03:58:03,557 - music_tracker - INFO - SpotiSpy song collection starting...
2025-12-10 03:58:03,557 - music_tracker - INFO - Starting song collection (last 1 hours)
2025-12-10 03:58:03,558 - music_tracker - INFO - Fetching recent tracks from Spotify...
2025-12-10 03:58:03,914 - music_tracker - INFO - No recent songs found from Spotify
2025-12-10 03:58:03,916 - music_tracker - INFO - No new songs found from Spotify API
2025-12-10 03:58:03,917 - music_tracker - INFO - Song collection completed successfully
2025-12-10 04:58:02,805 - music_tracker - INFO - SpotiSpy song collection starting...
2025-12-10 04:58:02,806 - music_tracker - INFO - Starting song collection (last 1 hours)
2025-12-10 04:58:02,807 - music_tracker - INFO - Fetching recent tracks from Spotify...
2025-12-10 04:58:03,229 - music_tracker - INFO - No recent songs found from Spotify
2025-12-10 04:58:03,231 - music_tracker - INFO - No new songs found from Spotify API
2025-12-10 04:58:03,232 - music_tracker - INFO - Song collection completed successfully
2025-12-10 05:58:03,159 - music_tracker - INFO - SpotiSpy song collection starting...
2025-12-10 05:58:03,160 - music_tracker - INFO - Starting song collection (last 1 hours)
2025-12-10 05:58:03,161 - music_tracker - INFO - Fetching recent tracks from Spotify...
2025-12-10 05:58:03,559 - music_tracker - INFO - No recent songs found from Spotify
2025-12-10 05:58:03,561 - music_tracker - INFO - No new songs found from Spotify API
2025-12-10 05:58:03,562 - music_tracker - INFO - Song collection completed successfully
2025-12-10 06:58:03,656 - music_tracker - INFO - SpotiSpy song collection starting...
2025-12-10 06:58:03,657 - music_tracker - INFO - Starting song collection (last 1 hours)
2025-12-10 06:58:03,658 - music_tracker - INFO - Fetching recent tracks from Spotify...
2025-12-10 06:58:04,057 - music_tracker - INFO - No recent songs found from Spotify
2025-12-10 06:58:04,059 - music_tracker - INFO - No new songs found from Spotify API
2025-12-10 06:58:04,060 - music_tracker - INFO - Song collection completed successfully
2025-12-10 07:58:02,954 - music_tracker - INFO - SpotiSpy song collection starting...
2025-12-10 07:58:02,954 - music_tracker - INFO - Starting song collection (last 1 hours)
2025-12-10 07:58:02,955 - music_tracker - INFO - Fetching recent tracks from Spotify...
2025-12-10 07:58:03,414 - music_tracker - INFO - No recent songs found from Spotify
2025-12-10 07:58:03,416 - music_tracker - INFO - No new songs found from Spotify API
2025-12-10 07:58:03,416 - music_tracker - INFO - Song collection completed successfully
2025-12-10 08:58:03,336 - music_tracker - INFO - SpotiSpy song collection starting...
2025-12-10 08:58:03,337 - music_tracker - INFO - Starting song collection (last 1 hours)
2025-12-10 08:58:03,337 - music_tracker - INFO - Fetching recent tracks from Spotify...
2025-12-10 08:58:03,701 - music_tracker - INFO - No recent songs found from Spotify
2025-12-10 08:58:03,703 - music_tracker - INFO - No new songs found from Spotify API
2025-12-10 08:58:03,704 - music_tracker - INFO - Song collection completed successfully
2025-12-10 09:00:13,580 - music_tracker - INFO - SpotiSpy starting...
2025-12-10 09:00:13,581 - music_tracker - INFO - Starting daily SpotiSpy analysis
2025-12-10 09:00:13,581 - music_tracker - INFO - Fetching yesterday's listening data...
2025-12-10 09:00:15,248 - music_tracker - INFO - Fetched 51 songs from database
2025-12-10 09:00:15,250 - music_tracker - INFO - Found 51 songs to analyze
2025-12-10 09:00:15,251 - music_tracker - INFO - Running analysis...
2025-12-10 09:00:15,258 - music_tracker - INFO - Sending daily summary to Slack...
2025-12-10 09:00:16,833 - music_tracker - INFO - Message sent successfully to Slack
2025-12-10 09:00:16,834 - music_tracker - INFO - Daily analysis completed successfully!
2025-12-10 09:00:16,834 - music_tracker - INFO - SpotiSpy completed successfully
2025-12-10 09:58:02,699 - music_tracker - INFO - SpotiSpy song collection starting...
2025-12-10 09:58:02,700 - music_tracker - INFO - Starting song collection (last 1 hours)
2025-12-10 09:58:02,700 - music_tracker - INFO - Fetching recent tracks from Spotify...
2025-12-10 09:58:03,545 - music_tracker - INFO - No recent songs found from Spotify
2025-12-10 09:58:03,548 - music_tracker - INFO - No new songs found from Spotify API
2025-12-10 09:58:03,549 - music_tracker - INFO - Song collection completed successfully
2025-12-10 10:58:03,473 - music_tracker - INFO - SpotiSpy song collection starting...
2025-12-10 10:58:03,474 - music_tracker - INFO - Starting song collection (last 1 hours)
2025-12-10 10:58:03,475 - music_tracker - INFO - Fetching recent tracks from Spotify...
2025-12-10 10:58:04,026 - music_tracker - INFO - Fetched 10 songs from Spotify
2025-12-10 10:58:04,029 - music_tracker - INFO - Found 10 songs from Spotify API
2025-12-10 10:58:04,030 - music_tracker - INFO - Checking for duplicates in database...
2025-12-10 10:58:05,509 - music_tracker - INFO - Found 10 new songs out of 10 total
2025-12-10 10:58:05,512 - music_tracker - INFO - Found 10 new songs to save
2025-12-10 10:58:05,513 - music_tracker - INFO - Saving songs to database...
2025-12-10 10:58:05,855 - music_tracker - INFO - Successfully saved 10 songs to database
2025-12-10 10:58:05,857 - music_tracker - INFO - Successfully saved 10 songs to database
2025-12-10 10:58:05,858 - music_tracker - INFO - Song collection completed successfully
2025-12-10 11:58:04,032 - music_tracker - INFO - SpotiSpy song collection starting...
2025-12-10 11:58:04,033 - music_tracker - INFO - Starting song collection (last 1 hours)
2025-12-10 11:58:04,034 - music_tracker - INFO - Fetching recent tracks from Spotify...
2025-12-10 11:58:04,513 - music_tracker - INFO - Fetched 9 songs from Spotify
2025-12-10 11:58:04,515 - music_tracker - INFO - Found 9 songs from Spotify API
2025-12-10 11:58:04,516 - music_tracker - INFO - Checking for duplicates in database...
2025-12-10 11:58:05,779 - music_tracker - INFO - Found 9 new songs out of 9 total
2025-12-10 11:58:05,781 - music_tracker - INFO - Found 9 new songs to save
2025-12-10 11:58:05,782 - music_tracker - INFO - Saving songs to database...
2025-12-10 11:58:06,054 - music_tracker - INFO - Successfully saved 9 songs to database
2025-12-10 11:58:06,056 - music_tracker - INFO - Successfully saved 9 songs to database
2025-12-10 11:58:06,057 - music_tracker - INFO - Song collection completed successfully
2025-12-10 12:58:03,024 - music_tracker - INFO - SpotiSpy song collection starting...
2025-12-10 12:58:03,024 - music_tracker - INFO - Starting song collection (last 1 hours)
2025-12-10 12:58:03,025 - music_tracker - INFO - Fetching recent tracks from Spotify...
2025-12-10 12:58:03,536 - music_tracker - INFO - Fetched 19 songs from Spotify
2025-12-10 12:58:03,539 - music_tracker - INFO - Found 19 songs from Spotify API
2025-12-10 12:58:03,539 - music_tracker - INFO - Checking for duplicates in database...
2025-12-10 12:58:04,913 - music_tracker - INFO - Found 19 new songs out of 19 total
2025-12-10 12:58:04,915 - music_tracker - INFO - Found 19 new songs to save
2025-12-10 12:58:04,915 - music_tracker - INFO - Saving songs to database...
2025-12-10 12:58:05,307 - music_tracker - INFO - Successfully saved 19 songs to database
2025-12-10 12:58:05,309 - music_tracker - INFO - Successfully saved 19 songs to database
2025-12-10 12:58:05,309 - music_tracker - INFO - Song collection completed successfully
2025-12-10 13:58:03,227 - music_tracker - INFO - SpotiSpy song collection starting...
2025-12-10 13:58:03,228 - music_tracker - INFO - Starting song collection (last 1 hours)
2025-12-10 13:58:03,228 - music_tracker - INFO - Fetching recent tracks from Spotify...
2025-12-10 13:58:03,766 - music_tracker - INFO - Fetched 9 songs from Spotify
2025-12-10 13:58:03,769 - music_tracker - INFO - Found 9 songs from Spotify API
2025-12-10 13:58:03,769 - music_tracker - INFO - Checking for duplicates in database...
2025-12-10 13:58:05,115 - music_tracker - INFO - Found 9 new songs out of 9 total
2025-12-10 13:58:05,117 - music_tracker - INFO - Found 9 new songs to save
2025-12-10 13:58:05,118 - music_tracker - INFO - Saving songs to database...
2025-12-10 13:58:05,453 - music_tracker - INFO - Successfully saved 9 songs to database
2025-12-10 13:58:05,455 - music_tracker - INFO - Successfully saved 9 songs to database
2025-12-10 13:58:05,456 - music_tracker - INFO - Song collection completed successfully
2025-12-10 14:58:03,385 - music_tracker - INFO - SpotiSpy song collection starting...
2025-12-10 14:58:03,385 - music_tracker - INFO - Starting song collection (last 1 hours)
2025-12-10 14:58:03,386 - music_tracker - INFO - Fetching recent tracks from Spotify...
2025-12-10 14:58:03,811 - music_tracker - INFO - No recent songs found from Spotify
2025-12-10 14:58:03,813 - music_tracker - INFO - No new songs found from Spotify API
2025-12-10 14:58:03,813 - music_tracker - INFO - Song collection completed successfully
2025-12-10 15:58:02,695 - music_tracker - INFO - SpotiSpy song collection starting...
2025-12-10 15:58:02,695 - music_tracker - INFO - Starting song collection (last 1 hours)
2025-12-10 15:58:02,696 - music_tracker - INFO - Fetching recent tracks from Spotify...
2025-12-10 15:58:03,084 - music_tracker - INFO - No recent songs found from Spotify
2025-12-10 15:58:03,086 - music_tracker - INFO - No new songs found from Spotify API
2025-12-10 15:58:03,087 - music_tracker - INFO - Song collection completed successfully
2025-12-10 16:58:03,015 - music_tracker - INFO - SpotiSpy song collection starting...
2025-12-10 16:58:03,015 - music_tracker - INFO - Starting song collection (last 1 hours)
2025-12-10 16:58:03,016 - music_tracker - INFO - Fetching recent tracks from Spotify...
2025-12-10 16:58:03,582 - music_tracker - INFO - No recent songs found from Spotify
2025-12-10 16:58:03,584 - music_tracker - INFO - No new songs found from Spotify API
2025-12-10 16:58:03,585 - music_tracker - INFO - Song collection completed successfully
2025-12-10 17:58:03,508 - music_tracker - INFO - SpotiSpy song collection starting...
2025-12-10 17:58:03,508 - music_tracker - INFO - Starting song collection (last 1 hours)
2025-12-10 17:58:03,509 - music_tracker - INFO - Fetching recent tracks from Spotify...
2025-12-10 17:58:04,098 - music_tracker - INFO - Fetched 11 songs from Spotify
2025-12-10 17:58:04,101 - music_tracker - INFO - Found 11 songs from Spotify API
2025-12-10 17:58:04,101 - music_tracker - INFO - Checking for duplicates in database...
2025-12-10 17:58:05,705 - music_tracker - INFO - Found 11 new songs out of 11 total
2025-12-10 17:58:05,707 - music_tracker - INFO - Found 11 new songs to save
2025-12-10 17:58:05,708 - music_tracker - INFO - Saving songs to database...
2025-12-10 17:58:06,120 - music_tracker - INFO - Successfully saved 11 songs to database
2025-12-10 17:58:06,123 - music_tracker - INFO - Successfully saved 11 songs to database
2025-12-10 17:58:06,123 - music_tracker - INFO - Song collection completed successfully
2025-12-10 18:58:03,023 - music_tracker - INFO - SpotiSpy song collection starting...
2025-12-10 18:58:03,024 - music_tracker - INFO - Starting song collection (last 1 hours)
2025-12-10 18:58:03,025 - music_tracker - INFO - Fetching recent tracks from Spotify...
2025-12-10 18:58:03,601 - music_tracker - INFO - Fetched 2 songs from Spotify
2025-12-10 18:58:03,604 - music_tracker - INFO - Found 2 songs from Spotify API
2025-12-10 18:58:03,604 - music_tracker - INFO - Checking for duplicates in database...
2025-12-10 18:58:10,090 - music_tracker - INFO - Found 2 new songs out of 2 total
2025-12-10 18:58:10,092 - music_tracker - INFO - Found 2 new songs to save
2025-12-10 18:58:10,093 - music_tracker - INFO - Saving songs to database...
2025-12-10 18:58:10,619 - music_tracker - INFO - Successfully saved 2 songs to database
2025-12-10 18:58:10,621 - music_tracker - INFO - Successfully saved 2 songs to database
2025-12-10 18:58:10,622 - music_tracker - INFO - Song collection completed successfully
2025-12-10 19:58:03,529 - music_tracker - INFO - SpotiSpy song collection starting...
2025-12-10 19:58:03,530 - music_tracker - INFO - Starting song collection (last 1 hours)
2025-12-10 19:58:03,530 - music_tracker - INFO - Fetching recent tracks from Spotify...
2025-12-10 19:58:04,027 - music_tracker - INFO - No recent songs found from Spotify
2025-12-10 19:58:04,029 - music_tracker - INFO - No new songs found from Spotify API
2025-12-10 19:58:04,030 - music_tracker - INFO - Song collection completed successfully
2025-12-10 20:58:02,940 - music_tracker - INFO - SpotiSpy song collection starting...
2025-12-10 20:58:02,941 - music_tracker - INFO - Starting song collection (last 1 hours)
2025-12-10 20:58:02,942 - music_tracker - INFO - Fetching recent tracks from Spotify...
2025-12-10 20:58:03,348 - music_tracker - INFO - No recent songs found from Spotify
2025-12-10 20:58:03,350 - music_tracker - INFO - No new songs found from Spotify API
2025-12-10 20:58:03,351 - music_tracker - INFO - Song collection completed successfully
2025-12-10 21:58:03,247 - music_tracker - INFO - SpotiSpy song collection starting...
2025-12-10 21:58:03,248 - music_tracker - INFO - Starting song collection (last 1 hours)
2025-12-10 21:58:03,249 - music_tracker - INFO - Fetching recent tracks from Spotify...
2025-12-10 21:58:03,693 - music_tracker - INFO - No recent songs found from Spotify
2025-12-10 21:58:03,695 - music_tracker - INFO - No new songs found from Spotify API
2025-12-10 21:58:03,696 - music_tracker - INFO - Song collection completed successfully
2025-12-10 22:58:03,611 - music_tracker - INFO - SpotiSpy song collection starting...
2025-12-10 22:58:03,612 - music_tracker - INFO - Starting song collection (last 1 hours)
2025-12-10 22:58:03,613 - music_tracker - INFO - Fetching recent tracks from Spotify...
2025-12-10 22:58:05,315 - music_tracker - INFO - No recent songs found from Spotify
2025-12-10 22:58:05,318 - music_tracker - INFO - No new songs found from Spotify API
2025-12-10 22:58:05,318 - music_tracker - INFO - Song collection completed successfully
2025-12-10 23:58:03,281 - music_tracker - INFO - SpotiSpy song collection starting...
2025-12-10 23:58:03,282 - music_tracker - INFO - Starting song collection (last 1 hours)
2025-12-10 23:58:03,282 - music_tracker - INFO - Fetching recent tracks from Spotify...
2025-12-10 23:58:03,649 - music_tracker - INFO - No recent songs found from Spotify
2025-12-10 23:58:03,651 - music_tracker - INFO - No new songs found from Spotify API
2025-12-10 23:58:03,652 - music_tracker - INFO - Song collection completed successfully
