2025-10-11 00:58:02,862 - music_tracker - INFO - SpotiSpy song collection starting...
2025-10-11 00:58:02,862 - music_tracker - INFO - Starting song collection (last 1 hours)
2025-10-11 00:58:02,863 - music_tracker - INFO - Fetching recent tracks from Spotify...
2025-10-11 00:58:03,514 - music_tracker - INFO - Fetched 15 songs from Spotify
2025-10-11 00:58:03,518 - music_tracker - INFO - Found 15 songs from Spotify API
2025-10-11 00:58:03,518 - music_tracker - INFO - Checking for duplicates in database...
2025-10-11 00:58:04,755 - music_tracker - INFO - Found 15 new songs out of 15 total
2025-10-11 00:58:04,757 - music_tracker - INFO - Found 15 new songs to save
2025-10-11 00:58:04,758 - music_tracker - INFO - Saving songs to database...
2025-10-11 00:58:05,042 - music_tracker - INFO - Successfully saved 15 songs to database
2025-10-11 00:58:05,044 - music_tracker - INFO - Successfully saved 15 songs to database
2025-10-11 00:58:05,045 - music_tracker - INFO - Song collection completed successfully
2025-10-11 01:58:03,029 - music_tracker - INFO - SpotiSpy song collection starting...
2025-10-11 01:58:03,029 - music_tracker - INFO - Starting song collection (last 1 hours)
2025-10-11 01:58:03,030 - music_tracker - INFO - Fetching recent tracks from Spotify...
2025-10-11 01:58:03,422 - music_tracker - INFO - No recent songs found from Spotify
2025-10-11 01:58:03,424 - music_tracker - INFO - No new songs found from Spotify API
2025-10-11 01:58:03,424 - music_tracker - INFO - Song collection completed successfully
2025-10-11 02:58:03,387 - music_tracker - INFO - SpotiSpy song collection starting...
2025-10-11 02:58:03,388 - music_tracker - INFO - Starting song collection (last 1 hours)
2025-10-11 02:58:03,388 - music_tracker - INFO - Fetching recent tracks from Spotify...
2025-10-11 02:58:03,739 - music_tracker - INFO - No recent songs found from Spotify
2025-10-11 02:58:03,741 - music_tracker - INFO - No new songs found from Spotify API
2025-10-11 02:58:03,742 - music_tracker - INFO - Song collection completed successfully
2025-10-11 03:58:02,698 - music_tracker - INFO - SpotiSpy song collection starting...
2025-10-11 03:58:02,700 - music_tracker - INFO - Starting song collection (last 1 hours)
2025-10-11 03:58:02,700 - music_tracker - INFO - Fetching recent tracks from Spotify...
2025-10-11 03:58:03,052 - music_tracker - INFO - No recent songs found from Spotify
2025-10-11 03:58:03,054 - music_tracker - INFO - No new songs found from Spotify API
2025-10-11 03:58:03,055 - music_tracker - INFO - Song collection completed successfully
2025-10-11 04:58:03,038 - music_tracker - INFO - SpotiSpy song collection starting...
2025-10-11 04:58:03,039 - music_tracker - INFO - Starting song collection (last 1 hours)
2025-10-11 04:58:03,039 - music_tracker - INFO - Fetching recent tracks from Spotify...
2025-10-11 04:58:03,401 - music_tracker - INFO - No recent songs found from Spotify
2025-10-11 04:58:03,403 - music_tracker - INFO - No new songs found from Spotify API
2025-10-11 04:58:03,404 - music_tracker - INFO - Song collection completed successfully
2025-10-11 05:58:03,293 - music_tracker - INFO - SpotiSpy song collection starting...
2025-10-11 05:58:03,293 - music_tracker - INFO - Starting song collection (last 1 hours)
2025-10-11 05:58:03,294 - music_tracker - INFO - Fetching recent tracks from Spotify...
2025-10-11 05:58:03,664 - music_tracker - INFO - No recent songs found from Spotify
2025-10-11 05:58:03,666 - music_tracker - INFO - No new songs found from Spotify API
2025-10-11 05:58:03,666 - music_tracker - INFO - Song collection completed successfully
2025-10-11 06:58:02,615 - music_tracker - INFO - SpotiSpy song collection starting...
2025-10-11 06:58:02,616 - music_tracker - INFO - Starting song collection (last 1 hours)
2025-10-11 06:58:02,617 - music_tracker - INFO - Fetching recent tracks from Spotify...
2025-10-11 06:58:02,967 - music_tracker - INFO - No recent songs found from Spotify
2025-10-11 06:58:02,969 - music_tracker - INFO - No new songs found from Spotify API
2025-10-11 06:58:02,970 - music_tracker - INFO - Song collection completed successfully
2025-10-11 07:58:02,880 - music_tracker - INFO - SpotiSpy song collection starting...
2025-10-11 07:58:02,880 - music_tracker - INFO - Starting song collection (last 1 hours)
2025-10-11 07:58:02,881 - music_tracker - INFO - Fetching recent tracks from Spotify...
2025-10-11 07:58:03,230 - music_tracker - INFO - No recent songs found from Spotify
2025-10-11 07:58:03,232 - music_tracker - INFO - No new songs found from Spotify API
2025-10-11 07:58:03,232 - music_tracker - INFO - Song collection completed successfully
2025-10-11 08:58:03,129 - music_tracker - INFO - SpotiSpy song collection starting...
2025-10-11 08:58:03,129 - music_tracker - INFO - Starting song collection (last 1 hours)
2025-10-11 08:58:03,130 - music_tracker - INFO - Fetching recent tracks from Spotify...
2025-10-11 08:58:03,498 - music_tracker - INFO - No recent songs found from Spotify
2025-10-11 08:58:03,500 - music_tracker - INFO - No new songs found from Spotify API
2025-10-11 08:58:03,501 - music_tracker - INFO - Song collection completed successfully
2025-10-11 09:00:15,004 - music_tracker - INFO - SpotiSpy starting...
2025-10-11 09:00:15,006 - music_tracker - INFO - Starting daily SpotiSpy analysis
2025-10-11 09:00:15,006 - music_tracker - INFO - Fetching yesterday's listening data...
2025-10-11 09:00:16,664 - music_tracker - INFO - Fetched 151 songs from database
2025-10-11 09:00:16,666 - music_tracker - INFO - Found 151 songs to analyze
2025-10-11 09:00:16,667 - music_tracker - INFO - Running analysis...
2025-10-11 09:00:16,684 - music_tracker - INFO - Sending daily summary to Slack...
2025-10-11 09:00:50,983 - music_tracker - INFO - Message sent successfully to Slack
2025-10-11 09:00:50,984 - music_tracker - INFO - Daily analysis completed successfully!
2025-10-11 09:00:50,984 - music_tracker - INFO - SpotiSpy completed successfully
2025-10-11 09:58:04,253 - music_tracker - INFO - SpotiSpy song collection starting...
2025-10-11 09:58:04,261 - music_tracker - INFO - Starting song collection (last 1 hours)
2025-10-11 09:58:04,262 - music_tracker - INFO - Fetching recent tracks from Spotify...
2025-10-11 09:58:04,615 - music_tracker - INFO - No recent songs found from Spotify
2025-10-11 09:58:04,617 - music_tracker - INFO - No new songs found from Spotify API
2025-10-11 09:58:04,617 - music_tracker - INFO - Song collection completed successfully
2025-10-11 10:58:03,582 - music_tracker - INFO - SpotiSpy song collection starting...
2025-10-11 10:58:03,582 - music_tracker - INFO - Starting song collection (last 1 hours)
2025-10-11 10:58:03,583 - music_tracker - INFO - Fetching recent tracks from Spotify...
2025-10-11 10:58:04,004 - music_tracker - INFO - Fetched 7 songs from Spotify
2025-10-11 10:58:04,006 - music_tracker - INFO - Found 7 songs from Spotify API
2025-10-11 10:58:04,007 - music_tracker - INFO - Checking for duplicates in database...
2025-10-11 10:58:05,447 - music_tracker - INFO - Found 7 new songs out of 7 total
2025-10-11 10:58:05,449 - music_tracker - INFO - Found 7 new songs to save
2025-10-11 10:58:05,450 - music_tracker - INFO - Saving songs to database...
2025-10-11 10:58:05,720 - music_tracker - INFO - Successfully saved 7 songs to database
2025-10-11 10:58:05,722 - music_tracker - INFO - Successfully saved 7 songs to database
2025-10-11 10:58:05,723 - music_tracker - INFO - Song collection completed successfully
2025-10-11 11:58:02,650 - music_tracker - INFO - SpotiSpy song collection starting...
2025-10-11 11:58:02,651 - music_tracker - INFO - Starting song collection (last 1 hours)
2025-10-11 11:58:02,652 - music_tracker - INFO - Fetching recent tracks from Spotify...
2025-10-11 11:58:08,219 - music_tracker - INFO - Fetched 16 songs from Spotify
2025-10-11 11:58:08,224 - music_tracker - INFO - Found 16 songs from Spotify API
2025-10-11 11:58:08,225 - music_tracker - INFO - Checking for duplicates in database...
2025-10-11 11:58:09,646 - music_tracker - INFO - Found 16 new songs out of 16 total
2025-10-11 11:58:09,648 - music_tracker - INFO - Found 16 new songs to save
2025-10-11 11:58:09,649 - music_tracker - INFO - Saving songs to database...
2025-10-11 11:58:09,993 - music_tracker - INFO - Successfully saved 16 songs to database
2025-10-11 11:58:09,995 - music_tracker - INFO - Successfully saved 16 songs to database
2025-10-11 11:58:09,996 - music_tracker - INFO - Song collection completed successfully
2025-10-11 12:58:02,915 - music_tracker - INFO - SpotiSpy song collection starting...
2025-10-11 12:58:02,916 - music_tracker - INFO - Starting song collection (last 1 hours)
2025-10-11 12:58:02,917 - music_tracker - INFO - Fetching recent tracks from Spotify...
2025-10-11 12:58:03,434 - music_tracker - INFO - Fetched 7 songs from Spotify
2025-10-11 12:58:03,437 - music_tracker - INFO - Found 7 songs from Spotify API
2025-10-11 12:58:03,437 - music_tracker - INFO - Checking for duplicates in database...
2025-10-11 12:58:04,727 - music_tracker - INFO - Found 7 new songs out of 7 total
2025-10-11 12:58:04,729 - music_tracker - INFO - Found 7 new songs to save
2025-10-11 12:58:04,730 - music_tracker - INFO - Saving songs to database...
2025-10-11 12:58:05,117 - music_tracker - INFO - Successfully saved 7 songs to database
2025-10-11 12:58:05,119 - music_tracker - INFO - Successfully saved 7 songs to database
2025-10-11 12:58:05,119 - music_tracker - INFO - Song collection completed successfully
2025-10-11 13:58:03,045 - music_tracker - INFO - SpotiSpy song collection starting...
2025-10-11 13:58:03,045 - music_tracker - INFO - Starting song collection (last 1 hours)
2025-10-11 13:58:03,046 - music_tracker - INFO - Fetching recent tracks from Spotify...
2025-10-11 13:58:03,549 - music_tracker - INFO - Fetched 5 songs from Spotify
2025-10-11 13:58:03,552 - music_tracker - INFO - Found 5 songs from Spotify API
2025-10-11 13:58:03,552 - music_tracker - INFO - Checking for duplicates in database...
2025-10-11 13:58:04,802 - music_tracker - INFO - Found 5 new songs out of 5 total
2025-10-11 13:58:04,804 - music_tracker - INFO - Found 5 new songs to save
2025-10-11 13:58:04,805 - music_tracker - INFO - Saving songs to database...
2025-10-11 13:58:05,087 - music_tracker - INFO - Successfully saved 5 songs to database
2025-10-11 13:58:05,089 - music_tracker - INFO - Successfully saved 5 songs to database
2025-10-11 13:58:05,090 - music_tracker - INFO - Song collection completed successfully
2025-10-11 14:58:03,052 - music_tracker - INFO - SpotiSpy song collection starting...
2025-10-11 14:58:03,053 - music_tracker - INFO - Starting song collection (last 1 hours)
2025-10-11 14:58:03,053 - music_tracker - INFO - Fetching recent tracks from Spotify...
2025-10-11 14:58:03,470 - music_tracker - INFO - No recent songs found from Spotify
2025-10-11 14:58:03,472 - music_tracker - INFO - No new songs found from Spotify API
2025-10-11 14:58:03,473 - music_tracker - INFO - Song collection completed successfully
2025-10-11 15:58:03,377 - music_tracker - INFO - SpotiSpy song collection starting...
2025-10-11 15:58:03,377 - music_tracker - INFO - Starting song collection (last 1 hours)
2025-10-11 15:58:03,378 - music_tracker - INFO - Fetching recent tracks from Spotify...
2025-10-11 15:58:03,794 - music_tracker - INFO - No recent songs found from Spotify
2025-10-11 15:58:03,796 - music_tracker - INFO - No new songs found from Spotify API
2025-10-11 15:58:03,797 - music_tracker - INFO - Song collection completed successfully
2025-10-11 16:58:02,697 - music_tracker - INFO - SpotiSpy song collection starting...
2025-10-11 16:58:02,698 - music_tracker - INFO - Starting song collection (last 1 hours)
2025-10-11 16:58:02,698 - music_tracker - INFO - Fetching recent tracks from Spotify...
2025-10-11 16:58:03,048 - music_tracker - INFO - No recent songs found from Spotify
2025-10-11 16:58:03,051 - music_tracker - INFO - No new songs found from Spotify API
2025-10-11 16:58:03,051 - music_tracker - INFO - Song collection completed successfully
2025-10-11 17:58:02,945 - music_tracker - INFO - SpotiSpy song collection starting...
2025-10-11 17:58:02,945 - music_tracker - INFO - Starting song collection (last 1 hours)
2025-10-11 17:58:02,946 - music_tracker - INFO - Fetching recent tracks from Spotify...
2025-10-11 17:58:03,299 - music_tracker - INFO - No recent songs found from Spotify
2025-10-11 17:58:03,302 - music_tracker - INFO - No new songs found from Spotify API
2025-10-11 17:58:03,302 - music_tracker - INFO - Song collection completed successfully
2025-10-11 18:58:03,203 - music_tracker - INFO - SpotiSpy song collection starting...
2025-10-11 18:58:03,204 - music_tracker - INFO - Starting song collection (last 1 hours)
2025-10-11 18:58:03,204 - music_tracker - INFO - Fetching recent tracks from Spotify...
2025-10-11 18:58:03,584 - music_tracker - INFO - No recent songs found from Spotify
2025-10-11 18:58:03,586 - music_tracker - INFO - No new songs found from Spotify API
2025-10-11 18:58:03,586 - music_tracker - INFO - Song collection completed successfully
2025-10-11 19:58:03,516 - music_tracker - INFO - SpotiSpy song collection starting...
2025-10-11 19:58:03,516 - music_tracker - INFO - Starting song collection (last 1 hours)
2025-10-11 19:58:03,517 - music_tracker - INFO - Fetching recent tracks from Spotify...
2025-10-11 19:58:03,873 - music_tracker - INFO - No recent songs found from Spotify
2025-10-11 19:58:03,875 - music_tracker - INFO - No new songs found from Spotify API
2025-10-11 19:58:03,876 - music_tracker - INFO - Song collection completed successfully
2025-10-11 20:58:02,788 - music_tracker - INFO - SpotiSpy song collection starting...
2025-10-11 20:58:02,788 - music_tracker - INFO - Starting song collection (last 1 hours)
2025-10-11 20:58:02,789 - music_tracker - INFO - Fetching recent tracks from Spotify...
2025-10-11 20:58:03,247 - music_tracker - INFO - Fetched 2 songs from Spotify
2025-10-11 20:58:03,249 - music_tracker - INFO - Found 2 songs from Spotify API
2025-10-11 20:58:03,250 - music_tracker - INFO - Checking for duplicates in database...
2025-10-11 20:58:04,715 - music_tracker - INFO - Found 2 new songs out of 2 total
2025-10-11 20:58:04,717 - music_tracker - INFO - Found 2 new songs to save
2025-10-11 20:58:04,718 - music_tracker - INFO - Saving songs to database...
2025-10-11 20:58:05,038 - music_tracker - INFO - Successfully saved 2 songs to database
2025-10-11 20:58:05,040 - music_tracker - INFO - Successfully saved 2 songs to database
2025-10-11 20:58:05,041 - music_tracker - INFO - Song collection completed successfully
2025-10-11 21:58:02,955 - music_tracker - INFO - SpotiSpy song collection starting...
2025-10-11 21:58:02,956 - music_tracker - INFO - Starting song collection (last 1 hours)
2025-10-11 21:58:02,957 - music_tracker - INFO - Fetching recent tracks from Spotify...
2025-10-11 21:58:03,317 - music_tracker - INFO - No recent songs found from Spotify
2025-10-11 21:58:03,319 - music_tracker - INFO - No new songs found from Spotify API
2025-10-11 21:58:03,320 - music_tracker - INFO - Song collection completed successfully
2025-10-11 22:58:03,218 - music_tracker - INFO - SpotiSpy song collection starting...
2025-10-11 22:58:03,219 - music_tracker - INFO - Starting song collection (last 1 hours)
2025-10-11 22:58:03,220 - music_tracker - INFO - Fetching recent tracks from Spotify...
2025-10-11 22:58:03,629 - music_tracker - INFO - No recent songs found from Spotify
2025-10-11 22:58:03,631 - music_tracker - INFO - No new songs found from Spotify API
2025-10-11 22:58:03,632 - music_tracker - INFO - Song collection completed successfully
2025-10-11 23:58:03,525 - music_tracker - INFO - SpotiSpy song collection starting...
2025-10-11 23:58:03,526 - music_tracker - INFO - Starting song collection (last 1 hours)
2025-10-11 23:58:03,527 - music_tracker - INFO - Fetching recent tracks from Spotify...
2025-10-11 23:58:03,905 - music_tracker - INFO - No recent songs found from Spotify
2025-10-11 23:58:03,907 - music_tracker - INFO - No new songs found from Spotify API
2025-10-11 23:58:03,907 - music_tracker - INFO - Song collection completed successfully
