2025-10-05 00:58:03,222 - music_tracker - INFO - SpotiSpy song collection starting...
2025-10-05 00:58:03,223 - music_tracker - INFO - Starting song collection (last 1 hours)
2025-10-05 00:58:03,223 - music_tracker - INFO - Fetching recent tracks from Spotify...
2025-10-05 00:58:03,633 - music_tracker - INFO - No recent songs found from Spotify
2025-10-05 00:58:03,635 - music_tracker - INFO - No new songs found from Spotify API
2025-10-05 00:58:03,635 - music_tracker - INFO - Song collection completed successfully
2025-10-05 01:58:03,574 - music_tracker - INFO - SpotiSpy song collection starting...
2025-10-05 01:58:03,575 - music_tracker - INFO - Starting song collection (last 1 hours)
2025-10-05 01:58:03,576 - music_tracker - INFO - Fetching recent tracks from Spotify...
2025-10-05 01:58:03,920 - music_tracker - INFO - No recent songs found from Spotify
2025-10-05 01:58:03,922 - music_tracker - INFO - No new songs found from Spotify API
2025-10-05 01:58:03,923 - music_tracker - INFO - Song collection completed successfully
2025-10-05 02:58:02,827 - music_tracker - INFO - SpotiSpy song collection starting...
2025-10-05 02:58:02,827 - music_tracker - INFO - Starting song collection (last 1 hours)
2025-10-05 02:58:02,828 - music_tracker - INFO - Fetching recent tracks from Spotify...
2025-10-05 02:58:03,361 - music_tracker - INFO - Fetched 1 songs from Spotify
2025-10-05 02:58:03,363 - music_tracker - INFO - Found 1 songs from Spotify API
2025-10-05 02:58:03,364 - music_tracker - INFO - Checking for duplicates in database...
2025-10-05 02:58:04,854 - music_tracker - INFO - Found 1 new songs out of 1 total
2025-10-05 02:58:04,856 - music_tracker - INFO - Found 1 new songs to save
2025-10-05 02:58:04,857 - music_tracker - INFO - Saving songs to database...
2025-10-05 02:58:05,161 - music_tracker - INFO - Successfully saved 1 songs to database
2025-10-05 02:58:05,163 - music_tracker - INFO - Successfully saved 1 songs to database
2025-10-05 02:58:05,164 - music_tracker - INFO - Song collection completed successfully
2025-10-05 03:58:03,950 - music_tracker - INFO - SpotiSpy song collection starting...
2025-10-05 03:58:03,951 - music_tracker - INFO - Starting song collection (last 1 hours)
2025-10-05 03:58:03,952 - music_tracker - INFO - Fetching recent tracks from Spotify...
2025-10-05 03:58:04,319 - music_tracker - INFO - No recent songs found from Spotify
2025-10-05 03:58:04,322 - music_tracker - INFO - No new songs found from Spotify API
2025-10-05 03:58:04,322 - music_tracker - INFO - Song collection completed successfully
2025-10-05 04:58:03,314 - music_tracker - INFO - SpotiSpy song collection starting...
2025-10-05 04:58:03,315 - music_tracker - INFO - Starting song collection (last 1 hours)
2025-10-05 04:58:03,316 - music_tracker - INFO - Fetching recent tracks from Spotify...
2025-10-05 04:58:03,707 - music_tracker - INFO - No recent songs found from Spotify
2025-10-05 04:58:03,709 - music_tracker - INFO - No new songs found from Spotify API
2025-10-05 04:58:03,710 - music_tracker - INFO - Song collection completed successfully
2025-10-05 05:58:02,621 - music_tracker - INFO - SpotiSpy song collection starting...
2025-10-05 05:58:02,621 - music_tracker - INFO - Starting song collection (last 1 hours)
2025-10-05 05:58:02,622 - music_tracker - INFO - Fetching recent tracks from Spotify...
2025-10-05 05:58:02,993 - music_tracker - INFO - No recent songs found from Spotify
2025-10-05 05:58:02,996 - music_tracker - INFO - No new songs found from Spotify API
2025-10-05 05:58:02,996 - music_tracker - INFO - Song collection completed successfully
2025-10-05 06:58:02,989 - music_tracker - INFO - SpotiSpy song collection starting...
2025-10-05 06:58:02,990 - music_tracker - INFO - Starting song collection (last 1 hours)
2025-10-05 06:58:02,990 - music_tracker - INFO - Fetching recent tracks from Spotify...
2025-10-05 06:58:03,337 - music_tracker - INFO - No recent songs found from Spotify
2025-10-05 06:58:03,339 - music_tracker - INFO - No new songs found from Spotify API
2025-10-05 06:58:03,340 - music_tracker - INFO - Song collection completed successfully
2025-10-05 07:58:03,244 - music_tracker - INFO - SpotiSpy song collection starting...
2025-10-05 07:58:03,245 - music_tracker - INFO - Starting song collection (last 1 hours)
2025-10-05 07:58:03,246 - music_tracker - INFO - Fetching recent tracks from Spotify...
2025-10-05 07:58:03,631 - music_tracker - INFO - No recent songs found from Spotify
2025-10-05 07:58:03,633 - music_tracker - INFO - No new songs found from Spotify API
2025-10-05 07:58:03,634 - music_tracker - INFO - Song collection completed successfully
2025-10-05 08:58:03,590 - music_tracker - INFO - SpotiSpy song collection starting...
2025-10-05 08:58:03,590 - music_tracker - INFO - Starting song collection (last 1 hours)
2025-10-05 08:58:03,591 - music_tracker - INFO - Fetching recent tracks from Spotify...
2025-10-05 08:58:03,967 - music_tracker - INFO - No recent songs found from Spotify
2025-10-05 08:58:03,969 - music_tracker - INFO - No new songs found from Spotify API
2025-10-05 08:58:03,969 - music_tracker - INFO - Song collection completed successfully
2025-10-05 09:00:12,410 - music_tracker - INFO - SpotiSpy starting...
2025-10-05 09:00:12,410 - music_tracker - INFO - Starting daily SpotiSpy analysis
2025-10-05 09:00:12,411 - music_tracker - INFO - Fetching yesterday's listening data...
2025-10-05 09:00:13,163 - music_tracker - INFO - Fetched 32 songs from database
2025-10-05 09:00:13,165 - music_tracker - INFO - Found 32 songs to analyze
2025-10-05 09:00:13,166 - music_tracker - INFO - Running analysis...
2025-10-05 09:00:13,171 - music_tracker - INFO - Sending daily summary to Slack...
2025-10-05 09:00:27,439 - music_tracker - INFO - Message sent successfully to Slack
2025-10-05 09:00:27,439 - music_tracker - INFO - Daily analysis completed successfully!
2025-10-05 09:00:27,440 - music_tracker - INFO - Running weekly summary...
2025-10-05 09:00:27,441 - music_tracker - INFO - Generating weekly summary...
2025-10-05 09:00:27,452 - music_tracker - INFO - Starting comprehensive weekly analysis
2025-10-05 09:00:27,684 - music_tracker - INFO - Fetched 3 songs for date 2025-10-05
2025-10-05 09:00:27,686 - music_tracker - INFO - Date 2025-10-05: 3 songs
2025-10-05 09:00:28,017 - music_tracker - INFO - Fetched 36 songs for date 2025-10-04
2025-10-05 09:00:28,019 - music_tracker - INFO - Date 2025-10-04: 36 songs
2025-10-05 09:00:28,293 - music_tracker - INFO - Fetched 86 songs for date 2025-10-03
2025-10-05 09:00:28,294 - music_tracker - INFO - Date 2025-10-03: 86 songs
2025-10-05 09:00:28,705 - music_tracker - INFO - Fetched 68 songs for date 2025-10-02
2025-10-05 09:00:28,707 - music_tracker - INFO - Date 2025-10-02: 68 songs
2025-10-05 09:00:28,955 - music_tracker - INFO - Fetched 148 songs for date 2025-10-01
2025-10-05 09:00:28,957 - music_tracker - INFO - Date 2025-10-01: 148 songs
2025-10-05 09:00:29,193 - music_tracker - INFO - Fetched 137 songs for date 2025-09-30
2025-10-05 09:00:29,195 - music_tracker - INFO - Date 2025-09-30: 137 songs
2025-10-05 09:00:29,471 - music_tracker - INFO - Fetched 217 songs for date 2025-09-29
2025-10-05 09:00:29,473 - music_tracker - INFO - Date 2025-09-29: 217 songs
2025-10-05 09:00:30,272 - music_tracker - INFO - Message sent successfully to Slack
2025-10-05 09:00:30,274 - music_tracker - INFO - SpotiSpy completed successfully
2025-10-05 09:58:04,370 - music_tracker - INFO - SpotiSpy song collection starting...
2025-10-05 09:58:04,371 - music_tracker - INFO - Starting song collection (last 1 hours)
2025-10-05 09:58:04,372 - music_tracker - INFO - Fetching recent tracks from Spotify...
2025-10-05 09:58:04,730 - music_tracker - INFO - No recent songs found from Spotify
2025-10-05 09:58:04,732 - music_tracker - INFO - No new songs found from Spotify API
2025-10-05 09:58:04,732 - music_tracker - INFO - Song collection completed successfully
2025-10-05 10:58:02,694 - music_tracker - INFO - SpotiSpy song collection starting...
2025-10-05 10:58:02,695 - music_tracker - INFO - Starting song collection (last 1 hours)
2025-10-05 10:58:02,695 - music_tracker - INFO - Fetching recent tracks from Spotify...
2025-10-05 10:58:02,889 - music_tracker - ERROR - Error fetching from Spotify: error: <html>
<head><title>502 Bad Gateway</title></head>
<body>
<center><h1>502 Bad Gateway</h1></center>
<hr><center>openresty</center>
</body>
</html>
, error_description: None
2025-10-05 10:58:02,891 - music_tracker - INFO - No new songs found from Spotify API
2025-10-05 10:58:02,892 - music_tracker - INFO - Song collection completed successfully
2025-10-05 11:58:02,794 - music_tracker - INFO - SpotiSpy song collection starting...
2025-10-05 11:58:02,795 - music_tracker - INFO - Starting song collection (last 1 hours)
2025-10-05 11:58:02,795 - music_tracker - INFO - Fetching recent tracks from Spotify...
2025-10-05 11:58:03,150 - music_tracker - INFO - No recent songs found from Spotify
2025-10-05 11:58:03,152 - music_tracker - INFO - No new songs found from Spotify API
2025-10-05 11:58:03,153 - music_tracker - INFO - Song collection completed successfully
2025-10-05 12:58:03,056 - music_tracker - INFO - SpotiSpy song collection starting...
2025-10-05 12:58:03,056 - music_tracker - INFO - Starting song collection (last 1 hours)
2025-10-05 12:58:03,057 - music_tracker - INFO - Fetching recent tracks from Spotify...
2025-10-05 12:58:03,448 - music_tracker - INFO - No recent songs found from Spotify
2025-10-05 12:58:03,450 - music_tracker - INFO - No new songs found from Spotify API
2025-10-05 12:58:03,451 - music_tracker - INFO - Song collection completed successfully
2025-10-05 13:58:03,372 - music_tracker - INFO - SpotiSpy song collection starting...
2025-10-05 13:58:03,373 - music_tracker - INFO - Starting song collection (last 1 hours)
2025-10-05 13:58:03,374 - music_tracker - INFO - Fetching recent tracks from Spotify...
2025-10-05 13:58:03,734 - music_tracker - INFO - No recent songs found from Spotify
2025-10-05 13:58:03,736 - music_tracker - INFO - No new songs found from Spotify API
2025-10-05 13:58:03,737 - music_tracker - INFO - Song collection completed successfully
2025-10-05 14:58:02,632 - music_tracker - INFO - SpotiSpy song collection starting...
2025-10-05 14:58:02,633 - music_tracker - INFO - Starting song collection (last 1 hours)
2025-10-05 14:58:02,633 - music_tracker - INFO - Fetching recent tracks from Spotify...
2025-10-05 14:58:03,003 - music_tracker - INFO - No recent songs found from Spotify
2025-10-05 14:58:03,006 - music_tracker - INFO - No new songs found from Spotify API
2025-10-05 14:58:03,006 - music_tracker - INFO - Song collection completed successfully
2025-10-05 15:58:02,895 - music_tracker - INFO - SpotiSpy song collection starting...
2025-10-05 15:58:02,896 - music_tracker - INFO - Starting song collection (last 1 hours)
2025-10-05 15:58:02,897 - music_tracker - INFO - Fetching recent tracks from Spotify...
2025-10-05 15:58:03,255 - music_tracker - INFO - No recent songs found from Spotify
2025-10-05 15:58:03,257 - music_tracker - INFO - No new songs found from Spotify API
2025-10-05 15:58:03,258 - music_tracker - INFO - Song collection completed successfully
2025-10-05 16:58:03,147 - music_tracker - INFO - SpotiSpy song collection starting...
2025-10-05 16:58:03,148 - music_tracker - INFO - Starting song collection (last 1 hours)
2025-10-05 16:58:03,149 - music_tracker - INFO - Fetching recent tracks from Spotify...
2025-10-05 16:58:03,501 - music_tracker - INFO - No recent songs found from Spotify
2025-10-05 16:58:03,503 - music_tracker - INFO - No new songs found from Spotify API
2025-10-05 16:58:03,503 - music_tracker - INFO - Song collection completed successfully
2025-10-05 17:58:03,413 - music_tracker - INFO - SpotiSpy song collection starting...
2025-10-05 17:58:03,413 - music_tracker - INFO - Starting song collection (last 1 hours)
2025-10-05 17:58:03,414 - music_tracker - INFO - Fetching recent tracks from Spotify...
2025-10-05 17:58:03,816 - music_tracker - INFO - No recent songs found from Spotify
2025-10-05 17:58:03,819 - music_tracker - INFO - No new songs found from Spotify API
2025-10-05 17:58:03,819 - music_tracker - INFO - Song collection completed successfully
2025-10-05 18:58:02,705 - music_tracker - INFO - SpotiSpy song collection starting...
2025-10-05 18:58:02,705 - music_tracker - INFO - Starting song collection (last 1 hours)
2025-10-05 18:58:02,706 - music_tracker - INFO - Fetching recent tracks from Spotify...
2025-10-05 18:58:03,054 - music_tracker - INFO - No recent songs found from Spotify
2025-10-05 18:58:03,056 - music_tracker - INFO - No new songs found from Spotify API
2025-10-05 18:58:03,057 - music_tracker - INFO - Song collection completed successfully
2025-10-05 19:58:02,946 - music_tracker - INFO - SpotiSpy song collection starting...
2025-10-05 19:58:02,946 - music_tracker - INFO - Starting song collection (last 1 hours)
2025-10-05 19:58:02,947 - music_tracker - INFO - Fetching recent tracks from Spotify...
2025-10-05 19:58:03,337 - music_tracker - INFO - No recent songs found from Spotify
2025-10-05 19:58:03,339 - music_tracker - INFO - No new songs found from Spotify API
2025-10-05 19:58:03,340 - music_tracker - INFO - Song collection completed successfully
2025-10-05 20:58:03,237 - music_tracker - INFO - SpotiSpy song collection starting...
2025-10-05 20:58:03,238 - music_tracker - INFO - Starting song collection (last 1 hours)
2025-10-05 20:58:03,238 - music_tracker - INFO - Fetching recent tracks from Spotify...
2025-10-05 20:58:03,625 - music_tracker - INFO - No recent songs found from Spotify
2025-10-05 20:58:03,627 - music_tracker - INFO - No new songs found from Spotify API
2025-10-05 20:58:03,627 - music_tracker - INFO - Song collection completed successfully
2025-10-05 21:58:03,525 - music_tracker - INFO - SpotiSpy song collection starting...
2025-10-05 21:58:03,526 - music_tracker - INFO - Starting song collection (last 1 hours)
2025-10-05 21:58:03,527 - music_tracker - INFO - Fetching recent tracks from Spotify...
2025-10-05 21:58:04,083 - music_tracker - INFO - Fetched 1 songs from Spotify
2025-10-05 21:58:04,085 - music_tracker - INFO - Found 1 songs from Spotify API
2025-10-05 21:58:04,086 - music_tracker - INFO - Checking for duplicates in database...
2025-10-05 21:58:05,419 - music_tracker - INFO - Found 1 new songs out of 1 total
2025-10-05 21:58:05,422 - music_tracker - INFO - Found 1 new songs to save
2025-10-05 21:58:05,423 - music_tracker - INFO - Saving songs to database...
2025-10-05 21:58:05,779 - music_tracker - INFO - Successfully saved 1 songs to database
2025-10-05 21:58:05,781 - music_tracker - INFO - Successfully saved 1 songs to database
2025-10-05 21:58:05,782 - music_tracker - INFO - Song collection completed successfully
2025-10-05 22:58:02,699 - music_tracker - INFO - SpotiSpy song collection starting...
2025-10-05 22:58:02,700 - music_tracker - INFO - Starting song collection (last 1 hours)
2025-10-05 22:58:02,701 - music_tracker - INFO - Fetching recent tracks from Spotify...
2025-10-05 22:58:03,054 - music_tracker - INFO - No recent songs found from Spotify
2025-10-05 22:58:03,056 - music_tracker - INFO - No new songs found from Spotify API
2025-10-05 22:58:03,056 - music_tracker - INFO - Song collection completed successfully
2025-10-05 23:58:02,943 - music_tracker - INFO - SpotiSpy song collection starting...
2025-10-05 23:58:02,943 - music_tracker - INFO - Starting song collection (last 1 hours)
2025-10-05 23:58:02,944 - music_tracker - INFO - Fetching recent tracks from Spotify...
2025-10-05 23:58:03,349 - music_tracker - INFO - No recent songs found from Spotify
2025-10-05 23:58:03,351 - music_tracker - INFO - No new songs found from Spotify API
2025-10-05 23:58:03,352 - music_tracker - INFO - Song collection completed successfully
