2025-10-17 00:58:02,774 - music_tracker - INFO - SpotiSpy song collection starting...
2025-10-17 00:58:02,775 - music_tracker - INFO - Starting song collection (last 1 hours)
2025-10-17 00:58:02,776 - music_tracker - INFO - Fetching recent tracks from Spotify...
2025-10-17 00:58:03,216 - music_tracker - INFO - No recent songs found from Spotify
2025-10-17 00:58:03,219 - music_tracker - INFO - No new songs found from Spotify API
2025-10-17 00:58:03,219 - music_tracker - INFO - Song collection completed successfully
2025-10-17 01:58:03,134 - music_tracker - INFO - SpotiSpy song collection starting...
2025-10-17 01:58:03,134 - music_tracker - INFO - Starting song collection (last 1 hours)
2025-10-17 01:58:03,135 - music_tracker - INFO - Fetching recent tracks from Spotify...
2025-10-17 01:58:03,537 - music_tracker - INFO - No recent songs found from Spotify
2025-10-17 01:58:03,539 - music_tracker - INFO - No new songs found from Spotify API
2025-10-17 01:58:03,540 - music_tracker - INFO - Song collection completed successfully
2025-10-17 02:58:03,662 - music_tracker - INFO - SpotiSpy song collection starting...
2025-10-17 02:58:03,663 - music_tracker - INFO - Starting song collection (last 1 hours)
2025-10-17 02:58:03,664 - music_tracker - INFO - Fetching recent tracks from Spotify...
2025-10-17 02:58:04,083 - music_tracker - INFO - No recent songs found from Spotify
2025-10-17 02:58:04,085 - music_tracker - INFO - No new songs found from Spotify API
2025-10-17 02:58:04,086 - music_tracker - INFO - Song collection completed successfully
2025-10-17 03:58:03,372 - music_tracker - INFO - SpotiSpy song collection starting...
2025-10-17 03:58:03,372 - music_tracker - INFO - Starting song collection (last 1 hours)
2025-10-17 03:58:03,373 - music_tracker - INFO - Fetching recent tracks from Spotify...
2025-10-17 03:58:03,765 - music_tracker - INFO - No recent songs found from Spotify
2025-10-17 03:58:03,767 - music_tracker - INFO - No new songs found from Spotify API
2025-10-17 03:58:03,767 - music_tracker - INFO - Song collection completed successfully
2025-10-17 04:58:02,676 - music_tracker - INFO - SpotiSpy song collection starting...
2025-10-17 04:58:02,677 - music_tracker - INFO - Starting song collection (last 1 hours)
2025-10-17 04:58:02,678 - music_tracker - INFO - Fetching recent tracks from Spotify...
2025-10-17 04:58:03,082 - music_tracker - INFO - No recent songs found from Spotify
2025-10-17 04:58:03,084 - music_tracker - INFO - No new songs found from Spotify API
2025-10-17 04:58:03,085 - music_tracker - INFO - Song collection completed successfully
2025-10-17 05:58:02,978 - music_tracker - INFO - SpotiSpy song collection starting...
2025-10-17 05:58:02,978 - music_tracker - INFO - Starting song collection (last 1 hours)
2025-10-17 05:58:02,979 - music_tracker - INFO - Fetching recent tracks from Spotify...
2025-10-17 05:58:03,381 - music_tracker - INFO - No recent songs found from Spotify
2025-10-17 05:58:03,384 - music_tracker - INFO - No new songs found from Spotify API
2025-10-17 05:58:03,384 - music_tracker - INFO - Song collection completed successfully
2025-10-17 06:58:03,344 - music_tracker - INFO - SpotiSpy song collection starting...
2025-10-17 06:58:03,345 - music_tracker - INFO - Starting song collection (last 1 hours)
2025-10-17 06:58:03,346 - music_tracker - INFO - Fetching recent tracks from Spotify...
2025-10-17 06:58:03,743 - music_tracker - INFO - No recent songs found from Spotify
2025-10-17 06:58:03,745 - music_tracker - INFO - No new songs found from Spotify API
2025-10-17 06:58:03,745 - music_tracker - INFO - Song collection completed successfully
2025-10-17 07:58:02,643 - music_tracker - INFO - SpotiSpy song collection starting...
2025-10-17 07:58:02,643 - music_tracker - INFO - Starting song collection (last 1 hours)
2025-10-17 07:58:02,644 - music_tracker - INFO - Fetching recent tracks from Spotify...
2025-10-17 07:58:03,152 - music_tracker - INFO - Fetched 5 songs from Spotify
2025-10-17 07:58:03,154 - music_tracker - INFO - Found 5 songs from Spotify API
2025-10-17 07:58:03,155 - music_tracker - INFO - Checking for duplicates in database...
2025-10-17 07:58:04,373 - music_tracker - INFO - Found 5 new songs out of 5 total
2025-10-17 07:58:04,375 - music_tracker - INFO - Found 5 new songs to save
2025-10-17 07:58:04,376 - music_tracker - INFO - Saving songs to database...
2025-10-17 07:58:04,707 - music_tracker - INFO - Successfully saved 5 songs to database
2025-10-17 07:58:04,709 - music_tracker - INFO - Successfully saved 5 songs to database
2025-10-17 07:58:04,710 - music_tracker - INFO - Song collection completed successfully
2025-10-17 08:58:02,616 - music_tracker - INFO - SpotiSpy song collection starting...
2025-10-17 08:58:02,617 - music_tracker - INFO - Starting song collection (last 1 hours)
2025-10-17 08:58:02,618 - music_tracker - INFO - Fetching recent tracks from Spotify...
2025-10-17 08:58:03,232 - music_tracker - INFO - Fetched 15 songs from Spotify
2025-10-17 08:58:03,235 - music_tracker - INFO - Found 15 songs from Spotify API
2025-10-17 08:58:03,235 - music_tracker - INFO - Checking for duplicates in database...
2025-10-17 08:58:04,698 - music_tracker - INFO - Found 15 new songs out of 15 total
2025-10-17 08:58:04,700 - music_tracker - INFO - Found 15 new songs to save
2025-10-17 08:58:04,701 - music_tracker - INFO - Saving songs to database...
2025-10-17 08:58:05,054 - music_tracker - INFO - Successfully saved 15 songs to database
2025-10-17 08:58:05,056 - music_tracker - INFO - Successfully saved 15 songs to database
2025-10-17 08:58:05,057 - music_tracker - INFO - Song collection completed successfully
2025-10-17 09:00:12,691 - music_tracker - INFO - SpotiSpy starting...
2025-10-17 09:00:12,691 - music_tracker - INFO - Starting daily SpotiSpy analysis
2025-10-17 09:00:12,692 - music_tracker - INFO - Fetching yesterday's listening data...
2025-10-17 09:00:13,132 - music_tracker - INFO - Fetched 113 songs from database
2025-10-17 09:00:13,134 - music_tracker - INFO - Found 113 songs to analyze
2025-10-17 09:00:13,135 - music_tracker - INFO - Running analysis...
2025-10-17 09:00:13,143 - music_tracker - INFO - Sending daily summary to Slack...
2025-10-17 09:00:14,100 - music_tracker - INFO - Message sent successfully to Slack
2025-10-17 09:00:14,101 - music_tracker - INFO - Daily analysis completed successfully!
2025-10-17 09:00:14,101 - music_tracker - INFO - SpotiSpy completed successfully
2025-10-17 09:58:04,108 - music_tracker - INFO - SpotiSpy song collection starting...
2025-10-17 09:58:04,110 - music_tracker - INFO - Starting song collection (last 1 hours)
2025-10-17 09:58:04,110 - music_tracker - INFO - Fetching recent tracks from Spotify...
2025-10-17 09:58:04,573 - music_tracker - INFO - Fetched 6 songs from Spotify
2025-10-17 09:58:04,576 - music_tracker - INFO - Found 6 songs from Spotify API
2025-10-17 09:58:04,577 - music_tracker - INFO - Checking for duplicates in database...
2025-10-17 09:58:05,900 - music_tracker - INFO - Found 6 new songs out of 6 total
2025-10-17 09:58:05,902 - music_tracker - INFO - Found 6 new songs to save
2025-10-17 09:58:05,902 - music_tracker - INFO - Saving songs to database...
2025-10-17 09:58:06,211 - music_tracker - INFO - Successfully saved 6 songs to database
2025-10-17 09:58:06,212 - music_tracker - INFO - Successfully saved 6 songs to database
2025-10-17 09:58:06,213 - music_tracker - INFO - Song collection completed successfully
2025-10-17 10:58:03,112 - music_tracker - INFO - SpotiSpy song collection starting...
2025-10-17 10:58:03,112 - music_tracker - INFO - Starting song collection (last 1 hours)
2025-10-17 10:58:03,113 - music_tracker - INFO - Fetching recent tracks from Spotify...
2025-10-17 10:58:03,623 - music_tracker - INFO - Fetched 15 songs from Spotify
2025-10-17 10:58:03,625 - music_tracker - INFO - Found 15 songs from Spotify API
2025-10-17 10:58:03,626 - music_tracker - INFO - Checking for duplicates in database...
2025-10-17 10:58:04,948 - music_tracker - INFO - Found 15 new songs out of 15 total
2025-10-17 10:58:04,950 - music_tracker - INFO - Found 15 new songs to save
2025-10-17 10:58:04,950 - music_tracker - INFO - Saving songs to database...
2025-10-17 10:58:05,327 - music_tracker - INFO - Successfully saved 15 songs to database
2025-10-17 10:58:05,328 - music_tracker - INFO - Successfully saved 15 songs to database
2025-10-17 10:58:05,329 - music_tracker - INFO - Song collection completed successfully
2025-10-17 11:58:03,181 - music_tracker - INFO - SpotiSpy song collection starting...
2025-10-17 11:58:03,182 - music_tracker - INFO - Starting song collection (last 1 hours)
2025-10-17 11:58:03,182 - music_tracker - INFO - Fetching recent tracks from Spotify...
2025-10-17 11:58:03,645 - music_tracker - INFO - Fetched 13 songs from Spotify
2025-10-17 11:58:03,647 - music_tracker - INFO - Found 13 songs from Spotify API
2025-10-17 11:58:03,648 - music_tracker - INFO - Checking for duplicates in database...
2025-10-17 11:58:05,166 - music_tracker - INFO - Found 13 new songs out of 13 total
2025-10-17 11:58:05,168 - music_tracker - INFO - Found 13 new songs to save
2025-10-17 11:58:05,168 - music_tracker - INFO - Saving songs to database...
2025-10-17 11:58:05,517 - music_tracker - INFO - Successfully saved 13 songs to database
2025-10-17 11:58:05,519 - music_tracker - INFO - Successfully saved 13 songs to database
2025-10-17 11:58:05,519 - music_tracker - INFO - Song collection completed successfully
2025-10-17 12:58:03,354 - music_tracker - INFO - SpotiSpy song collection starting...
2025-10-17 12:58:03,355 - music_tracker - INFO - Starting song collection (last 1 hours)
2025-10-17 12:58:03,356 - music_tracker - INFO - Fetching recent tracks from Spotify...
2025-10-17 12:58:03,863 - music_tracker - INFO - Fetched 8 songs from Spotify
2025-10-17 12:58:03,866 - music_tracker - INFO - Found 8 songs from Spotify API
2025-10-17 12:58:03,867 - music_tracker - INFO - Checking for duplicates in database...
2025-10-17 12:58:05,292 - music_tracker - INFO - Found 8 new songs out of 8 total
2025-10-17 12:58:05,294 - music_tracker - INFO - Found 8 new songs to save
2025-10-17 12:58:05,294 - music_tracker - INFO - Saving songs to database...
2025-10-17 12:58:05,602 - music_tracker - INFO - Successfully saved 8 songs to database
2025-10-17 12:58:05,604 - music_tracker - INFO - Successfully saved 8 songs to database
2025-10-17 12:58:05,604 - music_tracker - INFO - Song collection completed successfully
2025-10-17 13:58:03,449 - music_tracker - INFO - SpotiSpy song collection starting...
2025-10-17 13:58:03,449 - music_tracker - INFO - Starting song collection (last 1 hours)
2025-10-17 13:58:03,450 - music_tracker - INFO - Fetching recent tracks from Spotify...
2025-10-17 13:58:09,035 - music_tracker - INFO - Fetched 17 songs from Spotify
2025-10-17 13:58:09,038 - music_tracker - INFO - Found 17 songs from Spotify API
2025-10-17 13:58:09,039 - music_tracker - INFO - Checking for duplicates in database...
2025-10-17 13:58:10,522 - music_tracker - INFO - Found 17 new songs out of 17 total
2025-10-17 13:58:10,523 - music_tracker - INFO - Found 17 new songs to save
2025-10-17 13:58:10,524 - music_tracker - INFO - Saving songs to database...
2025-10-17 13:58:10,882 - music_tracker - INFO - Successfully saved 17 songs to database
2025-10-17 13:58:10,883 - music_tracker - INFO - Successfully saved 17 songs to database
2025-10-17 13:58:10,884 - music_tracker - INFO - Song collection completed successfully
2025-10-17 14:58:02,766 - music_tracker - INFO - SpotiSpy song collection starting...
2025-10-17 14:58:02,767 - music_tracker - INFO - Starting song collection (last 1 hours)
2025-10-17 14:58:02,768 - music_tracker - INFO - Fetching recent tracks from Spotify...
2025-10-17 14:58:03,330 - music_tracker - INFO - Fetched 15 songs from Spotify
2025-10-17 14:58:03,333 - music_tracker - INFO - Found 15 songs from Spotify API
2025-10-17 14:58:03,334 - music_tracker - INFO - Checking for duplicates in database...
2025-10-17 14:58:04,728 - music_tracker - INFO - Found 15 new songs out of 15 total
2025-10-17 14:58:04,729 - music_tracker - INFO - Found 15 new songs to save
2025-10-17 14:58:04,730 - music_tracker - INFO - Saving songs to database...
2025-10-17 14:58:05,134 - music_tracker - INFO - Successfully saved 15 songs to database
2025-10-17 14:58:05,136 - music_tracker - INFO - Successfully saved 15 songs to database
2025-10-17 14:58:05,136 - music_tracker - INFO - Song collection completed successfully
2025-10-17 15:58:02,969 - music_tracker - INFO - SpotiSpy song collection starting...
2025-10-17 15:58:02,970 - music_tracker - INFO - Starting song collection (last 1 hours)
2025-10-17 15:58:02,970 - music_tracker - INFO - Fetching recent tracks from Spotify...
2025-10-17 15:58:03,651 - music_tracker - INFO - Fetched 11 songs from Spotify
2025-10-17 15:58:03,654 - music_tracker - INFO - Found 11 songs from Spotify API
2025-10-17 15:58:03,655 - music_tracker - INFO - Checking for duplicates in database...
2025-10-17 15:58:05,084 - music_tracker - INFO - Found 11 new songs out of 11 total
2025-10-17 15:58:05,085 - music_tracker - INFO - Found 11 new songs to save
2025-10-17 15:58:05,086 - music_tracker - INFO - Saving songs to database...
2025-10-17 15:58:05,394 - music_tracker - INFO - Successfully saved 11 songs to database
2025-10-17 15:58:05,396 - music_tracker - INFO - Successfully saved 11 songs to database
2025-10-17 15:58:05,396 - music_tracker - INFO - Song collection completed successfully
2025-10-17 16:58:03,310 - music_tracker - INFO - SpotiSpy song collection starting...
2025-10-17 16:58:03,311 - music_tracker - INFO - Starting song collection (last 1 hours)
2025-10-17 16:58:03,312 - music_tracker - INFO - Fetching recent tracks from Spotify...
2025-10-17 16:58:03,954 - music_tracker - INFO - Fetched 13 songs from Spotify
2025-10-17 16:58:03,958 - music_tracker - INFO - Found 13 songs from Spotify API
2025-10-17 16:58:03,959 - music_tracker - INFO - Checking for duplicates in database...
2025-10-17 16:58:05,538 - music_tracker - INFO - Found 13 new songs out of 13 total
2025-10-17 16:58:05,540 - music_tracker - INFO - Found 13 new songs to save
2025-10-17 16:58:05,541 - music_tracker - INFO - Saving songs to database...
2025-10-17 16:58:05,893 - music_tracker - INFO - Successfully saved 13 songs to database
2025-10-17 16:58:05,895 - music_tracker - INFO - Successfully saved 13 songs to database
2025-10-17 16:58:05,896 - music_tracker - INFO - Song collection completed successfully
2025-10-17 17:58:02,836 - music_tracker - INFO - SpotiSpy song collection starting...
2025-10-17 17:58:02,836 - music_tracker - INFO - Starting song collection (last 1 hours)
2025-10-17 17:58:02,837 - music_tracker - INFO - Fetching recent tracks from Spotify...
2025-10-17 17:58:03,365 - music_tracker - INFO - Fetched 16 songs from Spotify
2025-10-17 17:58:03,368 - music_tracker - INFO - Found 16 songs from Spotify API
2025-10-17 17:58:03,369 - music_tracker - INFO - Checking for duplicates in database...
2025-10-17 17:58:04,841 - music_tracker - INFO - Found 16 new songs out of 16 total
2025-10-17 17:58:04,843 - music_tracker - INFO - Found 16 new songs to save
2025-10-17 17:58:04,844 - music_tracker - INFO - Saving songs to database...
2025-10-17 17:58:05,212 - music_tracker - INFO - Successfully saved 16 songs to database
2025-10-17 17:58:05,214 - music_tracker - INFO - Successfully saved 16 songs to database
2025-10-17 17:58:05,215 - music_tracker - INFO - Song collection completed successfully
2025-10-17 18:58:03,139 - music_tracker - INFO - SpotiSpy song collection starting...
2025-10-17 18:58:03,140 - music_tracker - INFO - Starting song collection (last 1 hours)
2025-10-17 18:58:03,140 - music_tracker - INFO - Fetching recent tracks from Spotify...
2025-10-17 18:58:03,644 - music_tracker - INFO - Fetched 6 songs from Spotify
2025-10-17 18:58:03,646 - music_tracker - INFO - Found 6 songs from Spotify API
2025-10-17 18:58:03,647 - music_tracker - INFO - Checking for duplicates in database...
2025-10-17 18:58:05,019 - music_tracker - INFO - Found 6 new songs out of 6 total
2025-10-17 18:58:05,021 - music_tracker - INFO - Found 6 new songs to save
2025-10-17 18:58:05,022 - music_tracker - INFO - Saving songs to database...
2025-10-17 18:58:05,348 - music_tracker - INFO - Successfully saved 6 songs to database
2025-10-17 18:58:05,350 - music_tracker - INFO - Successfully saved 6 songs to database
2025-10-17 18:58:05,351 - music_tracker - INFO - Song collection completed successfully
2025-10-17 19:58:03,273 - music_tracker - INFO - SpotiSpy song collection starting...
2025-10-17 19:58:03,274 - music_tracker - INFO - Starting song collection (last 1 hours)
2025-10-17 19:58:03,274 - music_tracker - INFO - Fetching recent tracks from Spotify...
2025-10-17 19:58:03,779 - music_tracker - INFO - Fetched 5 songs from Spotify
2025-10-17 19:58:03,782 - music_tracker - INFO - Found 5 songs from Spotify API
2025-10-17 19:58:03,782 - music_tracker - INFO - Checking for duplicates in database...
2025-10-17 19:58:05,051 - music_tracker - INFO - Found 5 new songs out of 5 total
2025-10-17 19:58:05,053 - music_tracker - INFO - Found 5 new songs to save
2025-10-17 19:58:05,055 - music_tracker - INFO - Saving songs to database...
2025-10-17 19:58:05,364 - music_tracker - INFO - Successfully saved 5 songs to database
2025-10-17 19:58:05,366 - music_tracker - INFO - Successfully saved 5 songs to database
2025-10-17 19:58:05,367 - music_tracker - INFO - Song collection completed successfully
2025-10-17 20:58:03,288 - music_tracker - INFO - SpotiSpy song collection starting...
2025-10-17 20:58:03,288 - music_tracker - INFO - Starting song collection (last 1 hours)
2025-10-17 20:58:03,289 - music_tracker - INFO - Fetching recent tracks from Spotify...
2025-10-17 20:58:03,711 - music_tracker - INFO - Fetched 1 songs from Spotify
2025-10-17 20:58:03,713 - music_tracker - INFO - Found 1 songs from Spotify API
2025-10-17 20:58:03,713 - music_tracker - INFO - Checking for duplicates in database...
2025-10-17 20:58:04,959 - music_tracker - INFO - Found 1 new songs out of 1 total
2025-10-17 20:58:04,961 - music_tracker - INFO - Found 1 new songs to save
2025-10-17 20:58:04,962 - music_tracker - INFO - Saving songs to database...
2025-10-17 20:58:05,353 - music_tracker - INFO - Successfully saved 1 songs to database
2025-10-17 20:58:05,354 - music_tracker - INFO - Successfully saved 1 songs to database
2025-10-17 20:58:05,355 - music_tracker - INFO - Song collection completed successfully
2025-10-17 21:58:03,279 - music_tracker - INFO - SpotiSpy song collection starting...
2025-10-17 21:58:03,280 - music_tracker - INFO - Starting song collection (last 1 hours)
2025-10-17 21:58:03,281 - music_tracker - INFO - Fetching recent tracks from Spotify...
2025-10-17 21:58:03,638 - music_tracker - INFO - No recent songs found from Spotify
2025-10-17 21:58:03,640 - music_tracker - INFO - No new songs found from Spotify API
2025-10-17 21:58:03,641 - music_tracker - INFO - Song collection completed successfully
2025-10-17 22:58:03,537 - music_tracker - INFO - SpotiSpy song collection starting...
2025-10-17 22:58:03,537 - music_tracker - INFO - Starting song collection (last 1 hours)
2025-10-17 22:58:03,538 - music_tracker - INFO - Fetching recent tracks from Spotify...
2025-10-17 22:58:04,191 - music_tracker - INFO - Fetched 19 songs from Spotify
2025-10-17 22:58:04,194 - music_tracker - INFO - Found 19 songs from Spotify API
2025-10-17 22:58:04,195 - music_tracker - INFO - Checking for duplicates in database...
2025-10-17 22:58:05,785 - music_tracker - INFO - Found 19 new songs out of 19 total
2025-10-17 22:58:05,788 - music_tracker - INFO - Found 19 new songs to save
2025-10-17 22:58:05,788 - music_tracker - INFO - Saving songs to database...
2025-10-17 22:58:06,123 - music_tracker - INFO - Successfully saved 19 songs to database
2025-10-17 22:58:06,125 - music_tracker - INFO - Successfully saved 19 songs to database
2025-10-17 22:58:06,125 - music_tracker - INFO - Song collection completed successfully
2025-10-17 23:58:03,095 - music_tracker - INFO - SpotiSpy song collection starting...
2025-10-17 23:58:03,096 - music_tracker - INFO - Starting song collection (last 1 hours)
2025-10-17 23:58:03,097 - music_tracker - INFO - Fetching recent tracks from Spotify...
2025-10-17 23:58:03,546 - music_tracker - INFO - Fetched 3 songs from Spotify
2025-10-17 23:58:03,549 - music_tracker - INFO - Found 3 songs from Spotify API
2025-10-17 23:58:03,549 - music_tracker - INFO - Checking for duplicates in database...
2025-10-17 23:58:04,863 - music_tracker - INFO - Found 3 new songs out of 3 total
2025-10-17 23:58:04,865 - music_tracker - INFO - Found 3 new songs to save
2025-10-17 23:58:04,866 - music_tracker - INFO - Saving songs to database...
2025-10-17 23:58:05,229 - music_tracker - INFO - Successfully saved 3 songs to database
2025-10-17 23:58:05,231 - music_tracker - INFO - Successfully saved 3 songs to database
2025-10-17 23:58:05,232 - music_tracker - INFO - Song collection completed successfully
