2025-06-25 00:58:06,631 - music_tracker - INFO - Zero songs listened to
2025-06-25 00:58:06,632 - music_tracker - INFO - No songs uploaded.
2025-06-25 01:58:07,422 - music_tracker - INFO - Zero songs listened to
2025-06-25 01:58:07,423 - music_tracker - INFO - No songs uploaded.
2025-06-25 02:58:07,168 - music_tracker - INFO - Zero songs listened to
2025-06-25 02:58:07,169 - music_tracker - INFO - No songs uploaded.
2025-06-25 03:58:06,898 - music_tracker - INFO - Zero songs listened to
2025-06-25 03:58:06,899 - music_tracker - INFO - No songs uploaded.
2025-06-25 04:58:06,623 - music_tracker - INFO - Zero songs listened to
2025-06-25 04:58:06,623 - music_tracker - INFO - No songs uploaded.
2025-06-25 05:58:07,345 - music_tracker - INFO - Zero songs listened to
2025-06-25 05:58:07,345 - music_tracker - INFO - No songs uploaded.
2025-06-25 06:58:07,116 - music_tracker - INFO - Zero songs listened to
2025-06-25 06:58:07,117 - music_tracker - INFO - No songs uploaded.
2025-06-25 07:58:06,852 - music_tracker - INFO - Zero songs listened to
2025-06-25 07:58:06,853 - music_tracker - INFO - No songs uploaded.
2025-06-25 08:58:06,552 - music_tracker - INFO - Zero songs listened to
2025-06-25 08:58:06,553 - music_tracker - INFO - No songs uploaded.
2025-06-25 09:00:11,959 - music_tracker - INFO - Starting music tracker analysis
2025-06-25 09:00:11,960 - music_tracker - INFO - Fetching data
2025-06-25 09:00:12,668 - music_tracker - INFO - Fetched 42 recent songs
2025-06-25 09:00:12,673 - music_tracker - INFO - Running top listens analysis
2025-06-25 09:00:12,673 - music_tracker - INFO - Calculating top songs listens
2025-06-25 09:00:12,674 - music_tracker - INFO - Sending message with top 3 songs
2025-06-25 09:00:13,458 - music_tracker - INFO - Message successfully sent!
2025-06-25 09:00:13,458 - music_tracker - INFO - Calculating top albums listens
2025-06-25 09:00:13,459 - music_tracker - INFO - Sending message with top 3 albums
2025-06-25 09:00:14,489 - music_tracker - INFO - Message successfully sent!
2025-06-25 09:00:14,490 - music_tracker - INFO - Calculating top artists listens
2025-06-25 09:00:14,490 - music_tracker - INFO - Sending message with top 3 artists
2025-06-25 09:00:15,265 - music_tracker - INFO - Message successfully sent!
2025-06-25 09:00:15,266 - music_tracker - INFO - Running popularity and listening hours analysis
2025-06-25 09:00:15,266 - music_tracker - INFO - Finding most popular track
2025-06-25 09:00:15,266 - music_tracker - INFO - Most popular song found: Die Young with score 85
2025-06-25 09:00:15,951 - music_tracker - INFO - Message successfully sent!
2025-06-25 09:00:15,952 - music_tracker - INFO - Calculating most listened hour
2025-06-25 09:00:15,952 - music_tracker - INFO - Most listened hour: 20:00 with 54:26
2025-06-25 09:00:16,631 - music_tracker - INFO - Message successfully sent!
2025-06-25 09:00:16,632 - music_tracker - INFO - Analysis completed successfully

2025-06-25 09:58:09,191 - music_tracker - INFO - Uploading 6 songs
2025-06-25 10:58:10,794 - music_tracker - INFO - Uploading 16 songs
2025-06-25 11:58:08,745 - music_tracker - INFO - Uploading 7 songs
2025-06-25 12:58:09,215 - music_tracker - INFO - Uploading 10 songs
2025-06-25 13:58:07,003 - music_tracker - INFO - Zero songs listened to
2025-06-25 13:58:07,004 - music_tracker - INFO - No songs uploaded.
2025-06-25 14:58:09,785 - music_tracker - INFO - Uploading 12 songs
2025-06-25 15:58:10,279 - music_tracker - INFO - Uploading 16 songs
2025-06-25 16:58:11,001 - music_tracker - INFO - Uploading 17 songs
2025-06-25 17:58:08,584 - music_tracker - INFO - Uploading 6 songs
2025-06-25 18:58:08,393 - music_tracker - INFO - Uploading 3 songs
2025-06-25 19:58:11,022 - music_tracker - INFO - Uploading 16 songs
2025-06-25 20:58:08,408 - music_tracker - INFO - Uploading 5 songs
2025-06-25 21:58:08,343 - music_tracker - INFO - Uploading 3 songs
2025-06-25 22:58:07,336 - music_tracker - INFO - Zero songs listened to
2025-06-25 22:58:07,338 - music_tracker - INFO - No songs uploaded.
2025-06-25 23:58:07,086 - music_tracker - INFO - Zero songs listened to
2025-06-25 23:58:07,087 - music_tracker - INFO - No songs uploaded.
