2025-09-12 00:58:03,486 - music_tracker - INFO - SpotiSpy song collection starting...
2025-09-12 00:58:03,487 - music_tracker - INFO - Starting song collection (last 1 hours)
2025-09-12 00:58:03,488 - music_tracker - INFO - Fetching recent tracks from Spotify...
2025-09-12 00:58:04,049 - music_tracker - INFO - No recent songs found from Spotify
2025-09-12 00:58:04,052 - music_tracker - INFO - No new songs found from Spotify API
2025-09-12 00:58:04,052 - music_tracker - INFO - Song collection completed successfully
2025-09-12 01:58:03,668 - music_tracker - INFO - SpotiSpy song collection starting...
2025-09-12 01:58:03,669 - music_tracker - INFO - Starting song collection (last 1 hours)
2025-09-12 01:58:03,669 - music_tracker - INFO - Fetching recent tracks from Spotify...
2025-09-12 01:58:04,038 - music_tracker - INFO - No recent songs found from Spotify
2025-09-12 01:58:04,040 - music_tracker - INFO - No new songs found from Spotify API
2025-09-12 01:58:04,040 - music_tracker - INFO - Song collection completed successfully
2025-09-12 02:58:02,996 - music_tracker - INFO - SpotiSpy song collection starting...
2025-09-12 02:58:02,996 - music_tracker - INFO - Starting song collection (last 1 hours)
2025-09-12 02:58:02,997 - music_tracker - INFO - Fetching recent tracks from Spotify...
2025-09-12 02:58:03,342 - music_tracker - INFO - No recent songs found from Spotify
2025-09-12 02:58:03,344 - music_tracker - INFO - No new songs found from Spotify API
2025-09-12 02:58:03,344 - music_tracker - INFO - Song collection completed successfully
2025-09-12 03:58:03,274 - music_tracker - INFO - SpotiSpy song collection starting...
2025-09-12 03:58:03,274 - music_tracker - INFO - Starting song collection (last 1 hours)
2025-09-12 03:58:03,275 - music_tracker - INFO - Fetching recent tracks from Spotify...
2025-09-12 03:58:03,633 - music_tracker - INFO - No recent songs found from Spotify
2025-09-12 03:58:03,635 - music_tracker - INFO - No new songs found from Spotify API
2025-09-12 03:58:03,636 - music_tracker - INFO - Song collection completed successfully
2025-09-12 04:58:04,211 - music_tracker - INFO - SpotiSpy song collection starting...
2025-09-12 04:58:04,212 - music_tracker - INFO - Starting song collection (last 1 hours)
2025-09-12 04:58:04,213 - music_tracker - INFO - Fetching recent tracks from Spotify...
2025-09-12 04:58:04,572 - music_tracker - INFO - No recent songs found from Spotify
2025-09-12 04:58:04,575 - music_tracker - INFO - No new songs found from Spotify API
2025-09-12 04:58:04,575 - music_tracker - INFO - Song collection completed successfully
2025-09-12 05:58:03,476 - music_tracker - INFO - SpotiSpy song collection starting...
2025-09-12 05:58:03,477 - music_tracker - INFO - Starting song collection (last 1 hours)
2025-09-12 05:58:03,478 - music_tracker - INFO - Fetching recent tracks from Spotify...
2025-09-12 05:58:03,828 - music_tracker - INFO - No recent songs found from Spotify
2025-09-12 05:58:03,830 - music_tracker - INFO - No new songs found from Spotify API
2025-09-12 05:58:03,831 - music_tracker - INFO - Song collection completed successfully
2025-09-12 06:58:02,773 - music_tracker - INFO - SpotiSpy song collection starting...
2025-09-12 06:58:02,774 - music_tracker - INFO - Starting song collection (last 1 hours)
2025-09-12 06:58:02,774 - music_tracker - INFO - Fetching recent tracks from Spotify...
2025-09-12 06:58:03,123 - music_tracker - INFO - No recent songs found from Spotify
2025-09-12 06:58:03,125 - music_tracker - INFO - No new songs found from Spotify API
2025-09-12 06:58:03,126 - music_tracker - INFO - Song collection completed successfully
2025-09-12 07:58:03,503 - music_tracker - INFO - SpotiSpy song collection starting...
2025-09-12 07:58:03,504 - music_tracker - INFO - Starting song collection (last 1 hours)
2025-09-12 07:58:03,505 - music_tracker - INFO - Fetching recent tracks from Spotify...
2025-09-12 07:58:04,003 - music_tracker - INFO - Fetched 7 songs from Spotify
2025-09-12 07:58:04,005 - music_tracker - INFO - Found 7 songs from Spotify API
2025-09-12 07:58:04,006 - music_tracker - INFO - Checking for duplicates in database...
2025-09-12 07:58:05,448 - music_tracker - INFO - Found 7 new songs out of 7 total
2025-09-12 07:58:05,449 - music_tracker - INFO - Found 7 new songs to save
2025-09-12 07:58:05,450 - music_tracker - INFO - Saving songs to database...
2025-09-12 07:58:05,760 - music_tracker - INFO - Successfully saved 7 songs to database
2025-09-12 07:58:05,761 - music_tracker - INFO - Successfully saved 7 songs to database
2025-09-12 07:58:05,762 - music_tracker - INFO - Song collection completed successfully
2025-09-12 08:58:02,935 - music_tracker - INFO - SpotiSpy song collection starting...
2025-09-12 08:58:02,936 - music_tracker - INFO - Starting song collection (last 1 hours)
2025-09-12 08:58:02,936 - music_tracker - INFO - Fetching recent tracks from Spotify...
2025-09-12 08:58:03,503 - music_tracker - INFO - Fetched 7 songs from Spotify
2025-09-12 08:58:03,505 - music_tracker - INFO - Found 7 songs from Spotify API
2025-09-12 08:58:03,506 - music_tracker - INFO - Checking for duplicates in database...
2025-09-12 08:58:04,990 - music_tracker - INFO - Found 7 new songs out of 7 total
2025-09-12 08:58:04,991 - music_tracker - INFO - Found 7 new songs to save
2025-09-12 08:58:04,992 - music_tracker - INFO - Saving songs to database...
2025-09-12 08:58:05,375 - music_tracker - INFO - Successfully saved 7 songs to database
2025-09-12 08:58:05,377 - music_tracker - INFO - Successfully saved 7 songs to database
2025-09-12 08:58:05,377 - music_tracker - INFO - Song collection completed successfully
2025-09-12 09:00:14,454 - music_tracker - INFO - SpotiSpy starting...
2025-09-12 09:00:14,454 - music_tracker - INFO - Starting daily SpotiSpy analysis
2025-09-12 09:00:14,455 - music_tracker - INFO - Fetching yesterday's listening data...
2025-09-12 09:00:14,998 - music_tracker - INFO - Fetched 130 songs from database
2025-09-12 09:00:15,001 - music_tracker - INFO - Found 130 songs to analyze
2025-09-12 09:00:15,003 - music_tracker - INFO - Running analysis...
2025-09-12 09:00:15,013 - music_tracker - INFO - Sending daily summary to Slack...
2025-09-12 09:00:15,875 - music_tracker - INFO - Message sent successfully to Slack
2025-09-12 09:00:15,876 - music_tracker - INFO - Daily analysis completed successfully!
2025-09-12 09:00:15,877 - music_tracker - INFO - SpotiSpy completed successfully
2025-09-12 09:58:03,994 - music_tracker - INFO - SpotiSpy song collection starting...
2025-09-12 09:58:03,995 - music_tracker - INFO - Starting song collection (last 1 hours)
2025-09-12 09:58:03,995 - music_tracker - INFO - Fetching recent tracks from Spotify...
2025-09-12 09:58:04,510 - music_tracker - INFO - Fetched 5 songs from Spotify
2025-09-12 09:58:04,513 - music_tracker - INFO - Found 5 songs from Spotify API
2025-09-12 09:58:04,513 - music_tracker - INFO - Checking for duplicates in database...
2025-09-12 09:58:05,573 - music_tracker - INFO - Found 5 new songs out of 5 total
2025-09-12 09:58:05,575 - music_tracker - INFO - Found 5 new songs to save
2025-09-12 09:58:05,576 - music_tracker - INFO - Saving songs to database...
2025-09-12 09:58:05,952 - music_tracker - INFO - Successfully saved 5 songs to database
2025-09-12 09:58:05,955 - music_tracker - INFO - Successfully saved 5 songs to database
2025-09-12 09:58:05,956 - music_tracker - INFO - Song collection completed successfully
2025-09-12 10:58:02,991 - music_tracker - INFO - SpotiSpy song collection starting...
2025-09-12 10:58:02,991 - music_tracker - INFO - Starting song collection (last 1 hours)
2025-09-12 10:58:02,992 - music_tracker - INFO - Fetching recent tracks from Spotify...
2025-09-12 10:58:03,383 - music_tracker - INFO - No recent songs found from Spotify
2025-09-12 10:58:03,385 - music_tracker - INFO - No new songs found from Spotify API
2025-09-12 10:58:03,386 - music_tracker - INFO - Song collection completed successfully
2025-09-12 11:58:03,298 - music_tracker - INFO - SpotiSpy song collection starting...
2025-09-12 11:58:03,298 - music_tracker - INFO - Starting song collection (last 1 hours)
2025-09-12 11:58:03,299 - music_tracker - INFO - Fetching recent tracks from Spotify...
2025-09-12 11:58:03,813 - music_tracker - INFO - Fetched 14 songs from Spotify
2025-09-12 11:58:03,816 - music_tracker - INFO - Found 14 songs from Spotify API
2025-09-12 11:58:03,817 - music_tracker - INFO - Checking for duplicates in database...
2025-09-12 11:58:04,945 - music_tracker - INFO - Found 14 new songs out of 14 total
2025-09-12 11:58:04,947 - music_tracker - INFO - Found 14 new songs to save
2025-09-12 11:58:04,948 - music_tracker - INFO - Saving songs to database...
2025-09-12 11:58:05,321 - music_tracker - INFO - Successfully saved 14 songs to database
2025-09-12 11:58:05,322 - music_tracker - INFO - Successfully saved 14 songs to database
2025-09-12 11:58:05,323 - music_tracker - INFO - Song collection completed successfully
2025-09-12 12:58:03,214 - music_tracker - INFO - SpotiSpy song collection starting...
2025-09-12 12:58:03,215 - music_tracker - INFO - Starting song collection (last 1 hours)
2025-09-12 12:58:03,216 - music_tracker - INFO - Fetching recent tracks from Spotify...
2025-09-12 12:58:03,623 - music_tracker - INFO - Fetched 1 songs from Spotify
2025-09-12 12:58:03,626 - music_tracker - INFO - Found 1 songs from Spotify API
2025-09-12 12:58:03,626 - music_tracker - INFO - Checking for duplicates in database...
2025-09-12 12:58:04,779 - music_tracker - INFO - Found 1 new songs out of 1 total
2025-09-12 12:58:04,781 - music_tracker - INFO - Found 1 new songs to save
2025-09-12 12:58:04,782 - music_tracker - INFO - Saving songs to database...
2025-09-12 12:58:05,188 - music_tracker - INFO - Successfully saved 1 songs to database
2025-09-12 12:58:05,190 - music_tracker - INFO - Successfully saved 1 songs to database
2025-09-12 12:58:05,191 - music_tracker - INFO - Song collection completed successfully
2025-09-12 13:58:03,102 - music_tracker - INFO - SpotiSpy song collection starting...
2025-09-12 13:58:03,103 - music_tracker - INFO - Starting song collection (last 1 hours)
2025-09-12 13:58:03,103 - music_tracker - INFO - Fetching recent tracks from Spotify...
2025-09-12 13:58:03,537 - music_tracker - INFO - Fetched 2 songs from Spotify
2025-09-12 13:58:03,539 - music_tracker - INFO - Found 2 songs from Spotify API
2025-09-12 13:58:03,539 - music_tracker - INFO - Checking for duplicates in database...
2025-09-12 13:58:04,851 - music_tracker - INFO - Found 2 new songs out of 2 total
2025-09-12 13:58:04,853 - music_tracker - INFO - Found 2 new songs to save
2025-09-12 13:58:04,854 - music_tracker - INFO - Saving songs to database...
2025-09-12 13:58:05,182 - music_tracker - INFO - Successfully saved 2 songs to database
2025-09-12 13:58:05,185 - music_tracker - INFO - Successfully saved 2 songs to database
2025-09-12 13:58:05,185 - music_tracker - INFO - Song collection completed successfully
2025-09-12 14:58:03,119 - music_tracker - INFO - SpotiSpy song collection starting...
2025-09-12 14:58:03,120 - music_tracker - INFO - Starting song collection (last 1 hours)
2025-09-12 14:58:03,121 - music_tracker - INFO - Fetching recent tracks from Spotify...
2025-09-12 14:58:03,519 - music_tracker - INFO - No recent songs found from Spotify
2025-09-12 14:58:03,521 - music_tracker - INFO - No new songs found from Spotify API
2025-09-12 14:58:03,522 - music_tracker - INFO - Song collection completed successfully
2025-09-12 15:58:03,426 - music_tracker - INFO - SpotiSpy song collection starting...
2025-09-12 15:58:03,426 - music_tracker - INFO - Starting song collection (last 1 hours)
2025-09-12 15:58:03,427 - music_tracker - INFO - Fetching recent tracks from Spotify...
2025-09-12 15:58:03,823 - music_tracker - INFO - No recent songs found from Spotify
2025-09-12 15:58:03,825 - music_tracker - INFO - No new songs found from Spotify API
2025-09-12 15:58:03,826 - music_tracker - INFO - Song collection completed successfully
2025-09-12 16:58:02,745 - music_tracker - INFO - SpotiSpy song collection starting...
2025-09-12 16:58:02,746 - music_tracker - INFO - Starting song collection (last 1 hours)
2025-09-12 16:58:02,747 - music_tracker - INFO - Fetching recent tracks from Spotify...
2025-09-12 16:58:03,127 - music_tracker - INFO - No recent songs found from Spotify
2025-09-12 16:58:03,129 - music_tracker - INFO - No new songs found from Spotify API
2025-09-12 16:58:03,130 - music_tracker - INFO - Song collection completed successfully
2025-09-12 17:58:03,050 - music_tracker - INFO - SpotiSpy song collection starting...
2025-09-12 17:58:03,051 - music_tracker - INFO - Starting song collection (last 1 hours)
2025-09-12 17:58:03,052 - music_tracker - INFO - Fetching recent tracks from Spotify...
2025-09-12 17:58:03,635 - music_tracker - INFO - Fetched 16 songs from Spotify
2025-09-12 17:58:03,638 - music_tracker - INFO - Found 16 songs from Spotify API
2025-09-12 17:58:03,639 - music_tracker - INFO - Checking for duplicates in database...
2025-09-12 17:58:04,569 - music_tracker - INFO - Found 16 new songs out of 16 total
2025-09-12 17:58:04,571 - music_tracker - INFO - Found 16 new songs to save
2025-09-12 17:58:04,572 - music_tracker - INFO - Saving songs to database...
2025-09-12 17:58:04,900 - music_tracker - INFO - Successfully saved 16 songs to database
2025-09-12 17:58:04,902 - music_tracker - INFO - Successfully saved 16 songs to database
2025-09-12 17:58:04,903 - music_tracker - INFO - Song collection completed successfully
2025-09-12 18:58:02,831 - music_tracker - INFO - SpotiSpy song collection starting...
2025-09-12 18:58:02,832 - music_tracker - INFO - Starting song collection (last 1 hours)
2025-09-12 18:58:02,833 - music_tracker - INFO - Fetching recent tracks from Spotify...
2025-09-12 18:58:03,373 - music_tracker - INFO - Fetched 20 songs from Spotify
2025-09-12 18:58:03,377 - music_tracker - INFO - Found 20 songs from Spotify API
2025-09-12 18:58:03,377 - music_tracker - INFO - Checking for duplicates in database...
2025-09-12 18:58:04,668 - music_tracker - INFO - Found 20 new songs out of 20 total
2025-09-12 18:58:04,670 - music_tracker - INFO - Found 20 new songs to save
2025-09-12 18:58:04,671 - music_tracker - INFO - Saving songs to database...
2025-09-12 18:58:05,094 - music_tracker - INFO - Successfully saved 20 songs to database
2025-09-12 18:58:05,096 - music_tracker - INFO - Successfully saved 20 songs to database
2025-09-12 18:58:05,097 - music_tracker - INFO - Song collection completed successfully
2025-09-12 19:58:03,033 - music_tracker - INFO - SpotiSpy song collection starting...
2025-09-12 19:58:03,034 - music_tracker - INFO - Starting song collection (last 1 hours)
2025-09-12 19:58:03,035 - music_tracker - INFO - Fetching recent tracks from Spotify...
2025-09-12 19:58:03,488 - music_tracker - INFO - Fetched 10 songs from Spotify
2025-09-12 19:58:03,491 - music_tracker - INFO - Found 10 songs from Spotify API
2025-09-12 19:58:03,491 - music_tracker - INFO - Checking for duplicates in database...
2025-09-12 19:58:04,403 - music_tracker - INFO - Found 10 new songs out of 10 total
2025-09-12 19:58:04,405 - music_tracker - INFO - Found 10 new songs to save
2025-09-12 19:58:04,406 - music_tracker - INFO - Saving songs to database...
2025-09-12 19:58:04,776 - music_tracker - INFO - Successfully saved 10 songs to database
2025-09-12 19:58:04,778 - music_tracker - INFO - Successfully saved 10 songs to database
2025-09-12 19:58:04,778 - music_tracker - INFO - Song collection completed successfully
2025-09-12 20:58:02,696 - music_tracker - INFO - SpotiSpy song collection starting...
2025-09-12 20:58:02,697 - music_tracker - INFO - Starting song collection (last 1 hours)
2025-09-12 20:58:02,697 - music_tracker - INFO - Fetching recent tracks from Spotify...
2025-09-12 20:58:03,114 - music_tracker - INFO - No recent songs found from Spotify
2025-09-12 20:58:03,117 - music_tracker - INFO - No new songs found from Spotify API
2025-09-12 20:58:03,117 - music_tracker - INFO - Song collection completed successfully
2025-09-12 21:58:03,077 - music_tracker - INFO - SpotiSpy song collection starting...
2025-09-12 21:58:03,078 - music_tracker - INFO - Starting song collection (last 1 hours)
2025-09-12 21:58:03,079 - music_tracker - INFO - Fetching recent tracks from Spotify...
2025-09-12 21:58:03,655 - music_tracker - INFO - Fetched 12 songs from Spotify
2025-09-12 21:58:03,658 - music_tracker - INFO - Found 12 songs from Spotify API
2025-09-12 21:58:03,659 - music_tracker - INFO - Checking for duplicates in database...
2025-09-12 21:58:04,663 - music_tracker - INFO - Found 12 new songs out of 12 total
2025-09-12 21:58:04,666 - music_tracker - INFO - Found 12 new songs to save
2025-09-12 21:58:04,666 - music_tracker - INFO - Saving songs to database...
2025-09-12 21:58:05,003 - music_tracker - INFO - Successfully saved 12 songs to database
2025-09-12 21:58:05,005 - music_tracker - INFO - Successfully saved 12 songs to database
2025-09-12 21:58:05,006 - music_tracker - INFO - Song collection completed successfully
2025-09-12 22:58:03,475 - music_tracker - INFO - SpotiSpy song collection starting...
2025-09-12 22:58:03,476 - music_tracker - INFO - Starting song collection (last 1 hours)
2025-09-12 22:58:03,477 - music_tracker - INFO - Fetching recent tracks from Spotify...
2025-09-12 22:58:03,846 - music_tracker - INFO - No recent songs found from Spotify
2025-09-12 22:58:03,848 - music_tracker - INFO - No new songs found from Spotify API
2025-09-12 22:58:03,849 - music_tracker - INFO - Song collection completed successfully
2025-09-12 23:58:02,735 - music_tracker - INFO - SpotiSpy song collection starting...
2025-09-12 23:58:02,736 - music_tracker - INFO - Starting song collection (last 1 hours)
2025-09-12 23:58:02,736 - music_tracker - INFO - Fetching recent tracks from Spotify...
2025-09-12 23:58:03,083 - music_tracker - INFO - No recent songs found from Spotify
2025-09-12 23:58:03,085 - music_tracker - INFO - No new songs found from Spotify API
2025-09-12 23:58:03,085 - music_tracker - INFO - Song collection completed successfully
