2025-09-21 00:58:03,064 - music_tracker - INFO - SpotiSpy song collection starting...
2025-09-21 00:58:03,065 - music_tracker - INFO - Starting song collection (last 1 hours)
2025-09-21 00:58:03,066 - music_tracker - INFO - Fetching recent tracks from Spotify...
2025-09-21 00:58:03,456 - music_tracker - INFO - No recent songs found from Spotify
2025-09-21 00:58:03,458 - music_tracker - INFO - No new songs found from Spotify API
2025-09-21 00:58:03,458 - music_tracker - INFO - Song collection completed successfully
2025-09-21 01:58:03,360 - music_tracker - INFO - SpotiSpy song collection starting...
2025-09-21 01:58:03,361 - music_tracker - INFO - Starting song collection (last 1 hours)
2025-09-21 01:58:03,362 - music_tracker - INFO - Fetching recent tracks from Spotify...
2025-09-21 01:58:03,721 - music_tracker - INFO - No recent songs found from Spotify
2025-09-21 01:58:03,723 - music_tracker - INFO - No new songs found from Spotify API
2025-09-21 01:58:03,724 - music_tracker - INFO - Song collection completed successfully
2025-09-21 02:58:02,996 - music_tracker - INFO - SpotiSpy song collection starting...
2025-09-21 02:58:02,997 - music_tracker - INFO - Starting song collection (last 1 hours)
2025-09-21 02:58:02,998 - music_tracker - INFO - Fetching recent tracks from Spotify...
2025-09-21 02:58:03,367 - music_tracker - INFO - No recent songs found from Spotify
2025-09-21 02:58:03,369 - music_tracker - INFO - No new songs found from Spotify API
2025-09-21 02:58:03,370 - music_tracker - INFO - Song collection completed successfully
2025-09-21 03:58:03,562 - music_tracker - INFO - SpotiSpy song collection starting...
2025-09-21 03:58:03,563 - music_tracker - INFO - Starting song collection (last 1 hours)
2025-09-21 03:58:03,563 - music_tracker - INFO - Fetching recent tracks from Spotify...
2025-09-21 03:58:03,938 - music_tracker - INFO - No recent songs found from Spotify
2025-09-21 03:58:03,940 - music_tracker - INFO - No new songs found from Spotify API
2025-09-21 03:58:03,941 - music_tracker - INFO - Song collection completed successfully
2025-09-21 04:58:03,298 - music_tracker - INFO - SpotiSpy song collection starting...
2025-09-21 04:58:03,299 - music_tracker - INFO - Starting song collection (last 1 hours)
2025-09-21 04:58:03,300 - music_tracker - INFO - Fetching recent tracks from Spotify...
2025-09-21 04:58:03,682 - music_tracker - INFO - No recent songs found from Spotify
2025-09-21 04:58:03,684 - music_tracker - INFO - No new songs found from Spotify API
2025-09-21 04:58:03,684 - music_tracker - INFO - Song collection completed successfully
2025-09-21 05:58:03,587 - music_tracker - INFO - SpotiSpy song collection starting...
2025-09-21 05:58:03,588 - music_tracker - INFO - Starting song collection (last 1 hours)
2025-09-21 05:58:03,588 - music_tracker - INFO - Fetching recent tracks from Spotify...
2025-09-21 05:58:04,066 - music_tracker - INFO - No recent songs found from Spotify
2025-09-21 05:58:04,068 - music_tracker - INFO - No new songs found from Spotify API
2025-09-21 05:58:04,069 - music_tracker - INFO - Song collection completed successfully
2025-09-21 06:58:03,049 - music_tracker - INFO - SpotiSpy song collection starting...
2025-09-21 06:58:03,050 - music_tracker - INFO - Starting song collection (last 1 hours)
2025-09-21 06:58:03,051 - music_tracker - INFO - Fetching recent tracks from Spotify...
2025-09-21 06:58:03,432 - music_tracker - INFO - No recent songs found from Spotify
2025-09-21 06:58:03,434 - music_tracker - INFO - No new songs found from Spotify API
2025-09-21 06:58:03,434 - music_tracker - INFO - Song collection completed successfully
2025-09-21 07:58:03,386 - music_tracker - INFO - SpotiSpy song collection starting...
2025-09-21 07:58:03,387 - music_tracker - INFO - Starting song collection (last 1 hours)
2025-09-21 07:58:03,388 - music_tracker - INFO - Fetching recent tracks from Spotify...
2025-09-21 07:58:03,763 - music_tracker - INFO - No recent songs found from Spotify
2025-09-21 07:58:03,765 - music_tracker - INFO - No new songs found from Spotify API
2025-09-21 07:58:03,766 - music_tracker - INFO - Song collection completed successfully
2025-09-21 08:58:02,663 - music_tracker - INFO - SpotiSpy song collection starting...
2025-09-21 08:58:02,663 - music_tracker - INFO - Starting song collection (last 1 hours)
2025-09-21 08:58:02,664 - music_tracker - INFO - Fetching recent tracks from Spotify...
2025-09-21 08:58:03,050 - music_tracker - INFO - No recent songs found from Spotify
2025-09-21 08:58:03,052 - music_tracker - INFO - No new songs found from Spotify API
2025-09-21 08:58:03,053 - music_tracker - INFO - Song collection completed successfully
2025-09-21 09:00:12,422 - music_tracker - INFO - SpotiSpy starting...
2025-09-21 09:00:12,423 - music_tracker - INFO - Starting daily SpotiSpy analysis
2025-09-21 09:00:12,423 - music_tracker - INFO - Fetching yesterday's listening data...
2025-09-21 09:00:13,247 - music_tracker - INFO - Fetched 114 songs from database
2025-09-21 09:00:13,250 - music_tracker - INFO - Found 114 songs to analyze
2025-09-21 09:00:13,251 - music_tracker - INFO - Running analysis...
2025-09-21 09:00:13,265 - music_tracker - INFO - Sending daily summary to Slack...
2025-09-21 09:00:14,064 - music_tracker - INFO - Message sent successfully to Slack
2025-09-21 09:00:14,064 - music_tracker - INFO - Daily analysis completed successfully!
2025-09-21 09:00:14,065 - music_tracker - INFO - Running weekly summary...
2025-09-21 09:00:14,065 - music_tracker - INFO - Generating weekly summary...
2025-09-21 09:00:14,075 - music_tracker - INFO - Starting comprehensive weekly analysis
2025-09-21 09:00:14,412 - music_tracker - INFO - Fetched 18 songs for date 2025-09-21
2025-09-21 09:00:14,414 - music_tracker - INFO - Date 2025-09-21: 18 songs
2025-09-21 09:00:14,746 - music_tracker - INFO - Fetched 108 songs for date 2025-09-20
2025-09-21 09:00:14,748 - music_tracker - INFO - Date 2025-09-20: 108 songs
2025-09-21 09:00:15,047 - music_tracker - INFO - Fetched 192 songs for date 2025-09-19
2025-09-21 09:00:15,049 - music_tracker - INFO - Date 2025-09-19: 192 songs
2025-09-21 09:00:15,388 - music_tracker - INFO - Fetched 179 songs for date 2025-09-18
2025-09-21 09:00:15,391 - music_tracker - INFO - Date 2025-09-18: 179 songs
2025-09-21 09:00:15,760 - music_tracker - INFO - Fetched 168 songs for date 2025-09-17
2025-09-21 09:00:15,762 - music_tracker - INFO - Date 2025-09-17: 168 songs
2025-09-21 09:00:15,995 - music_tracker - INFO - Fetched 98 songs for date 2025-09-16
2025-09-21 09:00:15,996 - music_tracker - INFO - Date 2025-09-16: 98 songs
2025-09-21 09:00:16,324 - music_tracker - INFO - Fetched 135 songs for date 2025-09-15
2025-09-21 09:00:16,326 - music_tracker - INFO - Date 2025-09-15: 135 songs
2025-09-21 09:00:17,079 - music_tracker - INFO - Message sent successfully to Slack
2025-09-21 09:00:17,082 - music_tracker - INFO - SpotiSpy completed successfully
2025-09-21 09:58:04,220 - music_tracker - INFO - SpotiSpy song collection starting...
2025-09-21 09:58:04,221 - music_tracker - INFO - Starting song collection (last 1 hours)
2025-09-21 09:58:04,222 - music_tracker - INFO - Fetching recent tracks from Spotify...
2025-09-21 09:58:04,598 - music_tracker - INFO - No recent songs found from Spotify
2025-09-21 09:58:04,600 - music_tracker - INFO - No new songs found from Spotify API
2025-09-21 09:58:04,601 - music_tracker - INFO - Song collection completed successfully
2025-09-21 10:58:03,544 - music_tracker - INFO - SpotiSpy song collection starting...
2025-09-21 10:58:03,544 - music_tracker - INFO - Starting song collection (last 1 hours)
2025-09-21 10:58:03,545 - music_tracker - INFO - Fetching recent tracks from Spotify...
2025-09-21 10:58:03,897 - music_tracker - INFO - No recent songs found from Spotify
2025-09-21 10:58:03,899 - music_tracker - INFO - No new songs found from Spotify API
2025-09-21 10:58:03,900 - music_tracker - INFO - Song collection completed successfully
2025-09-21 11:58:02,821 - music_tracker - INFO - SpotiSpy song collection starting...
2025-09-21 11:58:02,821 - music_tracker - INFO - Starting song collection (last 1 hours)
2025-09-21 11:58:02,822 - music_tracker - INFO - Fetching recent tracks from Spotify...
2025-09-21 11:58:03,200 - music_tracker - INFO - No recent songs found from Spotify
2025-09-21 11:58:03,203 - music_tracker - INFO - No new songs found from Spotify API
2025-09-21 11:58:03,203 - music_tracker - INFO - Song collection completed successfully
2025-09-21 12:58:03,097 - music_tracker - INFO - SpotiSpy song collection starting...
2025-09-21 12:58:03,098 - music_tracker - INFO - Starting song collection (last 1 hours)
2025-09-21 12:58:03,098 - music_tracker - INFO - Fetching recent tracks from Spotify...
2025-09-21 12:58:03,587 - music_tracker - INFO - Fetched 6 songs from Spotify
2025-09-21 12:58:03,589 - music_tracker - INFO - Found 6 songs from Spotify API
2025-09-21 12:58:03,590 - music_tracker - INFO - Checking for duplicates in database...
2025-09-21 12:58:04,928 - music_tracker - INFO - Found 6 new songs out of 6 total
2025-09-21 12:58:04,930 - music_tracker - INFO - Found 6 new songs to save
2025-09-21 12:58:04,931 - music_tracker - INFO - Saving songs to database...
2025-09-21 12:58:05,427 - music_tracker - INFO - Successfully saved 6 songs to database
2025-09-21 12:58:05,429 - music_tracker - INFO - Successfully saved 6 songs to database
2025-09-21 12:58:05,430 - music_tracker - INFO - Song collection completed successfully
2025-09-21 13:58:03,342 - music_tracker - INFO - SpotiSpy song collection starting...
2025-09-21 13:58:03,342 - music_tracker - INFO - Starting song collection (last 1 hours)
2025-09-21 13:58:03,343 - music_tracker - INFO - Fetching recent tracks from Spotify...
2025-09-21 13:58:03,731 - music_tracker - INFO - No recent songs found from Spotify
2025-09-21 13:58:03,733 - music_tracker - INFO - No new songs found from Spotify API
2025-09-21 13:58:03,734 - music_tracker - INFO - Song collection completed successfully
2025-09-21 14:58:02,631 - music_tracker - INFO - SpotiSpy song collection starting...
2025-09-21 14:58:02,632 - music_tracker - INFO - Starting song collection (last 1 hours)
2025-09-21 14:58:02,632 - music_tracker - INFO - Fetching recent tracks from Spotify...
2025-09-21 14:58:03,278 - music_tracker - INFO - Fetched 5 songs from Spotify
2025-09-21 14:58:03,281 - music_tracker - INFO - Found 5 songs from Spotify API
2025-09-21 14:58:03,281 - music_tracker - INFO - Checking for duplicates in database...
2025-09-21 14:58:04,606 - music_tracker - INFO - Found 5 new songs out of 5 total
2025-09-21 14:58:04,608 - music_tracker - INFO - Found 5 new songs to save
2025-09-21 14:58:04,609 - music_tracker - INFO - Saving songs to database...
2025-09-21 14:58:04,998 - music_tracker - INFO - Successfully saved 5 songs to database
2025-09-21 14:58:05,000 - music_tracker - INFO - Successfully saved 5 songs to database
2025-09-21 14:58:05,001 - music_tracker - INFO - Song collection completed successfully
2025-09-21 15:58:02,916 - music_tracker - INFO - SpotiSpy song collection starting...
2025-09-21 15:58:02,917 - music_tracker - INFO - Starting song collection (last 1 hours)
2025-09-21 15:58:02,918 - music_tracker - INFO - Fetching recent tracks from Spotify...
2025-09-21 15:58:03,451 - music_tracker - INFO - No recent songs found from Spotify
2025-09-21 15:58:03,453 - music_tracker - INFO - No new songs found from Spotify API
2025-09-21 15:58:03,454 - music_tracker - INFO - Song collection completed successfully
2025-09-21 16:58:03,360 - music_tracker - INFO - SpotiSpy song collection starting...
2025-09-21 16:58:03,361 - music_tracker - INFO - Starting song collection (last 1 hours)
2025-09-21 16:58:03,361 - music_tracker - INFO - Fetching recent tracks from Spotify...
2025-09-21 16:58:03,719 - music_tracker - INFO - No recent songs found from Spotify
2025-09-21 16:58:03,721 - music_tracker - INFO - No new songs found from Spotify API
2025-09-21 16:58:03,721 - music_tracker - INFO - Song collection completed successfully
2025-09-21 17:58:02,632 - music_tracker - INFO - SpotiSpy song collection starting...
2025-09-21 17:58:02,633 - music_tracker - INFO - Starting song collection (last 1 hours)
2025-09-21 17:58:02,633 - music_tracker - INFO - Fetching recent tracks from Spotify...
2025-09-21 17:58:02,999 - music_tracker - INFO - No recent songs found from Spotify
2025-09-21 17:58:03,001 - music_tracker - INFO - No new songs found from Spotify API
2025-09-21 17:58:03,002 - music_tracker - INFO - Song collection completed successfully
2025-09-21 18:58:02,880 - music_tracker - INFO - SpotiSpy song collection starting...
2025-09-21 18:58:02,880 - music_tracker - INFO - Starting song collection (last 1 hours)
2025-09-21 18:58:02,881 - music_tracker - INFO - Fetching recent tracks from Spotify...
2025-09-21 18:58:03,352 - music_tracker - INFO - Fetched 1 songs from Spotify
2025-09-21 18:58:03,354 - music_tracker - INFO - Found 1 songs from Spotify API
2025-09-21 18:58:03,354 - music_tracker - INFO - Checking for duplicates in database...
2025-09-21 18:58:04,194 - music_tracker - INFO - Found 1 new songs out of 1 total
2025-09-21 18:58:04,196 - music_tracker - INFO - Found 1 new songs to save
2025-09-21 18:58:04,197 - music_tracker - INFO - Saving songs to database...
2025-09-21 18:58:04,572 - music_tracker - INFO - Successfully saved 1 songs to database
2025-09-21 18:58:04,574 - music_tracker - INFO - Successfully saved 1 songs to database
2025-09-21 18:58:04,575 - music_tracker - INFO - Song collection completed successfully
2025-09-21 19:58:03,499 - music_tracker - INFO - SpotiSpy song collection starting...
2025-09-21 19:58:03,500 - music_tracker - INFO - Starting song collection (last 1 hours)
2025-09-21 19:58:03,501 - music_tracker - INFO - Fetching recent tracks from Spotify...
2025-09-21 19:58:04,086 - music_tracker - INFO - Fetched 18 songs from Spotify
2025-09-21 19:58:04,089 - music_tracker - INFO - Found 18 songs from Spotify API
2025-09-21 19:58:04,090 - music_tracker - INFO - Checking for duplicates in database...
2025-09-21 19:58:05,303 - music_tracker - INFO - Found 18 new songs out of 18 total
2025-09-21 19:58:05,305 - music_tracker - INFO - Found 18 new songs to save
2025-09-21 19:58:05,306 - music_tracker - INFO - Saving songs to database...
2025-09-21 19:58:05,719 - music_tracker - INFO - Successfully saved 18 songs to database
2025-09-21 19:58:05,721 - music_tracker - INFO - Successfully saved 18 songs to database
2025-09-21 19:58:05,722 - music_tracker - INFO - Song collection completed successfully
2025-09-21 20:58:02,628 - music_tracker - INFO - SpotiSpy song collection starting...
2025-09-21 20:58:02,628 - music_tracker - INFO - Starting song collection (last 1 hours)
2025-09-21 20:58:02,629 - music_tracker - INFO - Fetching recent tracks from Spotify...
2025-09-21 20:58:03,246 - music_tracker - INFO - Fetched 13 songs from Spotify
2025-09-21 20:58:03,249 - music_tracker - INFO - Found 13 songs from Spotify API
2025-09-21 20:58:03,250 - music_tracker - INFO - Checking for duplicates in database...
2025-09-21 20:58:04,505 - music_tracker - INFO - Found 13 new songs out of 13 total
2025-09-21 20:58:04,507 - music_tracker - INFO - Found 13 new songs to save
2025-09-21 20:58:04,508 - music_tracker - INFO - Saving songs to database...
2025-09-21 20:58:04,890 - music_tracker - INFO - Successfully saved 13 songs to database
2025-09-21 20:58:04,892 - music_tracker - INFO - Successfully saved 13 songs to database
2025-09-21 20:58:04,893 - music_tracker - INFO - Song collection completed successfully
2025-09-21 21:58:02,815 - music_tracker - INFO - SpotiSpy song collection starting...
2025-09-21 21:58:02,816 - music_tracker - INFO - Starting song collection (last 1 hours)
2025-09-21 21:58:02,816 - music_tracker - INFO - Fetching recent tracks from Spotify...
2025-09-21 21:58:03,371 - music_tracker - INFO - Fetched 8 songs from Spotify
2025-09-21 21:58:03,373 - music_tracker - INFO - Found 8 songs from Spotify API
2025-09-21 21:58:03,374 - music_tracker - INFO - Checking for duplicates in database...
2025-09-21 21:58:04,592 - music_tracker - INFO - Found 8 new songs out of 8 total
2025-09-21 21:58:04,595 - music_tracker - INFO - Found 8 new songs to save
2025-09-21 21:58:04,595 - music_tracker - INFO - Saving songs to database...
2025-09-21 21:58:04,979 - music_tracker - INFO - Successfully saved 8 songs to database
2025-09-21 21:58:04,982 - music_tracker - INFO - Successfully saved 8 songs to database
2025-09-21 21:58:04,982 - music_tracker - INFO - Song collection completed successfully
2025-09-21 22:58:02,900 - music_tracker - INFO - SpotiSpy song collection starting...
2025-09-21 22:58:02,900 - music_tracker - INFO - Starting song collection (last 1 hours)
2025-09-21 22:58:02,901 - music_tracker - INFO - Fetching recent tracks from Spotify...
2025-09-21 22:58:03,276 - music_tracker - INFO - No recent songs found from Spotify
2025-09-21 22:58:03,278 - music_tracker - INFO - No new songs found from Spotify API
2025-09-21 22:58:03,279 - music_tracker - INFO - Song collection completed successfully
2025-09-21 23:58:03,163 - music_tracker - INFO - SpotiSpy song collection starting...
2025-09-21 23:58:03,164 - music_tracker - INFO - Starting song collection (last 1 hours)
2025-09-21 23:58:03,165 - music_tracker - INFO - Fetching recent tracks from Spotify...
2025-09-21 23:58:03,601 - music_tracker - INFO - Fetched 4 songs from Spotify
2025-09-21 23:58:03,603 - music_tracker - INFO - Found 4 songs from Spotify API
2025-09-21 23:58:03,604 - music_tracker - INFO - Checking for duplicates in database...
2025-09-21 23:58:04,881 - music_tracker - INFO - Found 4 new songs out of 4 total
2025-09-21 23:58:04,883 - music_tracker - INFO - Found 4 new songs to save
2025-09-21 23:58:04,884 - music_tracker - INFO - Saving songs to database...
2025-09-21 23:58:05,399 - music_tracker - INFO - Successfully saved 4 songs to database
2025-09-21 23:58:05,401 - music_tracker - INFO - Successfully saved 4 songs to database
2025-09-21 23:58:05,402 - music_tracker - INFO - Song collection completed successfully
