2025-07-04 00:58:07,289 - music_tracker - INFO - Zero songs listened to
2025-07-04 00:58:07,290 - music_tracker - INFO - No songs uploaded.
2025-07-04 01:58:06,994 - music_tracker - INFO - Zero songs listened to
2025-07-04 01:58:06,994 - music_tracker - INFO - No songs uploaded.
2025-07-04 02:58:06,708 - music_tracker - INFO - Zero songs listened to
2025-07-04 02:58:06,709 - music_tracker - INFO - No songs uploaded.
2025-07-04 03:58:06,424 - music_tracker - INFO - Zero songs listened to
2025-07-04 03:58:06,424 - music_tracker - INFO - No songs uploaded.
2025-07-04 04:58:07,156 - music_tracker - INFO - Zero songs listened to
2025-07-04 04:58:07,156 - music_tracker - INFO - No songs uploaded.
2025-07-04 05:58:06,899 - music_tracker - INFO - Zero songs listened to
2025-07-04 05:58:06,900 - music_tracker - INFO - No songs uploaded.
2025-07-04 06:58:06,704 - music_tracker - INFO - Zero songs listened to
2025-07-04 06:58:06,704 - music_tracker - INFO - No songs uploaded.
2025-07-04 07:58:07,410 - music_tracker - INFO - Zero songs listened to
2025-07-04 07:58:07,411 - music_tracker - INFO - No songs uploaded.
2025-07-04 08:58:07,116 - music_tracker - INFO - Zero songs listened to
2025-07-04 08:58:07,117 - music_tracker - INFO - No songs uploaded.
2025-07-04 09:00:11,708 - music_tracker - INFO - Starting music tracker analysis
2025-07-04 09:00:11,708 - music_tracker - INFO - Fetching data
2025-07-04 09:00:12,272 - music_tracker - INFO - Fetched 83 recent songs
2025-07-04 09:00:12,277 - music_tracker - INFO - Running top listens analysis
2025-07-04 09:00:12,277 - music_tracker - INFO - Calculating top songs listens
2025-07-04 09:00:12,277 - music_tracker - INFO - Sending message with top 3 songs
2025-07-04 09:00:13,153 - music_tracker - INFO - Message successfully sent!
2025-07-04 09:00:13,154 - music_tracker - INFO - Calculating top albums listens
2025-07-04 09:00:13,155 - music_tracker - INFO - Sending message with top 3 albums
2025-07-04 09:00:14,048 - music_tracker - INFO - Message successfully sent!
2025-07-04 09:00:14,049 - music_tracker - INFO - Calculating top artists listens
2025-07-04 09:00:14,049 - music_tracker - INFO - Sending message with top 3 artists
2025-07-04 09:00:14,790 - music_tracker - INFO - Message successfully sent!
2025-07-04 09:00:14,790 - music_tracker - INFO - Running popularity and listening hours analysis
2025-07-04 09:00:14,791 - music_tracker - INFO - Finding most popular track
2025-07-04 09:00:14,791 - music_tracker - INFO - Most popular song found: The Taste of Ink with score 70
2025-07-04 09:00:15,498 - music_tracker - INFO - Message successfully sent!
2025-07-04 09:00:15,499 - music_tracker - INFO - Calculating most listened hour
2025-07-04 09:00:15,500 - music_tracker - INFO - Most listened hour: 22:00 with 53:03
2025-07-04 09:00:16,227 - music_tracker - INFO - Message successfully sent!
2025-07-04 09:00:16,228 - music_tracker - INFO - Analysis completed successfully

2025-07-04 09:58:10,404 - music_tracker - INFO - Uploading 12 songs
2025-07-04 10:58:10,728 - music_tracker - INFO - Uploading 14 songs
2025-07-04 11:58:10,902 - music_tracker - INFO -   Supabase error: Status 400, {"code":"22007","details":null,"hint":null,"message":"invalid input syntax for type date: \"2005\""}
2025-07-04 11:58:10,903 - music_tracker - INFO - No songs uploaded.
2025-07-04 12:58:11,183 - music_tracker - INFO -   Supabase error: Status 400, {"code":"22007","details":null,"hint":null,"message":"invalid input syntax for type date: \"2016\""}
2025-07-04 12:58:11,186 - music_tracker - INFO - No songs uploaded.
2025-07-04 13:58:11,232 - music_tracker - INFO -   Supabase error: Status 400, {"code":"22007","details":null,"hint":null,"message":"invalid input syntax for type date: \"2001\""}
2025-07-04 13:58:11,234 - music_tracker - INFO - No songs uploaded.
2025-07-04 14:58:10,466 - music_tracker - INFO - Uploading 14 songs
2025-07-04 15:58:11,426 - music_tracker - INFO -   Supabase error: Status 400, {"code":"22007","details":null,"hint":null,"message":"invalid input syntax for type date: \"2004\""}
2025-07-04 15:58:11,428 - music_tracker - INFO - No songs uploaded.
2025-07-04 16:58:11,736 - music_tracker - INFO - Uploading 19 songs
2025-07-04 17:58:10,186 - music_tracker - INFO - Uploading 16 songs
2025-07-04 18:58:06,946 - music_tracker - INFO - Zero songs listened to
2025-07-04 18:58:06,947 - music_tracker - INFO - No songs uploaded.
2025-07-04 19:58:06,643 - music_tracker - INFO - Zero songs listened to
2025-07-04 19:58:06,644 - music_tracker - INFO - No songs uploaded.
2025-07-04 20:58:07,388 - music_tracker - INFO - Zero songs listened to
2025-07-04 20:58:07,389 - music_tracker - INFO - No songs uploaded.
2025-07-04 21:58:07,106 - music_tracker - INFO - Zero songs listened to
2025-07-04 21:58:07,106 - music_tracker - INFO - No songs uploaded.
2025-07-04 22:58:07,107 - music_tracker - INFO - Zero songs listened to
2025-07-04 22:58:07,109 - music_tracker - INFO - No songs uploaded.
2025-07-04 23:58:06,831 - music_tracker - INFO - Zero songs listened to
2025-07-04 23:58:06,832 - music_tracker - INFO - No songs uploaded.
