2025-05-09 00:58:09,269 - music_tracker - INFO - Uploading 7 songs
2025-05-09 01:58:07,034 - music_tracker - INFO - Zero songs listened to
2025-05-09 01:58:07,035 - music_tracker - INFO - No songs uploaded.
2025-05-09 02:58:06,756 - music_tracker - INFO - Zero songs listened to
2025-05-09 02:58:06,756 - music_tracker - INFO - No songs uploaded.
2025-05-09 03:58:06,476 - music_tracker - INFO - Zero songs listened to
2025-05-09 03:58:06,476 - music_tracker - INFO - No songs uploaded.
2025-05-09 04:58:07,198 - music_tracker - INFO - Zero songs listened to
2025-05-09 04:58:07,199 - music_tracker - INFO - No songs uploaded.
2025-05-09 05:58:06,959 - music_tracker - INFO - Zero songs listened to
2025-05-09 05:58:06,959 - music_tracker - INFO - No songs uploaded.
2025-05-09 06:58:06,798 - music_tracker - INFO - Zero songs listened to
2025-05-09 06:58:06,799 - music_tracker - INFO - No songs uploaded.
2025-05-09 07:58:06,558 - music_tracker - INFO - Zero songs listened to
2025-05-09 07:58:06,559 - music_tracker - INFO - No songs uploaded.
2025-05-09 08:58:09,324 - music_tracker - INFO - Uploading 5 songs
2025-05-09 09:00:11,718 - music_tracker - INFO - Starting music tracker analysis
2025-05-09 09:00:11,719 - music_tracker - INFO - Fetching data
2025-05-09 09:00:12,094 - music_tracker - INFO - Fetched 104 recent songs
2025-05-09 09:00:12,100 - music_tracker - INFO - Running top listens analysis
2025-05-09 09:00:12,100 - music_tracker - INFO - Calculating top songs listens
2025-05-09 09:00:12,101 - music_tracker - INFO - Sending message with top 3 songs
2025-05-09 09:00:12,751 - music_tracker - INFO - Message successfully sent!
2025-05-09 09:00:12,752 - music_tracker - INFO - Calculating top albums listens
2025-05-09 09:00:12,752 - music_tracker - INFO - Sending message with top 3 albums
2025-05-09 09:00:13,369 - music_tracker - INFO - Message successfully sent!
2025-05-09 09:00:13,370 - music_tracker - INFO - Calculating top artists listens
2025-05-09 09:00:13,370 - music_tracker - INFO - Sending message with top 3 artists
2025-05-09 09:00:14,535 - music_tracker - INFO - Message successfully sent!
2025-05-09 09:00:14,535 - music_tracker - INFO - Running popularity and listening hours analysis
2025-05-09 09:00:14,536 - music_tracker - INFO - Finding most popular track
2025-05-09 09:00:14,536 - music_tracker - INFO - Most popular song found: Not Like Us with score 95
2025-05-09 09:00:15,212 - music_tracker - INFO - Message successfully sent!
2025-05-09 09:00:15,213 - music_tracker - INFO - Calculating most listened hour
2025-05-09 09:00:15,213 - music_tracker - INFO - Most listened hour: 21:00 with 63:28
2025-05-09 09:00:15,832 - music_tracker - INFO - Message successfully sent!
2025-05-09 09:00:15,833 - music_tracker - INFO - Analysis completed successfully

2025-05-09 09:58:10,134 - music_tracker - INFO -   Supabase error: Status 400, {"code":"22007","details":null,"hint":null,"message":"invalid input syntax for type date: \"2003\""}
2025-05-09 09:58:10,135 - music_tracker - INFO - No songs uploaded.
2025-05-09 10:58:10,821 - music_tracker - INFO - Uploading 14 songs
2025-05-09 11:58:07,765 - music_tracker - INFO - Uploading 3 songs
2025-05-09 12:58:07,986 - music_tracker - INFO - Uploading 4 songs
2025-05-09 13:58:10,773 - music_tracker - INFO -   Supabase error: Status 400, {"code":"22007","details":null,"hint":null,"message":"invalid input syntax for type date: \"1995\""}
2025-05-09 13:58:10,774 - music_tracker - INFO - No songs uploaded.
2025-05-09 14:58:09,594 - music_tracker - INFO -   Supabase error: Status 400, {"code":"22007","details":null,"hint":null,"message":"invalid input syntax for type date: \"2012\""}
2025-05-09 14:58:09,596 - music_tracker - INFO - No songs uploaded.
2025-05-09 15:58:10,669 - music_tracker - INFO - Uploading 12 songs
2025-05-09 16:58:07,454 - music_tracker - INFO - Zero songs listened to
2025-05-09 16:58:07,455 - music_tracker - INFO - No songs uploaded.
2025-05-09 17:58:07,796 - music_tracker - INFO - Uploading 1 song
2025-05-09 18:58:08,134 - music_tracker - INFO -   Supabase error: Status 400, {"code":"22007","details":null,"hint":null,"message":"invalid input syntax for type date: \"1982\""}
2025-05-09 18:58:08,136 - music_tracker - INFO - No songs uploaded.
2025-05-09 19:58:06,869 - music_tracker - INFO - Zero songs listened to
2025-05-09 19:58:06,870 - music_tracker - INFO - No songs uploaded.
2025-05-09 20:58:06,637 - music_tracker - INFO - Zero songs listened to
2025-05-09 20:58:06,637 - music_tracker - INFO - No songs uploaded.
2025-05-09 21:58:07,449 - music_tracker - INFO - Zero songs listened to
2025-05-09 21:58:07,450 - music_tracker - INFO - No songs uploaded.
2025-05-09 22:58:09,017 - music_tracker - INFO - Zero songs listened to
2025-05-09 22:58:09,019 - music_tracker - INFO - No songs uploaded.
2025-05-09 23:58:06,745 - music_tracker - INFO - Zero songs listened to
2025-05-09 23:58:06,746 - music_tracker - INFO - No songs uploaded.
