2025-08-09 00:58:06,497 - music_tracker - INFO - SpotiSpy starting...
2025-08-09 00:58:06,498 - music_tracker - INFO - Starting daily SpotiSpy analysis
2025-08-09 00:58:06,498 - music_tracker - INFO - Fetching yesterday's listening data...
2025-08-09 00:58:06,848 - music_tracker - INFO - Fetched 0 songs from database
2025-08-09 00:58:06,850 - music_tracker - WARNING - No songs found for yesterday
2025-08-09 00:58:06,850 - music_tracker - INFO - SpotiSpy completed successfully
2025-08-09 01:58:05,956 - music_tracker - INFO - SpotiSpy starting...
2025-08-09 01:58:05,956 - music_tracker - INFO - Starting daily SpotiSpy analysis
2025-08-09 01:58:05,957 - music_tracker - INFO - Fetching yesterday's listening data...
2025-08-09 01:58:06,324 - music_tracker - INFO - Fetched 0 songs from database
2025-08-09 01:58:06,327 - music_tracker - WARNING - No songs found for yesterday
2025-08-09 01:58:06,327 - music_tracker - INFO - SpotiSpy completed successfully
2025-08-09 02:58:06,474 - music_tracker - INFO - SpotiSpy starting...
2025-08-09 02:58:06,474 - music_tracker - INFO - Starting daily SpotiSpy analysis
2025-08-09 02:58:06,475 - music_tracker - INFO - Fetching yesterday's listening data...
2025-08-09 02:58:06,773 - music_tracker - INFO - Fetched 0 songs from database
2025-08-09 02:58:06,775 - music_tracker - WARNING - No songs found for yesterday
2025-08-09 02:58:06,775 - music_tracker - INFO - SpotiSpy completed successfully
2025-08-09 03:58:05,912 - music_tracker - INFO - SpotiSpy starting...
2025-08-09 03:58:05,913 - music_tracker - INFO - Starting daily SpotiSpy analysis
2025-08-09 03:58:05,913 - music_tracker - INFO - Fetching yesterday's listening data...
2025-08-09 03:58:06,212 - music_tracker - INFO - Fetched 0 songs from database
2025-08-09 03:58:06,214 - music_tracker - WARNING - No songs found for yesterday
2025-08-09 03:58:06,218 - music_tracker - INFO - SpotiSpy completed successfully
2025-08-09 04:58:06,337 - music_tracker - INFO - SpotiSpy starting...
2025-08-09 04:58:06,337 - music_tracker - INFO - Starting daily SpotiSpy analysis
2025-08-09 04:58:06,338 - music_tracker - INFO - Fetching yesterday's listening data...
2025-08-09 04:58:06,639 - music_tracker - INFO - Fetched 0 songs from database
2025-08-09 04:58:06,641 - music_tracker - WARNING - No songs found for yesterday
2025-08-09 04:58:06,642 - music_tracker - INFO - SpotiSpy completed successfully
2025-08-09 05:58:06,759 - music_tracker - INFO - SpotiSpy starting...
2025-08-09 05:58:06,759 - music_tracker - INFO - Starting daily SpotiSpy analysis
2025-08-09 05:58:06,760 - music_tracker - INFO - Fetching yesterday's listening data...
2025-08-09 05:58:07,160 - music_tracker - INFO - Fetched 0 songs from database
2025-08-09 05:58:07,161 - music_tracker - WARNING - No songs found for yesterday
2025-08-09 05:58:07,165 - music_tracker - INFO - SpotiSpy completed successfully
2025-08-09 06:58:06,343 - music_tracker - INFO - SpotiSpy starting...
2025-08-09 06:58:06,343 - music_tracker - INFO - Starting daily SpotiSpy analysis
2025-08-09 06:58:06,344 - music_tracker - INFO - Fetching yesterday's listening data...
2025-08-09 06:58:06,662 - music_tracker - INFO - Fetched 0 songs from database
2025-08-09 06:58:06,664 - music_tracker - WARNING - No songs found for yesterday
2025-08-09 06:58:06,665 - music_tracker - INFO - SpotiSpy completed successfully
2025-08-09 07:58:06,786 - music_tracker - INFO - SpotiSpy starting...
2025-08-09 07:58:06,787 - music_tracker - INFO - Starting daily SpotiSpy analysis
2025-08-09 07:58:06,787 - music_tracker - INFO - Fetching yesterday's listening data...
2025-08-09 07:58:07,109 - music_tracker - INFO - Fetched 0 songs from database
2025-08-09 07:58:07,110 - music_tracker - WARNING - No songs found for yesterday
2025-08-09 07:58:07,115 - music_tracker - INFO - SpotiSpy completed successfully
2025-08-09 08:58:06,246 - music_tracker - INFO - SpotiSpy starting...
2025-08-09 08:58:06,246 - music_tracker - INFO - Starting daily SpotiSpy analysis
2025-08-09 08:58:06,247 - music_tracker - INFO - Fetching yesterday's listening data...
2025-08-09 08:58:06,608 - music_tracker - INFO - Fetched 0 songs from database
2025-08-09 08:58:06,609 - music_tracker - WARNING - No songs found for yesterday
2025-08-09 08:58:06,610 - music_tracker - INFO - SpotiSpy completed successfully
2025-08-09 09:00:11,885 - music_tracker - INFO - SpotiSpy starting...
2025-08-09 09:00:11,885 - music_tracker - INFO - Starting daily SpotiSpy analysis
2025-08-09 09:00:11,886 - music_tracker - INFO - Fetching yesterday's listening data...
2025-08-09 09:00:12,206 - music_tracker - INFO - Fetched 0 songs from database
2025-08-09 09:00:12,208 - music_tracker - WARNING - No songs found for yesterday
2025-08-09 09:00:12,208 - music_tracker - INFO - SpotiSpy completed successfully
2025-08-09 09:58:06,330 - music_tracker - INFO - SpotiSpy starting...
2025-08-09 09:58:06,331 - music_tracker - INFO - Starting daily SpotiSpy analysis
2025-08-09 09:58:06,331 - music_tracker - INFO - Fetching yesterday's listening data...
2025-08-09 09:58:06,793 - music_tracker - INFO - Fetched 0 songs from database
2025-08-09 09:58:06,794 - music_tracker - WARNING - No songs found for yesterday
2025-08-09 09:58:06,795 - music_tracker - INFO - SpotiSpy completed successfully
2025-08-09 10:58:05,924 - music_tracker - INFO - SpotiSpy starting...
2025-08-09 10:58:05,925 - music_tracker - INFO - Starting daily SpotiSpy analysis
2025-08-09 10:58:05,925 - music_tracker - INFO - Fetching yesterday's listening data...
2025-08-09 10:58:06,246 - music_tracker - INFO - Fetched 0 songs from database
2025-08-09 10:58:06,247 - music_tracker - WARNING - No songs found for yesterday
2025-08-09 10:58:06,251 - music_tracker - INFO - SpotiSpy completed successfully
2025-08-09 11:58:06,375 - music_tracker - INFO - SpotiSpy starting...
2025-08-09 11:58:06,375 - music_tracker - INFO - Starting daily SpotiSpy analysis
2025-08-09 11:58:06,376 - music_tracker - INFO - Fetching yesterday's listening data...
2025-08-09 11:58:06,706 - music_tracker - INFO - Fetched 0 songs from database
2025-08-09 11:58:06,712 - music_tracker - WARNING - No songs found for yesterday
2025-08-09 11:58:06,713 - music_tracker - INFO - SpotiSpy completed successfully
2025-08-09 12:58:06,835 - music_tracker - INFO - SpotiSpy starting...
2025-08-09 12:58:06,836 - music_tracker - INFO - Starting daily SpotiSpy analysis
2025-08-09 12:58:06,836 - music_tracker - INFO - Fetching yesterday's listening data...
2025-08-09 12:58:07,129 - music_tracker - INFO - Fetched 0 songs from database
2025-08-09 12:58:07,130 - music_tracker - WARNING - No songs found for yesterday
2025-08-09 12:58:07,134 - music_tracker - INFO - SpotiSpy completed successfully
2025-08-09 13:58:06,246 - music_tracker - INFO - SpotiSpy starting...
2025-08-09 13:58:06,247 - music_tracker - INFO - Starting daily SpotiSpy analysis
2025-08-09 13:58:06,247 - music_tracker - INFO - Fetching yesterday's listening data...
2025-08-09 13:58:06,583 - music_tracker - INFO - Fetched 0 songs from database
2025-08-09 13:58:06,585 - music_tracker - WARNING - No songs found for yesterday
2025-08-09 13:58:06,589 - music_tracker - INFO - SpotiSpy completed successfully
2025-08-09 14:58:06,718 - music_tracker - INFO - SpotiSpy starting...
2025-08-09 14:58:06,719 - music_tracker - INFO - Starting daily SpotiSpy analysis
2025-08-09 14:58:06,719 - music_tracker - INFO - Fetching yesterday's listening data...
2025-08-09 14:58:07,038 - music_tracker - INFO - Fetched 0 songs from database
2025-08-09 14:58:07,040 - music_tracker - WARNING - No songs found for yesterday
2025-08-09 14:58:07,041 - music_tracker - INFO - SpotiSpy completed successfully
2025-08-09 15:58:06,158 - music_tracker - INFO - SpotiSpy starting...
2025-08-09 15:58:06,158 - music_tracker - INFO - Starting daily SpotiSpy analysis
2025-08-09 15:58:06,159 - music_tracker - INFO - Fetching yesterday's listening data...
2025-08-09 15:58:06,500 - music_tracker - INFO - Fetched 0 songs from database
2025-08-09 15:58:06,502 - music_tracker - WARNING - No songs found for yesterday
2025-08-09 15:58:06,506 - music_tracker - INFO - SpotiSpy completed successfully
2025-08-09 16:58:06,628 - music_tracker - INFO - SpotiSpy starting...
2025-08-09 16:58:06,629 - music_tracker - INFO - Starting daily SpotiSpy analysis
2025-08-09 16:58:06,629 - music_tracker - INFO - Fetching yesterday's listening data...
2025-08-09 16:58:06,974 - music_tracker - INFO - Fetched 0 songs from database
2025-08-09 16:58:06,975 - music_tracker - WARNING - No songs found for yesterday
2025-08-09 16:58:06,980 - music_tracker - INFO - SpotiSpy completed successfully
2025-08-09 17:58:06,102 - music_tracker - INFO - SpotiSpy starting...
2025-08-09 17:58:06,103 - music_tracker - INFO - Starting daily SpotiSpy analysis
2025-08-09 17:58:06,103 - music_tracker - INFO - Fetching yesterday's listening data...
2025-08-09 17:58:06,457 - music_tracker - INFO - Fetched 0 songs from database
2025-08-09 17:58:06,459 - music_tracker - WARNING - No songs found for yesterday
2025-08-09 17:58:06,459 - music_tracker - INFO - SpotiSpy completed successfully
2025-08-09 18:58:06,575 - music_tracker - INFO - SpotiSpy starting...
2025-08-09 18:58:06,576 - music_tracker - INFO - Starting daily SpotiSpy analysis
2025-08-09 18:58:06,576 - music_tracker - INFO - Fetching yesterday's listening data...
2025-08-09 18:58:06,929 - music_tracker - INFO - Fetched 0 songs from database
2025-08-09 18:58:06,931 - music_tracker - WARNING - No songs found for yesterday
2025-08-09 18:58:06,932 - music_tracker - INFO - SpotiSpy completed successfully
2025-08-09 19:58:06,060 - music_tracker - INFO - SpotiSpy starting...
2025-08-09 19:58:06,061 - music_tracker - INFO - Starting daily SpotiSpy analysis
2025-08-09 19:58:06,061 - music_tracker - INFO - Fetching yesterday's listening data...
2025-08-09 19:58:06,399 - music_tracker - INFO - Fetched 0 songs from database
2025-08-09 19:58:06,406 - music_tracker - WARNING - No songs found for yesterday
2025-08-09 19:58:06,407 - music_tracker - INFO - SpotiSpy completed successfully
2025-08-09 20:58:06,527 - music_tracker - INFO - SpotiSpy starting...
2025-08-09 20:58:06,528 - music_tracker - INFO - Starting daily SpotiSpy analysis
2025-08-09 20:58:06,528 - music_tracker - INFO - Fetching yesterday's listening data...
2025-08-09 20:58:06,856 - music_tracker - INFO - Fetched 0 songs from database
2025-08-09 20:58:06,858 - music_tracker - WARNING - No songs found for yesterday
2025-08-09 20:58:06,858 - music_tracker - INFO - SpotiSpy completed successfully
2025-08-09 21:58:05,975 - music_tracker - INFO - SpotiSpy starting...
2025-08-09 21:58:05,976 - music_tracker - INFO - Starting daily SpotiSpy analysis
2025-08-09 21:58:05,976 - music_tracker - INFO - Fetching yesterday's listening data...
2025-08-09 21:58:06,317 - music_tracker - INFO - Fetched 0 songs from database
2025-08-09 21:58:06,319 - music_tracker - WARNING - No songs found for yesterday
2025-08-09 21:58:06,320 - music_tracker - INFO - SpotiSpy completed successfully
2025-08-09 22:58:06,627 - music_tracker - INFO - SpotiSpy starting...
2025-08-09 22:58:06,629 - music_tracker - INFO - Starting daily SpotiSpy analysis
2025-08-09 22:58:06,629 - music_tracker - INFO - Fetching yesterday's listening data...
2025-08-09 22:58:06,962 - music_tracker - INFO - Fetched 0 songs from database
2025-08-09 22:58:06,964 - music_tracker - WARNING - No songs found for yesterday
2025-08-09 22:58:06,964 - music_tracker - INFO - SpotiSpy completed successfully
2025-08-09 23:58:06,102 - music_tracker - INFO - SpotiSpy starting...
2025-08-09 23:58:06,103 - music_tracker - INFO - Starting daily SpotiSpy analysis
2025-08-09 23:58:06,103 - music_tracker - INFO - Fetching yesterday's listening data...
2025-08-09 23:58:06,450 - music_tracker - INFO - Fetched 0 songs from database
2025-08-09 23:58:06,452 - music_tracker - WARNING - No songs found for yesterday
2025-08-09 23:58:06,453 - music_tracker - INFO - SpotiSpy completed successfully
