2025-10-25 00:58:03,198 - music_tracker - INFO - SpotiSpy song collection starting...
2025-10-25 00:58:03,199 - music_tracker - INFO - Starting song collection (last 1 hours)
2025-10-25 00:58:03,199 - music_tracker - INFO - Fetching recent tracks from Spotify...
2025-10-25 00:58:03,563 - music_tracker - INFO - No recent songs found from Spotify
2025-10-25 00:58:03,565 - music_tracker - INFO - No new songs found from Spotify API
2025-10-25 00:58:03,566 - music_tracker - INFO - Song collection completed successfully
2025-10-25 01:58:03,490 - music_tracker - INFO - SpotiSpy song collection starting...
2025-10-25 01:58:03,490 - music_tracker - INFO - Starting song collection (last 1 hours)
2025-10-25 01:58:03,491 - music_tracker - INFO - Fetching recent tracks from Spotify...
2025-10-25 01:58:03,846 - music_tracker - INFO - No recent songs found from Spotify
2025-10-25 01:58:03,848 - music_tracker - INFO - No new songs found from Spotify API
2025-10-25 01:58:03,848 - music_tracker - INFO - Song collection completed successfully
2025-10-25 02:58:02,766 - music_tracker - INFO - SpotiSpy song collection starting...
2025-10-25 02:58:02,767 - music_tracker - INFO - Starting song collection (last 1 hours)
2025-10-25 02:58:02,767 - music_tracker - INFO - Fetching recent tracks from Spotify...
2025-10-25 02:58:03,139 - music_tracker - INFO - No recent songs found from Spotify
2025-10-25 02:58:03,141 - music_tracker - INFO - No new songs found from Spotify API
2025-10-25 02:58:03,142 - music_tracker - INFO - Song collection completed successfully
2025-10-25 03:58:03,074 - music_tracker - INFO - SpotiSpy song collection starting...
2025-10-25 03:58:03,075 - music_tracker - INFO - Starting song collection (last 1 hours)
2025-10-25 03:58:03,076 - music_tracker - INFO - Fetching recent tracks from Spotify...
2025-10-25 03:58:03,429 - music_tracker - INFO - No recent songs found from Spotify
2025-10-25 03:58:03,431 - music_tracker - INFO - No new songs found from Spotify API
2025-10-25 03:58:03,432 - music_tracker - INFO - Song collection completed successfully
2025-10-25 04:58:03,323 - music_tracker - INFO - SpotiSpy song collection starting...
2025-10-25 04:58:03,323 - music_tracker - INFO - Starting song collection (last 1 hours)
2025-10-25 04:58:03,324 - music_tracker - INFO - Fetching recent tracks from Spotify...
2025-10-25 04:58:03,693 - music_tracker - INFO - No recent songs found from Spotify
2025-10-25 04:58:03,695 - music_tracker - INFO - No new songs found from Spotify API
2025-10-25 04:58:03,695 - music_tracker - INFO - Song collection completed successfully
2025-10-25 05:58:03,589 - music_tracker - INFO - SpotiSpy song collection starting...
2025-10-25 05:58:03,590 - music_tracker - INFO - Starting song collection (last 1 hours)
2025-10-25 05:58:03,591 - music_tracker - INFO - Fetching recent tracks from Spotify...
2025-10-25 05:58:03,947 - music_tracker - INFO - No recent songs found from Spotify
2025-10-25 05:58:03,949 - music_tracker - INFO - No new songs found from Spotify API
2025-10-25 05:58:03,949 - music_tracker - INFO - Song collection completed successfully
2025-10-25 06:58:02,904 - music_tracker - INFO - SpotiSpy song collection starting...
2025-10-25 06:58:02,905 - music_tracker - INFO - Starting song collection (last 1 hours)
2025-10-25 06:58:02,906 - music_tracker - INFO - Fetching recent tracks from Spotify...
2025-10-25 06:58:03,264 - music_tracker - INFO - No recent songs found from Spotify
2025-10-25 06:58:03,267 - music_tracker - INFO - No new songs found from Spotify API
2025-10-25 06:58:03,267 - music_tracker - INFO - Song collection completed successfully
2025-10-25 07:58:03,160 - music_tracker - INFO - SpotiSpy song collection starting...
2025-10-25 07:58:03,161 - music_tracker - INFO - Starting song collection (last 1 hours)
2025-10-25 07:58:03,161 - music_tracker - INFO - Fetching recent tracks from Spotify...
2025-10-25 07:58:03,532 - music_tracker - INFO - No recent songs found from Spotify
2025-10-25 07:58:03,534 - music_tracker - INFO - No new songs found from Spotify API
2025-10-25 07:58:03,535 - music_tracker - INFO - Song collection completed successfully
2025-10-25 08:58:03,429 - music_tracker - INFO - SpotiSpy song collection starting...
2025-10-25 08:58:03,429 - music_tracker - INFO - Starting song collection (last 1 hours)
2025-10-25 08:58:03,430 - music_tracker - INFO - Fetching recent tracks from Spotify...
2025-10-25 08:58:03,834 - music_tracker - INFO - No recent songs found from Spotify
2025-10-25 08:58:03,836 - music_tracker - INFO - No new songs found from Spotify API
2025-10-25 08:58:03,837 - music_tracker - INFO - Song collection completed successfully
2025-10-25 09:00:22,687 - music_tracker - INFO - SpotiSpy starting...
2025-10-25 09:00:22,688 - music_tracker - INFO - Starting daily SpotiSpy analysis
2025-10-25 09:00:22,693 - music_tracker - INFO - Fetching yesterday's listening data...
2025-10-25 09:00:24,431 - music_tracker - INFO - Fetched 122 songs from database
2025-10-25 09:00:24,434 - music_tracker - INFO - Found 122 songs to analyze
2025-10-25 09:00:24,435 - music_tracker - INFO - Running analysis...
2025-10-25 09:00:24,449 - music_tracker - INFO - Sending daily summary to Slack...
2025-10-25 09:00:30,455 - music_tracker - INFO - Message sent successfully to Slack
2025-10-25 09:00:30,456 - music_tracker - INFO - Daily analysis completed successfully!
2025-10-25 09:00:30,457 - music_tracker - INFO - SpotiSpy completed successfully
2025-10-25 09:58:04,342 - music_tracker - INFO - SpotiSpy song collection starting...
2025-10-25 09:58:04,349 - music_tracker - INFO - Starting song collection (last 1 hours)
2025-10-25 09:58:04,350 - music_tracker - INFO - Fetching recent tracks from Spotify...
2025-10-25 09:58:04,742 - music_tracker - INFO - No recent songs found from Spotify
2025-10-25 09:58:04,744 - music_tracker - INFO - No new songs found from Spotify API
2025-10-25 09:58:04,745 - music_tracker - INFO - Song collection completed successfully
2025-10-25 10:58:02,646 - music_tracker - INFO - SpotiSpy song collection starting...
2025-10-25 10:58:02,647 - music_tracker - INFO - Starting song collection (last 1 hours)
2025-10-25 10:58:02,648 - music_tracker - INFO - Fetching recent tracks from Spotify...
2025-10-25 10:58:03,018 - music_tracker - INFO - No recent songs found from Spotify
2025-10-25 10:58:03,020 - music_tracker - INFO - No new songs found from Spotify API
2025-10-25 10:58:03,020 - music_tracker - INFO - Song collection completed successfully
2025-10-25 11:58:02,894 - music_tracker - INFO - SpotiSpy song collection starting...
2025-10-25 11:58:02,894 - music_tracker - INFO - Starting song collection (last 1 hours)
2025-10-25 11:58:02,895 - music_tracker - INFO - Fetching recent tracks from Spotify...
2025-10-25 11:58:03,498 - music_tracker - INFO - Fetched 7 songs from Spotify
2025-10-25 11:58:03,501 - music_tracker - INFO - Found 7 songs from Spotify API
2025-10-25 11:58:03,502 - music_tracker - INFO - Checking for duplicates in database...
2025-10-25 11:58:04,905 - music_tracker - INFO - Found 7 new songs out of 7 total
2025-10-25 11:58:04,907 - music_tracker - INFO - Found 7 new songs to save
2025-10-25 11:58:04,908 - music_tracker - INFO - Saving songs to database...
2025-10-25 11:58:05,212 - music_tracker - INFO - Successfully saved 7 songs to database
2025-10-25 11:58:05,214 - music_tracker - INFO - Successfully saved 7 songs to database
2025-10-25 11:58:05,215 - music_tracker - INFO - Song collection completed successfully
2025-10-25 12:58:03,128 - music_tracker - INFO - SpotiSpy song collection starting...
2025-10-25 12:58:03,129 - music_tracker - INFO - Starting song collection (last 1 hours)
2025-10-25 12:58:03,129 - music_tracker - INFO - Fetching recent tracks from Spotify...
2025-10-25 12:58:03,585 - music_tracker - INFO - Fetched 2 songs from Spotify
2025-10-25 12:58:03,588 - music_tracker - INFO - Found 2 songs from Spotify API
2025-10-25 12:58:03,588 - music_tracker - INFO - Checking for duplicates in database...
2025-10-25 12:58:04,867 - music_tracker - INFO - Found 2 new songs out of 2 total
2025-10-25 12:58:04,870 - music_tracker - INFO - Found 2 new songs to save
2025-10-25 12:58:04,871 - music_tracker - INFO - Saving songs to database...
2025-10-25 12:58:05,150 - music_tracker - INFO - Successfully saved 2 songs to database
2025-10-25 12:58:05,152 - music_tracker - INFO - Successfully saved 2 songs to database
2025-10-25 12:58:05,152 - music_tracker - INFO - Song collection completed successfully
2025-10-25 13:58:03,072 - music_tracker - INFO - SpotiSpy song collection starting...
2025-10-25 13:58:03,073 - music_tracker - INFO - Starting song collection (last 1 hours)
2025-10-25 13:58:03,074 - music_tracker - INFO - Fetching recent tracks from Spotify...
2025-10-25 13:58:03,442 - music_tracker - INFO - No recent songs found from Spotify
2025-10-25 13:58:03,444 - music_tracker - INFO - No new songs found from Spotify API
2025-10-25 13:58:03,445 - music_tracker - INFO - Song collection completed successfully
2025-10-25 14:58:03,327 - music_tracker - INFO - SpotiSpy song collection starting...
2025-10-25 14:58:03,327 - music_tracker - INFO - Starting song collection (last 1 hours)
2025-10-25 14:58:03,328 - music_tracker - INFO - Fetching recent tracks from Spotify...
2025-10-25 14:58:03,742 - music_tracker - INFO - No recent songs found from Spotify
2025-10-25 14:58:03,744 - music_tracker - INFO - No new songs found from Spotify API
2025-10-25 14:58:03,745 - music_tracker - INFO - Song collection completed successfully
2025-10-25 15:58:02,611 - music_tracker - INFO - SpotiSpy song collection starting...
2025-10-25 15:58:02,612 - music_tracker - INFO - Starting song collection (last 1 hours)
2025-10-25 15:58:02,613 - music_tracker - INFO - Fetching recent tracks from Spotify...
2025-10-25 15:58:02,967 - music_tracker - INFO - No recent songs found from Spotify
2025-10-25 15:58:02,969 - music_tracker - INFO - No new songs found from Spotify API
2025-10-25 15:58:02,970 - music_tracker - INFO - Song collection completed successfully
2025-10-25 16:58:02,860 - music_tracker - INFO - SpotiSpy song collection starting...
2025-10-25 16:58:02,860 - music_tracker - INFO - Starting song collection (last 1 hours)
2025-10-25 16:58:02,861 - music_tracker - INFO - Fetching recent tracks from Spotify...
2025-10-25 16:58:03,224 - music_tracker - INFO - No recent songs found from Spotify
2025-10-25 16:58:03,226 - music_tracker - INFO - No new songs found from Spotify API
2025-10-25 16:58:03,227 - music_tracker - INFO - Song collection completed successfully
2025-10-25 17:58:03,124 - music_tracker - INFO - SpotiSpy song collection starting...
2025-10-25 17:58:03,125 - music_tracker - INFO - Starting song collection (last 1 hours)
2025-10-25 17:58:03,125 - music_tracker - INFO - Fetching recent tracks from Spotify...
2025-10-25 17:58:03,463 - music_tracker - INFO - No recent songs found from Spotify
2025-10-25 17:58:03,465 - music_tracker - INFO - No new songs found from Spotify API
2025-10-25 17:58:03,465 - music_tracker - INFO - Song collection completed successfully
2025-10-25 18:58:03,347 - music_tracker - INFO - SpotiSpy song collection starting...
2025-10-25 18:58:03,347 - music_tracker - INFO - Starting song collection (last 1 hours)
2025-10-25 18:58:03,348 - music_tracker - INFO - Fetching recent tracks from Spotify...
2025-10-25 18:58:03,516 - music_tracker - ERROR - Error fetching from Spotify: error: <html>
<head><title>502 Bad Gateway</title></head>
<body>
<center><h1>502 Bad Gateway</h1></center>
<hr><center>openresty</center>
</body>
</html>
, error_description: None
2025-10-25 18:58:03,518 - music_tracker - INFO - No new songs found from Spotify API
2025-10-25 18:58:03,519 - music_tracker - INFO - Song collection completed successfully
2025-10-25 19:58:03,409 - music_tracker - INFO - SpotiSpy song collection starting...
2025-10-25 19:58:03,409 - music_tracker - INFO - Starting song collection (last 1 hours)
2025-10-25 19:58:03,410 - music_tracker - INFO - Fetching recent tracks from Spotify...
2025-10-25 19:58:03,778 - music_tracker - INFO - No recent songs found from Spotify
2025-10-25 19:58:03,781 - music_tracker - INFO - No new songs found from Spotify API
2025-10-25 19:58:03,781 - music_tracker - INFO - Song collection completed successfully
2025-10-25 20:58:02,674 - music_tracker - INFO - SpotiSpy song collection starting...
2025-10-25 20:58:02,675 - music_tracker - INFO - Starting song collection (last 1 hours)
2025-10-25 20:58:02,675 - music_tracker - INFO - Fetching recent tracks from Spotify...
2025-10-25 20:58:03,077 - music_tracker - INFO - No recent songs found from Spotify
2025-10-25 20:58:03,079 - music_tracker - INFO - No new songs found from Spotify API
2025-10-25 20:58:03,080 - music_tracker - INFO - Song collection completed successfully
2025-10-25 21:58:02,978 - music_tracker - INFO - SpotiSpy song collection starting...
2025-10-25 21:58:02,978 - music_tracker - INFO - Starting song collection (last 1 hours)
2025-10-25 21:58:02,979 - music_tracker - INFO - Fetching recent tracks from Spotify...
2025-10-25 21:58:03,412 - music_tracker - INFO - No recent songs found from Spotify
2025-10-25 21:58:03,414 - music_tracker - INFO - No new songs found from Spotify API
2025-10-25 21:58:03,414 - music_tracker - INFO - Song collection completed successfully
2025-10-25 22:58:03,309 - music_tracker - INFO - SpotiSpy song collection starting...
2025-10-25 22:58:03,310 - music_tracker - INFO - Starting song collection (last 1 hours)
2025-10-25 22:58:03,311 - music_tracker - INFO - Fetching recent tracks from Spotify...
2025-10-25 22:58:03,884 - music_tracker - INFO - No recent songs found from Spotify
2025-10-25 22:58:03,886 - music_tracker - INFO - No new songs found from Spotify API
2025-10-25 22:58:03,887 - music_tracker - INFO - Song collection completed successfully
2025-10-25 23:58:02,787 - music_tracker - INFO - SpotiSpy song collection starting...
2025-10-25 23:58:02,787 - music_tracker - INFO - Starting song collection (last 1 hours)
2025-10-25 23:58:02,788 - music_tracker - INFO - Fetching recent tracks from Spotify...
2025-10-25 23:58:03,498 - music_tracker - INFO - No recent songs found from Spotify
2025-10-25 23:58:03,500 - music_tracker - INFO - No new songs found from Spotify API
2025-10-25 23:58:03,501 - music_tracker - INFO - Song collection completed successfully
