2025-06-17 00:58:07,222 - music_tracker - INFO - Zero songs listened to
2025-06-17 00:58:07,223 - music_tracker - INFO - No songs uploaded.
2025-06-17 01:58:06,980 - music_tracker - INFO - Zero songs listened to
2025-06-17 01:58:06,981 - music_tracker - INFO - No songs uploaded.
2025-06-17 02:58:06,677 - music_tracker - INFO - Zero songs listened to
2025-06-17 02:58:06,677 - music_tracker - INFO - No songs uploaded.
2025-06-17 03:58:07,425 - music_tracker - INFO - Zero songs listened to
2025-06-17 03:58:07,426 - music_tracker - INFO - No songs uploaded.
2025-06-17 04:58:07,143 - music_tracker - INFO - Zero songs listened to
2025-06-17 04:58:07,143 - music_tracker - INFO - No songs uploaded.
2025-06-17 05:58:06,866 - music_tracker - INFO - Zero songs listened to
2025-06-17 05:58:06,867 - music_tracker - INFO - No songs uploaded.
2025-06-17 06:58:06,718 - music_tracker - INFO - Zero songs listened to
2025-06-17 06:58:06,719 - music_tracker - INFO - No songs uploaded.
2025-06-17 07:58:06,448 - music_tracker - INFO - Zero songs listened to
2025-06-17 07:58:06,448 - music_tracker - INFO - No songs uploaded.
2025-06-17 08:58:07,201 - music_tracker - INFO - Zero songs listened to
2025-06-17 08:58:07,202 - music_tracker - INFO - No songs uploaded.
2025-06-17 09:00:11,640 - music_tracker - INFO - Starting music tracker analysis
2025-06-17 09:00:11,641 - music_tracker - INFO - Fetching data
2025-06-17 09:00:12,457 - music_tracker - INFO - Fetched 82 recent songs
2025-06-17 09:00:12,465 - music_tracker - INFO - Running top listens analysis
2025-06-17 09:00:12,465 - music_tracker - INFO - Calculating top songs listens
2025-06-17 09:00:12,466 - music_tracker - INFO - Sending message with top 3 songs
2025-06-17 09:00:13,367 - music_tracker - INFO - Message successfully sent!
2025-06-17 09:00:13,368 - music_tracker - INFO - Calculating top albums listens
2025-06-17 09:00:13,368 - music_tracker - INFO - Sending message with top 3 albums
2025-06-17 09:00:14,298 - music_tracker - INFO - Message successfully sent!
2025-06-17 09:00:14,299 - music_tracker - INFO - Calculating top artists listens
2025-06-17 09:00:14,299 - music_tracker - INFO - Sending message with top 3 artists
2025-06-17 09:00:14,951 - music_tracker - INFO - Message successfully sent!
2025-06-17 09:00:14,951 - music_tracker - INFO - Running popularity and listening hours analysis
2025-06-17 09:00:14,952 - music_tracker - INFO - Finding most popular track
2025-06-17 09:00:14,952 - music_tracker - INFO - Most popular song found: squabble up with score 88
2025-06-17 09:00:15,586 - music_tracker - INFO - Message successfully sent!
2025-06-17 09:00:15,587 - music_tracker - INFO - Calculating most listened hour
2025-06-17 09:00:15,587 - music_tracker - INFO - Most listened hour: 15:00 with 105:54
2025-06-17 09:00:16,279 - music_tracker - INFO - Message successfully sent!
2025-06-17 09:00:16,280 - music_tracker - INFO - Analysis completed successfully

2025-06-17 09:58:06,994 - music_tracker - INFO - Zero songs listened to
2025-06-17 09:58:06,995 - music_tracker - INFO - No songs uploaded.
2025-06-17 10:58:06,733 - music_tracker - INFO - Zero songs listened to
2025-06-17 10:58:06,734 - music_tracker - INFO - No songs uploaded.
2025-06-17 11:58:08,018 - music_tracker - INFO -   Supabase error: Status 400, {"code":"22007","details":null,"hint":null,"message":"invalid input syntax for type date: \"1981\""}
2025-06-17 11:58:08,020 - music_tracker - INFO - No songs uploaded.
2025-06-17 12:58:09,380 - music_tracker - INFO -   Supabase error: Status 400, {"code":"22007","details":null,"hint":null,"message":"invalid input syntax for type date: \"1985\""}
2025-06-17 12:58:09,382 - music_tracker - INFO - No songs uploaded.
2025-06-17 13:58:07,133 - music_tracker - INFO - Zero songs listened to
2025-06-17 13:58:07,133 - music_tracker - INFO - No songs uploaded.
2025-06-17 14:58:07,972 - music_tracker - INFO - Uploading 3 songs
2025-06-17 15:58:06,722 - music_tracker - INFO - Zero songs listened to
2025-06-17 15:58:06,723 - music_tracker - INFO - No songs uploaded.
2025-06-17 16:58:06,426 - music_tracker - INFO - Zero songs listened to
2025-06-17 16:58:06,427 - music_tracker - INFO - No songs uploaded.
2025-06-17 17:58:07,153 - music_tracker - INFO - Zero songs listened to
2025-06-17 17:58:07,154 - music_tracker - INFO - No songs uploaded.
2025-06-17 18:58:06,894 - music_tracker - INFO - Zero songs listened to
2025-06-17 18:58:06,895 - music_tracker - INFO - No songs uploaded.
2025-06-17 19:58:06,626 - music_tracker - INFO - Zero songs listened to
2025-06-17 19:58:06,627 - music_tracker - INFO - No songs uploaded.
2025-06-17 20:58:12,387 - music_tracker - INFO - Zero songs listened to
2025-06-17 20:58:12,388 - music_tracker - INFO - No songs uploaded.
2025-06-17 21:58:07,166 - music_tracker - INFO - Zero songs listened to
2025-06-17 21:58:07,167 - music_tracker - INFO - No songs uploaded.
2025-06-17 22:58:06,996 - music_tracker - INFO - Zero songs listened to
2025-06-17 22:58:06,998 - music_tracker - INFO - No songs uploaded.
2025-06-17 23:58:06,727 - music_tracker - INFO - Zero songs listened to
2025-06-17 23:58:06,728 - music_tracker - INFO - No songs uploaded.
