2025-09-07 00:58:03,557 - music_tracker - INFO - SpotiSpy song collection starting...
2025-09-07 00:58:03,558 - music_tracker - INFO - Starting song collection (last 1 hours)
2025-09-07 00:58:03,559 - music_tracker - INFO - Fetching recent tracks from Spotify...
2025-09-07 00:58:03,972 - music_tracker - INFO - No recent songs found from Spotify
2025-09-07 00:58:03,974 - music_tracker - INFO - No new songs found from Spotify API
2025-09-07 00:58:03,975 - music_tracker - INFO - Song collection completed successfully
2025-09-07 01:58:02,911 - music_tracker - INFO - SpotiSpy song collection starting...
2025-09-07 01:58:02,912 - music_tracker - INFO - Starting song collection (last 1 hours)
2025-09-07 01:58:02,912 - music_tracker - INFO - Fetching recent tracks from Spotify...
2025-09-07 01:58:03,291 - music_tracker - INFO - No recent songs found from Spotify
2025-09-07 01:58:03,293 - music_tracker - INFO - No new songs found from Spotify API
2025-09-07 01:58:03,294 - music_tracker - INFO - Song collection completed successfully
2025-09-07 02:58:03,100 - music_tracker - INFO - SpotiSpy song collection starting...
2025-09-07 02:58:03,101 - music_tracker - INFO - Starting song collection (last 1 hours)
2025-09-07 02:58:03,102 - music_tracker - INFO - Fetching recent tracks from Spotify...
2025-09-07 02:58:03,464 - music_tracker - INFO - No recent songs found from Spotify
2025-09-07 02:58:03,466 - music_tracker - INFO - No new songs found from Spotify API
2025-09-07 02:58:03,467 - music_tracker - INFO - Song collection completed successfully
2025-09-07 03:58:04,100 - music_tracker - INFO - SpotiSpy song collection starting...
2025-09-07 03:58:04,100 - music_tracker - INFO - Starting song collection (last 1 hours)
2025-09-07 03:58:04,101 - music_tracker - INFO - Fetching recent tracks from Spotify...
2025-09-07 03:58:04,456 - music_tracker - INFO - No recent songs found from Spotify
2025-09-07 03:58:04,458 - music_tracker - INFO - No new songs found from Spotify API
2025-09-07 03:58:04,459 - music_tracker - INFO - Song collection completed successfully
2025-09-07 04:58:03,355 - music_tracker - INFO - SpotiSpy song collection starting...
2025-09-07 04:58:03,356 - music_tracker - INFO - Starting song collection (last 1 hours)
2025-09-07 04:58:03,357 - music_tracker - INFO - Fetching recent tracks from Spotify...
2025-09-07 04:58:03,702 - music_tracker - INFO - No recent songs found from Spotify
2025-09-07 04:58:03,704 - music_tracker - INFO - No new songs found from Spotify API
2025-09-07 04:58:03,704 - music_tracker - INFO - Song collection completed successfully
2025-09-07 05:58:03,593 - music_tracker - INFO - SpotiSpy song collection starting...
2025-09-07 05:58:03,593 - music_tracker - INFO - Starting song collection (last 1 hours)
2025-09-07 05:58:03,594 - music_tracker - INFO - Fetching recent tracks from Spotify...
2025-09-07 05:58:03,948 - music_tracker - INFO - No recent songs found from Spotify
2025-09-07 05:58:03,950 - music_tracker - INFO - No new songs found from Spotify API
2025-09-07 05:58:03,950 - music_tracker - INFO - Song collection completed successfully
2025-09-07 06:58:02,931 - music_tracker - INFO - SpotiSpy song collection starting...
2025-09-07 06:58:02,932 - music_tracker - INFO - Starting song collection (last 1 hours)
2025-09-07 06:58:02,932 - music_tracker - INFO - Fetching recent tracks from Spotify...
2025-09-07 06:58:03,299 - music_tracker - INFO - No recent songs found from Spotify
2025-09-07 06:58:03,302 - music_tracker - INFO - No new songs found from Spotify API
2025-09-07 06:58:03,302 - music_tracker - INFO - Song collection completed successfully
2025-09-07 07:58:03,209 - music_tracker - INFO - SpotiSpy song collection starting...
2025-09-07 07:58:03,209 - music_tracker - INFO - Starting song collection (last 1 hours)
2025-09-07 07:58:03,210 - music_tracker - INFO - Fetching recent tracks from Spotify...
2025-09-07 07:58:03,580 - music_tracker - INFO - No recent songs found from Spotify
2025-09-07 07:58:03,582 - music_tracker - INFO - No new songs found from Spotify API
2025-09-07 07:58:03,582 - music_tracker - INFO - Song collection completed successfully
2025-09-07 08:58:03,497 - music_tracker - INFO - SpotiSpy song collection starting...
2025-09-07 08:58:03,498 - music_tracker - INFO - Starting song collection (last 1 hours)
2025-09-07 08:58:03,499 - music_tracker - INFO - Fetching recent tracks from Spotify...
2025-09-07 08:58:03,877 - music_tracker - INFO - No recent songs found from Spotify
2025-09-07 08:58:03,879 - music_tracker - INFO - No new songs found from Spotify API
2025-09-07 08:58:03,880 - music_tracker - INFO - Song collection completed successfully
2025-09-07 09:00:12,891 - music_tracker - INFO - SpotiSpy starting...
2025-09-07 09:00:12,892 - music_tracker - INFO - Starting daily SpotiSpy analysis
2025-09-07 09:00:12,892 - music_tracker - INFO - Fetching yesterday's listening data...
2025-09-07 09:00:13,432 - music_tracker - INFO - Fetched 27 songs from database
2025-09-07 09:00:13,434 - music_tracker - INFO - Found 27 songs to analyze
2025-09-07 09:00:13,435 - music_tracker - INFO - Running analysis...
2025-09-07 09:00:13,438 - music_tracker - INFO - Sending daily summary to Slack...
2025-09-07 09:00:14,252 - music_tracker - INFO - Message sent successfully to Slack
2025-09-07 09:00:14,253 - music_tracker - INFO - Daily analysis completed successfully!
2025-09-07 09:00:14,253 - music_tracker - INFO - Running weekly summary...
2025-09-07 09:00:14,253 - music_tracker - INFO - Generating weekly summary...
2025-09-07 09:00:14,257 - music_tracker - INFO - Starting comprehensive weekly analysis
2025-09-07 09:00:14,620 - music_tracker - INFO - Fetched 0 songs for date 2025-09-07
2025-09-07 09:00:14,622 - music_tracker - INFO - Date 2025-09-07: 0 songs
2025-09-07 09:00:15,009 - music_tracker - INFO - Fetched 96 songs for date 2025-09-06
2025-09-07 09:00:15,011 - music_tracker - INFO - Date 2025-09-06: 96 songs
2025-09-07 09:00:15,341 - music_tracker - INFO - Fetched 139 songs for date 2025-09-05
2025-09-07 09:00:15,343 - music_tracker - INFO - Date 2025-09-05: 139 songs
2025-09-07 09:00:15,689 - music_tracker - INFO - Fetched 119 songs for date 2025-09-04
2025-09-07 09:00:15,691 - music_tracker - INFO - Date 2025-09-04: 119 songs
2025-09-07 09:00:15,934 - music_tracker - INFO - Fetched 101 songs for date 2025-09-03
2025-09-07 09:00:15,937 - music_tracker - INFO - Date 2025-09-03: 101 songs
2025-09-07 09:00:16,193 - music_tracker - INFO - Fetched 76 songs for date 2025-09-02
2025-09-07 09:00:16,195 - music_tracker - INFO - Date 2025-09-02: 76 songs
2025-09-07 09:00:16,490 - music_tracker - INFO - Fetched 12 songs for date 2025-09-01
2025-09-07 09:00:16,492 - music_tracker - INFO - Date 2025-09-01: 12 songs
2025-09-07 09:00:17,291 - music_tracker - INFO - Message sent successfully to Slack
2025-09-07 09:00:17,292 - music_tracker - INFO - SpotiSpy completed successfully
2025-09-07 09:58:03,328 - music_tracker - INFO - SpotiSpy song collection starting...
2025-09-07 09:58:03,329 - music_tracker - INFO - Starting song collection (last 1 hours)
2025-09-07 09:58:03,330 - music_tracker - INFO - Fetching recent tracks from Spotify...
2025-09-07 09:58:08,715 - music_tracker - INFO - No recent songs found from Spotify
2025-09-07 09:58:08,718 - music_tracker - INFO - No new songs found from Spotify API
2025-09-07 09:58:08,719 - music_tracker - INFO - Song collection completed successfully
2025-09-07 10:58:02,637 - music_tracker - INFO - SpotiSpy song collection starting...
2025-09-07 10:58:02,637 - music_tracker - INFO - Starting song collection (last 1 hours)
2025-09-07 10:58:02,638 - music_tracker - INFO - Fetching recent tracks from Spotify...
2025-09-07 10:58:02,997 - music_tracker - INFO - No recent songs found from Spotify
2025-09-07 10:58:03,000 - music_tracker - INFO - No new songs found from Spotify API
2025-09-07 10:58:03,000 - music_tracker - INFO - Song collection completed successfully
2025-09-07 11:58:02,911 - music_tracker - INFO - SpotiSpy song collection starting...
2025-09-07 11:58:02,912 - music_tracker - INFO - Starting song collection (last 1 hours)
2025-09-07 11:58:02,912 - music_tracker - INFO - Fetching recent tracks from Spotify...
2025-09-07 11:58:03,336 - music_tracker - INFO - Fetched 4 songs from Spotify
2025-09-07 11:58:03,338 - music_tracker - INFO - Found 4 songs from Spotify API
2025-09-07 11:58:03,339 - music_tracker - INFO - Checking for duplicates in database...
2025-09-07 11:58:04,643 - music_tracker - INFO - Found 4 new songs out of 4 total
2025-09-07 11:58:04,646 - music_tracker - INFO - Found 4 new songs to save
2025-09-07 11:58:04,646 - music_tracker - INFO - Saving songs to database...
2025-09-07 11:58:05,036 - music_tracker - INFO - Successfully saved 4 songs to database
2025-09-07 11:58:05,038 - music_tracker - INFO - Successfully saved 4 songs to database
2025-09-07 11:58:05,039 - music_tracker - INFO - Song collection completed successfully
2025-09-07 12:58:02,953 - music_tracker - INFO - SpotiSpy song collection starting...
2025-09-07 12:58:02,954 - music_tracker - INFO - Starting song collection (last 1 hours)
2025-09-07 12:58:02,954 - music_tracker - INFO - Fetching recent tracks from Spotify...
2025-09-07 12:58:03,488 - music_tracker - INFO - Fetched 9 songs from Spotify
2025-09-07 12:58:03,490 - music_tracker - INFO - Found 9 songs from Spotify API
2025-09-07 12:58:03,491 - music_tracker - INFO - Checking for duplicates in database...
2025-09-07 12:58:04,342 - music_tracker - INFO - Found 9 new songs out of 9 total
2025-09-07 12:58:04,345 - music_tracker - INFO - Found 9 new songs to save
2025-09-07 12:58:04,346 - music_tracker - INFO - Saving songs to database...
2025-09-07 12:58:04,708 - music_tracker - INFO - Successfully saved 9 songs to database
2025-09-07 12:58:04,710 - music_tracker - INFO - Successfully saved 9 songs to database
2025-09-07 12:58:04,711 - music_tracker - INFO - Song collection completed successfully
2025-09-07 13:58:02,642 - music_tracker - INFO - SpotiSpy song collection starting...
2025-09-07 13:58:02,643 - music_tracker - INFO - Starting song collection (last 1 hours)
2025-09-07 13:58:02,643 - music_tracker - INFO - Fetching recent tracks from Spotify...
2025-09-07 13:58:03,075 - music_tracker - INFO - Fetched 1 songs from Spotify
2025-09-07 13:58:03,077 - music_tracker - INFO - Found 1 songs from Spotify API
2025-09-07 13:58:03,078 - music_tracker - INFO - Checking for duplicates in database...
2025-09-07 13:58:04,257 - music_tracker - INFO - Found 1 new songs out of 1 total
2025-09-07 13:58:04,259 - music_tracker - INFO - Found 1 new songs to save
2025-09-07 13:58:04,260 - music_tracker - INFO - Saving songs to database...
2025-09-07 13:58:04,643 - music_tracker - INFO - Successfully saved 1 songs to database
2025-09-07 13:58:04,645 - music_tracker - INFO - Successfully saved 1 songs to database
2025-09-07 13:58:04,645 - music_tracker - INFO - Song collection completed successfully
2025-09-07 14:58:04,848 - music_tracker - INFO - SpotiSpy song collection starting...
2025-09-07 14:58:04,849 - music_tracker - INFO - Starting song collection (last 1 hours)
2025-09-07 14:58:04,850 - music_tracker - INFO - Fetching recent tracks from Spotify...
2025-09-07 14:58:05,315 - music_tracker - INFO - No recent songs found from Spotify
2025-09-07 14:58:05,318 - music_tracker - INFO - No new songs found from Spotify API
2025-09-07 14:58:05,318 - music_tracker - INFO - Song collection completed successfully
2025-09-07 15:58:03,259 - music_tracker - INFO - SpotiSpy song collection starting...
2025-09-07 15:58:03,260 - music_tracker - INFO - Starting song collection (last 1 hours)
2025-09-07 15:58:03,260 - music_tracker - INFO - Fetching recent tracks from Spotify...
2025-09-07 15:58:03,611 - music_tracker - INFO - No recent songs found from Spotify
2025-09-07 15:58:03,613 - music_tracker - INFO - No new songs found from Spotify API
2025-09-07 15:58:03,613 - music_tracker - INFO - Song collection completed successfully
2025-09-07 16:58:03,511 - music_tracker - INFO - SpotiSpy song collection starting...
2025-09-07 16:58:03,511 - music_tracker - INFO - Starting song collection (last 1 hours)
2025-09-07 16:58:03,512 - music_tracker - INFO - Fetching recent tracks from Spotify...
2025-09-07 16:58:03,931 - music_tracker - INFO - Fetched 1 songs from Spotify
2025-09-07 16:58:03,933 - music_tracker - INFO - Found 1 songs from Spotify API
2025-09-07 16:58:03,934 - music_tracker - INFO - Checking for duplicates in database...
2025-09-07 16:58:04,801 - music_tracker - INFO - Found 1 new songs out of 1 total
2025-09-07 16:58:04,803 - music_tracker - INFO - Found 1 new songs to save
2025-09-07 16:58:04,804 - music_tracker - INFO - Saving songs to database...
2025-09-07 16:58:05,111 - music_tracker - INFO - Successfully saved 1 songs to database
2025-09-07 16:58:05,113 - music_tracker - INFO - Successfully saved 1 songs to database
2025-09-07 16:58:05,114 - music_tracker - INFO - Song collection completed successfully
2025-09-07 17:58:02,998 - music_tracker - INFO - SpotiSpy song collection starting...
2025-09-07 17:58:02,999 - music_tracker - INFO - Starting song collection (last 1 hours)
2025-09-07 17:58:03,000 - music_tracker - INFO - Fetching recent tracks from Spotify...
2025-09-07 17:58:03,350 - music_tracker - INFO - No recent songs found from Spotify
2025-09-07 17:58:03,353 - music_tracker - INFO - No new songs found from Spotify API
2025-09-07 17:58:03,353 - music_tracker - INFO - Song collection completed successfully
2025-09-07 18:58:03,246 - music_tracker - INFO - SpotiSpy song collection starting...
2025-09-07 18:58:03,247 - music_tracker - INFO - Starting song collection (last 1 hours)
2025-09-07 18:58:03,248 - music_tracker - INFO - Fetching recent tracks from Spotify...
2025-09-07 18:58:03,631 - music_tracker - INFO - No recent songs found from Spotify
2025-09-07 18:58:03,633 - music_tracker - INFO - No new songs found from Spotify API
2025-09-07 18:58:03,633 - music_tracker - INFO - Song collection completed successfully
2025-09-07 19:58:03,535 - music_tracker - INFO - SpotiSpy song collection starting...
2025-09-07 19:58:03,536 - music_tracker - INFO - Starting song collection (last 1 hours)
2025-09-07 19:58:03,536 - music_tracker - INFO - Fetching recent tracks from Spotify...
2025-09-07 19:58:03,898 - music_tracker - INFO - No recent songs found from Spotify
2025-09-07 19:58:03,900 - music_tracker - INFO - No new songs found from Spotify API
2025-09-07 19:58:03,900 - music_tracker - INFO - Song collection completed successfully
2025-09-07 20:58:02,796 - music_tracker - INFO - SpotiSpy song collection starting...
2025-09-07 20:58:02,796 - music_tracker - INFO - Starting song collection (last 1 hours)
2025-09-07 20:58:02,797 - music_tracker - INFO - Fetching recent tracks from Spotify...
2025-09-07 20:58:03,191 - music_tracker - INFO - No recent songs found from Spotify
2025-09-07 20:58:03,193 - music_tracker - INFO - No new songs found from Spotify API
2025-09-07 20:58:03,193 - music_tracker - INFO - Song collection completed successfully
2025-09-07 21:58:03,133 - music_tracker - INFO - SpotiSpy song collection starting...
2025-09-07 21:58:03,134 - music_tracker - INFO - Starting song collection (last 1 hours)
2025-09-07 21:58:03,135 - music_tracker - INFO - Fetching recent tracks from Spotify...
2025-09-07 21:58:03,529 - music_tracker - INFO - No recent songs found from Spotify
2025-09-07 21:58:03,531 - music_tracker - INFO - No new songs found from Spotify API
2025-09-07 21:58:03,531 - music_tracker - INFO - Song collection completed successfully
2025-09-07 22:58:03,421 - music_tracker - INFO - SpotiSpy song collection starting...
2025-09-07 22:58:03,422 - music_tracker - INFO - Starting song collection (last 1 hours)
2025-09-07 22:58:03,422 - music_tracker - INFO - Fetching recent tracks from Spotify...
2025-09-07 22:58:03,776 - music_tracker - INFO - No recent songs found from Spotify
2025-09-07 22:58:03,778 - music_tracker - INFO - No new songs found from Spotify API
2025-09-07 22:58:03,778 - music_tracker - INFO - Song collection completed successfully
2025-09-07 23:58:02,679 - music_tracker - INFO - SpotiSpy song collection starting...
2025-09-07 23:58:02,680 - music_tracker - INFO - Starting song collection (last 1 hours)
2025-09-07 23:58:02,681 - music_tracker - INFO - Fetching recent tracks from Spotify...
2025-09-07 23:58:03,066 - music_tracker - INFO - No recent songs found from Spotify
2025-09-07 23:58:03,068 - music_tracker - INFO - No new songs found from Spotify API
2025-09-07 23:58:03,068 - music_tracker - INFO - Song collection completed successfully
