2025-12-18 00:58:03,145 - music_tracker - INFO - SpotiSpy song collection starting...
2025-12-18 00:58:03,145 - music_tracker - INFO - Starting song collection (last 1 hours)
2025-12-18 00:58:03,146 - music_tracker - INFO - Fetching recent tracks from Spotify...
2025-12-18 00:58:03,487 - music_tracker - INFO - No recent songs found from Spotify
2025-12-18 00:58:03,489 - music_tracker - INFO - No new songs found from Spotify API
2025-12-18 00:58:03,489 - music_tracker - INFO - Song collection completed successfully
2025-12-18 01:58:03,489 - music_tracker - INFO - SpotiSpy song collection starting...
2025-12-18 01:58:03,490 - music_tracker - INFO - Starting song collection (last 1 hours)
2025-12-18 01:58:03,490 - music_tracker - INFO - Fetching recent tracks from Spotify...
2025-12-18 01:58:03,842 - music_tracker - INFO - No recent songs found from Spotify
2025-12-18 01:58:03,845 - music_tracker - INFO - No new songs found from Spotify API
2025-12-18 01:58:03,845 - music_tracker - INFO - Song collection completed successfully
2025-12-18 02:58:02,898 - music_tracker - INFO - SpotiSpy song collection starting...
2025-12-18 02:58:02,899 - music_tracker - INFO - Starting song collection (last 1 hours)
2025-12-18 02:58:02,899 - music_tracker - INFO - Fetching recent tracks from Spotify...
2025-12-18 02:58:03,256 - music_tracker - INFO - No recent songs found from Spotify
2025-12-18 02:58:03,258 - music_tracker - INFO - No new songs found from Spotify API
2025-12-18 02:58:03,259 - music_tracker - INFO - Song collection completed successfully
2025-12-18 03:58:03,189 - music_tracker - INFO - SpotiSpy song collection starting...
2025-12-18 03:58:03,190 - music_tracker - INFO - Starting song collection (last 1 hours)
2025-12-18 03:58:03,190 - music_tracker - INFO - Fetching recent tracks from Spotify...
2025-12-18 03:58:03,544 - music_tracker - INFO - No recent songs found from Spotify
2025-12-18 03:58:03,546 - music_tracker - INFO - No new songs found from Spotify API
2025-12-18 03:58:03,547 - music_tracker - INFO - Song collection completed successfully
2025-12-18 04:58:03,432 - music_tracker - INFO - SpotiSpy song collection starting...
2025-12-18 04:58:03,432 - music_tracker - INFO - Starting song collection (last 1 hours)
2025-12-18 04:58:03,433 - music_tracker - INFO - Fetching recent tracks from Spotify...
2025-12-18 04:58:03,834 - music_tracker - INFO - No recent songs found from Spotify
2025-12-18 04:58:03,836 - music_tracker - INFO - No new songs found from Spotify API
2025-12-18 04:58:03,837 - music_tracker - INFO - Song collection completed successfully
2025-12-18 05:58:02,725 - music_tracker - INFO - SpotiSpy song collection starting...
2025-12-18 05:58:02,726 - music_tracker - INFO - Starting song collection (last 1 hours)
2025-12-18 05:58:02,726 - music_tracker - INFO - Fetching recent tracks from Spotify...
2025-12-18 05:58:03,084 - music_tracker - INFO - No recent songs found from Spotify
2025-12-18 05:58:03,086 - music_tracker - INFO - No new songs found from Spotify API
2025-12-18 05:58:03,086 - music_tracker - INFO - Song collection completed successfully
2025-12-18 06:58:03,040 - music_tracker - INFO - SpotiSpy song collection starting...
2025-12-18 06:58:03,040 - music_tracker - INFO - Starting song collection (last 1 hours)
2025-12-18 06:58:03,041 - music_tracker - INFO - Fetching recent tracks from Spotify...
2025-12-18 06:58:03,425 - music_tracker - INFO - No recent songs found from Spotify
2025-12-18 06:58:03,428 - music_tracker - INFO - No new songs found from Spotify API
2025-12-18 06:58:03,428 - music_tracker - INFO - Song collection completed successfully
2025-12-18 07:58:03,311 - music_tracker - INFO - SpotiSpy song collection starting...
2025-12-18 07:58:03,312 - music_tracker - INFO - Starting song collection (last 1 hours)
2025-12-18 07:58:03,313 - music_tracker - INFO - Fetching recent tracks from Spotify...
2025-12-18 07:58:03,675 - music_tracker - INFO - No recent songs found from Spotify
2025-12-18 07:58:03,677 - music_tracker - INFO - No new songs found from Spotify API
2025-12-18 07:58:03,678 - music_tracker - INFO - Song collection completed successfully
2025-12-18 08:58:03,604 - music_tracker - INFO - SpotiSpy song collection starting...
2025-12-18 08:58:03,604 - music_tracker - INFO - Starting song collection (last 1 hours)
2025-12-18 08:58:03,605 - music_tracker - INFO - Fetching recent tracks from Spotify...
2025-12-18 08:58:03,950 - music_tracker - INFO - No recent songs found from Spotify
2025-12-18 08:58:03,952 - music_tracker - INFO - No new songs found from Spotify API
2025-12-18 08:58:03,953 - music_tracker - INFO - Song collection completed successfully
2025-12-18 09:00:12,630 - music_tracker - INFO - SpotiSpy starting...
2025-12-18 09:00:12,631 - music_tracker - INFO - Starting daily SpotiSpy analysis
2025-12-18 09:00:12,631 - music_tracker - INFO - Fetching yesterday's listening data...
2025-12-18 09:00:14,367 - music_tracker - INFO - Fetched 92 songs from database
2025-12-18 09:00:14,369 - music_tracker - INFO - Found 92 songs to analyze
2025-12-18 09:00:14,370 - music_tracker - INFO - Running analysis...
2025-12-18 09:00:14,382 - music_tracker - INFO - Sending daily summary to Slack...
2025-12-18 09:00:27,278 - music_tracker - INFO - Message sent successfully to Slack
2025-12-18 09:00:27,279 - music_tracker - INFO - Daily analysis completed successfully!
2025-12-18 09:00:27,280 - music_tracker - INFO - SpotiSpy completed successfully
2025-12-18 09:58:03,241 - music_tracker - INFO - SpotiSpy song collection starting...
2025-12-18 09:58:03,241 - music_tracker - INFO - Starting song collection (last 1 hours)
2025-12-18 09:58:03,242 - music_tracker - INFO - Fetching recent tracks from Spotify...
2025-12-18 09:58:08,858 - music_tracker - INFO - Fetched 1 songs from Spotify
2025-12-18 09:58:08,861 - music_tracker - INFO - Found 1 songs from Spotify API
2025-12-18 09:58:08,862 - music_tracker - INFO - Checking for duplicates in database...
2025-12-18 09:58:10,285 - music_tracker - INFO - Found 1 new songs out of 1 total
2025-12-18 09:58:10,288 - music_tracker - INFO - Found 1 new songs to save
2025-12-18 09:58:10,288 - music_tracker - INFO - Saving songs to database...
2025-12-18 09:58:10,673 - music_tracker - INFO - Successfully saved 1 songs to database
2025-12-18 09:58:10,675 - music_tracker - INFO - Successfully saved 1 songs to database
2025-12-18 09:58:10,676 - music_tracker - INFO - Song collection completed successfully
2025-12-18 10:58:03,595 - music_tracker - INFO - SpotiSpy song collection starting...
2025-12-18 10:58:03,595 - music_tracker - INFO - Starting song collection (last 1 hours)
2025-12-18 10:58:03,596 - music_tracker - INFO - Fetching recent tracks from Spotify...
2025-12-18 10:58:04,180 - music_tracker - INFO - Fetched 18 songs from Spotify
2025-12-18 10:58:04,184 - music_tracker - INFO - Found 18 songs from Spotify API
2025-12-18 10:58:04,184 - music_tracker - INFO - Checking for duplicates in database...
2025-12-18 10:58:05,625 - music_tracker - INFO - Found 18 new songs out of 18 total
2025-12-18 10:58:05,627 - music_tracker - INFO - Found 18 new songs to save
2025-12-18 10:58:05,628 - music_tracker - INFO - Saving songs to database...
2025-12-18 10:58:05,940 - music_tracker - INFO - Successfully saved 18 songs to database
2025-12-18 10:58:05,942 - music_tracker - INFO - Successfully saved 18 songs to database
2025-12-18 10:58:05,943 - music_tracker - INFO - Song collection completed successfully
2025-12-18 11:58:04,045 - music_tracker - INFO - SpotiSpy song collection starting...
2025-12-18 11:58:04,046 - music_tracker - INFO - Starting song collection (last 1 hours)
2025-12-18 11:58:04,047 - music_tracker - INFO - Fetching recent tracks from Spotify...
2025-12-18 11:58:04,565 - music_tracker - INFO - Fetched 9 songs from Spotify
2025-12-18 11:58:04,568 - music_tracker - INFO - Found 9 songs from Spotify API
2025-12-18 11:58:04,568 - music_tracker - INFO - Checking for duplicates in database...
2025-12-18 11:58:06,143 - music_tracker - INFO - Found 9 new songs out of 9 total
2025-12-18 11:58:06,145 - music_tracker - INFO - Found 9 new songs to save
2025-12-18 11:58:06,146 - music_tracker - INFO - Saving songs to database...
2025-12-18 11:58:06,411 - music_tracker - INFO - Successfully saved 9 songs to database
2025-12-18 11:58:06,413 - music_tracker - INFO - Successfully saved 9 songs to database
2025-12-18 11:58:06,415 - music_tracker - INFO - Song collection completed successfully
2025-12-18 12:58:03,377 - music_tracker - INFO - SpotiSpy song collection starting...
2025-12-18 12:58:03,377 - music_tracker - INFO - Starting song collection (last 1 hours)
2025-12-18 12:58:03,378 - music_tracker - INFO - Fetching recent tracks from Spotify...
2025-12-18 12:58:03,929 - music_tracker - INFO - Fetched 6 songs from Spotify
2025-12-18 12:58:03,931 - music_tracker - INFO - Found 6 songs from Spotify API
2025-12-18 12:58:03,932 - music_tracker - INFO - Checking for duplicates in database...
2025-12-18 12:58:05,388 - music_tracker - INFO - Found 6 new songs out of 6 total
2025-12-18 12:58:05,390 - music_tracker - INFO - Found 6 new songs to save
2025-12-18 12:58:05,391 - music_tracker - INFO - Saving songs to database...
2025-12-18 12:58:05,726 - music_tracker - INFO - Successfully saved 6 songs to database
2025-12-18 12:58:05,728 - music_tracker - INFO - Successfully saved 6 songs to database
2025-12-18 12:58:05,729 - music_tracker - INFO - Song collection completed successfully
2025-12-18 13:58:02,667 - music_tracker - INFO - SpotiSpy song collection starting...
2025-12-18 13:58:02,667 - music_tracker - INFO - Starting song collection (last 1 hours)
2025-12-18 13:58:02,668 - music_tracker - INFO - Fetching recent tracks from Spotify...
2025-12-18 13:58:03,306 - music_tracker - INFO - Fetched 19 songs from Spotify
2025-12-18 13:58:03,309 - music_tracker - INFO - Found 19 songs from Spotify API
2025-12-18 13:58:03,310 - music_tracker - INFO - Checking for duplicates in database...
2025-12-18 13:58:04,818 - music_tracker - INFO - Found 19 new songs out of 19 total
2025-12-18 13:58:04,821 - music_tracker - INFO - Found 19 new songs to save
2025-12-18 13:58:04,822 - music_tracker - INFO - Saving songs to database...
2025-12-18 13:58:05,168 - music_tracker - INFO - Successfully saved 19 songs to database
2025-12-18 13:58:05,170 - music_tracker - INFO - Successfully saved 19 songs to database
2025-12-18 13:58:05,171 - music_tracker - INFO - Song collection completed successfully
2025-12-18 14:58:03,077 - music_tracker - INFO - SpotiSpy song collection starting...
2025-12-18 14:58:03,077 - music_tracker - INFO - Starting song collection (last 1 hours)
2025-12-18 14:58:03,078 - music_tracker - INFO - Fetching recent tracks from Spotify...
2025-12-18 14:58:03,626 - music_tracker - INFO - Fetched 16 songs from Spotify
2025-12-18 14:58:03,629 - music_tracker - INFO - Found 16 songs from Spotify API
2025-12-18 14:58:03,629 - music_tracker - INFO - Checking for duplicates in database...
2025-12-18 14:58:05,050 - music_tracker - INFO - Found 16 new songs out of 16 total
2025-12-18 14:58:05,053 - music_tracker - INFO - Found 16 new songs to save
2025-12-18 14:58:05,053 - music_tracker - INFO - Saving songs to database...
2025-12-18 14:58:05,378 - music_tracker - INFO - Successfully saved 16 songs to database
2025-12-18 14:58:05,380 - music_tracker - INFO - Successfully saved 16 songs to database
2025-12-18 14:58:05,381 - music_tracker - INFO - Song collection completed successfully
2025-12-18 15:58:03,346 - music_tracker - INFO - SpotiSpy song collection starting...
2025-12-18 15:58:03,347 - music_tracker - INFO - Starting song collection (last 1 hours)
2025-12-18 15:58:03,347 - music_tracker - INFO - Fetching recent tracks from Spotify...
2025-12-18 15:58:03,950 - music_tracker - INFO - Fetched 15 songs from Spotify
2025-12-18 15:58:03,953 - music_tracker - INFO - Found 15 songs from Spotify API
2025-12-18 15:58:03,954 - music_tracker - INFO - Checking for duplicates in database...
2025-12-18 15:58:05,465 - music_tracker - INFO - Found 15 new songs out of 15 total
2025-12-18 15:58:05,467 - music_tracker - INFO - Found 15 new songs to save
2025-12-18 15:58:05,468 - music_tracker - INFO - Saving songs to database...
2025-12-18 15:58:05,941 - music_tracker - INFO - Successfully saved 15 songs to database
2025-12-18 15:58:05,943 - music_tracker - INFO - Successfully saved 15 songs to database
2025-12-18 15:58:05,944 - music_tracker - INFO - Song collection completed successfully
2025-12-18 16:58:02,862 - music_tracker - INFO - SpotiSpy song collection starting...
2025-12-18 16:58:02,863 - music_tracker - INFO - Starting song collection (last 1 hours)
2025-12-18 16:58:02,863 - music_tracker - INFO - Fetching recent tracks from Spotify...
2025-12-18 16:58:03,493 - music_tracker - INFO - Fetched 15 songs from Spotify
2025-12-18 16:58:03,496 - music_tracker - INFO - Found 15 songs from Spotify API
2025-12-18 16:58:03,497 - music_tracker - INFO - Checking for duplicates in database...
2025-12-18 16:58:05,044 - music_tracker - INFO - Found 15 new songs out of 15 total
2025-12-18 16:58:05,047 - music_tracker - INFO - Found 15 new songs to save
2025-12-18 16:58:05,048 - music_tracker - INFO - Saving songs to database...
2025-12-18 16:58:05,510 - music_tracker - INFO - Successfully saved 15 songs to database
2025-12-18 16:58:05,512 - music_tracker - INFO - Successfully saved 15 songs to database
2025-12-18 16:58:05,513 - music_tracker - INFO - Song collection completed successfully
2025-12-18 17:58:03,419 - music_tracker - INFO - SpotiSpy song collection starting...
2025-12-18 17:58:03,419 - music_tracker - INFO - Starting song collection (last 1 hours)
2025-12-18 17:58:03,420 - music_tracker - INFO - Fetching recent tracks from Spotify...
2025-12-18 17:58:03,822 - music_tracker - INFO - No recent songs found from Spotify
2025-12-18 17:58:03,824 - music_tracker - INFO - No new songs found from Spotify API
2025-12-18 17:58:03,825 - music_tracker - INFO - Song collection completed successfully
2025-12-18 18:58:02,711 - music_tracker - INFO - SpotiSpy song collection starting...
2025-12-18 18:58:02,712 - music_tracker - INFO - Starting song collection (last 1 hours)
2025-12-18 18:58:02,712 - music_tracker - INFO - Fetching recent tracks from Spotify...
2025-12-18 18:58:03,102 - music_tracker - INFO - No recent songs found from Spotify
2025-12-18 18:58:03,104 - music_tracker - INFO - No new songs found from Spotify API
2025-12-18 18:58:03,105 - music_tracker - INFO - Song collection completed successfully
2025-12-18 19:58:02,982 - music_tracker - INFO - SpotiSpy song collection starting...
2025-12-18 19:58:02,982 - music_tracker - INFO - Starting song collection (last 1 hours)
2025-12-18 19:58:02,983 - music_tracker - INFO - Fetching recent tracks from Spotify...
2025-12-18 19:58:03,398 - music_tracker - INFO - No recent songs found from Spotify
2025-12-18 19:58:03,401 - music_tracker - INFO - No new songs found from Spotify API
2025-12-18 19:58:03,401 - music_tracker - INFO - Song collection completed successfully
2025-12-18 20:58:03,297 - music_tracker - INFO - SpotiSpy song collection starting...
2025-12-18 20:58:03,297 - music_tracker - INFO - Starting song collection (last 1 hours)
2025-12-18 20:58:03,298 - music_tracker - INFO - Fetching recent tracks from Spotify...
2025-12-18 20:58:03,719 - music_tracker - INFO - No recent songs found from Spotify
2025-12-18 20:58:03,722 - music_tracker - INFO - No new songs found from Spotify API
2025-12-18 20:58:03,722 - music_tracker - INFO - Song collection completed successfully
2025-12-18 21:58:02,608 - music_tracker - INFO - SpotiSpy song collection starting...
2025-12-18 21:58:02,609 - music_tracker - INFO - Starting song collection (last 1 hours)
2025-12-18 21:58:02,609 - music_tracker - INFO - Fetching recent tracks from Spotify...
2025-12-18 21:58:02,988 - music_tracker - INFO - No recent songs found from Spotify
2025-12-18 21:58:02,990 - music_tracker - INFO - No new songs found from Spotify API
2025-12-18 21:58:02,991 - music_tracker - INFO - Song collection completed successfully
2025-12-18 22:58:02,943 - music_tracker - INFO - SpotiSpy song collection starting...
2025-12-18 22:58:02,944 - music_tracker - INFO - Starting song collection (last 1 hours)
2025-12-18 22:58:02,945 - music_tracker - INFO - Fetching recent tracks from Spotify...
2025-12-18 22:58:03,292 - music_tracker - INFO - No recent songs found from Spotify
2025-12-18 22:58:03,294 - music_tracker - INFO - No new songs found from Spotify API
2025-12-18 22:58:03,295 - music_tracker - INFO - Song collection completed successfully
2025-12-18 23:58:03,626 - music_tracker - INFO - SpotiSpy song collection starting...
2025-12-18 23:58:03,626 - music_tracker - INFO - Starting song collection (last 1 hours)
2025-12-18 23:58:03,627 - music_tracker - INFO - Fetching recent tracks from Spotify...
2025-12-18 23:58:03,984 - music_tracker - INFO - No recent songs found from Spotify
2025-12-18 23:58:03,986 - music_tracker - INFO - No new songs found from Spotify API
2025-12-18 23:58:03,987 - music_tracker - INFO - Song collection completed successfully
