2025-09-23 00:58:02,681 - music_tracker - INFO - SpotiSpy song collection starting...
2025-09-23 00:58:02,681 - music_tracker - INFO - Starting song collection (last 1 hours)
2025-09-23 00:58:02,682 - music_tracker - INFO - Fetching recent tracks from Spotify...
2025-09-23 00:58:03,035 - music_tracker - INFO - No recent songs found from Spotify
2025-09-23 00:58:03,037 - music_tracker - INFO - No new songs found from Spotify API
2025-09-23 00:58:03,038 - music_tracker - INFO - Song collection completed successfully
2025-09-23 01:58:02,968 - music_tracker - INFO - SpotiSpy song collection starting...
2025-09-23 01:58:02,968 - music_tracker - INFO - Starting song collection (last 1 hours)
2025-09-23 01:58:02,969 - music_tracker - INFO - Fetching recent tracks from Spotify...
2025-09-23 01:58:03,330 - music_tracker - INFO - No recent songs found from Spotify
2025-09-23 01:58:03,332 - music_tracker - INFO - No new songs found from Spotify API
2025-09-23 01:58:03,332 - music_tracker - INFO - Song collection completed successfully
2025-09-23 02:58:03,222 - music_tracker - INFO - SpotiSpy song collection starting...
2025-09-23 02:58:03,222 - music_tracker - INFO - Starting song collection (last 1 hours)
2025-09-23 02:58:03,223 - music_tracker - INFO - Fetching recent tracks from Spotify...
2025-09-23 02:58:03,572 - music_tracker - INFO - No recent songs found from Spotify
2025-09-23 02:58:03,574 - music_tracker - INFO - No new songs found from Spotify API
2025-09-23 02:58:03,574 - music_tracker - INFO - Song collection completed successfully
2025-09-23 03:58:03,492 - music_tracker - INFO - SpotiSpy song collection starting...
2025-09-23 03:58:03,492 - music_tracker - INFO - Starting song collection (last 1 hours)
2025-09-23 03:58:03,493 - music_tracker - INFO - Fetching recent tracks from Spotify...
2025-09-23 03:58:03,839 - music_tracker - INFO - No recent songs found from Spotify
2025-09-23 03:58:03,841 - music_tracker - INFO - No new songs found from Spotify API
2025-09-23 03:58:03,841 - music_tracker - INFO - Song collection completed successfully
2025-09-23 04:58:02,791 - music_tracker - INFO - SpotiSpy song collection starting...
2025-09-23 04:58:02,791 - music_tracker - INFO - Starting song collection (last 1 hours)
2025-09-23 04:58:02,792 - music_tracker - INFO - Fetching recent tracks from Spotify...
2025-09-23 04:58:03,208 - music_tracker - INFO - No recent songs found from Spotify
2025-09-23 04:58:03,210 - music_tracker - INFO - No new songs found from Spotify API
2025-09-23 04:58:03,210 - music_tracker - INFO - Song collection completed successfully
2025-09-23 05:58:03,270 - music_tracker - INFO - SpotiSpy song collection starting...
2025-09-23 05:58:03,271 - music_tracker - INFO - Starting song collection (last 1 hours)
2025-09-23 05:58:03,271 - music_tracker - INFO - Fetching recent tracks from Spotify...
2025-09-23 05:58:03,630 - music_tracker - INFO - No recent songs found from Spotify
2025-09-23 05:58:03,633 - music_tracker - INFO - No new songs found from Spotify API
2025-09-23 05:58:03,633 - music_tracker - INFO - Song collection completed successfully
2025-09-23 06:58:03,690 - music_tracker - INFO - SpotiSpy song collection starting...
2025-09-23 06:58:03,691 - music_tracker - INFO - Starting song collection (last 1 hours)
2025-09-23 06:58:03,692 - music_tracker - INFO - Fetching recent tracks from Spotify...
2025-09-23 06:58:04,509 - music_tracker - INFO - No recent songs found from Spotify
2025-09-23 06:58:04,512 - music_tracker - INFO - No new songs found from Spotify API
2025-09-23 06:58:04,513 - music_tracker - INFO - Song collection completed successfully
2025-09-23 07:58:03,433 - music_tracker - INFO - SpotiSpy song collection starting...
2025-09-23 07:58:03,433 - music_tracker - INFO - Starting song collection (last 1 hours)
2025-09-23 07:58:03,434 - music_tracker - INFO - Fetching recent tracks from Spotify...
2025-09-23 07:58:03,801 - music_tracker - INFO - No recent songs found from Spotify
2025-09-23 07:58:03,803 - music_tracker - INFO - No new songs found from Spotify API
2025-09-23 07:58:03,804 - music_tracker - INFO - Song collection completed successfully
2025-09-23 08:58:02,756 - music_tracker - INFO - SpotiSpy song collection starting...
2025-09-23 08:58:02,756 - music_tracker - INFO - Starting song collection (last 1 hours)
2025-09-23 08:58:02,757 - music_tracker - INFO - Fetching recent tracks from Spotify...
2025-09-23 08:58:03,414 - music_tracker - INFO - Fetched 5 songs from Spotify
2025-09-23 08:58:03,417 - music_tracker - INFO - Found 5 songs from Spotify API
2025-09-23 08:58:03,418 - music_tracker - INFO - Checking for duplicates in database...
2025-09-23 08:58:04,945 - music_tracker - INFO - Found 5 new songs out of 5 total
2025-09-23 08:58:04,947 - music_tracker - INFO - Found 5 new songs to save
2025-09-23 08:58:04,948 - music_tracker - INFO - Saving songs to database...
2025-09-23 08:58:05,371 - music_tracker - INFO - Successfully saved 5 songs to database
2025-09-23 08:58:05,373 - music_tracker - INFO - Successfully saved 5 songs to database
2025-09-23 08:58:05,374 - music_tracker - INFO - Song collection completed successfully
2025-09-23 09:00:13,370 - music_tracker - INFO - SpotiSpy starting...
2025-09-23 09:00:13,371 - music_tracker - INFO - Starting daily SpotiSpy analysis
2025-09-23 09:00:13,371 - music_tracker - INFO - Fetching yesterday's listening data...
2025-09-23 09:00:13,907 - music_tracker - INFO - Fetched 95 songs from database
2025-09-23 09:00:13,909 - music_tracker - INFO - Found 95 songs to analyze
2025-09-23 09:00:13,909 - music_tracker - INFO - Running analysis...
2025-09-23 09:00:13,920 - music_tracker - INFO - Sending daily summary to Slack...
2025-09-23 09:00:38,888 - music_tracker - INFO - Message sent successfully to Slack
2025-09-23 09:00:38,888 - music_tracker - INFO - Daily analysis completed successfully!
2025-09-23 09:00:38,889 - music_tracker - INFO - SpotiSpy completed successfully
2025-09-23 09:58:04,033 - music_tracker - INFO - SpotiSpy song collection starting...
2025-09-23 09:58:04,034 - music_tracker - INFO - Starting song collection (last 1 hours)
2025-09-23 09:58:04,035 - music_tracker - INFO - Fetching recent tracks from Spotify...
2025-09-23 09:58:04,603 - music_tracker - INFO - Fetched 9 songs from Spotify
2025-09-23 09:58:04,606 - music_tracker - INFO - Found 9 songs from Spotify API
2025-09-23 09:58:04,607 - music_tracker - INFO - Checking for duplicates in database...
2025-09-23 09:58:05,875 - music_tracker - INFO - Found 9 new songs out of 9 total
2025-09-23 09:58:05,877 - music_tracker - INFO - Found 9 new songs to save
2025-09-23 09:58:05,878 - music_tracker - INFO - Saving songs to database...
2025-09-23 09:58:06,420 - music_tracker - INFO - Successfully saved 9 songs to database
2025-09-23 09:58:06,422 - music_tracker - INFO - Successfully saved 9 songs to database
2025-09-23 09:58:06,426 - music_tracker - INFO - Song collection completed successfully
2025-09-23 10:58:03,394 - music_tracker - INFO - SpotiSpy song collection starting...
2025-09-23 10:58:03,395 - music_tracker - INFO - Starting song collection (last 1 hours)
2025-09-23 10:58:03,396 - music_tracker - INFO - Fetching recent tracks from Spotify...
2025-09-23 10:58:03,892 - music_tracker - INFO - Fetched 4 songs from Spotify
2025-09-23 10:58:03,895 - music_tracker - INFO - Found 4 songs from Spotify API
2025-09-23 10:58:03,895 - music_tracker - INFO - Checking for duplicates in database...
2025-09-23 10:58:05,223 - music_tracker - INFO - Found 4 new songs out of 4 total
2025-09-23 10:58:05,225 - music_tracker - INFO - Found 4 new songs to save
2025-09-23 10:58:05,227 - music_tracker - INFO - Saving songs to database...
2025-09-23 10:58:05,597 - music_tracker - INFO - Successfully saved 4 songs to database
2025-09-23 10:58:05,599 - music_tracker - INFO - Successfully saved 4 songs to database
2025-09-23 10:58:05,600 - music_tracker - INFO - Song collection completed successfully
2025-09-23 11:58:03,518 - music_tracker - INFO - SpotiSpy song collection starting...
2025-09-23 11:58:03,518 - music_tracker - INFO - Starting song collection (last 1 hours)
2025-09-23 11:58:03,519 - music_tracker - INFO - Fetching recent tracks from Spotify...
2025-09-23 11:58:04,100 - music_tracker - INFO - Fetched 20 songs from Spotify
2025-09-23 11:58:04,103 - music_tracker - INFO - Found 20 songs from Spotify API
2025-09-23 11:58:04,104 - music_tracker - INFO - Checking for duplicates in database...
2025-09-23 11:58:04,887 - music_tracker - INFO - Found 20 new songs out of 20 total
2025-09-23 11:58:04,889 - music_tracker - INFO - Found 20 new songs to save
2025-09-23 11:58:04,890 - music_tracker - INFO - Saving songs to database...
2025-09-23 11:58:05,220 - music_tracker - INFO - Successfully saved 20 songs to database
2025-09-23 11:58:05,222 - music_tracker - INFO - Successfully saved 20 songs to database
2025-09-23 11:58:05,223 - music_tracker - INFO - Song collection completed successfully
2025-09-23 12:58:03,140 - music_tracker - INFO - SpotiSpy song collection starting...
2025-09-23 12:58:03,141 - music_tracker - INFO - Starting song collection (last 1 hours)
2025-09-23 12:58:03,141 - music_tracker - INFO - Fetching recent tracks from Spotify...
2025-09-23 12:58:03,770 - music_tracker - INFO - Fetched 14 songs from Spotify
2025-09-23 12:58:03,774 - music_tracker - INFO - Found 14 songs from Spotify API
2025-09-23 12:58:03,774 - music_tracker - INFO - Checking for duplicates in database...
2025-09-23 12:58:05,152 - music_tracker - INFO - Found 14 new songs out of 14 total
2025-09-23 12:58:05,155 - music_tracker - INFO - Found 14 new songs to save
2025-09-23 12:58:05,155 - music_tracker - INFO - Saving songs to database...
2025-09-23 12:58:05,579 - music_tracker - INFO - Successfully saved 14 songs to database
2025-09-23 12:58:05,582 - music_tracker - INFO - Successfully saved 14 songs to database
2025-09-23 12:58:05,582 - music_tracker - INFO - Song collection completed successfully
2025-09-23 13:58:03,537 - music_tracker - INFO - SpotiSpy song collection starting...
2025-09-23 13:58:03,538 - music_tracker - INFO - Starting song collection (last 1 hours)
2025-09-23 13:58:03,538 - music_tracker - INFO - Fetching recent tracks from Spotify...
2025-09-23 13:58:03,897 - music_tracker - INFO - No recent songs found from Spotify
2025-09-23 13:58:03,899 - music_tracker - INFO - No new songs found from Spotify API
2025-09-23 13:58:03,900 - music_tracker - INFO - Song collection completed successfully
2025-09-23 14:58:02,816 - music_tracker - INFO - SpotiSpy song collection starting...
2025-09-23 14:58:02,817 - music_tracker - INFO - Starting song collection (last 1 hours)
2025-09-23 14:58:02,818 - music_tracker - INFO - Fetching recent tracks from Spotify...
2025-09-23 14:58:03,199 - music_tracker - INFO - No recent songs found from Spotify
2025-09-23 14:58:03,203 - music_tracker - INFO - No new songs found from Spotify API
2025-09-23 14:58:03,204 - music_tracker - INFO - Song collection completed successfully
2025-09-23 15:58:03,109 - music_tracker - INFO - SpotiSpy song collection starting...
2025-09-23 15:58:03,109 - music_tracker - INFO - Starting song collection (last 1 hours)
2025-09-23 15:58:03,110 - music_tracker - INFO - Fetching recent tracks from Spotify...
2025-09-23 15:58:03,575 - music_tracker - INFO - Fetched 1 songs from Spotify
2025-09-23 15:58:03,577 - music_tracker - INFO - Found 1 songs from Spotify API
2025-09-23 15:58:03,577 - music_tracker - INFO - Checking for duplicates in database...
2025-09-23 15:58:04,377 - music_tracker - INFO - Found 1 new songs out of 1 total
2025-09-23 15:58:04,379 - music_tracker - INFO - Found 1 new songs to save
2025-09-23 15:58:04,380 - music_tracker - INFO - Saving songs to database...
2025-09-23 15:58:04,702 - music_tracker - INFO - Successfully saved 1 songs to database
2025-09-23 15:58:04,704 - music_tracker - INFO - Successfully saved 1 songs to database
2025-09-23 15:58:04,705 - music_tracker - INFO - Song collection completed successfully
2025-09-23 16:58:02,617 - music_tracker - INFO - SpotiSpy song collection starting...
2025-09-23 16:58:02,618 - music_tracker - INFO - Starting song collection (last 1 hours)
2025-09-23 16:58:02,618 - music_tracker - INFO - Fetching recent tracks from Spotify...
2025-09-23 16:58:02,963 - music_tracker - INFO - No recent songs found from Spotify
2025-09-23 16:58:02,965 - music_tracker - INFO - No new songs found from Spotify API
2025-09-23 16:58:02,965 - music_tracker - INFO - Song collection completed successfully
2025-09-23 17:58:02,864 - music_tracker - INFO - SpotiSpy song collection starting...
2025-09-23 17:58:02,865 - music_tracker - INFO - Starting song collection (last 1 hours)
2025-09-23 17:58:02,866 - music_tracker - INFO - Fetching recent tracks from Spotify...
2025-09-23 17:58:03,358 - music_tracker - INFO - Fetched 6 songs from Spotify
2025-09-23 17:58:03,360 - music_tracker - INFO - Found 6 songs from Spotify API
2025-09-23 17:58:03,361 - music_tracker - INFO - Checking for duplicates in database...
2025-09-23 17:58:04,277 - music_tracker - INFO - Found 6 new songs out of 6 total
2025-09-23 17:58:04,279 - music_tracker - INFO - Found 6 new songs to save
2025-09-23 17:58:04,280 - music_tracker - INFO - Saving songs to database...
2025-09-23 17:58:04,595 - music_tracker - INFO - Successfully saved 6 songs to database
2025-09-23 17:58:04,597 - music_tracker - INFO - Successfully saved 6 songs to database
2025-09-23 17:58:04,598 - music_tracker - INFO - Song collection completed successfully
2025-09-23 18:58:03,520 - music_tracker - INFO - SpotiSpy song collection starting...
2025-09-23 18:58:03,521 - music_tracker - INFO - Starting song collection (last 1 hours)
2025-09-23 18:58:03,522 - music_tracker - INFO - Fetching recent tracks from Spotify...
2025-09-23 18:58:04,100 - music_tracker - INFO - Fetched 8 songs from Spotify
2025-09-23 18:58:04,103 - music_tracker - INFO - Found 8 songs from Spotify API
2025-09-23 18:58:04,103 - music_tracker - INFO - Checking for duplicates in database...
2025-09-23 18:58:05,486 - music_tracker - INFO - Found 8 new songs out of 8 total
2025-09-23 18:58:05,488 - music_tracker - INFO - Found 8 new songs to save
2025-09-23 18:58:05,489 - music_tracker - INFO - Saving songs to database...
2025-09-23 18:58:05,923 - music_tracker - INFO - Successfully saved 8 songs to database
2025-09-23 18:58:05,925 - music_tracker - INFO - Successfully saved 8 songs to database
2025-09-23 18:58:05,926 - music_tracker - INFO - Song collection completed successfully
2025-09-23 19:58:02,844 - music_tracker - INFO - SpotiSpy song collection starting...
2025-09-23 19:58:02,845 - music_tracker - INFO - Starting song collection (last 1 hours)
2025-09-23 19:58:02,846 - music_tracker - INFO - Fetching recent tracks from Spotify...
2025-09-23 19:58:03,372 - music_tracker - INFO - Fetched 13 songs from Spotify
2025-09-23 19:58:03,375 - music_tracker - INFO - Found 13 songs from Spotify API
2025-09-23 19:58:03,376 - music_tracker - INFO - Checking for duplicates in database...
2025-09-23 19:58:04,714 - music_tracker - INFO - Found 13 new songs out of 13 total
2025-09-23 19:58:04,717 - music_tracker - INFO - Found 13 new songs to save
2025-09-23 19:58:04,717 - music_tracker - INFO - Saving songs to database...
2025-09-23 19:58:05,107 - music_tracker - INFO - Successfully saved 13 songs to database
2025-09-23 19:58:05,109 - music_tracker - INFO - Successfully saved 13 songs to database
2025-09-23 19:58:05,110 - music_tracker - INFO - Song collection completed successfully
2025-09-23 20:58:03,056 - music_tracker - INFO - SpotiSpy song collection starting...
2025-09-23 20:58:03,057 - music_tracker - INFO - Starting song collection (last 1 hours)
2025-09-23 20:58:03,057 - music_tracker - INFO - Fetching recent tracks from Spotify...
2025-09-23 20:58:03,672 - music_tracker - INFO - Fetched 4 songs from Spotify
2025-09-23 20:58:03,675 - music_tracker - INFO - Found 4 songs from Spotify API
2025-09-23 20:58:03,676 - music_tracker - INFO - Checking for duplicates in database...
2025-09-23 20:58:05,050 - music_tracker - INFO - Found 4 new songs out of 4 total
2025-09-23 20:58:05,052 - music_tracker - INFO - Found 4 new songs to save
2025-09-23 20:58:05,053 - music_tracker - INFO - Saving songs to database...
2025-09-23 20:58:05,451 - music_tracker - INFO - Successfully saved 4 songs to database
2025-09-23 20:58:05,453 - music_tracker - INFO - Successfully saved 4 songs to database
2025-09-23 20:58:05,454 - music_tracker - INFO - Song collection completed successfully
2025-09-23 21:58:03,368 - music_tracker - INFO - SpotiSpy song collection starting...
2025-09-23 21:58:03,368 - music_tracker - INFO - Starting song collection (last 1 hours)
2025-09-23 21:58:03,369 - music_tracker - INFO - Fetching recent tracks from Spotify...
2025-09-23 21:58:03,817 - music_tracker - INFO - Fetched 11 songs from Spotify
2025-09-23 21:58:03,820 - music_tracker - INFO - Found 11 songs from Spotify API
2025-09-23 21:58:03,821 - music_tracker - INFO - Checking for duplicates in database...
2025-09-23 21:58:04,937 - music_tracker - INFO - Found 11 new songs out of 11 total
2025-09-23 21:58:04,939 - music_tracker - INFO - Found 11 new songs to save
2025-09-23 21:58:04,940 - music_tracker - INFO - Saving songs to database...
2025-09-23 21:58:05,342 - music_tracker - INFO - Successfully saved 11 songs to database
2025-09-23 21:58:05,344 - music_tracker - INFO - Successfully saved 11 songs to database
2025-09-23 21:58:05,345 - music_tracker - INFO - Song collection completed successfully
2025-09-23 22:58:03,264 - music_tracker - INFO - SpotiSpy song collection starting...
2025-09-23 22:58:03,264 - music_tracker - INFO - Starting song collection (last 1 hours)
2025-09-23 22:58:03,265 - music_tracker - INFO - Fetching recent tracks from Spotify...
2025-09-23 22:58:03,800 - music_tracker - INFO - Fetched 17 songs from Spotify
2025-09-23 22:58:03,803 - music_tracker - INFO - Found 17 songs from Spotify API
2025-09-23 22:58:03,804 - music_tracker - INFO - Checking for duplicates in database...
2025-09-23 22:58:04,909 - music_tracker - INFO - Found 17 new songs out of 17 total
2025-09-23 22:58:04,911 - music_tracker - INFO - Found 17 new songs to save
2025-09-23 22:58:04,912 - music_tracker - INFO - Saving songs to database...
2025-09-23 22:58:05,279 - music_tracker - INFO - Successfully saved 17 songs to database
2025-09-23 22:58:05,281 - music_tracker - INFO - Successfully saved 17 songs to database
2025-09-23 22:58:05,282 - music_tracker - INFO - Song collection completed successfully
2025-09-23 23:58:03,209 - music_tracker - INFO - SpotiSpy song collection starting...
2025-09-23 23:58:03,210 - music_tracker - INFO - Starting song collection (last 1 hours)
2025-09-23 23:58:03,211 - music_tracker - INFO - Fetching recent tracks from Spotify...
2025-09-23 23:58:03,745 - music_tracker - INFO - Fetched 10 songs from Spotify
2025-09-23 23:58:03,748 - music_tracker - INFO - Found 10 songs from Spotify API
2025-09-23 23:58:03,749 - music_tracker - INFO - Checking for duplicates in database...
2025-09-23 23:58:04,801 - music_tracker - INFO - Found 10 new songs out of 10 total
2025-09-23 23:58:04,804 - music_tracker - INFO - Found 10 new songs to save
2025-09-23 23:58:04,804 - music_tracker - INFO - Saving songs to database...
2025-09-23 23:58:05,117 - music_tracker - INFO - Successfully saved 10 songs to database
2025-09-23 23:58:05,119 - music_tracker - INFO - Successfully saved 10 songs to database
2025-09-23 23:58:05,120 - music_tracker - INFO - Song collection completed successfully
