2025-09-25 00:58:03,592 - music_tracker - INFO - SpotiSpy song collection starting...
2025-09-25 00:58:03,592 - music_tracker - INFO - Starting song collection (last 1 hours)
2025-09-25 00:58:03,593 - music_tracker - INFO - Fetching recent tracks from Spotify...
2025-09-25 00:58:03,951 - music_tracker - INFO - No recent songs found from Spotify
2025-09-25 00:58:03,953 - music_tracker - INFO - No new songs found from Spotify API
2025-09-25 00:58:03,953 - music_tracker - INFO - Song collection completed successfully
2025-09-25 01:58:02,864 - music_tracker - INFO - SpotiSpy song collection starting...
2025-09-25 01:58:02,865 - music_tracker - INFO - Starting song collection (last 1 hours)
2025-09-25 01:58:02,865 - music_tracker - INFO - Fetching recent tracks from Spotify...
2025-09-25 01:58:03,223 - music_tracker - INFO - No recent songs found from Spotify
2025-09-25 01:58:03,225 - music_tracker - INFO - No new songs found from Spotify API
2025-09-25 01:58:03,226 - music_tracker - INFO - Song collection completed successfully
2025-09-25 02:58:03,161 - music_tracker - INFO - SpotiSpy song collection starting...
2025-09-25 02:58:03,161 - music_tracker - INFO - Starting song collection (last 1 hours)
2025-09-25 02:58:03,162 - music_tracker - INFO - Fetching recent tracks from Spotify...
2025-09-25 02:58:03,496 - music_tracker - INFO - No recent songs found from Spotify
2025-09-25 02:58:03,498 - music_tracker - INFO - No new songs found from Spotify API
2025-09-25 02:58:03,499 - music_tracker - INFO - Song collection completed successfully
2025-09-25 03:58:03,413 - music_tracker - INFO - SpotiSpy song collection starting...
2025-09-25 03:58:03,413 - music_tracker - INFO - Starting song collection (last 1 hours)
2025-09-25 03:58:03,414 - music_tracker - INFO - Fetching recent tracks from Spotify...
2025-09-25 03:58:03,778 - music_tracker - INFO - No recent songs found from Spotify
2025-09-25 03:58:03,780 - music_tracker - INFO - No new songs found from Spotify API
2025-09-25 03:58:03,781 - music_tracker - INFO - Song collection completed successfully
2025-09-25 04:58:02,680 - music_tracker - INFO - SpotiSpy song collection starting...
2025-09-25 04:58:02,680 - music_tracker - INFO - Starting song collection (last 1 hours)
2025-09-25 04:58:02,681 - music_tracker - INFO - Fetching recent tracks from Spotify...
2025-09-25 04:58:03,037 - music_tracker - INFO - No recent songs found from Spotify
2025-09-25 04:58:03,039 - music_tracker - INFO - No new songs found from Spotify API
2025-09-25 04:58:03,040 - music_tracker - INFO - Song collection completed successfully
2025-09-25 05:58:02,945 - music_tracker - INFO - SpotiSpy song collection starting...
2025-09-25 05:58:02,946 - music_tracker - INFO - Starting song collection (last 1 hours)
2025-09-25 05:58:02,947 - music_tracker - INFO - Fetching recent tracks from Spotify...
2025-09-25 05:58:03,310 - music_tracker - INFO - No recent songs found from Spotify
2025-09-25 05:58:03,312 - music_tracker - INFO - No new songs found from Spotify API
2025-09-25 05:58:03,313 - music_tracker - INFO - Song collection completed successfully
2025-09-25 06:58:03,397 - music_tracker - INFO - SpotiSpy song collection starting...
2025-09-25 06:58:03,397 - music_tracker - INFO - Starting song collection (last 1 hours)
2025-09-25 06:58:03,398 - music_tracker - INFO - Fetching recent tracks from Spotify...
2025-09-25 06:58:03,739 - music_tracker - INFO - No recent songs found from Spotify
2025-09-25 06:58:03,741 - music_tracker - INFO - No new songs found from Spotify API
2025-09-25 06:58:03,742 - music_tracker - INFO - Song collection completed successfully
2025-09-25 07:58:02,771 - music_tracker - INFO - SpotiSpy song collection starting...
2025-09-25 07:58:02,771 - music_tracker - INFO - Starting song collection (last 1 hours)
2025-09-25 07:58:02,772 - music_tracker - INFO - Fetching recent tracks from Spotify...
2025-09-25 07:58:03,173 - music_tracker - INFO - No recent songs found from Spotify
2025-09-25 07:58:03,175 - music_tracker - INFO - No new songs found from Spotify API
2025-09-25 07:58:03,176 - music_tracker - INFO - Song collection completed successfully
2025-09-25 08:58:03,101 - music_tracker - INFO - SpotiSpy song collection starting...
2025-09-25 08:58:03,102 - music_tracker - INFO - Starting song collection (last 1 hours)
2025-09-25 08:58:03,102 - music_tracker - INFO - Fetching recent tracks from Spotify...
2025-09-25 08:58:03,483 - music_tracker - INFO - No recent songs found from Spotify
2025-09-25 08:58:03,485 - music_tracker - INFO - No new songs found from Spotify API
2025-09-25 08:58:03,485 - music_tracker - INFO - Song collection completed successfully
2025-09-25 09:00:12,893 - music_tracker - INFO - SpotiSpy starting...
2025-09-25 09:00:12,894 - music_tracker - INFO - Starting daily SpotiSpy analysis
2025-09-25 09:00:12,894 - music_tracker - INFO - Fetching yesterday's listening data...
2025-09-25 09:00:14,018 - music_tracker - INFO - Fetched 126 songs from database
2025-09-25 09:00:14,021 - music_tracker - INFO - Found 126 songs to analyze
2025-09-25 09:00:14,022 - music_tracker - INFO - Running analysis...
2025-09-25 09:00:14,037 - music_tracker - INFO - Sending daily summary to Slack...
2025-09-25 09:00:14,935 - music_tracker - INFO - Message sent successfully to Slack
2025-09-25 09:00:14,935 - music_tracker - INFO - Daily analysis completed successfully!
2025-09-25 09:00:14,936 - music_tracker - INFO - SpotiSpy completed successfully
2025-09-25 09:58:04,193 - music_tracker - INFO - SpotiSpy song collection starting...
2025-09-25 09:58:04,201 - music_tracker - INFO - Starting song collection (last 1 hours)
2025-09-25 09:58:04,202 - music_tracker - INFO - Fetching recent tracks from Spotify...
2025-09-25 09:58:04,778 - music_tracker - INFO - Fetched 11 songs from Spotify
2025-09-25 09:58:04,782 - music_tracker - INFO - Found 11 songs from Spotify API
2025-09-25 09:58:04,783 - music_tracker - INFO - Checking for duplicates in database...
2025-09-25 09:58:06,261 - music_tracker - INFO - Found 11 new songs out of 11 total
2025-09-25 09:58:06,263 - music_tracker - INFO - Found 11 new songs to save
2025-09-25 09:58:06,264 - music_tracker - INFO - Saving songs to database...
2025-09-25 09:58:06,754 - music_tracker - INFO - Successfully saved 11 songs to database
2025-09-25 09:58:06,757 - music_tracker - INFO - Successfully saved 11 songs to database
2025-09-25 09:58:06,757 - music_tracker - INFO - Song collection completed successfully
2025-09-25 10:58:02,760 - music_tracker - INFO - SpotiSpy song collection starting...
2025-09-25 10:58:02,760 - music_tracker - INFO - Starting song collection (last 1 hours)
2025-09-25 10:58:02,761 - music_tracker - INFO - Fetching recent tracks from Spotify...
2025-09-25 10:58:03,209 - music_tracker - INFO - No recent songs found from Spotify
2025-09-25 10:58:03,212 - music_tracker - INFO - No new songs found from Spotify API
2025-09-25 10:58:03,212 - music_tracker - INFO - Song collection completed successfully
2025-09-25 11:58:03,107 - music_tracker - INFO - SpotiSpy song collection starting...
2025-09-25 11:58:03,108 - music_tracker - INFO - Starting song collection (last 1 hours)
2025-09-25 11:58:03,109 - music_tracker - INFO - Fetching recent tracks from Spotify...
2025-09-25 11:58:03,580 - music_tracker - INFO - Fetched 4 songs from Spotify
2025-09-25 11:58:03,582 - music_tracker - INFO - Found 4 songs from Spotify API
2025-09-25 11:58:03,583 - music_tracker - INFO - Checking for duplicates in database...
2025-09-25 11:58:05,119 - music_tracker - INFO - Found 4 new songs out of 4 total
2025-09-25 11:58:05,121 - music_tracker - INFO - Found 4 new songs to save
2025-09-25 11:58:05,122 - music_tracker - INFO - Saving songs to database...
2025-09-25 11:58:05,598 - music_tracker - INFO - Successfully saved 4 songs to database
2025-09-25 11:58:05,600 - music_tracker - INFO - Successfully saved 4 songs to database
2025-09-25 11:58:05,601 - music_tracker - INFO - Song collection completed successfully
2025-09-25 12:58:03,528 - music_tracker - INFO - SpotiSpy song collection starting...
2025-09-25 12:58:03,528 - music_tracker - INFO - Starting song collection (last 1 hours)
2025-09-25 12:58:03,529 - music_tracker - INFO - Fetching recent tracks from Spotify...
2025-09-25 12:58:03,998 - music_tracker - INFO - Fetched 15 songs from Spotify
2025-09-25 12:58:04,001 - music_tracker - INFO - Found 15 songs from Spotify API
2025-09-25 12:58:04,002 - music_tracker - INFO - Checking for duplicates in database...
2025-09-25 12:58:05,403 - music_tracker - INFO - Found 15 new songs out of 15 total
2025-09-25 12:58:05,405 - music_tracker - INFO - Found 15 new songs to save
2025-09-25 12:58:05,406 - music_tracker - INFO - Saving songs to database...
2025-09-25 12:58:05,719 - music_tracker - INFO - Successfully saved 15 songs to database
2025-09-25 12:58:05,721 - music_tracker - INFO - Successfully saved 15 songs to database
2025-09-25 12:58:05,722 - music_tracker - INFO - Song collection completed successfully
2025-09-25 13:58:02,655 - music_tracker - INFO - SpotiSpy song collection starting...
2025-09-25 13:58:02,656 - music_tracker - INFO - Starting song collection (last 1 hours)
2025-09-25 13:58:02,657 - music_tracker - INFO - Fetching recent tracks from Spotify...
2025-09-25 13:58:03,341 - music_tracker - INFO - Fetched 17 songs from Spotify
2025-09-25 13:58:03,345 - music_tracker - INFO - Found 17 songs from Spotify API
2025-09-25 13:58:03,346 - music_tracker - INFO - Checking for duplicates in database...
2025-09-25 13:58:04,304 - music_tracker - INFO - Found 17 new songs out of 17 total
2025-09-25 13:58:04,306 - music_tracker - INFO - Found 17 new songs to save
2025-09-25 13:58:04,307 - music_tracker - INFO - Saving songs to database...
2025-09-25 13:58:04,709 - music_tracker - INFO - Successfully saved 17 songs to database
2025-09-25 13:58:04,712 - music_tracker - INFO - Successfully saved 17 songs to database
2025-09-25 13:58:04,712 - music_tracker - INFO - Song collection completed successfully
2025-09-25 14:58:02,635 - music_tracker - INFO - SpotiSpy song collection starting...
2025-09-25 14:58:02,636 - music_tracker - INFO - Starting song collection (last 1 hours)
2025-09-25 14:58:02,637 - music_tracker - INFO - Fetching recent tracks from Spotify...
2025-09-25 14:58:03,299 - music_tracker - INFO - Fetched 19 songs from Spotify
2025-09-25 14:58:03,303 - music_tracker - INFO - Found 19 songs from Spotify API
2025-09-25 14:58:03,304 - music_tracker - INFO - Checking for duplicates in database...
2025-09-25 14:58:04,767 - music_tracker - INFO - Found 19 new songs out of 19 total
2025-09-25 14:58:04,769 - music_tracker - INFO - Found 19 new songs to save
2025-09-25 14:58:04,770 - music_tracker - INFO - Saving songs to database...
2025-09-25 14:58:05,146 - music_tracker - INFO - Successfully saved 19 songs to database
2025-09-25 14:58:05,148 - music_tracker - INFO - Successfully saved 19 songs to database
2025-09-25 14:58:05,149 - music_tracker - INFO - Song collection completed successfully
2025-09-25 15:58:03,071 - music_tracker - INFO - SpotiSpy song collection starting...
2025-09-25 15:58:03,072 - music_tracker - INFO - Starting song collection (last 1 hours)
2025-09-25 15:58:03,073 - music_tracker - INFO - Fetching recent tracks from Spotify...
2025-09-25 15:58:03,597 - music_tracker - INFO - Fetched 14 songs from Spotify
2025-09-25 15:58:03,600 - music_tracker - INFO - Found 14 songs from Spotify API
2025-09-25 15:58:03,601 - music_tracker - INFO - Checking for duplicates in database...
2025-09-25 15:58:05,044 - music_tracker - INFO - Found 14 new songs out of 14 total
2025-09-25 15:58:05,046 - music_tracker - INFO - Found 14 new songs to save
2025-09-25 15:58:05,047 - music_tracker - INFO - Saving songs to database...
2025-09-25 15:58:05,436 - music_tracker - INFO - Successfully saved 14 songs to database
2025-09-25 15:58:05,438 - music_tracker - INFO - Successfully saved 14 songs to database
2025-09-25 15:58:05,438 - music_tracker - INFO - Song collection completed successfully
2025-09-25 16:58:03,378 - music_tracker - INFO - SpotiSpy song collection starting...
2025-09-25 16:58:03,378 - music_tracker - INFO - Starting song collection (last 1 hours)
2025-09-25 16:58:03,379 - music_tracker - INFO - Fetching recent tracks from Spotify...
2025-09-25 16:58:04,207 - music_tracker - INFO - Fetched 10 songs from Spotify
2025-09-25 16:58:04,211 - music_tracker - INFO - Found 10 songs from Spotify API
2025-09-25 16:58:04,212 - music_tracker - INFO - Checking for duplicates in database...
2025-09-25 16:58:05,662 - music_tracker - INFO - Found 10 new songs out of 10 total
2025-09-25 16:58:05,664 - music_tracker - INFO - Found 10 new songs to save
2025-09-25 16:58:05,665 - music_tracker - INFO - Saving songs to database...
2025-09-25 16:58:06,205 - music_tracker - INFO - Successfully saved 10 songs to database
2025-09-25 16:58:06,207 - music_tracker - INFO - Successfully saved 10 songs to database
2025-09-25 16:58:06,207 - music_tracker - INFO - Song collection completed successfully
2025-09-25 17:58:03,131 - music_tracker - INFO - SpotiSpy song collection starting...
2025-09-25 17:58:03,131 - music_tracker - INFO - Starting song collection (last 1 hours)
2025-09-25 17:58:03,132 - music_tracker - INFO - Fetching recent tracks from Spotify...
2025-09-25 17:58:03,631 - music_tracker - INFO - Fetched 4 songs from Spotify
2025-09-25 17:58:03,634 - music_tracker - INFO - Found 4 songs from Spotify API
2025-09-25 17:58:03,634 - music_tracker - INFO - Checking for duplicates in database...
2025-09-25 17:58:05,067 - music_tracker - INFO - Found 4 new songs out of 4 total
2025-09-25 17:58:05,069 - music_tracker - INFO - Found 4 new songs to save
2025-09-25 17:58:05,070 - music_tracker - INFO - Saving songs to database...
2025-09-25 17:58:05,489 - music_tracker - INFO - Successfully saved 4 songs to database
2025-09-25 17:58:05,491 - music_tracker - INFO - Successfully saved 4 songs to database
2025-09-25 17:58:05,492 - music_tracker - INFO - Song collection completed successfully
2025-09-25 18:58:03,420 - music_tracker - INFO - SpotiSpy song collection starting...
2025-09-25 18:58:03,420 - music_tracker - INFO - Starting song collection (last 1 hours)
2025-09-25 18:58:03,421 - music_tracker - INFO - Fetching recent tracks from Spotify...
2025-09-25 18:58:09,283 - music_tracker - INFO - Fetched 7 songs from Spotify
2025-09-25 18:58:09,286 - music_tracker - INFO - Found 7 songs from Spotify API
2025-09-25 18:58:09,287 - music_tracker - INFO - Checking for duplicates in database...
2025-09-25 18:58:10,672 - music_tracker - INFO - Found 7 new songs out of 7 total
2025-09-25 18:58:10,674 - music_tracker - INFO - Found 7 new songs to save
2025-09-25 18:58:10,675 - music_tracker - INFO - Saving songs to database...
2025-09-25 18:58:10,989 - music_tracker - INFO - Successfully saved 7 songs to database
2025-09-25 18:58:10,991 - music_tracker - INFO - Successfully saved 7 songs to database
2025-09-25 18:58:10,992 - music_tracker - INFO - Song collection completed successfully
2025-09-25 19:58:02,900 - music_tracker - INFO - SpotiSpy song collection starting...
2025-09-25 19:58:02,901 - music_tracker - INFO - Starting song collection (last 1 hours)
2025-09-25 19:58:02,902 - music_tracker - INFO - Fetching recent tracks from Spotify...
2025-09-25 19:58:03,321 - music_tracker - INFO - No recent songs found from Spotify
2025-09-25 19:58:03,323 - music_tracker - INFO - No new songs found from Spotify API
2025-09-25 19:58:03,324 - music_tracker - INFO - Song collection completed successfully
2025-09-25 20:58:03,244 - music_tracker - INFO - SpotiSpy song collection starting...
2025-09-25 20:58:03,245 - music_tracker - INFO - Starting song collection (last 1 hours)
2025-09-25 20:58:03,246 - music_tracker - INFO - Fetching recent tracks from Spotify...
2025-09-25 20:58:03,702 - music_tracker - INFO - Fetched 3 songs from Spotify
2025-09-25 20:58:03,704 - music_tracker - INFO - Found 3 songs from Spotify API
2025-09-25 20:58:03,705 - music_tracker - INFO - Checking for duplicates in database...
2025-09-25 20:58:04,851 - music_tracker - INFO - Found 3 new songs out of 3 total
2025-09-25 20:58:04,853 - music_tracker - INFO - Found 3 new songs to save
2025-09-25 20:58:04,854 - music_tracker - INFO - Saving songs to database...
2025-09-25 20:58:05,221 - music_tracker - INFO - Successfully saved 3 songs to database
2025-09-25 20:58:05,224 - music_tracker - INFO - Successfully saved 3 songs to database
2025-09-25 20:58:05,224 - music_tracker - INFO - Song collection completed successfully
2025-09-25 21:58:03,142 - music_tracker - INFO - SpotiSpy song collection starting...
2025-09-25 21:58:03,142 - music_tracker - INFO - Starting song collection (last 1 hours)
2025-09-25 21:58:03,143 - music_tracker - INFO - Fetching recent tracks from Spotify...
2025-09-25 21:58:03,677 - music_tracker - INFO - Fetched 9 songs from Spotify
2025-09-25 21:58:03,680 - music_tracker - INFO - Found 9 songs from Spotify API
2025-09-25 21:58:03,681 - music_tracker - INFO - Checking for duplicates in database...
2025-09-25 21:58:05,035 - music_tracker - INFO - Found 9 new songs out of 9 total
2025-09-25 21:58:05,037 - music_tracker - INFO - Found 9 new songs to save
2025-09-25 21:58:05,038 - music_tracker - INFO - Saving songs to database...
2025-09-25 21:58:05,449 - music_tracker - INFO - Successfully saved 9 songs to database
2025-09-25 21:58:05,452 - music_tracker - INFO - Successfully saved 9 songs to database
2025-09-25 21:58:05,452 - music_tracker - INFO - Song collection completed successfully
2025-09-25 22:58:03,375 - music_tracker - INFO - SpotiSpy song collection starting...
2025-09-25 22:58:03,376 - music_tracker - INFO - Starting song collection (last 1 hours)
2025-09-25 22:58:03,376 - music_tracker - INFO - Fetching recent tracks from Spotify...
2025-09-25 22:58:03,757 - music_tracker - INFO - No recent songs found from Spotify
2025-09-25 22:58:03,759 - music_tracker - INFO - No new songs found from Spotify API
2025-09-25 22:58:03,759 - music_tracker - INFO - Song collection completed successfully
2025-09-25 23:58:02,645 - music_tracker - INFO - SpotiSpy song collection starting...
2025-09-25 23:58:02,646 - music_tracker - INFO - Starting song collection (last 1 hours)
2025-09-25 23:58:02,646 - music_tracker - INFO - Fetching recent tracks from Spotify...
2025-09-25 23:58:03,110 - music_tracker - INFO - No recent songs found from Spotify
2025-09-25 23:58:03,112 - music_tracker - INFO - No new songs found from Spotify API
2025-09-25 23:58:03,113 - music_tracker - INFO - Song collection completed successfully
