2025-08-13 00:58:02,930 - music_tracker - INFO - SpotiSpy song collection starting...
2025-08-13 00:58:02,931 - music_tracker - INFO - Starting song collection (last 1 hours)
2025-08-13 00:58:02,931 - music_tracker - INFO - Fetching recent tracks from Spotify...
2025-08-13 00:58:03,287 - music_tracker - INFO - No recent songs found from Spotify
2025-08-13 00:58:03,289 - music_tracker - INFO - No new songs found from Spotify API
2025-08-13 00:58:03,289 - music_tracker - INFO - Song collection completed successfully
2025-08-13 01:58:03,218 - music_tracker - INFO - SpotiSpy song collection starting...
2025-08-13 01:58:03,218 - music_tracker - INFO - Starting song collection (last 1 hours)
2025-08-13 01:58:03,219 - music_tracker - INFO - Fetching recent tracks from Spotify...
2025-08-13 01:58:03,557 - music_tracker - INFO - No recent songs found from Spotify
2025-08-13 01:58:03,559 - music_tracker - INFO - No new songs found from Spotify API
2025-08-13 01:58:03,559 - music_tracker - INFO - Song collection completed successfully
2025-08-13 02:58:03,453 - music_tracker - INFO - SpotiSpy song collection starting...
2025-08-13 02:58:03,454 - music_tracker - INFO - Starting song collection (last 1 hours)
2025-08-13 02:58:03,455 - music_tracker - INFO - Fetching recent tracks from Spotify...
2025-08-13 02:58:03,787 - music_tracker - INFO - No recent songs found from Spotify
2025-08-13 02:58:03,789 - music_tracker - INFO - No new songs found from Spotify API
2025-08-13 02:58:03,790 - music_tracker - INFO - Song collection completed successfully
2025-08-13 03:58:02,754 - music_tracker - INFO - SpotiSpy song collection starting...
2025-08-13 03:58:02,755 - music_tracker - INFO - Starting song collection (last 1 hours)
2025-08-13 03:58:02,756 - music_tracker - INFO - Fetching recent tracks from Spotify...
2025-08-13 03:58:03,111 - music_tracker - INFO - No recent songs found from Spotify
2025-08-13 03:58:03,113 - music_tracker - INFO - No new songs found from Spotify API
2025-08-13 03:58:03,113 - music_tracker - INFO - Song collection completed successfully
2025-08-13 04:58:03,007 - music_tracker - INFO - SpotiSpy song collection starting...
2025-08-13 04:58:03,008 - music_tracker - INFO - Starting song collection (last 1 hours)
2025-08-13 04:58:03,009 - music_tracker - INFO - Fetching recent tracks from Spotify...
2025-08-13 04:58:03,372 - music_tracker - INFO - No recent songs found from Spotify
2025-08-13 04:58:03,374 - music_tracker - INFO - No new songs found from Spotify API
2025-08-13 04:58:03,375 - music_tracker - INFO - Song collection completed successfully
2025-08-13 05:58:03,279 - music_tracker - INFO - SpotiSpy song collection starting...
2025-08-13 05:58:03,280 - music_tracker - INFO - Starting song collection (last 1 hours)
2025-08-13 05:58:03,280 - music_tracker - INFO - Fetching recent tracks from Spotify...
2025-08-13 05:58:03,617 - music_tracker - INFO - No recent songs found from Spotify
2025-08-13 05:58:03,619 - music_tracker - INFO - No new songs found from Spotify API
2025-08-13 05:58:03,619 - music_tracker - INFO - Song collection completed successfully
2025-08-13 06:58:02,741 - music_tracker - INFO - SpotiSpy song collection starting...
2025-08-13 06:58:02,743 - music_tracker - INFO - Starting song collection (last 1 hours)
2025-08-13 06:58:02,744 - music_tracker - INFO - Fetching recent tracks from Spotify...
2025-08-13 06:58:03,105 - music_tracker - INFO - No recent songs found from Spotify
2025-08-13 06:58:03,108 - music_tracker - INFO - No new songs found from Spotify API
2025-08-13 06:58:03,108 - music_tracker - INFO - Song collection completed successfully
2025-08-13 07:58:03,487 - music_tracker - INFO - SpotiSpy song collection starting...
2025-08-13 07:58:03,487 - music_tracker - INFO - Starting song collection (last 1 hours)
2025-08-13 07:58:03,488 - music_tracker - INFO - Fetching recent tracks from Spotify...
2025-08-13 07:58:03,890 - music_tracker - INFO - No recent songs found from Spotify
2025-08-13 07:58:03,892 - music_tracker - INFO - No new songs found from Spotify API
2025-08-13 07:58:03,893 - music_tracker - INFO - Song collection completed successfully
2025-08-13 08:58:03,109 - music_tracker - INFO - SpotiSpy song collection starting...
2025-08-13 08:58:03,109 - music_tracker - INFO - Starting song collection (last 1 hours)
2025-08-13 08:58:03,110 - music_tracker - INFO - Fetching recent tracks from Spotify...
2025-08-13 08:58:03,551 - music_tracker - INFO - No recent songs found from Spotify
2025-08-13 08:58:03,553 - music_tracker - INFO - No new songs found from Spotify API
2025-08-13 08:58:03,554 - music_tracker - INFO - Song collection completed successfully
2025-08-13 09:00:13,049 - music_tracker - INFO - SpotiSpy starting...
2025-08-13 09:00:13,050 - music_tracker - INFO - Starting daily SpotiSpy analysis
2025-08-13 09:00:13,050 - music_tracker - INFO - Fetching yesterday's listening data...
2025-08-13 09:00:18,646 - music_tracker - INFO - Fetched 121 songs from database
2025-08-13 09:00:18,650 - music_tracker - INFO - Found 121 songs to analyze
2025-08-13 09:00:18,651 - music_tracker - INFO - Running analysis...
2025-08-13 09:00:18,665 - music_tracker - INFO - Sending daily summary to Slack...
2025-08-13 09:00:30,114 - music_tracker - INFO - Message sent successfully to Slack
2025-08-13 09:00:30,114 - music_tracker - INFO - Daily analysis completed successfully!
2025-08-13 09:00:30,115 - music_tracker - INFO - SpotiSpy completed successfully
2025-08-13 09:58:02,986 - music_tracker - INFO - SpotiSpy song collection starting...
2025-08-13 09:58:02,987 - music_tracker - INFO - Starting song collection (last 1 hours)
2025-08-13 09:58:02,988 - music_tracker - INFO - Fetching recent tracks from Spotify...
2025-08-13 09:58:03,370 - music_tracker - INFO - No recent songs found from Spotify
2025-08-13 09:58:03,372 - music_tracker - INFO - No new songs found from Spotify API
2025-08-13 09:58:03,373 - music_tracker - INFO - Song collection completed successfully
2025-08-13 10:58:03,265 - music_tracker - INFO - SpotiSpy song collection starting...
2025-08-13 10:58:03,266 - music_tracker - INFO - Starting song collection (last 1 hours)
2025-08-13 10:58:03,267 - music_tracker - INFO - Fetching recent tracks from Spotify...
2025-08-13 10:58:03,659 - music_tracker - INFO - No recent songs found from Spotify
2025-08-13 10:58:03,661 - music_tracker - INFO - No new songs found from Spotify API
2025-08-13 10:58:03,662 - music_tracker - INFO - Song collection completed successfully
2025-08-13 11:58:03,551 - music_tracker - INFO - SpotiSpy song collection starting...
2025-08-13 11:58:03,552 - music_tracker - INFO - Starting song collection (last 1 hours)
2025-08-13 11:58:03,552 - music_tracker - INFO - Fetching recent tracks from Spotify...
2025-08-13 11:58:08,969 - music_tracker - INFO - No recent songs found from Spotify
2025-08-13 11:58:08,972 - music_tracker - INFO - No new songs found from Spotify API
2025-08-13 11:58:08,972 - music_tracker - INFO - Song collection completed successfully
2025-08-13 12:58:02,954 - music_tracker - INFO - SpotiSpy song collection starting...
2025-08-13 12:58:02,955 - music_tracker - INFO - Starting song collection (last 1 hours)
2025-08-13 12:58:02,955 - music_tracker - INFO - Fetching recent tracks from Spotify...
2025-08-13 12:58:03,673 - music_tracker - INFO - Fetched 10 songs from Spotify
2025-08-13 12:58:03,677 - music_tracker - INFO - Found 10 songs from Spotify API
2025-08-13 12:58:03,678 - music_tracker - INFO - Checking for duplicates in database...
2025-08-13 12:58:04,239 - music_tracker - INFO - Found 10 new songs out of 10 total
2025-08-13 12:58:04,241 - music_tracker - INFO - Found 10 new songs to save
2025-08-13 12:58:04,242 - music_tracker - INFO - Saving songs to database...
2025-08-13 12:58:04,653 - music_tracker - ERROR - Error saving to database: 400 Client Error: Bad Request for url: https://wpbsuyhjgwjugsqkriqe.supabase.co/rest/v1/songs
2025-08-13 12:58:04,654 - music_tracker - ERROR - Failed to save songs to database
2025-08-13 12:58:04,655 - music_tracker - ERROR - Song collection completed with errors
2025-08-13 13:58:03,571 - music_tracker - INFO - SpotiSpy song collection starting...
2025-08-13 13:58:03,571 - music_tracker - INFO - Starting song collection (last 1 hours)
2025-08-13 13:58:03,572 - music_tracker - INFO - Fetching recent tracks from Spotify...
2025-08-13 13:58:03,951 - music_tracker - INFO - No recent songs found from Spotify
2025-08-13 13:58:03,953 - music_tracker - INFO - No new songs found from Spotify API
2025-08-13 13:58:03,953 - music_tracker - INFO - Song collection completed successfully
2025-08-13 14:58:02,868 - music_tracker - INFO - SpotiSpy song collection starting...
2025-08-13 14:58:02,868 - music_tracker - INFO - Starting song collection (last 1 hours)
2025-08-13 14:58:02,869 - music_tracker - INFO - Fetching recent tracks from Spotify...
2025-08-13 14:58:08,387 - music_tracker - INFO - Fetched 1 songs from Spotify
2025-08-13 14:58:08,390 - music_tracker - INFO - Found 1 songs from Spotify API
2025-08-13 14:58:08,391 - music_tracker - INFO - Checking for duplicates in database...
2025-08-13 14:58:09,504 - music_tracker - INFO - Found 1 new songs out of 1 total
2025-08-13 14:58:09,506 - music_tracker - INFO - Found 1 new songs to save
2025-08-13 14:58:09,506 - music_tracker - INFO - Saving songs to database...
2025-08-13 14:58:09,811 - music_tracker - INFO - Successfully saved 1 songs to database
2025-08-13 14:58:09,813 - music_tracker - INFO - Successfully saved 1 songs to database
2025-08-13 14:58:09,813 - music_tracker - INFO - Song collection completed successfully
2025-08-13 15:58:02,698 - music_tracker - INFO - SpotiSpy song collection starting...
2025-08-13 15:58:02,699 - music_tracker - INFO - Starting song collection (last 1 hours)
2025-08-13 15:58:02,700 - music_tracker - INFO - Fetching recent tracks from Spotify...
2025-08-13 15:58:03,306 - music_tracker - INFO - Fetched 15 songs from Spotify
2025-08-13 15:58:03,309 - music_tracker - INFO - Found 15 songs from Spotify API
2025-08-13 15:58:03,310 - music_tracker - INFO - Checking for duplicates in database...
2025-08-13 15:58:03,693 - music_tracker - INFO - Found 15 new songs out of 15 total
2025-08-13 15:58:03,695 - music_tracker - INFO - Found 15 new songs to save
2025-08-13 15:58:03,696 - music_tracker - INFO - Saving songs to database...
2025-08-13 15:58:03,960 - music_tracker - ERROR - Error saving to database: 400 Client Error: Bad Request for url: https://wpbsuyhjgwjugsqkriqe.supabase.co/rest/v1/songs
2025-08-13 15:58:03,962 - music_tracker - ERROR - Failed to save songs to database
2025-08-13 15:58:03,963 - music_tracker - ERROR - Song collection completed with errors
2025-08-13 16:58:02,880 - music_tracker - INFO - SpotiSpy song collection starting...
2025-08-13 16:58:02,880 - music_tracker - INFO - Starting song collection (last 1 hours)
2025-08-13 16:58:02,881 - music_tracker - INFO - Fetching recent tracks from Spotify...
2025-08-13 16:58:03,398 - music_tracker - INFO - Fetched 15 songs from Spotify
2025-08-13 16:58:03,401 - music_tracker - INFO - Found 15 songs from Spotify API
2025-08-13 16:58:03,402 - music_tracker - INFO - Checking for duplicates in database...
2025-08-13 16:58:03,742 - music_tracker - INFO - Found 15 new songs out of 15 total
2025-08-13 16:58:03,744 - music_tracker - INFO - Found 15 new songs to save
2025-08-13 16:58:03,745 - music_tracker - INFO - Saving songs to database...
2025-08-13 16:58:04,002 - music_tracker - ERROR - Error saving to database: 400 Client Error: Bad Request for url: https://wpbsuyhjgwjugsqkriqe.supabase.co/rest/v1/songs
2025-08-13 16:58:04,005 - music_tracker - ERROR - Failed to save songs to database
2025-08-13 16:58:04,005 - music_tracker - ERROR - Song collection completed with errors
2025-08-13 17:58:02,922 - music_tracker - INFO - SpotiSpy song collection starting...
2025-08-13 17:58:02,923 - music_tracker - INFO - Starting song collection (last 1 hours)
2025-08-13 17:58:02,924 - music_tracker - INFO - Fetching recent tracks from Spotify...
2025-08-13 17:58:03,377 - music_tracker - INFO - Fetched 2 songs from Spotify
2025-08-13 17:58:03,379 - music_tracker - INFO - Found 2 songs from Spotify API
2025-08-13 17:58:03,380 - music_tracker - INFO - Checking for duplicates in database...
2025-08-13 17:58:03,881 - music_tracker - INFO - Found 2 new songs out of 2 total
2025-08-13 17:58:03,883 - music_tracker - INFO - Found 2 new songs to save
2025-08-13 17:58:03,884 - music_tracker - INFO - Saving songs to database...
2025-08-13 17:58:04,180 - music_tracker - ERROR - Error saving to database: 400 Client Error: Bad Request for url: https://wpbsuyhjgwjugsqkriqe.supabase.co/rest/v1/songs
2025-08-13 17:58:04,182 - music_tracker - ERROR - Failed to save songs to database
2025-08-13 17:58:04,183 - music_tracker - ERROR - Song collection completed with errors
2025-08-13 18:58:03,088 - music_tracker - INFO - SpotiSpy song collection starting...
2025-08-13 18:58:03,089 - music_tracker - INFO - Starting song collection (last 1 hours)
2025-08-13 18:58:03,090 - music_tracker - INFO - Fetching recent tracks from Spotify...
2025-08-13 18:58:03,486 - music_tracker - INFO - No recent songs found from Spotify
2025-08-13 18:58:03,488 - music_tracker - INFO - No new songs found from Spotify API
2025-08-13 18:58:03,488 - music_tracker - INFO - Song collection completed successfully
2025-08-13 19:58:03,369 - music_tracker - INFO - SpotiSpy song collection starting...
2025-08-13 19:58:03,370 - music_tracker - INFO - Starting song collection (last 1 hours)
2025-08-13 19:58:03,370 - music_tracker - INFO - Fetching recent tracks from Spotify...
2025-08-13 19:58:03,744 - music_tracker - INFO - No recent songs found from Spotify
2025-08-13 19:58:03,746 - music_tracker - INFO - No new songs found from Spotify API
2025-08-13 19:58:03,747 - music_tracker - INFO - Song collection completed successfully
2025-08-13 20:58:02,652 - music_tracker - INFO - SpotiSpy song collection starting...
2025-08-13 20:58:02,653 - music_tracker - INFO - Starting song collection (last 1 hours)
2025-08-13 20:58:02,653 - music_tracker - INFO - Fetching recent tracks from Spotify...
2025-08-13 20:58:03,023 - music_tracker - INFO - No recent songs found from Spotify
2025-08-13 20:58:03,025 - music_tracker - INFO - No new songs found from Spotify API
2025-08-13 20:58:03,026 - music_tracker - INFO - Song collection completed successfully
2025-08-13 21:58:02,917 - music_tracker - INFO - SpotiSpy song collection starting...
2025-08-13 21:58:02,918 - music_tracker - INFO - Starting song collection (last 1 hours)
2025-08-13 21:58:02,919 - music_tracker - INFO - Fetching recent tracks from Spotify...
2025-08-13 21:58:03,334 - music_tracker - INFO - Fetched 1 songs from Spotify
2025-08-13 21:58:03,336 - music_tracker - INFO - Found 1 songs from Spotify API
2025-08-13 21:58:03,337 - music_tracker - INFO - Checking for duplicates in database...
2025-08-13 21:58:03,732 - music_tracker - INFO - Found 1 new songs out of 1 total
2025-08-13 21:58:03,734 - music_tracker - INFO - Found 1 new songs to save
2025-08-13 21:58:03,735 - music_tracker - INFO - Saving songs to database...
2025-08-13 21:58:03,951 - music_tracker - INFO - Successfully saved 1 songs to database
2025-08-13 21:58:03,952 - music_tracker - INFO - Successfully saved 1 songs to database
2025-08-13 21:58:03,953 - music_tracker - INFO - Song collection completed successfully
2025-08-13 22:58:04,456 - music_tracker - INFO - SpotiSpy song collection starting...
2025-08-13 22:58:04,457 - music_tracker - INFO - Starting song collection (last 1 hours)
2025-08-13 22:58:04,458 - music_tracker - INFO - Fetching recent tracks from Spotify...
2025-08-13 22:58:04,925 - music_tracker - INFO - No recent songs found from Spotify
2025-08-13 22:58:04,927 - music_tracker - INFO - No new songs found from Spotify API
2025-08-13 22:58:04,927 - music_tracker - INFO - Song collection completed successfully
2025-08-13 23:58:02,866 - music_tracker - INFO - SpotiSpy song collection starting...
2025-08-13 23:58:02,866 - music_tracker - INFO - Starting song collection (last 1 hours)
2025-08-13 23:58:02,867 - music_tracker - INFO - Fetching recent tracks from Spotify...
2025-08-13 23:58:03,258 - music_tracker - INFO - No recent songs found from Spotify
2025-08-13 23:58:03,260 - music_tracker - INFO - No new songs found from Spotify API
2025-08-13 23:58:03,261 - music_tracker - INFO - Song collection completed successfully
