2025-09-15 00:58:03,400 - music_tracker - INFO - SpotiSpy song collection starting...
2025-09-15 00:58:03,401 - music_tracker - INFO - Starting song collection (last 1 hours)
2025-09-15 00:58:03,402 - music_tracker - INFO - Fetching recent tracks from Spotify...
2025-09-15 00:58:03,771 - music_tracker - INFO - No recent songs found from Spotify
2025-09-15 00:58:03,773 - music_tracker - INFO - No new songs found from Spotify API
2025-09-15 00:58:03,773 - music_tracker - INFO - Song collection completed successfully
2025-09-15 01:58:02,768 - music_tracker - INFO - SpotiSpy song collection starting...
2025-09-15 01:58:02,768 - music_tracker - INFO - Starting song collection (last 1 hours)
2025-09-15 01:58:02,769 - music_tracker - INFO - Fetching recent tracks from Spotify...
2025-09-15 01:58:03,138 - music_tracker - INFO - No recent songs found from Spotify
2025-09-15 01:58:03,140 - music_tracker - INFO - No new songs found from Spotify API
2025-09-15 01:58:03,140 - music_tracker - INFO - Song collection completed successfully
2025-09-15 02:58:03,047 - music_tracker - INFO - SpotiSpy song collection starting...
2025-09-15 02:58:03,048 - music_tracker - INFO - Starting song collection (last 1 hours)
2025-09-15 02:58:03,048 - music_tracker - INFO - Fetching recent tracks from Spotify...
2025-09-15 02:58:03,420 - music_tracker - INFO - No recent songs found from Spotify
2025-09-15 02:58:03,422 - music_tracker - INFO - No new songs found from Spotify API
2025-09-15 02:58:03,423 - music_tracker - INFO - Song collection completed successfully
2025-09-15 03:58:03,338 - music_tracker - INFO - SpotiSpy song collection starting...
2025-09-15 03:58:03,339 - music_tracker - INFO - Starting song collection (last 1 hours)
2025-09-15 03:58:03,339 - music_tracker - INFO - Fetching recent tracks from Spotify...
2025-09-15 03:58:03,698 - music_tracker - INFO - No recent songs found from Spotify
2025-09-15 03:58:03,700 - music_tracker - INFO - No new songs found from Spotify API
2025-09-15 03:58:03,701 - music_tracker - INFO - Song collection completed successfully
2025-09-15 04:58:03,595 - music_tracker - INFO - SpotiSpy song collection starting...
2025-09-15 04:58:03,595 - music_tracker - INFO - Starting song collection (last 1 hours)
2025-09-15 04:58:03,596 - music_tracker - INFO - Fetching recent tracks from Spotify...
2025-09-15 04:58:03,948 - music_tracker - INFO - No recent songs found from Spotify
2025-09-15 04:58:03,950 - music_tracker - INFO - No new songs found from Spotify API
2025-09-15 04:58:03,951 - music_tracker - INFO - Song collection completed successfully
2025-09-15 05:58:02,842 - music_tracker - INFO - SpotiSpy song collection starting...
2025-09-15 05:58:02,842 - music_tracker - INFO - Starting song collection (last 1 hours)
2025-09-15 05:58:02,843 - music_tracker - INFO - Fetching recent tracks from Spotify...
2025-09-15 05:58:08,345 - music_tracker - INFO - No recent songs found from Spotify
2025-09-15 05:58:08,348 - music_tracker - INFO - No new songs found from Spotify API
2025-09-15 05:58:08,349 - music_tracker - INFO - Song collection completed successfully
2025-09-15 06:58:03,330 - music_tracker - INFO - SpotiSpy song collection starting...
2025-09-15 06:58:03,331 - music_tracker - INFO - Starting song collection (last 1 hours)
2025-09-15 06:58:03,332 - music_tracker - INFO - Fetching recent tracks from Spotify...
2025-09-15 06:58:03,712 - music_tracker - INFO - No recent songs found from Spotify
2025-09-15 06:58:03,714 - music_tracker - INFO - No new songs found from Spotify API
2025-09-15 06:58:03,715 - music_tracker - INFO - Song collection completed successfully
2025-09-15 07:58:02,627 - music_tracker - INFO - SpotiSpy song collection starting...
2025-09-15 07:58:02,627 - music_tracker - INFO - Starting song collection (last 1 hours)
2025-09-15 07:58:02,628 - music_tracker - INFO - Fetching recent tracks from Spotify...
2025-09-15 07:58:03,089 - music_tracker - INFO - Fetched 2 songs from Spotify
2025-09-15 07:58:03,091 - music_tracker - INFO - Found 2 songs from Spotify API
2025-09-15 07:58:03,092 - music_tracker - INFO - Checking for duplicates in database...
2025-09-15 07:58:04,722 - music_tracker - INFO - Found 2 new songs out of 2 total
2025-09-15 07:58:04,725 - music_tracker - INFO - Found 2 new songs to save
2025-09-15 07:58:04,725 - music_tracker - INFO - Saving songs to database...
2025-09-15 07:58:05,101 - music_tracker - INFO - Successfully saved 2 songs to database
2025-09-15 07:58:05,103 - music_tracker - INFO - Successfully saved 2 songs to database
2025-09-15 07:58:05,104 - music_tracker - INFO - Song collection completed successfully
2025-09-15 08:58:03,028 - music_tracker - INFO - SpotiSpy song collection starting...
2025-09-15 08:58:03,029 - music_tracker - INFO - Starting song collection (last 1 hours)
2025-09-15 08:58:03,030 - music_tracker - INFO - Fetching recent tracks from Spotify...
2025-09-15 08:58:03,461 - music_tracker - INFO - Fetched 9 songs from Spotify
2025-09-15 08:58:03,464 - music_tracker - INFO - Found 9 songs from Spotify API
2025-09-15 08:58:03,465 - music_tracker - INFO - Checking for duplicates in database...
2025-09-15 08:58:04,720 - music_tracker - INFO - Found 9 new songs out of 9 total
2025-09-15 08:58:04,722 - music_tracker - INFO - Found 9 new songs to save
2025-09-15 08:58:04,723 - music_tracker - INFO - Saving songs to database...
2025-09-15 08:58:05,067 - music_tracker - INFO - Successfully saved 9 songs to database
2025-09-15 08:58:05,069 - music_tracker - INFO - Successfully saved 9 songs to database
2025-09-15 08:58:05,070 - music_tracker - INFO - Song collection completed successfully
2025-09-15 09:00:12,243 - music_tracker - INFO - SpotiSpy starting...
2025-09-15 09:00:12,243 - music_tracker - INFO - Starting daily SpotiSpy analysis
2025-09-15 09:00:12,244 - music_tracker - INFO - Fetching yesterday's listening data...
2025-09-15 09:00:12,649 - music_tracker - INFO - Fetched 39 songs from database
2025-09-15 09:00:12,651 - music_tracker - INFO - Found 39 songs to analyze
2025-09-15 09:00:12,652 - music_tracker - INFO - Running analysis...
2025-09-15 09:00:12,655 - music_tracker - INFO - Sending daily summary to Slack...
2025-09-15 09:00:13,717 - music_tracker - INFO - Message sent successfully to Slack
2025-09-15 09:00:13,718 - music_tracker - INFO - Daily analysis completed successfully!
2025-09-15 09:00:13,718 - music_tracker - INFO - SpotiSpy completed successfully
2025-09-15 09:58:03,834 - music_tracker - INFO - SpotiSpy song collection starting...
2025-09-15 09:58:03,836 - music_tracker - INFO - Starting song collection (last 1 hours)
2025-09-15 09:58:03,836 - music_tracker - INFO - Fetching recent tracks from Spotify...
2025-09-15 09:58:04,439 - music_tracker - INFO - Fetched 1 songs from Spotify
2025-09-15 09:58:04,442 - music_tracker - INFO - Found 1 songs from Spotify API
2025-09-15 09:58:04,443 - music_tracker - INFO - Checking for duplicates in database...
2025-09-15 09:58:05,691 - music_tracker - INFO - Found 1 new songs out of 1 total
2025-09-15 09:58:05,693 - music_tracker - INFO - Found 1 new songs to save
2025-09-15 09:58:05,694 - music_tracker - INFO - Saving songs to database...
2025-09-15 09:58:06,044 - music_tracker - INFO - Successfully saved 1 songs to database
2025-09-15 09:58:06,052 - music_tracker - INFO - Successfully saved 1 songs to database
2025-09-15 09:58:06,052 - music_tracker - INFO - Song collection completed successfully
2025-09-15 10:58:02,986 - music_tracker - INFO - SpotiSpy song collection starting...
2025-09-15 10:58:02,987 - music_tracker - INFO - Starting song collection (last 1 hours)
2025-09-15 10:58:02,987 - music_tracker - INFO - Fetching recent tracks from Spotify...
2025-09-15 10:58:03,482 - music_tracker - INFO - Fetched 12 songs from Spotify
2025-09-15 10:58:03,485 - music_tracker - INFO - Found 12 songs from Spotify API
2025-09-15 10:58:03,486 - music_tracker - INFO - Checking for duplicates in database...
2025-09-15 10:58:04,902 - music_tracker - INFO - Found 12 new songs out of 12 total
2025-09-15 10:58:04,904 - music_tracker - INFO - Found 12 new songs to save
2025-09-15 10:58:04,905 - music_tracker - INFO - Saving songs to database...
2025-09-15 10:58:05,209 - music_tracker - INFO - Successfully saved 12 songs to database
2025-09-15 10:58:05,211 - music_tracker - INFO - Successfully saved 12 songs to database
2025-09-15 10:58:05,212 - music_tracker - INFO - Song collection completed successfully
2025-09-15 11:58:03,136 - music_tracker - INFO - SpotiSpy song collection starting...
2025-09-15 11:58:03,137 - music_tracker - INFO - Starting song collection (last 1 hours)
2025-09-15 11:58:03,137 - music_tracker - INFO - Fetching recent tracks from Spotify...
2025-09-15 11:58:03,600 - music_tracker - INFO - Fetched 14 songs from Spotify
2025-09-15 11:58:03,603 - music_tracker - INFO - Found 14 songs from Spotify API
2025-09-15 11:58:03,604 - music_tracker - INFO - Checking for duplicates in database...
2025-09-15 11:58:05,044 - music_tracker - INFO - Found 14 new songs out of 14 total
2025-09-15 11:58:05,046 - music_tracker - INFO - Found 14 new songs to save
2025-09-15 11:58:05,047 - music_tracker - INFO - Saving songs to database...
2025-09-15 11:58:05,481 - music_tracker - INFO - Successfully saved 14 songs to database
2025-09-15 11:58:05,483 - music_tracker - INFO - Successfully saved 14 songs to database
2025-09-15 11:58:05,484 - music_tracker - INFO - Song collection completed successfully
2025-09-15 12:58:03,410 - music_tracker - INFO - SpotiSpy song collection starting...
2025-09-15 12:58:03,410 - music_tracker - INFO - Starting song collection (last 1 hours)
2025-09-15 12:58:03,411 - music_tracker - INFO - Fetching recent tracks from Spotify...
2025-09-15 12:58:03,875 - music_tracker - INFO - Fetched 6 songs from Spotify
2025-09-15 12:58:03,878 - music_tracker - INFO - Found 6 songs from Spotify API
2025-09-15 12:58:03,879 - music_tracker - INFO - Checking for duplicates in database...
2025-09-15 12:58:05,222 - music_tracker - INFO - Found 6 new songs out of 6 total
2025-09-15 12:58:05,224 - music_tracker - INFO - Found 6 new songs to save
2025-09-15 12:58:05,225 - music_tracker - INFO - Saving songs to database...
2025-09-15 12:58:05,599 - music_tracker - INFO - Successfully saved 6 songs to database
2025-09-15 12:58:05,601 - music_tracker - INFO - Successfully saved 6 songs to database
2025-09-15 12:58:05,602 - music_tracker - INFO - Song collection completed successfully
2025-09-15 13:58:03,526 - music_tracker - INFO - SpotiSpy song collection starting...
2025-09-15 13:58:03,527 - music_tracker - INFO - Starting song collection (last 1 hours)
2025-09-15 13:58:03,528 - music_tracker - INFO - Fetching recent tracks from Spotify...
2025-09-15 13:58:03,986 - music_tracker - INFO - Fetched 11 songs from Spotify
2025-09-15 13:58:03,989 - music_tracker - INFO - Found 11 songs from Spotify API
2025-09-15 13:58:03,990 - music_tracker - INFO - Checking for duplicates in database...
2025-09-15 13:58:05,335 - music_tracker - INFO - Found 11 new songs out of 11 total
2025-09-15 13:58:05,337 - music_tracker - INFO - Found 11 new songs to save
2025-09-15 13:58:05,338 - music_tracker - INFO - Saving songs to database...
2025-09-15 13:58:05,741 - music_tracker - INFO - Successfully saved 11 songs to database
2025-09-15 13:58:05,743 - music_tracker - INFO - Successfully saved 11 songs to database
2025-09-15 13:58:05,744 - music_tracker - INFO - Song collection completed successfully
2025-09-15 14:58:02,648 - music_tracker - INFO - SpotiSpy song collection starting...
2025-09-15 14:58:02,649 - music_tracker - INFO - Starting song collection (last 1 hours)
2025-09-15 14:58:02,649 - music_tracker - INFO - Fetching recent tracks from Spotify...
2025-09-15 14:58:03,254 - music_tracker - INFO - Fetched 12 songs from Spotify
2025-09-15 14:58:03,257 - music_tracker - INFO - Found 12 songs from Spotify API
2025-09-15 14:58:03,257 - music_tracker - INFO - Checking for duplicates in database...
2025-09-15 14:58:04,658 - music_tracker - INFO - Found 12 new songs out of 12 total
2025-09-15 14:58:04,660 - music_tracker - INFO - Found 12 new songs to save
2025-09-15 14:58:04,661 - music_tracker - INFO - Saving songs to database...
2025-09-15 14:58:05,062 - music_tracker - INFO - Successfully saved 12 songs to database
2025-09-15 14:58:05,065 - music_tracker - INFO - Successfully saved 12 songs to database
2025-09-15 14:58:05,065 - music_tracker - INFO - Song collection completed successfully
2025-09-15 15:58:02,976 - music_tracker - INFO - SpotiSpy song collection starting...
2025-09-15 15:58:02,977 - music_tracker - INFO - Starting song collection (last 1 hours)
2025-09-15 15:58:02,977 - music_tracker - INFO - Fetching recent tracks from Spotify...
2025-09-15 15:58:03,667 - music_tracker - INFO - Fetched 15 songs from Spotify
2025-09-15 15:58:03,672 - music_tracker - INFO - Found 15 songs from Spotify API
2025-09-15 15:58:03,672 - music_tracker - INFO - Checking for duplicates in database...
2025-09-15 15:58:04,811 - music_tracker - INFO - Found 15 new songs out of 15 total
2025-09-15 15:58:04,813 - music_tracker - INFO - Found 15 new songs to save
2025-09-15 15:58:04,814 - music_tracker - INFO - Saving songs to database...
2025-09-15 15:58:05,242 - music_tracker - INFO - Successfully saved 15 songs to database
2025-09-15 15:58:05,244 - music_tracker - INFO - Successfully saved 15 songs to database
2025-09-15 15:58:05,245 - music_tracker - INFO - Song collection completed successfully
2025-09-15 16:58:03,168 - music_tracker - INFO - SpotiSpy song collection starting...
2025-09-15 16:58:03,169 - music_tracker - INFO - Starting song collection (last 1 hours)
2025-09-15 16:58:03,169 - music_tracker - INFO - Fetching recent tracks from Spotify...
2025-09-15 16:58:03,856 - music_tracker - INFO - Fetched 16 songs from Spotify
2025-09-15 16:58:03,859 - music_tracker - INFO - Found 16 songs from Spotify API
2025-09-15 16:58:03,860 - music_tracker - INFO - Checking for duplicates in database...
2025-09-15 16:58:05,440 - music_tracker - INFO - Found 16 new songs out of 16 total
2025-09-15 16:58:05,442 - music_tracker - INFO - Found 16 new songs to save
2025-09-15 16:58:05,443 - music_tracker - INFO - Saving songs to database...
2025-09-15 16:58:05,961 - music_tracker - INFO - Successfully saved 16 songs to database
2025-09-15 16:58:05,963 - music_tracker - INFO - Successfully saved 16 songs to database
2025-09-15 16:58:05,964 - music_tracker - INFO - Song collection completed successfully
2025-09-15 17:58:02,888 - music_tracker - INFO - SpotiSpy song collection starting...
2025-09-15 17:58:02,889 - music_tracker - INFO - Starting song collection (last 1 hours)
2025-09-15 17:58:02,889 - music_tracker - INFO - Fetching recent tracks from Spotify...
2025-09-15 17:58:03,843 - music_tracker - INFO - Fetched 14 songs from Spotify
2025-09-15 17:58:03,848 - music_tracker - INFO - Found 14 songs from Spotify API
2025-09-15 17:58:03,849 - music_tracker - INFO - Checking for duplicates in database...
2025-09-15 17:58:05,237 - music_tracker - INFO - Found 14 new songs out of 14 total
2025-09-15 17:58:05,240 - music_tracker - INFO - Found 14 new songs to save
2025-09-15 17:58:05,241 - music_tracker - INFO - Saving songs to database...
2025-09-15 17:58:05,749 - music_tracker - INFO - Successfully saved 14 songs to database
2025-09-15 17:58:05,751 - music_tracker - INFO - Successfully saved 14 songs to database
2025-09-15 17:58:05,752 - music_tracker - INFO - Song collection completed successfully
2025-09-15 18:58:02,658 - music_tracker - INFO - SpotiSpy song collection starting...
2025-09-15 18:58:02,658 - music_tracker - INFO - Starting song collection (last 1 hours)
2025-09-15 18:58:02,659 - music_tracker - INFO - Fetching recent tracks from Spotify...
2025-09-15 18:58:03,253 - music_tracker - INFO - Fetched 2 songs from Spotify
2025-09-15 18:58:03,255 - music_tracker - INFO - Found 2 songs from Spotify API
2025-09-15 18:58:03,256 - music_tracker - INFO - Checking for duplicates in database...
2025-09-15 18:58:04,629 - music_tracker - INFO - Found 2 new songs out of 2 total
2025-09-15 18:58:04,631 - music_tracker - INFO - Found 2 new songs to save
2025-09-15 18:58:04,632 - music_tracker - INFO - Saving songs to database...
2025-09-15 18:58:05,115 - music_tracker - INFO - Successfully saved 2 songs to database
2025-09-15 18:58:05,116 - music_tracker - INFO - Successfully saved 2 songs to database
2025-09-15 18:58:05,117 - music_tracker - INFO - Song collection completed successfully
2025-09-15 19:58:03,012 - music_tracker - INFO - SpotiSpy song collection starting...
2025-09-15 19:58:03,013 - music_tracker - INFO - Starting song collection (last 1 hours)
2025-09-15 19:58:03,014 - music_tracker - INFO - Fetching recent tracks from Spotify...
2025-09-15 19:58:09,006 - music_tracker - INFO - Fetched 3 songs from Spotify
2025-09-15 19:58:09,009 - music_tracker - INFO - Found 3 songs from Spotify API
2025-09-15 19:58:09,010 - music_tracker - INFO - Checking for duplicates in database...
2025-09-15 19:58:11,457 - music_tracker - INFO - Found 3 new songs out of 3 total
2025-09-15 19:58:11,459 - music_tracker - INFO - Found 3 new songs to save
2025-09-15 19:58:11,460 - music_tracker - INFO - Saving songs to database...
2025-09-15 19:58:11,990 - music_tracker - INFO - Successfully saved 3 songs to database
2025-09-15 19:58:11,993 - music_tracker - INFO - Successfully saved 3 songs to database
2025-09-15 19:58:11,993 - music_tracker - INFO - Song collection completed successfully
2025-09-15 20:58:02,925 - music_tracker - INFO - SpotiSpy song collection starting...
2025-09-15 20:58:02,925 - music_tracker - INFO - Starting song collection (last 1 hours)
2025-09-15 20:58:02,926 - music_tracker - INFO - Fetching recent tracks from Spotify...
2025-09-15 20:58:14,359 - music_tracker - INFO - Fetched 9 songs from Spotify
2025-09-15 20:58:14,363 - music_tracker - INFO - Found 9 songs from Spotify API
2025-09-15 20:58:14,364 - music_tracker - INFO - Checking for duplicates in database...
2025-09-15 20:58:16,077 - music_tracker - INFO - Found 9 new songs out of 9 total
2025-09-15 20:58:16,080 - music_tracker - INFO - Found 9 new songs to save
2025-09-15 20:58:16,081 - music_tracker - INFO - Saving songs to database...
2025-09-15 20:58:16,558 - music_tracker - INFO - Successfully saved 9 songs to database
2025-09-15 20:58:16,561 - music_tracker - INFO - Successfully saved 9 songs to database
2025-09-15 20:58:16,561 - music_tracker - INFO - Song collection completed successfully
2025-09-15 21:58:03,480 - music_tracker - INFO - SpotiSpy song collection starting...
2025-09-15 21:58:03,481 - music_tracker - INFO - Starting song collection (last 1 hours)
2025-09-15 21:58:03,482 - music_tracker - INFO - Fetching recent tracks from Spotify...
2025-09-15 21:58:09,062 - music_tracker - INFO - No recent songs found from Spotify
2025-09-15 21:58:09,065 - music_tracker - INFO - No new songs found from Spotify API
2025-09-15 21:58:09,065 - music_tracker - INFO - Song collection completed successfully
2025-09-15 22:58:02,979 - music_tracker - INFO - SpotiSpy song collection starting...
2025-09-15 22:58:02,980 - music_tracker - INFO - Starting song collection (last 1 hours)
2025-09-15 22:58:02,981 - music_tracker - INFO - Fetching recent tracks from Spotify...
2025-09-15 22:58:03,417 - music_tracker - INFO - No recent songs found from Spotify
2025-09-15 22:58:03,419 - music_tracker - INFO - No new songs found from Spotify API
2025-09-15 22:58:03,420 - music_tracker - INFO - Song collection completed successfully
2025-09-15 23:58:03,406 - music_tracker - INFO - SpotiSpy song collection starting...
2025-09-15 23:58:03,407 - music_tracker - INFO - Starting song collection (last 1 hours)
2025-09-15 23:58:03,408 - music_tracker - INFO - Fetching recent tracks from Spotify...
2025-09-15 23:58:03,849 - music_tracker - INFO - No recent songs found from Spotify
2025-09-15 23:58:03,851 - music_tracker - INFO - No new songs found from Spotify API
2025-09-15 23:58:03,852 - music_tracker - INFO - Song collection completed successfully
