2025-10-01 00:58:03,429 - music_tracker - INFO - SpotiSpy song collection starting...
2025-10-01 00:58:03,430 - music_tracker - INFO - Starting song collection (last 1 hours)
2025-10-01 00:58:03,430 - music_tracker - INFO - Fetching recent tracks from Spotify...
2025-10-01 00:58:03,797 - music_tracker - INFO - No recent songs found from Spotify
2025-10-01 00:58:03,799 - music_tracker - INFO - No new songs found from Spotify API
2025-10-01 00:58:03,800 - music_tracker - INFO - Song collection completed successfully
2025-10-01 01:58:02,690 - music_tracker - INFO - SpotiSpy song collection starting...
2025-10-01 01:58:02,691 - music_tracker - INFO - Starting song collection (last 1 hours)
2025-10-01 01:58:02,692 - music_tracker - INFO - Fetching recent tracks from Spotify...
2025-10-01 01:58:03,081 - music_tracker - INFO - No recent songs found from Spotify
2025-10-01 01:58:03,083 - music_tracker - INFO - No new songs found from Spotify API
2025-10-01 01:58:03,084 - music_tracker - INFO - Song collection completed successfully
2025-10-01 02:58:03,021 - music_tracker - INFO - SpotiSpy song collection starting...
2025-10-01 02:58:03,022 - music_tracker - INFO - Starting song collection (last 1 hours)
2025-10-01 02:58:03,022 - music_tracker - INFO - Fetching recent tracks from Spotify...
2025-10-01 02:58:03,382 - music_tracker - INFO - No recent songs found from Spotify
2025-10-01 02:58:03,384 - music_tracker - INFO - No new songs found from Spotify API
2025-10-01 02:58:03,384 - music_tracker - INFO - Song collection completed successfully
2025-10-01 03:58:03,304 - music_tracker - INFO - SpotiSpy song collection starting...
2025-10-01 03:58:03,305 - music_tracker - INFO - Starting song collection (last 1 hours)
2025-10-01 03:58:03,306 - music_tracker - INFO - Fetching recent tracks from Spotify...
2025-10-01 03:58:03,650 - music_tracker - INFO - No recent songs found from Spotify
2025-10-01 03:58:03,652 - music_tracker - INFO - No new songs found from Spotify API
2025-10-01 03:58:03,653 - music_tracker - INFO - Song collection completed successfully
2025-10-01 04:58:03,553 - music_tracker - INFO - SpotiSpy song collection starting...
2025-10-01 04:58:03,553 - music_tracker - INFO - Starting song collection (last 1 hours)
2025-10-01 04:58:03,554 - music_tracker - INFO - Fetching recent tracks from Spotify...
2025-10-01 04:58:03,963 - music_tracker - INFO - No recent songs found from Spotify
2025-10-01 04:58:03,965 - music_tracker - INFO - No new songs found from Spotify API
2025-10-01 04:58:03,965 - music_tracker - INFO - Song collection completed successfully
2025-10-01 05:58:02,868 - music_tracker - INFO - SpotiSpy song collection starting...
2025-10-01 05:58:02,869 - music_tracker - INFO - Starting song collection (last 1 hours)
2025-10-01 05:58:02,870 - music_tracker - INFO - Fetching recent tracks from Spotify...
2025-10-01 05:58:03,317 - music_tracker - INFO - No recent songs found from Spotify
2025-10-01 05:58:03,319 - music_tracker - INFO - No new songs found from Spotify API
2025-10-01 05:58:03,319 - music_tracker - INFO - Song collection completed successfully
2025-10-01 06:58:03,296 - music_tracker - INFO - SpotiSpy song collection starting...
2025-10-01 06:58:03,297 - music_tracker - INFO - Starting song collection (last 1 hours)
2025-10-01 06:58:03,297 - music_tracker - INFO - Fetching recent tracks from Spotify...
2025-10-01 06:58:03,697 - music_tracker - INFO - No recent songs found from Spotify
2025-10-01 06:58:03,699 - music_tracker - INFO - No new songs found from Spotify API
2025-10-01 06:58:03,700 - music_tracker - INFO - Song collection completed successfully
2025-10-01 07:58:03,598 - music_tracker - INFO - SpotiSpy song collection starting...
2025-10-01 07:58:03,598 - music_tracker - INFO - Starting song collection (last 1 hours)
2025-10-01 07:58:03,599 - music_tracker - INFO - Fetching recent tracks from Spotify...
2025-10-01 07:58:04,073 - music_tracker - INFO - Fetched 7 songs from Spotify
2025-10-01 07:58:04,076 - music_tracker - INFO - Found 7 songs from Spotify API
2025-10-01 07:58:04,077 - music_tracker - INFO - Checking for duplicates in database...
2025-10-01 07:58:05,615 - music_tracker - INFO - Found 7 new songs out of 7 total
2025-10-01 07:58:05,617 - music_tracker - INFO - Found 7 new songs to save
2025-10-01 07:58:05,618 - music_tracker - INFO - Saving songs to database...
2025-10-01 07:58:06,076 - music_tracker - INFO - Successfully saved 7 songs to database
2025-10-01 07:58:06,078 - music_tracker - INFO - Successfully saved 7 songs to database
2025-10-01 07:58:06,079 - music_tracker - INFO - Song collection completed successfully
2025-10-01 08:58:02,995 - music_tracker - INFO - SpotiSpy song collection starting...
2025-10-01 08:58:02,995 - music_tracker - INFO - Starting song collection (last 1 hours)
2025-10-01 08:58:02,996 - music_tracker - INFO - Fetching recent tracks from Spotify...
2025-10-01 08:58:03,577 - music_tracker - INFO - Fetched 15 songs from Spotify
2025-10-01 08:58:03,580 - music_tracker - INFO - Found 15 songs from Spotify API
2025-10-01 08:58:03,581 - music_tracker - INFO - Checking for duplicates in database...
2025-10-01 08:58:04,975 - music_tracker - INFO - Found 15 new songs out of 15 total
2025-10-01 08:58:04,977 - music_tracker - INFO - Found 15 new songs to save
2025-10-01 08:58:04,978 - music_tracker - INFO - Saving songs to database...
2025-10-01 08:58:05,365 - music_tracker - INFO - Successfully saved 15 songs to database
2025-10-01 08:58:05,367 - music_tracker - INFO - Successfully saved 15 songs to database
2025-10-01 08:58:05,367 - music_tracker - INFO - Song collection completed successfully
2025-10-01 09:00:13,196 - music_tracker - INFO - SpotiSpy starting...
2025-10-01 09:00:13,197 - music_tracker - INFO - Starting daily SpotiSpy analysis
2025-10-01 09:00:13,197 - music_tracker - INFO - Fetching yesterday's listening data...
2025-10-01 09:00:13,661 - music_tracker - INFO - Fetched 122 songs from database
2025-10-01 09:00:13,663 - music_tracker - INFO - Found 122 songs to analyze
2025-10-01 09:00:13,663 - music_tracker - INFO - Running analysis...
2025-10-01 09:00:13,673 - music_tracker - INFO - Sending daily summary to Slack...
2025-10-01 09:00:14,485 - music_tracker - INFO - Message sent successfully to Slack
2025-10-01 09:00:14,485 - music_tracker - INFO - Daily analysis completed successfully!
2025-10-01 09:00:14,486 - music_tracker - INFO - SpotiSpy completed successfully
2025-10-01 09:58:04,730 - music_tracker - INFO - SpotiSpy song collection starting...
2025-10-01 09:58:04,731 - music_tracker - INFO - Starting song collection (last 1 hours)
2025-10-01 09:58:04,732 - music_tracker - INFO - Fetching recent tracks from Spotify...
2025-10-01 09:58:05,298 - music_tracker - INFO - Fetched 10 songs from Spotify
2025-10-01 09:58:05,300 - music_tracker - INFO - Found 10 songs from Spotify API
2025-10-01 09:58:05,301 - music_tracker - INFO - Checking for duplicates in database...
2025-10-01 09:58:06,721 - music_tracker - INFO - Found 10 new songs out of 10 total
2025-10-01 09:58:06,723 - music_tracker - INFO - Found 10 new songs to save
2025-10-01 09:58:06,724 - music_tracker - INFO - Saving songs to database...
2025-10-01 09:58:07,136 - music_tracker - INFO - Successfully saved 10 songs to database
2025-10-01 09:58:07,139 - music_tracker - INFO - Successfully saved 10 songs to database
2025-10-01 09:58:07,141 - music_tracker - INFO - Song collection completed successfully
2025-10-01 10:58:03,118 - music_tracker - INFO - SpotiSpy song collection starting...
2025-10-01 10:58:03,118 - music_tracker - INFO - Starting song collection (last 1 hours)
2025-10-01 10:58:03,119 - music_tracker - INFO - Fetching recent tracks from Spotify...
2025-10-01 10:58:03,674 - music_tracker - INFO - Fetched 14 songs from Spotify
2025-10-01 10:58:03,677 - music_tracker - INFO - Found 14 songs from Spotify API
2025-10-01 10:58:03,678 - music_tracker - INFO - Checking for duplicates in database...
2025-10-01 10:58:05,159 - music_tracker - INFO - Found 14 new songs out of 14 total
2025-10-01 10:58:05,162 - music_tracker - INFO - Found 14 new songs to save
2025-10-01 10:58:05,163 - music_tracker - INFO - Saving songs to database...
2025-10-01 10:58:05,472 - music_tracker - INFO - Successfully saved 14 songs to database
2025-10-01 10:58:05,474 - music_tracker - INFO - Successfully saved 14 songs to database
2025-10-01 10:58:05,475 - music_tracker - INFO - Song collection completed successfully
2025-10-01 11:58:03,410 - music_tracker - INFO - SpotiSpy song collection starting...
2025-10-01 11:58:03,411 - music_tracker - INFO - Starting song collection (last 1 hours)
2025-10-01 11:58:03,412 - music_tracker - INFO - Fetching recent tracks from Spotify...
2025-10-01 11:58:03,840 - music_tracker - INFO - Fetched 6 songs from Spotify
2025-10-01 11:58:03,843 - music_tracker - INFO - Found 6 songs from Spotify API
2025-10-01 11:58:03,843 - music_tracker - INFO - Checking for duplicates in database...
2025-10-01 11:58:05,141 - music_tracker - INFO - Found 6 new songs out of 6 total
2025-10-01 11:58:05,144 - music_tracker - INFO - Found 6 new songs to save
2025-10-01 11:58:05,144 - music_tracker - INFO - Saving songs to database...
2025-10-01 11:58:05,427 - music_tracker - INFO - Successfully saved 6 songs to database
2025-10-01 11:58:05,429 - music_tracker - INFO - Successfully saved 6 songs to database
2025-10-01 11:58:05,430 - music_tracker - INFO - Song collection completed successfully
2025-10-01 12:58:03,340 - music_tracker - INFO - SpotiSpy song collection starting...
2025-10-01 12:58:03,341 - music_tracker - INFO - Starting song collection (last 1 hours)
2025-10-01 12:58:03,342 - music_tracker - INFO - Fetching recent tracks from Spotify...
2025-10-01 12:58:03,892 - music_tracker - INFO - Fetched 6 songs from Spotify
2025-10-01 12:58:03,895 - music_tracker - INFO - Found 6 songs from Spotify API
2025-10-01 12:58:03,896 - music_tracker - INFO - Checking for duplicates in database...
2025-10-01 12:58:05,205 - music_tracker - INFO - Found 6 new songs out of 6 total
2025-10-01 12:58:05,208 - music_tracker - INFO - Found 6 new songs to save
2025-10-01 12:58:05,208 - music_tracker - INFO - Saving songs to database...
2025-10-01 12:58:05,489 - music_tracker - INFO - Successfully saved 6 songs to database
2025-10-01 12:58:05,491 - music_tracker - INFO - Successfully saved 6 songs to database
2025-10-01 12:58:05,492 - music_tracker - INFO - Song collection completed successfully
2025-10-01 13:58:03,401 - music_tracker - INFO - SpotiSpy song collection starting...
2025-10-01 13:58:03,401 - music_tracker - INFO - Starting song collection (last 1 hours)
2025-10-01 13:58:03,402 - music_tracker - INFO - Fetching recent tracks from Spotify...
2025-10-01 13:58:04,053 - music_tracker - INFO - Fetched 20 songs from Spotify
2025-10-01 13:58:04,057 - music_tracker - INFO - Found 20 songs from Spotify API
2025-10-01 13:58:04,058 - music_tracker - INFO - Checking for duplicates in database...
2025-10-01 13:58:05,537 - music_tracker - INFO - Found 20 new songs out of 20 total
2025-10-01 13:58:05,538 - music_tracker - INFO - Found 20 new songs to save
2025-10-01 13:58:05,539 - music_tracker - INFO - Saving songs to database...
2025-10-01 13:58:05,906 - music_tracker - INFO - Successfully saved 20 songs to database
2025-10-01 13:58:05,908 - music_tracker - INFO - Successfully saved 20 songs to database
2025-10-01 13:58:05,909 - music_tracker - INFO - Song collection completed successfully
2025-10-01 14:58:02,854 - music_tracker - INFO - SpotiSpy song collection starting...
2025-10-01 14:58:02,855 - music_tracker - INFO - Starting song collection (last 1 hours)
2025-10-01 14:58:02,856 - music_tracker - INFO - Fetching recent tracks from Spotify...
2025-10-01 14:58:03,624 - music_tracker - INFO - Fetched 18 songs from Spotify
2025-10-01 14:58:03,629 - music_tracker - INFO - Found 18 songs from Spotify API
2025-10-01 14:58:03,629 - music_tracker - INFO - Checking for duplicates in database...
2025-10-01 14:58:05,030 - music_tracker - INFO - Found 18 new songs out of 18 total
2025-10-01 14:58:05,032 - music_tracker - INFO - Found 18 new songs to save
2025-10-01 14:58:05,033 - music_tracker - INFO - Saving songs to database...
2025-10-01 14:58:05,532 - music_tracker - INFO - Successfully saved 18 songs to database
2025-10-01 14:58:05,535 - music_tracker - INFO - Successfully saved 18 songs to database
2025-10-01 14:58:05,535 - music_tracker - INFO - Song collection completed successfully
2025-10-01 15:58:03,504 - music_tracker - INFO - SpotiSpy song collection starting...
2025-10-01 15:58:03,505 - music_tracker - INFO - Starting song collection (last 1 hours)
2025-10-01 15:58:03,506 - music_tracker - INFO - Fetching recent tracks from Spotify...
2025-10-01 15:58:04,002 - music_tracker - INFO - Fetched 11 songs from Spotify
2025-10-01 15:58:04,005 - music_tracker - INFO - Found 11 songs from Spotify API
2025-10-01 15:58:04,005 - music_tracker - INFO - Checking for duplicates in database...
2025-10-01 15:58:05,547 - music_tracker - INFO - Found 11 new songs out of 11 total
2025-10-01 15:58:05,549 - music_tracker - INFO - Found 11 new songs to save
2025-10-01 15:58:05,550 - music_tracker - INFO - Saving songs to database...
2025-10-01 15:58:05,996 - music_tracker - INFO - Successfully saved 11 songs to database
2025-10-01 15:58:05,998 - music_tracker - INFO - Successfully saved 11 songs to database
2025-10-01 15:58:05,999 - music_tracker - INFO - Song collection completed successfully
2025-10-01 16:58:02,966 - music_tracker - INFO - SpotiSpy song collection starting...
2025-10-01 16:58:02,968 - music_tracker - INFO - Starting song collection (last 1 hours)
2025-10-01 16:58:02,968 - music_tracker - INFO - Fetching recent tracks from Spotify...
2025-10-01 16:58:03,628 - music_tracker - INFO - Fetched 14 songs from Spotify
2025-10-01 16:58:03,632 - music_tracker - INFO - Found 14 songs from Spotify API
2025-10-01 16:58:03,633 - music_tracker - INFO - Checking for duplicates in database...
2025-10-01 16:58:05,151 - music_tracker - INFO - Found 14 new songs out of 14 total
2025-10-01 16:58:05,153 - music_tracker - INFO - Found 14 new songs to save
2025-10-01 16:58:05,154 - music_tracker - INFO - Saving songs to database...
2025-10-01 16:58:05,547 - music_tracker - INFO - Successfully saved 14 songs to database
2025-10-01 16:58:05,549 - music_tracker - INFO - Successfully saved 14 songs to database
2025-10-01 16:58:05,549 - music_tracker - INFO - Song collection completed successfully
2025-10-01 17:58:03,506 - music_tracker - INFO - SpotiSpy song collection starting...
2025-10-01 17:58:03,506 - music_tracker - INFO - Starting song collection (last 1 hours)
2025-10-01 17:58:03,507 - music_tracker - INFO - Fetching recent tracks from Spotify...
2025-10-01 17:58:03,932 - music_tracker - INFO - Fetched 2 songs from Spotify
2025-10-01 17:58:03,934 - music_tracker - INFO - Found 2 songs from Spotify API
2025-10-01 17:58:03,935 - music_tracker - INFO - Checking for duplicates in database...
2025-10-01 17:58:05,351 - music_tracker - INFO - Found 2 new songs out of 2 total
2025-10-01 17:58:05,353 - music_tracker - INFO - Found 2 new songs to save
2025-10-01 17:58:05,354 - music_tracker - INFO - Saving songs to database...
2025-10-01 17:58:05,636 - music_tracker - INFO - Successfully saved 2 songs to database
2025-10-01 17:58:05,638 - music_tracker - INFO - Successfully saved 2 songs to database
2025-10-01 17:58:05,639 - music_tracker - INFO - Song collection completed successfully
2025-10-01 18:58:03,566 - music_tracker - INFO - SpotiSpy song collection starting...
2025-10-01 18:58:03,567 - music_tracker - INFO - Starting song collection (last 1 hours)
2025-10-01 18:58:03,567 - music_tracker - INFO - Fetching recent tracks from Spotify...
2025-10-01 18:58:03,923 - music_tracker - INFO - No recent songs found from Spotify
2025-10-01 18:58:03,925 - music_tracker - INFO - No new songs found from Spotify API
2025-10-01 18:58:03,926 - music_tracker - INFO - Song collection completed successfully
2025-10-01 19:58:02,817 - music_tracker - INFO - SpotiSpy song collection starting...
2025-10-01 19:58:02,817 - music_tracker - INFO - Starting song collection (last 1 hours)
2025-10-01 19:58:02,818 - music_tracker - INFO - Fetching recent tracks from Spotify...
2025-10-01 19:58:03,274 - music_tracker - INFO - Fetched 4 songs from Spotify
2025-10-01 19:58:03,276 - music_tracker - INFO - Found 4 songs from Spotify API
2025-10-01 19:58:03,277 - music_tracker - INFO - Checking for duplicates in database...
2025-10-01 19:58:04,177 - music_tracker - INFO - Found 4 new songs out of 4 total
2025-10-01 19:58:04,179 - music_tracker - INFO - Found 4 new songs to save
2025-10-01 19:58:04,180 - music_tracker - INFO - Saving songs to database...
2025-10-01 19:58:04,471 - music_tracker - INFO - Successfully saved 4 songs to database
2025-10-01 19:58:04,473 - music_tracker - INFO - Successfully saved 4 songs to database
2025-10-01 19:58:04,474 - music_tracker - INFO - Song collection completed successfully
2025-10-01 20:58:03,403 - music_tracker - INFO - SpotiSpy song collection starting...
2025-10-01 20:58:03,403 - music_tracker - INFO - Starting song collection (last 1 hours)
2025-10-01 20:58:03,404 - music_tracker - INFO - Fetching recent tracks from Spotify...
2025-10-01 20:58:03,902 - music_tracker - INFO - Fetched 13 songs from Spotify
2025-10-01 20:58:03,905 - music_tracker - INFO - Found 13 songs from Spotify API
2025-10-01 20:58:03,905 - music_tracker - INFO - Checking for duplicates in database...
2025-10-01 20:58:05,142 - music_tracker - INFO - Found 13 new songs out of 13 total
2025-10-01 20:58:05,145 - music_tracker - INFO - Found 13 new songs to save
2025-10-01 20:58:05,145 - music_tracker - INFO - Saving songs to database...
2025-10-01 20:58:05,573 - music_tracker - INFO - Successfully saved 13 songs to database
2025-10-01 20:58:05,575 - music_tracker - INFO - Successfully saved 13 songs to database
2025-10-01 20:58:05,576 - music_tracker - INFO - Song collection completed successfully
2025-10-01 21:58:03,828 - music_tracker - INFO - SpotiSpy song collection starting...
2025-10-01 21:58:03,829 - music_tracker - INFO - Starting song collection (last 1 hours)
2025-10-01 21:58:03,830 - music_tracker - INFO - Fetching recent tracks from Spotify...
2025-10-01 21:58:04,378 - music_tracker - INFO - Fetched 11 songs from Spotify
2025-10-01 21:58:04,381 - music_tracker - INFO - Found 11 songs from Spotify API
2025-10-01 21:58:04,382 - music_tracker - INFO - Checking for duplicates in database...
2025-10-01 21:58:05,203 - music_tracker - INFO - Found 11 new songs out of 11 total
2025-10-01 21:58:05,205 - music_tracker - INFO - Found 11 new songs to save
2025-10-01 21:58:05,206 - music_tracker - INFO - Saving songs to database...
2025-10-01 21:58:05,488 - music_tracker - INFO - Successfully saved 11 songs to database
2025-10-01 21:58:05,490 - music_tracker - INFO - Successfully saved 11 songs to database
2025-10-01 21:58:05,491 - music_tracker - INFO - Song collection completed successfully
2025-10-01 22:58:03,470 - music_tracker - INFO - SpotiSpy song collection starting...
2025-10-01 22:58:03,471 - music_tracker - INFO - Starting song collection (last 1 hours)
2025-10-01 22:58:03,472 - music_tracker - INFO - Fetching recent tracks from Spotify...
2025-10-01 22:58:03,850 - music_tracker - INFO - No recent songs found from Spotify
2025-10-01 22:58:03,852 - music_tracker - INFO - No new songs found from Spotify API
2025-10-01 22:58:03,852 - music_tracker - INFO - Song collection completed successfully
2025-10-01 23:58:02,742 - music_tracker - INFO - SpotiSpy song collection starting...
2025-10-01 23:58:02,743 - music_tracker - INFO - Starting song collection (last 1 hours)
2025-10-01 23:58:02,744 - music_tracker - INFO - Fetching recent tracks from Spotify...
2025-10-01 23:58:03,167 - music_tracker - INFO - No recent songs found from Spotify
2025-10-01 23:58:03,169 - music_tracker - INFO - No new songs found from Spotify API
2025-10-01 23:58:03,170 - music_tracker - INFO - Song collection completed successfully
