2025-11-27 00:58:02,671 - music_tracker - INFO - SpotiSpy song collection starting...
2025-11-27 00:58:02,672 - music_tracker - INFO - Starting song collection (last 1 hours)
2025-11-27 00:58:02,672 - music_tracker - INFO - Fetching recent tracks from Spotify...
2025-11-27 00:58:03,058 - music_tracker - INFO - No recent songs found from Spotify
2025-11-27 00:58:03,060 - music_tracker - INFO - No new songs found from Spotify API
2025-11-27 00:58:03,060 - music_tracker - INFO - Song collection completed successfully
2025-11-27 01:58:02,949 - music_tracker - INFO - SpotiSpy song collection starting...
2025-11-27 01:58:02,950 - music_tracker - INFO - Starting song collection (last 1 hours)
2025-11-27 01:58:02,951 - music_tracker - INFO - Fetching recent tracks from Spotify...
2025-11-27 01:58:03,308 - music_tracker - INFO - No recent songs found from Spotify
2025-11-27 01:58:03,310 - music_tracker - INFO - No new songs found from Spotify API
2025-11-27 01:58:03,311 - music_tracker - INFO - Song collection completed successfully
2025-11-27 02:58:03,205 - music_tracker - INFO - SpotiSpy song collection starting...
2025-11-27 02:58:03,206 - music_tracker - INFO - Starting song collection (last 1 hours)
2025-11-27 02:58:03,207 - music_tracker - INFO - Fetching recent tracks from Spotify...
2025-11-27 02:58:03,591 - music_tracker - INFO - No recent songs found from Spotify
2025-11-27 02:58:03,593 - music_tracker - INFO - No new songs found from Spotify API
2025-11-27 02:58:03,594 - music_tracker - INFO - Song collection completed successfully
2025-11-27 03:58:03,522 - music_tracker - INFO - SpotiSpy song collection starting...
2025-11-27 03:58:03,522 - music_tracker - INFO - Starting song collection (last 1 hours)
2025-11-27 03:58:03,523 - music_tracker - INFO - Fetching recent tracks from Spotify...
2025-11-27 03:58:03,909 - music_tracker - INFO - No recent songs found from Spotify
2025-11-27 03:58:03,911 - music_tracker - INFO - No new songs found from Spotify API
2025-11-27 03:58:03,912 - music_tracker - INFO - Song collection completed successfully
2025-11-27 04:58:02,811 - music_tracker - INFO - SpotiSpy song collection starting...
2025-11-27 04:58:02,812 - music_tracker - INFO - Starting song collection (last 1 hours)
2025-11-27 04:58:02,812 - music_tracker - INFO - Fetching recent tracks from Spotify...
2025-11-27 04:58:03,166 - music_tracker - INFO - No recent songs found from Spotify
2025-11-27 04:58:03,168 - music_tracker - INFO - No new songs found from Spotify API
2025-11-27 04:58:03,168 - music_tracker - INFO - Song collection completed successfully
2025-11-27 05:58:03,062 - music_tracker - INFO - SpotiSpy song collection starting...
2025-11-27 05:58:03,063 - music_tracker - INFO - Starting song collection (last 1 hours)
2025-11-27 05:58:03,064 - music_tracker - INFO - Fetching recent tracks from Spotify...
2025-11-27 05:58:03,464 - music_tracker - INFO - No recent songs found from Spotify
2025-11-27 05:58:03,466 - music_tracker - INFO - No new songs found from Spotify API
2025-11-27 05:58:03,466 - music_tracker - INFO - Song collection completed successfully
2025-11-27 06:58:03,408 - music_tracker - INFO - SpotiSpy song collection starting...
2025-11-27 06:58:03,408 - music_tracker - INFO - Starting song collection (last 1 hours)
2025-11-27 06:58:03,409 - music_tracker - INFO - Fetching recent tracks from Spotify...
2025-11-27 06:58:03,783 - music_tracker - INFO - No recent songs found from Spotify
2025-11-27 06:58:03,786 - music_tracker - INFO - No new songs found from Spotify API
2025-11-27 06:58:03,786 - music_tracker - INFO - Song collection completed successfully
2025-11-27 07:58:02,713 - music_tracker - INFO - SpotiSpy song collection starting...
2025-11-27 07:58:02,713 - music_tracker - INFO - Starting song collection (last 1 hours)
2025-11-27 07:58:02,714 - music_tracker - INFO - Fetching recent tracks from Spotify...
2025-11-27 07:58:03,127 - music_tracker - INFO - No recent songs found from Spotify
2025-11-27 07:58:03,129 - music_tracker - INFO - No new songs found from Spotify API
2025-11-27 07:58:03,130 - music_tracker - INFO - Song collection completed successfully
2025-11-27 08:58:03,065 - music_tracker - INFO - SpotiSpy song collection starting...
2025-11-27 08:58:03,065 - music_tracker - INFO - Starting song collection (last 1 hours)
2025-11-27 08:58:03,066 - music_tracker - INFO - Fetching recent tracks from Spotify...
2025-11-27 08:58:03,459 - music_tracker - INFO - No recent songs found from Spotify
2025-11-27 08:58:03,461 - music_tracker - INFO - No new songs found from Spotify API
2025-11-27 08:58:03,462 - music_tracker - INFO - Song collection completed successfully
2025-11-27 09:00:13,279 - music_tracker - INFO - SpotiSpy starting...
2025-11-27 09:00:13,279 - music_tracker - INFO - Starting daily SpotiSpy analysis
2025-11-27 09:00:13,280 - music_tracker - INFO - Fetching yesterday's listening data...
2025-11-27 09:00:14,839 - music_tracker - INFO - Fetched 54 songs from database
2025-11-27 09:00:14,841 - music_tracker - INFO - Found 54 songs to analyze
2025-11-27 09:00:14,842 - music_tracker - INFO - Running analysis...
2025-11-27 09:00:14,850 - music_tracker - INFO - Sending daily summary to Slack...
2025-11-27 09:00:15,695 - music_tracker - INFO - Message sent successfully to Slack
2025-11-27 09:00:15,696 - music_tracker - INFO - Daily analysis completed successfully!
2025-11-27 09:00:15,696 - music_tracker - INFO - SpotiSpy completed successfully
2025-11-27 09:58:03,670 - music_tracker - INFO - SpotiSpy song collection starting...
2025-11-27 09:58:03,670 - music_tracker - INFO - Starting song collection (last 1 hours)
2025-11-27 09:58:03,671 - music_tracker - INFO - Fetching recent tracks from Spotify...
2025-11-27 09:58:04,032 - music_tracker - INFO - No recent songs found from Spotify
2025-11-27 09:58:04,034 - music_tracker - INFO - No new songs found from Spotify API
2025-11-27 09:58:04,035 - music_tracker - INFO - Song collection completed successfully
2025-11-27 10:58:03,089 - music_tracker - INFO - SpotiSpy song collection starting...
2025-11-27 10:58:03,090 - music_tracker - INFO - Starting song collection (last 1 hours)
2025-11-27 10:58:03,091 - music_tracker - INFO - Fetching recent tracks from Spotify...
2025-11-27 10:58:03,492 - music_tracker - INFO - No recent songs found from Spotify
2025-11-27 10:58:03,494 - music_tracker - INFO - No new songs found from Spotify API
2025-11-27 10:58:03,494 - music_tracker - INFO - Song collection completed successfully
2025-11-27 11:58:04,507 - music_tracker - INFO - SpotiSpy song collection starting...
2025-11-27 11:58:04,509 - music_tracker - INFO - Starting song collection (last 1 hours)
2025-11-27 11:58:04,509 - music_tracker - INFO - Fetching recent tracks from Spotify...
2025-11-27 11:58:04,949 - music_tracker - INFO - No recent songs found from Spotify
2025-11-27 11:58:04,951 - music_tracker - INFO - No new songs found from Spotify API
2025-11-27 11:58:04,952 - music_tracker - INFO - Song collection completed successfully
2025-11-27 12:58:02,874 - music_tracker - INFO - SpotiSpy song collection starting...
2025-11-27 12:58:02,875 - music_tracker - INFO - Starting song collection (last 1 hours)
2025-11-27 12:58:02,876 - music_tracker - INFO - Fetching recent tracks from Spotify...
2025-11-27 12:58:03,271 - music_tracker - INFO - No recent songs found from Spotify
2025-11-27 12:58:03,273 - music_tracker - INFO - No new songs found from Spotify API
2025-11-27 12:58:03,273 - music_tracker - INFO - Song collection completed successfully
2025-11-27 13:58:03,164 - music_tracker - INFO - SpotiSpy song collection starting...
2025-11-27 13:58:03,165 - music_tracker - INFO - Starting song collection (last 1 hours)
2025-11-27 13:58:03,166 - music_tracker - INFO - Fetching recent tracks from Spotify...
2025-11-27 13:58:03,544 - music_tracker - INFO - No recent songs found from Spotify
2025-11-27 13:58:03,546 - music_tracker - INFO - No new songs found from Spotify API
2025-11-27 13:58:03,547 - music_tracker - INFO - Song collection completed successfully
2025-11-27 14:58:03,443 - music_tracker - INFO - SpotiSpy song collection starting...
2025-11-27 14:58:03,444 - music_tracker - INFO - Starting song collection (last 1 hours)
2025-11-27 14:58:03,445 - music_tracker - INFO - Fetching recent tracks from Spotify...
2025-11-27 14:58:03,865 - music_tracker - INFO - No recent songs found from Spotify
2025-11-27 14:58:03,868 - music_tracker - INFO - No new songs found from Spotify API
2025-11-27 14:58:03,868 - music_tracker - INFO - Song collection completed successfully
2025-11-27 15:58:02,809 - music_tracker - INFO - SpotiSpy song collection starting...
2025-11-27 15:58:02,809 - music_tracker - INFO - Starting song collection (last 1 hours)
2025-11-27 15:58:02,810 - music_tracker - INFO - Fetching recent tracks from Spotify...
2025-11-27 15:58:03,197 - music_tracker - INFO - No recent songs found from Spotify
2025-11-27 15:58:03,199 - music_tracker - INFO - No new songs found from Spotify API
2025-11-27 15:58:03,199 - music_tracker - INFO - Song collection completed successfully
2025-11-27 16:58:03,154 - music_tracker - INFO - SpotiSpy song collection starting...
2025-11-27 16:58:03,155 - music_tracker - INFO - Starting song collection (last 1 hours)
2025-11-27 16:58:03,155 - music_tracker - INFO - Fetching recent tracks from Spotify...
2025-11-27 16:58:03,529 - music_tracker - INFO - No recent songs found from Spotify
2025-11-27 16:58:03,531 - music_tracker - INFO - No new songs found from Spotify API
2025-11-27 16:58:03,532 - music_tracker - INFO - Song collection completed successfully
2025-11-27 17:58:03,424 - music_tracker - INFO - SpotiSpy song collection starting...
2025-11-27 17:58:03,425 - music_tracker - INFO - Starting song collection (last 1 hours)
2025-11-27 17:58:03,425 - music_tracker - INFO - Fetching recent tracks from Spotify...
2025-11-27 17:58:03,810 - music_tracker - INFO - No recent songs found from Spotify
2025-11-27 17:58:03,813 - music_tracker - INFO - No new songs found from Spotify API
2025-11-27 17:58:03,813 - music_tracker - INFO - Song collection completed successfully
2025-11-27 18:58:02,704 - music_tracker - INFO - SpotiSpy song collection starting...
2025-11-27 18:58:02,705 - music_tracker - INFO - Starting song collection (last 1 hours)
2025-11-27 18:58:02,705 - music_tracker - INFO - Fetching recent tracks from Spotify...
2025-11-27 18:58:03,155 - music_tracker - INFO - No recent songs found from Spotify
2025-11-27 18:58:03,157 - music_tracker - INFO - No new songs found from Spotify API
2025-11-27 18:58:03,158 - music_tracker - INFO - Song collection completed successfully
2025-11-27 19:58:03,052 - music_tracker - INFO - SpotiSpy song collection starting...
2025-11-27 19:58:03,053 - music_tracker - INFO - Starting song collection (last 1 hours)
2025-11-27 19:58:03,054 - music_tracker - INFO - Fetching recent tracks from Spotify...
2025-11-27 19:58:03,440 - music_tracker - INFO - No recent songs found from Spotify
2025-11-27 19:58:03,442 - music_tracker - INFO - No new songs found from Spotify API
2025-11-27 19:58:03,442 - music_tracker - INFO - Song collection completed successfully
2025-11-27 20:58:03,339 - music_tracker - INFO - SpotiSpy song collection starting...
2025-11-27 20:58:03,339 - music_tracker - INFO - Starting song collection (last 1 hours)
2025-11-27 20:58:03,340 - music_tracker - INFO - Fetching recent tracks from Spotify...
2025-11-27 20:58:03,809 - music_tracker - INFO - No recent songs found from Spotify
2025-11-27 20:58:03,811 - music_tracker - INFO - No new songs found from Spotify API
2025-11-27 20:58:03,811 - music_tracker - INFO - Song collection completed successfully
2025-11-27 21:58:02,705 - music_tracker - INFO - SpotiSpy song collection starting...
2025-11-27 21:58:02,705 - music_tracker - INFO - Starting song collection (last 1 hours)
2025-11-27 21:58:02,706 - music_tracker - INFO - Fetching recent tracks from Spotify...
2025-11-27 21:58:03,067 - music_tracker - INFO - No recent songs found from Spotify
2025-11-27 21:58:03,069 - music_tracker - INFO - No new songs found from Spotify API
2025-11-27 21:58:03,070 - music_tracker - INFO - Song collection completed successfully
2025-11-27 22:58:02,953 - music_tracker - INFO - SpotiSpy song collection starting...
2025-11-27 22:58:02,954 - music_tracker - INFO - Starting song collection (last 1 hours)
2025-11-27 22:58:02,955 - music_tracker - INFO - Fetching recent tracks from Spotify...
2025-11-27 22:58:03,324 - music_tracker - INFO - No recent songs found from Spotify
2025-11-27 22:58:03,326 - music_tracker - INFO - No new songs found from Spotify API
2025-11-27 22:58:03,327 - music_tracker - INFO - Song collection completed successfully
2025-11-27 23:58:03,234 - music_tracker - INFO - SpotiSpy song collection starting...
2025-11-27 23:58:03,235 - music_tracker - INFO - Starting song collection (last 1 hours)
2025-11-27 23:58:03,235 - music_tracker - INFO - Fetching recent tracks from Spotify...
2025-11-27 23:58:03,673 - music_tracker - INFO - No recent songs found from Spotify
2025-11-27 23:58:03,675 - music_tracker - INFO - No new songs found from Spotify API
2025-11-27 23:58:03,676 - music_tracker - INFO - Song collection completed successfully
