2025-05-30 00:58:06,884 - music_tracker - INFO - Zero songs listened to
2025-05-30 00:58:06,885 - music_tracker - INFO - No songs uploaded.
2025-05-30 01:58:07,402 - music_tracker - INFO - Zero songs listened to
2025-05-30 01:58:07,403 - music_tracker - INFO - No songs uploaded.
2025-05-30 02:58:07,424 - music_tracker - INFO - Zero songs listened to
2025-05-30 02:58:07,425 - music_tracker - INFO - No songs uploaded.
2025-05-30 03:58:07,660 - music_tracker - INFO - Zero songs listened to
2025-05-30 03:58:07,661 - music_tracker - INFO - No songs uploaded.
2025-05-30 04:58:07,643 - music_tracker - INFO - Zero songs listened to
2025-05-30 04:58:07,644 - music_tracker - INFO - No songs uploaded.
2025-05-30 05:58:07,929 - music_tracker - INFO - Zero songs listened to
2025-05-30 05:58:07,930 - music_tracker - INFO - No songs uploaded.
2025-05-30 06:58:06,765 - music_tracker - INFO - Zero songs listened to
2025-05-30 06:58:06,766 - music_tracker - INFO - No songs uploaded.
2025-05-30 07:58:06,629 - music_tracker - INFO - Zero songs listened to
2025-05-30 07:58:06,630 - music_tracker - INFO - No songs uploaded.
2025-05-30 08:58:07,386 - music_tracker - INFO - Zero songs listened to
2025-05-30 08:58:07,387 - music_tracker - INFO - No songs uploaded.
2025-05-30 09:00:11,838 - music_tracker - INFO - Starting music tracker analysis
2025-05-30 09:00:11,838 - music_tracker - INFO - Fetching data
2025-05-30 09:00:12,813 - music_tracker - INFO - Fetched 63 recent songs
2025-05-30 09:00:12,820 - music_tracker - INFO - Running top listens analysis
2025-05-30 09:00:12,820 - music_tracker - INFO - Calculating top songs listens
2025-05-30 09:00:12,821 - music_tracker - INFO - Sending message with top 3 songs
2025-05-30 09:00:14,115 - music_tracker - INFO - Message successfully sent!
2025-05-30 09:00:14,115 - music_tracker - INFO - Calculating top albums listens
2025-05-30 09:00:14,116 - music_tracker - INFO - Sending message with top 3 albums
2025-05-30 09:00:14,804 - music_tracker - INFO - Message successfully sent!
2025-05-30 09:00:14,804 - music_tracker - INFO - Calculating top artists listens
2025-05-30 09:00:14,805 - music_tracker - INFO - Sending message with top 3 artists
2025-05-30 09:00:15,408 - music_tracker - INFO - Message successfully sent!
2025-05-30 09:00:15,409 - music_tracker - INFO - Running popularity and listening hours analysis
2025-05-30 09:00:15,409 - music_tracker - INFO - Finding most popular track
2025-05-30 09:00:15,409 - music_tracker - INFO - Most popular song found: OK with score 68
2025-05-30 09:00:16,066 - music_tracker - INFO - Message successfully sent!
2025-05-30 09:00:16,066 - music_tracker - INFO - Calculating most listened hour
2025-05-30 09:00:16,067 - music_tracker - INFO - Most listened hour: 16:00 with 43:55
2025-05-30 09:00:16,659 - music_tracker - INFO - Message successfully sent!
2025-05-30 09:00:16,660 - music_tracker - INFO - Analysis completed successfully

2025-05-30 09:58:08,914 - music_tracker - INFO - Uploading 3 songs
2025-05-30 10:58:11,091 - music_tracker - INFO - Uploading 17 songs
2025-05-30 11:58:10,771 - music_tracker - INFO - Uploading 16 songs
2025-05-30 12:58:06,588 - music_tracker - INFO - Zero songs listened to
2025-05-30 12:58:06,588 - music_tracker - INFO - No songs uploaded.
2025-05-30 13:58:07,329 - music_tracker - INFO - Zero songs listened to
2025-05-30 13:58:07,329 - music_tracker - INFO - No songs uploaded.
2025-05-30 14:58:07,590 - music_tracker - INFO - Uploading 1 song
2025-05-30 15:58:07,985 - music_tracker - INFO - Uploading 1 song
2025-05-30 16:58:10,667 - music_tracker - INFO - Uploading 15 songs
2025-05-30 17:58:10,854 - music_tracker - INFO - Uploading 15 songs
2025-05-30 18:58:08,277 - music_tracker - INFO -   Supabase error: Status 400, {"code":"22007","details":null,"hint":null,"message":"invalid input syntax for type date: \"2007\""}
2025-05-30 18:58:08,279 - music_tracker - INFO - No songs uploaded.
2025-05-30 19:58:07,065 - music_tracker - INFO - Zero songs listened to
2025-05-30 19:58:07,066 - music_tracker - INFO - No songs uploaded.
2025-05-30 20:58:06,839 - music_tracker - INFO - Zero songs listened to
2025-05-30 20:58:06,839 - music_tracker - INFO - No songs uploaded.
2025-05-30 21:58:06,848 - music_tracker - INFO - Zero songs listened to
2025-05-30 21:58:06,849 - music_tracker - INFO - No songs uploaded.
2025-05-30 22:58:06,765 - music_tracker - INFO - Zero songs listened to
2025-05-30 22:58:06,767 - music_tracker - INFO - No songs uploaded.
2025-05-30 23:58:07,537 - music_tracker - INFO - Zero songs listened to
2025-05-30 23:58:07,538 - music_tracker - INFO - No songs uploaded.
