2025-08-16 00:58:03,504 - music_tracker - INFO - SpotiSpy song collection starting...
2025-08-16 00:58:03,505 - music_tracker - INFO - Starting song collection (last 1 hours)
2025-08-16 00:58:03,505 - music_tracker - INFO - Fetching recent tracks from Spotify...
2025-08-16 00:58:03,915 - music_tracker - INFO - No recent songs found from Spotify
2025-08-16 00:58:03,918 - music_tracker - INFO - No new songs found from Spotify API
2025-08-16 00:58:03,918 - music_tracker - INFO - Song collection completed successfully
2025-08-16 01:58:02,902 - music_tracker - INFO - SpotiSpy song collection starting...
2025-08-16 01:58:02,903 - music_tracker - INFO - Starting song collection (last 1 hours)
2025-08-16 01:58:02,903 - music_tracker - INFO - Fetching recent tracks from Spotify...
2025-08-16 01:58:03,227 - music_tracker - INFO - No recent songs found from Spotify
2025-08-16 01:58:03,229 - music_tracker - INFO - No new songs found from Spotify API
2025-08-16 01:58:03,230 - music_tracker - INFO - Song collection completed successfully
2025-08-16 02:58:03,246 - music_tracker - INFO - SpotiSpy song collection starting...
2025-08-16 02:58:03,247 - music_tracker - INFO - Starting song collection (last 1 hours)
2025-08-16 02:58:03,248 - music_tracker - INFO - Fetching recent tracks from Spotify...
2025-08-16 02:58:03,584 - music_tracker - INFO - No recent songs found from Spotify
2025-08-16 02:58:03,586 - music_tracker - INFO - No new songs found from Spotify API
2025-08-16 02:58:03,587 - music_tracker - INFO - Song collection completed successfully
2025-08-16 03:58:03,755 - music_tracker - INFO - SpotiSpy song collection starting...
2025-08-16 03:58:03,756 - music_tracker - INFO - Starting song collection (last 1 hours)
2025-08-16 03:58:03,757 - music_tracker - INFO - Fetching recent tracks from Spotify...
2025-08-16 03:58:04,186 - music_tracker - INFO - No recent songs found from Spotify
2025-08-16 03:58:04,188 - music_tracker - INFO - No new songs found from Spotify API
2025-08-16 03:58:04,189 - music_tracker - INFO - Song collection completed successfully
2025-08-16 04:58:03,329 - music_tracker - INFO - SpotiSpy song collection starting...
2025-08-16 04:58:03,329 - music_tracker - INFO - Starting song collection (last 1 hours)
2025-08-16 04:58:03,330 - music_tracker - INFO - Fetching recent tracks from Spotify...
2025-08-16 04:58:03,747 - music_tracker - INFO - No recent songs found from Spotify
2025-08-16 04:58:03,749 - music_tracker - INFO - No new songs found from Spotify API
2025-08-16 04:58:03,750 - music_tracker - INFO - Song collection completed successfully
2025-08-16 05:58:02,866 - music_tracker - INFO - SpotiSpy song collection starting...
2025-08-16 05:58:02,867 - music_tracker - INFO - Starting song collection (last 1 hours)
2025-08-16 05:58:02,868 - music_tracker - INFO - Fetching recent tracks from Spotify...
2025-08-16 05:58:03,266 - music_tracker - INFO - No recent songs found from Spotify
2025-08-16 05:58:03,268 - music_tracker - INFO - No new songs found from Spotify API
2025-08-16 05:58:03,269 - music_tracker - INFO - Song collection completed successfully
2025-08-16 06:58:03,364 - music_tracker - INFO - SpotiSpy song collection starting...
2025-08-16 06:58:03,365 - music_tracker - INFO - Starting song collection (last 1 hours)
2025-08-16 06:58:03,365 - music_tracker - INFO - Fetching recent tracks from Spotify...
2025-08-16 06:58:03,723 - music_tracker - INFO - No recent songs found from Spotify
2025-08-16 06:58:03,725 - music_tracker - INFO - No new songs found from Spotify API
2025-08-16 06:58:03,725 - music_tracker - INFO - Song collection completed successfully
2025-08-16 07:58:02,629 - music_tracker - INFO - SpotiSpy song collection starting...
2025-08-16 07:58:02,629 - music_tracker - INFO - Starting song collection (last 1 hours)
2025-08-16 07:58:02,630 - music_tracker - INFO - Fetching recent tracks from Spotify...
2025-08-16 07:58:02,981 - music_tracker - INFO - No recent songs found from Spotify
2025-08-16 07:58:02,983 - music_tracker - INFO - No new songs found from Spotify API
2025-08-16 07:58:02,984 - music_tracker - INFO - Song collection completed successfully
2025-08-16 08:58:02,880 - music_tracker - INFO - SpotiSpy song collection starting...
2025-08-16 08:58:02,881 - music_tracker - INFO - Starting song collection (last 1 hours)
2025-08-16 08:58:02,881 - music_tracker - INFO - Fetching recent tracks from Spotify...
2025-08-16 08:58:03,247 - music_tracker - INFO - No recent songs found from Spotify
2025-08-16 08:58:03,249 - music_tracker - INFO - No new songs found from Spotify API
2025-08-16 08:58:03,250 - music_tracker - INFO - Song collection completed successfully
2025-08-16 09:00:12,498 - music_tracker - INFO - SpotiSpy starting...
2025-08-16 09:00:12,499 - music_tracker - INFO - Starting daily SpotiSpy analysis
2025-08-16 09:00:12,499 - music_tracker - INFO - Fetching yesterday's listening data...
2025-08-16 09:00:13,155 - music_tracker - INFO - Fetched 93 songs from database
2025-08-16 09:00:13,158 - music_tracker - INFO - Found 93 songs to analyze
2025-08-16 09:00:13,159 - music_tracker - INFO - Running analysis...
2025-08-16 09:00:13,170 - music_tracker - INFO - Sending daily summary to Slack...
2025-08-16 09:00:27,701 - music_tracker - INFO - Message sent successfully to Slack
2025-08-16 09:00:27,701 - music_tracker - INFO - Daily analysis completed successfully!
2025-08-16 09:00:27,702 - music_tracker - INFO - SpotiSpy completed successfully
2025-08-16 09:25:30,889 - music_tracker - INFO - SpotiSpy song collection starting...
2025-08-16 09:25:30,890 - music_tracker - INFO - Starting song collection (last 1 hours)
2025-08-16 09:25:30,891 - music_tracker - INFO - Fetching recent tracks from Spotify...
2025-08-16 09:25:31,119 - music_tracker - INFO - Fetched 1 songs from Spotify
2025-08-16 09:25:31,120 - music_tracker - INFO - Found 1 songs from Spotify API
2025-08-16 09:25:31,121 - music_tracker - INFO - Checking for duplicates in database...
2025-08-16 09:25:31,453 - music_tracker - INFO - Found 1 new songs out of 1 total
2025-08-16 09:25:31,455 - music_tracker - INFO - Found 1 new songs to save
2025-08-16 09:25:31,455 - music_tracker - INFO - Saving songs to database...
2025-08-16 09:25:31,733 - music_tracker - INFO - Successfully saved 1 songs to database
2025-08-16 09:25:31,736 - music_tracker - INFO - Successfully saved 1 songs to database
2025-08-16 09:25:31,737 - music_tracker - INFO - Song collection completed successfully
2025-08-16 09:58:04,042 - music_tracker - INFO - SpotiSpy song collection starting...
2025-08-16 09:58:04,042 - music_tracker - INFO - Starting song collection (last 1 hours)
2025-08-16 09:58:04,043 - music_tracker - INFO - Fetching recent tracks from Spotify...
2025-08-16 09:58:04,635 - music_tracker - INFO - Fetched 11 songs from Spotify
2025-08-16 09:58:04,637 - music_tracker - INFO - Found 11 songs from Spotify API
2025-08-16 09:58:04,638 - music_tracker - INFO - Checking for duplicates in database...
2025-08-16 09:58:05,052 - music_tracker - INFO - Found 9 new songs out of 11 total
2025-08-16 09:58:05,055 - music_tracker - INFO - Found 9 new songs to save
2025-08-16 09:58:05,056 - music_tracker - INFO - Saving songs to database...
2025-08-16 09:58:05,276 - music_tracker - INFO - Successfully saved 9 songs to database
2025-08-16 09:58:05,278 - music_tracker - INFO - Successfully saved 9 songs to database
2025-08-16 09:58:05,279 - music_tracker - INFO - Song collection completed successfully
2025-08-16 10:58:03,320 - music_tracker - INFO - SpotiSpy song collection starting...
2025-08-16 10:58:03,320 - music_tracker - INFO - Starting song collection (last 1 hours)
2025-08-16 10:58:03,321 - music_tracker - INFO - Fetching recent tracks from Spotify...
2025-08-16 10:58:03,793 - music_tracker - INFO - Fetched 9 songs from Spotify
2025-08-16 10:58:03,796 - music_tracker - INFO - Found 9 songs from Spotify API
2025-08-16 10:58:03,796 - music_tracker - INFO - Checking for duplicates in database...
2025-08-16 10:58:04,153 - music_tracker - INFO - Found 9 new songs out of 9 total
2025-08-16 10:58:04,155 - music_tracker - INFO - Found 9 new songs to save
2025-08-16 10:58:04,156 - music_tracker - INFO - Saving songs to database...
2025-08-16 10:58:04,457 - music_tracker - INFO - Successfully saved 9 songs to database
2025-08-16 10:58:04,459 - music_tracker - INFO - Successfully saved 9 songs to database
2025-08-16 10:58:04,459 - music_tracker - INFO - Song collection completed successfully
2025-08-16 11:58:03,424 - music_tracker - INFO - SpotiSpy song collection starting...
2025-08-16 11:58:03,425 - music_tracker - INFO - Starting song collection (last 1 hours)
2025-08-16 11:58:03,426 - music_tracker - INFO - Fetching recent tracks from Spotify...
2025-08-16 11:58:03,958 - music_tracker - INFO - Fetched 12 songs from Spotify
2025-08-16 11:58:03,961 - music_tracker - INFO - Found 12 songs from Spotify API
2025-08-16 11:58:03,962 - music_tracker - INFO - Checking for duplicates in database...
2025-08-16 11:58:04,367 - music_tracker - INFO - Found 12 new songs out of 12 total
2025-08-16 11:58:04,369 - music_tracker - INFO - Found 12 new songs to save
2025-08-16 11:58:04,370 - music_tracker - INFO - Saving songs to database...
2025-08-16 11:58:04,665 - music_tracker - INFO - Successfully saved 12 songs to database
2025-08-16 11:58:04,667 - music_tracker - INFO - Successfully saved 12 songs to database
2025-08-16 11:58:04,668 - music_tracker - INFO - Song collection completed successfully
2025-08-16 12:58:03,594 - music_tracker - INFO - SpotiSpy song collection starting...
2025-08-16 12:58:03,594 - music_tracker - INFO - Starting song collection (last 1 hours)
2025-08-16 12:58:03,595 - music_tracker - INFO - Fetching recent tracks from Spotify...
2025-08-16 12:58:04,091 - music_tracker - INFO - Fetched 13 songs from Spotify
2025-08-16 12:58:04,094 - music_tracker - INFO - Found 13 songs from Spotify API
2025-08-16 12:58:04,094 - music_tracker - INFO - Checking for duplicates in database...
2025-08-16 12:58:04,434 - music_tracker - INFO - Found 13 new songs out of 13 total
2025-08-16 12:58:04,436 - music_tracker - INFO - Found 13 new songs to save
2025-08-16 12:58:04,437 - music_tracker - INFO - Saving songs to database...
2025-08-16 12:58:04,699 - music_tracker - INFO - Successfully saved 13 songs to database
2025-08-16 12:58:04,701 - music_tracker - INFO - Successfully saved 13 songs to database
2025-08-16 12:58:04,701 - music_tracker - INFO - Song collection completed successfully
2025-08-16 13:58:02,610 - music_tracker - INFO - SpotiSpy song collection starting...
2025-08-16 13:58:02,610 - music_tracker - INFO - Starting song collection (last 1 hours)
2025-08-16 13:58:02,611 - music_tracker - INFO - Fetching recent tracks from Spotify...
2025-08-16 13:58:03,071 - music_tracker - INFO - Fetched 3 songs from Spotify
2025-08-16 13:58:03,073 - music_tracker - INFO - Found 3 songs from Spotify API
2025-08-16 13:58:03,074 - music_tracker - INFO - Checking for duplicates in database...
2025-08-16 13:58:03,401 - music_tracker - INFO - Found 3 new songs out of 3 total
2025-08-16 13:58:03,403 - music_tracker - INFO - Found 3 new songs to save
2025-08-16 13:58:03,404 - music_tracker - INFO - Saving songs to database...
2025-08-16 13:58:03,673 - music_tracker - INFO - Successfully saved 3 songs to database
2025-08-16 13:58:03,675 - music_tracker - INFO - Successfully saved 3 songs to database
2025-08-16 13:58:03,676 - music_tracker - INFO - Song collection completed successfully
2025-08-16 14:58:03,735 - music_tracker - INFO - SpotiSpy song collection starting...
2025-08-16 14:58:03,736 - music_tracker - INFO - Starting song collection (last 1 hours)
2025-08-16 14:58:03,737 - music_tracker - INFO - Fetching recent tracks from Spotify...
2025-08-16 14:58:04,230 - music_tracker - INFO - Fetched 10 songs from Spotify
2025-08-16 14:58:04,233 - music_tracker - INFO - Found 10 songs from Spotify API
2025-08-16 14:58:04,234 - music_tracker - INFO - Checking for duplicates in database...
2025-08-16 14:58:04,583 - music_tracker - INFO - Found 10 new songs out of 10 total
2025-08-16 14:58:04,586 - music_tracker - INFO - Found 10 new songs to save
2025-08-16 14:58:04,587 - music_tracker - INFO - Saving songs to database...
2025-08-16 14:58:04,876 - music_tracker - INFO - Successfully saved 10 songs to database
2025-08-16 14:58:04,878 - music_tracker - INFO - Successfully saved 10 songs to database
2025-08-16 14:58:04,878 - music_tracker - INFO - Song collection completed successfully
2025-08-16 15:58:02,838 - music_tracker - INFO - SpotiSpy song collection starting...
2025-08-16 15:58:02,839 - music_tracker - INFO - Starting song collection (last 1 hours)
2025-08-16 15:58:02,840 - music_tracker - INFO - Fetching recent tracks from Spotify...
2025-08-16 15:58:03,385 - music_tracker - INFO - Fetched 16 songs from Spotify
2025-08-16 15:58:03,388 - music_tracker - INFO - Found 16 songs from Spotify API
2025-08-16 15:58:03,389 - music_tracker - INFO - Checking for duplicates in database...
2025-08-16 15:58:03,726 - music_tracker - INFO - Found 16 new songs out of 16 total
2025-08-16 15:58:03,728 - music_tracker - INFO - Found 16 new songs to save
2025-08-16 15:58:03,729 - music_tracker - INFO - Saving songs to database...
2025-08-16 15:58:04,039 - music_tracker - INFO - Successfully saved 16 songs to database
2025-08-16 15:58:04,041 - music_tracker - INFO - Successfully saved 16 songs to database
2025-08-16 15:58:04,042 - music_tracker - INFO - Song collection completed successfully
2025-08-16 16:58:02,941 - music_tracker - INFO - SpotiSpy song collection starting...
2025-08-16 16:58:02,942 - music_tracker - INFO - Starting song collection (last 1 hours)
2025-08-16 16:58:02,943 - music_tracker - INFO - Fetching recent tracks from Spotify...
2025-08-16 16:58:03,368 - music_tracker - INFO - Fetched 3 songs from Spotify
2025-08-16 16:58:03,370 - music_tracker - INFO - Found 3 songs from Spotify API
2025-08-16 16:58:03,371 - music_tracker - INFO - Checking for duplicates in database...
2025-08-16 16:58:03,703 - music_tracker - INFO - Found 3 new songs out of 3 total
2025-08-16 16:58:03,706 - music_tracker - INFO - Found 3 new songs to save
2025-08-16 16:58:03,706 - music_tracker - INFO - Saving songs to database...
2025-08-16 16:58:03,912 - music_tracker - INFO - Successfully saved 3 songs to database
2025-08-16 16:58:03,914 - music_tracker - INFO - Successfully saved 3 songs to database
2025-08-16 16:58:03,915 - music_tracker - INFO - Song collection completed successfully
2025-08-16 17:58:02,811 - music_tracker - INFO - SpotiSpy song collection starting...
2025-08-16 17:58:02,811 - music_tracker - INFO - Starting song collection (last 1 hours)
2025-08-16 17:58:02,812 - music_tracker - INFO - Fetching recent tracks from Spotify...
2025-08-16 17:58:03,209 - music_tracker - INFO - No recent songs found from Spotify
2025-08-16 17:58:03,211 - music_tracker - INFO - No new songs found from Spotify API
2025-08-16 17:58:03,212 - music_tracker - INFO - Song collection completed successfully
2025-08-16 18:58:03,099 - music_tracker - INFO - SpotiSpy song collection starting...
2025-08-16 18:58:03,100 - music_tracker - INFO - Starting song collection (last 1 hours)
2025-08-16 18:58:03,101 - music_tracker - INFO - Fetching recent tracks from Spotify...
2025-08-16 18:58:03,470 - music_tracker - INFO - No recent songs found from Spotify
2025-08-16 18:58:03,472 - music_tracker - INFO - No new songs found from Spotify API
2025-08-16 18:58:03,473 - music_tracker - INFO - Song collection completed successfully
2025-08-16 19:58:03,356 - music_tracker - INFO - SpotiSpy song collection starting...
2025-08-16 19:58:03,356 - music_tracker - INFO - Starting song collection (last 1 hours)
2025-08-16 19:58:03,357 - music_tracker - INFO - Fetching recent tracks from Spotify...
2025-08-16 19:58:03,752 - music_tracker - INFO - No recent songs found from Spotify
2025-08-16 19:58:03,754 - music_tracker - INFO - No new songs found from Spotify API
2025-08-16 19:58:03,755 - music_tracker - INFO - Song collection completed successfully
2025-08-16 20:58:02,629 - music_tracker - INFO - SpotiSpy song collection starting...
2025-08-16 20:58:02,630 - music_tracker - INFO - Starting song collection (last 1 hours)
2025-08-16 20:58:02,631 - music_tracker - INFO - Fetching recent tracks from Spotify...
2025-08-16 20:58:03,065 - music_tracker - INFO - Fetched 6 songs from Spotify
2025-08-16 20:58:03,067 - music_tracker - INFO - Found 6 songs from Spotify API
2025-08-16 20:58:03,068 - music_tracker - INFO - Checking for duplicates in database...
2025-08-16 20:58:03,426 - music_tracker - INFO - Found 6 new songs out of 6 total
2025-08-16 20:58:03,428 - music_tracker - INFO - Found 6 new songs to save
2025-08-16 20:58:03,429 - music_tracker - INFO - Saving songs to database...
2025-08-16 20:58:03,705 - music_tracker - INFO - Successfully saved 6 songs to database
2025-08-16 20:58:03,707 - music_tracker - INFO - Successfully saved 6 songs to database
2025-08-16 20:58:03,708 - music_tracker - INFO - Song collection completed successfully
2025-08-16 21:58:02,623 - music_tracker - INFO - SpotiSpy song collection starting...
2025-08-16 21:58:02,623 - music_tracker - INFO - Starting song collection (last 1 hours)
2025-08-16 21:58:02,624 - music_tracker - INFO - Fetching recent tracks from Spotify...
2025-08-16 21:58:03,049 - music_tracker - INFO - Fetched 5 songs from Spotify
2025-08-16 21:58:03,051 - music_tracker - INFO - Found 5 songs from Spotify API
2025-08-16 21:58:03,052 - music_tracker - INFO - Checking for duplicates in database...
2025-08-16 21:58:03,379 - music_tracker - INFO - Found 5 new songs out of 5 total
2025-08-16 21:58:03,381 - music_tracker - INFO - Found 5 new songs to save
2025-08-16 21:58:03,382 - music_tracker - INFO - Saving songs to database...
2025-08-16 21:58:03,649 - music_tracker - INFO - Successfully saved 5 songs to database
2025-08-16 21:58:03,651 - music_tracker - INFO - Successfully saved 5 songs to database
2025-08-16 21:58:03,652 - music_tracker - INFO - Song collection completed successfully
2025-08-16 22:58:03,582 - music_tracker - INFO - SpotiSpy song collection starting...
2025-08-16 22:58:03,583 - music_tracker - INFO - Starting song collection (last 1 hours)
2025-08-16 22:58:03,583 - music_tracker - INFO - Fetching recent tracks from Spotify...
2025-08-16 22:58:03,933 - music_tracker - INFO - No recent songs found from Spotify
2025-08-16 22:58:03,936 - music_tracker - INFO - No new songs found from Spotify API
2025-08-16 22:58:03,936 - music_tracker - INFO - Song collection completed successfully
2025-08-16 23:58:02,828 - music_tracker - INFO - SpotiSpy song collection starting...
2025-08-16 23:58:02,828 - music_tracker - INFO - Starting song collection (last 1 hours)
2025-08-16 23:58:02,829 - music_tracker - INFO - Fetching recent tracks from Spotify...
2025-08-16 23:58:03,217 - music_tracker - INFO - No recent songs found from Spotify
2025-08-16 23:58:03,219 - music_tracker - INFO - No new songs found from Spotify API
2025-08-16 23:58:03,219 - music_tracker - INFO - Song collection completed successfully
