2025-08-27 00:58:02,894 - music_tracker - INFO - SpotiSpy song collection starting...
2025-08-27 00:58:02,895 - music_tracker - INFO - Starting song collection (last 1 hours)
2025-08-27 00:58:02,895 - music_tracker - INFO - Fetching recent tracks from Spotify...
2025-08-27 00:58:03,274 - music_tracker - INFO - No recent songs found from Spotify
2025-08-27 00:58:03,276 - music_tracker - INFO - No new songs found from Spotify API
2025-08-27 00:58:03,276 - music_tracker - INFO - Song collection completed successfully
2025-08-27 01:58:03,211 - music_tracker - INFO - SpotiSpy song collection starting...
2025-08-27 01:58:03,211 - music_tracker - INFO - Starting song collection (last 1 hours)
2025-08-27 01:58:03,212 - music_tracker - INFO - Fetching recent tracks from Spotify...
2025-08-27 01:58:03,601 - music_tracker - INFO - No recent songs found from Spotify
2025-08-27 01:58:03,603 - music_tracker - INFO - No new songs found from Spotify API
2025-08-27 01:58:03,604 - music_tracker - INFO - Song collection completed successfully
2025-08-27 02:58:03,552 - music_tracker - INFO - SpotiSpy song collection starting...
2025-08-27 02:58:03,552 - music_tracker - INFO - Starting song collection (last 1 hours)
2025-08-27 02:58:03,553 - music_tracker - INFO - Fetching recent tracks from Spotify...
2025-08-27 02:58:03,920 - music_tracker - INFO - No recent songs found from Spotify
2025-08-27 02:58:03,922 - music_tracker - INFO - No new songs found from Spotify API
2025-08-27 02:58:03,923 - music_tracker - INFO - Song collection completed successfully
2025-08-27 03:58:03,305 - music_tracker - INFO - SpotiSpy song collection starting...
2025-08-27 03:58:03,305 - music_tracker - INFO - Starting song collection (last 1 hours)
2025-08-27 03:58:03,306 - music_tracker - INFO - Fetching recent tracks from Spotify...
2025-08-27 03:58:03,682 - music_tracker - INFO - No recent songs found from Spotify
2025-08-27 03:58:03,684 - music_tracker - INFO - No new songs found from Spotify API
2025-08-27 03:58:03,685 - music_tracker - INFO - Song collection completed successfully
2025-08-27 04:58:03,571 - music_tracker - INFO - SpotiSpy song collection starting...
2025-08-27 04:58:03,572 - music_tracker - INFO - Starting song collection (last 1 hours)
2025-08-27 04:58:03,572 - music_tracker - INFO - Fetching recent tracks from Spotify...
2025-08-27 04:58:03,952 - music_tracker - INFO - No recent songs found from Spotify
2025-08-27 04:58:03,954 - music_tracker - INFO - No new songs found from Spotify API
2025-08-27 04:58:03,954 - music_tracker - INFO - Song collection completed successfully
2025-08-27 05:58:03,121 - music_tracker - INFO - SpotiSpy song collection starting...
2025-08-27 05:58:03,126 - music_tracker - INFO - Starting song collection (last 1 hours)
2025-08-27 05:58:03,127 - music_tracker - INFO - Fetching recent tracks from Spotify...
2025-08-27 05:58:03,493 - music_tracker - INFO - No recent songs found from Spotify
2025-08-27 05:58:03,495 - music_tracker - INFO - No new songs found from Spotify API
2025-08-27 05:58:03,496 - music_tracker - INFO - Song collection completed successfully
2025-08-27 06:58:04,456 - music_tracker - INFO - SpotiSpy song collection starting...
2025-08-27 06:58:04,461 - music_tracker - INFO - Starting song collection (last 1 hours)
2025-08-27 06:58:04,462 - music_tracker - INFO - Fetching recent tracks from Spotify...
2025-08-27 06:58:04,851 - music_tracker - INFO - No recent songs found from Spotify
2025-08-27 06:58:04,853 - music_tracker - INFO - No new songs found from Spotify API
2025-08-27 06:58:04,854 - music_tracker - INFO - Song collection completed successfully
2025-08-27 07:58:03,029 - music_tracker - INFO - SpotiSpy song collection starting...
2025-08-27 07:58:03,030 - music_tracker - INFO - Starting song collection (last 1 hours)
2025-08-27 07:58:03,031 - music_tracker - INFO - Fetching recent tracks from Spotify...
2025-08-27 07:58:03,422 - music_tracker - INFO - No recent songs found from Spotify
2025-08-27 07:58:03,424 - music_tracker - INFO - No new songs found from Spotify API
2025-08-27 07:58:03,424 - music_tracker - INFO - Song collection completed successfully
2025-08-27 08:58:03,339 - music_tracker - INFO - SpotiSpy song collection starting...
2025-08-27 08:58:03,339 - music_tracker - INFO - Starting song collection (last 1 hours)
2025-08-27 08:58:03,340 - music_tracker - INFO - Fetching recent tracks from Spotify...
2025-08-27 08:58:03,700 - music_tracker - INFO - No recent songs found from Spotify
2025-08-27 08:58:03,703 - music_tracker - INFO - No new songs found from Spotify API
2025-08-27 08:58:03,703 - music_tracker - INFO - Song collection completed successfully
2025-08-27 09:00:13,591 - music_tracker - INFO - SpotiSpy starting...
2025-08-27 09:00:13,592 - music_tracker - INFO - Starting daily SpotiSpy analysis
2025-08-27 09:00:13,592 - music_tracker - INFO - Fetching yesterday's listening data...
2025-08-27 09:00:14,770 - music_tracker - INFO - Fetched 71 songs from database
2025-08-27 09:00:14,772 - music_tracker - INFO - Found 71 songs to analyze
2025-08-27 09:00:14,773 - music_tracker - INFO - Running analysis...
2025-08-27 09:00:14,783 - music_tracker - INFO - Sending daily summary to Slack...
2025-08-27 09:00:27,638 - music_tracker - INFO - Message sent successfully to Slack
2025-08-27 09:00:27,639 - music_tracker - INFO - Daily analysis completed successfully!
2025-08-27 09:00:27,640 - music_tracker - INFO - SpotiSpy completed successfully
2025-08-27 09:58:03,668 - music_tracker - INFO - SpotiSpy song collection starting...
2025-08-27 09:58:03,669 - music_tracker - INFO - Starting song collection (last 1 hours)
2025-08-27 09:58:03,670 - music_tracker - INFO - Fetching recent tracks from Spotify...
2025-08-27 09:58:04,024 - music_tracker - INFO - No recent songs found from Spotify
2025-08-27 09:58:04,027 - music_tracker - INFO - No new songs found from Spotify API
2025-08-27 09:58:04,027 - music_tracker - INFO - Song collection completed successfully
2025-08-27 10:58:02,908 - music_tracker - INFO - SpotiSpy song collection starting...
2025-08-27 10:58:02,909 - music_tracker - INFO - Starting song collection (last 1 hours)
2025-08-27 10:58:02,909 - music_tracker - INFO - Fetching recent tracks from Spotify...
2025-08-27 10:58:03,282 - music_tracker - INFO - No recent songs found from Spotify
2025-08-27 10:58:03,284 - music_tracker - INFO - No new songs found from Spotify API
2025-08-27 10:58:03,285 - music_tracker - INFO - Song collection completed successfully
2025-08-27 11:58:03,195 - music_tracker - INFO - SpotiSpy song collection starting...
2025-08-27 11:58:03,196 - music_tracker - INFO - Starting song collection (last 1 hours)
2025-08-27 11:58:03,197 - music_tracker - INFO - Fetching recent tracks from Spotify...
2025-08-27 11:58:03,670 - music_tracker - INFO - Fetched 12 songs from Spotify
2025-08-27 11:58:03,673 - music_tracker - INFO - Found 12 songs from Spotify API
2025-08-27 11:58:03,673 - music_tracker - INFO - Checking for duplicates in database...
2025-08-27 11:58:05,036 - music_tracker - INFO - Found 12 new songs out of 12 total
2025-08-27 11:58:05,038 - music_tracker - INFO - Found 12 new songs to save
2025-08-27 11:58:05,039 - music_tracker - INFO - Saving songs to database...
2025-08-27 11:58:05,439 - music_tracker - INFO - Successfully saved 12 songs to database
2025-08-27 11:58:05,441 - music_tracker - INFO - Successfully saved 12 songs to database
2025-08-27 11:58:05,441 - music_tracker - INFO - Song collection completed successfully
2025-08-27 12:58:03,359 - music_tracker - INFO - SpotiSpy song collection starting...
2025-08-27 12:58:03,360 - music_tracker - INFO - Starting song collection (last 1 hours)
2025-08-27 12:58:03,360 - music_tracker - INFO - Fetching recent tracks from Spotify...
2025-08-27 12:58:03,802 - music_tracker - INFO - Fetched 6 songs from Spotify
2025-08-27 12:58:03,804 - music_tracker - INFO - Found 6 songs from Spotify API
2025-08-27 12:58:03,805 - music_tracker - INFO - Checking for duplicates in database...
2025-08-27 12:58:04,895 - music_tracker - INFO - Found 6 new songs out of 6 total
2025-08-27 12:58:04,897 - music_tracker - INFO - Found 6 new songs to save
2025-08-27 12:58:04,898 - music_tracker - INFO - Saving songs to database...
2025-08-27 12:58:05,270 - music_tracker - INFO - Successfully saved 6 songs to database
2025-08-27 12:58:05,272 - music_tracker - INFO - Successfully saved 6 songs to database
2025-08-27 12:58:05,272 - music_tracker - INFO - Song collection completed successfully
2025-08-27 13:58:03,206 - music_tracker - INFO - SpotiSpy song collection starting...
2025-08-27 13:58:03,206 - music_tracker - INFO - Starting song collection (last 1 hours)
2025-08-27 13:58:03,207 - music_tracker - INFO - Fetching recent tracks from Spotify...
2025-08-27 13:58:03,571 - music_tracker - INFO - No recent songs found from Spotify
2025-08-27 13:58:03,573 - music_tracker - INFO - No new songs found from Spotify API
2025-08-27 13:58:03,574 - music_tracker - INFO - Song collection completed successfully
2025-08-27 14:58:04,644 - music_tracker - INFO - SpotiSpy song collection starting...
2025-08-27 14:58:04,645 - music_tracker - INFO - Starting song collection (last 1 hours)
2025-08-27 14:58:04,646 - music_tracker - INFO - Fetching recent tracks from Spotify...
2025-08-27 14:58:05,110 - music_tracker - INFO - Fetched 6 songs from Spotify
2025-08-27 14:58:05,112 - music_tracker - INFO - Found 6 songs from Spotify API
2025-08-27 14:58:05,113 - music_tracker - INFO - Checking for duplicates in database...
2025-08-27 14:58:06,466 - music_tracker - INFO - Found 6 new songs out of 6 total
2025-08-27 14:58:06,468 - music_tracker - INFO - Found 6 new songs to save
2025-08-27 14:58:06,469 - music_tracker - INFO - Saving songs to database...
2025-08-27 14:58:06,816 - music_tracker - INFO - Successfully saved 6 songs to database
2025-08-27 14:58:06,818 - music_tracker - INFO - Successfully saved 6 songs to database
2025-08-27 14:58:06,819 - music_tracker - INFO - Song collection completed successfully
2025-08-27 15:58:02,772 - music_tracker - INFO - SpotiSpy song collection starting...
2025-08-27 15:58:02,773 - music_tracker - INFO - Starting song collection (last 1 hours)
2025-08-27 15:58:02,774 - music_tracker - INFO - Fetching recent tracks from Spotify...
2025-08-27 15:58:03,298 - music_tracker - INFO - Fetched 21 songs from Spotify
2025-08-27 15:58:03,301 - music_tracker - INFO - Found 21 songs from Spotify API
2025-08-27 15:58:03,301 - music_tracker - INFO - Checking for duplicates in database...
2025-08-27 15:58:04,660 - music_tracker - INFO - Found 21 new songs out of 21 total
2025-08-27 15:58:04,662 - music_tracker - INFO - Found 21 new songs to save
2025-08-27 15:58:04,663 - music_tracker - INFO - Saving songs to database...
2025-08-27 15:58:05,003 - music_tracker - INFO - Successfully saved 21 songs to database
2025-08-27 15:58:05,005 - music_tracker - INFO - Successfully saved 21 songs to database
2025-08-27 15:58:05,006 - music_tracker - INFO - Song collection completed successfully
2025-08-27 16:58:02,929 - music_tracker - INFO - SpotiSpy song collection starting...
2025-08-27 16:58:02,930 - music_tracker - INFO - Starting song collection (last 1 hours)
2025-08-27 16:58:02,930 - music_tracker - INFO - Fetching recent tracks from Spotify...
2025-08-27 16:58:03,412 - music_tracker - INFO - Fetched 17 songs from Spotify
2025-08-27 16:58:03,416 - music_tracker - INFO - Found 17 songs from Spotify API
2025-08-27 16:58:03,416 - music_tracker - INFO - Checking for duplicates in database...
2025-08-27 16:58:03,984 - music_tracker - INFO - Found 17 new songs out of 17 total
2025-08-27 16:58:03,987 - music_tracker - INFO - Found 17 new songs to save
2025-08-27 16:58:03,987 - music_tracker - INFO - Saving songs to database...
2025-08-27 16:58:04,339 - music_tracker - INFO - Successfully saved 17 songs to database
2025-08-27 16:58:04,341 - music_tracker - INFO - Successfully saved 17 songs to database
2025-08-27 16:58:04,342 - music_tracker - INFO - Song collection completed successfully
2025-08-27 17:58:03,248 - music_tracker - INFO - SpotiSpy song collection starting...
2025-08-27 17:58:03,249 - music_tracker - INFO - Starting song collection (last 1 hours)
2025-08-27 17:58:03,249 - music_tracker - INFO - Fetching recent tracks from Spotify...
2025-08-27 17:58:03,694 - music_tracker - INFO - Fetched 5 songs from Spotify
2025-08-27 17:58:03,696 - music_tracker - INFO - Found 5 songs from Spotify API
2025-08-27 17:58:03,697 - music_tracker - INFO - Checking for duplicates in database...
2025-08-27 17:58:04,801 - music_tracker - INFO - Found 5 new songs out of 5 total
2025-08-27 17:58:04,803 - music_tracker - INFO - Found 5 new songs to save
2025-08-27 17:58:04,803 - music_tracker - INFO - Saving songs to database...
2025-08-27 17:58:05,142 - music_tracker - INFO - Successfully saved 5 songs to database
2025-08-27 17:58:05,144 - music_tracker - INFO - Successfully saved 5 songs to database
2025-08-27 17:58:05,145 - music_tracker - INFO - Song collection completed successfully
2025-08-27 18:58:03,067 - music_tracker - INFO - SpotiSpy song collection starting...
2025-08-27 18:58:03,068 - music_tracker - INFO - Starting song collection (last 1 hours)
2025-08-27 18:58:03,068 - music_tracker - INFO - Fetching recent tracks from Spotify...
2025-08-27 18:58:03,461 - music_tracker - INFO - Fetched 2 songs from Spotify
2025-08-27 18:58:03,463 - music_tracker - INFO - Found 2 songs from Spotify API
2025-08-27 18:58:03,464 - music_tracker - INFO - Checking for duplicates in database...
2025-08-27 18:58:04,501 - music_tracker - INFO - Found 2 new songs out of 2 total
2025-08-27 18:58:04,503 - music_tracker - INFO - Found 2 new songs to save
2025-08-27 18:58:04,504 - music_tracker - INFO - Saving songs to database...
2025-08-27 18:58:04,824 - music_tracker - INFO - Successfully saved 2 songs to database
2025-08-27 18:58:04,826 - music_tracker - INFO - Successfully saved 2 songs to database
2025-08-27 18:58:04,826 - music_tracker - INFO - Song collection completed successfully
2025-08-27 19:58:02,736 - music_tracker - INFO - SpotiSpy song collection starting...
2025-08-27 19:58:02,736 - music_tracker - INFO - Starting song collection (last 1 hours)
2025-08-27 19:58:02,737 - music_tracker - INFO - Fetching recent tracks from Spotify...
2025-08-27 19:58:02,893 - music_tracker - ERROR - Error fetching from Spotify: error: <html>
<head><title>502 Bad Gateway</title></head>
<body>
<center><h1>502 Bad Gateway</h1></center>
<hr><center>openresty</center>
</body>
</html>
, error_description: None
2025-08-27 19:58:02,895 - music_tracker - INFO - No new songs found from Spotify API
2025-08-27 19:58:02,895 - music_tracker - INFO - Song collection completed successfully
2025-08-27 20:58:02,771 - music_tracker - INFO - SpotiSpy song collection starting...
2025-08-27 20:58:02,771 - music_tracker - INFO - Starting song collection (last 1 hours)
2025-08-27 20:58:02,772 - music_tracker - INFO - Fetching recent tracks from Spotify...
2025-08-27 20:58:03,188 - music_tracker - INFO - No recent songs found from Spotify
2025-08-27 20:58:03,190 - music_tracker - INFO - No new songs found from Spotify API
2025-08-27 20:58:03,191 - music_tracker - INFO - Song collection completed successfully
2025-08-27 21:58:03,082 - music_tracker - INFO - SpotiSpy song collection starting...
2025-08-27 21:58:03,083 - music_tracker - INFO - Starting song collection (last 1 hours)
2025-08-27 21:58:03,083 - music_tracker - INFO - Fetching recent tracks from Spotify...
2025-08-27 21:58:03,458 - music_tracker - INFO - No recent songs found from Spotify
2025-08-27 21:58:03,460 - music_tracker - INFO - No new songs found from Spotify API
2025-08-27 21:58:03,461 - music_tracker - INFO - Song collection completed successfully
2025-08-27 22:58:03,346 - music_tracker - INFO - SpotiSpy song collection starting...
2025-08-27 22:58:03,346 - music_tracker - INFO - Starting song collection (last 1 hours)
2025-08-27 22:58:03,347 - music_tracker - INFO - Fetching recent tracks from Spotify...
2025-08-27 22:58:03,717 - music_tracker - INFO - No recent songs found from Spotify
2025-08-27 22:58:03,719 - music_tracker - INFO - No new songs found from Spotify API
2025-08-27 22:58:03,720 - music_tracker - INFO - Song collection completed successfully
2025-08-27 23:58:02,711 - music_tracker - INFO - SpotiSpy song collection starting...
2025-08-27 23:58:02,712 - music_tracker - INFO - Starting song collection (last 1 hours)
2025-08-27 23:58:02,713 - music_tracker - INFO - Fetching recent tracks from Spotify...
2025-08-27 23:58:03,081 - music_tracker - INFO - No recent songs found from Spotify
2025-08-27 23:58:03,083 - music_tracker - INFO - No new songs found from Spotify API
2025-08-27 23:58:03,083 - music_tracker - INFO - Song collection completed successfully
