2025-12-20 00:58:03,252 - music_tracker - INFO - SpotiSpy song collection starting...
2025-12-20 00:58:03,253 - music_tracker - INFO - Starting song collection (last 1 hours)
2025-12-20 00:58:03,254 - music_tracker - INFO - Fetching recent tracks from Spotify...
2025-12-20 00:58:03,596 - music_tracker - INFO - No recent songs found from Spotify
2025-12-20 00:58:03,598 - music_tracker - INFO - No new songs found from Spotify API
2025-12-20 00:58:03,599 - music_tracker - INFO - Song collection completed successfully
2025-12-20 01:58:03,500 - music_tracker - INFO - SpotiSpy song collection starting...
2025-12-20 01:58:03,501 - music_tracker - INFO - Starting song collection (last 1 hours)
2025-12-20 01:58:03,502 - music_tracker - INFO - Fetching recent tracks from Spotify...
2025-12-20 01:58:03,846 - music_tracker - INFO - No recent songs found from Spotify
2025-12-20 01:58:03,848 - music_tracker - INFO - No new songs found from Spotify API
2025-12-20 01:58:03,849 - music_tracker - INFO - Song collection completed successfully
2025-12-20 02:58:02,773 - music_tracker - INFO - SpotiSpy song collection starting...
2025-12-20 02:58:02,774 - music_tracker - INFO - Starting song collection (last 1 hours)
2025-12-20 02:58:02,775 - music_tracker - INFO - Fetching recent tracks from Spotify...
2025-12-20 02:58:03,107 - music_tracker - INFO - No recent songs found from Spotify
2025-12-20 02:58:03,109 - music_tracker - INFO - No new songs found from Spotify API
2025-12-20 02:58:03,109 - music_tracker - INFO - Song collection completed successfully
2025-12-20 03:58:03,129 - music_tracker - INFO - SpotiSpy song collection starting...
2025-12-20 03:58:03,130 - music_tracker - INFO - Starting song collection (last 1 hours)
2025-12-20 03:58:03,131 - music_tracker - INFO - Fetching recent tracks from Spotify...
2025-12-20 03:58:03,475 - music_tracker - INFO - No recent songs found from Spotify
2025-12-20 03:58:03,477 - music_tracker - INFO - No new songs found from Spotify API
2025-12-20 03:58:03,478 - music_tracker - INFO - Song collection completed successfully
2025-12-20 04:58:03,378 - music_tracker - INFO - SpotiSpy song collection starting...
2025-12-20 04:58:03,379 - music_tracker - INFO - Starting song collection (last 1 hours)
2025-12-20 04:58:03,379 - music_tracker - INFO - Fetching recent tracks from Spotify...
2025-12-20 04:58:03,717 - music_tracker - INFO - No recent songs found from Spotify
2025-12-20 04:58:03,719 - music_tracker - INFO - No new songs found from Spotify API
2025-12-20 04:58:03,720 - music_tracker - INFO - Song collection completed successfully
2025-12-20 05:58:03,421 - music_tracker - INFO - SpotiSpy song collection starting...
2025-12-20 05:58:03,422 - music_tracker - INFO - Starting song collection (last 1 hours)
2025-12-20 05:58:03,423 - music_tracker - INFO - Fetching recent tracks from Spotify...
2025-12-20 05:58:03,823 - music_tracker - INFO - No recent songs found from Spotify
2025-12-20 05:58:03,825 - music_tracker - INFO - No new songs found from Spotify API
2025-12-20 05:58:03,826 - music_tracker - INFO - Song collection completed successfully
2025-12-20 06:58:02,847 - music_tracker - INFO - SpotiSpy song collection starting...
2025-12-20 06:58:02,848 - music_tracker - INFO - Starting song collection (last 1 hours)
2025-12-20 06:58:02,848 - music_tracker - INFO - Fetching recent tracks from Spotify...
2025-12-20 06:58:03,216 - music_tracker - INFO - No recent songs found from Spotify
2025-12-20 06:58:03,218 - music_tracker - INFO - No new songs found from Spotify API
2025-12-20 06:58:03,219 - music_tracker - INFO - Song collection completed successfully
2025-12-20 07:58:03,104 - music_tracker - INFO - SpotiSpy song collection starting...
2025-12-20 07:58:03,105 - music_tracker - INFO - Starting song collection (last 1 hours)
2025-12-20 07:58:03,106 - music_tracker - INFO - Fetching recent tracks from Spotify...
2025-12-20 07:58:03,440 - music_tracker - INFO - No recent songs found from Spotify
2025-12-20 07:58:03,443 - music_tracker - INFO - No new songs found from Spotify API
2025-12-20 07:58:03,443 - music_tracker - INFO - Song collection completed successfully
2025-12-20 08:58:03,447 - music_tracker - INFO - SpotiSpy song collection starting...
2025-12-20 08:58:03,448 - music_tracker - INFO - Starting song collection (last 1 hours)
2025-12-20 08:58:03,448 - music_tracker - INFO - Fetching recent tracks from Spotify...
2025-12-20 08:58:03,803 - music_tracker - INFO - No recent songs found from Spotify
2025-12-20 08:58:03,805 - music_tracker - INFO - No new songs found from Spotify API
2025-12-20 08:58:03,806 - music_tracker - INFO - Song collection completed successfully
2025-12-20 09:00:12,565 - music_tracker - INFO - SpotiSpy starting...
2025-12-20 09:00:12,566 - music_tracker - INFO - Starting daily SpotiSpy analysis
2025-12-20 09:00:12,566 - music_tracker - INFO - Fetching yesterday's listening data...
2025-12-20 09:00:14,052 - music_tracker - INFO - Fetched 31 songs from database
2025-12-20 09:00:14,054 - music_tracker - INFO - Found 31 songs to analyze
2025-12-20 09:00:14,055 - music_tracker - INFO - Running analysis...
2025-12-20 09:00:14,060 - music_tracker - INFO - Sending daily summary to Slack...
2025-12-20 09:00:27,004 - music_tracker - INFO - Message sent successfully to Slack
2025-12-20 09:00:27,004 - music_tracker - INFO - Daily analysis completed successfully!
2025-12-20 09:00:27,005 - music_tracker - INFO - SpotiSpy completed successfully
2025-12-20 09:58:02,984 - music_tracker - INFO - SpotiSpy song collection starting...
2025-12-20 09:58:02,985 - music_tracker - INFO - Starting song collection (last 1 hours)
2025-12-20 09:58:02,986 - music_tracker - INFO - Fetching recent tracks from Spotify...
2025-12-20 09:58:03,392 - music_tracker - INFO - No recent songs found from Spotify
2025-12-20 09:58:03,394 - music_tracker - INFO - No new songs found from Spotify API
2025-12-20 09:58:03,395 - music_tracker - INFO - Song collection completed successfully
2025-12-20 10:58:03,283 - music_tracker - INFO - SpotiSpy song collection starting...
2025-12-20 10:58:03,284 - music_tracker - INFO - Starting song collection (last 1 hours)
2025-12-20 10:58:03,285 - music_tracker - INFO - Fetching recent tracks from Spotify...
2025-12-20 10:58:03,617 - music_tracker - INFO - No recent songs found from Spotify
2025-12-20 10:58:03,619 - music_tracker - INFO - No new songs found from Spotify API
2025-12-20 10:58:03,619 - music_tracker - INFO - Song collection completed successfully
2025-12-20 11:58:04,622 - music_tracker - INFO - SpotiSpy song collection starting...
2025-12-20 11:58:04,623 - music_tracker - INFO - Starting song collection (last 1 hours)
2025-12-20 11:58:04,624 - music_tracker - INFO - Fetching recent tracks from Spotify...
2025-12-20 11:58:05,040 - music_tracker - INFO - No recent songs found from Spotify
2025-12-20 11:58:05,042 - music_tracker - INFO - No new songs found from Spotify API
2025-12-20 11:58:05,043 - music_tracker - INFO - Song collection completed successfully
2025-12-20 12:58:02,977 - music_tracker - INFO - SpotiSpy song collection starting...
2025-12-20 12:58:02,977 - music_tracker - INFO - Starting song collection (last 1 hours)
2025-12-20 12:58:02,978 - music_tracker - INFO - Fetching recent tracks from Spotify...
2025-12-20 12:58:08,433 - music_tracker - INFO - No recent songs found from Spotify
2025-12-20 12:58:08,435 - music_tracker - INFO - No new songs found from Spotify API
2025-12-20 12:58:08,436 - music_tracker - INFO - Song collection completed successfully
2025-12-20 13:58:03,350 - music_tracker - INFO - SpotiSpy song collection starting...
2025-12-20 13:58:03,350 - music_tracker - INFO - Starting song collection (last 1 hours)
2025-12-20 13:58:03,351 - music_tracker - INFO - Fetching recent tracks from Spotify...
2025-12-20 13:58:08,769 - music_tracker - INFO - No recent songs found from Spotify
2025-12-20 13:58:08,772 - music_tracker - INFO - No new songs found from Spotify API
2025-12-20 13:58:08,773 - music_tracker - INFO - Song collection completed successfully
2025-12-20 14:58:02,672 - music_tracker - INFO - SpotiSpy song collection starting...
2025-12-20 14:58:02,673 - music_tracker - INFO - Starting song collection (last 1 hours)
2025-12-20 14:58:02,673 - music_tracker - INFO - Fetching recent tracks from Spotify...
2025-12-20 14:58:03,044 - music_tracker - INFO - No recent songs found from Spotify
2025-12-20 14:58:03,046 - music_tracker - INFO - No new songs found from Spotify API
2025-12-20 14:58:03,047 - music_tracker - INFO - Song collection completed successfully
2025-12-20 15:58:02,947 - music_tracker - INFO - SpotiSpy song collection starting...
2025-12-20 15:58:02,948 - music_tracker - INFO - Starting song collection (last 1 hours)
2025-12-20 15:58:02,948 - music_tracker - INFO - Fetching recent tracks from Spotify...
2025-12-20 15:58:03,328 - music_tracker - INFO - No recent songs found from Spotify
2025-12-20 15:58:03,331 - music_tracker - INFO - No new songs found from Spotify API
2025-12-20 15:58:03,331 - music_tracker - INFO - Song collection completed successfully
2025-12-20 16:58:03,258 - music_tracker - INFO - SpotiSpy song collection starting...
2025-12-20 16:58:03,259 - music_tracker - INFO - Starting song collection (last 1 hours)
2025-12-20 16:58:03,259 - music_tracker - INFO - Fetching recent tracks from Spotify...
2025-12-20 16:58:03,591 - music_tracker - INFO - No recent songs found from Spotify
2025-12-20 16:58:03,593 - music_tracker - INFO - No new songs found from Spotify API
2025-12-20 16:58:03,593 - music_tracker - INFO - Song collection completed successfully
2025-12-20 17:58:03,491 - music_tracker - INFO - SpotiSpy song collection starting...
2025-12-20 17:58:03,492 - music_tracker - INFO - Starting song collection (last 1 hours)
2025-12-20 17:58:03,493 - music_tracker - INFO - Fetching recent tracks from Spotify...
2025-12-20 17:58:03,828 - music_tracker - INFO - No recent songs found from Spotify
2025-12-20 17:58:03,830 - music_tracker - INFO - No new songs found from Spotify API
2025-12-20 17:58:03,831 - music_tracker - INFO - Song collection completed successfully
2025-12-20 18:58:02,718 - music_tracker - INFO - SpotiSpy song collection starting...
2025-12-20 18:58:02,719 - music_tracker - INFO - Starting song collection (last 1 hours)
2025-12-20 18:58:02,720 - music_tracker - INFO - Fetching recent tracks from Spotify...
2025-12-20 18:58:03,077 - music_tracker - INFO - No recent songs found from Spotify
2025-12-20 18:58:03,079 - music_tracker - INFO - No new songs found from Spotify API
2025-12-20 18:58:03,079 - music_tracker - INFO - Song collection completed successfully
2025-12-20 19:58:02,972 - music_tracker - INFO - SpotiSpy song collection starting...
2025-12-20 19:58:02,972 - music_tracker - INFO - Starting song collection (last 1 hours)
2025-12-20 19:58:02,973 - music_tracker - INFO - Fetching recent tracks from Spotify...
2025-12-20 19:58:03,336 - music_tracker - INFO - No recent songs found from Spotify
2025-12-20 19:58:03,338 - music_tracker - INFO - No new songs found from Spotify API
2025-12-20 19:58:03,338 - music_tracker - INFO - Song collection completed successfully
2025-12-20 20:58:03,241 - music_tracker - INFO - SpotiSpy song collection starting...
2025-12-20 20:58:03,242 - music_tracker - INFO - Starting song collection (last 1 hours)
2025-12-20 20:58:03,242 - music_tracker - INFO - Fetching recent tracks from Spotify...
2025-12-20 20:58:03,592 - music_tracker - INFO - No recent songs found from Spotify
2025-12-20 20:58:03,594 - music_tracker - INFO - No new songs found from Spotify API
2025-12-20 20:58:03,595 - music_tracker - INFO - Song collection completed successfully
2025-12-20 21:58:03,487 - music_tracker - INFO - SpotiSpy song collection starting...
2025-12-20 21:58:03,488 - music_tracker - INFO - Starting song collection (last 1 hours)
2025-12-20 21:58:03,488 - music_tracker - INFO - Fetching recent tracks from Spotify...
2025-12-20 21:58:03,848 - music_tracker - INFO - No recent songs found from Spotify
2025-12-20 21:58:03,850 - music_tracker - INFO - No new songs found from Spotify API
2025-12-20 21:58:03,851 - music_tracker - INFO - Song collection completed successfully
2025-12-20 22:58:02,737 - music_tracker - INFO - SpotiSpy song collection starting...
2025-12-20 22:58:02,738 - music_tracker - INFO - Starting song collection (last 1 hours)
2025-12-20 22:58:02,739 - music_tracker - INFO - Fetching recent tracks from Spotify...
2025-12-20 22:58:03,097 - music_tracker - INFO - No recent songs found from Spotify
2025-12-20 22:58:03,099 - music_tracker - INFO - No new songs found from Spotify API
2025-12-20 22:58:03,099 - music_tracker - INFO - Song collection completed successfully
2025-12-20 23:58:03,000 - music_tracker - INFO - SpotiSpy song collection starting...
2025-12-20 23:58:03,001 - music_tracker - INFO - Starting song collection (last 1 hours)
2025-12-20 23:58:03,002 - music_tracker - INFO - Fetching recent tracks from Spotify...
2025-12-20 23:58:03,355 - music_tracker - INFO - No recent songs found from Spotify
2025-12-20 23:58:03,357 - music_tracker - INFO - No new songs found from Spotify API
2025-12-20 23:58:03,358 - music_tracker - INFO - Song collection completed successfully
