2025-09-30 00:58:03,057 - music_tracker - INFO - SpotiSpy song collection starting...
2025-09-30 00:58:03,057 - music_tracker - INFO - Starting song collection (last 1 hours)
2025-09-30 00:58:03,058 - music_tracker - INFO - Fetching recent tracks from Spotify...
2025-09-30 00:58:03,459 - music_tracker - INFO - No recent songs found from Spotify
2025-09-30 00:58:03,461 - music_tracker - INFO - No new songs found from Spotify API
2025-09-30 00:58:03,462 - music_tracker - INFO - Song collection completed successfully
2025-09-30 01:58:03,685 - music_tracker - INFO - SpotiSpy song collection starting...
2025-09-30 01:58:03,685 - music_tracker - INFO - Starting song collection (last 1 hours)
2025-09-30 01:58:03,686 - music_tracker - INFO - Fetching recent tracks from Spotify...
2025-09-30 01:58:04,058 - music_tracker - INFO - No recent songs found from Spotify
2025-09-30 01:58:04,060 - music_tracker - INFO - No new songs found from Spotify API
2025-09-30 01:58:04,061 - music_tracker - INFO - Song collection completed successfully
2025-09-30 02:58:02,944 - music_tracker - INFO - SpotiSpy song collection starting...
2025-09-30 02:58:02,945 - music_tracker - INFO - Starting song collection (last 1 hours)
2025-09-30 02:58:02,945 - music_tracker - INFO - Fetching recent tracks from Spotify...
2025-09-30 02:58:03,306 - music_tracker - INFO - No recent songs found from Spotify
2025-09-30 02:58:03,308 - music_tracker - INFO - No new songs found from Spotify API
2025-09-30 02:58:03,309 - music_tracker - INFO - Song collection completed successfully
2025-09-30 03:58:03,339 - music_tracker - INFO - SpotiSpy song collection starting...
2025-09-30 03:58:03,340 - music_tracker - INFO - Starting song collection (last 1 hours)
2025-09-30 03:58:03,341 - music_tracker - INFO - Fetching recent tracks from Spotify...
2025-09-30 03:58:03,682 - music_tracker - INFO - No recent songs found from Spotify
2025-09-30 03:58:03,684 - music_tracker - INFO - No new songs found from Spotify API
2025-09-30 03:58:03,684 - music_tracker - INFO - Song collection completed successfully
2025-09-30 04:58:03,576 - music_tracker - INFO - SpotiSpy song collection starting...
2025-09-30 04:58:03,577 - music_tracker - INFO - Starting song collection (last 1 hours)
2025-09-30 04:58:03,578 - music_tracker - INFO - Fetching recent tracks from Spotify...
2025-09-30 04:58:03,953 - music_tracker - INFO - No recent songs found from Spotify
2025-09-30 04:58:03,955 - music_tracker - INFO - No new songs found from Spotify API
2025-09-30 04:58:03,956 - music_tracker - INFO - Song collection completed successfully
2025-09-30 05:58:02,971 - music_tracker - INFO - SpotiSpy song collection starting...
2025-09-30 05:58:02,972 - music_tracker - INFO - Starting song collection (last 1 hours)
2025-09-30 05:58:02,973 - music_tracker - INFO - Fetching recent tracks from Spotify...
2025-09-30 05:58:03,348 - music_tracker - INFO - No recent songs found from Spotify
2025-09-30 05:58:03,350 - music_tracker - INFO - No new songs found from Spotify API
2025-09-30 05:58:03,351 - music_tracker - INFO - Song collection completed successfully
2025-09-30 06:58:03,393 - music_tracker - INFO - SpotiSpy song collection starting...
2025-09-30 06:58:03,394 - music_tracker - INFO - Starting song collection (last 1 hours)
2025-09-30 06:58:03,394 - music_tracker - INFO - Fetching recent tracks from Spotify...
2025-09-30 06:58:03,996 - music_tracker - INFO - Fetched 17 songs from Spotify
2025-09-30 06:58:03,999 - music_tracker - INFO - Found 17 songs from Spotify API
2025-09-30 06:58:04,000 - music_tracker - INFO - Checking for duplicates in database...
2025-09-30 06:58:05,546 - music_tracker - INFO - Found 17 new songs out of 17 total
2025-09-30 06:58:05,548 - music_tracker - INFO - Found 17 new songs to save
2025-09-30 06:58:05,549 - music_tracker - INFO - Saving songs to database...
2025-09-30 06:58:05,900 - music_tracker - INFO - Successfully saved 17 songs to database
2025-09-30 06:58:05,903 - music_tracker - INFO - Successfully saved 17 songs to database
2025-09-30 06:58:05,904 - music_tracker - INFO - Song collection completed successfully
2025-09-30 07:58:02,827 - music_tracker - INFO - SpotiSpy song collection starting...
2025-09-30 07:58:02,827 - music_tracker - INFO - Starting song collection (last 1 hours)
2025-09-30 07:58:02,828 - music_tracker - INFO - Fetching recent tracks from Spotify...
2025-09-30 07:58:03,424 - music_tracker - INFO - Fetched 25 songs from Spotify
2025-09-30 07:58:03,427 - music_tracker - INFO - Found 25 songs from Spotify API
2025-09-30 07:58:03,428 - music_tracker - INFO - Checking for duplicates in database...
2025-09-30 07:58:04,877 - music_tracker - INFO - Found 25 new songs out of 25 total
2025-09-30 07:58:04,879 - music_tracker - INFO - Found 25 new songs to save
2025-09-30 07:58:04,880 - music_tracker - INFO - Saving songs to database...
2025-09-30 07:58:05,359 - music_tracker - INFO - Successfully saved 25 songs to database
2025-09-30 07:58:05,361 - music_tracker - INFO - Successfully saved 25 songs to database
2025-09-30 07:58:05,362 - music_tracker - INFO - Song collection completed successfully
2025-09-30 08:58:03,278 - music_tracker - INFO - SpotiSpy song collection starting...
2025-09-30 08:58:03,279 - music_tracker - INFO - Starting song collection (last 1 hours)
2025-09-30 08:58:03,279 - music_tracker - INFO - Fetching recent tracks from Spotify...
2025-09-30 08:58:03,853 - music_tracker - INFO - Fetched 10 songs from Spotify
2025-09-30 08:58:03,856 - music_tracker - INFO - Found 10 songs from Spotify API
2025-09-30 08:58:03,857 - music_tracker - INFO - Checking for duplicates in database...
2025-09-30 08:58:05,251 - music_tracker - INFO - Found 10 new songs out of 10 total
2025-09-30 08:58:05,253 - music_tracker - INFO - Found 10 new songs to save
2025-09-30 08:58:05,254 - music_tracker - INFO - Saving songs to database...
2025-09-30 08:58:05,631 - music_tracker - INFO - Successfully saved 10 songs to database
2025-09-30 08:58:05,633 - music_tracker - INFO - Successfully saved 10 songs to database
2025-09-30 08:58:05,634 - music_tracker - INFO - Song collection completed successfully
2025-09-30 09:00:12,846 - music_tracker - INFO - SpotiSpy starting...
2025-09-30 09:00:12,846 - music_tracker - INFO - Starting daily SpotiSpy analysis
2025-09-30 09:00:12,847 - music_tracker - INFO - Fetching yesterday's listening data...
2025-09-30 09:00:13,410 - music_tracker - INFO - Fetched 177 songs from database
2025-09-30 09:00:13,412 - music_tracker - INFO - Found 177 songs to analyze
2025-09-30 09:00:13,413 - music_tracker - INFO - Running analysis...
2025-09-30 09:00:13,431 - music_tracker - INFO - Sending daily summary to Slack...
2025-09-30 09:01:03,637 - music_tracker - INFO - Message sent successfully to Slack
2025-09-30 09:01:03,638 - music_tracker - INFO - Daily analysis completed successfully!
2025-09-30 09:01:03,638 - music_tracker - INFO - SpotiSpy completed successfully
2025-09-30 09:58:04,687 - music_tracker - INFO - SpotiSpy song collection starting...
2025-09-30 09:58:04,688 - music_tracker - INFO - Starting song collection (last 1 hours)
2025-09-30 09:58:04,689 - music_tracker - INFO - Fetching recent tracks from Spotify...
2025-09-30 09:58:05,108 - music_tracker - INFO - Fetched 1 songs from Spotify
2025-09-30 09:58:05,110 - music_tracker - INFO - Found 1 songs from Spotify API
2025-09-30 09:58:05,111 - music_tracker - INFO - Checking for duplicates in database...
2025-09-30 09:58:06,532 - music_tracker - INFO - Found 1 new songs out of 1 total
2025-09-30 09:58:06,534 - music_tracker - INFO - Found 1 new songs to save
2025-09-30 09:58:06,535 - music_tracker - INFO - Saving songs to database...
2025-09-30 09:58:06,858 - music_tracker - INFO - Successfully saved 1 songs to database
2025-09-30 09:58:06,860 - music_tracker - INFO - Successfully saved 1 songs to database
2025-09-30 09:58:06,861 - music_tracker - INFO - Song collection completed successfully
2025-09-30 10:58:02,861 - music_tracker - INFO - SpotiSpy song collection starting...
2025-09-30 10:58:02,861 - music_tracker - INFO - Starting song collection (last 1 hours)
2025-09-30 10:58:02,862 - music_tracker - INFO - Fetching recent tracks from Spotify...
2025-09-30 10:58:03,360 - music_tracker - INFO - Fetched 5 songs from Spotify
2025-09-30 10:58:03,362 - music_tracker - INFO - Found 5 songs from Spotify API
2025-09-30 10:58:03,363 - music_tracker - INFO - Checking for duplicates in database...
2025-09-30 10:58:04,654 - music_tracker - INFO - Found 5 new songs out of 5 total
2025-09-30 10:58:04,656 - music_tracker - INFO - Found 5 new songs to save
2025-09-30 10:58:04,657 - music_tracker - INFO - Saving songs to database...
2025-09-30 10:58:04,943 - music_tracker - INFO - Successfully saved 5 songs to database
2025-09-30 10:58:04,945 - music_tracker - INFO - Successfully saved 5 songs to database
2025-09-30 10:58:04,945 - music_tracker - INFO - Song collection completed successfully
2025-09-30 11:58:02,888 - music_tracker - INFO - SpotiSpy song collection starting...
2025-09-30 11:58:02,889 - music_tracker - INFO - Starting song collection (last 1 hours)
2025-09-30 11:58:02,889 - music_tracker - INFO - Fetching recent tracks from Spotify...
2025-09-30 11:58:03,309 - music_tracker - INFO - Fetched 3 songs from Spotify
2025-09-30 11:58:03,312 - music_tracker - INFO - Found 3 songs from Spotify API
2025-09-30 11:58:03,312 - music_tracker - INFO - Checking for duplicates in database...
2025-09-30 11:58:04,729 - music_tracker - INFO - Found 3 new songs out of 3 total
2025-09-30 11:58:04,731 - music_tracker - INFO - Found 3 new songs to save
2025-09-30 11:58:04,733 - music_tracker - INFO - Saving songs to database...
2025-09-30 11:58:05,073 - music_tracker - INFO - Successfully saved 3 songs to database
2025-09-30 11:58:05,075 - music_tracker - INFO - Successfully saved 3 songs to database
2025-09-30 11:58:05,076 - music_tracker - INFO - Song collection completed successfully
2025-09-30 12:58:02,991 - music_tracker - INFO - SpotiSpy song collection starting...
2025-09-30 12:58:02,992 - music_tracker - INFO - Starting song collection (last 1 hours)
2025-09-30 12:58:02,992 - music_tracker - INFO - Fetching recent tracks from Spotify...
2025-09-30 12:58:03,340 - music_tracker - INFO - No recent songs found from Spotify
2025-09-30 12:58:03,342 - music_tracker - INFO - No new songs found from Spotify API
2025-09-30 12:58:03,343 - music_tracker - INFO - Song collection completed successfully
2025-09-30 13:58:03,227 - music_tracker - INFO - SpotiSpy song collection starting...
2025-09-30 13:58:03,227 - music_tracker - INFO - Starting song collection (last 1 hours)
2025-09-30 13:58:03,228 - music_tracker - INFO - Fetching recent tracks from Spotify...
2025-09-30 13:58:03,733 - music_tracker - INFO - Fetched 13 songs from Spotify
2025-09-30 13:58:03,736 - music_tracker - INFO - Found 13 songs from Spotify API
2025-09-30 13:58:03,737 - music_tracker - INFO - Checking for duplicates in database...
2025-09-30 13:58:05,347 - music_tracker - INFO - Found 13 new songs out of 13 total
2025-09-30 13:58:05,349 - music_tracker - INFO - Found 13 new songs to save
2025-09-30 13:58:05,350 - music_tracker - INFO - Saving songs to database...
2025-09-30 13:58:05,687 - music_tracker - INFO - Successfully saved 13 songs to database
2025-09-30 13:58:05,688 - music_tracker - INFO - Successfully saved 13 songs to database
2025-09-30 13:58:05,689 - music_tracker - INFO - Song collection completed successfully
2025-09-30 14:58:02,608 - music_tracker - INFO - SpotiSpy song collection starting...
2025-09-30 14:58:02,609 - music_tracker - INFO - Starting song collection (last 1 hours)
2025-09-30 14:58:02,610 - music_tracker - INFO - Fetching recent tracks from Spotify...
2025-09-30 14:58:03,199 - music_tracker - INFO - Fetched 9 songs from Spotify
2025-09-30 14:58:03,202 - music_tracker - INFO - Found 9 songs from Spotify API
2025-09-30 14:58:03,203 - music_tracker - INFO - Checking for duplicates in database...
2025-09-30 14:58:04,459 - music_tracker - INFO - Found 9 new songs out of 9 total
2025-09-30 14:58:04,462 - music_tracker - INFO - Found 9 new songs to save
2025-09-30 14:58:04,462 - music_tracker - INFO - Saving songs to database...
2025-09-30 14:58:04,750 - music_tracker - INFO - Successfully saved 9 songs to database
2025-09-30 14:58:04,752 - music_tracker - INFO - Successfully saved 9 songs to database
2025-09-30 14:58:04,752 - music_tracker - INFO - Song collection completed successfully
2025-09-30 15:58:02,667 - music_tracker - INFO - SpotiSpy song collection starting...
2025-09-30 15:58:02,667 - music_tracker - INFO - Starting song collection (last 1 hours)
2025-09-30 15:58:02,668 - music_tracker - INFO - Fetching recent tracks from Spotify...
2025-09-30 15:58:03,224 - music_tracker - INFO - Fetched 9 songs from Spotify
2025-09-30 15:58:03,227 - music_tracker - INFO - Found 9 songs from Spotify API
2025-09-30 15:58:03,228 - music_tracker - INFO - Checking for duplicates in database...
2025-09-30 15:58:04,575 - music_tracker - INFO - Found 9 new songs out of 9 total
2025-09-30 15:58:04,578 - music_tracker - INFO - Found 9 new songs to save
2025-09-30 15:58:04,578 - music_tracker - INFO - Saving songs to database...
2025-09-30 15:58:04,889 - music_tracker - INFO - Successfully saved 9 songs to database
2025-09-30 15:58:04,891 - music_tracker - INFO - Successfully saved 9 songs to database
2025-09-30 15:58:04,892 - music_tracker - INFO - Song collection completed successfully
2025-09-30 16:58:02,812 - music_tracker - INFO - SpotiSpy song collection starting...
2025-09-30 16:58:02,813 - music_tracker - INFO - Starting song collection (last 1 hours)
2025-09-30 16:58:02,813 - music_tracker - INFO - Fetching recent tracks from Spotify...
2025-09-30 16:58:03,316 - music_tracker - INFO - Fetched 12 songs from Spotify
2025-09-30 16:58:03,319 - music_tracker - INFO - Found 12 songs from Spotify API
2025-09-30 16:58:03,320 - music_tracker - INFO - Checking for duplicates in database...
2025-09-30 16:58:04,750 - music_tracker - INFO - Found 12 new songs out of 12 total
2025-09-30 16:58:04,753 - music_tracker - INFO - Found 12 new songs to save
2025-09-30 16:58:04,753 - music_tracker - INFO - Saving songs to database...
2025-09-30 16:58:05,099 - music_tracker - INFO - Successfully saved 12 songs to database
2025-09-30 16:58:05,101 - music_tracker - INFO - Successfully saved 12 songs to database
2025-09-30 16:58:05,102 - music_tracker - INFO - Song collection completed successfully
2025-09-30 17:58:03,015 - music_tracker - INFO - SpotiSpy song collection starting...
2025-09-30 17:58:03,016 - music_tracker - INFO - Starting song collection (last 1 hours)
2025-09-30 17:58:03,016 - music_tracker - INFO - Fetching recent tracks from Spotify...
2025-09-30 17:58:03,536 - music_tracker - INFO - Fetched 16 songs from Spotify
2025-09-30 17:58:03,539 - music_tracker - INFO - Found 16 songs from Spotify API
2025-09-30 17:58:03,540 - music_tracker - INFO - Checking for duplicates in database...
2025-09-30 17:58:05,022 - music_tracker - INFO - Found 16 new songs out of 16 total
2025-09-30 17:58:05,024 - music_tracker - INFO - Found 16 new songs to save
2025-09-30 17:58:05,025 - music_tracker - INFO - Saving songs to database...
2025-09-30 17:58:05,386 - music_tracker - INFO - Successfully saved 16 songs to database
2025-09-30 17:58:05,388 - music_tracker - INFO - Successfully saved 16 songs to database
2025-09-30 17:58:05,389 - music_tracker - INFO - Song collection completed successfully
2025-09-30 18:58:03,306 - music_tracker - INFO - SpotiSpy song collection starting...
2025-09-30 18:58:03,307 - music_tracker - INFO - Starting song collection (last 1 hours)
2025-09-30 18:58:03,308 - music_tracker - INFO - Fetching recent tracks from Spotify...
2025-09-30 18:58:03,816 - music_tracker - INFO - Fetched 7 songs from Spotify
2025-09-30 18:58:03,819 - music_tracker - INFO - Found 7 songs from Spotify API
2025-09-30 18:58:03,820 - music_tracker - INFO - Checking for duplicates in database...
2025-09-30 18:58:05,246 - music_tracker - INFO - Found 7 new songs out of 7 total
2025-09-30 18:58:05,248 - music_tracker - INFO - Found 7 new songs to save
2025-09-30 18:58:05,249 - music_tracker - INFO - Saving songs to database...
2025-09-30 18:58:05,580 - music_tracker - INFO - Successfully saved 7 songs to database
2025-09-30 18:58:05,582 - music_tracker - INFO - Successfully saved 7 songs to database
2025-09-30 18:58:05,582 - music_tracker - INFO - Song collection completed successfully
2025-09-30 19:58:03,504 - music_tracker - INFO - SpotiSpy song collection starting...
2025-09-30 19:58:03,504 - music_tracker - INFO - Starting song collection (last 1 hours)
2025-09-30 19:58:03,505 - music_tracker - INFO - Fetching recent tracks from Spotify...
2025-09-30 19:58:03,869 - music_tracker - INFO - No recent songs found from Spotify
2025-09-30 19:58:03,872 - music_tracker - INFO - No new songs found from Spotify API
2025-09-30 19:58:03,872 - music_tracker - INFO - Song collection completed successfully
2025-09-30 20:58:03,280 - music_tracker - INFO - SpotiSpy song collection starting...
2025-09-30 20:58:03,281 - music_tracker - INFO - Starting song collection (last 1 hours)
2025-09-30 20:58:03,282 - music_tracker - INFO - Fetching recent tracks from Spotify...
2025-09-30 20:58:04,188 - music_tracker - INFO - Fetched 13 songs from Spotify
2025-09-30 20:58:04,191 - music_tracker - INFO - Found 13 songs from Spotify API
2025-09-30 20:58:04,192 - music_tracker - INFO - Checking for duplicates in database...
2025-09-30 20:58:05,279 - music_tracker - INFO - Found 13 new songs out of 13 total
2025-09-30 20:58:05,282 - music_tracker - INFO - Found 13 new songs to save
2025-09-30 20:58:05,283 - music_tracker - INFO - Saving songs to database...
2025-09-30 20:58:05,571 - music_tracker - INFO - Successfully saved 13 songs to database
2025-09-30 20:58:05,573 - music_tracker - INFO - Successfully saved 13 songs to database
2025-09-30 20:58:05,574 - music_tracker - INFO - Song collection completed successfully
2025-09-30 21:58:03,915 - music_tracker - INFO - SpotiSpy song collection starting...
2025-09-30 21:58:03,916 - music_tracker - INFO - Starting song collection (last 1 hours)
2025-09-30 21:58:03,917 - music_tracker - INFO - Fetching recent tracks from Spotify...
2025-09-30 21:58:04,538 - music_tracker - INFO - Fetched 10 songs from Spotify
2025-09-30 21:58:04,541 - music_tracker - INFO - Found 10 songs from Spotify API
2025-09-30 21:58:04,542 - music_tracker - INFO - Checking for duplicates in database...
2025-09-30 21:58:05,596 - music_tracker - INFO - Found 10 new songs out of 10 total
2025-09-30 21:58:05,598 - music_tracker - INFO - Found 10 new songs to save
2025-09-30 21:58:05,599 - music_tracker - INFO - Saving songs to database...
2025-09-30 21:58:06,004 - music_tracker - INFO - Successfully saved 10 songs to database
2025-09-30 21:58:06,006 - music_tracker - INFO - Successfully saved 10 songs to database
2025-09-30 21:58:06,007 - music_tracker - INFO - Song collection completed successfully
2025-09-30 22:58:03,033 - music_tracker - INFO - SpotiSpy song collection starting...
2025-09-30 22:58:03,034 - music_tracker - INFO - Starting song collection (last 1 hours)
2025-09-30 22:58:03,034 - music_tracker - INFO - Fetching recent tracks from Spotify...
2025-09-30 22:58:03,472 - music_tracker - INFO - Fetched 2 songs from Spotify
2025-09-30 22:58:03,474 - music_tracker - INFO - Found 2 songs from Spotify API
2025-09-30 22:58:03,475 - music_tracker - INFO - Checking for duplicates in database...
2025-09-30 22:58:04,727 - music_tracker - INFO - Found 2 new songs out of 2 total
2025-09-30 22:58:04,729 - music_tracker - INFO - Found 2 new songs to save
2025-09-30 22:58:04,730 - music_tracker - INFO - Saving songs to database...
2025-09-30 22:58:05,081 - music_tracker - INFO - Successfully saved 2 songs to database
2025-09-30 22:58:05,083 - music_tracker - INFO - Successfully saved 2 songs to database
2025-09-30 22:58:05,084 - music_tracker - INFO - Song collection completed successfully
2025-09-30 23:58:03,014 - music_tracker - INFO - SpotiSpy song collection starting...
2025-09-30 23:58:03,014 - music_tracker - INFO - Starting song collection (last 1 hours)
2025-09-30 23:58:03,015 - music_tracker - INFO - Fetching recent tracks from Spotify...
2025-09-30 23:58:03,376 - music_tracker - INFO - No recent songs found from Spotify
2025-09-30 23:58:03,378 - music_tracker - INFO - No new songs found from Spotify API
2025-09-30 23:58:03,379 - music_tracker - INFO - Song collection completed successfully
