2025-06-23 00:58:06,512 - music_tracker - INFO - Zero songs listened to
2025-06-23 00:58:06,513 - music_tracker - INFO - No songs uploaded.
2025-06-23 01:58:07,236 - music_tracker - INFO - Zero songs listened to
2025-06-23 01:58:07,237 - music_tracker - INFO - No songs uploaded.
2025-06-23 02:58:07,030 - music_tracker - INFO - Zero songs listened to
2025-06-23 02:58:07,030 - music_tracker - INFO - No songs uploaded.
2025-06-23 03:58:06,768 - music_tracker - INFO - Zero songs listened to
2025-06-23 03:58:06,768 - music_tracker - INFO - No songs uploaded.
2025-06-23 04:58:06,516 - music_tracker - INFO - Zero songs listened to
2025-06-23 04:58:06,516 - music_tracker - INFO - No songs uploaded.
2025-06-23 05:58:07,250 - music_tracker - INFO - Zero songs listened to
2025-06-23 05:58:07,251 - music_tracker - INFO - No songs uploaded.
2025-06-23 06:58:07,032 - music_tracker - INFO - Zero songs listened to
2025-06-23 06:58:07,033 - music_tracker - INFO - No songs uploaded.
2025-06-23 07:58:06,777 - music_tracker - INFO - Zero songs listened to
2025-06-23 07:58:06,778 - music_tracker - INFO - No songs uploaded.
2025-06-23 08:58:06,575 - music_tracker - INFO - Zero songs listened to
2025-06-23 08:58:06,575 - music_tracker - INFO - No songs uploaded.
2025-06-23 09:00:12,002 - music_tracker - INFO - Starting music tracker analysis
2025-06-23 09:00:12,003 - music_tracker - INFO - Fetching data
2025-06-23 09:00:12,639 - music_tracker - INFO - Fetched 60 recent songs
2025-06-23 09:00:12,645 - music_tracker - INFO - Running top listens analysis
2025-06-23 09:00:12,645 - music_tracker - INFO - Calculating top songs listens
2025-06-23 09:00:12,646 - music_tracker - INFO - Sending message with top 3 songs
2025-06-23 09:00:13,351 - music_tracker - INFO - Message successfully sent!
2025-06-23 09:00:13,352 - music_tracker - INFO - Calculating top albums listens
2025-06-23 09:00:13,352 - music_tracker - INFO - Sending message with top 3 albums
2025-06-23 09:00:14,009 - music_tracker - INFO - Message successfully sent!
2025-06-23 09:00:14,010 - music_tracker - INFO - Calculating top artists listens
2025-06-23 09:00:14,010 - music_tracker - INFO - Sending message with top 3 artists
2025-06-23 09:00:14,648 - music_tracker - INFO - Message successfully sent!
2025-06-23 09:00:14,648 - music_tracker - INFO - Running popularity and listening hours analysis
2025-06-23 09:00:14,649 - music_tracker - INFO - Finding most popular track
2025-06-23 09:00:14,649 - music_tracker - INFO - Most popular song found: Unforgettable with score 89
2025-06-23 09:00:15,235 - music_tracker - INFO - Message successfully sent!
2025-06-23 09:00:15,235 - music_tracker - INFO - Calculating most listened hour
2025-06-23 09:00:15,236 - music_tracker - INFO - Most listened hour: 22:00 with 60:43
2025-06-23 09:00:15,873 - music_tracker - INFO - Message successfully sent!
2025-06-23 09:00:15,874 - music_tracker - INFO - Analysis completed successfully

2025-06-23 09:58:06,554 - music_tracker - INFO - Zero songs listened to
2025-06-23 09:58:06,555 - music_tracker - INFO - No songs uploaded.
2025-06-23 10:58:08,503 - music_tracker - INFO - Uploading 3 songs
2025-06-23 11:58:10,942 - music_tracker - INFO - Uploading 15 songs
2025-06-23 12:58:11,310 - music_tracker - INFO - Uploading 18 songs
2025-06-23 13:58:08,795 - music_tracker - INFO - Uploading 5 songs
2025-06-23 14:58:09,176 - music_tracker - INFO -   Supabase error: Status 400, {"code":"22007","details":null,"hint":null,"message":"invalid input syntax for type date: \"2005\""}
2025-06-23 14:58:09,178 - music_tracker - INFO - No songs uploaded.
2025-06-23 15:58:11,125 - music_tracker - INFO - Uploading 17 songs
2025-06-23 16:58:11,764 - music_tracker - INFO -   Supabase error: Status 400, {"code":"22007","details":null,"hint":null,"message":"invalid input syntax for type date: \"2007\""}
2025-06-23 16:58:11,769 - music_tracker - INFO - No songs uploaded.
2025-06-23 17:58:08,969 - music_tracker - INFO - Uploading 10 songs
2025-06-23 18:58:06,727 - music_tracker - INFO - Zero songs listened to
2025-06-23 18:58:06,728 - music_tracker - INFO - No songs uploaded.
2025-06-23 19:58:06,452 - music_tracker - INFO - Zero songs listened to
2025-06-23 19:58:06,453 - music_tracker - INFO - No songs uploaded.
2025-06-23 20:58:07,161 - music_tracker - INFO - Zero songs listened to
2025-06-23 20:58:07,161 - music_tracker - INFO - No songs uploaded.
2025-06-23 21:58:06,908 - music_tracker - INFO - Zero songs listened to
2025-06-23 21:58:06,908 - music_tracker - INFO - No songs uploaded.
2025-06-23 22:58:09,277 - music_tracker - INFO - Uploading 1 song
2025-06-23 23:58:08,445 - music_tracker - INFO - Uploading 4 songs
