2026-01-04 00:58:02,950 - music_tracker - INFO - SpotiSpy song collection starting...
2026-01-04 00:58:02,951 - music_tracker - INFO - Starting song collection (last 1 hours)
2026-01-04 00:58:02,952 - music_tracker - INFO - Fetching recent tracks from Spotify...
2026-01-04 00:58:03,349 - music_tracker - INFO - No recent songs found from Spotify
2026-01-04 00:58:03,351 - music_tracker - INFO - No new songs found from Spotify API
2026-01-04 00:58:03,352 - music_tracker - INFO - Song collection completed successfully
2026-01-04 01:58:03,306 - music_tracker - INFO - SpotiSpy song collection starting...
2026-01-04 01:58:03,307 - music_tracker - INFO - Starting song collection (last 1 hours)
2026-01-04 01:58:03,307 - music_tracker - INFO - Fetching recent tracks from Spotify...
2026-01-04 01:58:03,705 - music_tracker - INFO - No recent songs found from Spotify
2026-01-04 01:58:03,707 - music_tracker - INFO - No new songs found from Spotify API
2026-01-04 01:58:03,707 - music_tracker - INFO - Song collection completed successfully
2026-01-04 02:58:02,906 - music_tracker - INFO - SpotiSpy song collection starting...
2026-01-04 02:58:02,907 - music_tracker - INFO - Starting song collection (last 1 hours)
2026-01-04 02:58:02,908 - music_tracker - INFO - Fetching recent tracks from Spotify...
2026-01-04 02:58:03,303 - music_tracker - INFO - No recent songs found from Spotify
2026-01-04 02:58:03,305 - music_tracker - INFO - No new songs found from Spotify API
2026-01-04 02:58:03,306 - music_tracker - INFO - Song collection completed successfully
2026-01-04 03:58:03,252 - music_tracker - INFO - SpotiSpy song collection starting...
2026-01-04 03:58:03,253 - music_tracker - INFO - Starting song collection (last 1 hours)
2026-01-04 03:58:03,253 - music_tracker - INFO - Fetching recent tracks from Spotify...
2026-01-04 03:58:03,656 - music_tracker - INFO - No recent songs found from Spotify
2026-01-04 03:58:03,658 - music_tracker - INFO - No new songs found from Spotify API
2026-01-04 03:58:03,658 - music_tracker - INFO - Song collection completed successfully
2026-01-04 04:58:03,824 - music_tracker - INFO - SpotiSpy song collection starting...
2026-01-04 04:58:03,824 - music_tracker - INFO - Starting song collection (last 1 hours)
2026-01-04 04:58:03,825 - music_tracker - INFO - Fetching recent tracks from Spotify...
2026-01-04 04:58:04,209 - music_tracker - INFO - No recent songs found from Spotify
2026-01-04 04:58:04,211 - music_tracker - INFO - No new songs found from Spotify API
2026-01-04 04:58:04,211 - music_tracker - INFO - Song collection completed successfully
2026-01-04 05:58:03,141 - music_tracker - INFO - SpotiSpy song collection starting...
2026-01-04 05:58:03,141 - music_tracker - INFO - Starting song collection (last 1 hours)
2026-01-04 05:58:03,142 - music_tracker - INFO - Fetching recent tracks from Spotify...
2026-01-04 05:58:03,587 - music_tracker - INFO - No recent songs found from Spotify
2026-01-04 05:58:03,589 - music_tracker - INFO - No new songs found from Spotify API
2026-01-04 05:58:03,589 - music_tracker - INFO - Song collection completed successfully
2026-01-04 06:58:03,583 - music_tracker - INFO - SpotiSpy song collection starting...
2026-01-04 06:58:03,584 - music_tracker - INFO - Starting song collection (last 1 hours)
2026-01-04 06:58:03,585 - music_tracker - INFO - Fetching recent tracks from Spotify...
2026-01-04 06:58:04,007 - music_tracker - INFO - No recent songs found from Spotify
2026-01-04 06:58:04,009 - music_tracker - INFO - No new songs found from Spotify API
2026-01-04 06:58:04,009 - music_tracker - INFO - Song collection completed successfully
2026-01-04 07:58:02,898 - music_tracker - INFO - SpotiSpy song collection starting...
2026-01-04 07:58:02,899 - music_tracker - INFO - Starting song collection (last 1 hours)
2026-01-04 07:58:02,900 - music_tracker - INFO - Fetching recent tracks from Spotify...
2026-01-04 07:58:03,301 - music_tracker - INFO - No recent songs found from Spotify
2026-01-04 07:58:03,303 - music_tracker - INFO - No new songs found from Spotify API
2026-01-04 07:58:03,304 - music_tracker - INFO - Song collection completed successfully
2026-01-04 08:58:03,189 - music_tracker - INFO - SpotiSpy song collection starting...
2026-01-04 08:58:03,190 - music_tracker - INFO - Starting song collection (last 1 hours)
2026-01-04 08:58:03,191 - music_tracker - INFO - Fetching recent tracks from Spotify...
2026-01-04 08:58:03,580 - music_tracker - INFO - No recent songs found from Spotify
2026-01-04 08:58:03,582 - music_tracker - INFO - No new songs found from Spotify API
2026-01-04 08:58:03,583 - music_tracker - INFO - Song collection completed successfully
2026-01-04 09:00:13,617 - music_tracker - INFO - SpotiSpy starting...
2026-01-04 09:00:13,618 - music_tracker - INFO - Starting daily SpotiSpy analysis
2026-01-04 09:00:13,618 - music_tracker - INFO - Fetching yesterday's listening data...
2026-01-04 09:00:14,468 - music_tracker - INFO - Fetched 0 songs from database
2026-01-04 09:00:14,470 - music_tracker - WARNING - No songs found for yesterday
2026-01-04 09:00:14,471 - music_tracker - INFO - Running weekly summary...
2026-01-04 09:00:14,472 - music_tracker - INFO - Generating weekly summary...
2026-01-04 09:00:14,476 - music_tracker - INFO - Starting comprehensive weekly analysis
2026-01-04 09:00:14,724 - music_tracker - INFO - Fetched 0 songs for date 2026-01-04
2026-01-04 09:00:14,726 - music_tracker - INFO - Date 2026-01-04: 0 songs
2026-01-04 09:00:15,020 - music_tracker - INFO - Fetched 0 songs for date 2026-01-03
2026-01-04 09:00:15,022 - music_tracker - INFO - Date 2026-01-03: 0 songs
2026-01-04 09:00:15,259 - music_tracker - INFO - Fetched 0 songs for date 2026-01-02
2026-01-04 09:00:15,261 - music_tracker - INFO - Date 2026-01-02: 0 songs
2026-01-04 09:00:15,483 - music_tracker - INFO - Fetched 1 songs for date 2026-01-01
2026-01-04 09:00:15,485 - music_tracker - INFO - Date 2026-01-01: 1 songs
2026-01-04 09:00:15,701 - music_tracker - INFO - Fetched 60 songs for date 2025-12-31
2026-01-04 09:00:15,703 - music_tracker - INFO - Date 2025-12-31: 60 songs
2026-01-04 09:00:15,950 - music_tracker - INFO - Fetched 91 songs for date 2025-12-30
2026-01-04 09:00:15,952 - music_tracker - INFO - Date 2025-12-30: 91 songs
2026-01-04 09:00:16,181 - music_tracker - INFO - Fetched 50 songs for date 2025-12-29
2026-01-04 09:00:16,183 - music_tracker - INFO - Date 2025-12-29: 50 songs
2026-01-04 09:00:16,969 - music_tracker - INFO - Message sent successfully to Slack
2026-01-04 09:00:16,970 - music_tracker - INFO - SpotiSpy completed successfully
2026-01-04 09:58:02,962 - music_tracker - INFO - SpotiSpy song collection starting...
2026-01-04 09:58:02,963 - music_tracker - INFO - Starting song collection (last 1 hours)
2026-01-04 09:58:02,964 - music_tracker - INFO - Fetching recent tracks from Spotify...
2026-01-04 09:58:03,342 - music_tracker - INFO - No recent songs found from Spotify
2026-01-04 09:58:03,344 - music_tracker - INFO - No new songs found from Spotify API
2026-01-04 09:58:03,345 - music_tracker - INFO - Song collection completed successfully
2026-01-04 10:58:04,462 - music_tracker - INFO - SpotiSpy song collection starting...
2026-01-04 10:58:04,463 - music_tracker - INFO - Starting song collection (last 1 hours)
2026-01-04 10:58:04,464 - music_tracker - INFO - Fetching recent tracks from Spotify...
2026-01-04 10:58:04,842 - music_tracker - INFO - No recent songs found from Spotify
2026-01-04 10:58:04,844 - music_tracker - INFO - No new songs found from Spotify API
2026-01-04 10:58:04,845 - music_tracker - INFO - Song collection completed successfully
2026-01-04 11:58:02,787 - music_tracker - INFO - SpotiSpy song collection starting...
2026-01-04 11:58:02,787 - music_tracker - INFO - Starting song collection (last 1 hours)
2026-01-04 11:58:02,788 - music_tracker - INFO - Fetching recent tracks from Spotify...
2026-01-04 11:58:03,201 - music_tracker - INFO - No recent songs found from Spotify
2026-01-04 11:58:03,203 - music_tracker - INFO - No new songs found from Spotify API
2026-01-04 11:58:03,204 - music_tracker - INFO - Song collection completed successfully
2026-01-04 12:58:03,133 - music_tracker - INFO - SpotiSpy song collection starting...
2026-01-04 12:58:03,133 - music_tracker - INFO - Starting song collection (last 1 hours)
2026-01-04 12:58:03,134 - music_tracker - INFO - Fetching recent tracks from Spotify...
2026-01-04 12:58:08,621 - music_tracker - INFO - No recent songs found from Spotify
2026-01-04 12:58:08,625 - music_tracker - INFO - No new songs found from Spotify API
2026-01-04 12:58:08,625 - music_tracker - INFO - Song collection completed successfully
2026-01-04 13:58:03,584 - music_tracker - INFO - SpotiSpy song collection starting...
2026-01-04 13:58:03,585 - music_tracker - INFO - Starting song collection (last 1 hours)
2026-01-04 13:58:03,586 - music_tracker - INFO - Fetching recent tracks from Spotify...
2026-01-04 13:58:03,992 - music_tracker - INFO - No recent songs found from Spotify
2026-01-04 13:58:03,994 - music_tracker - INFO - No new songs found from Spotify API
2026-01-04 13:58:03,995 - music_tracker - INFO - Song collection completed successfully
2026-01-04 14:58:02,924 - music_tracker - INFO - SpotiSpy song collection starting...
2026-01-04 14:58:02,925 - music_tracker - INFO - Starting song collection (last 1 hours)
2026-01-04 14:58:02,925 - music_tracker - INFO - Fetching recent tracks from Spotify...
2026-01-04 14:58:03,285 - music_tracker - INFO - No recent songs found from Spotify
2026-01-04 14:58:03,287 - music_tracker - INFO - No new songs found from Spotify API
2026-01-04 14:58:03,288 - music_tracker - INFO - Song collection completed successfully
2026-01-04 15:58:03,198 - music_tracker - INFO - SpotiSpy song collection starting...
2026-01-04 15:58:03,199 - music_tracker - INFO - Starting song collection (last 1 hours)
2026-01-04 15:58:03,200 - music_tracker - INFO - Fetching recent tracks from Spotify...
2026-01-04 15:58:03,543 - music_tracker - INFO - No recent songs found from Spotify
2026-01-04 15:58:03,545 - music_tracker - INFO - No new songs found from Spotify API
2026-01-04 15:58:03,546 - music_tracker - INFO - Song collection completed successfully
2026-01-04 16:58:03,426 - music_tracker - INFO - SpotiSpy song collection starting...
2026-01-04 16:58:03,426 - music_tracker - INFO - Starting song collection (last 1 hours)
2026-01-04 16:58:03,427 - music_tracker - INFO - Fetching recent tracks from Spotify...
2026-01-04 16:58:03,793 - music_tracker - INFO - No recent songs found from Spotify
2026-01-04 16:58:03,795 - music_tracker - INFO - No new songs found from Spotify API
2026-01-04 16:58:03,796 - music_tracker - INFO - Song collection completed successfully
2026-01-04 17:58:02,673 - music_tracker - INFO - SpotiSpy song collection starting...
2026-01-04 17:58:02,674 - music_tracker - INFO - Starting song collection (last 1 hours)
2026-01-04 17:58:02,675 - music_tracker - INFO - Fetching recent tracks from Spotify...
2026-01-04 17:58:03,026 - music_tracker - INFO - No recent songs found from Spotify
2026-01-04 17:58:03,028 - music_tracker - INFO - No new songs found from Spotify API
2026-01-04 17:58:03,029 - music_tracker - INFO - Song collection completed successfully
2026-01-04 18:58:02,949 - music_tracker - INFO - SpotiSpy song collection starting...
2026-01-04 18:58:02,950 - music_tracker - INFO - Starting song collection (last 1 hours)
2026-01-04 18:58:02,950 - music_tracker - INFO - Fetching recent tracks from Spotify...
2026-01-04 18:58:03,344 - music_tracker - INFO - No recent songs found from Spotify
2026-01-04 18:58:03,346 - music_tracker - INFO - No new songs found from Spotify API
2026-01-04 18:58:03,346 - music_tracker - INFO - Song collection completed successfully
2026-01-04 19:58:03,257 - music_tracker - INFO - SpotiSpy song collection starting...
2026-01-04 19:58:03,257 - music_tracker - INFO - Starting song collection (last 1 hours)
2026-01-04 19:58:03,258 - music_tracker - INFO - Fetching recent tracks from Spotify...
2026-01-04 19:58:03,613 - music_tracker - INFO - No recent songs found from Spotify
2026-01-04 19:58:03,615 - music_tracker - INFO - No new songs found from Spotify API
2026-01-04 19:58:03,615 - music_tracker - INFO - Song collection completed successfully
2026-01-04 20:58:03,513 - music_tracker - INFO - SpotiSpy song collection starting...
2026-01-04 20:58:03,514 - music_tracker - INFO - Starting song collection (last 1 hours)
2026-01-04 20:58:03,515 - music_tracker - INFO - Fetching recent tracks from Spotify...
2026-01-04 20:58:03,933 - music_tracker - INFO - No recent songs found from Spotify
2026-01-04 20:58:03,935 - music_tracker - INFO - No new songs found from Spotify API
2026-01-04 20:58:03,936 - music_tracker - INFO - Song collection completed successfully
2026-01-04 21:58:04,077 - music_tracker - INFO - SpotiSpy song collection starting...
2026-01-04 21:58:04,079 - music_tracker - INFO - Starting song collection (last 1 hours)
2026-01-04 21:58:04,079 - music_tracker - INFO - Fetching recent tracks from Spotify...
2026-01-04 21:58:04,458 - music_tracker - INFO - No recent songs found from Spotify
2026-01-04 21:58:04,460 - music_tracker - INFO - No new songs found from Spotify API
2026-01-04 21:58:04,461 - music_tracker - INFO - Song collection completed successfully
2026-01-04 22:58:03,412 - music_tracker - INFO - SpotiSpy song collection starting...
2026-01-04 22:58:03,412 - music_tracker - INFO - Starting song collection (last 1 hours)
2026-01-04 22:58:03,413 - music_tracker - INFO - Fetching recent tracks from Spotify...
2026-01-04 22:58:03,784 - music_tracker - INFO - No recent songs found from Spotify
2026-01-04 22:58:03,786 - music_tracker - INFO - No new songs found from Spotify API
2026-01-04 22:58:03,787 - music_tracker - INFO - Song collection completed successfully
2026-01-04 23:58:02,687 - music_tracker - INFO - SpotiSpy song collection starting...
2026-01-04 23:58:02,687 - music_tracker - INFO - Starting song collection (last 1 hours)
2026-01-04 23:58:02,688 - music_tracker - INFO - Fetching recent tracks from Spotify...
2026-01-04 23:58:03,137 - music_tracker - INFO - No recent songs found from Spotify
2026-01-04 23:58:03,139 - music_tracker - INFO - No new songs found from Spotify API
2026-01-04 23:58:03,140 - music_tracker - INFO - Song collection completed successfully
