2025-09-11 00:58:03,441 - music_tracker - INFO - SpotiSpy song collection starting...
2025-09-11 00:58:03,441 - music_tracker - INFO - Starting song collection (last 1 hours)
2025-09-11 00:58:03,442 - music_tracker - INFO - Fetching recent tracks from Spotify...
2025-09-11 00:58:03,822 - music_tracker - INFO - No recent songs found from Spotify
2025-09-11 00:58:03,824 - music_tracker - INFO - No new songs found from Spotify API
2025-09-11 00:58:03,824 - music_tracker - INFO - Song collection completed successfully
2025-09-11 01:58:02,802 - music_tracker - INFO - SpotiSpy song collection starting...
2025-09-11 01:58:02,803 - music_tracker - INFO - Starting song collection (last 1 hours)
2025-09-11 01:58:02,803 - music_tracker - INFO - Fetching recent tracks from Spotify...
2025-09-11 01:58:03,158 - music_tracker - INFO - No recent songs found from Spotify
2025-09-11 01:58:03,160 - music_tracker - INFO - No new songs found from Spotify API
2025-09-11 01:58:03,161 - music_tracker - INFO - Song collection completed successfully
2025-09-11 02:58:03,054 - music_tracker - INFO - SpotiSpy song collection starting...
2025-09-11 02:58:03,055 - music_tracker - INFO - Starting song collection (last 1 hours)
2025-09-11 02:58:03,055 - music_tracker - INFO - Fetching recent tracks from Spotify...
2025-09-11 02:58:03,404 - music_tracker - INFO - No recent songs found from Spotify
2025-09-11 02:58:03,406 - music_tracker - INFO - No new songs found from Spotify API
2025-09-11 02:58:03,407 - music_tracker - INFO - Song collection completed successfully
2025-09-11 03:58:03,328 - music_tracker - INFO - SpotiSpy song collection starting...
2025-09-11 03:58:03,328 - music_tracker - INFO - Starting song collection (last 1 hours)
2025-09-11 03:58:03,329 - music_tracker - INFO - Fetching recent tracks from Spotify...
2025-09-11 03:58:03,668 - music_tracker - INFO - No recent songs found from Spotify
2025-09-11 03:58:03,670 - music_tracker - INFO - No new songs found from Spotify API
2025-09-11 03:58:03,671 - music_tracker - INFO - Song collection completed successfully
2025-09-11 04:58:04,220 - music_tracker - INFO - SpotiSpy song collection starting...
2025-09-11 04:58:04,222 - music_tracker - INFO - Starting song collection (last 1 hours)
2025-09-11 04:58:04,222 - music_tracker - INFO - Fetching recent tracks from Spotify...
2025-09-11 04:58:04,607 - music_tracker - INFO - No recent songs found from Spotify
2025-09-11 04:58:04,609 - music_tracker - INFO - No new songs found from Spotify API
2025-09-11 04:58:04,610 - music_tracker - INFO - Song collection completed successfully
2025-09-11 05:58:03,653 - music_tracker - INFO - SpotiSpy song collection starting...
2025-09-11 05:58:03,654 - music_tracker - INFO - Starting song collection (last 1 hours)
2025-09-11 05:58:03,655 - music_tracker - INFO - Fetching recent tracks from Spotify...
2025-09-11 05:58:04,026 - music_tracker - INFO - No recent songs found from Spotify
2025-09-11 05:58:04,028 - music_tracker - INFO - No new songs found from Spotify API
2025-09-11 05:58:04,029 - music_tracker - INFO - Song collection completed successfully
2025-09-11 06:58:03,040 - music_tracker - INFO - SpotiSpy song collection starting...
2025-09-11 06:58:03,040 - music_tracker - INFO - Starting song collection (last 1 hours)
2025-09-11 06:58:03,041 - music_tracker - INFO - Fetching recent tracks from Spotify...
2025-09-11 06:58:03,418 - music_tracker - INFO - No recent songs found from Spotify
2025-09-11 06:58:03,420 - music_tracker - INFO - No new songs found from Spotify API
2025-09-11 06:58:03,420 - music_tracker - INFO - Song collection completed successfully
2025-09-11 07:58:03,329 - music_tracker - INFO - SpotiSpy song collection starting...
2025-09-11 07:58:03,329 - music_tracker - INFO - Starting song collection (last 1 hours)
2025-09-11 07:58:03,330 - music_tracker - INFO - Fetching recent tracks from Spotify...
2025-09-11 07:58:03,698 - music_tracker - INFO - No recent songs found from Spotify
2025-09-11 07:58:03,700 - music_tracker - INFO - No new songs found from Spotify API
2025-09-11 07:58:03,701 - music_tracker - INFO - Song collection completed successfully
2025-09-11 08:58:03,606 - music_tracker - INFO - SpotiSpy song collection starting...
2025-09-11 08:58:03,606 - music_tracker - INFO - Starting song collection (last 1 hours)
2025-09-11 08:58:03,607 - music_tracker - INFO - Fetching recent tracks from Spotify...
2025-09-11 08:58:03,972 - music_tracker - INFO - No recent songs found from Spotify
2025-09-11 08:58:03,974 - music_tracker - INFO - No new songs found from Spotify API
2025-09-11 08:58:03,975 - music_tracker - INFO - Song collection completed successfully
2025-09-11 09:00:12,309 - music_tracker - INFO - SpotiSpy starting...
2025-09-11 09:00:12,310 - music_tracker - INFO - Starting daily SpotiSpy analysis
2025-09-11 09:00:12,316 - music_tracker - INFO - Fetching yesterday's listening data...
2025-09-11 09:00:13,849 - music_tracker - INFO - Fetched 78 songs from database
2025-09-11 09:00:13,851 - music_tracker - INFO - Found 78 songs to analyze
2025-09-11 09:00:13,852 - music_tracker - INFO - Running analysis...
2025-09-11 09:00:13,862 - music_tracker - INFO - Sending daily summary to Slack...
2025-09-11 09:00:15,370 - music_tracker - INFO - Message sent successfully to Slack
2025-09-11 09:00:15,371 - music_tracker - INFO - Daily analysis completed successfully!
2025-09-11 09:00:15,372 - music_tracker - INFO - SpotiSpy completed successfully
2025-09-11 09:58:03,277 - music_tracker - INFO - SpotiSpy song collection starting...
2025-09-11 09:58:03,278 - music_tracker - INFO - Starting song collection (last 1 hours)
2025-09-11 09:58:03,278 - music_tracker - INFO - Fetching recent tracks from Spotify...
2025-09-11 09:58:03,627 - music_tracker - INFO - No recent songs found from Spotify
2025-09-11 09:58:03,629 - music_tracker - INFO - No new songs found from Spotify API
2025-09-11 09:58:03,629 - music_tracker - INFO - Song collection completed successfully
2025-09-11 10:58:03,534 - music_tracker - INFO - SpotiSpy song collection starting...
2025-09-11 10:58:03,536 - music_tracker - INFO - Starting song collection (last 1 hours)
2025-09-11 10:58:03,537 - music_tracker - INFO - Fetching recent tracks from Spotify...
2025-09-11 10:58:03,932 - music_tracker - INFO - Fetched 2 songs from Spotify
2025-09-11 10:58:03,934 - music_tracker - INFO - Found 2 songs from Spotify API
2025-09-11 10:58:03,935 - music_tracker - INFO - Checking for duplicates in database...
2025-09-11 10:58:05,372 - music_tracker - INFO - Found 2 new songs out of 2 total
2025-09-11 10:58:05,374 - music_tracker - INFO - Found 2 new songs to save
2025-09-11 10:58:05,375 - music_tracker - INFO - Saving songs to database...
2025-09-11 10:58:05,715 - music_tracker - INFO - Successfully saved 2 songs to database
2025-09-11 10:58:05,717 - music_tracker - INFO - Successfully saved 2 songs to database
2025-09-11 10:58:05,717 - music_tracker - INFO - Song collection completed successfully
2025-09-11 11:58:02,648 - music_tracker - INFO - SpotiSpy song collection starting...
2025-09-11 11:58:02,649 - music_tracker - INFO - Starting song collection (last 1 hours)
2025-09-11 11:58:02,650 - music_tracker - INFO - Fetching recent tracks from Spotify...
2025-09-11 11:58:03,093 - music_tracker - INFO - Fetched 8 songs from Spotify
2025-09-11 11:58:03,096 - music_tracker - INFO - Found 8 songs from Spotify API
2025-09-11 11:58:03,097 - music_tracker - INFO - Checking for duplicates in database...
2025-09-11 11:58:04,428 - music_tracker - INFO - Found 8 new songs out of 8 total
2025-09-11 11:58:04,431 - music_tracker - INFO - Found 8 new songs to save
2025-09-11 11:58:04,431 - music_tracker - INFO - Saving songs to database...
2025-09-11 11:58:04,831 - music_tracker - INFO - Successfully saved 8 songs to database
2025-09-11 11:58:04,833 - music_tracker - INFO - Successfully saved 8 songs to database
2025-09-11 11:58:04,834 - music_tracker - INFO - Song collection completed successfully
2025-09-11 12:58:02,737 - music_tracker - INFO - SpotiSpy song collection starting...
2025-09-11 12:58:02,738 - music_tracker - INFO - Starting song collection (last 1 hours)
2025-09-11 12:58:02,739 - music_tracker - INFO - Fetching recent tracks from Spotify...
2025-09-11 12:58:03,251 - music_tracker - INFO - Fetched 17 songs from Spotify
2025-09-11 12:58:03,254 - music_tracker - INFO - Found 17 songs from Spotify API
2025-09-11 12:58:03,255 - music_tracker - INFO - Checking for duplicates in database...
2025-09-11 12:58:04,750 - music_tracker - INFO - Found 17 new songs out of 17 total
2025-09-11 12:58:04,752 - music_tracker - INFO - Found 17 new songs to save
2025-09-11 12:58:04,753 - music_tracker - INFO - Saving songs to database...
2025-09-11 12:58:05,192 - music_tracker - INFO - Successfully saved 17 songs to database
2025-09-11 12:58:05,194 - music_tracker - INFO - Successfully saved 17 songs to database
2025-09-11 12:58:05,195 - music_tracker - INFO - Song collection completed successfully
2025-09-11 13:58:03,109 - music_tracker - INFO - SpotiSpy song collection starting...
2025-09-11 13:58:03,110 - music_tracker - INFO - Starting song collection (last 1 hours)
2025-09-11 13:58:03,110 - music_tracker - INFO - Fetching recent tracks from Spotify...
2025-09-11 13:58:03,651 - music_tracker - INFO - Fetched 20 songs from Spotify
2025-09-11 13:58:03,654 - music_tracker - INFO - Found 20 songs from Spotify API
2025-09-11 13:58:03,655 - music_tracker - INFO - Checking for duplicates in database...
2025-09-11 13:58:05,066 - music_tracker - INFO - Found 20 new songs out of 20 total
2025-09-11 13:58:05,068 - music_tracker - INFO - Found 20 new songs to save
2025-09-11 13:58:05,069 - music_tracker - INFO - Saving songs to database...
2025-09-11 13:58:05,483 - music_tracker - INFO - Successfully saved 20 songs to database
2025-09-11 13:58:05,485 - music_tracker - INFO - Successfully saved 20 songs to database
2025-09-11 13:58:05,486 - music_tracker - INFO - Song collection completed successfully
2025-09-11 14:58:04,839 - music_tracker - INFO - SpotiSpy song collection starting...
2025-09-11 14:58:04,840 - music_tracker - INFO - Starting song collection (last 1 hours)
2025-09-11 14:58:04,841 - music_tracker - INFO - Fetching recent tracks from Spotify...
2025-09-11 14:58:05,438 - music_tracker - INFO - Fetched 20 songs from Spotify
2025-09-11 14:58:05,443 - music_tracker - INFO - Found 20 songs from Spotify API
2025-09-11 14:58:05,444 - music_tracker - INFO - Checking for duplicates in database...
2025-09-11 14:58:06,506 - music_tracker - INFO - Found 20 new songs out of 20 total
2025-09-11 14:58:06,508 - music_tracker - INFO - Found 20 new songs to save
2025-09-11 14:58:06,509 - music_tracker - INFO - Saving songs to database...
2025-09-11 14:58:06,836 - music_tracker - INFO - Successfully saved 20 songs to database
2025-09-11 14:58:06,838 - music_tracker - INFO - Successfully saved 20 songs to database
2025-09-11 14:58:06,839 - music_tracker - INFO - Song collection completed successfully
2025-09-11 15:58:02,809 - music_tracker - INFO - SpotiSpy song collection starting...
2025-09-11 15:58:02,810 - music_tracker - INFO - Starting song collection (last 1 hours)
2025-09-11 15:58:02,811 - music_tracker - INFO - Fetching recent tracks from Spotify...
2025-09-11 15:58:03,280 - music_tracker - INFO - Fetched 4 songs from Spotify
2025-09-11 15:58:03,282 - music_tracker - INFO - Found 4 songs from Spotify API
2025-09-11 15:58:03,283 - music_tracker - INFO - Checking for duplicates in database...
2025-09-11 15:58:04,557 - music_tracker - INFO - Found 4 new songs out of 4 total
2025-09-11 15:58:04,559 - music_tracker - INFO - Found 4 new songs to save
2025-09-11 15:58:04,560 - music_tracker - INFO - Saving songs to database...
2025-09-11 15:58:04,937 - music_tracker - INFO - Successfully saved 4 songs to database
2025-09-11 15:58:04,938 - music_tracker - INFO - Successfully saved 4 songs to database
2025-09-11 15:58:04,939 - music_tracker - INFO - Song collection completed successfully
2025-09-11 16:58:02,853 - music_tracker - INFO - SpotiSpy song collection starting...
2025-09-11 16:58:02,854 - music_tracker - INFO - Starting song collection (last 1 hours)
2025-09-11 16:58:02,855 - music_tracker - INFO - Fetching recent tracks from Spotify...
2025-09-11 16:58:03,223 - music_tracker - INFO - No recent songs found from Spotify
2025-09-11 16:58:03,225 - music_tracker - INFO - No new songs found from Spotify API
2025-09-11 16:58:03,226 - music_tracker - INFO - Song collection completed successfully
2025-09-11 17:58:03,128 - music_tracker - INFO - SpotiSpy song collection starting...
2025-09-11 17:58:03,129 - music_tracker - INFO - Starting song collection (last 1 hours)
2025-09-11 17:58:03,129 - music_tracker - INFO - Fetching recent tracks from Spotify...
2025-09-11 17:58:03,600 - music_tracker - INFO - Fetched 10 songs from Spotify
2025-09-11 17:58:03,603 - music_tracker - INFO - Found 10 songs from Spotify API
2025-09-11 17:58:03,603 - music_tracker - INFO - Checking for duplicates in database...
2025-09-11 17:58:04,955 - music_tracker - INFO - Found 10 new songs out of 10 total
2025-09-11 17:58:04,957 - music_tracker - INFO - Found 10 new songs to save
2025-09-11 17:58:04,958 - music_tracker - INFO - Saving songs to database...
2025-09-11 17:58:05,315 - music_tracker - INFO - Successfully saved 10 songs to database
2025-09-11 17:58:05,317 - music_tracker - INFO - Successfully saved 10 songs to database
2025-09-11 17:58:05,318 - music_tracker - INFO - Song collection completed successfully
2025-09-11 18:58:03,242 - music_tracker - INFO - SpotiSpy song collection starting...
2025-09-11 18:58:03,242 - music_tracker - INFO - Starting song collection (last 1 hours)
2025-09-11 18:58:03,243 - music_tracker - INFO - Fetching recent tracks from Spotify...
2025-09-11 18:58:03,782 - music_tracker - INFO - Fetched 12 songs from Spotify
2025-09-11 18:58:03,785 - music_tracker - INFO - Found 12 songs from Spotify API
2025-09-11 18:58:03,786 - music_tracker - INFO - Checking for duplicates in database...
2025-09-11 18:58:04,953 - music_tracker - INFO - Found 12 new songs out of 12 total
2025-09-11 18:58:04,955 - music_tracker - INFO - Found 12 new songs to save
2025-09-11 18:58:04,956 - music_tracker - INFO - Saving songs to database...
2025-09-11 18:58:05,351 - music_tracker - INFO - Successfully saved 12 songs to database
2025-09-11 18:58:05,353 - music_tracker - INFO - Successfully saved 12 songs to database
2025-09-11 18:58:05,353 - music_tracker - INFO - Song collection completed successfully
2025-09-11 19:58:03,299 - music_tracker - INFO - SpotiSpy song collection starting...
2025-09-11 19:58:03,300 - music_tracker - INFO - Starting song collection (last 1 hours)
2025-09-11 19:58:03,300 - music_tracker - INFO - Fetching recent tracks from Spotify...
2025-09-11 19:58:03,945 - music_tracker - INFO - Fetched 10 songs from Spotify
2025-09-11 19:58:03,948 - music_tracker - INFO - Found 10 songs from Spotify API
2025-09-11 19:58:03,949 - music_tracker - INFO - Checking for duplicates in database...
2025-09-11 19:58:05,272 - music_tracker - INFO - Found 10 new songs out of 10 total
2025-09-11 19:58:05,275 - music_tracker - INFO - Found 10 new songs to save
2025-09-11 19:58:05,276 - music_tracker - INFO - Saving songs to database...
2025-09-11 19:58:05,709 - music_tracker - INFO - Successfully saved 10 songs to database
2025-09-11 19:58:05,711 - music_tracker - INFO - Successfully saved 10 songs to database
2025-09-11 19:58:05,711 - music_tracker - INFO - Song collection completed successfully
2025-09-11 20:58:02,669 - music_tracker - INFO - SpotiSpy song collection starting...
2025-09-11 20:58:02,670 - music_tracker - INFO - Starting song collection (last 1 hours)
2025-09-11 20:58:02,671 - music_tracker - INFO - Fetching recent tracks from Spotify...
2025-09-11 20:58:03,458 - music_tracker - INFO - Fetched 3 songs from Spotify
2025-09-11 20:58:03,461 - music_tracker - INFO - Found 3 songs from Spotify API
2025-09-11 20:58:03,461 - music_tracker - INFO - Checking for duplicates in database...
2025-09-11 20:58:04,056 - music_tracker - INFO - Found 3 new songs out of 3 total
2025-09-11 20:58:04,058 - music_tracker - INFO - Found 3 new songs to save
2025-09-11 20:58:04,059 - music_tracker - INFO - Saving songs to database...
2025-09-11 20:58:04,345 - music_tracker - INFO - Successfully saved 3 songs to database
2025-09-11 20:58:04,347 - music_tracker - INFO - Successfully saved 3 songs to database
2025-09-11 20:58:04,348 - music_tracker - INFO - Song collection completed successfully
2025-09-11 21:58:03,297 - music_tracker - INFO - SpotiSpy song collection starting...
2025-09-11 21:58:03,298 - music_tracker - INFO - Starting song collection (last 1 hours)
2025-09-11 21:58:03,299 - music_tracker - INFO - Fetching recent tracks from Spotify...
2025-09-11 21:58:03,880 - music_tracker - INFO - Fetched 3 songs from Spotify
2025-09-11 21:58:03,882 - music_tracker - INFO - Found 3 songs from Spotify API
2025-09-11 21:58:03,883 - music_tracker - INFO - Checking for duplicates in database...
2025-09-11 21:58:04,913 - music_tracker - INFO - Found 3 new songs out of 3 total
2025-09-11 21:58:04,915 - music_tracker - INFO - Found 3 new songs to save
2025-09-11 21:58:04,916 - music_tracker - INFO - Saving songs to database...
2025-09-11 21:58:05,264 - music_tracker - INFO - Successfully saved 3 songs to database
2025-09-11 21:58:05,266 - music_tracker - INFO - Successfully saved 3 songs to database
2025-09-11 21:58:05,267 - music_tracker - INFO - Song collection completed successfully
2025-09-11 22:58:03,186 - music_tracker - INFO - SpotiSpy song collection starting...
2025-09-11 22:58:03,186 - music_tracker - INFO - Starting song collection (last 1 hours)
2025-09-11 22:58:03,187 - music_tracker - INFO - Fetching recent tracks from Spotify...
2025-09-11 22:58:03,664 - music_tracker - INFO - Fetched 7 songs from Spotify
2025-09-11 22:58:03,667 - music_tracker - INFO - Found 7 songs from Spotify API
2025-09-11 22:58:03,667 - music_tracker - INFO - Checking for duplicates in database...
2025-09-11 22:58:04,813 - music_tracker - INFO - Found 7 new songs out of 7 total
2025-09-11 22:58:04,816 - music_tracker - INFO - Found 7 new songs to save
2025-09-11 22:58:04,816 - music_tracker - INFO - Saving songs to database...
2025-09-11 22:58:05,067 - music_tracker - INFO - Successfully saved 7 songs to database
2025-09-11 22:58:05,069 - music_tracker - INFO - Successfully saved 7 songs to database
2025-09-11 22:58:05,070 - music_tracker - INFO - Song collection completed successfully
2025-09-11 23:58:02,990 - music_tracker - INFO - SpotiSpy song collection starting...
2025-09-11 23:58:02,990 - music_tracker - INFO - Starting song collection (last 1 hours)
2025-09-11 23:58:02,991 - music_tracker - INFO - Fetching recent tracks from Spotify...
2025-09-11 23:58:03,352 - music_tracker - INFO - No recent songs found from Spotify
2025-09-11 23:58:03,354 - music_tracker - INFO - No new songs found from Spotify API
2025-09-11 23:58:03,355 - music_tracker - INFO - Song collection completed successfully
