2025-09-01 00:58:03,151 - music_tracker - INFO - SpotiSpy song collection starting...
2025-09-01 00:58:03,152 - music_tracker - INFO - Starting song collection (last 1 hours)
2025-09-01 00:58:03,153 - music_tracker - INFO - Fetching recent tracks from Spotify...
2025-09-01 00:58:03,504 - music_tracker - INFO - No recent songs found from Spotify
2025-09-01 00:58:03,506 - music_tracker - INFO - No new songs found from Spotify API
2025-09-01 00:58:03,507 - music_tracker - INFO - Song collection completed successfully
2025-09-01 01:58:03,732 - music_tracker - INFO - SpotiSpy song collection starting...
2025-09-01 01:58:03,734 - music_tracker - INFO - Starting song collection (last 1 hours)
2025-09-01 01:58:03,734 - music_tracker - INFO - Fetching recent tracks from Spotify...
2025-09-01 01:58:04,117 - music_tracker - INFO - No recent songs found from Spotify
2025-09-01 01:58:04,120 - music_tracker - INFO - No new songs found from Spotify API
2025-09-01 01:58:04,120 - music_tracker - INFO - Song collection completed successfully
2025-09-01 02:58:03,100 - music_tracker - INFO - SpotiSpy song collection starting...
2025-09-01 02:58:03,100 - music_tracker - INFO - Starting song collection (last 1 hours)
2025-09-01 02:58:03,101 - music_tracker - INFO - Fetching recent tracks from Spotify...
2025-09-01 02:58:03,500 - music_tracker - INFO - No recent songs found from Spotify
2025-09-01 02:58:03,502 - music_tracker - INFO - No new songs found from Spotify API
2025-09-01 02:58:03,502 - music_tracker - INFO - Song collection completed successfully
2025-09-01 03:58:03,645 - music_tracker - INFO - SpotiSpy song collection starting...
2025-09-01 03:58:03,645 - music_tracker - INFO - Starting song collection (last 1 hours)
2025-09-01 03:58:03,646 - music_tracker - INFO - Fetching recent tracks from Spotify...
2025-09-01 03:58:04,034 - music_tracker - INFO - No recent songs found from Spotify
2025-09-01 03:58:04,036 - music_tracker - INFO - No new songs found from Spotify API
2025-09-01 03:58:04,037 - music_tracker - INFO - Song collection completed successfully
2025-09-01 04:58:02,871 - music_tracker - INFO - SpotiSpy song collection starting...
2025-09-01 04:58:02,871 - music_tracker - INFO - Starting song collection (last 1 hours)
2025-09-01 04:58:02,872 - music_tracker - INFO - Fetching recent tracks from Spotify...
2025-09-01 04:58:03,244 - music_tracker - INFO - No recent songs found from Spotify
2025-09-01 04:58:03,246 - music_tracker - INFO - No new songs found from Spotify API
2025-09-01 04:58:03,246 - music_tracker - INFO - Song collection completed successfully
2025-09-01 05:58:03,084 - music_tracker - INFO - SpotiSpy song collection starting...
2025-09-01 05:58:03,084 - music_tracker - INFO - Starting song collection (last 1 hours)
2025-09-01 05:58:03,085 - music_tracker - INFO - Fetching recent tracks from Spotify...
2025-09-01 05:58:03,458 - music_tracker - INFO - No recent songs found from Spotify
2025-09-01 05:58:03,460 - music_tracker - INFO - No new songs found from Spotify API
2025-09-01 05:58:03,461 - music_tracker - INFO - Song collection completed successfully
2025-09-01 06:58:03,358 - music_tracker - INFO - SpotiSpy song collection starting...
2025-09-01 06:58:03,358 - music_tracker - INFO - Starting song collection (last 1 hours)
2025-09-01 06:58:03,359 - music_tracker - INFO - Fetching recent tracks from Spotify...
2025-09-01 06:58:03,788 - music_tracker - INFO - No recent songs found from Spotify
2025-09-01 06:58:03,790 - music_tracker - INFO - No new songs found from Spotify API
2025-09-01 06:58:03,791 - music_tracker - INFO - Song collection completed successfully
2025-09-01 07:58:02,625 - music_tracker - INFO - SpotiSpy song collection starting...
2025-09-01 07:58:02,626 - music_tracker - INFO - Starting song collection (last 1 hours)
2025-09-01 07:58:02,627 - music_tracker - INFO - Fetching recent tracks from Spotify...
2025-09-01 07:58:02,991 - music_tracker - INFO - No recent songs found from Spotify
2025-09-01 07:58:02,993 - music_tracker - INFO - No new songs found from Spotify API
2025-09-01 07:58:02,994 - music_tracker - INFO - Song collection completed successfully
2025-09-01 08:58:02,837 - music_tracker - INFO - SpotiSpy song collection starting...
2025-09-01 08:58:02,838 - music_tracker - INFO - Starting song collection (last 1 hours)
2025-09-01 08:58:02,838 - music_tracker - INFO - Fetching recent tracks from Spotify...
2025-09-01 08:58:03,223 - music_tracker - INFO - No recent songs found from Spotify
2025-09-01 08:58:03,225 - music_tracker - INFO - No new songs found from Spotify API
2025-09-01 08:58:03,226 - music_tracker - INFO - Song collection completed successfully
2025-09-01 09:00:12,524 - music_tracker - INFO - SpotiSpy starting...
2025-09-01 09:00:12,525 - music_tracker - INFO - Starting daily SpotiSpy analysis
2025-09-01 09:00:12,525 - music_tracker - INFO - Fetching yesterday's listening data...
2025-09-01 09:00:14,077 - music_tracker - INFO - Fetched 57 songs from database
2025-09-01 09:00:14,079 - music_tracker - INFO - Found 57 songs to analyze
2025-09-01 09:00:14,079 - music_tracker - INFO - Running analysis...
2025-09-01 09:00:14,084 - music_tracker - INFO - Sending daily summary to Slack...
2025-09-01 09:00:25,279 - music_tracker - INFO - Message sent successfully to Slack
2025-09-01 09:00:25,280 - music_tracker - INFO - Daily analysis completed successfully!
2025-09-01 09:00:25,280 - music_tracker - INFO - SpotiSpy completed successfully
2025-09-01 09:58:03,097 - music_tracker - INFO - SpotiSpy song collection starting...
2025-09-01 09:58:03,098 - music_tracker - INFO - Starting song collection (last 1 hours)
2025-09-01 09:58:03,098 - music_tracker - INFO - Fetching recent tracks from Spotify...
2025-09-01 09:58:03,505 - music_tracker - INFO - Fetched 2 songs from Spotify
2025-09-01 09:58:03,507 - music_tracker - INFO - Found 2 songs from Spotify API
2025-09-01 09:58:03,508 - music_tracker - INFO - Checking for duplicates in database...
2025-09-01 09:58:04,885 - music_tracker - INFO - Found 2 new songs out of 2 total
2025-09-01 09:58:04,886 - music_tracker - INFO - Found 2 new songs to save
2025-09-01 09:58:04,887 - music_tracker - INFO - Saving songs to database...
2025-09-01 09:58:05,241 - music_tracker - INFO - Successfully saved 2 songs to database
2025-09-01 09:58:05,242 - music_tracker - INFO - Successfully saved 2 songs to database
2025-09-01 09:58:05,243 - music_tracker - INFO - Song collection completed successfully
2025-09-01 10:58:03,083 - music_tracker - INFO - SpotiSpy song collection starting...
2025-09-01 10:58:03,084 - music_tracker - INFO - Starting song collection (last 1 hours)
2025-09-01 10:58:03,085 - music_tracker - INFO - Fetching recent tracks from Spotify...
2025-09-01 10:58:03,501 - music_tracker - INFO - Fetched 5 songs from Spotify
2025-09-01 10:58:03,503 - music_tracker - INFO - Found 5 songs from Spotify API
2025-09-01 10:58:03,504 - music_tracker - INFO - Checking for duplicates in database...
2025-09-01 10:58:04,833 - music_tracker - INFO - Found 5 new songs out of 5 total
2025-09-01 10:58:04,834 - music_tracker - INFO - Found 5 new songs to save
2025-09-01 10:58:04,835 - music_tracker - INFO - Saving songs to database...
2025-09-01 10:58:05,175 - music_tracker - INFO - Successfully saved 5 songs to database
2025-09-01 10:58:05,176 - music_tracker - INFO - Successfully saved 5 songs to database
2025-09-01 10:58:05,176 - music_tracker - INFO - Song collection completed successfully
2025-09-01 11:58:03,030 - music_tracker - INFO - SpotiSpy song collection starting...
2025-09-01 11:58:03,031 - music_tracker - INFO - Starting song collection (last 1 hours)
2025-09-01 11:58:03,032 - music_tracker - INFO - Fetching recent tracks from Spotify...
2025-09-01 11:58:03,410 - music_tracker - INFO - No recent songs found from Spotify
2025-09-01 11:58:03,412 - music_tracker - INFO - No new songs found from Spotify API
2025-09-01 11:58:03,413 - music_tracker - INFO - Song collection completed successfully
2025-09-01 12:58:03,246 - music_tracker - INFO - SpotiSpy song collection starting...
2025-09-01 12:58:03,247 - music_tracker - INFO - Starting song collection (last 1 hours)
2025-09-01 12:58:03,247 - music_tracker - INFO - Fetching recent tracks from Spotify...
2025-09-01 12:58:03,628 - music_tracker - INFO - No recent songs found from Spotify
2025-09-01 12:58:03,630 - music_tracker - INFO - No new songs found from Spotify API
2025-09-01 12:58:03,631 - music_tracker - INFO - Song collection completed successfully
2025-09-01 13:58:03,473 - music_tracker - INFO - SpotiSpy song collection starting...
2025-09-01 13:58:03,473 - music_tracker - INFO - Starting song collection (last 1 hours)
2025-09-01 13:58:03,474 - music_tracker - INFO - Fetching recent tracks from Spotify...
2025-09-01 13:58:03,877 - music_tracker - INFO - No recent songs found from Spotify
2025-09-01 13:58:03,880 - music_tracker - INFO - No new songs found from Spotify API
2025-09-01 13:58:03,880 - music_tracker - INFO - Song collection completed successfully
2025-09-01 14:58:02,780 - music_tracker - INFO - SpotiSpy song collection starting...
2025-09-01 14:58:02,781 - music_tracker - INFO - Starting song collection (last 1 hours)
2025-09-01 14:58:02,782 - music_tracker - INFO - Fetching recent tracks from Spotify...
2025-09-01 14:58:03,148 - music_tracker - INFO - No recent songs found from Spotify
2025-09-01 14:58:03,150 - music_tracker - INFO - No new songs found from Spotify API
2025-09-01 14:58:03,150 - music_tracker - INFO - Song collection completed successfully
2025-09-01 15:58:03,788 - music_tracker - INFO - SpotiSpy song collection starting...
2025-09-01 15:58:03,789 - music_tracker - INFO - Starting song collection (last 1 hours)
2025-09-01 15:58:03,790 - music_tracker - INFO - Fetching recent tracks from Spotify...
2025-09-01 15:58:04,200 - music_tracker - INFO - No recent songs found from Spotify
2025-09-01 15:58:04,202 - music_tracker - INFO - No new songs found from Spotify API
2025-09-01 15:58:04,203 - music_tracker - INFO - Song collection completed successfully
2025-09-01 16:58:03,107 - music_tracker - INFO - SpotiSpy song collection starting...
2025-09-01 16:58:03,108 - music_tracker - INFO - Starting song collection (last 1 hours)
2025-09-01 16:58:03,108 - music_tracker - INFO - Fetching recent tracks from Spotify...
2025-09-01 16:58:03,719 - music_tracker - INFO - No recent songs found from Spotify
2025-09-01 16:58:03,721 - music_tracker - INFO - No new songs found from Spotify API
2025-09-01 16:58:03,721 - music_tracker - INFO - Song collection completed successfully
2025-09-01 17:58:02,647 - music_tracker - INFO - SpotiSpy song collection starting...
2025-09-01 17:58:02,647 - music_tracker - INFO - Starting song collection (last 1 hours)
2025-09-01 17:58:02,648 - music_tracker - INFO - Fetching recent tracks from Spotify...
2025-09-01 17:58:03,426 - music_tracker - INFO - No recent songs found from Spotify
2025-09-01 17:58:03,430 - music_tracker - INFO - No new songs found from Spotify API
2025-09-01 17:58:03,430 - music_tracker - INFO - Song collection completed successfully
2025-09-01 18:58:03,364 - music_tracker - INFO - SpotiSpy song collection starting...
2025-09-01 18:58:03,364 - music_tracker - INFO - Starting song collection (last 1 hours)
2025-09-01 18:58:03,365 - music_tracker - INFO - Fetching recent tracks from Spotify...
2025-09-01 18:58:03,759 - music_tracker - INFO - Fetched 5 songs from Spotify
2025-09-01 18:58:03,761 - music_tracker - INFO - Found 5 songs from Spotify API
2025-09-01 18:58:03,762 - music_tracker - INFO - Checking for duplicates in database...
2025-09-01 18:58:04,952 - music_tracker - INFO - Found 5 new songs out of 5 total
2025-09-01 18:58:04,954 - music_tracker - INFO - Found 5 new songs to save
2025-09-01 18:58:04,955 - music_tracker - INFO - Saving songs to database...
2025-09-01 18:58:05,342 - music_tracker - INFO - Successfully saved 5 songs to database
2025-09-01 18:58:05,345 - music_tracker - INFO - Successfully saved 5 songs to database
2025-09-01 18:58:05,345 - music_tracker - INFO - Song collection completed successfully
2025-09-01 19:58:03,268 - music_tracker - INFO - SpotiSpy song collection starting...
2025-09-01 19:58:03,268 - music_tracker - INFO - Starting song collection (last 1 hours)
2025-09-01 19:58:03,269 - music_tracker - INFO - Fetching recent tracks from Spotify...
2025-09-01 19:58:03,629 - music_tracker - INFO - No recent songs found from Spotify
2025-09-01 19:58:03,631 - music_tracker - INFO - No new songs found from Spotify API
2025-09-01 19:58:03,632 - music_tracker - INFO - Song collection completed successfully
2025-09-01 20:58:03,644 - music_tracker - INFO - SpotiSpy song collection starting...
2025-09-01 20:58:03,645 - music_tracker - INFO - Starting song collection (last 1 hours)
2025-09-01 20:58:03,646 - music_tracker - INFO - Fetching recent tracks from Spotify...
2025-09-01 20:58:04,023 - music_tracker - INFO - No recent songs found from Spotify
2025-09-01 20:58:04,025 - music_tracker - INFO - No new songs found from Spotify API
2025-09-01 20:58:04,025 - music_tracker - INFO - Song collection completed successfully
2025-09-01 21:58:03,011 - music_tracker - INFO - SpotiSpy song collection starting...
2025-09-01 21:58:03,012 - music_tracker - INFO - Starting song collection (last 1 hours)
2025-09-01 21:58:03,013 - music_tracker - INFO - Fetching recent tracks from Spotify...
2025-09-01 21:58:03,479 - music_tracker - INFO - Fetched 5 songs from Spotify
2025-09-01 21:58:03,481 - music_tracker - INFO - Found 5 songs from Spotify API
2025-09-01 21:58:03,482 - music_tracker - INFO - Checking for duplicates in database...
2025-09-01 21:58:04,068 - music_tracker - INFO - Found 5 new songs out of 5 total
2025-09-01 21:58:04,070 - music_tracker - INFO - Found 5 new songs to save
2025-09-01 21:58:04,070 - music_tracker - INFO - Saving songs to database...
2025-09-01 21:58:04,387 - music_tracker - INFO - Successfully saved 5 songs to database
2025-09-01 21:58:04,389 - music_tracker - INFO - Successfully saved 5 songs to database
2025-09-01 21:58:04,389 - music_tracker - INFO - Song collection completed successfully
2025-09-01 22:58:03,313 - music_tracker - INFO - SpotiSpy song collection starting...
2025-09-01 22:58:03,314 - music_tracker - INFO - Starting song collection (last 1 hours)
2025-09-01 22:58:03,315 - music_tracker - INFO - Fetching recent tracks from Spotify...
2025-09-01 22:58:03,868 - music_tracker - INFO - Fetched 16 songs from Spotify
2025-09-01 22:58:03,871 - music_tracker - INFO - Found 16 songs from Spotify API
2025-09-01 22:58:03,872 - music_tracker - INFO - Checking for duplicates in database...
2025-09-01 22:58:05,369 - music_tracker - INFO - Found 16 new songs out of 16 total
2025-09-01 22:58:05,372 - music_tracker - INFO - Found 16 new songs to save
2025-09-01 22:58:05,372 - music_tracker - INFO - Saving songs to database...
2025-09-01 22:58:05,758 - music_tracker - INFO - Successfully saved 16 songs to database
2025-09-01 22:58:05,760 - music_tracker - INFO - Successfully saved 16 songs to database
2025-09-01 22:58:05,761 - music_tracker - INFO - Song collection completed successfully
2025-09-01 23:58:02,681 - music_tracker - INFO - SpotiSpy song collection starting...
2025-09-01 23:58:02,681 - music_tracker - INFO - Starting song collection (last 1 hours)
2025-09-01 23:58:02,682 - music_tracker - INFO - Fetching recent tracks from Spotify...
2025-09-01 23:58:03,566 - music_tracker - INFO - Fetched 13 songs from Spotify
2025-09-01 23:58:03,570 - music_tracker - INFO - Found 13 songs from Spotify API
2025-09-01 23:58:03,571 - music_tracker - INFO - Checking for duplicates in database...
2025-09-01 23:58:04,907 - music_tracker - INFO - Found 13 new songs out of 13 total
2025-09-01 23:58:04,909 - music_tracker - INFO - Found 13 new songs to save
2025-09-01 23:58:04,910 - music_tracker - INFO - Saving songs to database...
2025-09-01 23:58:05,492 - music_tracker - INFO - Successfully saved 13 songs to database
2025-09-01 23:58:05,494 - music_tracker - INFO - Successfully saved 13 songs to database
2025-09-01 23:58:05,494 - music_tracker - INFO - Song collection completed successfully
