2025-07-23 00:58:11,610 - music_tracker - INFO - Uploading 18 songs
2025-07-23 01:58:12,088 - music_tracker - INFO - Uploading 20 songs
2025-07-23 02:58:08,605 - music_tracker - INFO - Uploading 5 songs
2025-07-23 03:58:07,363 - music_tracker - INFO - Zero songs listened to
2025-07-23 03:58:07,363 - music_tracker - INFO - No songs uploaded.
2025-07-23 04:58:07,078 - music_tracker - INFO - Zero songs listened to
2025-07-23 04:58:07,079 - music_tracker - INFO - No songs uploaded.
2025-07-23 05:58:06,792 - music_tracker - INFO - Zero songs listened to
2025-07-23 05:58:06,793 - music_tracker - INFO - No songs uploaded.
2025-07-23 06:58:06,640 - music_tracker - INFO - Zero songs listened to
2025-07-23 06:58:06,640 - music_tracker - INFO - No songs uploaded.
2025-07-23 07:58:07,369 - music_tracker - INFO - Zero songs listened to
2025-07-23 07:58:07,370 - music_tracker - INFO - No songs uploaded.
2025-07-23 08:58:07,082 - music_tracker - INFO - Zero songs listened to
2025-07-23 08:58:07,083 - music_tracker - INFO - No songs uploaded.
2025-07-23 09:00:11,651 - music_tracker - INFO - Starting music tracker analysis
2025-07-23 09:00:11,651 - music_tracker - INFO - Fetching data
2025-07-23 09:00:12,140 - music_tracker - INFO - Fetched 67 recent songs
2025-07-23 09:00:12,145 - music_tracker - INFO - Running top listens analysis
2025-07-23 09:00:12,145 - music_tracker - INFO - Calculating top songs listens
2025-07-23 09:00:12,146 - music_tracker - INFO - Sending message with top 1 songs
2025-07-23 09:00:12,808 - music_tracker - INFO - Message successfully sent!
2025-07-23 09:00:12,809 - music_tracker - INFO - Calculating top albums listens
2025-07-23 09:00:12,809 - music_tracker - INFO - Sending message with top 3 albums
2025-07-23 09:00:13,461 - music_tracker - INFO - Message successfully sent!
2025-07-23 09:00:13,461 - music_tracker - INFO - Calculating top artists listens
2025-07-23 09:00:13,462 - music_tracker - INFO - Sending message with top 3 artists
2025-07-23 09:00:14,589 - music_tracker - INFO - Message successfully sent!
2025-07-23 09:00:14,590 - music_tracker - INFO - Running popularity and listening hours analysis
2025-07-23 09:00:14,590 - music_tracker - INFO - Finding most popular track
2025-07-23 09:00:14,591 - music_tracker - INFO - Most popular song found: SLOW DANCING IN THE DARK with score 85
2025-07-23 09:00:15,221 - music_tracker - INFO - Message successfully sent!
2025-07-23 09:00:15,222 - music_tracker - INFO - Calculating most listened hour
2025-07-23 09:00:15,222 - music_tracker - INFO - Most listened hour: 06:00 with 66:03
2025-07-23 09:00:15,897 - music_tracker - INFO - Message successfully sent!
2025-07-23 09:00:15,898 - music_tracker - INFO - Calculating duration listened today
2025-07-23 09:00:16,541 - music_tracker - INFO - Message successfully sent!
2025-07-23 09:00:16,541 - music_tracker - INFO - Analysis completed successfully

2025-07-23 09:58:07,206 - music_tracker - INFO - Zero songs listened to
2025-07-23 09:58:07,206 - music_tracker - INFO - No songs uploaded.
2025-07-23 10:58:06,900 - music_tracker - INFO - Zero songs listened to
2025-07-23 10:58:06,901 - music_tracker - INFO - No songs uploaded.
2025-07-23 11:58:06,624 - music_tracker - INFO - Zero songs listened to
2025-07-23 11:58:06,624 - music_tracker - INFO - No songs uploaded.
2025-07-23 12:58:07,423 - music_tracker - INFO - Zero songs listened to
2025-07-23 12:58:07,423 - music_tracker - INFO - No songs uploaded.
2025-07-23 13:58:07,806 - music_tracker - INFO - Uploading 1 song
2025-07-23 14:58:07,781 - music_tracker - INFO - Uploading 2 songs
2025-07-23 15:58:06,537 - music_tracker - INFO - Zero songs listened to
2025-07-23 15:58:06,537 - music_tracker - INFO - No songs uploaded.
2025-07-23 16:58:07,257 - music_tracker - INFO - Zero songs listened to
2025-07-23 16:58:07,257 - music_tracker - INFO - No songs uploaded.
2025-07-23 17:58:07,071 - music_tracker - INFO - Zero songs listened to
2025-07-23 17:58:07,072 - music_tracker - INFO - No songs uploaded.
2025-07-23 18:58:08,622 - music_tracker - INFO - Uploading 6 songs
2025-07-23 19:58:11,090 - music_tracker - INFO - Uploading 14 songs
2025-07-23 20:58:06,822 - music_tracker - INFO - Zero songs listened to
2025-07-23 20:58:06,823 - music_tracker - INFO - No songs uploaded.
2025-07-23 21:58:07,565 - music_tracker - INFO - Uploading 2 songs
2025-07-23 22:58:07,625 - music_tracker - INFO - Zero songs listened to
2025-07-23 22:58:07,627 - music_tracker - INFO - No songs uploaded.
2025-07-23 23:58:08,146 - music_tracker - INFO - Uploading 1 song
