2025-06-02 00:58:07,594 - music_tracker - INFO - Zero songs listened to
2025-06-02 00:58:07,595 - music_tracker - INFO - No songs uploaded.
2025-06-02 01:58:07,336 - music_tracker - INFO - Zero songs listened to
2025-06-02 01:58:07,337 - music_tracker - INFO - No songs uploaded.
2025-06-02 02:58:07,101 - music_tracker - INFO - Zero songs listened to
2025-06-02 02:58:07,101 - music_tracker - INFO - No songs uploaded.
2025-06-02 03:58:06,873 - music_tracker - INFO - Zero songs listened to
2025-06-02 03:58:06,874 - music_tracker - INFO - No songs uploaded.
2025-06-02 04:58:06,639 - music_tracker - INFO - Zero songs listened to
2025-06-02 04:58:06,639 - music_tracker - INFO - No songs uploaded.
2025-06-02 05:58:07,418 - music_tracker - INFO - Zero songs listened to
2025-06-02 05:58:07,419 - music_tracker - INFO - No songs uploaded.
2025-06-02 06:58:07,184 - music_tracker - INFO - Zero songs listened to
2025-06-02 06:58:07,184 - music_tracker - INFO - No songs uploaded.
2025-06-02 07:58:06,932 - music_tracker - INFO - Zero songs listened to
2025-06-02 07:58:06,932 - music_tracker - INFO - No songs uploaded.
2025-06-02 08:58:08,401 - music_tracker - INFO - Uploading 2 songs
2025-06-02 09:00:12,057 - music_tracker - INFO - Starting music tracker analysis
2025-06-02 09:00:12,058 - music_tracker - INFO - Fetching data
2025-06-02 09:00:12,444 - music_tracker - INFO - Fetched 72 recent songs
2025-06-02 09:00:12,449 - music_tracker - INFO - Running top listens analysis
2025-06-02 09:00:12,449 - music_tracker - INFO - Calculating top songs listens
2025-06-02 09:00:12,450 - music_tracker - INFO - Top listens: No multiples of songs listened to yesterday!
2025-06-02 09:00:12,450 - music_tracker - INFO - Calculating top albums listens
2025-06-02 09:00:12,450 - music_tracker - INFO - Sending message with top 3 albums
2025-06-02 09:00:13,094 - music_tracker - INFO - Message successfully sent!
2025-06-02 09:00:13,095 - music_tracker - INFO - Calculating top artists listens
2025-06-02 09:00:13,095 - music_tracker - INFO - Sending message with top 3 artists
2025-06-02 09:00:14,077 - music_tracker - INFO - Message successfully sent!
2025-06-02 09:00:14,077 - music_tracker - INFO - Running popularity and listening hours analysis
2025-06-02 09:00:14,078 - music_tracker - INFO - Finding most popular track
2025-06-02 09:00:14,078 - music_tracker - INFO - Most popular song found: For the Last Time with score 78
2025-06-02 09:00:14,768 - music_tracker - INFO - Message successfully sent!
2025-06-02 09:00:14,768 - music_tracker - INFO - Calculating most listened hour
2025-06-02 09:00:14,769 - music_tracker - INFO - Most listened hour: 13:00 with 61:25
2025-06-02 09:00:15,513 - music_tracker - INFO - Message successfully sent!
2025-06-02 09:00:15,514 - music_tracker - INFO - Analysis completed successfully

2025-06-02 09:58:11,471 - music_tracker - INFO - Uploading 14 songs
2025-06-02 10:58:11,198 - music_tracker - INFO - Uploading 16 songs
2025-06-02 11:58:09,866 - music_tracker - INFO - Uploading 11 songs
2025-06-02 12:58:07,504 - music_tracker - INFO - Uploading 2 songs
2025-06-02 13:58:07,357 - music_tracker - INFO - Zero songs listened to
2025-06-02 13:58:07,358 - music_tracker - INFO - No songs uploaded.
2025-06-02 14:58:09,836 - music_tracker - INFO - Uploading 10 songs
2025-06-02 15:58:09,913 - music_tracker - INFO - Uploading 12 songs
2025-06-02 16:58:11,434 - music_tracker - INFO - Uploading 20 songs
2025-06-02 17:58:10,897 - music_tracker - INFO - Uploading 15 songs
2025-06-02 18:58:10,644 - music_tracker - INFO - Uploading 16 songs
2025-06-02 19:58:08,495 - music_tracker - INFO - Uploading 3 songs
2025-06-02 20:58:10,464 - music_tracker - INFO -   Supabase error: Status 400, {"code":"22007","details":null,"hint":null,"message":"invalid input syntax for type date: \"2009\""}
2025-06-02 20:58:10,465 - music_tracker - INFO - No songs uploaded.
2025-06-02 21:58:07,271 - music_tracker - INFO - Zero songs listened to
2025-06-02 21:58:07,272 - music_tracker - INFO - No songs uploaded.
2025-06-02 22:58:07,090 - music_tracker - INFO - Zero songs listened to
2025-06-02 22:58:07,092 - music_tracker - INFO - No songs uploaded.
2025-06-02 23:58:06,809 - music_tracker - INFO - Zero songs listened to
2025-06-02 23:58:06,810 - music_tracker - INFO - No songs uploaded.
