2025-11-26 00:58:03,389 - music_tracker - INFO - SpotiSpy song collection starting...
2025-11-26 00:58:03,389 - music_tracker - INFO - Starting song collection (last 1 hours)
2025-11-26 00:58:03,390 - music_tracker - INFO - Fetching recent tracks from Spotify...
2025-11-26 00:58:03,761 - music_tracker - INFO - No recent songs found from Spotify
2025-11-26 00:58:03,763 - music_tracker - INFO - No new songs found from Spotify API
2025-11-26 00:58:03,764 - music_tracker - INFO - Song collection completed successfully
2025-11-26 01:58:02,666 - music_tracker - INFO - SpotiSpy song collection starting...
2025-11-26 01:58:02,666 - music_tracker - INFO - Starting song collection (last 1 hours)
2025-11-26 01:58:02,667 - music_tracker - INFO - Fetching recent tracks from Spotify...
2025-11-26 01:58:03,036 - music_tracker - INFO - No recent songs found from Spotify
2025-11-26 01:58:03,038 - music_tracker - INFO - No new songs found from Spotify API
2025-11-26 01:58:03,038 - music_tracker - INFO - Song collection completed successfully
2025-11-26 02:58:02,924 - music_tracker - INFO - SpotiSpy song collection starting...
2025-11-26 02:58:02,924 - music_tracker - INFO - Starting song collection (last 1 hours)
2025-11-26 02:58:02,925 - music_tracker - INFO - Fetching recent tracks from Spotify...
2025-11-26 02:58:03,283 - music_tracker - INFO - No recent songs found from Spotify
2025-11-26 02:58:03,285 - music_tracker - INFO - No new songs found from Spotify API
2025-11-26 02:58:03,286 - music_tracker - INFO - Song collection completed successfully
2025-11-26 03:58:03,211 - music_tracker - INFO - SpotiSpy song collection starting...
2025-11-26 03:58:03,212 - music_tracker - INFO - Starting song collection (last 1 hours)
2025-11-26 03:58:03,213 - music_tracker - INFO - Fetching recent tracks from Spotify...
2025-11-26 03:58:03,581 - music_tracker - INFO - No recent songs found from Spotify
2025-11-26 03:58:03,583 - music_tracker - INFO - No new songs found from Spotify API
2025-11-26 03:58:03,584 - music_tracker - INFO - Song collection completed successfully
2025-11-26 04:58:04,305 - music_tracker - INFO - SpotiSpy song collection starting...
2025-11-26 04:58:04,306 - music_tracker - INFO - Starting song collection (last 1 hours)
2025-11-26 04:58:04,306 - music_tracker - INFO - Fetching recent tracks from Spotify...
2025-11-26 04:58:04,691 - music_tracker - INFO - No recent songs found from Spotify
2025-11-26 04:58:04,693 - music_tracker - INFO - No new songs found from Spotify API
2025-11-26 04:58:04,693 - music_tracker - INFO - Song collection completed successfully
2025-11-26 05:58:03,591 - music_tracker - INFO - SpotiSpy song collection starting...
2025-11-26 05:58:03,592 - music_tracker - INFO - Starting song collection (last 1 hours)
2025-11-26 05:58:03,593 - music_tracker - INFO - Fetching recent tracks from Spotify...
2025-11-26 05:58:04,030 - music_tracker - INFO - No recent songs found from Spotify
2025-11-26 05:58:04,032 - music_tracker - INFO - No new songs found from Spotify API
2025-11-26 05:58:04,033 - music_tracker - INFO - Song collection completed successfully
2025-11-26 06:58:02,985 - music_tracker - INFO - SpotiSpy song collection starting...
2025-11-26 06:58:02,987 - music_tracker - INFO - Starting song collection (last 1 hours)
2025-11-26 06:58:02,988 - music_tracker - INFO - Fetching recent tracks from Spotify...
2025-11-26 06:58:03,371 - music_tracker - INFO - No recent songs found from Spotify
2025-11-26 06:58:03,373 - music_tracker - INFO - No new songs found from Spotify API
2025-11-26 06:58:03,374 - music_tracker - INFO - Song collection completed successfully
2025-11-26 07:58:03,270 - music_tracker - INFO - SpotiSpy song collection starting...
2025-11-26 07:58:03,271 - music_tracker - INFO - Starting song collection (last 1 hours)
2025-11-26 07:58:03,271 - music_tracker - INFO - Fetching recent tracks from Spotify...
2025-11-26 07:58:08,704 - music_tracker - INFO - No recent songs found from Spotify
2025-11-26 07:58:08,706 - music_tracker - INFO - No new songs found from Spotify API
2025-11-26 07:58:08,707 - music_tracker - INFO - Song collection completed successfully
2025-11-26 08:58:02,626 - music_tracker - INFO - SpotiSpy song collection starting...
2025-11-26 08:58:02,626 - music_tracker - INFO - Starting song collection (last 1 hours)
2025-11-26 08:58:02,627 - music_tracker - INFO - Fetching recent tracks from Spotify...
2025-11-26 08:58:02,991 - music_tracker - INFO - No recent songs found from Spotify
2025-11-26 08:58:02,993 - music_tracker - INFO - No new songs found from Spotify API
2025-11-26 08:58:02,993 - music_tracker - INFO - Song collection completed successfully
2025-11-26 09:00:12,410 - music_tracker - INFO - SpotiSpy starting...
2025-11-26 09:00:12,410 - music_tracker - INFO - Starting daily SpotiSpy analysis
2025-11-26 09:00:12,416 - music_tracker - INFO - Fetching yesterday's listening data...
2025-11-26 09:00:14,069 - music_tracker - INFO - Fetched 61 songs from database
2025-11-26 09:00:14,071 - music_tracker - INFO - Found 61 songs to analyze
2025-11-26 09:00:14,072 - music_tracker - INFO - Running analysis...
2025-11-26 09:00:14,080 - music_tracker - INFO - Sending daily summary to Slack...
2025-11-26 09:00:20,020 - music_tracker - INFO - Message sent successfully to Slack
2025-11-26 09:00:20,020 - music_tracker - INFO - Daily analysis completed successfully!
2025-11-26 09:00:20,021 - music_tracker - INFO - SpotiSpy completed successfully
2025-11-26 09:58:02,906 - music_tracker - INFO - SpotiSpy song collection starting...
2025-11-26 09:58:02,906 - music_tracker - INFO - Starting song collection (last 1 hours)
2025-11-26 09:58:02,907 - music_tracker - INFO - Fetching recent tracks from Spotify...
2025-11-26 09:58:03,337 - music_tracker - INFO - No recent songs found from Spotify
2025-11-26 09:58:03,339 - music_tracker - INFO - No new songs found from Spotify API
2025-11-26 09:58:03,340 - music_tracker - INFO - Song collection completed successfully
2025-11-26 10:58:03,231 - music_tracker - INFO - SpotiSpy song collection starting...
2025-11-26 10:58:03,231 - music_tracker - INFO - Starting song collection (last 1 hours)
2025-11-26 10:58:03,232 - music_tracker - INFO - Fetching recent tracks from Spotify...
2025-11-26 10:58:03,694 - music_tracker - INFO - Fetched 1 songs from Spotify
2025-11-26 10:58:03,696 - music_tracker - INFO - Found 1 songs from Spotify API
2025-11-26 10:58:03,696 - music_tracker - INFO - Checking for duplicates in database...
2025-11-26 10:58:05,149 - music_tracker - INFO - Found 1 new songs out of 1 total
2025-11-26 10:58:05,151 - music_tracker - INFO - Found 1 new songs to save
2025-11-26 10:58:05,152 - music_tracker - INFO - Saving songs to database...
2025-11-26 10:58:05,508 - music_tracker - INFO - Successfully saved 1 songs to database
2025-11-26 10:58:05,511 - music_tracker - INFO - Successfully saved 1 songs to database
2025-11-26 10:58:05,511 - music_tracker - INFO - Song collection completed successfully
2025-11-26 11:58:04,570 - music_tracker - INFO - SpotiSpy song collection starting...
2025-11-26 11:58:04,571 - music_tracker - INFO - Starting song collection (last 1 hours)
2025-11-26 11:58:04,572 - music_tracker - INFO - Fetching recent tracks from Spotify...
2025-11-26 11:58:05,020 - music_tracker - INFO - Fetched 7 songs from Spotify
2025-11-26 11:58:05,023 - music_tracker - INFO - Found 7 songs from Spotify API
2025-11-26 11:58:05,023 - music_tracker - INFO - Checking for duplicates in database...
2025-11-26 11:58:06,434 - music_tracker - INFO - Found 7 new songs out of 7 total
2025-11-26 11:58:06,436 - music_tracker - INFO - Found 7 new songs to save
2025-11-26 11:58:06,437 - music_tracker - INFO - Saving songs to database...
2025-11-26 11:58:06,769 - music_tracker - INFO - Successfully saved 7 songs to database
2025-11-26 11:58:06,771 - music_tracker - INFO - Successfully saved 7 songs to database
2025-11-26 11:58:06,772 - music_tracker - INFO - Song collection completed successfully
2025-11-26 12:58:02,697 - music_tracker - INFO - SpotiSpy song collection starting...
2025-11-26 12:58:02,697 - music_tracker - INFO - Starting song collection (last 1 hours)
2025-11-26 12:58:02,698 - music_tracker - INFO - Fetching recent tracks from Spotify...
2025-11-26 12:58:03,049 - music_tracker - INFO - No recent songs found from Spotify
2025-11-26 12:58:03,051 - music_tracker - INFO - No new songs found from Spotify API
2025-11-26 12:58:03,052 - music_tracker - INFO - Song collection completed successfully
2025-11-26 13:58:02,956 - music_tracker - INFO - SpotiSpy song collection starting...
2025-11-26 13:58:02,957 - music_tracker - INFO - Starting song collection (last 1 hours)
2025-11-26 13:58:02,957 - music_tracker - INFO - Fetching recent tracks from Spotify...
2025-11-26 13:58:03,665 - music_tracker - INFO - Fetched 6 songs from Spotify
2025-11-26 13:58:03,669 - music_tracker - INFO - Found 6 songs from Spotify API
2025-11-26 13:58:03,669 - music_tracker - INFO - Checking for duplicates in database...
2025-11-26 13:58:05,113 - music_tracker - INFO - Found 6 new songs out of 6 total
2025-11-26 13:58:05,116 - music_tracker - INFO - Found 6 new songs to save
2025-11-26 13:58:05,116 - music_tracker - INFO - Saving songs to database...
2025-11-26 13:58:05,428 - music_tracker - INFO - Successfully saved 6 songs to database
2025-11-26 13:58:05,430 - music_tracker - INFO - Successfully saved 6 songs to database
2025-11-26 13:58:05,431 - music_tracker - INFO - Song collection completed successfully
2025-11-26 14:58:03,345 - music_tracker - INFO - SpotiSpy song collection starting...
2025-11-26 14:58:03,345 - music_tracker - INFO - Starting song collection (last 1 hours)
2025-11-26 14:58:03,346 - music_tracker - INFO - Fetching recent tracks from Spotify...
2025-11-26 14:58:03,902 - music_tracker - INFO - Fetched 16 songs from Spotify
2025-11-26 14:58:03,905 - music_tracker - INFO - Found 16 songs from Spotify API
2025-11-26 14:58:03,905 - music_tracker - INFO - Checking for duplicates in database...
2025-11-26 14:58:05,450 - music_tracker - INFO - Found 16 new songs out of 16 total
2025-11-26 14:58:05,453 - music_tracker - INFO - Found 16 new songs to save
2025-11-26 14:58:05,453 - music_tracker - INFO - Saving songs to database...
2025-11-26 14:58:05,845 - music_tracker - INFO - Successfully saved 16 songs to database
2025-11-26 14:58:05,847 - music_tracker - INFO - Successfully saved 16 songs to database
2025-11-26 14:58:05,848 - music_tracker - INFO - Song collection completed successfully
2025-11-26 15:58:02,767 - music_tracker - INFO - SpotiSpy song collection starting...
2025-11-26 15:58:02,768 - music_tracker - INFO - Starting song collection (last 1 hours)
2025-11-26 15:58:02,768 - music_tracker - INFO - Fetching recent tracks from Spotify...
2025-11-26 15:58:03,221 - music_tracker - INFO - Fetched 13 songs from Spotify
2025-11-26 15:58:03,224 - music_tracker - INFO - Found 13 songs from Spotify API
2025-11-26 15:58:03,225 - music_tracker - INFO - Checking for duplicates in database...
2025-11-26 15:58:04,825 - music_tracker - INFO - Found 13 new songs out of 13 total
2025-11-26 15:58:04,827 - music_tracker - INFO - Found 13 new songs to save
2025-11-26 15:58:04,828 - music_tracker - INFO - Saving songs to database...
2025-11-26 15:58:05,134 - music_tracker - INFO - Successfully saved 13 songs to database
2025-11-26 15:58:05,136 - music_tracker - INFO - Successfully saved 13 songs to database
2025-11-26 15:58:05,137 - music_tracker - INFO - Song collection completed successfully
2025-11-26 16:58:03,055 - music_tracker - INFO - SpotiSpy song collection starting...
2025-11-26 16:58:03,055 - music_tracker - INFO - Starting song collection (last 1 hours)
2025-11-26 16:58:03,056 - music_tracker - INFO - Fetching recent tracks from Spotify...
2025-11-26 16:58:03,633 - music_tracker - INFO - Fetched 10 songs from Spotify
2025-11-26 16:58:03,636 - music_tracker - INFO - Found 10 songs from Spotify API
2025-11-26 16:58:03,636 - music_tracker - INFO - Checking for duplicates in database...
2025-11-26 16:58:04,956 - music_tracker - INFO - Found 10 new songs out of 10 total
2025-11-26 16:58:04,958 - music_tracker - INFO - Found 10 new songs to save
2025-11-26 16:58:04,959 - music_tracker - INFO - Saving songs to database...
2025-11-26 16:58:05,316 - music_tracker - INFO - Successfully saved 10 songs to database
2025-11-26 16:58:05,318 - music_tracker - INFO - Successfully saved 10 songs to database
2025-11-26 16:58:05,319 - music_tracker - INFO - Song collection completed successfully
2025-11-26 17:58:03,230 - music_tracker - INFO - SpotiSpy song collection starting...
2025-11-26 17:58:03,230 - music_tracker - INFO - Starting song collection (last 1 hours)
2025-11-26 17:58:03,231 - music_tracker - INFO - Fetching recent tracks from Spotify...
2025-11-26 17:58:03,622 - music_tracker - INFO - No recent songs found from Spotify
2025-11-26 17:58:03,624 - music_tracker - INFO - No new songs found from Spotify API
2025-11-26 17:58:03,625 - music_tracker - INFO - Song collection completed successfully
2025-11-26 18:58:03,517 - music_tracker - INFO - SpotiSpy song collection starting...
2025-11-26 18:58:03,517 - music_tracker - INFO - Starting song collection (last 1 hours)
2025-11-26 18:58:03,518 - music_tracker - INFO - Fetching recent tracks from Spotify...
2025-11-26 18:58:04,103 - music_tracker - INFO - No recent songs found from Spotify
2025-11-26 18:58:04,105 - music_tracker - INFO - No new songs found from Spotify API
2025-11-26 18:58:04,106 - music_tracker - INFO - Song collection completed successfully
2025-11-26 19:58:03,050 - music_tracker - INFO - SpotiSpy song collection starting...
2025-11-26 19:58:03,051 - music_tracker - INFO - Starting song collection (last 1 hours)
2025-11-26 19:58:03,051 - music_tracker - INFO - Fetching recent tracks from Spotify...
2025-11-26 19:58:03,700 - music_tracker - INFO - No recent songs found from Spotify
2025-11-26 19:58:03,703 - music_tracker - INFO - No new songs found from Spotify API
2025-11-26 19:58:03,704 - music_tracker - INFO - Song collection completed successfully
2025-11-26 20:58:02,620 - music_tracker - INFO - SpotiSpy song collection starting...
2025-11-26 20:58:02,621 - music_tracker - INFO - Starting song collection (last 1 hours)
2025-11-26 20:58:02,622 - music_tracker - INFO - Fetching recent tracks from Spotify...
2025-11-26 20:58:03,051 - music_tracker - INFO - Fetched 1 songs from Spotify
2025-11-26 20:58:03,053 - music_tracker - INFO - Found 1 songs from Spotify API
2025-11-26 20:58:03,054 - music_tracker - INFO - Checking for duplicates in database...
2025-11-26 20:58:04,543 - music_tracker - INFO - Found 1 new songs out of 1 total
2025-11-26 20:58:04,545 - music_tracker - INFO - Found 1 new songs to save
2025-11-26 20:58:04,546 - music_tracker - INFO - Saving songs to database...
2025-11-26 20:58:04,869 - music_tracker - INFO - Successfully saved 1 songs to database
2025-11-26 20:58:04,872 - music_tracker - INFO - Successfully saved 1 songs to database
2025-11-26 20:58:04,873 - music_tracker - INFO - Song collection completed successfully
2025-11-26 21:58:02,820 - music_tracker - INFO - SpotiSpy song collection starting...
2025-11-26 21:58:02,821 - music_tracker - INFO - Starting song collection (last 1 hours)
2025-11-26 21:58:02,822 - music_tracker - INFO - Fetching recent tracks from Spotify...
2025-11-26 21:58:03,224 - music_tracker - INFO - No recent songs found from Spotify
2025-11-26 21:58:03,226 - music_tracker - INFO - No new songs found from Spotify API
2025-11-26 21:58:03,227 - music_tracker - INFO - Song collection completed successfully
2025-11-26 22:58:03,114 - music_tracker - INFO - SpotiSpy song collection starting...
2025-11-26 22:58:03,115 - music_tracker - INFO - Starting song collection (last 1 hours)
2025-11-26 22:58:03,116 - music_tracker - INFO - Fetching recent tracks from Spotify...
2025-11-26 22:58:03,464 - music_tracker - INFO - No recent songs found from Spotify
2025-11-26 22:58:03,467 - music_tracker - INFO - No new songs found from Spotify API
2025-11-26 22:58:03,467 - music_tracker - INFO - Song collection completed successfully
2025-11-26 23:58:03,369 - music_tracker - INFO - SpotiSpy song collection starting...
2025-11-26 23:58:03,370 - music_tracker - INFO - Starting song collection (last 1 hours)
2025-11-26 23:58:03,371 - music_tracker - INFO - Fetching recent tracks from Spotify...
2025-11-26 23:58:03,739 - music_tracker - INFO - No recent songs found from Spotify
2025-11-26 23:58:03,741 - music_tracker - INFO - No new songs found from Spotify API
2025-11-26 23:58:03,742 - music_tracker - INFO - Song collection completed successfully
