2025-09-26 00:58:03,065 - music_tracker - INFO - SpotiSpy song collection starting...
2025-09-26 00:58:03,065 - music_tracker - INFO - Starting song collection (last 1 hours)
2025-09-26 00:58:03,066 - music_tracker - INFO - Fetching recent tracks from Spotify...
2025-09-26 00:58:03,418 - music_tracker - INFO - No recent songs found from Spotify
2025-09-26 00:58:03,421 - music_tracker - INFO - No new songs found from Spotify API
2025-09-26 00:58:03,421 - music_tracker - INFO - Song collection completed successfully
2025-09-26 01:58:03,330 - music_tracker - INFO - SpotiSpy song collection starting...
2025-09-26 01:58:03,331 - music_tracker - INFO - Starting song collection (last 1 hours)
2025-09-26 01:58:03,332 - music_tracker - INFO - Fetching recent tracks from Spotify...
2025-09-26 01:58:03,686 - music_tracker - INFO - No recent songs found from Spotify
2025-09-26 01:58:03,689 - music_tracker - INFO - No new songs found from Spotify API
2025-09-26 01:58:03,689 - music_tracker - INFO - Song collection completed successfully
2025-09-26 02:58:03,697 - music_tracker - INFO - SpotiSpy song collection starting...
2025-09-26 02:58:03,697 - music_tracker - INFO - Starting song collection (last 1 hours)
2025-09-26 02:58:03,698 - music_tracker - INFO - Fetching recent tracks from Spotify...
2025-09-26 02:58:04,108 - music_tracker - INFO - No recent songs found from Spotify
2025-09-26 02:58:04,110 - music_tracker - INFO - No new songs found from Spotify API
2025-09-26 02:58:04,111 - music_tracker - INFO - Song collection completed successfully
2025-09-26 03:58:03,578 - music_tracker - INFO - SpotiSpy song collection starting...
2025-09-26 03:58:03,579 - music_tracker - INFO - Starting song collection (last 1 hours)
2025-09-26 03:58:03,580 - music_tracker - INFO - Fetching recent tracks from Spotify...
2025-09-26 03:58:03,921 - music_tracker - INFO - No recent songs found from Spotify
2025-09-26 03:58:03,923 - music_tracker - INFO - No new songs found from Spotify API
2025-09-26 03:58:03,923 - music_tracker - INFO - Song collection completed successfully
2025-09-26 04:58:03,054 - music_tracker - INFO - SpotiSpy song collection starting...
2025-09-26 04:58:03,055 - music_tracker - INFO - Starting song collection (last 1 hours)
2025-09-26 04:58:03,056 - music_tracker - INFO - Fetching recent tracks from Spotify...
2025-09-26 04:58:03,399 - music_tracker - INFO - No recent songs found from Spotify
2025-09-26 04:58:03,401 - music_tracker - INFO - No new songs found from Spotify API
2025-09-26 04:58:03,402 - music_tracker - INFO - Song collection completed successfully
2025-09-26 05:58:03,313 - music_tracker - INFO - SpotiSpy song collection starting...
2025-09-26 05:58:03,314 - music_tracker - INFO - Starting song collection (last 1 hours)
2025-09-26 05:58:03,314 - music_tracker - INFO - Fetching recent tracks from Spotify...
2025-09-26 05:58:03,787 - music_tracker - INFO - No recent songs found from Spotify
2025-09-26 05:58:03,789 - music_tracker - INFO - No new songs found from Spotify API
2025-09-26 05:58:03,790 - music_tracker - INFO - Song collection completed successfully
2025-09-26 06:58:02,729 - music_tracker - INFO - SpotiSpy song collection starting...
2025-09-26 06:58:02,730 - music_tracker - INFO - Starting song collection (last 1 hours)
2025-09-26 06:58:02,731 - music_tracker - INFO - Fetching recent tracks from Spotify...
2025-09-26 06:58:03,103 - music_tracker - INFO - No recent songs found from Spotify
2025-09-26 06:58:03,105 - music_tracker - INFO - No new songs found from Spotify API
2025-09-26 06:58:03,106 - music_tracker - INFO - Song collection completed successfully
2025-09-26 07:58:02,987 - music_tracker - INFO - SpotiSpy song collection starting...
2025-09-26 07:58:02,988 - music_tracker - INFO - Starting song collection (last 1 hours)
2025-09-26 07:58:02,988 - music_tracker - INFO - Fetching recent tracks from Spotify...
2025-09-26 07:58:03,390 - music_tracker - INFO - No recent songs found from Spotify
2025-09-26 07:58:03,392 - music_tracker - INFO - No new songs found from Spotify API
2025-09-26 07:58:03,392 - music_tracker - INFO - Song collection completed successfully
2025-09-26 08:58:03,285 - music_tracker - INFO - SpotiSpy song collection starting...
2025-09-26 08:58:03,286 - music_tracker - INFO - Starting song collection (last 1 hours)
2025-09-26 08:58:03,286 - music_tracker - INFO - Fetching recent tracks from Spotify...
2025-09-26 08:58:03,747 - music_tracker - INFO - Fetched 4 songs from Spotify
2025-09-26 08:58:03,749 - music_tracker - INFO - Found 4 songs from Spotify API
2025-09-26 08:58:03,750 - music_tracker - INFO - Checking for duplicates in database...
2025-09-26 08:58:05,179 - music_tracker - INFO - Found 4 new songs out of 4 total
2025-09-26 08:58:05,181 - music_tracker - INFO - Found 4 new songs to save
2025-09-26 08:58:05,182 - music_tracker - INFO - Saving songs to database...
2025-09-26 08:58:05,589 - music_tracker - INFO - Successfully saved 4 songs to database
2025-09-26 08:58:05,591 - music_tracker - INFO - Successfully saved 4 songs to database
2025-09-26 08:58:05,591 - music_tracker - INFO - Song collection completed successfully
2025-09-26 09:00:15,006 - music_tracker - INFO - SpotiSpy starting...
2025-09-26 09:00:15,006 - music_tracker - INFO - Starting daily SpotiSpy analysis
2025-09-26 09:00:15,007 - music_tracker - INFO - Fetching yesterday's listening data...
2025-09-26 09:00:15,472 - music_tracker - INFO - Fetched 117 songs from database
2025-09-26 09:00:15,474 - music_tracker - INFO - Found 117 songs to analyze
2025-09-26 09:00:15,475 - music_tracker - INFO - Running analysis...
2025-09-26 09:00:15,486 - music_tracker - INFO - Sending daily summary to Slack...
2025-09-26 09:00:47,459 - music_tracker - INFO - Message sent successfully to Slack
2025-09-26 09:00:47,459 - music_tracker - INFO - Daily analysis completed successfully!
2025-09-26 09:00:47,460 - music_tracker - INFO - SpotiSpy completed successfully
2025-09-26 09:58:04,444 - music_tracker - INFO - SpotiSpy song collection starting...
2025-09-26 09:58:04,446 - music_tracker - INFO - Starting song collection (last 1 hours)
2025-09-26 09:58:04,446 - music_tracker - INFO - Fetching recent tracks from Spotify...
2025-09-26 09:58:05,155 - music_tracker - INFO - Fetched 12 songs from Spotify
2025-09-26 09:58:05,159 - music_tracker - INFO - Found 12 songs from Spotify API
2025-09-26 09:58:05,160 - music_tracker - INFO - Checking for duplicates in database...
2025-09-26 09:58:06,398 - music_tracker - INFO - Found 12 new songs out of 12 total
2025-09-26 09:58:06,400 - music_tracker - INFO - Found 12 new songs to save
2025-09-26 09:58:06,401 - music_tracker - INFO - Saving songs to database...
2025-09-26 09:58:06,693 - music_tracker - INFO - Successfully saved 12 songs to database
2025-09-26 09:58:06,695 - music_tracker - INFO - Successfully saved 12 songs to database
2025-09-26 09:58:06,695 - music_tracker - INFO - Song collection completed successfully
2025-09-26 10:58:02,683 - music_tracker - INFO - SpotiSpy song collection starting...
2025-09-26 10:58:02,684 - music_tracker - INFO - Starting song collection (last 1 hours)
2025-09-26 10:58:02,685 - music_tracker - INFO - Fetching recent tracks from Spotify...
2025-09-26 10:58:03,194 - music_tracker - INFO - Fetched 19 songs from Spotify
2025-09-26 10:58:03,197 - music_tracker - INFO - Found 19 songs from Spotify API
2025-09-26 10:58:03,198 - music_tracker - INFO - Checking for duplicates in database...
2025-09-26 10:58:04,530 - music_tracker - INFO - Found 19 new songs out of 19 total
2025-09-26 10:58:04,532 - music_tracker - INFO - Found 19 new songs to save
2025-09-26 10:58:04,533 - music_tracker - INFO - Saving songs to database...
2025-09-26 10:58:04,960 - music_tracker - INFO - Successfully saved 19 songs to database
2025-09-26 10:58:04,962 - music_tracker - INFO - Successfully saved 19 songs to database
2025-09-26 10:58:04,963 - music_tracker - INFO - Song collection completed successfully
2025-09-26 11:58:02,887 - music_tracker - INFO - SpotiSpy song collection starting...
2025-09-26 11:58:02,888 - music_tracker - INFO - Starting song collection (last 1 hours)
2025-09-26 11:58:02,888 - music_tracker - INFO - Fetching recent tracks from Spotify...
2025-09-26 11:58:03,421 - music_tracker - INFO - Fetched 17 songs from Spotify
2025-09-26 11:58:03,425 - music_tracker - INFO - Found 17 songs from Spotify API
2025-09-26 11:58:03,425 - music_tracker - INFO - Checking for duplicates in database...
2025-09-26 11:58:04,837 - music_tracker - INFO - Found 17 new songs out of 17 total
2025-09-26 11:58:04,839 - music_tracker - INFO - Found 17 new songs to save
2025-09-26 11:58:04,840 - music_tracker - INFO - Saving songs to database...
2025-09-26 11:58:05,160 - music_tracker - INFO - Successfully saved 17 songs to database
2025-09-26 11:58:05,162 - music_tracker - INFO - Successfully saved 17 songs to database
2025-09-26 11:58:05,163 - music_tracker - INFO - Song collection completed successfully
2025-09-26 12:58:03,093 - music_tracker - INFO - SpotiSpy song collection starting...
2025-09-26 12:58:03,093 - music_tracker - INFO - Starting song collection (last 1 hours)
2025-09-26 12:58:03,094 - music_tracker - INFO - Fetching recent tracks from Spotify...
2025-09-26 12:58:03,830 - music_tracker - INFO - Fetched 9 songs from Spotify
2025-09-26 12:58:03,834 - music_tracker - INFO - Found 9 songs from Spotify API
2025-09-26 12:58:03,834 - music_tracker - INFO - Checking for duplicates in database...
2025-09-26 12:58:05,369 - music_tracker - INFO - Found 9 new songs out of 9 total
2025-09-26 12:58:05,372 - music_tracker - INFO - Found 9 new songs to save
2025-09-26 12:58:05,372 - music_tracker - INFO - Saving songs to database...
2025-09-26 12:58:05,791 - music_tracker - INFO - Successfully saved 9 songs to database
2025-09-26 12:58:05,793 - music_tracker - INFO - Successfully saved 9 songs to database
2025-09-26 12:58:05,794 - music_tracker - INFO - Song collection completed successfully
2025-09-26 13:58:02,713 - music_tracker - INFO - SpotiSpy song collection starting...
2025-09-26 13:58:02,713 - music_tracker - INFO - Starting song collection (last 1 hours)
2025-09-26 13:58:02,714 - music_tracker - INFO - Fetching recent tracks from Spotify...
2025-09-26 13:58:08,375 - music_tracker - INFO - Fetched 12 songs from Spotify
2025-09-26 13:58:08,380 - music_tracker - INFO - Found 12 songs from Spotify API
2025-09-26 13:58:08,381 - music_tracker - INFO - Checking for duplicates in database...
2025-09-26 13:58:09,863 - music_tracker - INFO - Found 12 new songs out of 12 total
2025-09-26 13:58:09,865 - music_tracker - INFO - Found 12 new songs to save
2025-09-26 13:58:09,866 - music_tracker - INFO - Saving songs to database...
2025-09-26 13:58:10,262 - music_tracker - INFO - Successfully saved 12 songs to database
2025-09-26 13:58:10,264 - music_tracker - INFO - Successfully saved 12 songs to database
2025-09-26 13:58:10,265 - music_tracker - INFO - Song collection completed successfully
2025-09-26 14:58:03,188 - music_tracker - INFO - SpotiSpy song collection starting...
2025-09-26 14:58:03,188 - music_tracker - INFO - Starting song collection (last 1 hours)
2025-09-26 14:58:03,189 - music_tracker - INFO - Fetching recent tracks from Spotify...
2025-09-26 14:58:03,869 - music_tracker - INFO - Fetched 4 songs from Spotify
2025-09-26 14:58:03,872 - music_tracker - INFO - Found 4 songs from Spotify API
2025-09-26 14:58:03,873 - music_tracker - INFO - Checking for duplicates in database...
2025-09-26 14:58:05,263 - music_tracker - INFO - Found 4 new songs out of 4 total
2025-09-26 14:58:05,265 - music_tracker - INFO - Found 4 new songs to save
2025-09-26 14:58:05,266 - music_tracker - INFO - Saving songs to database...
2025-09-26 14:58:05,568 - music_tracker - INFO - Successfully saved 4 songs to database
2025-09-26 14:58:05,570 - music_tracker - INFO - Successfully saved 4 songs to database
2025-09-26 14:58:05,571 - music_tracker - INFO - Song collection completed successfully
2025-09-26 15:58:03,492 - music_tracker - INFO - SpotiSpy song collection starting...
2025-09-26 15:58:03,493 - music_tracker - INFO - Starting song collection (last 1 hours)
2025-09-26 15:58:03,493 - music_tracker - INFO - Fetching recent tracks from Spotify...
2025-09-26 15:58:04,118 - music_tracker - INFO - Fetched 15 songs from Spotify
2025-09-26 15:58:04,121 - music_tracker - INFO - Found 15 songs from Spotify API
2025-09-26 15:58:04,122 - music_tracker - INFO - Checking for duplicates in database...
2025-09-26 15:58:05,578 - music_tracker - INFO - Found 15 new songs out of 15 total
2025-09-26 15:58:05,580 - music_tracker - INFO - Found 15 new songs to save
2025-09-26 15:58:05,581 - music_tracker - INFO - Saving songs to database...
2025-09-26 15:58:05,909 - music_tracker - INFO - Successfully saved 15 songs to database
2025-09-26 15:58:05,911 - music_tracker - INFO - Successfully saved 15 songs to database
2025-09-26 15:58:05,912 - music_tracker - INFO - Song collection completed successfully
2025-09-26 16:58:02,903 - music_tracker - INFO - SpotiSpy song collection starting...
2025-09-26 16:58:02,904 - music_tracker - INFO - Starting song collection (last 1 hours)
2025-09-26 16:58:02,905 - music_tracker - INFO - Fetching recent tracks from Spotify...
2025-09-26 16:58:03,414 - music_tracker - INFO - Fetched 15 songs from Spotify
2025-09-26 16:58:03,417 - music_tracker - INFO - Found 15 songs from Spotify API
2025-09-26 16:58:03,418 - music_tracker - INFO - Checking for duplicates in database...
2025-09-26 16:58:04,939 - music_tracker - INFO - Found 15 new songs out of 15 total
2025-09-26 16:58:04,941 - music_tracker - INFO - Found 15 new songs to save
2025-09-26 16:58:04,942 - music_tracker - INFO - Saving songs to database...
2025-09-26 16:58:05,310 - music_tracker - INFO - Successfully saved 15 songs to database
2025-09-26 16:58:05,313 - music_tracker - INFO - Successfully saved 15 songs to database
2025-09-26 16:58:05,313 - music_tracker - INFO - Song collection completed successfully
2025-09-26 17:58:03,279 - music_tracker - INFO - SpotiSpy song collection starting...
2025-09-26 17:58:03,279 - music_tracker - INFO - Starting song collection (last 1 hours)
2025-09-26 17:58:03,280 - music_tracker - INFO - Fetching recent tracks from Spotify...
2025-09-26 17:58:03,886 - music_tracker - INFO - Fetched 8 songs from Spotify
2025-09-26 17:58:03,889 - music_tracker - INFO - Found 8 songs from Spotify API
2025-09-26 17:58:03,890 - music_tracker - INFO - Checking for duplicates in database...
2025-09-26 17:58:05,292 - music_tracker - INFO - Found 8 new songs out of 8 total
2025-09-26 17:58:05,294 - music_tracker - INFO - Found 8 new songs to save
2025-09-26 17:58:05,295 - music_tracker - INFO - Saving songs to database...
2025-09-26 17:58:05,735 - music_tracker - INFO - Successfully saved 8 songs to database
2025-09-26 17:58:05,737 - music_tracker - INFO - Successfully saved 8 songs to database
2025-09-26 17:58:05,738 - music_tracker - INFO - Song collection completed successfully
2025-09-26 18:58:02,644 - music_tracker - INFO - SpotiSpy song collection starting...
2025-09-26 18:58:02,644 - music_tracker - INFO - Starting song collection (last 1 hours)
2025-09-26 18:58:02,645 - music_tracker - INFO - Fetching recent tracks from Spotify...
2025-09-26 18:58:03,189 - music_tracker - INFO - Fetched 17 songs from Spotify
2025-09-26 18:58:03,193 - music_tracker - INFO - Found 17 songs from Spotify API
2025-09-26 18:58:03,193 - music_tracker - INFO - Checking for duplicates in database...
2025-09-26 18:58:03,767 - music_tracker - INFO - Found 17 new songs out of 17 total
2025-09-26 18:58:03,769 - music_tracker - INFO - Found 17 new songs to save
2025-09-26 18:58:03,770 - music_tracker - INFO - Saving songs to database...
2025-09-26 18:58:04,043 - music_tracker - INFO - Successfully saved 17 songs to database
2025-09-26 18:58:04,044 - music_tracker - INFO - Successfully saved 17 songs to database
2025-09-26 18:58:04,045 - music_tracker - INFO - Song collection completed successfully
2025-09-26 19:58:02,970 - music_tracker - INFO - SpotiSpy song collection starting...
2025-09-26 19:58:02,970 - music_tracker - INFO - Starting song collection (last 1 hours)
2025-09-26 19:58:02,971 - music_tracker - INFO - Fetching recent tracks from Spotify...
2025-09-26 19:58:03,434 - music_tracker - INFO - Fetched 1 songs from Spotify
2025-09-26 19:58:03,437 - music_tracker - INFO - Found 1 songs from Spotify API
2025-09-26 19:58:03,437 - music_tracker - INFO - Checking for duplicates in database...
2025-09-26 19:58:04,763 - music_tracker - INFO - Found 1 new songs out of 1 total
2025-09-26 19:58:04,765 - music_tracker - INFO - Found 1 new songs to save
2025-09-26 19:58:04,766 - music_tracker - INFO - Saving songs to database...
2025-09-26 19:58:05,031 - music_tracker - INFO - Successfully saved 1 songs to database
2025-09-26 19:58:05,033 - music_tracker - INFO - Successfully saved 1 songs to database
2025-09-26 19:58:05,033 - music_tracker - INFO - Song collection completed successfully
2025-09-26 20:58:02,941 - music_tracker - INFO - SpotiSpy song collection starting...
2025-09-26 20:58:02,942 - music_tracker - INFO - Starting song collection (last 1 hours)
2025-09-26 20:58:02,942 - music_tracker - INFO - Fetching recent tracks from Spotify...
2025-09-26 20:58:03,298 - music_tracker - INFO - No recent songs found from Spotify
2025-09-26 20:58:03,301 - music_tracker - INFO - No new songs found from Spotify API
2025-09-26 20:58:03,301 - music_tracker - INFO - Song collection completed successfully
2025-09-26 21:58:03,227 - music_tracker - INFO - SpotiSpy song collection starting...
2025-09-26 21:58:03,228 - music_tracker - INFO - Starting song collection (last 1 hours)
2025-09-26 21:58:03,228 - music_tracker - INFO - Fetching recent tracks from Spotify...
2025-09-26 21:58:03,592 - music_tracker - INFO - No recent songs found from Spotify
2025-09-26 21:58:03,594 - music_tracker - INFO - No new songs found from Spotify API
2025-09-26 21:58:03,595 - music_tracker - INFO - Song collection completed successfully
2025-09-26 22:58:03,796 - music_tracker - INFO - SpotiSpy song collection starting...
2025-09-26 22:58:03,797 - music_tracker - INFO - Starting song collection (last 1 hours)
2025-09-26 22:58:03,798 - music_tracker - INFO - Fetching recent tracks from Spotify...
2025-09-26 22:58:04,201 - music_tracker - INFO - No recent songs found from Spotify
2025-09-26 22:58:04,203 - music_tracker - INFO - No new songs found from Spotify API
2025-09-26 22:58:04,204 - music_tracker - INFO - Song collection completed successfully
2025-09-26 23:58:03,419 - music_tracker - INFO - SpotiSpy song collection starting...
2025-09-26 23:58:03,420 - music_tracker - INFO - Starting song collection (last 1 hours)
2025-09-26 23:58:03,421 - music_tracker - INFO - Fetching recent tracks from Spotify...
2025-09-26 23:58:04,040 - music_tracker - INFO - Fetched 6 songs from Spotify
2025-09-26 23:58:04,043 - music_tracker - INFO - Found 6 songs from Spotify API
2025-09-26 23:58:04,043 - music_tracker - INFO - Checking for duplicates in database...
2025-09-26 23:58:05,483 - music_tracker - INFO - Found 6 new songs out of 6 total
2025-09-26 23:58:05,485 - music_tracker - INFO - Found 6 new songs to save
2025-09-26 23:58:05,486 - music_tracker - INFO - Saving songs to database...
2025-09-26 23:58:05,848 - music_tracker - INFO - Successfully saved 6 songs to database
2025-09-26 23:58:05,850 - music_tracker - INFO - Successfully saved 6 songs to database
2025-09-26 23:58:05,851 - music_tracker - INFO - Song collection completed successfully
