2025-08-30 00:58:03,203 - music_tracker - INFO - SpotiSpy song collection starting...
2025-08-30 00:58:03,204 - music_tracker - INFO - Starting song collection (last 1 hours)
2025-08-30 00:58:03,205 - music_tracker - INFO - Fetching recent tracks from Spotify...
2025-08-30 00:58:03,623 - music_tracker - INFO - Fetched 11 songs from Spotify
2025-08-30 00:58:03,626 - music_tracker - INFO - Found 11 songs from Spotify API
2025-08-30 00:58:03,627 - music_tracker - INFO - Checking for duplicates in database...
2025-08-30 00:58:04,694 - music_tracker - INFO - Found 11 new songs out of 11 total
2025-08-30 00:58:04,696 - music_tracker - INFO - Found 11 new songs to save
2025-08-30 00:58:04,697 - music_tracker - INFO - Saving songs to database...
2025-08-30 00:58:05,064 - music_tracker - INFO - Successfully saved 11 songs to database
2025-08-30 00:58:05,066 - music_tracker - INFO - Successfully saved 11 songs to database
2025-08-30 00:58:05,067 - music_tracker - INFO - Song collection completed successfully
2025-08-30 01:58:03,710 - music_tracker - INFO - SpotiSpy song collection starting...
2025-08-30 01:58:03,711 - music_tracker - INFO - Starting song collection (last 1 hours)
2025-08-30 01:58:03,712 - music_tracker - INFO - Fetching recent tracks from Spotify...
2025-08-30 01:58:04,075 - music_tracker - INFO - No recent songs found from Spotify
2025-08-30 01:58:04,077 - music_tracker - INFO - No new songs found from Spotify API
2025-08-30 01:58:04,078 - music_tracker - INFO - Song collection completed successfully
2025-08-30 02:58:03,018 - music_tracker - INFO - SpotiSpy song collection starting...
2025-08-30 02:58:03,019 - music_tracker - INFO - Starting song collection (last 1 hours)
2025-08-30 02:58:03,020 - music_tracker - INFO - Fetching recent tracks from Spotify...
2025-08-30 02:58:03,378 - music_tracker - INFO - No recent songs found from Spotify
2025-08-30 02:58:03,380 - music_tracker - INFO - No new songs found from Spotify API
2025-08-30 02:58:03,381 - music_tracker - INFO - Song collection completed successfully
2025-08-30 03:58:03,369 - music_tracker - INFO - SpotiSpy song collection starting...
2025-08-30 03:58:03,370 - music_tracker - INFO - Starting song collection (last 1 hours)
2025-08-30 03:58:03,371 - music_tracker - INFO - Fetching recent tracks from Spotify...
2025-08-30 03:58:03,751 - music_tracker - INFO - No recent songs found from Spotify
2025-08-30 03:58:03,753 - music_tracker - INFO - No new songs found from Spotify API
2025-08-30 03:58:03,754 - music_tracker - INFO - Song collection completed successfully
2025-08-30 04:58:02,647 - music_tracker - INFO - SpotiSpy song collection starting...
2025-08-30 04:58:02,648 - music_tracker - INFO - Starting song collection (last 1 hours)
2025-08-30 04:58:02,649 - music_tracker - INFO - Fetching recent tracks from Spotify...
2025-08-30 04:58:03,002 - music_tracker - INFO - No recent songs found from Spotify
2025-08-30 04:58:03,004 - music_tracker - INFO - No new songs found from Spotify API
2025-08-30 04:58:03,005 - music_tracker - INFO - Song collection completed successfully
2025-08-30 05:58:03,423 - music_tracker - INFO - SpotiSpy song collection starting...
2025-08-30 05:58:03,424 - music_tracker - INFO - Starting song collection (last 1 hours)
2025-08-30 05:58:03,425 - music_tracker - INFO - Fetching recent tracks from Spotify...
2025-08-30 05:58:03,803 - music_tracker - INFO - No recent songs found from Spotify
2025-08-30 05:58:03,805 - music_tracker - INFO - No new songs found from Spotify API
2025-08-30 05:58:03,806 - music_tracker - INFO - Song collection completed successfully
2025-08-30 06:58:02,748 - music_tracker - INFO - SpotiSpy song collection starting...
2025-08-30 06:58:02,749 - music_tracker - INFO - Starting song collection (last 1 hours)
2025-08-30 06:58:02,749 - music_tracker - INFO - Fetching recent tracks from Spotify...
2025-08-30 06:58:03,121 - music_tracker - INFO - No recent songs found from Spotify
2025-08-30 06:58:03,123 - music_tracker - INFO - No new songs found from Spotify API
2025-08-30 06:58:03,124 - music_tracker - INFO - Song collection completed successfully
2025-08-30 07:58:03,015 - music_tracker - INFO - SpotiSpy song collection starting...
2025-08-30 07:58:03,016 - music_tracker - INFO - Starting song collection (last 1 hours)
2025-08-30 07:58:03,016 - music_tracker - INFO - Fetching recent tracks from Spotify...
2025-08-30 07:58:03,389 - music_tracker - INFO - No recent songs found from Spotify
2025-08-30 07:58:03,391 - music_tracker - INFO - No new songs found from Spotify API
2025-08-30 07:58:03,391 - music_tracker - INFO - Song collection completed successfully
2025-08-30 08:58:03,285 - music_tracker - INFO - SpotiSpy song collection starting...
2025-08-30 08:58:03,285 - music_tracker - INFO - Starting song collection (last 1 hours)
2025-08-30 08:58:03,286 - music_tracker - INFO - Fetching recent tracks from Spotify...
2025-08-30 08:58:03,653 - music_tracker - INFO - No recent songs found from Spotify
2025-08-30 08:58:03,655 - music_tracker - INFO - No new songs found from Spotify API
2025-08-30 08:58:03,656 - music_tracker - INFO - Song collection completed successfully
2025-08-30 09:00:13,353 - music_tracker - INFO - SpotiSpy starting...
2025-08-30 09:00:13,354 - music_tracker - INFO - Starting daily SpotiSpy analysis
2025-08-30 09:00:13,354 - music_tracker - INFO - Fetching yesterday's listening data...
2025-08-30 09:00:14,886 - music_tracker - INFO - Fetched 151 songs from database
2025-08-30 09:00:14,888 - music_tracker - INFO - Found 151 songs to analyze
2025-08-30 09:00:14,889 - music_tracker - INFO - Running analysis...
2025-08-30 09:00:14,908 - music_tracker - INFO - Sending daily summary to Slack...
2025-08-30 09:00:15,663 - music_tracker - INFO - Message sent successfully to Slack
2025-08-30 09:00:15,664 - music_tracker - INFO - Daily analysis completed successfully!
2025-08-30 09:00:15,664 - music_tracker - INFO - SpotiSpy completed successfully
2025-08-30 09:58:03,560 - music_tracker - INFO - SpotiSpy song collection starting...
2025-08-30 09:58:03,561 - music_tracker - INFO - Starting song collection (last 1 hours)
2025-08-30 09:58:03,561 - music_tracker - INFO - Fetching recent tracks from Spotify...
2025-08-30 09:58:03,934 - music_tracker - INFO - No recent songs found from Spotify
2025-08-30 09:58:03,936 - music_tracker - INFO - No new songs found from Spotify API
2025-08-30 09:58:03,936 - music_tracker - INFO - Song collection completed successfully
2025-08-30 10:58:02,817 - music_tracker - INFO - SpotiSpy song collection starting...
2025-08-30 10:58:02,817 - music_tracker - INFO - Starting song collection (last 1 hours)
2025-08-30 10:58:02,818 - music_tracker - INFO - Fetching recent tracks from Spotify...
2025-08-30 10:58:03,223 - music_tracker - INFO - No recent songs found from Spotify
2025-08-30 10:58:03,225 - music_tracker - INFO - No new songs found from Spotify API
2025-08-30 10:58:03,226 - music_tracker - INFO - Song collection completed successfully
2025-08-30 11:58:03,113 - music_tracker - INFO - SpotiSpy song collection starting...
2025-08-30 11:58:03,114 - music_tracker - INFO - Starting song collection (last 1 hours)
2025-08-30 11:58:03,115 - music_tracker - INFO - Fetching recent tracks from Spotify...
2025-08-30 11:58:03,472 - music_tracker - INFO - No recent songs found from Spotify
2025-08-30 11:58:03,474 - music_tracker - INFO - No new songs found from Spotify API
2025-08-30 11:58:03,474 - music_tracker - INFO - Song collection completed successfully
2025-08-30 12:58:03,360 - music_tracker - INFO - SpotiSpy song collection starting...
2025-08-30 12:58:03,360 - music_tracker - INFO - Starting song collection (last 1 hours)
2025-08-30 12:58:03,361 - music_tracker - INFO - Fetching recent tracks from Spotify...
2025-08-30 12:58:03,795 - music_tracker - INFO - Fetched 2 songs from Spotify
2025-08-30 12:58:03,797 - music_tracker - INFO - Found 2 songs from Spotify API
2025-08-30 12:58:03,798 - music_tracker - INFO - Checking for duplicates in database...
2025-08-30 12:58:05,201 - music_tracker - INFO - Found 2 new songs out of 2 total
2025-08-30 12:58:05,204 - music_tracker - INFO - Found 2 new songs to save
2025-08-30 12:58:05,205 - music_tracker - INFO - Saving songs to database...
2025-08-30 12:58:05,638 - music_tracker - INFO - Successfully saved 2 songs to database
2025-08-30 12:58:05,640 - music_tracker - INFO - Successfully saved 2 songs to database
2025-08-30 12:58:05,640 - music_tracker - INFO - Song collection completed successfully
2025-08-30 13:58:03,559 - music_tracker - INFO - SpotiSpy song collection starting...
2025-08-30 13:58:03,560 - music_tracker - INFO - Starting song collection (last 1 hours)
2025-08-30 13:58:03,561 - music_tracker - INFO - Fetching recent tracks from Spotify...
2025-08-30 13:58:04,015 - music_tracker - INFO - Fetched 1 songs from Spotify
2025-08-30 13:58:04,018 - music_tracker - INFO - Found 1 songs from Spotify API
2025-08-30 13:58:04,018 - music_tracker - INFO - Checking for duplicates in database...
2025-08-30 13:58:05,263 - music_tracker - INFO - Found 1 new songs out of 1 total
2025-08-30 13:58:05,265 - music_tracker - INFO - Found 1 new songs to save
2025-08-30 13:58:05,266 - music_tracker - INFO - Saving songs to database...
2025-08-30 13:58:05,516 - music_tracker - INFO - Successfully saved 1 songs to database
2025-08-30 13:58:05,518 - music_tracker - INFO - Successfully saved 1 songs to database
2025-08-30 13:58:05,518 - music_tracker - INFO - Song collection completed successfully
2025-08-30 14:58:04,613 - music_tracker - INFO - SpotiSpy song collection starting...
2025-08-30 14:58:04,615 - music_tracker - INFO - Starting song collection (last 1 hours)
2025-08-30 14:58:04,615 - music_tracker - INFO - Fetching recent tracks from Spotify...
2025-08-30 14:58:05,084 - music_tracker - INFO - Fetched 10 songs from Spotify
2025-08-30 14:58:05,087 - music_tracker - INFO - Found 10 songs from Spotify API
2025-08-30 14:58:05,088 - music_tracker - INFO - Checking for duplicates in database...
2025-08-30 14:58:06,246 - music_tracker - INFO - Found 10 new songs out of 10 total
2025-08-30 14:58:06,249 - music_tracker - INFO - Found 10 new songs to save
2025-08-30 14:58:06,249 - music_tracker - INFO - Saving songs to database...
2025-08-30 14:58:06,626 - music_tracker - INFO - Successfully saved 10 songs to database
2025-08-30 14:58:06,628 - music_tracker - INFO - Successfully saved 10 songs to database
2025-08-30 14:58:06,629 - music_tracker - INFO - Song collection completed successfully
2025-08-30 15:58:03,567 - music_tracker - INFO - SpotiSpy song collection starting...
2025-08-30 15:58:03,567 - music_tracker - INFO - Starting song collection (last 1 hours)
2025-08-30 15:58:03,568 - music_tracker - INFO - Fetching recent tracks from Spotify...
2025-08-30 15:58:04,036 - music_tracker - INFO - Fetched 14 songs from Spotify
2025-08-30 15:58:04,039 - music_tracker - INFO - Found 14 songs from Spotify API
2025-08-30 15:58:04,039 - music_tracker - INFO - Checking for duplicates in database...
2025-08-30 15:58:05,474 - music_tracker - INFO - Found 14 new songs out of 14 total
2025-08-30 15:58:05,476 - music_tracker - INFO - Found 14 new songs to save
2025-08-30 15:58:05,477 - music_tracker - INFO - Saving songs to database...
2025-08-30 15:58:05,901 - music_tracker - INFO - Successfully saved 14 songs to database
2025-08-30 15:58:05,903 - music_tracker - INFO - Successfully saved 14 songs to database
2025-08-30 15:58:05,904 - music_tracker - INFO - Song collection completed successfully
2025-08-30 16:58:02,817 - music_tracker - INFO - SpotiSpy song collection starting...
2025-08-30 16:58:02,818 - music_tracker - INFO - Starting song collection (last 1 hours)
2025-08-30 16:58:02,818 - music_tracker - INFO - Fetching recent tracks from Spotify...
2025-08-30 16:58:03,241 - music_tracker - INFO - Fetched 3 songs from Spotify
2025-08-30 16:58:03,243 - music_tracker - INFO - Found 3 songs from Spotify API
2025-08-30 16:58:03,244 - music_tracker - INFO - Checking for duplicates in database...
2025-08-30 16:58:04,293 - music_tracker - INFO - Found 3 new songs out of 3 total
2025-08-30 16:58:04,295 - music_tracker - INFO - Found 3 new songs to save
2025-08-30 16:58:04,296 - music_tracker - INFO - Saving songs to database...
2025-08-30 16:58:04,630 - music_tracker - INFO - Successfully saved 3 songs to database
2025-08-30 16:58:04,632 - music_tracker - INFO - Successfully saved 3 songs to database
2025-08-30 16:58:04,633 - music_tracker - INFO - Song collection completed successfully
2025-08-30 17:58:03,568 - music_tracker - INFO - SpotiSpy song collection starting...
2025-08-30 17:58:03,569 - music_tracker - INFO - Starting song collection (last 1 hours)
2025-08-30 17:58:03,570 - music_tracker - INFO - Fetching recent tracks from Spotify...
2025-08-30 17:58:03,946 - music_tracker - INFO - No recent songs found from Spotify
2025-08-30 17:58:03,948 - music_tracker - INFO - No new songs found from Spotify API
2025-08-30 17:58:03,949 - music_tracker - INFO - Song collection completed successfully
2025-08-30 18:58:02,852 - music_tracker - INFO - SpotiSpy song collection starting...
2025-08-30 18:58:02,852 - music_tracker - INFO - Starting song collection (last 1 hours)
2025-08-30 18:58:02,853 - music_tracker - INFO - Fetching recent tracks from Spotify...
2025-08-30 18:58:03,220 - music_tracker - INFO - No recent songs found from Spotify
2025-08-30 18:58:03,222 - music_tracker - INFO - No new songs found from Spotify API
2025-08-30 18:58:03,223 - music_tracker - INFO - Song collection completed successfully
2025-08-30 19:58:03,133 - music_tracker - INFO - SpotiSpy song collection starting...
2025-08-30 19:58:03,134 - music_tracker - INFO - Starting song collection (last 1 hours)
2025-08-30 19:58:03,135 - music_tracker - INFO - Fetching recent tracks from Spotify...
2025-08-30 19:58:03,502 - music_tracker - INFO - No recent songs found from Spotify
2025-08-30 19:58:03,505 - music_tracker - INFO - No new songs found from Spotify API
2025-08-30 19:58:03,505 - music_tracker - INFO - Song collection completed successfully
2025-08-30 20:58:03,407 - music_tracker - INFO - SpotiSpy song collection starting...
2025-08-30 20:58:03,408 - music_tracker - INFO - Starting song collection (last 1 hours)
2025-08-30 20:58:03,409 - music_tracker - INFO - Fetching recent tracks from Spotify...
2025-08-30 20:58:03,808 - music_tracker - INFO - No recent songs found from Spotify
2025-08-30 20:58:03,811 - music_tracker - INFO - No new songs found from Spotify API
2025-08-30 20:58:03,811 - music_tracker - INFO - Song collection completed successfully
2025-08-30 21:58:02,727 - music_tracker - INFO - SpotiSpy song collection starting...
2025-08-30 21:58:02,727 - music_tracker - INFO - Starting song collection (last 1 hours)
2025-08-30 21:58:02,728 - music_tracker - INFO - Fetching recent tracks from Spotify...
2025-08-30 21:58:03,099 - music_tracker - INFO - No recent songs found from Spotify
2025-08-30 21:58:03,101 - music_tracker - INFO - No new songs found from Spotify API
2025-08-30 21:58:03,102 - music_tracker - INFO - Song collection completed successfully
2025-08-30 22:58:02,994 - music_tracker - INFO - SpotiSpy song collection starting...
2025-08-30 22:58:02,995 - music_tracker - INFO - Starting song collection (last 1 hours)
2025-08-30 22:58:02,996 - music_tracker - INFO - Fetching recent tracks from Spotify...
2025-08-30 22:58:03,434 - music_tracker - INFO - Fetched 13 songs from Spotify
2025-08-30 22:58:03,437 - music_tracker - INFO - Found 13 songs from Spotify API
2025-08-30 22:58:03,438 - music_tracker - INFO - Checking for duplicates in database...
2025-08-30 22:58:04,276 - music_tracker - INFO - Found 13 new songs out of 13 total
2025-08-30 22:58:04,278 - music_tracker - INFO - Found 13 new songs to save
2025-08-30 22:58:04,279 - music_tracker - INFO - Saving songs to database...
2025-08-30 22:58:04,666 - music_tracker - INFO - Successfully saved 13 songs to database
2025-08-30 22:58:04,668 - music_tracker - INFO - Successfully saved 13 songs to database
2025-08-30 22:58:04,669 - music_tracker - INFO - Song collection completed successfully
2025-08-30 23:58:03,596 - music_tracker - INFO - SpotiSpy song collection starting...
2025-08-30 23:58:03,597 - music_tracker - INFO - Starting song collection (last 1 hours)
2025-08-30 23:58:03,598 - music_tracker - INFO - Fetching recent tracks from Spotify...
2025-08-30 23:58:03,986 - music_tracker - INFO - Fetched 2 songs from Spotify
2025-08-30 23:58:03,988 - music_tracker - INFO - Found 2 songs from Spotify API
2025-08-30 23:58:03,989 - music_tracker - INFO - Checking for duplicates in database...
2025-08-30 23:58:04,856 - music_tracker - INFO - Found 2 new songs out of 2 total
2025-08-30 23:58:04,858 - music_tracker - INFO - Found 2 new songs to save
2025-08-30 23:58:04,859 - music_tracker - INFO - Saving songs to database...
2025-08-30 23:58:05,157 - music_tracker - INFO - Successfully saved 2 songs to database
2025-08-30 23:58:05,159 - music_tracker - INFO - Successfully saved 2 songs to database
2025-08-30 23:58:05,159 - music_tracker - INFO - Song collection completed successfully
