2025-09-14 00:58:02,878 - music_tracker - INFO - SpotiSpy song collection starting...
2025-09-14 00:58:02,878 - music_tracker - INFO - Starting song collection (last 1 hours)
2025-09-14 00:58:02,879 - music_tracker - INFO - Fetching recent tracks from Spotify...
2025-09-14 00:58:03,224 - music_tracker - INFO - No recent songs found from Spotify
2025-09-14 00:58:03,226 - music_tracker - INFO - No new songs found from Spotify API
2025-09-14 00:58:03,227 - music_tracker - INFO - Song collection completed successfully
2025-09-14 01:58:03,128 - music_tracker - INFO - SpotiSpy song collection starting...
2025-09-14 01:58:03,128 - music_tracker - INFO - Starting song collection (last 1 hours)
2025-09-14 01:58:03,129 - music_tracker - INFO - Fetching recent tracks from Spotify...
2025-09-14 01:58:03,623 - music_tracker - INFO - Fetched 13 songs from Spotify
2025-09-14 01:58:03,626 - music_tracker - INFO - Found 13 songs from Spotify API
2025-09-14 01:58:03,627 - music_tracker - INFO - Checking for duplicates in database...
2025-09-14 01:58:05,054 - music_tracker - INFO - Found 13 new songs out of 13 total
2025-09-14 01:58:05,056 - music_tracker - INFO - Found 13 new songs to save
2025-09-14 01:58:05,057 - music_tracker - INFO - Saving songs to database...
2025-09-14 01:58:05,456 - music_tracker - INFO - Successfully saved 13 songs to database
2025-09-14 01:58:05,458 - music_tracker - INFO - Successfully saved 13 songs to database
2025-09-14 01:58:05,459 - music_tracker - INFO - Song collection completed successfully
2025-09-14 02:58:03,378 - music_tracker - INFO - SpotiSpy song collection starting...
2025-09-14 02:58:03,378 - music_tracker - INFO - Starting song collection (last 1 hours)
2025-09-14 02:58:03,379 - music_tracker - INFO - Fetching recent tracks from Spotify...
2025-09-14 02:58:03,898 - music_tracker - INFO - Fetched 17 songs from Spotify
2025-09-14 02:58:03,902 - music_tracker - INFO - Found 17 songs from Spotify API
2025-09-14 02:58:03,902 - music_tracker - INFO - Checking for duplicates in database...
2025-09-14 02:58:05,239 - music_tracker - INFO - Found 17 new songs out of 17 total
2025-09-14 02:58:05,242 - music_tracker - INFO - Found 17 new songs to save
2025-09-14 02:58:05,243 - music_tracker - INFO - Saving songs to database...
2025-09-14 02:58:05,626 - music_tracker - INFO - Successfully saved 17 songs to database
2025-09-14 02:58:05,628 - music_tracker - INFO - Successfully saved 17 songs to database
2025-09-14 02:58:05,629 - music_tracker - INFO - Song collection completed successfully
2025-09-14 03:58:03,588 - music_tracker - INFO - SpotiSpy song collection starting...
2025-09-14 03:58:03,589 - music_tracker - INFO - Starting song collection (last 1 hours)
2025-09-14 03:58:03,590 - music_tracker - INFO - Fetching recent tracks from Spotify...
2025-09-14 03:58:04,064 - music_tracker - INFO - Fetched 3 songs from Spotify
2025-09-14 03:58:04,066 - music_tracker - INFO - Found 3 songs from Spotify API
2025-09-14 03:58:04,067 - music_tracker - INFO - Checking for duplicates in database...
2025-09-14 03:58:05,441 - music_tracker - INFO - Found 3 new songs out of 3 total
2025-09-14 03:58:05,443 - music_tracker - INFO - Found 3 new songs to save
2025-09-14 03:58:05,444 - music_tracker - INFO - Saving songs to database...
2025-09-14 03:58:05,769 - music_tracker - INFO - Successfully saved 3 songs to database
2025-09-14 03:58:05,771 - music_tracker - INFO - Successfully saved 3 songs to database
2025-09-14 03:58:05,772 - music_tracker - INFO - Song collection completed successfully
2025-09-14 04:58:02,685 - music_tracker - INFO - SpotiSpy song collection starting...
2025-09-14 04:58:02,685 - music_tracker - INFO - Starting song collection (last 1 hours)
2025-09-14 04:58:02,686 - music_tracker - INFO - Fetching recent tracks from Spotify...
2025-09-14 04:58:03,037 - music_tracker - INFO - No recent songs found from Spotify
2025-09-14 04:58:03,040 - music_tracker - INFO - No new songs found from Spotify API
2025-09-14 04:58:03,040 - music_tracker - INFO - Song collection completed successfully
2025-09-14 05:58:02,931 - music_tracker - INFO - SpotiSpy song collection starting...
2025-09-14 05:58:02,931 - music_tracker - INFO - Starting song collection (last 1 hours)
2025-09-14 05:58:02,932 - music_tracker - INFO - Fetching recent tracks from Spotify...
2025-09-14 05:58:03,282 - music_tracker - INFO - No recent songs found from Spotify
2025-09-14 05:58:03,284 - music_tracker - INFO - No new songs found from Spotify API
2025-09-14 05:58:03,285 - music_tracker - INFO - Song collection completed successfully
2025-09-14 06:58:03,276 - music_tracker - INFO - SpotiSpy song collection starting...
2025-09-14 06:58:03,277 - music_tracker - INFO - Starting song collection (last 1 hours)
2025-09-14 06:58:03,278 - music_tracker - INFO - Fetching recent tracks from Spotify...
2025-09-14 06:58:03,641 - music_tracker - INFO - No recent songs found from Spotify
2025-09-14 06:58:03,643 - music_tracker - INFO - No new songs found from Spotify API
2025-09-14 06:58:03,644 - music_tracker - INFO - Song collection completed successfully
2025-09-14 07:58:03,593 - music_tracker - INFO - SpotiSpy song collection starting...
2025-09-14 07:58:03,593 - music_tracker - INFO - Starting song collection (last 1 hours)
2025-09-14 07:58:03,594 - music_tracker - INFO - Fetching recent tracks from Spotify...
2025-09-14 07:58:03,959 - music_tracker - INFO - No recent songs found from Spotify
2025-09-14 07:58:03,962 - music_tracker - INFO - No new songs found from Spotify API
2025-09-14 07:58:03,962 - music_tracker - INFO - Song collection completed successfully
2025-09-14 08:58:03,724 - music_tracker - INFO - SpotiSpy song collection starting...
2025-09-14 08:58:03,724 - music_tracker - INFO - Starting song collection (last 1 hours)
2025-09-14 08:58:03,725 - music_tracker - INFO - Fetching recent tracks from Spotify...
2025-09-14 08:58:04,098 - music_tracker - INFO - No recent songs found from Spotify
2025-09-14 08:58:04,101 - music_tracker - INFO - No new songs found from Spotify API
2025-09-14 08:58:04,101 - music_tracker - INFO - Song collection completed successfully
2025-09-14 09:00:12,357 - music_tracker - INFO - SpotiSpy starting...
2025-09-14 09:00:12,359 - music_tracker - INFO - Starting daily SpotiSpy analysis
2025-09-14 09:00:12,359 - music_tracker - INFO - Fetching yesterday's listening data...
2025-09-14 09:00:13,113 - music_tracker - INFO - Fetched 56 songs from database
2025-09-14 09:00:13,116 - music_tracker - INFO - Found 56 songs to analyze
2025-09-14 09:00:13,117 - music_tracker - INFO - Running analysis...
2025-09-14 09:00:13,124 - music_tracker - INFO - Sending daily summary to Slack...
2025-09-14 09:00:24,687 - music_tracker - INFO - Message sent successfully to Slack
2025-09-14 09:00:24,687 - music_tracker - INFO - Daily analysis completed successfully!
2025-09-14 09:00:24,688 - music_tracker - INFO - Running weekly summary...
2025-09-14 09:00:24,688 - music_tracker - INFO - Generating weekly summary...
2025-09-14 09:00:24,702 - music_tracker - INFO - Starting comprehensive weekly analysis
2025-09-14 09:00:25,006 - music_tracker - INFO - Fetched 34 songs for date 2025-09-14
2025-09-14 09:00:25,008 - music_tracker - INFO - Date 2025-09-14: 34 songs
2025-09-14 09:00:25,239 - music_tracker - INFO - Fetched 48 songs for date 2025-09-13
2025-09-14 09:00:25,241 - music_tracker - INFO - Date 2025-09-13: 48 songs
2025-09-14 09:00:25,509 - music_tracker - INFO - Fetched 95 songs for date 2025-09-12
2025-09-14 09:00:25,511 - music_tracker - INFO - Date 2025-09-12: 95 songs
2025-09-14 09:00:25,767 - music_tracker - INFO - Fetched 96 songs for date 2025-09-11
2025-09-14 09:00:25,769 - music_tracker - INFO - Date 2025-09-11: 96 songs
2025-09-14 09:00:26,075 - music_tracker - INFO - Fetched 108 songs for date 2025-09-10
2025-09-14 09:00:26,077 - music_tracker - INFO - Date 2025-09-10: 108 songs
2025-09-14 09:00:26,376 - music_tracker - INFO - Fetched 56 songs for date 2025-09-09
2025-09-14 09:00:26,378 - music_tracker - INFO - Date 2025-09-09: 56 songs
2025-09-14 09:00:26,611 - music_tracker - INFO - Fetched 49 songs for date 2025-09-08
2025-09-14 09:00:26,613 - music_tracker - INFO - Date 2025-09-08: 49 songs
2025-09-14 09:00:27,366 - music_tracker - INFO - Message sent successfully to Slack
2025-09-14 09:00:27,368 - music_tracker - INFO - SpotiSpy completed successfully
2025-09-14 09:58:03,977 - music_tracker - INFO - SpotiSpy song collection starting...
2025-09-14 09:58:03,978 - music_tracker - INFO - Starting song collection (last 1 hours)
2025-09-14 09:58:03,979 - music_tracker - INFO - Fetching recent tracks from Spotify...
2025-09-14 09:58:04,337 - music_tracker - INFO - No recent songs found from Spotify
2025-09-14 09:58:04,339 - music_tracker - INFO - No new songs found from Spotify API
2025-09-14 09:58:04,340 - music_tracker - INFO - Song collection completed successfully
2025-09-14 10:58:03,230 - music_tracker - INFO - SpotiSpy song collection starting...
2025-09-14 10:58:03,231 - music_tracker - INFO - Starting song collection (last 1 hours)
2025-09-14 10:58:03,232 - music_tracker - INFO - Fetching recent tracks from Spotify...
2025-09-14 10:58:03,586 - music_tracker - INFO - No recent songs found from Spotify
2025-09-14 10:58:03,588 - music_tracker - INFO - No new songs found from Spotify API
2025-09-14 10:58:03,589 - music_tracker - INFO - Song collection completed successfully
2025-09-14 11:58:03,486 - music_tracker - INFO - SpotiSpy song collection starting...
2025-09-14 11:58:03,487 - music_tracker - INFO - Starting song collection (last 1 hours)
2025-09-14 11:58:03,488 - music_tracker - INFO - Fetching recent tracks from Spotify...
2025-09-14 11:58:03,849 - music_tracker - INFO - No recent songs found from Spotify
2025-09-14 11:58:03,851 - music_tracker - INFO - No new songs found from Spotify API
2025-09-14 11:58:03,852 - music_tracker - INFO - Song collection completed successfully
2025-09-14 12:58:02,732 - music_tracker - INFO - SpotiSpy song collection starting...
2025-09-14 12:58:02,732 - music_tracker - INFO - Starting song collection (last 1 hours)
2025-09-14 12:58:02,733 - music_tracker - INFO - Fetching recent tracks from Spotify...
2025-09-14 12:58:03,114 - music_tracker - INFO - No recent songs found from Spotify
2025-09-14 12:58:03,117 - music_tracker - INFO - No new songs found from Spotify API
2025-09-14 12:58:03,117 - music_tracker - INFO - Song collection completed successfully
2025-09-14 13:58:03,008 - music_tracker - INFO - SpotiSpy song collection starting...
2025-09-14 13:58:03,009 - music_tracker - INFO - Starting song collection (last 1 hours)
2025-09-14 13:58:03,009 - music_tracker - INFO - Fetching recent tracks from Spotify...
2025-09-14 13:58:03,449 - music_tracker - INFO - Fetched 1 songs from Spotify
2025-09-14 13:58:03,451 - music_tracker - INFO - Found 1 songs from Spotify API
2025-09-14 13:58:03,452 - music_tracker - INFO - Checking for duplicates in database...
2025-09-14 13:58:04,955 - music_tracker - INFO - Found 1 new songs out of 1 total
2025-09-14 13:58:04,957 - music_tracker - INFO - Found 1 new songs to save
2025-09-14 13:58:04,958 - music_tracker - INFO - Saving songs to database...
2025-09-14 13:58:05,331 - music_tracker - INFO - Successfully saved 1 songs to database
2025-09-14 13:58:05,333 - music_tracker - INFO - Successfully saved 1 songs to database
2025-09-14 13:58:05,334 - music_tracker - INFO - Song collection completed successfully
2025-09-14 14:58:03,262 - music_tracker - INFO - SpotiSpy song collection starting...
2025-09-14 14:58:03,262 - music_tracker - INFO - Starting song collection (last 1 hours)
2025-09-14 14:58:03,263 - music_tracker - INFO - Fetching recent tracks from Spotify...
2025-09-14 14:58:03,623 - music_tracker - INFO - No recent songs found from Spotify
2025-09-14 14:58:03,625 - music_tracker - INFO - No new songs found from Spotify API
2025-09-14 14:58:03,626 - music_tracker - INFO - Song collection completed successfully
2025-09-14 15:58:03,525 - music_tracker - INFO - SpotiSpy song collection starting...
2025-09-14 15:58:03,526 - music_tracker - INFO - Starting song collection (last 1 hours)
2025-09-14 15:58:03,526 - music_tracker - INFO - Fetching recent tracks from Spotify...
2025-09-14 15:58:03,923 - music_tracker - INFO - No recent songs found from Spotify
2025-09-14 15:58:03,925 - music_tracker - INFO - No new songs found from Spotify API
2025-09-14 15:58:03,926 - music_tracker - INFO - Song collection completed successfully
2025-09-14 16:58:02,821 - music_tracker - INFO - SpotiSpy song collection starting...
2025-09-14 16:58:02,822 - music_tracker - INFO - Starting song collection (last 1 hours)
2025-09-14 16:58:02,822 - music_tracker - INFO - Fetching recent tracks from Spotify...
2025-09-14 16:58:03,291 - music_tracker - INFO - Fetched 6 songs from Spotify
2025-09-14 16:58:03,294 - music_tracker - INFO - Found 6 songs from Spotify API
2025-09-14 16:58:03,294 - music_tracker - INFO - Checking for duplicates in database...
2025-09-14 16:58:03,972 - music_tracker - INFO - Found 6 new songs out of 6 total
2025-09-14 16:58:03,974 - music_tracker - INFO - Found 6 new songs to save
2025-09-14 16:58:03,975 - music_tracker - INFO - Saving songs to database...
2025-09-14 16:58:04,277 - music_tracker - INFO - Successfully saved 6 songs to database
2025-09-14 16:58:04,279 - music_tracker - INFO - Successfully saved 6 songs to database
2025-09-14 16:58:04,279 - music_tracker - INFO - Song collection completed successfully
2025-09-14 17:58:03,230 - music_tracker - INFO - SpotiSpy song collection starting...
2025-09-14 17:58:03,230 - music_tracker - INFO - Starting song collection (last 1 hours)
2025-09-14 17:58:03,231 - music_tracker - INFO - Fetching recent tracks from Spotify...
2025-09-14 17:58:03,599 - music_tracker - INFO - No recent songs found from Spotify
2025-09-14 17:58:03,602 - music_tracker - INFO - No new songs found from Spotify API
2025-09-14 17:58:03,602 - music_tracker - INFO - Song collection completed successfully
2025-09-14 18:58:03,485 - music_tracker - INFO - SpotiSpy song collection starting...
2025-09-14 18:58:03,486 - music_tracker - INFO - Starting song collection (last 1 hours)
2025-09-14 18:58:03,487 - music_tracker - INFO - Fetching recent tracks from Spotify...
2025-09-14 18:58:03,855 - music_tracker - INFO - No recent songs found from Spotify
2025-09-14 18:58:03,857 - music_tracker - INFO - No new songs found from Spotify API
2025-09-14 18:58:03,858 - music_tracker - INFO - Song collection completed successfully
2025-09-14 19:58:02,748 - music_tracker - INFO - SpotiSpy song collection starting...
2025-09-14 19:58:02,748 - music_tracker - INFO - Starting song collection (last 1 hours)
2025-09-14 19:58:02,749 - music_tracker - INFO - Fetching recent tracks from Spotify...
2025-09-14 19:58:03,268 - music_tracker - INFO - Fetched 9 songs from Spotify
2025-09-14 19:58:03,271 - music_tracker - INFO - Found 9 songs from Spotify API
2025-09-14 19:58:03,272 - music_tracker - INFO - Checking for duplicates in database...
2025-09-14 19:58:04,437 - music_tracker - INFO - Found 9 new songs out of 9 total
2025-09-14 19:58:04,439 - music_tracker - INFO - Found 9 new songs to save
2025-09-14 19:58:04,440 - music_tracker - INFO - Saving songs to database...
2025-09-14 19:58:04,741 - music_tracker - INFO - Successfully saved 9 songs to database
2025-09-14 19:58:04,743 - music_tracker - INFO - Successfully saved 9 songs to database
2025-09-14 19:58:04,744 - music_tracker - INFO - Song collection completed successfully
2025-09-14 20:58:02,656 - music_tracker - INFO - SpotiSpy song collection starting...
2025-09-14 20:58:02,657 - music_tracker - INFO - Starting song collection (last 1 hours)
2025-09-14 20:58:02,658 - music_tracker - INFO - Fetching recent tracks from Spotify...
2025-09-14 20:58:03,149 - music_tracker - INFO - Fetched 9 songs from Spotify
2025-09-14 20:58:03,152 - music_tracker - INFO - Found 9 songs from Spotify API
2025-09-14 20:58:03,153 - music_tracker - INFO - Checking for duplicates in database...
2025-09-14 20:58:04,621 - music_tracker - INFO - Found 9 new songs out of 9 total
2025-09-14 20:58:04,623 - music_tracker - INFO - Found 9 new songs to save
2025-09-14 20:58:04,624 - music_tracker - INFO - Saving songs to database...
2025-09-14 20:58:05,025 - music_tracker - INFO - Successfully saved 9 songs to database
2025-09-14 20:58:05,027 - music_tracker - INFO - Successfully saved 9 songs to database
2025-09-14 20:58:05,028 - music_tracker - INFO - Song collection completed successfully
2025-09-14 21:58:02,956 - music_tracker - INFO - SpotiSpy song collection starting...
2025-09-14 21:58:02,957 - music_tracker - INFO - Starting song collection (last 1 hours)
2025-09-14 21:58:02,957 - music_tracker - INFO - Fetching recent tracks from Spotify...
2025-09-14 21:58:03,363 - music_tracker - INFO - Fetched 1 songs from Spotify
2025-09-14 21:58:03,366 - music_tracker - INFO - Found 1 songs from Spotify API
2025-09-14 21:58:03,366 - music_tracker - INFO - Checking for duplicates in database...
2025-09-14 21:58:04,100 - music_tracker - INFO - Found 1 new songs out of 1 total
2025-09-14 21:58:04,102 - music_tracker - INFO - Found 1 new songs to save
2025-09-14 21:58:04,103 - music_tracker - INFO - Saving songs to database...
2025-09-14 21:58:04,370 - music_tracker - INFO - Successfully saved 1 songs to database
2025-09-14 21:58:04,372 - music_tracker - INFO - Successfully saved 1 songs to database
2025-09-14 21:58:04,373 - music_tracker - INFO - Song collection completed successfully
2025-09-14 22:58:03,284 - music_tracker - INFO - SpotiSpy song collection starting...
2025-09-14 22:58:03,285 - music_tracker - INFO - Starting song collection (last 1 hours)
2025-09-14 22:58:03,285 - music_tracker - INFO - Fetching recent tracks from Spotify...
2025-09-14 22:58:03,641 - music_tracker - INFO - No recent songs found from Spotify
2025-09-14 22:58:03,643 - music_tracker - INFO - No new songs found from Spotify API
2025-09-14 22:58:03,643 - music_tracker - INFO - Song collection completed successfully
2025-09-14 23:58:03,532 - music_tracker - INFO - SpotiSpy song collection starting...
2025-09-14 23:58:03,533 - music_tracker - INFO - Starting song collection (last 1 hours)
2025-09-14 23:58:03,534 - music_tracker - INFO - Fetching recent tracks from Spotify...
2025-09-14 23:58:03,981 - music_tracker - INFO - Fetched 2 songs from Spotify
2025-09-14 23:58:03,984 - music_tracker - INFO - Found 2 songs from Spotify API
2025-09-14 23:58:03,984 - music_tracker - INFO - Checking for duplicates in database...
2025-09-14 23:58:05,188 - music_tracker - INFO - Found 2 new songs out of 2 total
2025-09-14 23:58:05,190 - music_tracker - INFO - Found 2 new songs to save
2025-09-14 23:58:05,191 - music_tracker - INFO - Saving songs to database...
2025-09-14 23:58:05,469 - music_tracker - INFO - Successfully saved 2 songs to database
2025-09-14 23:58:05,471 - music_tracker - INFO - Successfully saved 2 songs to database
2025-09-14 23:58:05,472 - music_tracker - INFO - Song collection completed successfully
