2025-08-01 00:58:08,686 - music_tracker - INFO -   Supabase error: Status 400, {"code":"22007","details":null,"hint":null,"message":"invalid input syntax for type date: \"1969\""}
2025-08-01 00:58:08,688 - music_tracker - INFO - No songs uploaded.
2025-08-01 01:58:07,282 - music_tracker - INFO - Zero songs listened to
2025-08-01 01:58:07,283 - music_tracker - INFO - No songs uploaded.
2025-08-01 02:58:06,891 - music_tracker - INFO - Zero songs listened to
2025-08-01 02:58:06,892 - music_tracker - INFO - No songs uploaded.
2025-08-01 03:58:06,481 - music_tracker - INFO - Zero songs listened to
2025-08-01 03:58:06,482 - music_tracker - INFO - No songs uploaded.
2025-08-01 04:58:07,067 - music_tracker - INFO - Zero songs listened to
2025-08-01 04:58:07,068 - music_tracker - INFO - No songs uploaded.
2025-08-01 05:58:06,662 - music_tracker - INFO - Zero songs listened to
2025-08-01 05:58:06,662 - music_tracker - INFO - No songs uploaded.
2025-08-01 06:58:06,337 - music_tracker - INFO - Zero songs listened to
2025-08-01 06:58:06,338 - music_tracker - INFO - No songs uploaded.
2025-08-01 07:58:07,777 - music_tracker - INFO - Uploading 2 songs
2025-08-01 08:58:09,893 - music_tracker - INFO - Uploading 13 songs
2025-08-01 09:00:11,072 - music_tracker - INFO - Starting music tracker analysis
2025-08-01 09:00:11,073 - music_tracker - INFO - Fetching data
2025-08-01 09:00:11,420 - music_tracker - INFO - Fetched 87 recent songs
2025-08-01 09:00:11,425 - music_tracker - INFO - Running top listens analysis
2025-08-01 09:00:11,425 - music_tracker - INFO - Calculating top songs listens
2025-08-01 09:00:11,426 - music_tracker - INFO - Sending message with top 3 songs
2025-08-01 09:00:12,190 - music_tracker - INFO - Message successfully sent!
2025-08-01 09:00:12,191 - music_tracker - INFO - Calculating top albums listens
2025-08-01 09:00:12,192 - music_tracker - INFO - Sending message with top 3 albums
2025-08-01 09:00:13,245 - music_tracker - INFO - Message successfully sent!
2025-08-01 09:00:13,245 - music_tracker - INFO - Calculating top artists listens
2025-08-01 09:00:13,246 - music_tracker - INFO - Sending message with top 3 artists
2025-08-01 09:00:13,921 - music_tracker - INFO - Message successfully sent!
2025-08-01 09:00:13,922 - music_tracker - INFO - Running popularity and listening hours analysis
2025-08-01 09:00:13,922 - music_tracker - INFO - Finding most popular track
2025-08-01 09:00:13,922 - music_tracker - INFO - Most popular song found: I'm Not Okay (I Promise) with score 81
2025-08-01 09:00:14,641 - music_tracker - INFO - Message successfully sent!
2025-08-01 09:00:14,641 - music_tracker - INFO - Calculating most listened hour
2025-08-01 09:00:14,642 - music_tracker - INFO - Most listened hour: 23:00 with 55:43
2025-08-01 09:00:15,327 - music_tracker - INFO - Message successfully sent!
2025-08-01 09:00:15,328 - music_tracker - INFO - Calculating duration listened today
2025-08-01 09:00:16,462 - music_tracker - INFO - Message successfully sent!
2025-08-01 09:00:16,466 - music_tracker - INFO - Analysis completed successfully

2025-08-01 09:58:10,218 - music_tracker - INFO - Uploading 10 songs
2025-08-01 10:58:06,875 - music_tracker - INFO - Zero songs listened to
2025-08-01 10:58:06,876 - music_tracker - INFO - No songs uploaded.
2025-08-01 11:58:07,836 - music_tracker - INFO - Uploading 4 songs
2025-08-01 12:58:06,453 - music_tracker - INFO - Zero songs listened to
2025-08-01 12:58:06,454 - music_tracker - INFO - No songs uploaded.
2025-08-01 13:58:07,051 - music_tracker - INFO - Zero songs listened to
2025-08-01 13:58:07,052 - music_tracker - INFO - No songs uploaded.
2025-08-01 14:58:06,688 - music_tracker - INFO - Zero songs listened to
2025-08-01 14:58:06,688 - music_tracker - INFO - No songs uploaded.
2025-08-01 15:58:07,280 - music_tracker - INFO - Zero songs listened to
2025-08-01 15:58:07,280 - music_tracker - INFO - No songs uploaded.
2025-08-01 16:58:09,177 - music_tracker - INFO - Uploading 8 songs
2025-08-01 17:58:08,821 - music_tracker - INFO - Uploading 6 songs
2025-08-01 18:58:09,406 - music_tracker - INFO - Uploading 11 songs
2025-08-01 19:58:11,627 - music_tracker - INFO - Uploading 18 songs
2025-08-01 20:58:10,206 - music_tracker - INFO - Uploading 11 songs
2025-08-01 21:58:09,842 - music_tracker - INFO - Uploading 12 songs
2025-08-01 22:58:07,629 - music_tracker - INFO - Uploading 1 song
2025-08-01 23:58:07,285 - music_tracker - INFO - Zero songs listened to
2025-08-01 23:58:07,286 - music_tracker - INFO - No songs uploaded.
