2026-01-11 00:58:03,541 - music_tracker - INFO - SpotiSpy song collection starting...
2026-01-11 00:58:03,541 - music_tracker - INFO - Starting song collection (last 1 hours)
2026-01-11 00:58:03,542 - music_tracker - INFO - Fetching recent tracks from Spotify...
2026-01-11 00:58:03,959 - music_tracker - INFO - No recent songs found from Spotify
2026-01-11 00:58:03,961 - music_tracker - INFO - No new songs found from Spotify API
2026-01-11 00:58:03,962 - music_tracker - INFO - Song collection completed successfully
2026-01-11 01:58:03,384 - music_tracker - INFO - SpotiSpy song collection starting...
2026-01-11 01:58:03,385 - music_tracker - INFO - Starting song collection (last 1 hours)
2026-01-11 01:58:03,386 - music_tracker - INFO - Fetching recent tracks from Spotify...
2026-01-11 01:58:03,786 - music_tracker - INFO - No recent songs found from Spotify
2026-01-11 01:58:03,788 - music_tracker - INFO - No new songs found from Spotify API
2026-01-11 01:58:03,789 - music_tracker - INFO - Song collection completed successfully
2026-01-11 02:58:02,668 - music_tracker - INFO - SpotiSpy song collection starting...
2026-01-11 02:58:02,669 - music_tracker - INFO - Starting song collection (last 1 hours)
2026-01-11 02:58:02,670 - music_tracker - INFO - Fetching recent tracks from Spotify...
2026-01-11 02:58:03,148 - music_tracker - INFO - No recent songs found from Spotify
2026-01-11 02:58:03,150 - music_tracker - INFO - No new songs found from Spotify API
2026-01-11 02:58:03,151 - music_tracker - INFO - Song collection completed successfully
2026-01-11 03:58:03,123 - music_tracker - INFO - SpotiSpy song collection starting...
2026-01-11 03:58:03,123 - music_tracker - INFO - Starting song collection (last 1 hours)
2026-01-11 03:58:03,124 - music_tracker - INFO - Fetching recent tracks from Spotify...
2026-01-11 03:58:03,660 - music_tracker - INFO - No recent songs found from Spotify
2026-01-11 03:58:03,663 - music_tracker - INFO - No new songs found from Spotify API
2026-01-11 03:58:03,663 - music_tracker - INFO - Song collection completed successfully
2026-01-11 04:58:03,588 - music_tracker - INFO - SpotiSpy song collection starting...
2026-01-11 04:58:03,589 - music_tracker - INFO - Starting song collection (last 1 hours)
2026-01-11 04:58:03,589 - music_tracker - INFO - Fetching recent tracks from Spotify...
2026-01-11 04:58:03,958 - music_tracker - INFO - No recent songs found from Spotify
2026-01-11 04:58:03,960 - music_tracker - INFO - No new songs found from Spotify API
2026-01-11 04:58:03,961 - music_tracker - INFO - Song collection completed successfully
2026-01-11 05:58:02,859 - music_tracker - INFO - SpotiSpy song collection starting...
2026-01-11 05:58:02,860 - music_tracker - INFO - Starting song collection (last 1 hours)
2026-01-11 05:58:02,861 - music_tracker - INFO - Fetching recent tracks from Spotify...
2026-01-11 05:58:03,263 - music_tracker - INFO - No recent songs found from Spotify
2026-01-11 05:58:03,265 - music_tracker - INFO - No new songs found from Spotify API
2026-01-11 05:58:03,266 - music_tracker - INFO - Song collection completed successfully
2026-01-11 06:58:03,278 - music_tracker - INFO - SpotiSpy song collection starting...
2026-01-11 06:58:03,278 - music_tracker - INFO - Starting song collection (last 1 hours)
2026-01-11 06:58:03,279 - music_tracker - INFO - Fetching recent tracks from Spotify...
2026-01-11 06:58:03,696 - music_tracker - INFO - No recent songs found from Spotify
2026-01-11 06:58:03,698 - music_tracker - INFO - No new songs found from Spotify API
2026-01-11 06:58:03,699 - music_tracker - INFO - Song collection completed successfully
2026-01-11 07:58:03,588 - music_tracker - INFO - SpotiSpy song collection starting...
2026-01-11 07:58:03,588 - music_tracker - INFO - Starting song collection (last 1 hours)
2026-01-11 07:58:03,589 - music_tracker - INFO - Fetching recent tracks from Spotify...
2026-01-11 07:58:03,952 - music_tracker - INFO - No recent songs found from Spotify
2026-01-11 07:58:03,954 - music_tracker - INFO - No new songs found from Spotify API
2026-01-11 07:58:03,955 - music_tracker - INFO - Song collection completed successfully
2026-01-11 08:58:02,854 - music_tracker - INFO - SpotiSpy song collection starting...
2026-01-11 08:58:02,854 - music_tracker - INFO - Starting song collection (last 1 hours)
2026-01-11 08:58:02,855 - music_tracker - INFO - Fetching recent tracks from Spotify...
2026-01-11 08:58:03,219 - music_tracker - INFO - No recent songs found from Spotify
2026-01-11 08:58:03,222 - music_tracker - INFO - No new songs found from Spotify API
2026-01-11 08:58:03,222 - music_tracker - INFO - Song collection completed successfully
2026-01-11 09:00:12,868 - music_tracker - INFO - SpotiSpy starting...
2026-01-11 09:00:12,869 - music_tracker - INFO - Starting daily SpotiSpy analysis
2026-01-11 09:00:12,869 - music_tracker - INFO - Fetching yesterday's listening data...
2026-01-11 09:00:13,778 - music_tracker - INFO - Fetched 0 songs from database
2026-01-11 09:00:13,780 - music_tracker - WARNING - No songs found for yesterday
2026-01-11 09:00:13,781 - music_tracker - INFO - Running weekly summary...
2026-01-11 09:00:13,781 - music_tracker - INFO - Generating weekly summary...
2026-01-11 09:00:13,785 - music_tracker - INFO - Starting comprehensive weekly analysis
2026-01-11 09:00:14,076 - music_tracker - INFO - Fetched 0 songs for date 2026-01-11
2026-01-11 09:00:14,077 - music_tracker - INFO - Date 2026-01-11: 0 songs
2026-01-11 09:00:14,329 - music_tracker - INFO - Fetched 0 songs for date 2026-01-10
2026-01-11 09:00:14,331 - music_tracker - INFO - Date 2026-01-10: 0 songs
2026-01-11 09:00:14,593 - music_tracker - INFO - Fetched 80 songs for date 2026-01-09
2026-01-11 09:00:14,595 - music_tracker - INFO - Date 2026-01-09: 80 songs
2026-01-11 09:00:14,804 - music_tracker - INFO - Fetched 11 songs for date 2026-01-08
2026-01-11 09:00:14,805 - music_tracker - INFO - Date 2026-01-08: 11 songs
2026-01-11 09:00:15,098 - music_tracker - INFO - Fetched 79 songs for date 2026-01-07
2026-01-11 09:00:15,100 - music_tracker - INFO - Date 2026-01-07: 79 songs
2026-01-11 09:00:15,404 - music_tracker - INFO - Fetched 54 songs for date 2026-01-06
2026-01-11 09:00:15,406 - music_tracker - INFO - Date 2026-01-06: 54 songs
2026-01-11 09:00:15,634 - music_tracker - INFO - Fetched 51 songs for date 2026-01-05
2026-01-11 09:00:15,635 - music_tracker - INFO - Date 2026-01-05: 51 songs
2026-01-11 09:00:16,405 - music_tracker - INFO - Message sent successfully to Slack
2026-01-11 09:00:16,407 - music_tracker - INFO - SpotiSpy completed successfully
2026-01-11 09:58:03,521 - music_tracker - INFO - SpotiSpy song collection starting...
2026-01-11 09:58:03,523 - music_tracker - INFO - Starting song collection (last 1 hours)
2026-01-11 09:58:03,524 - music_tracker - INFO - Fetching recent tracks from Spotify...
2026-01-11 09:58:03,956 - music_tracker - INFO - No recent songs found from Spotify
2026-01-11 09:58:03,958 - music_tracker - INFO - No new songs found from Spotify API
2026-01-11 09:58:03,958 - music_tracker - INFO - Song collection completed successfully
2026-01-11 10:58:04,285 - music_tracker - INFO - SpotiSpy song collection starting...
2026-01-11 10:58:04,286 - music_tracker - INFO - Starting song collection (last 1 hours)
2026-01-11 10:58:04,287 - music_tracker - INFO - Fetching recent tracks from Spotify...
2026-01-11 10:58:04,688 - music_tracker - INFO - No recent songs found from Spotify
2026-01-11 10:58:04,690 - music_tracker - INFO - No new songs found from Spotify API
2026-01-11 10:58:04,691 - music_tracker - INFO - Song collection completed successfully
2026-01-11 11:58:02,622 - music_tracker - INFO - SpotiSpy song collection starting...
2026-01-11 11:58:02,623 - music_tracker - INFO - Starting song collection (last 1 hours)
2026-01-11 11:58:02,624 - music_tracker - INFO - Fetching recent tracks from Spotify...
2026-01-11 11:58:03,131 - music_tracker - INFO - No recent songs found from Spotify
2026-01-11 11:58:03,133 - music_tracker - INFO - No new songs found from Spotify API
2026-01-11 11:58:03,134 - music_tracker - INFO - Song collection completed successfully
2026-01-11 12:58:03,054 - music_tracker - INFO - SpotiSpy song collection starting...
2026-01-11 12:58:03,055 - music_tracker - INFO - Starting song collection (last 1 hours)
2026-01-11 12:58:03,056 - music_tracker - INFO - Fetching recent tracks from Spotify...
2026-01-11 12:58:03,486 - music_tracker - INFO - No recent songs found from Spotify
2026-01-11 12:58:03,488 - music_tracker - INFO - No new songs found from Spotify API
2026-01-11 12:58:03,489 - music_tracker - INFO - Song collection completed successfully
2026-01-11 13:58:03,424 - music_tracker - INFO - SpotiSpy song collection starting...
2026-01-11 13:58:03,424 - music_tracker - INFO - Starting song collection (last 1 hours)
2026-01-11 13:58:03,425 - music_tracker - INFO - Fetching recent tracks from Spotify...
2026-01-11 13:58:03,804 - music_tracker - INFO - No recent songs found from Spotify
2026-01-11 13:58:03,806 - music_tracker - INFO - No new songs found from Spotify API
2026-01-11 13:58:03,807 - music_tracker - INFO - Song collection completed successfully
2026-01-11 14:58:02,726 - music_tracker - INFO - SpotiSpy song collection starting...
2026-01-11 14:58:02,726 - music_tracker - INFO - Starting song collection (last 1 hours)
2026-01-11 14:58:02,727 - music_tracker - INFO - Fetching recent tracks from Spotify...
2026-01-11 14:58:03,114 - music_tracker - INFO - No recent songs found from Spotify
2026-01-11 14:58:03,116 - music_tracker - INFO - No new songs found from Spotify API
2026-01-11 14:58:03,117 - music_tracker - INFO - Song collection completed successfully
2026-01-11 15:58:03,026 - music_tracker - INFO - SpotiSpy song collection starting...
2026-01-11 15:58:03,027 - music_tracker - INFO - Starting song collection (last 1 hours)
2026-01-11 15:58:03,027 - music_tracker - INFO - Fetching recent tracks from Spotify...
2026-01-11 15:58:03,379 - music_tracker - INFO - No recent songs found from Spotify
2026-01-11 15:58:03,381 - music_tracker - INFO - No new songs found from Spotify API
2026-01-11 15:58:03,382 - music_tracker - INFO - Song collection completed successfully
2026-01-11 16:58:03,283 - music_tracker - INFO - SpotiSpy song collection starting...
2026-01-11 16:58:03,284 - music_tracker - INFO - Starting song collection (last 1 hours)
2026-01-11 16:58:03,285 - music_tracker - INFO - Fetching recent tracks from Spotify...
2026-01-11 16:58:03,678 - music_tracker - INFO - No recent songs found from Spotify
2026-01-11 16:58:03,680 - music_tracker - INFO - No new songs found from Spotify API
2026-01-11 16:58:03,680 - music_tracker - INFO - Song collection completed successfully
2026-01-11 17:58:03,582 - music_tracker - INFO - SpotiSpy song collection starting...
2026-01-11 17:58:03,583 - music_tracker - INFO - Starting song collection (last 1 hours)
2026-01-11 17:58:03,583 - music_tracker - INFO - Fetching recent tracks from Spotify...
2026-01-11 17:58:03,994 - music_tracker - INFO - No recent songs found from Spotify
2026-01-11 17:58:03,996 - music_tracker - INFO - No new songs found from Spotify API
2026-01-11 17:58:03,997 - music_tracker - INFO - Song collection completed successfully
2026-01-11 18:58:04,029 - music_tracker - INFO - SpotiSpy song collection starting...
2026-01-11 18:58:04,030 - music_tracker - INFO - Starting song collection (last 1 hours)
2026-01-11 18:58:04,031 - music_tracker - INFO - Fetching recent tracks from Spotify...
2026-01-11 18:58:04,460 - music_tracker - INFO - No recent songs found from Spotify
2026-01-11 18:58:04,462 - music_tracker - INFO - No new songs found from Spotify API
2026-01-11 18:58:04,462 - music_tracker - INFO - Song collection completed successfully
2026-01-11 19:58:04,512 - music_tracker - INFO - SpotiSpy song collection starting...
2026-01-11 19:58:04,513 - music_tracker - INFO - Starting song collection (last 1 hours)
2026-01-11 19:58:04,514 - music_tracker - INFO - Fetching recent tracks from Spotify...
2026-01-11 19:58:04,995 - music_tracker - INFO - Fetched 1 songs from Spotify
2026-01-11 19:58:04,997 - music_tracker - INFO - Found 1 songs from Spotify API
2026-01-11 19:58:04,998 - music_tracker - INFO - Checking for duplicates in database...
2026-01-11 19:58:06,327 - music_tracker - INFO - Found 1 new songs out of 1 total
2026-01-11 19:58:06,329 - music_tracker - INFO - Found 1 new songs to save
2026-01-11 19:58:06,330 - music_tracker - INFO - Saving songs to database...
2026-01-11 19:58:06,760 - music_tracker - INFO - Successfully saved 1 songs to database
2026-01-11 19:58:06,763 - music_tracker - INFO - Successfully saved 1 songs to database
2026-01-11 19:58:06,765 - music_tracker - INFO - Song collection completed successfully
2026-01-11 20:58:02,725 - music_tracker - INFO - SpotiSpy song collection starting...
2026-01-11 20:58:02,725 - music_tracker - INFO - Starting song collection (last 1 hours)
2026-01-11 20:58:02,726 - music_tracker - INFO - Fetching recent tracks from Spotify...
2026-01-11 20:58:03,141 - music_tracker - INFO - No recent songs found from Spotify
2026-01-11 20:58:03,143 - music_tracker - INFO - No new songs found from Spotify API
2026-01-11 20:58:03,143 - music_tracker - INFO - Song collection completed successfully
2026-01-11 21:58:03,053 - music_tracker - INFO - SpotiSpy song collection starting...
2026-01-11 21:58:03,054 - music_tracker - INFO - Starting song collection (last 1 hours)
2026-01-11 21:58:03,054 - music_tracker - INFO - Fetching recent tracks from Spotify...
2026-01-11 21:58:03,432 - music_tracker - INFO - No recent songs found from Spotify
2026-01-11 21:58:03,435 - music_tracker - INFO - No new songs found from Spotify API
2026-01-11 21:58:03,435 - music_tracker - INFO - Song collection completed successfully
2026-01-11 22:58:03,376 - music_tracker - INFO - SpotiSpy song collection starting...
2026-01-11 22:58:03,377 - music_tracker - INFO - Starting song collection (last 1 hours)
2026-01-11 22:58:03,377 - music_tracker - INFO - Fetching recent tracks from Spotify...
2026-01-11 22:58:03,821 - music_tracker - INFO - No recent songs found from Spotify
2026-01-11 22:58:03,823 - music_tracker - INFO - No new songs found from Spotify API
2026-01-11 22:58:03,824 - music_tracker - INFO - Song collection completed successfully
2026-01-11 23:58:02,734 - music_tracker - INFO - SpotiSpy song collection starting...
2026-01-11 23:58:02,735 - music_tracker - INFO - Starting song collection (last 1 hours)
2026-01-11 23:58:02,735 - music_tracker - INFO - Fetching recent tracks from Spotify...
2026-01-11 23:58:03,103 - music_tracker - INFO - No recent songs found from Spotify
2026-01-11 23:58:03,105 - music_tracker - INFO - No new songs found from Spotify API
2026-01-11 23:58:03,106 - music_tracker - INFO - Song collection completed successfully
