2025-09-19 00:58:02,651 - music_tracker - INFO - SpotiSpy song collection starting...
2025-09-19 00:58:02,651 - music_tracker - INFO - Starting song collection (last 1 hours)
2025-09-19 00:58:02,652 - music_tracker - INFO - Fetching recent tracks from Spotify...
2025-09-19 00:58:03,137 - music_tracker - INFO - Fetched 19 songs from Spotify
2025-09-19 00:58:03,140 - music_tracker - INFO - Found 19 songs from Spotify API
2025-09-19 00:58:03,141 - music_tracker - INFO - Checking for duplicates in database...
2025-09-19 00:58:04,349 - music_tracker - INFO - Found 19 new songs out of 19 total
2025-09-19 00:58:04,351 - music_tracker - INFO - Found 19 new songs to save
2025-09-19 00:58:04,352 - music_tracker - INFO - Saving songs to database...
2025-09-19 00:58:04,764 - music_tracker - INFO - Successfully saved 19 songs to database
2025-09-19 00:58:04,766 - music_tracker - INFO - Successfully saved 19 songs to database
2025-09-19 00:58:04,767 - music_tracker - INFO - Song collection completed successfully
2025-09-19 01:58:02,685 - music_tracker - INFO - SpotiSpy song collection starting...
2025-09-19 01:58:02,686 - music_tracker - INFO - Starting song collection (last 1 hours)
2025-09-19 01:58:02,687 - music_tracker - INFO - Fetching recent tracks from Spotify...
2025-09-19 01:58:03,579 - music_tracker - INFO - Fetched 20 songs from Spotify
2025-09-19 01:58:03,584 - music_tracker - INFO - Found 20 songs from Spotify API
2025-09-19 01:58:03,585 - music_tracker - INFO - Checking for duplicates in database...
2025-09-19 01:58:05,025 - music_tracker - INFO - Found 20 new songs out of 20 total
2025-09-19 01:58:05,027 - music_tracker - INFO - Found 20 new songs to save
2025-09-19 01:58:05,028 - music_tracker - INFO - Saving songs to database...
2025-09-19 01:58:05,416 - music_tracker - INFO - Successfully saved 20 songs to database
2025-09-19 01:58:05,418 - music_tracker - INFO - Successfully saved 20 songs to database
2025-09-19 01:58:05,419 - music_tracker - INFO - Song collection completed successfully
2025-09-19 02:58:03,407 - music_tracker - INFO - SpotiSpy song collection starting...
2025-09-19 02:58:03,408 - music_tracker - INFO - Starting song collection (last 1 hours)
2025-09-19 02:58:03,409 - music_tracker - INFO - Fetching recent tracks from Spotify...
2025-09-19 02:58:03,961 - music_tracker - INFO - Fetched 10 songs from Spotify
2025-09-19 02:58:03,964 - music_tracker - INFO - Found 10 songs from Spotify API
2025-09-19 02:58:03,965 - music_tracker - INFO - Checking for duplicates in database...
2025-09-19 02:58:05,351 - music_tracker - INFO - Found 10 new songs out of 10 total
2025-09-19 02:58:05,352 - music_tracker - INFO - Found 10 new songs to save
2025-09-19 02:58:05,353 - music_tracker - INFO - Saving songs to database...
2025-09-19 02:58:05,686 - music_tracker - INFO - Successfully saved 10 songs to database
2025-09-19 02:58:05,688 - music_tracker - INFO - Successfully saved 10 songs to database
2025-09-19 02:58:05,689 - music_tracker - INFO - Song collection completed successfully
2025-09-19 03:58:02,625 - music_tracker - INFO - SpotiSpy song collection starting...
2025-09-19 03:58:02,626 - music_tracker - INFO - Starting song collection (last 1 hours)
2025-09-19 03:58:02,627 - music_tracker - INFO - Fetching recent tracks from Spotify...
2025-09-19 03:58:02,991 - music_tracker - INFO - No recent songs found from Spotify
2025-09-19 03:58:02,994 - music_tracker - INFO - No new songs found from Spotify API
2025-09-19 03:58:02,994 - music_tracker - INFO - Song collection completed successfully
2025-09-19 04:58:02,884 - music_tracker - INFO - SpotiSpy song collection starting...
2025-09-19 04:58:02,884 - music_tracker - INFO - Starting song collection (last 1 hours)
2025-09-19 04:58:02,885 - music_tracker - INFO - Fetching recent tracks from Spotify...
2025-09-19 04:58:03,243 - music_tracker - INFO - No recent songs found from Spotify
2025-09-19 04:58:03,245 - music_tracker - INFO - No new songs found from Spotify API
2025-09-19 04:58:03,246 - music_tracker - INFO - Song collection completed successfully
2025-09-19 05:58:03,265 - music_tracker - INFO - SpotiSpy song collection starting...
2025-09-19 05:58:03,266 - music_tracker - INFO - Starting song collection (last 1 hours)
2025-09-19 05:58:03,266 - music_tracker - INFO - Fetching recent tracks from Spotify...
2025-09-19 05:58:03,663 - music_tracker - INFO - No recent songs found from Spotify
2025-09-19 05:58:03,665 - music_tracker - INFO - No new songs found from Spotify API
2025-09-19 05:58:03,666 - music_tracker - INFO - Song collection completed successfully
2025-09-19 06:58:03,620 - music_tracker - INFO - SpotiSpy song collection starting...
2025-09-19 06:58:03,621 - music_tracker - INFO - Starting song collection (last 1 hours)
2025-09-19 06:58:03,621 - music_tracker - INFO - Fetching recent tracks from Spotify...
2025-09-19 06:58:03,962 - music_tracker - INFO - No recent songs found from Spotify
2025-09-19 06:58:03,964 - music_tracker - INFO - No new songs found from Spotify API
2025-09-19 06:58:03,965 - music_tracker - INFO - Song collection completed successfully
2025-09-19 07:58:02,862 - music_tracker - INFO - SpotiSpy song collection starting...
2025-09-19 07:58:02,862 - music_tracker - INFO - Starting song collection (last 1 hours)
2025-09-19 07:58:02,863 - music_tracker - INFO - Fetching recent tracks from Spotify...
2025-09-19 07:58:03,227 - music_tracker - INFO - No recent songs found from Spotify
2025-09-19 07:58:03,229 - music_tracker - INFO - No new songs found from Spotify API
2025-09-19 07:58:03,230 - music_tracker - INFO - Song collection completed successfully
2025-09-19 08:58:03,144 - music_tracker - INFO - SpotiSpy song collection starting...
2025-09-19 08:58:03,145 - music_tracker - INFO - Starting song collection (last 1 hours)
2025-09-19 08:58:03,145 - music_tracker - INFO - Fetching recent tracks from Spotify...
2025-09-19 08:58:03,766 - music_tracker - INFO - Fetched 10 songs from Spotify
2025-09-19 08:58:03,769 - music_tracker - INFO - Found 10 songs from Spotify API
2025-09-19 08:58:03,770 - music_tracker - INFO - Checking for duplicates in database...
2025-09-19 08:58:05,299 - music_tracker - INFO - Found 10 new songs out of 10 total
2025-09-19 08:58:05,301 - music_tracker - INFO - Found 10 new songs to save
2025-09-19 08:58:05,302 - music_tracker - INFO - Saving songs to database...
2025-09-19 08:58:05,682 - music_tracker - INFO - Successfully saved 10 songs to database
2025-09-19 08:58:05,684 - music_tracker - INFO - Successfully saved 10 songs to database
2025-09-19 08:58:05,685 - music_tracker - INFO - Song collection completed successfully
2025-09-19 09:00:14,936 - music_tracker - INFO - SpotiSpy starting...
2025-09-19 09:00:14,936 - music_tracker - INFO - Starting daily SpotiSpy analysis
2025-09-19 09:00:14,937 - music_tracker - INFO - Fetching yesterday's listening data...
2025-09-19 09:00:15,496 - music_tracker - INFO - Fetched 200 songs from database
2025-09-19 09:00:15,498 - music_tracker - INFO - Found 200 songs to analyze
2025-09-19 09:00:15,499 - music_tracker - INFO - Running analysis...
2025-09-19 09:00:15,513 - music_tracker - INFO - Sending daily summary to Slack...
2025-09-19 09:00:16,378 - music_tracker - INFO - Message sent successfully to Slack
2025-09-19 09:00:16,378 - music_tracker - INFO - Daily analysis completed successfully!
2025-09-19 09:00:16,379 - music_tracker - INFO - SpotiSpy completed successfully
2025-09-19 09:58:04,553 - music_tracker - INFO - SpotiSpy song collection starting...
2025-09-19 09:58:04,554 - music_tracker - INFO - Starting song collection (last 1 hours)
2025-09-19 09:58:04,555 - music_tracker - INFO - Fetching recent tracks from Spotify...
2025-09-19 09:58:05,124 - music_tracker - INFO - Fetched 21 songs from Spotify
2025-09-19 09:58:05,127 - music_tracker - INFO - Found 21 songs from Spotify API
2025-09-19 09:58:05,128 - music_tracker - INFO - Checking for duplicates in database...
2025-09-19 09:58:06,430 - music_tracker - INFO - Found 21 new songs out of 21 total
2025-09-19 09:58:06,433 - music_tracker - INFO - Found 21 new songs to save
2025-09-19 09:58:06,433 - music_tracker - INFO - Saving songs to database...
2025-09-19 09:58:06,816 - music_tracker - INFO - Successfully saved 21 songs to database
2025-09-19 09:58:06,823 - music_tracker - INFO - Successfully saved 21 songs to database
2025-09-19 09:58:06,823 - music_tracker - INFO - Song collection completed successfully
2025-09-19 10:58:02,778 - music_tracker - INFO - SpotiSpy song collection starting...
2025-09-19 10:58:02,779 - music_tracker - INFO - Starting song collection (last 1 hours)
2025-09-19 10:58:02,780 - music_tracker - INFO - Fetching recent tracks from Spotify...
2025-09-19 10:58:03,343 - music_tracker - INFO - Fetched 18 songs from Spotify
2025-09-19 10:58:03,347 - music_tracker - INFO - Found 18 songs from Spotify API
2025-09-19 10:58:03,347 - music_tracker - INFO - Checking for duplicates in database...
2025-09-19 10:58:04,837 - music_tracker - INFO - Found 18 new songs out of 18 total
2025-09-19 10:58:04,839 - music_tracker - INFO - Found 18 new songs to save
2025-09-19 10:58:04,840 - music_tracker - INFO - Saving songs to database...
2025-09-19 10:58:05,286 - music_tracker - INFO - Successfully saved 18 songs to database
2025-09-19 10:58:05,288 - music_tracker - INFO - Successfully saved 18 songs to database
2025-09-19 10:58:05,289 - music_tracker - INFO - Song collection completed successfully
2025-09-19 11:58:03,211 - music_tracker - INFO - SpotiSpy song collection starting...
2025-09-19 11:58:03,211 - music_tracker - INFO - Starting song collection (last 1 hours)
2025-09-19 11:58:03,212 - music_tracker - INFO - Fetching recent tracks from Spotify...
2025-09-19 11:58:03,930 - music_tracker - INFO - Fetched 16 songs from Spotify
2025-09-19 11:58:03,934 - music_tracker - INFO - Found 16 songs from Spotify API
2025-09-19 11:58:03,935 - music_tracker - INFO - Checking for duplicates in database...
2025-09-19 11:58:05,146 - music_tracker - INFO - Found 16 new songs out of 16 total
2025-09-19 11:58:05,148 - music_tracker - INFO - Found 16 new songs to save
2025-09-19 11:58:05,149 - music_tracker - INFO - Saving songs to database...
2025-09-19 11:58:05,560 - music_tracker - INFO - Successfully saved 16 songs to database
2025-09-19 11:58:05,562 - music_tracker - INFO - Successfully saved 16 songs to database
2025-09-19 11:58:05,563 - music_tracker - INFO - Song collection completed successfully
2025-09-19 12:58:03,489 - music_tracker - INFO - SpotiSpy song collection starting...
2025-09-19 12:58:03,490 - music_tracker - INFO - Starting song collection (last 1 hours)
2025-09-19 12:58:03,490 - music_tracker - INFO - Fetching recent tracks from Spotify...
2025-09-19 12:58:04,059 - music_tracker - INFO - Fetched 9 songs from Spotify
2025-09-19 12:58:04,062 - music_tracker - INFO - Found 9 songs from Spotify API
2025-09-19 12:58:04,062 - music_tracker - INFO - Checking for duplicates in database...
2025-09-19 12:58:04,713 - music_tracker - INFO - Found 9 new songs out of 9 total
2025-09-19 12:58:04,716 - music_tracker - INFO - Found 9 new songs to save
2025-09-19 12:58:04,716 - music_tracker - INFO - Saving songs to database...
2025-09-19 12:58:05,083 - music_tracker - INFO - Successfully saved 9 songs to database
2025-09-19 12:58:05,085 - music_tracker - INFO - Successfully saved 9 songs to database
2025-09-19 12:58:05,086 - music_tracker - INFO - Song collection completed successfully
2025-09-19 13:58:03,014 - music_tracker - INFO - SpotiSpy song collection starting...
2025-09-19 13:58:03,014 - music_tracker - INFO - Starting song collection (last 1 hours)
2025-09-19 13:58:03,015 - music_tracker - INFO - Fetching recent tracks from Spotify...
2025-09-19 13:58:03,568 - music_tracker - INFO - Fetched 13 songs from Spotify
2025-09-19 13:58:03,571 - music_tracker - INFO - Found 13 songs from Spotify API
2025-09-19 13:58:03,572 - music_tracker - INFO - Checking for duplicates in database...
2025-09-19 13:58:05,032 - music_tracker - INFO - Found 13 new songs out of 13 total
2025-09-19 13:58:05,034 - music_tracker - INFO - Found 13 new songs to save
2025-09-19 13:58:05,035 - music_tracker - INFO - Saving songs to database...
2025-09-19 13:58:05,398 - music_tracker - INFO - Successfully saved 13 songs to database
2025-09-19 13:58:05,401 - music_tracker - INFO - Successfully saved 13 songs to database
2025-09-19 13:58:05,401 - music_tracker - INFO - Song collection completed successfully
2025-09-19 14:58:03,324 - music_tracker - INFO - SpotiSpy song collection starting...
2025-09-19 14:58:03,324 - music_tracker - INFO - Starting song collection (last 1 hours)
2025-09-19 14:58:03,325 - music_tracker - INFO - Fetching recent tracks from Spotify...
2025-09-19 14:58:03,854 - music_tracker - INFO - Fetched 17 songs from Spotify
2025-09-19 14:58:03,857 - music_tracker - INFO - Found 17 songs from Spotify API
2025-09-19 14:58:03,858 - music_tracker - INFO - Checking for duplicates in database...
2025-09-19 14:58:05,234 - music_tracker - INFO - Found 17 new songs out of 17 total
2025-09-19 14:58:05,236 - music_tracker - INFO - Found 17 new songs to save
2025-09-19 14:58:05,237 - music_tracker - INFO - Saving songs to database...
2025-09-19 14:58:05,710 - music_tracker - INFO - Successfully saved 17 songs to database
2025-09-19 14:58:05,712 - music_tracker - INFO - Successfully saved 17 songs to database
2025-09-19 14:58:05,713 - music_tracker - INFO - Song collection completed successfully
2025-09-19 15:58:02,613 - music_tracker - INFO - SpotiSpy song collection starting...
2025-09-19 15:58:02,614 - music_tracker - INFO - Starting song collection (last 1 hours)
2025-09-19 15:58:02,614 - music_tracker - INFO - Fetching recent tracks from Spotify...
2025-09-19 15:58:03,109 - music_tracker - INFO - Fetched 6 songs from Spotify
2025-09-19 15:58:03,111 - music_tracker - INFO - Found 6 songs from Spotify API
2025-09-19 15:58:03,112 - music_tracker - INFO - Checking for duplicates in database...
2025-09-19 15:58:04,487 - music_tracker - INFO - Found 6 new songs out of 6 total
2025-09-19 15:58:04,490 - music_tracker - INFO - Found 6 new songs to save
2025-09-19 15:58:04,491 - music_tracker - INFO - Saving songs to database...
2025-09-19 15:58:04,839 - music_tracker - INFO - Successfully saved 6 songs to database
2025-09-19 15:58:04,841 - music_tracker - INFO - Successfully saved 6 songs to database
2025-09-19 15:58:04,842 - music_tracker - INFO - Song collection completed successfully
2025-09-19 16:58:02,770 - music_tracker - INFO - SpotiSpy song collection starting...
2025-09-19 16:58:02,770 - music_tracker - INFO - Starting song collection (last 1 hours)
2025-09-19 16:58:02,771 - music_tracker - INFO - Fetching recent tracks from Spotify...
2025-09-19 16:58:03,171 - music_tracker - INFO - No recent songs found from Spotify
2025-09-19 16:58:03,173 - music_tracker - INFO - No new songs found from Spotify API
2025-09-19 16:58:03,173 - music_tracker - INFO - Song collection completed successfully
2025-09-19 17:58:03,070 - music_tracker - INFO - SpotiSpy song collection starting...
2025-09-19 17:58:03,071 - music_tracker - INFO - Starting song collection (last 1 hours)
2025-09-19 17:58:03,072 - music_tracker - INFO - Fetching recent tracks from Spotify...
2025-09-19 17:58:03,430 - music_tracker - INFO - No recent songs found from Spotify
2025-09-19 17:58:03,432 - music_tracker - INFO - No new songs found from Spotify API
2025-09-19 17:58:03,433 - music_tracker - INFO - Song collection completed successfully
2025-09-19 18:58:03,321 - music_tracker - INFO - SpotiSpy song collection starting...
2025-09-19 18:58:03,321 - music_tracker - INFO - Starting song collection (last 1 hours)
2025-09-19 18:58:03,322 - music_tracker - INFO - Fetching recent tracks from Spotify...
2025-09-19 18:58:04,010 - music_tracker - INFO - Fetched 5 songs from Spotify
2025-09-19 18:58:04,013 - music_tracker - INFO - Found 5 songs from Spotify API
2025-09-19 18:58:04,014 - music_tracker - INFO - Checking for duplicates in database...
2025-09-19 18:58:05,331 - music_tracker - INFO - Found 5 new songs out of 5 total
2025-09-19 18:58:05,333 - music_tracker - INFO - Found 5 new songs to save
2025-09-19 18:58:05,334 - music_tracker - INFO - Saving songs to database...
2025-09-19 18:58:05,691 - music_tracker - INFO - Successfully saved 5 songs to database
2025-09-19 18:58:05,693 - music_tracker - INFO - Successfully saved 5 songs to database
2025-09-19 18:58:05,693 - music_tracker - INFO - Song collection completed successfully
2025-09-19 19:58:02,631 - music_tracker - INFO - SpotiSpy song collection starting...
2025-09-19 19:58:02,632 - music_tracker - INFO - Starting song collection (last 1 hours)
2025-09-19 19:58:02,632 - music_tracker - INFO - Fetching recent tracks from Spotify...
2025-09-19 19:58:02,999 - music_tracker - INFO - No recent songs found from Spotify
2025-09-19 19:58:03,001 - music_tracker - INFO - No new songs found from Spotify API
2025-09-19 19:58:03,002 - music_tracker - INFO - Song collection completed successfully
2025-09-19 20:58:02,939 - music_tracker - INFO - SpotiSpy song collection starting...
2025-09-19 20:58:02,940 - music_tracker - INFO - Starting song collection (last 1 hours)
2025-09-19 20:58:02,941 - music_tracker - INFO - Fetching recent tracks from Spotify...
2025-09-19 20:58:03,316 - music_tracker - INFO - No recent songs found from Spotify
2025-09-19 20:58:03,318 - music_tracker - INFO - No new songs found from Spotify API
2025-09-19 20:58:03,319 - music_tracker - INFO - Song collection completed successfully
2025-09-19 21:58:03,259 - music_tracker - INFO - SpotiSpy song collection starting...
2025-09-19 21:58:03,260 - music_tracker - INFO - Starting song collection (last 1 hours)
2025-09-19 21:58:03,261 - music_tracker - INFO - Fetching recent tracks from Spotify...
2025-09-19 21:58:03,794 - music_tracker - INFO - Fetched 2 songs from Spotify
2025-09-19 21:58:03,797 - music_tracker - INFO - Found 2 songs from Spotify API
2025-09-19 21:58:03,797 - music_tracker - INFO - Checking for duplicates in database...
2025-09-19 21:58:04,752 - music_tracker - INFO - Found 2 new songs out of 2 total
2025-09-19 21:58:04,754 - music_tracker - INFO - Found 2 new songs to save
2025-09-19 21:58:04,755 - music_tracker - INFO - Saving songs to database...
2025-09-19 21:58:05,112 - music_tracker - INFO - Successfully saved 2 songs to database
2025-09-19 21:58:05,114 - music_tracker - INFO - Successfully saved 2 songs to database
2025-09-19 21:58:05,114 - music_tracker - INFO - Song collection completed successfully
2025-09-19 22:58:03,025 - music_tracker - INFO - SpotiSpy song collection starting...
2025-09-19 22:58:03,026 - music_tracker - INFO - Starting song collection (last 1 hours)
2025-09-19 22:58:03,027 - music_tracker - INFO - Fetching recent tracks from Spotify...
2025-09-19 22:58:08,526 - music_tracker - INFO - No recent songs found from Spotify
2025-09-19 22:58:08,529 - music_tracker - INFO - No new songs found from Spotify API
2025-09-19 22:58:08,530 - music_tracker - INFO - Song collection completed successfully
2025-09-19 23:58:03,442 - music_tracker - INFO - SpotiSpy song collection starting...
2025-09-19 23:58:03,443 - music_tracker - INFO - Starting song collection (last 1 hours)
2025-09-19 23:58:03,444 - music_tracker - INFO - Fetching recent tracks from Spotify...
2025-09-19 23:58:03,864 - music_tracker - INFO - Fetched 2 songs from Spotify
2025-09-19 23:58:03,866 - music_tracker - INFO - Found 2 songs from Spotify API
2025-09-19 23:58:03,867 - music_tracker - INFO - Checking for duplicates in database...
2025-09-19 23:58:04,603 - music_tracker - INFO - Found 2 new songs out of 2 total
2025-09-19 23:58:04,606 - music_tracker - INFO - Found 2 new songs to save
2025-09-19 23:58:04,606 - music_tracker - INFO - Saving songs to database...
2025-09-19 23:58:04,903 - music_tracker - INFO - Successfully saved 2 songs to database
2025-09-19 23:58:04,905 - music_tracker - INFO - Successfully saved 2 songs to database
2025-09-19 23:58:04,906 - music_tracker - INFO - Song collection completed successfully
