2025-10-19 00:58:02,754 - music_tracker - INFO - SpotiSpy song collection starting...
2025-10-19 00:58:02,755 - music_tracker - INFO - Starting song collection (last 1 hours)
2025-10-19 00:58:02,756 - music_tracker - INFO - Fetching recent tracks from Spotify...
2025-10-19 00:58:03,113 - music_tracker - INFO - No recent songs found from Spotify
2025-10-19 00:58:03,115 - music_tracker - INFO - No new songs found from Spotify API
2025-10-19 00:58:03,116 - music_tracker - INFO - Song collection completed successfully
2025-10-19 01:58:03,004 - music_tracker - INFO - SpotiSpy song collection starting...
2025-10-19 01:58:03,004 - music_tracker - INFO - Starting song collection (last 1 hours)
2025-10-19 01:58:03,005 - music_tracker - INFO - Fetching recent tracks from Spotify...
2025-10-19 01:58:03,365 - music_tracker - INFO - No recent songs found from Spotify
2025-10-19 01:58:03,367 - music_tracker - INFO - No new songs found from Spotify API
2025-10-19 01:58:03,368 - music_tracker - INFO - Song collection completed successfully
2025-10-19 02:58:03,289 - music_tracker - INFO - SpotiSpy song collection starting...
2025-10-19 02:58:03,290 - music_tracker - INFO - Starting song collection (last 1 hours)
2025-10-19 02:58:03,290 - music_tracker - INFO - Fetching recent tracks from Spotify...
2025-10-19 02:58:03,749 - music_tracker - INFO - No recent songs found from Spotify
2025-10-19 02:58:03,751 - music_tracker - INFO - No new songs found from Spotify API
2025-10-19 02:58:03,751 - music_tracker - INFO - Song collection completed successfully
2025-10-19 03:58:02,853 - music_tracker - INFO - SpotiSpy song collection starting...
2025-10-19 03:58:02,854 - music_tracker - INFO - Starting song collection (last 1 hours)
2025-10-19 03:58:02,855 - music_tracker - INFO - Fetching recent tracks from Spotify...
2025-10-19 03:58:03,210 - music_tracker - INFO - No recent songs found from Spotify
2025-10-19 03:58:03,212 - music_tracker - INFO - No new songs found from Spotify API
2025-10-19 03:58:03,213 - music_tracker - INFO - Song collection completed successfully
2025-10-19 04:58:03,222 - music_tracker - INFO - SpotiSpy song collection starting...
2025-10-19 04:58:03,222 - music_tracker - INFO - Starting song collection (last 1 hours)
2025-10-19 04:58:03,223 - music_tracker - INFO - Fetching recent tracks from Spotify...
2025-10-19 04:58:03,597 - music_tracker - INFO - No recent songs found from Spotify
2025-10-19 04:58:03,599 - music_tracker - INFO - No new songs found from Spotify API
2025-10-19 04:58:03,600 - music_tracker - INFO - Song collection completed successfully
2025-10-19 05:58:03,501 - music_tracker - INFO - SpotiSpy song collection starting...
2025-10-19 05:58:03,502 - music_tracker - INFO - Starting song collection (last 1 hours)
2025-10-19 05:58:03,502 - music_tracker - INFO - Fetching recent tracks from Spotify...
2025-10-19 05:58:03,852 - music_tracker - INFO - No recent songs found from Spotify
2025-10-19 05:58:03,854 - music_tracker - INFO - No new songs found from Spotify API
2025-10-19 05:58:03,855 - music_tracker - INFO - Song collection completed successfully
2025-10-19 06:58:02,844 - music_tracker - INFO - SpotiSpy song collection starting...
2025-10-19 06:58:02,846 - music_tracker - INFO - Starting song collection (last 1 hours)
2025-10-19 06:58:02,847 - music_tracker - INFO - Fetching recent tracks from Spotify...
2025-10-19 06:58:03,213 - music_tracker - INFO - No recent songs found from Spotify
2025-10-19 06:58:03,216 - music_tracker - INFO - No new songs found from Spotify API
2025-10-19 06:58:03,216 - music_tracker - INFO - Song collection completed successfully
2025-10-19 07:58:03,106 - music_tracker - INFO - SpotiSpy song collection starting...
2025-10-19 07:58:03,106 - music_tracker - INFO - Starting song collection (last 1 hours)
2025-10-19 07:58:03,107 - music_tracker - INFO - Fetching recent tracks from Spotify...
2025-10-19 07:58:03,460 - music_tracker - INFO - No recent songs found from Spotify
2025-10-19 07:58:03,462 - music_tracker - INFO - No new songs found from Spotify API
2025-10-19 07:58:03,462 - music_tracker - INFO - Song collection completed successfully
2025-10-19 08:58:03,364 - music_tracker - INFO - SpotiSpy song collection starting...
2025-10-19 08:58:03,365 - music_tracker - INFO - Starting song collection (last 1 hours)
2025-10-19 08:58:03,366 - music_tracker - INFO - Fetching recent tracks from Spotify...
2025-10-19 08:58:03,749 - music_tracker - INFO - No recent songs found from Spotify
2025-10-19 08:58:03,751 - music_tracker - INFO - No new songs found from Spotify API
2025-10-19 08:58:03,752 - music_tracker - INFO - Song collection completed successfully
2025-10-19 09:00:13,312 - music_tracker - INFO - SpotiSpy starting...
2025-10-19 09:00:13,313 - music_tracker - INFO - Starting daily SpotiSpy analysis
2025-10-19 09:00:13,313 - music_tracker - INFO - Fetching yesterday's listening data...
2025-10-19 09:00:13,941 - music_tracker - INFO - Fetched 45 songs from database
2025-10-19 09:00:13,943 - music_tracker - INFO - Found 45 songs to analyze
2025-10-19 09:00:13,944 - music_tracker - INFO - Running analysis...
2025-10-19 09:00:13,951 - music_tracker - INFO - Sending daily summary to Slack...
2025-10-19 09:00:37,407 - music_tracker - INFO - Message sent successfully to Slack
2025-10-19 09:00:37,408 - music_tracker - INFO - Daily analysis completed successfully!
2025-10-19 09:00:37,408 - music_tracker - INFO - Running weekly summary...
2025-10-19 09:00:37,409 - music_tracker - INFO - Generating weekly summary...
2025-10-19 09:00:37,419 - music_tracker - INFO - Starting comprehensive weekly analysis
2025-10-19 09:00:37,639 - music_tracker - INFO - Fetched 6 songs for date 2025-10-19
2025-10-19 09:00:37,641 - music_tracker - INFO - Date 2025-10-19: 6 songs
2025-10-19 09:00:37,992 - music_tracker - INFO - Fetched 72 songs for date 2025-10-18
2025-10-19 09:00:37,994 - music_tracker - INFO - Date 2025-10-18: 72 songs
2025-10-19 09:00:38,257 - music_tracker - INFO - Fetched 144 songs for date 2025-10-17
2025-10-19 09:00:38,259 - music_tracker - INFO - Date 2025-10-17: 144 songs
2025-10-19 09:00:38,522 - music_tracker - INFO - Fetched 104 songs for date 2025-10-16
2025-10-19 09:00:38,524 - music_tracker - INFO - Date 2025-10-16: 104 songs
2025-10-19 09:00:38,764 - music_tracker - INFO - Fetched 70 songs for date 2025-10-15
2025-10-19 09:00:38,766 - music_tracker - INFO - Date 2025-10-15: 70 songs
2025-10-19 09:00:39,003 - music_tracker - INFO - Fetched 147 songs for date 2025-10-14
2025-10-19 09:00:39,004 - music_tracker - INFO - Date 2025-10-14: 147 songs
2025-10-19 09:00:39,289 - music_tracker - INFO - Fetched 171 songs for date 2025-10-13
2025-10-19 09:00:39,291 - music_tracker - INFO - Date 2025-10-13: 171 songs
2025-10-19 09:00:40,038 - music_tracker - INFO - Message sent successfully to Slack
2025-10-19 09:00:40,041 - music_tracker - INFO - SpotiSpy completed successfully
2025-10-19 09:58:04,089 - music_tracker - INFO - SpotiSpy song collection starting...
2025-10-19 09:58:04,090 - music_tracker - INFO - Starting song collection (last 1 hours)
2025-10-19 09:58:04,091 - music_tracker - INFO - Fetching recent tracks from Spotify...
2025-10-19 09:58:04,532 - music_tracker - INFO - No recent songs found from Spotify
2025-10-19 09:58:04,534 - music_tracker - INFO - No new songs found from Spotify API
2025-10-19 09:58:04,535 - music_tracker - INFO - Song collection completed successfully
2025-10-19 10:58:03,487 - music_tracker - INFO - SpotiSpy song collection starting...
2025-10-19 10:58:03,488 - music_tracker - INFO - Starting song collection (last 1 hours)
2025-10-19 10:58:03,489 - music_tracker - INFO - Fetching recent tracks from Spotify...
2025-10-19 10:58:04,345 - music_tracker - INFO - Fetched 5 songs from Spotify
2025-10-19 10:58:04,349 - music_tracker - INFO - Found 5 songs from Spotify API
2025-10-19 10:58:04,350 - music_tracker - INFO - Checking for duplicates in database...
2025-10-19 10:58:05,835 - music_tracker - INFO - Found 5 new songs out of 5 total
2025-10-19 10:58:05,837 - music_tracker - INFO - Found 5 new songs to save
2025-10-19 10:58:05,838 - music_tracker - INFO - Saving songs to database...
2025-10-19 10:58:06,224 - music_tracker - INFO - Successfully saved 5 songs to database
2025-10-19 10:58:06,227 - music_tracker - INFO - Successfully saved 5 songs to database
2025-10-19 10:58:06,227 - music_tracker - INFO - Song collection completed successfully
2025-10-19 11:58:03,156 - music_tracker - INFO - SpotiSpy song collection starting...
2025-10-19 11:58:03,156 - music_tracker - INFO - Starting song collection (last 1 hours)
2025-10-19 11:58:03,157 - music_tracker - INFO - Fetching recent tracks from Spotify...
2025-10-19 11:58:03,496 - music_tracker - INFO - No recent songs found from Spotify
2025-10-19 11:58:03,498 - music_tracker - INFO - No new songs found from Spotify API
2025-10-19 11:58:03,498 - music_tracker - INFO - Song collection completed successfully
2025-10-19 12:58:03,396 - music_tracker - INFO - SpotiSpy song collection starting...
2025-10-19 12:58:03,396 - music_tracker - INFO - Starting song collection (last 1 hours)
2025-10-19 12:58:03,397 - music_tracker - INFO - Fetching recent tracks from Spotify...
2025-10-19 12:58:03,816 - music_tracker - INFO - No recent songs found from Spotify
2025-10-19 12:58:03,818 - music_tracker - INFO - No new songs found from Spotify API
2025-10-19 12:58:03,819 - music_tracker - INFO - Song collection completed successfully
2025-10-19 13:58:02,706 - music_tracker - INFO - SpotiSpy song collection starting...
2025-10-19 13:58:02,706 - music_tracker - INFO - Starting song collection (last 1 hours)
2025-10-19 13:58:02,707 - music_tracker - INFO - Fetching recent tracks from Spotify...
2025-10-19 13:58:03,089 - music_tracker - INFO - No recent songs found from Spotify
2025-10-19 13:58:03,091 - music_tracker - INFO - No new songs found from Spotify API
2025-10-19 13:58:03,091 - music_tracker - INFO - Song collection completed successfully
2025-10-19 14:58:03,054 - music_tracker - INFO - SpotiSpy song collection starting...
2025-10-19 14:58:03,055 - music_tracker - INFO - Starting song collection (last 1 hours)
2025-10-19 14:58:03,056 - music_tracker - INFO - Fetching recent tracks from Spotify...
2025-10-19 14:58:03,535 - music_tracker - INFO - Fetched 4 songs from Spotify
2025-10-19 14:58:03,537 - music_tracker - INFO - Found 4 songs from Spotify API
2025-10-19 14:58:03,538 - music_tracker - INFO - Checking for duplicates in database...
2025-10-19 14:58:05,160 - music_tracker - INFO - Found 4 new songs out of 4 total
2025-10-19 14:58:05,162 - music_tracker - INFO - Found 4 new songs to save
2025-10-19 14:58:05,163 - music_tracker - INFO - Saving songs to database...
2025-10-19 14:58:05,466 - music_tracker - INFO - Successfully saved 4 songs to database
2025-10-19 14:58:05,468 - music_tracker - INFO - Successfully saved 4 songs to database
2025-10-19 14:58:05,469 - music_tracker - INFO - Song collection completed successfully
2025-10-19 15:58:03,880 - music_tracker - INFO - SpotiSpy song collection starting...
2025-10-19 15:58:03,882 - music_tracker - INFO - Starting song collection (last 1 hours)
2025-10-19 15:58:03,883 - music_tracker - INFO - Fetching recent tracks from Spotify...
2025-10-19 15:58:04,364 - music_tracker - INFO - Fetched 4 songs from Spotify
2025-10-19 15:58:04,366 - music_tracker - INFO - Found 4 songs from Spotify API
2025-10-19 15:58:04,367 - music_tracker - INFO - Checking for duplicates in database...
2025-10-19 15:58:05,664 - music_tracker - INFO - Found 4 new songs out of 4 total
2025-10-19 15:58:05,666 - music_tracker - INFO - Found 4 new songs to save
2025-10-19 15:58:05,667 - music_tracker - INFO - Saving songs to database...
2025-10-19 15:58:05,936 - music_tracker - INFO - Successfully saved 4 songs to database
2025-10-19 15:58:05,938 - music_tracker - INFO - Successfully saved 4 songs to database
2025-10-19 15:58:05,939 - music_tracker - INFO - Song collection completed successfully
2025-10-19 16:58:03,039 - music_tracker - INFO - SpotiSpy song collection starting...
2025-10-19 16:58:03,039 - music_tracker - INFO - Starting song collection (last 1 hours)
2025-10-19 16:58:03,040 - music_tracker - INFO - Fetching recent tracks from Spotify...
2025-10-19 16:58:03,384 - music_tracker - INFO - No recent songs found from Spotify
2025-10-19 16:58:03,387 - music_tracker - INFO - No new songs found from Spotify API
2025-10-19 16:58:03,387 - music_tracker - INFO - Song collection completed successfully
2025-10-19 17:58:03,287 - music_tracker - INFO - SpotiSpy song collection starting...
2025-10-19 17:58:03,287 - music_tracker - INFO - Starting song collection (last 1 hours)
2025-10-19 17:58:03,288 - music_tracker - INFO - Fetching recent tracks from Spotify...
2025-10-19 17:58:03,674 - music_tracker - INFO - No recent songs found from Spotify
2025-10-19 17:58:03,676 - music_tracker - INFO - No new songs found from Spotify API
2025-10-19 17:58:03,676 - music_tracker - INFO - Song collection completed successfully
2025-10-19 18:58:03,565 - music_tracker - INFO - SpotiSpy song collection starting...
2025-10-19 18:58:03,566 - music_tracker - INFO - Starting song collection (last 1 hours)
2025-10-19 18:58:03,566 - music_tracker - INFO - Fetching recent tracks from Spotify...
2025-10-19 18:58:03,959 - music_tracker - INFO - No recent songs found from Spotify
2025-10-19 18:58:03,961 - music_tracker - INFO - No new songs found from Spotify API
2025-10-19 18:58:03,962 - music_tracker - INFO - Song collection completed successfully
2025-10-19 19:58:02,864 - music_tracker - INFO - SpotiSpy song collection starting...
2025-10-19 19:58:02,864 - music_tracker - INFO - Starting song collection (last 1 hours)
2025-10-19 19:58:02,865 - music_tracker - INFO - Fetching recent tracks from Spotify...
2025-10-19 19:58:03,337 - music_tracker - INFO - No recent songs found from Spotify
2025-10-19 19:58:03,339 - music_tracker - INFO - No new songs found from Spotify API
2025-10-19 19:58:03,339 - music_tracker - INFO - Song collection completed successfully
2025-10-19 20:58:03,233 - music_tracker - INFO - SpotiSpy song collection starting...
2025-10-19 20:58:03,234 - music_tracker - INFO - Starting song collection (last 1 hours)
2025-10-19 20:58:03,234 - music_tracker - INFO - Fetching recent tracks from Spotify...
2025-10-19 20:58:03,677 - music_tracker - INFO - No recent songs found from Spotify
2025-10-19 20:58:03,679 - music_tracker - INFO - No new songs found from Spotify API
2025-10-19 20:58:03,679 - music_tracker - INFO - Song collection completed successfully
2025-10-19 21:58:03,589 - music_tracker - INFO - SpotiSpy song collection starting...
2025-10-19 21:58:03,590 - music_tracker - INFO - Starting song collection (last 1 hours)
2025-10-19 21:58:03,591 - music_tracker - INFO - Fetching recent tracks from Spotify...
2025-10-19 21:58:03,997 - music_tracker - INFO - Fetched 3 songs from Spotify
2025-10-19 21:58:04,000 - music_tracker - INFO - Found 3 songs from Spotify API
2025-10-19 21:58:04,000 - music_tracker - INFO - Checking for duplicates in database...
2025-10-19 21:58:05,640 - music_tracker - INFO - Found 3 new songs out of 3 total
2025-10-19 21:58:05,642 - music_tracker - INFO - Found 3 new songs to save
2025-10-19 21:58:05,643 - music_tracker - INFO - Saving songs to database...
2025-10-19 21:58:05,897 - music_tracker - INFO - Successfully saved 3 songs to database
2025-10-19 21:58:05,898 - music_tracker - INFO - Successfully saved 3 songs to database
2025-10-19 21:58:05,899 - music_tracker - INFO - Song collection completed successfully
2025-10-19 22:58:02,790 - music_tracker - INFO - SpotiSpy song collection starting...
2025-10-19 22:58:02,790 - music_tracker - INFO - Starting song collection (last 1 hours)
2025-10-19 22:58:02,791 - music_tracker - INFO - Fetching recent tracks from Spotify...
2025-10-19 22:58:03,135 - music_tracker - INFO - No recent songs found from Spotify
2025-10-19 22:58:03,137 - music_tracker - INFO - No new songs found from Spotify API
2025-10-19 22:58:03,138 - music_tracker - INFO - Song collection completed successfully
2025-10-19 23:58:03,032 - music_tracker - INFO - SpotiSpy song collection starting...
2025-10-19 23:58:03,033 - music_tracker - INFO - Starting song collection (last 1 hours)
2025-10-19 23:58:03,034 - music_tracker - INFO - Fetching recent tracks from Spotify...
2025-10-19 23:58:03,375 - music_tracker - INFO - No recent songs found from Spotify
2025-10-19 23:58:03,377 - music_tracker - INFO - No new songs found from Spotify API
2025-10-19 23:58:03,378 - music_tracker - INFO - Song collection completed successfully
