2025-11-11 00:58:03,175 - music_tracker - INFO - SpotiSpy song collection starting...
2025-11-11 00:58:03,176 - music_tracker - INFO - Starting song collection (last 1 hours)
2025-11-11 00:58:03,177 - music_tracker - INFO - Fetching recent tracks from Spotify...
2025-11-11 00:58:03,547 - music_tracker - INFO - No recent songs found from Spotify
2025-11-11 00:58:03,549 - music_tracker - INFO - No new songs found from Spotify API
2025-11-11 00:58:03,550 - music_tracker - INFO - Song collection completed successfully
2025-11-11 01:58:03,438 - music_tracker - INFO - SpotiSpy song collection starting...
2025-11-11 01:58:03,439 - music_tracker - INFO - Starting song collection (last 1 hours)
2025-11-11 01:58:03,439 - music_tracker - INFO - Fetching recent tracks from Spotify...
2025-11-11 01:58:03,809 - music_tracker - INFO - No recent songs found from Spotify
2025-11-11 01:58:03,811 - music_tracker - INFO - No new songs found from Spotify API
2025-11-11 01:58:03,812 - music_tracker - INFO - Song collection completed successfully
2025-11-11 02:58:02,700 - music_tracker - INFO - SpotiSpy song collection starting...
2025-11-11 02:58:02,700 - music_tracker - INFO - Starting song collection (last 1 hours)
2025-11-11 02:58:02,701 - music_tracker - INFO - Fetching recent tracks from Spotify...
2025-11-11 02:58:03,067 - music_tracker - INFO - No recent songs found from Spotify
2025-11-11 02:58:03,069 - music_tracker - INFO - No new songs found from Spotify API
2025-11-11 02:58:03,070 - music_tracker - INFO - Song collection completed successfully
2025-11-11 03:58:03,005 - music_tracker - INFO - SpotiSpy song collection starting...
2025-11-11 03:58:03,005 - music_tracker - INFO - Starting song collection (last 1 hours)
2025-11-11 03:58:03,006 - music_tracker - INFO - Fetching recent tracks from Spotify...
2025-11-11 03:58:03,348 - music_tracker - INFO - No recent songs found from Spotify
2025-11-11 03:58:03,350 - music_tracker - INFO - No new songs found from Spotify API
2025-11-11 03:58:03,351 - music_tracker - INFO - Song collection completed successfully
2025-11-11 04:58:03,247 - music_tracker - INFO - SpotiSpy song collection starting...
2025-11-11 04:58:03,247 - music_tracker - INFO - Starting song collection (last 1 hours)
2025-11-11 04:58:03,248 - music_tracker - INFO - Fetching recent tracks from Spotify...
2025-11-11 04:58:03,597 - music_tracker - INFO - No recent songs found from Spotify
2025-11-11 04:58:03,599 - music_tracker - INFO - No new songs found from Spotify API
2025-11-11 04:58:03,600 - music_tracker - INFO - Song collection completed successfully
2025-11-11 05:58:03,564 - music_tracker - INFO - SpotiSpy song collection starting...
2025-11-11 05:58:03,564 - music_tracker - INFO - Starting song collection (last 1 hours)
2025-11-11 05:58:03,565 - music_tracker - INFO - Fetching recent tracks from Spotify...
2025-11-11 05:58:09,002 - music_tracker - INFO - No recent songs found from Spotify
2025-11-11 05:58:09,004 - music_tracker - INFO - No new songs found from Spotify API
2025-11-11 05:58:09,005 - music_tracker - INFO - Song collection completed successfully
2025-11-11 06:58:02,957 - music_tracker - INFO - SpotiSpy song collection starting...
2025-11-11 06:58:02,957 - music_tracker - INFO - Starting song collection (last 1 hours)
2025-11-11 06:58:02,958 - music_tracker - INFO - Fetching recent tracks from Spotify...
2025-11-11 06:58:03,320 - music_tracker - INFO - No recent songs found from Spotify
2025-11-11 06:58:03,322 - music_tracker - INFO - No new songs found from Spotify API
2025-11-11 06:58:03,323 - music_tracker - INFO - Song collection completed successfully
2025-11-11 07:58:03,232 - music_tracker - INFO - SpotiSpy song collection starting...
2025-11-11 07:58:03,232 - music_tracker - INFO - Starting song collection (last 1 hours)
2025-11-11 07:58:03,233 - music_tracker - INFO - Fetching recent tracks from Spotify...
2025-11-11 07:58:03,601 - music_tracker - INFO - No recent songs found from Spotify
2025-11-11 07:58:03,603 - music_tracker - INFO - No new songs found from Spotify API
2025-11-11 07:58:03,604 - music_tracker - INFO - Song collection completed successfully
2025-11-11 08:58:03,765 - music_tracker - INFO - SpotiSpy song collection starting...
2025-11-11 08:58:03,767 - music_tracker - INFO - Starting song collection (last 1 hours)
2025-11-11 08:58:03,768 - music_tracker - INFO - Fetching recent tracks from Spotify...
2025-11-11 08:58:04,137 - music_tracker - INFO - No recent songs found from Spotify
2025-11-11 08:58:04,139 - music_tracker - INFO - No new songs found from Spotify API
2025-11-11 08:58:04,140 - music_tracker - INFO - Song collection completed successfully
2025-11-11 09:00:12,631 - music_tracker - INFO - SpotiSpy starting...
2025-11-11 09:00:12,632 - music_tracker - INFO - Starting daily SpotiSpy analysis
2025-11-11 09:00:12,637 - music_tracker - INFO - Fetching yesterday's listening data...
2025-11-11 09:00:14,486 - music_tracker - INFO - Fetched 91 songs from database
2025-11-11 09:00:14,489 - music_tracker - INFO - Found 91 songs to analyze
2025-11-11 09:00:14,490 - music_tracker - INFO - Running analysis...
2025-11-11 09:00:14,501 - music_tracker - INFO - Sending daily summary to Slack...
2025-11-11 09:00:15,427 - music_tracker - INFO - Message sent successfully to Slack
2025-11-11 09:00:15,427 - music_tracker - INFO - Daily analysis completed successfully!
2025-11-11 09:00:15,428 - music_tracker - INFO - SpotiSpy completed successfully
2025-11-11 09:58:03,343 - music_tracker - INFO - SpotiSpy song collection starting...
2025-11-11 09:58:03,344 - music_tracker - INFO - Starting song collection (last 1 hours)
2025-11-11 09:58:03,344 - music_tracker - INFO - Fetching recent tracks from Spotify...
2025-11-11 09:58:03,901 - music_tracker - INFO - Fetched 13 songs from Spotify
2025-11-11 09:58:03,904 - music_tracker - INFO - Found 13 songs from Spotify API
2025-11-11 09:58:03,904 - music_tracker - INFO - Checking for duplicates in database...
2025-11-11 09:58:05,324 - music_tracker - INFO - Found 13 new songs out of 13 total
2025-11-11 09:58:05,327 - music_tracker - INFO - Found 13 new songs to save
2025-11-11 09:58:05,328 - music_tracker - INFO - Saving songs to database...
2025-11-11 09:58:05,785 - music_tracker - INFO - Successfully saved 13 songs to database
2025-11-11 09:58:05,787 - music_tracker - INFO - Successfully saved 13 songs to database
2025-11-11 09:58:05,788 - music_tracker - INFO - Song collection completed successfully
2025-11-11 10:58:02,703 - music_tracker - INFO - SpotiSpy song collection starting...
2025-11-11 10:58:02,704 - music_tracker - INFO - Starting song collection (last 1 hours)
2025-11-11 10:58:02,704 - music_tracker - INFO - Fetching recent tracks from Spotify...
2025-11-11 10:58:03,304 - music_tracker - INFO - Fetched 20 songs from Spotify
2025-11-11 10:58:03,307 - music_tracker - INFO - Found 20 songs from Spotify API
2025-11-11 10:58:03,307 - music_tracker - INFO - Checking for duplicates in database...
2025-11-11 10:58:04,828 - music_tracker - INFO - Found 20 new songs out of 20 total
2025-11-11 10:58:04,831 - music_tracker - INFO - Found 20 new songs to save
2025-11-11 10:58:04,832 - music_tracker - INFO - Saving songs to database...
2025-11-11 10:58:05,263 - music_tracker - INFO - Successfully saved 20 songs to database
2025-11-11 10:58:05,265 - music_tracker - INFO - Successfully saved 20 songs to database
2025-11-11 10:58:05,266 - music_tracker - INFO - Song collection completed successfully
2025-11-11 11:58:03,187 - music_tracker - INFO - SpotiSpy song collection starting...
2025-11-11 11:58:03,188 - music_tracker - INFO - Starting song collection (last 1 hours)
2025-11-11 11:58:03,188 - music_tracker - INFO - Fetching recent tracks from Spotify...
2025-11-11 11:58:03,660 - music_tracker - INFO - Fetched 13 songs from Spotify
2025-11-11 11:58:03,663 - music_tracker - INFO - Found 13 songs from Spotify API
2025-11-11 11:58:03,663 - music_tracker - INFO - Checking for duplicates in database...
2025-11-11 11:58:05,060 - music_tracker - INFO - Found 13 new songs out of 13 total
2025-11-11 11:58:05,062 - music_tracker - INFO - Found 13 new songs to save
2025-11-11 11:58:05,063 - music_tracker - INFO - Saving songs to database...
2025-11-11 11:58:05,491 - music_tracker - INFO - Successfully saved 13 songs to database
2025-11-11 11:58:05,493 - music_tracker - INFO - Successfully saved 13 songs to database
2025-11-11 11:58:05,493 - music_tracker - INFO - Song collection completed successfully
2025-11-11 12:58:03,539 - music_tracker - INFO - SpotiSpy song collection starting...
2025-11-11 12:58:03,540 - music_tracker - INFO - Starting song collection (last 1 hours)
2025-11-11 12:58:03,541 - music_tracker - INFO - Fetching recent tracks from Spotify...
2025-11-11 12:58:04,184 - music_tracker - INFO - No recent songs found from Spotify
2025-11-11 12:58:04,187 - music_tracker - INFO - No new songs found from Spotify API
2025-11-11 12:58:04,187 - music_tracker - INFO - Song collection completed successfully
2025-11-11 13:58:03,093 - music_tracker - INFO - SpotiSpy song collection starting...
2025-11-11 13:58:03,094 - music_tracker - INFO - Starting song collection (last 1 hours)
2025-11-11 13:58:03,095 - music_tracker - INFO - Fetching recent tracks from Spotify...
2025-11-11 13:58:03,624 - music_tracker - INFO - Fetched 2 songs from Spotify
2025-11-11 13:58:03,626 - music_tracker - INFO - Found 2 songs from Spotify API
2025-11-11 13:58:03,627 - music_tracker - INFO - Checking for duplicates in database...
2025-11-11 13:58:05,135 - music_tracker - INFO - Found 2 new songs out of 2 total
2025-11-11 13:58:05,138 - music_tracker - INFO - Found 2 new songs to save
2025-11-11 13:58:05,139 - music_tracker - INFO - Saving songs to database...
2025-11-11 13:58:05,562 - music_tracker - INFO - Successfully saved 2 songs to database
2025-11-11 13:58:05,564 - music_tracker - INFO - Successfully saved 2 songs to database
2025-11-11 13:58:05,564 - music_tracker - INFO - Song collection completed successfully
2025-11-11 14:58:03,468 - music_tracker - INFO - SpotiSpy song collection starting...
2025-11-11 14:58:03,470 - music_tracker - INFO - Starting song collection (last 1 hours)
2025-11-11 14:58:03,470 - music_tracker - INFO - Fetching recent tracks from Spotify...
2025-11-11 14:58:03,960 - music_tracker - INFO - Fetched 8 songs from Spotify
2025-11-11 14:58:03,963 - music_tracker - INFO - Found 8 songs from Spotify API
2025-11-11 14:58:03,963 - music_tracker - INFO - Checking for duplicates in database...
2025-11-11 14:58:05,494 - music_tracker - INFO - Found 8 new songs out of 8 total
2025-11-11 14:58:05,496 - music_tracker - INFO - Found 8 new songs to save
2025-11-11 14:58:05,497 - music_tracker - INFO - Saving songs to database...
2025-11-11 14:58:05,909 - music_tracker - INFO - Successfully saved 8 songs to database
2025-11-11 14:58:05,911 - music_tracker - INFO - Successfully saved 8 songs to database
2025-11-11 14:58:05,912 - music_tracker - INFO - Song collection completed successfully
2025-11-11 15:58:02,842 - music_tracker - INFO - SpotiSpy song collection starting...
2025-11-11 15:58:02,842 - music_tracker - INFO - Starting song collection (last 1 hours)
2025-11-11 15:58:02,843 - music_tracker - INFO - Fetching recent tracks from Spotify...
2025-11-11 15:58:03,358 - music_tracker - INFO - Fetched 9 songs from Spotify
2025-11-11 15:58:03,361 - music_tracker - INFO - Found 9 songs from Spotify API
2025-11-11 15:58:03,362 - music_tracker - INFO - Checking for duplicates in database...
2025-11-11 15:58:04,942 - music_tracker - INFO - Found 9 new songs out of 9 total
2025-11-11 15:58:04,945 - music_tracker - INFO - Found 9 new songs to save
2025-11-11 15:58:04,945 - music_tracker - INFO - Saving songs to database...
2025-11-11 15:58:05,264 - music_tracker - INFO - Successfully saved 9 songs to database
2025-11-11 15:58:05,266 - music_tracker - INFO - Successfully saved 9 songs to database
2025-11-11 15:58:05,267 - music_tracker - INFO - Song collection completed successfully
2025-11-11 16:58:03,178 - music_tracker - INFO - SpotiSpy song collection starting...
2025-11-11 16:58:03,178 - music_tracker - INFO - Starting song collection (last 1 hours)
2025-11-11 16:58:03,179 - music_tracker - INFO - Fetching recent tracks from Spotify...
2025-11-11 16:58:03,962 - music_tracker - INFO - Fetched 9 songs from Spotify
2025-11-11 16:58:03,966 - music_tracker - INFO - Found 9 songs from Spotify API
2025-11-11 16:58:03,967 - music_tracker - INFO - Checking for duplicates in database...
2025-11-11 16:58:05,423 - music_tracker - INFO - Found 9 new songs out of 9 total
2025-11-11 16:58:05,425 - music_tracker - INFO - Found 9 new songs to save
2025-11-11 16:58:05,426 - music_tracker - INFO - Saving songs to database...
2025-11-11 16:58:05,837 - music_tracker - INFO - Successfully saved 9 songs to database
2025-11-11 16:58:05,839 - music_tracker - INFO - Successfully saved 9 songs to database
2025-11-11 16:58:05,840 - music_tracker - INFO - Song collection completed successfully
2025-11-11 17:58:02,812 - music_tracker - INFO - SpotiSpy song collection starting...
2025-11-11 17:58:02,813 - music_tracker - INFO - Starting song collection (last 1 hours)
2025-11-11 17:58:02,813 - music_tracker - INFO - Fetching recent tracks from Spotify...
2025-11-11 17:58:03,258 - music_tracker - INFO - Fetched 10 songs from Spotify
2025-11-11 17:58:03,261 - music_tracker - INFO - Found 10 songs from Spotify API
2025-11-11 17:58:03,261 - music_tracker - INFO - Checking for duplicates in database...
2025-11-11 17:58:04,728 - music_tracker - INFO - Found 10 new songs out of 10 total
2025-11-11 17:58:04,731 - music_tracker - INFO - Found 10 new songs to save
2025-11-11 17:58:04,732 - music_tracker - INFO - Saving songs to database...
2025-11-11 17:58:05,069 - music_tracker - INFO - Successfully saved 10 songs to database
2025-11-11 17:58:05,071 - music_tracker - INFO - Successfully saved 10 songs to database
2025-11-11 17:58:05,072 - music_tracker - INFO - Song collection completed successfully
2025-11-11 18:58:03,073 - music_tracker - INFO - SpotiSpy song collection starting...
2025-11-11 18:58:03,074 - music_tracker - INFO - Starting song collection (last 1 hours)
2025-11-11 18:58:03,074 - music_tracker - INFO - Fetching recent tracks from Spotify...
2025-11-11 18:58:03,550 - music_tracker - INFO - Fetched 8 songs from Spotify
2025-11-11 18:58:03,553 - music_tracker - INFO - Found 8 songs from Spotify API
2025-11-11 18:58:03,553 - music_tracker - INFO - Checking for duplicates in database...
2025-11-11 18:58:05,142 - music_tracker - INFO - Found 8 new songs out of 8 total
2025-11-11 18:58:05,144 - music_tracker - INFO - Found 8 new songs to save
2025-11-11 18:58:05,145 - music_tracker - INFO - Saving songs to database...
2025-11-11 18:58:05,434 - music_tracker - INFO - Successfully saved 8 songs to database
2025-11-11 18:58:05,436 - music_tracker - INFO - Successfully saved 8 songs to database
2025-11-11 18:58:05,437 - music_tracker - INFO - Song collection completed successfully
2025-11-11 19:58:03,356 - music_tracker - INFO - SpotiSpy song collection starting...
2025-11-11 19:58:03,356 - music_tracker - INFO - Starting song collection (last 1 hours)
2025-11-11 19:58:03,357 - music_tracker - INFO - Fetching recent tracks from Spotify...
2025-11-11 19:58:04,084 - music_tracker - INFO - Fetched 19 songs from Spotify
2025-11-11 19:58:04,088 - music_tracker - INFO - Found 19 songs from Spotify API
2025-11-11 19:58:04,089 - music_tracker - INFO - Checking for duplicates in database...
2025-11-11 19:58:05,492 - music_tracker - INFO - Found 19 new songs out of 19 total
2025-11-11 19:58:05,494 - music_tracker - INFO - Found 19 new songs to save
2025-11-11 19:58:05,495 - music_tracker - INFO - Saving songs to database...
2025-11-11 19:58:05,910 - music_tracker - INFO - Successfully saved 19 songs to database
2025-11-11 19:58:05,912 - music_tracker - INFO - Successfully saved 19 songs to database
2025-11-11 19:58:05,913 - music_tracker - INFO - Song collection completed successfully
2025-11-11 20:58:02,830 - music_tracker - INFO - SpotiSpy song collection starting...
2025-11-11 20:58:02,830 - music_tracker - INFO - Starting song collection (last 1 hours)
2025-11-11 20:58:02,831 - music_tracker - INFO - Fetching recent tracks from Spotify...
2025-11-11 20:58:03,547 - music_tracker - INFO - Fetched 15 songs from Spotify
2025-11-11 20:58:03,551 - music_tracker - INFO - Found 15 songs from Spotify API
2025-11-11 20:58:03,552 - music_tracker - INFO - Checking for duplicates in database...
2025-11-11 20:58:04,957 - music_tracker - INFO - Found 15 new songs out of 15 total
2025-11-11 20:58:04,959 - music_tracker - INFO - Found 15 new songs to save
2025-11-11 20:58:04,960 - music_tracker - INFO - Saving songs to database...
2025-11-11 20:58:05,396 - music_tracker - INFO - Successfully saved 15 songs to database
2025-11-11 20:58:05,398 - music_tracker - INFO - Successfully saved 15 songs to database
2025-11-11 20:58:05,399 - music_tracker - INFO - Song collection completed successfully
2025-11-11 21:58:03,323 - music_tracker - INFO - SpotiSpy song collection starting...
2025-11-11 21:58:03,324 - music_tracker - INFO - Starting song collection (last 1 hours)
2025-11-11 21:58:03,324 - music_tracker - INFO - Fetching recent tracks from Spotify...
2025-11-11 21:58:03,722 - music_tracker - INFO - No recent songs found from Spotify
2025-11-11 21:58:03,725 - music_tracker - INFO - No new songs found from Spotify API
2025-11-11 21:58:03,725 - music_tracker - INFO - Song collection completed successfully
2025-11-11 22:58:02,637 - music_tracker - INFO - SpotiSpy song collection starting...
2025-11-11 22:58:02,637 - music_tracker - INFO - Starting song collection (last 1 hours)
2025-11-11 22:58:02,638 - music_tracker - INFO - Fetching recent tracks from Spotify...
2025-11-11 22:58:02,974 - music_tracker - INFO - No recent songs found from Spotify
2025-11-11 22:58:02,976 - music_tracker - INFO - No new songs found from Spotify API
2025-11-11 22:58:02,977 - music_tracker - INFO - Song collection completed successfully
2025-11-11 23:58:02,877 - music_tracker - INFO - SpotiSpy song collection starting...
2025-11-11 23:58:02,877 - music_tracker - INFO - Starting song collection (last 1 hours)
2025-11-11 23:58:02,878 - music_tracker - INFO - Fetching recent tracks from Spotify...
2025-11-11 23:58:03,318 - music_tracker - INFO - Fetched 1 songs from Spotify
2025-11-11 23:58:03,321 - music_tracker - INFO - Found 1 songs from Spotify API
2025-11-11 23:58:03,322 - music_tracker - INFO - Checking for duplicates in database...
2025-11-11 23:58:04,757 - music_tracker - INFO - Found 1 new songs out of 1 total
2025-11-11 23:58:04,760 - music_tracker - INFO - Found 1 new songs to save
2025-11-11 23:58:04,761 - music_tracker - INFO - Saving songs to database...
2025-11-11 23:58:05,118 - music_tracker - INFO - Successfully saved 1 songs to database
2025-11-11 23:58:05,120 - music_tracker - INFO - Successfully saved 1 songs to database
2025-11-11 23:58:05,121 - music_tracker - INFO - Song collection completed successfully
