2025-12-14 00:58:03,604 - music_tracker - INFO - SpotiSpy song collection starting...
2025-12-14 00:58:03,605 - music_tracker - INFO - Starting song collection (last 1 hours)
2025-12-14 00:58:03,606 - music_tracker - INFO - Fetching recent tracks from Spotify...
2025-12-14 00:58:04,023 - music_tracker - INFO - No recent songs found from Spotify
2025-12-14 00:58:04,025 - music_tracker - INFO - No new songs found from Spotify API
2025-12-14 00:58:04,026 - music_tracker - INFO - Song collection completed successfully
2025-12-14 01:58:03,464 - music_tracker - INFO - SpotiSpy song collection starting...
2025-12-14 01:58:03,465 - music_tracker - INFO - Starting song collection (last 1 hours)
2025-12-14 01:58:03,465 - music_tracker - INFO - Fetching recent tracks from Spotify...
2025-12-14 01:58:03,803 - music_tracker - INFO - No recent songs found from Spotify
2025-12-14 01:58:03,805 - music_tracker - INFO - No new songs found from Spotify API
2025-12-14 01:58:03,805 - music_tracker - INFO - Song collection completed successfully
2025-12-14 02:58:02,820 - music_tracker - INFO - SpotiSpy song collection starting...
2025-12-14 02:58:02,821 - music_tracker - INFO - Starting song collection (last 1 hours)
2025-12-14 02:58:02,821 - music_tracker - INFO - Fetching recent tracks from Spotify...
2025-12-14 02:58:03,249 - music_tracker - INFO - No recent songs found from Spotify
2025-12-14 02:58:03,251 - music_tracker - INFO - No new songs found from Spotify API
2025-12-14 02:58:03,252 - music_tracker - INFO - Song collection completed successfully
2025-12-14 03:58:03,275 - music_tracker - INFO - SpotiSpy song collection starting...
2025-12-14 03:58:03,275 - music_tracker - INFO - Starting song collection (last 1 hours)
2025-12-14 03:58:03,276 - music_tracker - INFO - Fetching recent tracks from Spotify...
2025-12-14 03:58:03,679 - music_tracker - INFO - No recent songs found from Spotify
2025-12-14 03:58:03,681 - music_tracker - INFO - No new songs found from Spotify API
2025-12-14 03:58:03,681 - music_tracker - INFO - Song collection completed successfully
2025-12-14 04:58:03,607 - music_tracker - INFO - SpotiSpy song collection starting...
2025-12-14 04:58:03,607 - music_tracker - INFO - Starting song collection (last 1 hours)
2025-12-14 04:58:03,608 - music_tracker - INFO - Fetching recent tracks from Spotify...
2025-12-14 04:58:03,970 - music_tracker - INFO - No recent songs found from Spotify
2025-12-14 04:58:03,972 - music_tracker - INFO - No new songs found from Spotify API
2025-12-14 04:58:03,973 - music_tracker - INFO - Song collection completed successfully
2025-12-14 05:58:02,860 - music_tracker - INFO - SpotiSpy song collection starting...
2025-12-14 05:58:02,861 - music_tracker - INFO - Starting song collection (last 1 hours)
2025-12-14 05:58:02,861 - music_tracker - INFO - Fetching recent tracks from Spotify...
2025-12-14 05:58:03,234 - music_tracker - INFO - No recent songs found from Spotify
2025-12-14 05:58:03,236 - music_tracker - INFO - No new songs found from Spotify API
2025-12-14 05:58:03,237 - music_tracker - INFO - Song collection completed successfully
2025-12-14 06:58:03,219 - music_tracker - INFO - SpotiSpy song collection starting...
2025-12-14 06:58:03,219 - music_tracker - INFO - Starting song collection (last 1 hours)
2025-12-14 06:58:03,220 - music_tracker - INFO - Fetching recent tracks from Spotify...
2025-12-14 06:58:03,597 - music_tracker - INFO - No recent songs found from Spotify
2025-12-14 06:58:03,600 - music_tracker - INFO - No new songs found from Spotify API
2025-12-14 06:58:03,600 - music_tracker - INFO - Song collection completed successfully
2025-12-14 07:58:03,501 - music_tracker - INFO - SpotiSpy song collection starting...
2025-12-14 07:58:03,501 - music_tracker - INFO - Starting song collection (last 1 hours)
2025-12-14 07:58:03,502 - music_tracker - INFO - Fetching recent tracks from Spotify...
2025-12-14 07:58:03,827 - music_tracker - INFO - No recent songs found from Spotify
2025-12-14 07:58:03,829 - music_tracker - INFO - No new songs found from Spotify API
2025-12-14 07:58:03,830 - music_tracker - INFO - Song collection completed successfully
2025-12-14 08:58:02,716 - music_tracker - INFO - SpotiSpy song collection starting...
2025-12-14 08:58:02,717 - music_tracker - INFO - Starting song collection (last 1 hours)
2025-12-14 08:58:02,717 - music_tracker - INFO - Fetching recent tracks from Spotify...
2025-12-14 08:58:03,057 - music_tracker - INFO - No recent songs found from Spotify
2025-12-14 08:58:03,059 - music_tracker - INFO - No new songs found from Spotify API
2025-12-14 08:58:03,059 - music_tracker - INFO - Song collection completed successfully
2025-12-14 09:00:13,459 - music_tracker - INFO - SpotiSpy starting...
2025-12-14 09:00:13,459 - music_tracker - INFO - Starting daily SpotiSpy analysis
2025-12-14 09:00:13,460 - music_tracker - INFO - Fetching yesterday's listening data...
2025-12-14 09:00:14,154 - music_tracker - INFO - Fetched 0 songs from database
2025-12-14 09:00:14,157 - music_tracker - WARNING - No songs found for yesterday
2025-12-14 09:00:14,158 - music_tracker - INFO - Running weekly summary...
2025-12-14 09:00:14,158 - music_tracker - INFO - Generating weekly summary...
2025-12-14 09:00:14,163 - music_tracker - INFO - Starting comprehensive weekly analysis
2025-12-14 09:00:14,423 - music_tracker - INFO - Fetched 0 songs for date 2025-12-14
2025-12-14 09:00:14,425 - music_tracker - INFO - Date 2025-12-14: 0 songs
2025-12-14 09:00:14,661 - music_tracker - INFO - Fetched 0 songs for date 2025-12-13
2025-12-14 09:00:14,663 - music_tracker - INFO - Date 2025-12-13: 0 songs
2025-12-14 09:00:14,996 - music_tracker - INFO - Fetched 0 songs for date 2025-12-12
2025-12-14 09:00:14,998 - music_tracker - INFO - Date 2025-12-12: 0 songs
2025-12-14 09:00:15,260 - music_tracker - INFO - Fetched 1 songs for date 2025-12-11
2025-12-14 09:00:15,262 - music_tracker - INFO - Date 2025-12-11: 1 songs
2025-12-14 09:00:15,573 - music_tracker - INFO - Fetched 59 songs for date 2025-12-10
2025-12-14 09:00:15,575 - music_tracker - INFO - Date 2025-12-10: 59 songs
2025-12-14 09:00:15,814 - music_tracker - INFO - Fetched 51 songs for date 2025-12-09
2025-12-14 09:00:15,816 - music_tracker - INFO - Date 2025-12-09: 51 songs
2025-12-14 09:00:16,141 - music_tracker - INFO - Fetched 100 songs for date 2025-12-08
2025-12-14 09:00:16,143 - music_tracker - INFO - Date 2025-12-08: 100 songs
2025-12-14 09:00:17,023 - music_tracker - INFO - Message sent successfully to Slack
2025-12-14 09:00:17,024 - music_tracker - INFO - SpotiSpy completed successfully
2025-12-14 09:58:03,059 - music_tracker - INFO - SpotiSpy song collection starting...
2025-12-14 09:58:03,060 - music_tracker - INFO - Starting song collection (last 1 hours)
2025-12-14 09:58:03,060 - music_tracker - INFO - Fetching recent tracks from Spotify...
2025-12-14 09:58:03,429 - music_tracker - INFO - No recent songs found from Spotify
2025-12-14 09:58:03,431 - music_tracker - INFO - No new songs found from Spotify API
2025-12-14 09:58:03,432 - music_tracker - INFO - Song collection completed successfully
2025-12-14 10:58:03,335 - music_tracker - INFO - SpotiSpy song collection starting...
2025-12-14 10:58:03,335 - music_tracker - INFO - Starting song collection (last 1 hours)
2025-12-14 10:58:03,336 - music_tracker - INFO - Fetching recent tracks from Spotify...
2025-12-14 10:58:03,678 - music_tracker - INFO - No recent songs found from Spotify
2025-12-14 10:58:03,681 - music_tracker - INFO - No new songs found from Spotify API
2025-12-14 10:58:03,681 - music_tracker - INFO - Song collection completed successfully
2025-12-14 11:58:04,886 - music_tracker - INFO - SpotiSpy song collection starting...
2025-12-14 11:58:04,888 - music_tracker - INFO - Starting song collection (last 1 hours)
2025-12-14 11:58:04,888 - music_tracker - INFO - Fetching recent tracks from Spotify...
2025-12-14 11:58:05,253 - music_tracker - INFO - No recent songs found from Spotify
2025-12-14 11:58:05,255 - music_tracker - INFO - No new songs found from Spotify API
2025-12-14 11:58:05,256 - music_tracker - INFO - Song collection completed successfully
2025-12-14 12:58:03,224 - music_tracker - INFO - SpotiSpy song collection starting...
2025-12-14 12:58:03,225 - music_tracker - INFO - Starting song collection (last 1 hours)
2025-12-14 12:58:03,226 - music_tracker - INFO - Fetching recent tracks from Spotify...
2025-12-14 12:58:03,610 - music_tracker - INFO - No recent songs found from Spotify
2025-12-14 12:58:03,613 - music_tracker - INFO - No new songs found from Spotify API
2025-12-14 12:58:03,613 - music_tracker - INFO - Song collection completed successfully
2025-12-14 13:58:03,515 - music_tracker - INFO - SpotiSpy song collection starting...
2025-12-14 13:58:03,516 - music_tracker - INFO - Starting song collection (last 1 hours)
2025-12-14 13:58:03,516 - music_tracker - INFO - Fetching recent tracks from Spotify...
2025-12-14 13:58:03,889 - music_tracker - INFO - No recent songs found from Spotify
2025-12-14 13:58:03,892 - music_tracker - INFO - No new songs found from Spotify API
2025-12-14 13:58:03,892 - music_tracker - INFO - Song collection completed successfully
2025-12-14 14:58:02,779 - music_tracker - INFO - SpotiSpy song collection starting...
2025-12-14 14:58:02,780 - music_tracker - INFO - Starting song collection (last 1 hours)
2025-12-14 14:58:02,781 - music_tracker - INFO - Fetching recent tracks from Spotify...
2025-12-14 14:58:03,193 - music_tracker - INFO - No recent songs found from Spotify
2025-12-14 14:58:03,195 - music_tracker - INFO - No new songs found from Spotify API
2025-12-14 14:58:03,195 - music_tracker - INFO - Song collection completed successfully
2025-12-14 15:58:03,077 - music_tracker - INFO - SpotiSpy song collection starting...
2025-12-14 15:58:03,077 - music_tracker - INFO - Starting song collection (last 1 hours)
2025-12-14 15:58:03,078 - music_tracker - INFO - Fetching recent tracks from Spotify...
2025-12-14 15:58:03,480 - music_tracker - INFO - No recent songs found from Spotify
2025-12-14 15:58:03,482 - music_tracker - INFO - No new songs found from Spotify API
2025-12-14 15:58:03,483 - music_tracker - INFO - Song collection completed successfully
2025-12-14 16:58:03,400 - music_tracker - INFO - SpotiSpy song collection starting...
2025-12-14 16:58:03,401 - music_tracker - INFO - Starting song collection (last 1 hours)
2025-12-14 16:58:03,401 - music_tracker - INFO - Fetching recent tracks from Spotify...
2025-12-14 16:58:03,865 - music_tracker - INFO - No recent songs found from Spotify
2025-12-14 16:58:03,867 - music_tracker - INFO - No new songs found from Spotify API
2025-12-14 16:58:03,868 - music_tracker - INFO - Song collection completed successfully
2025-12-14 17:58:02,763 - music_tracker - INFO - SpotiSpy song collection starting...
2025-12-14 17:58:02,764 - music_tracker - INFO - Starting song collection (last 1 hours)
2025-12-14 17:58:02,765 - music_tracker - INFO - Fetching recent tracks from Spotify...
2025-12-14 17:58:03,134 - music_tracker - INFO - No recent songs found from Spotify
2025-12-14 17:58:03,136 - music_tracker - INFO - No new songs found from Spotify API
2025-12-14 17:58:03,137 - music_tracker - INFO - Song collection completed successfully
2025-12-14 18:58:03,028 - music_tracker - INFO - SpotiSpy song collection starting...
2025-12-14 18:58:03,029 - music_tracker - INFO - Starting song collection (last 1 hours)
2025-12-14 18:58:03,030 - music_tracker - INFO - Fetching recent tracks from Spotify...
2025-12-14 18:58:03,390 - music_tracker - INFO - No recent songs found from Spotify
2025-12-14 18:58:03,392 - music_tracker - INFO - No new songs found from Spotify API
2025-12-14 18:58:03,393 - music_tracker - INFO - Song collection completed successfully
2025-12-14 19:58:03,291 - music_tracker - INFO - SpotiSpy song collection starting...
2025-12-14 19:58:03,291 - music_tracker - INFO - Starting song collection (last 1 hours)
2025-12-14 19:58:03,292 - music_tracker - INFO - Fetching recent tracks from Spotify...
2025-12-14 19:58:03,674 - music_tracker - INFO - No recent songs found from Spotify
2025-12-14 19:58:03,676 - music_tracker - INFO - No new songs found from Spotify API
2025-12-14 19:58:03,677 - music_tracker - INFO - Song collection completed successfully
2025-12-14 20:58:03,635 - music_tracker - INFO - SpotiSpy song collection starting...
2025-12-14 20:58:03,636 - music_tracker - INFO - Starting song collection (last 1 hours)
2025-12-14 20:58:03,636 - music_tracker - INFO - Fetching recent tracks from Spotify...
2025-12-14 20:58:04,052 - music_tracker - INFO - No recent songs found from Spotify
2025-12-14 20:58:04,054 - music_tracker - INFO - No new songs found from Spotify API
2025-12-14 20:58:04,054 - music_tracker - INFO - Song collection completed successfully
2025-12-14 21:58:02,987 - music_tracker - INFO - SpotiSpy song collection starting...
2025-12-14 21:58:02,988 - music_tracker - INFO - Starting song collection (last 1 hours)
2025-12-14 21:58:02,988 - music_tracker - INFO - Fetching recent tracks from Spotify...
2025-12-14 21:58:03,380 - music_tracker - INFO - No recent songs found from Spotify
2025-12-14 21:58:03,382 - music_tracker - INFO - No new songs found from Spotify API
2025-12-14 21:58:03,383 - music_tracker - INFO - Song collection completed successfully
2025-12-14 22:58:03,283 - music_tracker - INFO - SpotiSpy song collection starting...
2025-12-14 22:58:03,283 - music_tracker - INFO - Starting song collection (last 1 hours)
2025-12-14 22:58:03,284 - music_tracker - INFO - Fetching recent tracks from Spotify...
2025-12-14 22:58:03,639 - music_tracker - INFO - No recent songs found from Spotify
2025-12-14 22:58:03,641 - music_tracker - INFO - No new songs found from Spotify API
2025-12-14 22:58:03,641 - music_tracker - INFO - Song collection completed successfully
2025-12-14 23:58:03,542 - music_tracker - INFO - SpotiSpy song collection starting...
2025-12-14 23:58:03,543 - music_tracker - INFO - Starting song collection (last 1 hours)
2025-12-14 23:58:03,544 - music_tracker - INFO - Fetching recent tracks from Spotify...
2025-12-14 23:58:03,897 - music_tracker - INFO - No recent songs found from Spotify
2025-12-14 23:58:03,899 - music_tracker - INFO - No new songs found from Spotify API
2025-12-14 23:58:03,899 - music_tracker - INFO - Song collection completed successfully
