2025-10-24 00:58:03,292 - music_tracker - INFO - SpotiSpy song collection starting...
2025-10-24 00:58:03,292 - music_tracker - INFO - Starting song collection (last 1 hours)
2025-10-24 00:58:03,293 - music_tracker - INFO - Fetching recent tracks from Spotify...
2025-10-24 00:58:03,661 - music_tracker - INFO - No recent songs found from Spotify
2025-10-24 00:58:03,663 - music_tracker - INFO - No new songs found from Spotify API
2025-10-24 00:58:03,663 - music_tracker - INFO - Song collection completed successfully
2025-10-24 01:58:03,552 - music_tracker - INFO - SpotiSpy song collection starting...
2025-10-24 01:58:03,552 - music_tracker - INFO - Starting song collection (last 1 hours)
2025-10-24 01:58:03,553 - music_tracker - INFO - Fetching recent tracks from Spotify...
2025-10-24 01:58:03,965 - music_tracker - INFO - No recent songs found from Spotify
2025-10-24 01:58:03,967 - music_tracker - INFO - No new songs found from Spotify API
2025-10-24 01:58:03,968 - music_tracker - INFO - Song collection completed successfully
2025-10-24 02:58:02,866 - music_tracker - INFO - SpotiSpy song collection starting...
2025-10-24 02:58:02,867 - music_tracker - INFO - Starting song collection (last 1 hours)
2025-10-24 02:58:02,867 - music_tracker - INFO - Fetching recent tracks from Spotify...
2025-10-24 02:58:03,241 - music_tracker - INFO - No recent songs found from Spotify
2025-10-24 02:58:03,243 - music_tracker - INFO - No new songs found from Spotify API
2025-10-24 02:58:03,244 - music_tracker - INFO - Song collection completed successfully
2025-10-24 03:58:03,194 - music_tracker - INFO - SpotiSpy song collection starting...
2025-10-24 03:58:03,194 - music_tracker - INFO - Starting song collection (last 1 hours)
2025-10-24 03:58:03,195 - music_tracker - INFO - Fetching recent tracks from Spotify...
2025-10-24 03:58:03,603 - music_tracker - INFO - No recent songs found from Spotify
2025-10-24 03:58:03,605 - music_tracker - INFO - No new songs found from Spotify API
2025-10-24 03:58:03,605 - music_tracker - INFO - Song collection completed successfully
2025-10-24 04:58:03,607 - music_tracker - INFO - SpotiSpy song collection starting...
2025-10-24 04:58:03,607 - music_tracker - INFO - Starting song collection (last 1 hours)
2025-10-24 04:58:03,608 - music_tracker - INFO - Fetching recent tracks from Spotify...
2025-10-24 04:58:03,951 - music_tracker - INFO - No recent songs found from Spotify
2025-10-24 04:58:03,953 - music_tracker - INFO - No new songs found from Spotify API
2025-10-24 04:58:03,954 - music_tracker - INFO - Song collection completed successfully
2025-10-24 05:58:02,846 - music_tracker - INFO - SpotiSpy song collection starting...
2025-10-24 05:58:02,847 - music_tracker - INFO - Starting song collection (last 1 hours)
2025-10-24 05:58:02,847 - music_tracker - INFO - Fetching recent tracks from Spotify...
2025-10-24 05:58:03,215 - music_tracker - INFO - No recent songs found from Spotify
2025-10-24 05:58:03,217 - music_tracker - INFO - No new songs found from Spotify API
2025-10-24 05:58:03,218 - music_tracker - INFO - Song collection completed successfully
2025-10-24 06:58:03,177 - music_tracker - INFO - SpotiSpy song collection starting...
2025-10-24 06:58:03,178 - music_tracker - INFO - Starting song collection (last 1 hours)
2025-10-24 06:58:03,178 - music_tracker - INFO - Fetching recent tracks from Spotify...
2025-10-24 06:58:03,533 - music_tracker - INFO - No recent songs found from Spotify
2025-10-24 06:58:03,535 - music_tracker - INFO - No new songs found from Spotify API
2025-10-24 06:58:03,536 - music_tracker - INFO - Song collection completed successfully
2025-10-24 07:58:03,460 - music_tracker - INFO - SpotiSpy song collection starting...
2025-10-24 07:58:03,460 - music_tracker - INFO - Starting song collection (last 1 hours)
2025-10-24 07:58:03,461 - music_tracker - INFO - Fetching recent tracks from Spotify...
2025-10-24 07:58:03,826 - music_tracker - INFO - No recent songs found from Spotify
2025-10-24 07:58:03,828 - music_tracker - INFO - No new songs found from Spotify API
2025-10-24 07:58:03,829 - music_tracker - INFO - Song collection completed successfully
2025-10-24 08:58:02,715 - music_tracker - INFO - SpotiSpy song collection starting...
2025-10-24 08:58:02,716 - music_tracker - INFO - Starting song collection (last 1 hours)
2025-10-24 08:58:02,717 - music_tracker - INFO - Fetching recent tracks from Spotify...
2025-10-24 08:58:03,066 - music_tracker - INFO - No recent songs found from Spotify
2025-10-24 08:58:03,068 - music_tracker - INFO - No new songs found from Spotify API
2025-10-24 08:58:03,069 - music_tracker - INFO - Song collection completed successfully
2025-10-24 09:00:12,648 - music_tracker - INFO - SpotiSpy starting...
2025-10-24 09:00:12,649 - music_tracker - INFO - Starting daily SpotiSpy analysis
2025-10-24 09:00:12,649 - music_tracker - INFO - Fetching yesterday's listening data...
2025-10-24 09:00:14,367 - music_tracker - INFO - Fetched 78 songs from database
2025-10-24 09:00:14,370 - music_tracker - INFO - Found 78 songs to analyze
2025-10-24 09:00:14,371 - music_tracker - INFO - Running analysis...
2025-10-24 09:00:14,381 - music_tracker - INFO - Sending daily summary to Slack...
2025-10-24 09:00:15,407 - music_tracker - INFO - Message sent successfully to Slack
2025-10-24 09:00:15,408 - music_tracker - INFO - Daily analysis completed successfully!
2025-10-24 09:00:15,408 - music_tracker - INFO - SpotiSpy completed successfully
2025-10-24 09:58:04,581 - music_tracker - INFO - SpotiSpy song collection starting...
2025-10-24 09:58:04,582 - music_tracker - INFO - Starting song collection (last 1 hours)
2025-10-24 09:58:04,583 - music_tracker - INFO - Fetching recent tracks from Spotify...
2025-10-24 09:58:05,180 - music_tracker - INFO - Fetched 1 songs from Spotify
2025-10-24 09:58:05,183 - music_tracker - INFO - Found 1 songs from Spotify API
2025-10-24 09:58:05,184 - music_tracker - INFO - Checking for duplicates in database...
2025-10-24 09:58:06,412 - music_tracker - INFO - Found 1 new songs out of 1 total
2025-10-24 09:58:06,414 - music_tracker - INFO - Found 1 new songs to save
2025-10-24 09:58:06,415 - music_tracker - INFO - Saving songs to database...
2025-10-24 09:58:06,802 - music_tracker - INFO - Successfully saved 1 songs to database
2025-10-24 09:58:06,807 - music_tracker - INFO - Successfully saved 1 songs to database
2025-10-24 09:58:06,808 - music_tracker - INFO - Song collection completed successfully
2025-10-24 10:58:02,783 - music_tracker - INFO - SpotiSpy song collection starting...
2025-10-24 10:58:02,783 - music_tracker - INFO - Starting song collection (last 1 hours)
2025-10-24 10:58:02,784 - music_tracker - INFO - Fetching recent tracks from Spotify...
2025-10-24 10:58:03,280 - music_tracker - INFO - Fetched 15 songs from Spotify
2025-10-24 10:58:03,283 - music_tracker - INFO - Found 15 songs from Spotify API
2025-10-24 10:58:03,284 - music_tracker - INFO - Checking for duplicates in database...
2025-10-24 10:58:04,749 - music_tracker - INFO - Found 15 new songs out of 15 total
2025-10-24 10:58:04,751 - music_tracker - INFO - Found 15 new songs to save
2025-10-24 10:58:04,752 - music_tracker - INFO - Saving songs to database...
2025-10-24 10:58:05,110 - music_tracker - INFO - Successfully saved 15 songs to database
2025-10-24 10:58:05,112 - music_tracker - INFO - Successfully saved 15 songs to database
2025-10-24 10:58:05,113 - music_tracker - INFO - Song collection completed successfully
2025-10-24 11:58:03,036 - music_tracker - INFO - SpotiSpy song collection starting...
2025-10-24 11:58:03,037 - music_tracker - INFO - Starting song collection (last 1 hours)
2025-10-24 11:58:03,038 - music_tracker - INFO - Fetching recent tracks from Spotify...
2025-10-24 11:58:03,766 - music_tracker - INFO - Fetched 16 songs from Spotify
2025-10-24 11:58:03,770 - music_tracker - INFO - Found 16 songs from Spotify API
2025-10-24 11:58:03,771 - music_tracker - INFO - Checking for duplicates in database...
2025-10-24 11:58:05,236 - music_tracker - INFO - Found 16 new songs out of 16 total
2025-10-24 11:58:05,238 - music_tracker - INFO - Found 16 new songs to save
2025-10-24 11:58:05,239 - music_tracker - INFO - Saving songs to database...
2025-10-24 11:58:05,576 - music_tracker - INFO - Successfully saved 16 songs to database
2025-10-24 11:58:05,578 - music_tracker - INFO - Successfully saved 16 songs to database
2025-10-24 11:58:05,579 - music_tracker - INFO - Song collection completed successfully
2025-10-24 12:58:03,500 - music_tracker - INFO - SpotiSpy song collection starting...
2025-10-24 12:58:03,500 - music_tracker - INFO - Starting song collection (last 1 hours)
2025-10-24 12:58:03,501 - music_tracker - INFO - Fetching recent tracks from Spotify...
2025-10-24 12:58:03,957 - music_tracker - INFO - Fetched 7 songs from Spotify
2025-10-24 12:58:03,959 - music_tracker - INFO - Found 7 songs from Spotify API
2025-10-24 12:58:03,960 - music_tracker - INFO - Checking for duplicates in database...
2025-10-24 12:58:05,411 - music_tracker - INFO - Found 7 new songs out of 7 total
2025-10-24 12:58:05,413 - music_tracker - INFO - Found 7 new songs to save
2025-10-24 12:58:05,414 - music_tracker - INFO - Saving songs to database...
2025-10-24 12:58:05,751 - music_tracker - INFO - Successfully saved 7 songs to database
2025-10-24 12:58:05,753 - music_tracker - INFO - Successfully saved 7 songs to database
2025-10-24 12:58:05,754 - music_tracker - INFO - Song collection completed successfully
2025-10-24 13:58:02,672 - music_tracker - INFO - SpotiSpy song collection starting...
2025-10-24 13:58:02,673 - music_tracker - INFO - Starting song collection (last 1 hours)
2025-10-24 13:58:02,673 - music_tracker - INFO - Fetching recent tracks from Spotify...
2025-10-24 13:58:03,315 - music_tracker - INFO - Fetched 3 songs from Spotify
2025-10-24 13:58:03,318 - music_tracker - INFO - Found 3 songs from Spotify API
2025-10-24 13:58:03,319 - music_tracker - INFO - Checking for duplicates in database...
2025-10-24 13:58:04,723 - music_tracker - INFO - Found 3 new songs out of 3 total
2025-10-24 13:58:04,725 - music_tracker - INFO - Found 3 new songs to save
2025-10-24 13:58:04,726 - music_tracker - INFO - Saving songs to database...
2025-10-24 13:58:05,033 - music_tracker - INFO - Successfully saved 3 songs to database
2025-10-24 13:58:05,035 - music_tracker - INFO - Successfully saved 3 songs to database
2025-10-24 13:58:05,035 - music_tracker - INFO - Song collection completed successfully
2025-10-24 14:58:02,933 - music_tracker - INFO - SpotiSpy song collection starting...
2025-10-24 14:58:02,934 - music_tracker - INFO - Starting song collection (last 1 hours)
2025-10-24 14:58:02,935 - music_tracker - INFO - Fetching recent tracks from Spotify...
2025-10-24 14:58:03,469 - music_tracker - INFO - Fetched 17 songs from Spotify
2025-10-24 14:58:03,472 - music_tracker - INFO - Found 17 songs from Spotify API
2025-10-24 14:58:03,473 - music_tracker - INFO - Checking for duplicates in database...
2025-10-24 14:58:04,951 - music_tracker - INFO - Found 17 new songs out of 17 total
2025-10-24 14:58:04,954 - music_tracker - INFO - Found 17 new songs to save
2025-10-24 14:58:04,954 - music_tracker - INFO - Saving songs to database...
2025-10-24 14:58:05,401 - music_tracker - INFO - Successfully saved 17 songs to database
2025-10-24 14:58:05,403 - music_tracker - INFO - Successfully saved 17 songs to database
2025-10-24 14:58:05,403 - music_tracker - INFO - Song collection completed successfully
2025-10-24 15:58:03,336 - music_tracker - INFO - SpotiSpy song collection starting...
2025-10-24 15:58:03,337 - music_tracker - INFO - Starting song collection (last 1 hours)
2025-10-24 15:58:03,337 - music_tracker - INFO - Fetching recent tracks from Spotify...
2025-10-24 15:58:03,865 - music_tracker - INFO - Fetched 16 songs from Spotify
2025-10-24 15:58:03,868 - music_tracker - INFO - Found 16 songs from Spotify API
2025-10-24 15:58:03,869 - music_tracker - INFO - Checking for duplicates in database...
2025-10-24 15:58:05,339 - music_tracker - INFO - Found 16 new songs out of 16 total
2025-10-24 15:58:05,341 - music_tracker - INFO - Found 16 new songs to save
2025-10-24 15:58:05,342 - music_tracker - INFO - Saving songs to database...
2025-10-24 15:58:05,733 - music_tracker - INFO - Successfully saved 16 songs to database
2025-10-24 15:58:05,735 - music_tracker - INFO - Successfully saved 16 songs to database
2025-10-24 15:58:05,736 - music_tracker - INFO - Song collection completed successfully
2025-10-24 16:58:02,644 - music_tracker - INFO - SpotiSpy song collection starting...
2025-10-24 16:58:02,645 - music_tracker - INFO - Starting song collection (last 1 hours)
2025-10-24 16:58:02,645 - music_tracker - INFO - Fetching recent tracks from Spotify...
2025-10-24 16:58:03,294 - music_tracker - INFO - Fetched 15 songs from Spotify
2025-10-24 16:58:03,298 - music_tracker - INFO - Found 15 songs from Spotify API
2025-10-24 16:58:03,299 - music_tracker - INFO - Checking for duplicates in database...
2025-10-24 16:58:04,746 - music_tracker - INFO - Found 15 new songs out of 15 total
2025-10-24 16:58:04,748 - music_tracker - INFO - Found 15 new songs to save
2025-10-24 16:58:04,749 - music_tracker - INFO - Saving songs to database...
2025-10-24 16:58:05,262 - music_tracker - INFO - Successfully saved 15 songs to database
2025-10-24 16:58:05,264 - music_tracker - INFO - Successfully saved 15 songs to database
2025-10-24 16:58:05,264 - music_tracker - INFO - Song collection completed successfully
2025-10-24 17:58:03,187 - music_tracker - INFO - SpotiSpy song collection starting...
2025-10-24 17:58:03,188 - music_tracker - INFO - Starting song collection (last 1 hours)
2025-10-24 17:58:03,188 - music_tracker - INFO - Fetching recent tracks from Spotify...
2025-10-24 17:58:03,651 - music_tracker - INFO - Fetched 9 songs from Spotify
2025-10-24 17:58:03,654 - music_tracker - INFO - Found 9 songs from Spotify API
2025-10-24 17:58:03,655 - music_tracker - INFO - Checking for duplicates in database...
2025-10-24 17:58:05,107 - music_tracker - INFO - Found 9 new songs out of 9 total
2025-10-24 17:58:05,109 - music_tracker - INFO - Found 9 new songs to save
2025-10-24 17:58:05,110 - music_tracker - INFO - Saving songs to database...
2025-10-24 17:58:05,523 - music_tracker - INFO - Successfully saved 9 songs to database
2025-10-24 17:58:05,525 - music_tracker - INFO - Successfully saved 9 songs to database
2025-10-24 17:58:05,526 - music_tracker - INFO - Song collection completed successfully
2025-10-24 18:58:03,435 - music_tracker - INFO - SpotiSpy song collection starting...
2025-10-24 18:58:03,435 - music_tracker - INFO - Starting song collection (last 1 hours)
2025-10-24 18:58:03,436 - music_tracker - INFO - Fetching recent tracks from Spotify...
2025-10-24 18:58:03,933 - music_tracker - INFO - Fetched 8 songs from Spotify
2025-10-24 18:58:03,936 - music_tracker - INFO - Found 8 songs from Spotify API
2025-10-24 18:58:03,936 - music_tracker - INFO - Checking for duplicates in database...
2025-10-24 18:58:05,306 - music_tracker - INFO - Found 8 new songs out of 8 total
2025-10-24 18:58:05,308 - music_tracker - INFO - Found 8 new songs to save
2025-10-24 18:58:05,309 - music_tracker - INFO - Saving songs to database...
2025-10-24 18:58:05,605 - music_tracker - INFO - Successfully saved 8 songs to database
2025-10-24 18:58:05,607 - music_tracker - INFO - Successfully saved 8 songs to database
2025-10-24 18:58:05,608 - music_tracker - INFO - Song collection completed successfully
2025-10-24 19:58:03,533 - music_tracker - INFO - SpotiSpy song collection starting...
2025-10-24 19:58:03,533 - music_tracker - INFO - Starting song collection (last 1 hours)
2025-10-24 19:58:03,534 - music_tracker - INFO - Fetching recent tracks from Spotify...
2025-10-24 19:58:03,979 - music_tracker - INFO - Fetched 2 songs from Spotify
2025-10-24 19:58:03,981 - music_tracker - INFO - Found 2 songs from Spotify API
2025-10-24 19:58:03,982 - music_tracker - INFO - Checking for duplicates in database...
2025-10-24 19:58:05,361 - music_tracker - INFO - Found 2 new songs out of 2 total
2025-10-24 19:58:05,364 - music_tracker - INFO - Found 2 new songs to save
2025-10-24 19:58:05,364 - music_tracker - INFO - Saving songs to database...
2025-10-24 19:58:05,677 - music_tracker - INFO - Successfully saved 2 songs to database
2025-10-24 19:58:05,679 - music_tracker - INFO - Successfully saved 2 songs to database
2025-10-24 19:58:05,680 - music_tracker - INFO - Song collection completed successfully
2025-10-24 20:58:03,591 - music_tracker - INFO - SpotiSpy song collection starting...
2025-10-24 20:58:03,592 - music_tracker - INFO - Starting song collection (last 1 hours)
2025-10-24 20:58:03,593 - music_tracker - INFO - Fetching recent tracks from Spotify...
2025-10-24 20:58:04,010 - music_tracker - INFO - Fetched 6 songs from Spotify
2025-10-24 20:58:04,012 - music_tracker - INFO - Found 6 songs from Spotify API
2025-10-24 20:58:04,013 - music_tracker - INFO - Checking for duplicates in database...
2025-10-24 20:58:05,403 - music_tracker - INFO - Found 6 new songs out of 6 total
2025-10-24 20:58:05,405 - music_tracker - INFO - Found 6 new songs to save
2025-10-24 20:58:05,406 - music_tracker - INFO - Saving songs to database...
2025-10-24 20:58:05,799 - music_tracker - INFO - Successfully saved 6 songs to database
2025-10-24 20:58:05,801 - music_tracker - INFO - Successfully saved 6 songs to database
2025-10-24 20:58:05,802 - music_tracker - INFO - Song collection completed successfully
2025-10-24 21:58:02,725 - music_tracker - INFO - SpotiSpy song collection starting...
2025-10-24 21:58:02,725 - music_tracker - INFO - Starting song collection (last 1 hours)
2025-10-24 21:58:02,726 - music_tracker - INFO - Fetching recent tracks from Spotify...
2025-10-24 21:58:03,167 - music_tracker - INFO - Fetched 6 songs from Spotify
2025-10-24 21:58:03,170 - music_tracker - INFO - Found 6 songs from Spotify API
2025-10-24 21:58:03,170 - music_tracker - INFO - Checking for duplicates in database...
2025-10-24 21:58:04,506 - music_tracker - INFO - Found 6 new songs out of 6 total
2025-10-24 21:58:04,508 - music_tracker - INFO - Found 6 new songs to save
2025-10-24 21:58:04,509 - music_tracker - INFO - Saving songs to database...
2025-10-24 21:58:04,885 - music_tracker - INFO - Successfully saved 6 songs to database
2025-10-24 21:58:04,887 - music_tracker - INFO - Successfully saved 6 songs to database
2025-10-24 21:58:04,888 - music_tracker - INFO - Song collection completed successfully
2025-10-24 22:58:02,823 - music_tracker - INFO - SpotiSpy song collection starting...
2025-10-24 22:58:02,823 - music_tracker - INFO - Starting song collection (last 1 hours)
2025-10-24 22:58:02,824 - music_tracker - INFO - Fetching recent tracks from Spotify...
2025-10-24 22:58:03,175 - music_tracker - INFO - No recent songs found from Spotify
2025-10-24 22:58:03,177 - music_tracker - INFO - No new songs found from Spotify API
2025-10-24 22:58:03,178 - music_tracker - INFO - Song collection completed successfully
2025-10-24 23:58:03,080 - music_tracker - INFO - SpotiSpy song collection starting...
2025-10-24 23:58:03,081 - music_tracker - INFO - Starting song collection (last 1 hours)
2025-10-24 23:58:03,082 - music_tracker - INFO - Fetching recent tracks from Spotify...
2025-10-24 23:58:03,499 - music_tracker - INFO - Fetched 1 songs from Spotify
2025-10-24 23:58:03,501 - music_tracker - INFO - Found 1 songs from Spotify API
2025-10-24 23:58:03,502 - music_tracker - INFO - Checking for duplicates in database...
2025-10-24 23:58:05,004 - music_tracker - INFO - Found 1 new songs out of 1 total
2025-10-24 23:58:05,006 - music_tracker - INFO - Found 1 new songs to save
2025-10-24 23:58:05,006 - music_tracker - INFO - Saving songs to database...
2025-10-24 23:58:05,261 - music_tracker - INFO - Successfully saved 1 songs to database
2025-10-24 23:58:05,263 - music_tracker - INFO - Successfully saved 1 songs to database
2025-10-24 23:58:05,263 - music_tracker - INFO - Song collection completed successfully
