2025-08-15 00:58:03,539 - music_tracker - INFO - SpotiSpy song collection starting...
2025-08-15 00:58:03,540 - music_tracker - INFO - Starting song collection (last 1 hours)
2025-08-15 00:58:03,541 - music_tracker - INFO - Fetching recent tracks from Spotify...
2025-08-15 00:58:03,966 - music_tracker - INFO - No recent songs found from Spotify
2025-08-15 00:58:03,968 - music_tracker - INFO - No new songs found from Spotify API
2025-08-15 00:58:03,968 - music_tracker - INFO - Song collection completed successfully
2025-08-15 01:58:02,880 - music_tracker - INFO - SpotiSpy song collection starting...
2025-08-15 01:58:02,881 - music_tracker - INFO - Starting song collection (last 1 hours)
2025-08-15 01:58:02,881 - music_tracker - INFO - Fetching recent tracks from Spotify...
2025-08-15 01:58:03,237 - music_tracker - INFO - No recent songs found from Spotify
2025-08-15 01:58:03,240 - music_tracker - INFO - No new songs found from Spotify API
2025-08-15 01:58:03,240 - music_tracker - INFO - Song collection completed successfully
2025-08-15 02:58:03,131 - music_tracker - INFO - SpotiSpy song collection starting...
2025-08-15 02:58:03,132 - music_tracker - INFO - Starting song collection (last 1 hours)
2025-08-15 02:58:03,133 - music_tracker - INFO - Fetching recent tracks from Spotify...
2025-08-15 02:58:03,502 - music_tracker - INFO - No recent songs found from Spotify
2025-08-15 02:58:03,504 - music_tracker - INFO - No new songs found from Spotify API
2025-08-15 02:58:03,505 - music_tracker - INFO - Song collection completed successfully
2025-08-15 03:58:03,418 - music_tracker - INFO - SpotiSpy song collection starting...
2025-08-15 03:58:03,419 - music_tracker - INFO - Starting song collection (last 1 hours)
2025-08-15 03:58:03,419 - music_tracker - INFO - Fetching recent tracks from Spotify...
2025-08-15 03:58:03,771 - music_tracker - INFO - No recent songs found from Spotify
2025-08-15 03:58:03,773 - music_tracker - INFO - No new songs found from Spotify API
2025-08-15 03:58:03,774 - music_tracker - INFO - Song collection completed successfully
2025-08-15 04:58:02,651 - music_tracker - INFO - SpotiSpy song collection starting...
2025-08-15 04:58:02,652 - music_tracker - INFO - Starting song collection (last 1 hours)
2025-08-15 04:58:02,653 - music_tracker - INFO - Fetching recent tracks from Spotify...
2025-08-15 04:58:03,049 - music_tracker - INFO - No recent songs found from Spotify
2025-08-15 04:58:03,051 - music_tracker - INFO - No new songs found from Spotify API
2025-08-15 04:58:03,051 - music_tracker - INFO - Song collection completed successfully
2025-08-15 05:58:02,937 - music_tracker - INFO - SpotiSpy song collection starting...
2025-08-15 05:58:02,937 - music_tracker - INFO - Starting song collection (last 1 hours)
2025-08-15 05:58:02,938 - music_tracker - INFO - Fetching recent tracks from Spotify...
2025-08-15 05:58:03,292 - music_tracker - INFO - No recent songs found from Spotify
2025-08-15 05:58:03,294 - music_tracker - INFO - No new songs found from Spotify API
2025-08-15 05:58:03,295 - music_tracker - INFO - Song collection completed successfully
2025-08-15 06:58:03,245 - music_tracker - INFO - SpotiSpy song collection starting...
2025-08-15 06:58:03,245 - music_tracker - INFO - Starting song collection (last 1 hours)
2025-08-15 06:58:03,246 - music_tracker - INFO - Fetching recent tracks from Spotify...
2025-08-15 06:58:03,621 - music_tracker - INFO - No recent songs found from Spotify
2025-08-15 06:58:03,623 - music_tracker - INFO - No new songs found from Spotify API
2025-08-15 06:58:03,623 - music_tracker - INFO - Song collection completed successfully
2025-08-15 07:58:03,507 - music_tracker - INFO - SpotiSpy song collection starting...
2025-08-15 07:58:03,508 - music_tracker - INFO - Starting song collection (last 1 hours)
2025-08-15 07:58:03,508 - music_tracker - INFO - Fetching recent tracks from Spotify...
2025-08-15 07:58:03,877 - music_tracker - INFO - No recent songs found from Spotify
2025-08-15 07:58:03,879 - music_tracker - INFO - No new songs found from Spotify API
2025-08-15 07:58:03,880 - music_tracker - INFO - Song collection completed successfully
2025-08-15 08:58:02,767 - music_tracker - INFO - SpotiSpy song collection starting...
2025-08-15 08:58:02,768 - music_tracker - INFO - Starting song collection (last 1 hours)
2025-08-15 08:58:02,768 - music_tracker - INFO - Fetching recent tracks from Spotify...
2025-08-15 08:58:03,140 - music_tracker - INFO - No recent songs found from Spotify
2025-08-15 08:58:03,142 - music_tracker - INFO - No new songs found from Spotify API
2025-08-15 08:58:03,142 - music_tracker - INFO - Song collection completed successfully
2025-08-15 09:00:12,612 - music_tracker - INFO - SpotiSpy starting...
2025-08-15 09:00:12,612 - music_tracker - INFO - Starting daily SpotiSpy analysis
2025-08-15 09:00:12,613 - music_tracker - INFO - Fetching yesterday's listening data...
2025-08-15 09:00:13,066 - music_tracker - INFO - Fetched 46 songs from database
2025-08-15 09:00:13,068 - music_tracker - INFO - Found 46 songs to analyze
2025-08-15 09:00:13,069 - music_tracker - INFO - Running analysis...
2025-08-15 09:00:13,074 - music_tracker - INFO - Sending daily summary to Slack...
2025-08-15 09:00:13,899 - music_tracker - INFO - Message sent successfully to Slack
2025-08-15 09:00:13,900 - music_tracker - INFO - Daily analysis completed successfully!
2025-08-15 09:00:13,900 - music_tracker - INFO - SpotiSpy completed successfully
2025-08-15 09:58:02,795 - music_tracker - INFO - SpotiSpy song collection starting...
2025-08-15 09:58:02,796 - music_tracker - INFO - Starting song collection (last 1 hours)
2025-08-15 09:58:02,796 - music_tracker - INFO - Fetching recent tracks from Spotify...
2025-08-15 09:58:03,278 - music_tracker - INFO - Fetched 14 songs from Spotify
2025-08-15 09:58:03,281 - music_tracker - INFO - Found 14 songs from Spotify API
2025-08-15 09:58:03,282 - music_tracker - INFO - Checking for duplicates in database...
2025-08-15 09:58:03,672 - music_tracker - INFO - Found 14 new songs out of 14 total
2025-08-15 09:58:03,674 - music_tracker - INFO - Found 14 new songs to save
2025-08-15 09:58:03,675 - music_tracker - INFO - Saving songs to database...
2025-08-15 09:58:03,954 - music_tracker - INFO - Successfully saved 14 songs to database
2025-08-15 09:58:03,956 - music_tracker - INFO - Successfully saved 14 songs to database
2025-08-15 09:58:03,957 - music_tracker - INFO - Song collection completed successfully
2025-08-15 10:58:02,890 - music_tracker - INFO - SpotiSpy song collection starting...
2025-08-15 10:58:02,891 - music_tracker - INFO - Starting song collection (last 1 hours)
2025-08-15 10:58:02,891 - music_tracker - INFO - Fetching recent tracks from Spotify...
2025-08-15 10:58:03,429 - music_tracker - INFO - Fetched 17 songs from Spotify
2025-08-15 10:58:03,432 - music_tracker - INFO - Found 17 songs from Spotify API
2025-08-15 10:58:03,433 - music_tracker - INFO - Checking for duplicates in database...
2025-08-15 10:58:03,800 - music_tracker - INFO - Found 17 new songs out of 17 total
2025-08-15 10:58:03,802 - music_tracker - INFO - Found 17 new songs to save
2025-08-15 10:58:03,803 - music_tracker - INFO - Saving songs to database...
2025-08-15 10:58:04,093 - music_tracker - INFO - Successfully saved 17 songs to database
2025-08-15 10:58:04,095 - music_tracker - INFO - Successfully saved 17 songs to database
2025-08-15 10:58:04,096 - music_tracker - INFO - Song collection completed successfully
2025-08-15 11:58:03,016 - music_tracker - INFO - SpotiSpy song collection starting...
2025-08-15 11:58:03,017 - music_tracker - INFO - Starting song collection (last 1 hours)
2025-08-15 11:58:03,018 - music_tracker - INFO - Fetching recent tracks from Spotify...
2025-08-15 11:58:03,479 - music_tracker - INFO - Fetched 13 songs from Spotify
2025-08-15 11:58:03,482 - music_tracker - INFO - Found 13 songs from Spotify API
2025-08-15 11:58:03,483 - music_tracker - INFO - Checking for duplicates in database...
2025-08-15 11:58:03,820 - music_tracker - INFO - Found 13 new songs out of 13 total
2025-08-15 11:58:03,822 - music_tracker - INFO - Found 13 new songs to save
2025-08-15 11:58:03,823 - music_tracker - INFO - Saving songs to database...
2025-08-15 11:58:04,106 - music_tracker - INFO - Successfully saved 13 songs to database
2025-08-15 11:58:04,108 - music_tracker - INFO - Successfully saved 13 songs to database
2025-08-15 11:58:04,109 - music_tracker - INFO - Song collection completed successfully
2025-08-15 12:58:03,037 - music_tracker - INFO - SpotiSpy song collection starting...
2025-08-15 12:58:03,038 - music_tracker - INFO - Starting song collection (last 1 hours)
2025-08-15 12:58:03,038 - music_tracker - INFO - Fetching recent tracks from Spotify...
2025-08-15 12:58:03,444 - music_tracker - INFO - Fetched 2 songs from Spotify
2025-08-15 12:58:03,446 - music_tracker - INFO - Found 2 songs from Spotify API
2025-08-15 12:58:03,447 - music_tracker - INFO - Checking for duplicates in database...
2025-08-15 12:58:03,766 - music_tracker - INFO - Found 2 new songs out of 2 total
2025-08-15 12:58:03,768 - music_tracker - INFO - Found 2 new songs to save
2025-08-15 12:58:03,768 - music_tracker - INFO - Saving songs to database...
2025-08-15 12:58:04,061 - music_tracker - INFO - Successfully saved 2 songs to database
2025-08-15 12:58:04,063 - music_tracker - INFO - Successfully saved 2 songs to database
2025-08-15 12:58:04,064 - music_tracker - INFO - Song collection completed successfully
2025-08-15 13:58:02,982 - music_tracker - INFO - SpotiSpy song collection starting...
2025-08-15 13:58:02,983 - music_tracker - INFO - Starting song collection (last 1 hours)
2025-08-15 13:58:02,983 - music_tracker - INFO - Fetching recent tracks from Spotify...
2025-08-15 13:58:03,350 - music_tracker - INFO - No recent songs found from Spotify
2025-08-15 13:58:03,352 - music_tracker - INFO - No new songs found from Spotify API
2025-08-15 13:58:03,352 - music_tracker - INFO - Song collection completed successfully
2025-08-15 14:58:04,403 - music_tracker - INFO - SpotiSpy song collection starting...
2025-08-15 14:58:04,405 - music_tracker - INFO - Starting song collection (last 1 hours)
2025-08-15 14:58:04,405 - music_tracker - INFO - Fetching recent tracks from Spotify...
2025-08-15 14:58:04,878 - music_tracker - INFO - Fetched 8 songs from Spotify
2025-08-15 14:58:04,880 - music_tracker - INFO - Found 8 songs from Spotify API
2025-08-15 14:58:04,881 - music_tracker - INFO - Checking for duplicates in database...
2025-08-15 14:58:05,252 - music_tracker - INFO - Found 8 new songs out of 8 total
2025-08-15 14:58:05,254 - music_tracker - INFO - Found 8 new songs to save
2025-08-15 14:58:05,255 - music_tracker - INFO - Saving songs to database...
2025-08-15 14:58:05,488 - music_tracker - INFO - Successfully saved 8 songs to database
2025-08-15 14:58:05,490 - music_tracker - INFO - Successfully saved 8 songs to database
2025-08-15 14:58:05,490 - music_tracker - INFO - Song collection completed successfully
2025-08-15 15:58:03,441 - music_tracker - INFO - SpotiSpy song collection starting...
2025-08-15 15:58:03,442 - music_tracker - INFO - Starting song collection (last 1 hours)
2025-08-15 15:58:03,443 - music_tracker - INFO - Fetching recent tracks from Spotify...
2025-08-15 15:58:03,946 - music_tracker - INFO - Fetched 15 songs from Spotify
2025-08-15 15:58:03,949 - music_tracker - INFO - Found 15 songs from Spotify API
2025-08-15 15:58:03,949 - music_tracker - INFO - Checking for duplicates in database...
2025-08-15 15:58:04,311 - music_tracker - INFO - Found 15 new songs out of 15 total
2025-08-15 15:58:04,313 - music_tracker - INFO - Found 15 new songs to save
2025-08-15 15:58:04,314 - music_tracker - INFO - Saving songs to database...
2025-08-15 15:58:04,559 - music_tracker - INFO - Successfully saved 15 songs to database
2025-08-15 15:58:04,561 - music_tracker - INFO - Successfully saved 15 songs to database
2025-08-15 15:58:04,562 - music_tracker - INFO - Song collection completed successfully
2025-08-15 16:58:03,481 - music_tracker - INFO - SpotiSpy song collection starting...
2025-08-15 16:58:03,482 - music_tracker - INFO - Starting song collection (last 1 hours)
2025-08-15 16:58:03,483 - music_tracker - INFO - Fetching recent tracks from Spotify...
2025-08-15 16:58:03,973 - music_tracker - INFO - Fetched 8 songs from Spotify
2025-08-15 16:58:03,976 - music_tracker - INFO - Found 8 songs from Spotify API
2025-08-15 16:58:03,976 - music_tracker - INFO - Checking for duplicates in database...
2025-08-15 16:58:04,267 - music_tracker - INFO - Found 8 new songs out of 8 total
2025-08-15 16:58:04,269 - music_tracker - INFO - Found 8 new songs to save
2025-08-15 16:58:04,270 - music_tracker - INFO - Saving songs to database...
2025-08-15 16:58:04,487 - music_tracker - INFO - Successfully saved 8 songs to database
2025-08-15 16:58:04,489 - music_tracker - INFO - Successfully saved 8 songs to database
2025-08-15 16:58:04,489 - music_tracker - INFO - Song collection completed successfully
2025-08-15 17:58:03,458 - music_tracker - INFO - SpotiSpy song collection starting...
2025-08-15 17:58:03,459 - music_tracker - INFO - Starting song collection (last 1 hours)
2025-08-15 17:58:03,459 - music_tracker - INFO - Fetching recent tracks from Spotify...
2025-08-15 17:58:03,915 - music_tracker - INFO - Fetched 8 songs from Spotify
2025-08-15 17:58:03,917 - music_tracker - INFO - Found 8 songs from Spotify API
2025-08-15 17:58:03,918 - music_tracker - INFO - Checking for duplicates in database...
2025-08-15 17:58:04,288 - music_tracker - INFO - Found 8 new songs out of 8 total
2025-08-15 17:58:04,289 - music_tracker - INFO - Found 8 new songs to save
2025-08-15 17:58:04,290 - music_tracker - INFO - Saving songs to database...
2025-08-15 17:58:04,567 - music_tracker - INFO - Successfully saved 8 songs to database
2025-08-15 17:58:04,569 - music_tracker - INFO - Successfully saved 8 songs to database
2025-08-15 17:58:04,570 - music_tracker - INFO - Song collection completed successfully
2025-08-15 18:58:04,087 - music_tracker - INFO - SpotiSpy song collection starting...
2025-08-15 18:58:04,088 - music_tracker - INFO - Starting song collection (last 1 hours)
2025-08-15 18:58:04,089 - music_tracker - INFO - Fetching recent tracks from Spotify...
2025-08-15 18:58:04,546 - music_tracker - INFO - Fetched 8 songs from Spotify
2025-08-15 18:58:04,549 - music_tracker - INFO - Found 8 songs from Spotify API
2025-08-15 18:58:04,549 - music_tracker - INFO - Checking for duplicates in database...
2025-08-15 18:58:04,892 - music_tracker - INFO - Found 8 new songs out of 8 total
2025-08-15 18:58:04,894 - music_tracker - INFO - Found 8 new songs to save
2025-08-15 18:58:04,895 - music_tracker - INFO - Saving songs to database...
2025-08-15 18:58:05,184 - music_tracker - INFO - Successfully saved 8 songs to database
2025-08-15 18:58:05,185 - music_tracker - INFO - Successfully saved 8 songs to database
2025-08-15 18:58:05,186 - music_tracker - INFO - Song collection completed successfully
2025-08-15 19:58:03,130 - music_tracker - INFO - SpotiSpy song collection starting...
2025-08-15 19:58:03,131 - music_tracker - INFO - Starting song collection (last 1 hours)
2025-08-15 19:58:03,131 - music_tracker - INFO - Fetching recent tracks from Spotify...
2025-08-15 19:58:03,505 - music_tracker - INFO - No recent songs found from Spotify
2025-08-15 19:58:03,507 - music_tracker - INFO - No new songs found from Spotify API
2025-08-15 19:58:03,507 - music_tracker - INFO - Song collection completed successfully
2025-08-15 20:58:04,390 - music_tracker - INFO - SpotiSpy song collection starting...
2025-08-15 20:58:04,391 - music_tracker - INFO - Starting song collection (last 1 hours)
2025-08-15 20:58:04,392 - music_tracker - INFO - Fetching recent tracks from Spotify...
2025-08-15 20:58:04,771 - music_tracker - INFO - No recent songs found from Spotify
2025-08-15 20:58:04,773 - music_tracker - INFO - No new songs found from Spotify API
2025-08-15 20:58:04,774 - music_tracker - INFO - Song collection completed successfully
2025-08-15 21:58:02,800 - music_tracker - INFO - SpotiSpy song collection starting...
2025-08-15 21:58:02,801 - music_tracker - INFO - Starting song collection (last 1 hours)
2025-08-15 21:58:02,802 - music_tracker - INFO - Fetching recent tracks from Spotify...
2025-08-15 21:58:03,166 - music_tracker - INFO - No recent songs found from Spotify
2025-08-15 21:58:03,168 - music_tracker - INFO - No new songs found from Spotify API
2025-08-15 21:58:03,168 - music_tracker - INFO - Song collection completed successfully
2025-08-15 22:58:03,068 - music_tracker - INFO - SpotiSpy song collection starting...
2025-08-15 22:58:03,069 - music_tracker - INFO - Starting song collection (last 1 hours)
2025-08-15 22:58:03,069 - music_tracker - INFO - Fetching recent tracks from Spotify...
2025-08-15 22:58:03,471 - music_tracker - INFO - No recent songs found from Spotify
2025-08-15 22:58:03,473 - music_tracker - INFO - No new songs found from Spotify API
2025-08-15 22:58:03,474 - music_tracker - INFO - Song collection completed successfully
2025-08-15 23:58:03,385 - music_tracker - INFO - SpotiSpy song collection starting...
2025-08-15 23:58:03,385 - music_tracker - INFO - Starting song collection (last 1 hours)
2025-08-15 23:58:03,386 - music_tracker - INFO - Fetching recent tracks from Spotify...
2025-08-15 23:58:03,732 - music_tracker - INFO - No recent songs found from Spotify
2025-08-15 23:58:03,735 - music_tracker - INFO - No new songs found from Spotify API
2025-08-15 23:58:03,735 - music_tracker - INFO - Song collection completed successfully
