2025-11-03 00:58:03,853 - music_tracker - INFO - SpotiSpy song collection starting...
2025-11-03 00:58:03,853 - music_tracker - INFO - Starting song collection (last 1 hours)
2025-11-03 00:58:03,854 - music_tracker - INFO - Fetching recent tracks from Spotify...
2025-11-03 00:58:04,232 - music_tracker - INFO - No recent songs found from Spotify
2025-11-03 00:58:04,235 - music_tracker - INFO - No new songs found from Spotify API
2025-11-03 00:58:04,236 - music_tracker - INFO - Song collection completed successfully
2025-11-03 01:58:03,415 - music_tracker - INFO - SpotiSpy song collection starting...
2025-11-03 01:58:03,416 - music_tracker - INFO - Starting song collection (last 1 hours)
2025-11-03 01:58:03,417 - music_tracker - INFO - Fetching recent tracks from Spotify...
2025-11-03 01:58:03,854 - music_tracker - INFO - No recent songs found from Spotify
2025-11-03 01:58:03,856 - music_tracker - INFO - No new songs found from Spotify API
2025-11-03 01:58:03,857 - music_tracker - INFO - Song collection completed successfully
2025-11-03 02:58:02,946 - music_tracker - INFO - SpotiSpy song collection starting...
2025-11-03 02:58:02,947 - music_tracker - INFO - Starting song collection (last 1 hours)
2025-11-03 02:58:02,948 - music_tracker - INFO - Fetching recent tracks from Spotify...
2025-11-03 02:58:03,323 - music_tracker - INFO - No recent songs found from Spotify
2025-11-03 02:58:03,325 - music_tracker - INFO - No new songs found from Spotify API
2025-11-03 02:58:03,326 - music_tracker - INFO - Song collection completed successfully
2025-11-03 03:58:03,247 - music_tracker - INFO - SpotiSpy song collection starting...
2025-11-03 03:58:03,247 - music_tracker - INFO - Starting song collection (last 1 hours)
2025-11-03 03:58:03,248 - music_tracker - INFO - Fetching recent tracks from Spotify...
2025-11-03 03:58:03,601 - music_tracker - INFO - No recent songs found from Spotify
2025-11-03 03:58:03,603 - music_tracker - INFO - No new songs found from Spotify API
2025-11-03 03:58:03,604 - music_tracker - INFO - Song collection completed successfully
2025-11-03 04:58:03,491 - music_tracker - INFO - SpotiSpy song collection starting...
2025-11-03 04:58:03,492 - music_tracker - INFO - Starting song collection (last 1 hours)
2025-11-03 04:58:03,493 - music_tracker - INFO - Fetching recent tracks from Spotify...
2025-11-03 04:58:03,868 - music_tracker - INFO - No recent songs found from Spotify
2025-11-03 04:58:03,870 - music_tracker - INFO - No new songs found from Spotify API
2025-11-03 04:58:03,871 - music_tracker - INFO - Song collection completed successfully
2025-11-03 05:58:02,804 - music_tracker - INFO - SpotiSpy song collection starting...
2025-11-03 05:58:02,806 - music_tracker - INFO - Starting song collection (last 1 hours)
2025-11-03 05:58:02,806 - music_tracker - INFO - Fetching recent tracks from Spotify...
2025-11-03 05:58:03,196 - music_tracker - INFO - No recent songs found from Spotify
2025-11-03 05:58:03,198 - music_tracker - INFO - No new songs found from Spotify API
2025-11-03 05:58:03,199 - music_tracker - INFO - Song collection completed successfully
2025-11-03 06:58:03,340 - music_tracker - INFO - SpotiSpy song collection starting...
2025-11-03 06:58:03,341 - music_tracker - INFO - Starting song collection (last 1 hours)
2025-11-03 06:58:03,341 - music_tracker - INFO - Fetching recent tracks from Spotify...
2025-11-03 06:58:03,710 - music_tracker - INFO - No recent songs found from Spotify
2025-11-03 06:58:03,712 - music_tracker - INFO - No new songs found from Spotify API
2025-11-03 06:58:03,712 - music_tracker - INFO - Song collection completed successfully
2025-11-03 07:58:02,816 - music_tracker - INFO - SpotiSpy song collection starting...
2025-11-03 07:58:02,816 - music_tracker - INFO - Starting song collection (last 1 hours)
2025-11-03 07:58:02,817 - music_tracker - INFO - Fetching recent tracks from Spotify...
2025-11-03 07:58:03,203 - music_tracker - INFO - No recent songs found from Spotify
2025-11-03 07:58:03,205 - music_tracker - INFO - No new songs found from Spotify API
2025-11-03 07:58:03,205 - music_tracker - INFO - Song collection completed successfully
2025-11-03 08:58:04,388 - music_tracker - INFO - SpotiSpy song collection starting...
2025-11-03 08:58:04,389 - music_tracker - INFO - Starting song collection (last 1 hours)
2025-11-03 08:58:04,390 - music_tracker - INFO - Fetching recent tracks from Spotify...
2025-11-03 08:58:10,116 - music_tracker - INFO - Fetched 12 songs from Spotify
2025-11-03 08:58:10,121 - music_tracker - INFO - Found 12 songs from Spotify API
2025-11-03 08:58:10,122 - music_tracker - INFO - Checking for duplicates in database...
2025-11-03 08:58:21,668 - music_tracker - INFO - Found 12 new songs out of 12 total
2025-11-03 08:58:21,670 - music_tracker - INFO - Found 12 new songs to save
2025-11-03 08:58:21,671 - music_tracker - INFO - Saving songs to database...
2025-11-03 08:58:22,146 - music_tracker - INFO - Successfully saved 12 songs to database
2025-11-03 08:58:22,148 - music_tracker - INFO - Successfully saved 12 songs to database
2025-11-03 08:58:22,149 - music_tracker - INFO - Song collection completed successfully
2025-11-03 09:00:13,636 - music_tracker - INFO - SpotiSpy starting...
2025-11-03 09:00:13,637 - music_tracker - INFO - Starting daily SpotiSpy analysis
2025-11-03 09:00:13,642 - music_tracker - INFO - Fetching yesterday's listening data...
2025-11-03 09:00:14,122 - music_tracker - INFO - Fetched 23 songs from database
2025-11-03 09:00:14,124 - music_tracker - INFO - Found 23 songs to analyze
2025-11-03 09:00:14,125 - music_tracker - INFO - Running analysis...
2025-11-03 09:00:14,129 - music_tracker - INFO - Sending daily summary to Slack...
2025-11-03 09:00:15,104 - music_tracker - INFO - Message sent successfully to Slack
2025-11-03 09:00:15,105 - music_tracker - INFO - Daily analysis completed successfully!
2025-11-03 09:00:15,106 - music_tracker - INFO - SpotiSpy completed successfully
2025-11-03 09:58:03,009 - music_tracker - INFO - SpotiSpy song collection starting...
2025-11-03 09:58:03,010 - music_tracker - INFO - Starting song collection (last 1 hours)
2025-11-03 09:58:03,010 - music_tracker - INFO - Fetching recent tracks from Spotify...
2025-11-03 09:58:03,417 - music_tracker - INFO - No recent songs found from Spotify
2025-11-03 09:58:03,419 - music_tracker - INFO - No new songs found from Spotify API
2025-11-03 09:58:03,420 - music_tracker - INFO - Song collection completed successfully
2025-11-03 10:58:03,317 - music_tracker - INFO - SpotiSpy song collection starting...
2025-11-03 10:58:03,318 - music_tracker - INFO - Starting song collection (last 1 hours)
2025-11-03 10:58:03,318 - music_tracker - INFO - Fetching recent tracks from Spotify...
2025-11-03 10:58:03,968 - music_tracker - INFO - Fetched 14 songs from Spotify
2025-11-03 10:58:03,971 - music_tracker - INFO - Found 14 songs from Spotify API
2025-11-03 10:58:03,972 - music_tracker - INFO - Checking for duplicates in database...
2025-11-03 10:58:05,419 - music_tracker - INFO - Found 14 new songs out of 14 total
2025-11-03 10:58:05,422 - music_tracker - INFO - Found 14 new songs to save
2025-11-03 10:58:05,423 - music_tracker - INFO - Saving songs to database...
2025-11-03 10:58:05,867 - music_tracker - INFO - Successfully saved 14 songs to database
2025-11-03 10:58:05,869 - music_tracker - INFO - Successfully saved 14 songs to database
2025-11-03 10:58:05,870 - music_tracker - INFO - Song collection completed successfully
2025-11-03 11:58:02,786 - music_tracker - INFO - SpotiSpy song collection starting...
2025-11-03 11:58:02,786 - music_tracker - INFO - Starting song collection (last 1 hours)
2025-11-03 11:58:02,787 - music_tracker - INFO - Fetching recent tracks from Spotify...
2025-11-03 11:58:03,317 - music_tracker - INFO - Fetched 20 songs from Spotify
2025-11-03 11:58:03,320 - music_tracker - INFO - Found 20 songs from Spotify API
2025-11-03 11:58:03,321 - music_tracker - INFO - Checking for duplicates in database...
2025-11-03 11:58:04,881 - music_tracker - INFO - Found 20 new songs out of 20 total
2025-11-03 11:58:04,883 - music_tracker - INFO - Found 20 new songs to save
2025-11-03 11:58:04,884 - music_tracker - INFO - Saving songs to database...
2025-11-03 11:58:05,289 - music_tracker - INFO - Successfully saved 20 songs to database
2025-11-03 11:58:05,291 - music_tracker - INFO - Successfully saved 20 songs to database
2025-11-03 11:58:05,292 - music_tracker - INFO - Song collection completed successfully
2025-11-03 12:58:03,197 - music_tracker - INFO - SpotiSpy song collection starting...
2025-11-03 12:58:03,198 - music_tracker - INFO - Starting song collection (last 1 hours)
2025-11-03 12:58:03,198 - music_tracker - INFO - Fetching recent tracks from Spotify...
2025-11-03 12:58:03,997 - music_tracker - INFO - Fetched 2 songs from Spotify
2025-11-03 12:58:04,000 - music_tracker - INFO - Found 2 songs from Spotify API
2025-11-03 12:58:04,001 - music_tracker - INFO - Checking for duplicates in database...
2025-11-03 12:58:05,469 - music_tracker - INFO - Found 2 new songs out of 2 total
2025-11-03 12:58:05,471 - music_tracker - INFO - Found 2 new songs to save
2025-11-03 12:58:05,472 - music_tracker - INFO - Saving songs to database...
2025-11-03 12:58:05,827 - music_tracker - INFO - Successfully saved 2 songs to database
2025-11-03 12:58:05,829 - music_tracker - INFO - Successfully saved 2 songs to database
2025-11-03 12:58:05,830 - music_tracker - INFO - Song collection completed successfully
2025-11-03 13:58:02,752 - music_tracker - INFO - SpotiSpy song collection starting...
2025-11-03 13:58:02,752 - music_tracker - INFO - Starting song collection (last 1 hours)
2025-11-03 13:58:02,753 - music_tracker - INFO - Fetching recent tracks from Spotify...
2025-11-03 13:58:03,191 - music_tracker - INFO - No recent songs found from Spotify
2025-11-03 13:58:03,193 - music_tracker - INFO - No new songs found from Spotify API
2025-11-03 13:58:03,194 - music_tracker - INFO - Song collection completed successfully
2025-11-03 14:58:03,251 - music_tracker - INFO - SpotiSpy song collection starting...
2025-11-03 14:58:03,251 - music_tracker - INFO - Starting song collection (last 1 hours)
2025-11-03 14:58:03,252 - music_tracker - INFO - Fetching recent tracks from Spotify...
2025-11-03 14:58:03,883 - music_tracker - INFO - Fetched 13 songs from Spotify
2025-11-03 14:58:03,888 - music_tracker - INFO - Found 13 songs from Spotify API
2025-11-03 14:58:03,889 - music_tracker - INFO - Checking for duplicates in database...
2025-11-03 14:58:05,298 - music_tracker - INFO - Found 13 new songs out of 13 total
2025-11-03 14:58:05,299 - music_tracker - INFO - Found 13 new songs to save
2025-11-03 14:58:05,300 - music_tracker - INFO - Saving songs to database...
2025-11-03 14:58:05,654 - music_tracker - INFO - Successfully saved 13 songs to database
2025-11-03 14:58:05,655 - music_tracker - INFO - Successfully saved 13 songs to database
2025-11-03 14:58:05,656 - music_tracker - INFO - Song collection completed successfully
2025-11-03 15:58:03,806 - music_tracker - INFO - SpotiSpy song collection starting...
2025-11-03 15:58:03,806 - music_tracker - INFO - Starting song collection (last 1 hours)
2025-11-03 15:58:03,807 - music_tracker - INFO - Fetching recent tracks from Spotify...
2025-11-03 15:58:04,333 - music_tracker - INFO - Fetched 7 songs from Spotify
2025-11-03 15:58:04,336 - music_tracker - INFO - Found 7 songs from Spotify API
2025-11-03 15:58:04,337 - music_tracker - INFO - Checking for duplicates in database...
2025-11-03 15:58:05,684 - music_tracker - INFO - Found 7 new songs out of 7 total
2025-11-03 15:58:05,686 - music_tracker - INFO - Found 7 new songs to save
2025-11-03 15:58:05,687 - music_tracker - INFO - Saving songs to database...
2025-11-03 15:58:05,984 - music_tracker - INFO - Successfully saved 7 songs to database
2025-11-03 15:58:05,986 - music_tracker - INFO - Successfully saved 7 songs to database
2025-11-03 15:58:05,987 - music_tracker - INFO - Song collection completed successfully
2025-11-03 16:58:02,912 - music_tracker - INFO - SpotiSpy song collection starting...
2025-11-03 16:58:02,913 - music_tracker - INFO - Starting song collection (last 1 hours)
2025-11-03 16:58:02,913 - music_tracker - INFO - Fetching recent tracks from Spotify...
2025-11-03 16:58:03,578 - music_tracker - INFO - Fetched 14 songs from Spotify
2025-11-03 16:58:03,581 - music_tracker - INFO - Found 14 songs from Spotify API
2025-11-03 16:58:03,582 - music_tracker - INFO - Checking for duplicates in database...
2025-11-03 16:58:04,980 - music_tracker - INFO - Found 14 new songs out of 14 total
2025-11-03 16:58:04,982 - music_tracker - INFO - Found 14 new songs to save
2025-11-03 16:58:04,983 - music_tracker - INFO - Saving songs to database...
2025-11-03 16:58:05,370 - music_tracker - INFO - Successfully saved 14 songs to database
2025-11-03 16:58:05,372 - music_tracker - INFO - Successfully saved 14 songs to database
2025-11-03 16:58:05,373 - music_tracker - INFO - Song collection completed successfully
2025-11-03 17:58:03,305 - music_tracker - INFO - SpotiSpy song collection starting...
2025-11-03 17:58:03,306 - music_tracker - INFO - Starting song collection (last 1 hours)
2025-11-03 17:58:03,307 - music_tracker - INFO - Fetching recent tracks from Spotify...
2025-11-03 17:58:03,830 - music_tracker - INFO - Fetched 18 songs from Spotify
2025-11-03 17:58:03,833 - music_tracker - INFO - Found 18 songs from Spotify API
2025-11-03 17:58:03,834 - music_tracker - INFO - Checking for duplicates in database...
2025-11-03 17:58:05,267 - music_tracker - INFO - Found 18 new songs out of 18 total
2025-11-03 17:58:05,269 - music_tracker - INFO - Found 18 new songs to save
2025-11-03 17:58:05,270 - music_tracker - INFO - Saving songs to database...
2025-11-03 17:58:05,595 - music_tracker - INFO - Successfully saved 18 songs to database
2025-11-03 17:58:05,597 - music_tracker - INFO - Successfully saved 18 songs to database
2025-11-03 17:58:05,598 - music_tracker - INFO - Song collection completed successfully
2025-11-03 18:58:03,627 - music_tracker - INFO - SpotiSpy song collection starting...
2025-11-03 18:58:03,627 - music_tracker - INFO - Starting song collection (last 1 hours)
2025-11-03 18:58:03,628 - music_tracker - INFO - Fetching recent tracks from Spotify...
2025-11-03 18:58:03,986 - music_tracker - INFO - No recent songs found from Spotify
2025-11-03 18:58:03,988 - music_tracker - INFO - No new songs found from Spotify API
2025-11-03 18:58:03,989 - music_tracker - INFO - Song collection completed successfully
2025-11-03 19:58:03,329 - music_tracker - INFO - SpotiSpy song collection starting...
2025-11-03 19:58:03,330 - music_tracker - INFO - Starting song collection (last 1 hours)
2025-11-03 19:58:03,330 - music_tracker - INFO - Fetching recent tracks from Spotify...
2025-11-03 19:58:03,761 - music_tracker - INFO - No recent songs found from Spotify
2025-11-03 19:58:03,763 - music_tracker - INFO - No new songs found from Spotify API
2025-11-03 19:58:03,763 - music_tracker - INFO - Song collection completed successfully
2025-11-03 20:58:02,698 - music_tracker - INFO - SpotiSpy song collection starting...
2025-11-03 20:58:02,699 - music_tracker - INFO - Starting song collection (last 1 hours)
2025-11-03 20:58:02,699 - music_tracker - INFO - Fetching recent tracks from Spotify...
2025-11-03 20:58:03,087 - music_tracker - INFO - No recent songs found from Spotify
2025-11-03 20:58:03,089 - music_tracker - INFO - No new songs found from Spotify API
2025-11-03 20:58:03,090 - music_tracker - INFO - Song collection completed successfully
2025-11-03 21:58:03,065 - music_tracker - INFO - SpotiSpy song collection starting...
2025-11-03 21:58:03,066 - music_tracker - INFO - Starting song collection (last 1 hours)
2025-11-03 21:58:03,066 - music_tracker - INFO - Fetching recent tracks from Spotify...
2025-11-03 21:58:03,492 - music_tracker - INFO - Fetched 2 songs from Spotify
2025-11-03 21:58:03,494 - music_tracker - INFO - Found 2 songs from Spotify API
2025-11-03 21:58:03,495 - music_tracker - INFO - Checking for duplicates in database...
2025-11-03 21:58:04,913 - music_tracker - INFO - Found 2 new songs out of 2 total
2025-11-03 21:58:04,915 - music_tracker - INFO - Found 2 new songs to save
2025-11-03 21:58:04,916 - music_tracker - INFO - Saving songs to database...
2025-11-03 21:58:05,347 - music_tracker - INFO - Successfully saved 2 songs to database
2025-11-03 21:58:05,349 - music_tracker - INFO - Successfully saved 2 songs to database
2025-11-03 21:58:05,350 - music_tracker - INFO - Song collection completed successfully
2025-11-03 22:58:03,267 - music_tracker - INFO - SpotiSpy song collection starting...
2025-11-03 22:58:03,268 - music_tracker - INFO - Starting song collection (last 1 hours)
2025-11-03 22:58:03,269 - music_tracker - INFO - Fetching recent tracks from Spotify...
2025-11-03 22:58:03,686 - music_tracker - INFO - No recent songs found from Spotify
2025-11-03 22:58:03,688 - music_tracker - INFO - No new songs found from Spotify API
2025-11-03 22:58:03,689 - music_tracker - INFO - Song collection completed successfully
2025-11-03 23:58:03,590 - music_tracker - INFO - SpotiSpy song collection starting...
2025-11-03 23:58:03,591 - music_tracker - INFO - Starting song collection (last 1 hours)
2025-11-03 23:58:03,591 - music_tracker - INFO - Fetching recent tracks from Spotify...
2025-11-03 23:58:03,943 - music_tracker - INFO - No recent songs found from Spotify
2025-11-03 23:58:03,945 - music_tracker - INFO - No new songs found from Spotify API
2025-11-03 23:58:03,946 - music_tracker - INFO - Song collection completed successfully
