2025-12-17 00:58:02,756 - music_tracker - INFO - SpotiSpy song collection starting...
2025-12-17 00:58:02,756 - music_tracker - INFO - Starting song collection (last 1 hours)
2025-12-17 00:58:02,757 - music_tracker - INFO - Fetching recent tracks from Spotify...
2025-12-17 00:58:03,131 - music_tracker - INFO - No recent songs found from Spotify
2025-12-17 00:58:03,133 - music_tracker - INFO - No new songs found from Spotify API
2025-12-17 00:58:03,134 - music_tracker - INFO - Song collection completed successfully
2025-12-17 01:58:03,027 - music_tracker - INFO - SpotiSpy song collection starting...
2025-12-17 01:58:03,027 - music_tracker - INFO - Starting song collection (last 1 hours)
2025-12-17 01:58:03,028 - music_tracker - INFO - Fetching recent tracks from Spotify...
2025-12-17 01:58:03,377 - music_tracker - INFO - No recent songs found from Spotify
2025-12-17 01:58:03,379 - music_tracker - INFO - No new songs found from Spotify API
2025-12-17 01:58:03,379 - music_tracker - INFO - Song collection completed successfully
2025-12-17 02:58:03,267 - music_tracker - INFO - SpotiSpy song collection starting...
2025-12-17 02:58:03,267 - music_tracker - INFO - Starting song collection (last 1 hours)
2025-12-17 02:58:03,268 - music_tracker - INFO - Fetching recent tracks from Spotify...
2025-12-17 02:58:03,632 - music_tracker - INFO - No recent songs found from Spotify
2025-12-17 02:58:03,634 - music_tracker - INFO - No new songs found from Spotify API
2025-12-17 02:58:03,634 - music_tracker - INFO - Song collection completed successfully
2025-12-17 03:58:03,544 - music_tracker - INFO - SpotiSpy song collection starting...
2025-12-17 03:58:03,545 - music_tracker - INFO - Starting song collection (last 1 hours)
2025-12-17 03:58:03,546 - music_tracker - INFO - Fetching recent tracks from Spotify...
2025-12-17 03:58:03,904 - music_tracker - INFO - No recent songs found from Spotify
2025-12-17 03:58:03,906 - music_tracker - INFO - No new songs found from Spotify API
2025-12-17 03:58:03,907 - music_tracker - INFO - Song collection completed successfully
2025-12-17 04:58:02,945 - music_tracker - INFO - SpotiSpy song collection starting...
2025-12-17 04:58:02,946 - music_tracker - INFO - Starting song collection (last 1 hours)
2025-12-17 04:58:02,946 - music_tracker - INFO - Fetching recent tracks from Spotify...
2025-12-17 04:58:03,291 - music_tracker - INFO - No recent songs found from Spotify
2025-12-17 04:58:03,293 - music_tracker - INFO - No new songs found from Spotify API
2025-12-17 04:58:03,294 - music_tracker - INFO - Song collection completed successfully
2025-12-17 05:58:03,831 - music_tracker - INFO - SpotiSpy song collection starting...
2025-12-17 05:58:03,831 - music_tracker - INFO - Starting song collection (last 1 hours)
2025-12-17 05:58:03,832 - music_tracker - INFO - Fetching recent tracks from Spotify...
2025-12-17 05:58:04,180 - music_tracker - INFO - No recent songs found from Spotify
2025-12-17 05:58:04,182 - music_tracker - INFO - No new songs found from Spotify API
2025-12-17 05:58:04,183 - music_tracker - INFO - Song collection completed successfully
2025-12-17 06:58:03,129 - music_tracker - INFO - SpotiSpy song collection starting...
2025-12-17 06:58:03,130 - music_tracker - INFO - Starting song collection (last 1 hours)
2025-12-17 06:58:03,130 - music_tracker - INFO - Fetching recent tracks from Spotify...
2025-12-17 06:58:03,479 - music_tracker - INFO - No recent songs found from Spotify
2025-12-17 06:58:03,481 - music_tracker - INFO - No new songs found from Spotify API
2025-12-17 06:58:03,481 - music_tracker - INFO - Song collection completed successfully
2025-12-17 07:58:03,394 - music_tracker - INFO - SpotiSpy song collection starting...
2025-12-17 07:58:03,396 - music_tracker - INFO - Starting song collection (last 1 hours)
2025-12-17 07:58:03,396 - music_tracker - INFO - Fetching recent tracks from Spotify...
2025-12-17 07:58:08,888 - music_tracker - INFO - No recent songs found from Spotify
2025-12-17 07:58:08,891 - music_tracker - INFO - No new songs found from Spotify API
2025-12-17 07:58:08,891 - music_tracker - INFO - Song collection completed successfully
2025-12-17 08:58:02,817 - music_tracker - INFO - SpotiSpy song collection starting...
2025-12-17 08:58:02,818 - music_tracker - INFO - Starting song collection (last 1 hours)
2025-12-17 08:58:02,818 - music_tracker - INFO - Fetching recent tracks from Spotify...
2025-12-17 08:58:03,201 - music_tracker - INFO - No recent songs found from Spotify
2025-12-17 08:58:03,203 - music_tracker - INFO - No new songs found from Spotify API
2025-12-17 08:58:03,204 - music_tracker - INFO - Song collection completed successfully
2025-12-17 09:00:12,903 - music_tracker - INFO - SpotiSpy starting...
2025-12-17 09:00:12,903 - music_tracker - INFO - Starting daily SpotiSpy analysis
2025-12-17 09:00:12,908 - music_tracker - INFO - Fetching yesterday's listening data...
2025-12-17 09:00:14,656 - music_tracker - INFO - Fetched 98 songs from database
2025-12-17 09:00:14,659 - music_tracker - INFO - Found 98 songs to analyze
2025-12-17 09:00:14,660 - music_tracker - INFO - Running analysis...
2025-12-17 09:00:14,670 - music_tracker - INFO - Sending daily summary to Slack...
2025-12-17 09:00:15,552 - music_tracker - INFO - Message sent successfully to Slack
2025-12-17 09:00:15,553 - music_tracker - INFO - Daily analysis completed successfully!
2025-12-17 09:00:15,554 - music_tracker - INFO - SpotiSpy completed successfully
2025-12-17 09:58:03,567 - music_tracker - INFO - SpotiSpy song collection starting...
2025-12-17 09:58:03,567 - music_tracker - INFO - Starting song collection (last 1 hours)
2025-12-17 09:58:03,568 - music_tracker - INFO - Fetching recent tracks from Spotify...
2025-12-17 09:58:03,943 - music_tracker - INFO - No recent songs found from Spotify
2025-12-17 09:58:03,945 - music_tracker - INFO - No new songs found from Spotify API
2025-12-17 09:58:03,946 - music_tracker - INFO - Song collection completed successfully
2025-12-17 10:58:02,844 - music_tracker - INFO - SpotiSpy song collection starting...
2025-12-17 10:58:02,845 - music_tracker - INFO - Starting song collection (last 1 hours)
2025-12-17 10:58:02,845 - music_tracker - INFO - Fetching recent tracks from Spotify...
2025-12-17 10:58:03,378 - music_tracker - INFO - Fetched 8 songs from Spotify
2025-12-17 10:58:03,380 - music_tracker - INFO - Found 8 songs from Spotify API
2025-12-17 10:58:03,381 - music_tracker - INFO - Checking for duplicates in database...
2025-12-17 10:58:04,848 - music_tracker - INFO - Found 8 new songs out of 8 total
2025-12-17 10:58:04,851 - music_tracker - INFO - Found 8 new songs to save
2025-12-17 10:58:04,852 - music_tracker - INFO - Saving songs to database...
2025-12-17 10:58:05,164 - music_tracker - INFO - Successfully saved 8 songs to database
2025-12-17 10:58:05,166 - music_tracker - INFO - Successfully saved 8 songs to database
2025-12-17 10:58:05,167 - music_tracker - INFO - Song collection completed successfully
2025-12-17 11:58:04,299 - music_tracker - INFO - SpotiSpy song collection starting...
2025-12-17 11:58:04,300 - music_tracker - INFO - Starting song collection (last 1 hours)
2025-12-17 11:58:04,301 - music_tracker - INFO - Fetching recent tracks from Spotify...
2025-12-17 11:58:04,763 - music_tracker - INFO - Fetched 8 songs from Spotify
2025-12-17 11:58:04,766 - music_tracker - INFO - Found 8 songs from Spotify API
2025-12-17 11:58:04,766 - music_tracker - INFO - Checking for duplicates in database...
2025-12-17 11:58:06,177 - music_tracker - INFO - Found 8 new songs out of 8 total
2025-12-17 11:58:06,180 - music_tracker - INFO - Found 8 new songs to save
2025-12-17 11:58:06,180 - music_tracker - INFO - Saving songs to database...
2025-12-17 11:58:06,467 - music_tracker - INFO - Successfully saved 8 songs to database
2025-12-17 11:58:06,469 - music_tracker - INFO - Successfully saved 8 songs to database
2025-12-17 11:58:06,470 - music_tracker - INFO - Song collection completed successfully
2025-12-17 12:58:03,485 - music_tracker - INFO - SpotiSpy song collection starting...
2025-12-17 12:58:03,486 - music_tracker - INFO - Starting song collection (last 1 hours)
2025-12-17 12:58:03,487 - music_tracker - INFO - Fetching recent tracks from Spotify...
2025-12-17 12:58:09,036 - music_tracker - INFO - Fetched 5 songs from Spotify
2025-12-17 12:58:09,040 - music_tracker - INFO - Found 5 songs from Spotify API
2025-12-17 12:58:09,041 - music_tracker - INFO - Checking for duplicates in database...
2025-12-17 12:58:10,410 - music_tracker - INFO - Found 5 new songs out of 5 total
2025-12-17 12:58:10,412 - music_tracker - INFO - Found 5 new songs to save
2025-12-17 12:58:10,413 - music_tracker - INFO - Saving songs to database...
2025-12-17 12:58:10,781 - music_tracker - INFO - Successfully saved 5 songs to database
2025-12-17 12:58:10,783 - music_tracker - INFO - Successfully saved 5 songs to database
2025-12-17 12:58:10,783 - music_tracker - INFO - Song collection completed successfully
2025-12-17 13:58:03,382 - music_tracker - INFO - SpotiSpy song collection starting...
2025-12-17 13:58:03,383 - music_tracker - INFO - Starting song collection (last 1 hours)
2025-12-17 13:58:03,384 - music_tracker - INFO - Fetching recent tracks from Spotify...
2025-12-17 13:58:03,974 - music_tracker - INFO - Fetched 19 songs from Spotify
2025-12-17 13:58:03,977 - music_tracker - INFO - Found 19 songs from Spotify API
2025-12-17 13:58:03,978 - music_tracker - INFO - Checking for duplicates in database...
2025-12-17 13:58:05,374 - music_tracker - INFO - Found 19 new songs out of 19 total
2025-12-17 13:58:05,376 - music_tracker - INFO - Found 19 new songs to save
2025-12-17 13:58:05,377 - music_tracker - INFO - Saving songs to database...
2025-12-17 13:58:05,753 - music_tracker - INFO - Successfully saved 19 songs to database
2025-12-17 13:58:05,755 - music_tracker - INFO - Successfully saved 19 songs to database
2025-12-17 13:58:05,756 - music_tracker - INFO - Song collection completed successfully
2025-12-17 14:58:02,684 - music_tracker - INFO - SpotiSpy song collection starting...
2025-12-17 14:58:02,686 - music_tracker - INFO - Starting song collection (last 1 hours)
2025-12-17 14:58:02,687 - music_tracker - INFO - Fetching recent tracks from Spotify...
2025-12-17 14:58:03,188 - music_tracker - INFO - Fetched 13 songs from Spotify
2025-12-17 14:58:03,191 - music_tracker - INFO - Found 13 songs from Spotify API
2025-12-17 14:58:03,192 - music_tracker - INFO - Checking for duplicates in database...
2025-12-17 14:58:04,668 - music_tracker - INFO - Found 13 new songs out of 13 total
2025-12-17 14:58:04,670 - music_tracker - INFO - Found 13 new songs to save
2025-12-17 14:58:04,671 - music_tracker - INFO - Saving songs to database...
2025-12-17 14:58:05,030 - music_tracker - INFO - Successfully saved 13 songs to database
2025-12-17 14:58:05,032 - music_tracker - INFO - Successfully saved 13 songs to database
2025-12-17 14:58:05,033 - music_tracker - INFO - Song collection completed successfully
2025-12-17 15:58:03,011 - music_tracker - INFO - SpotiSpy song collection starting...
2025-12-17 15:58:03,011 - music_tracker - INFO - Starting song collection (last 1 hours)
2025-12-17 15:58:03,012 - music_tracker - INFO - Fetching recent tracks from Spotify...
2025-12-17 15:58:03,725 - music_tracker - INFO - Fetched 19 songs from Spotify
2025-12-17 15:58:03,730 - music_tracker - INFO - Found 19 songs from Spotify API
2025-12-17 15:58:03,731 - music_tracker - INFO - Checking for duplicates in database...
2025-12-17 15:58:05,249 - music_tracker - INFO - Found 19 new songs out of 19 total
2025-12-17 15:58:05,251 - music_tracker - INFO - Found 19 new songs to save
2025-12-17 15:58:05,252 - music_tracker - INFO - Saving songs to database...
2025-12-17 15:58:05,557 - music_tracker - INFO - Successfully saved 19 songs to database
2025-12-17 15:58:05,559 - music_tracker - INFO - Successfully saved 19 songs to database
2025-12-17 15:58:05,560 - music_tracker - INFO - Song collection completed successfully
2025-12-17 16:58:03,490 - music_tracker - INFO - SpotiSpy song collection starting...
2025-12-17 16:58:03,491 - music_tracker - INFO - Starting song collection (last 1 hours)
2025-12-17 16:58:03,492 - music_tracker - INFO - Fetching recent tracks from Spotify...
2025-12-17 16:58:04,022 - music_tracker - INFO - Fetched 18 songs from Spotify
2025-12-17 16:58:04,025 - music_tracker - INFO - Found 18 songs from Spotify API
2025-12-17 16:58:04,026 - music_tracker - INFO - Checking for duplicates in database...
2025-12-17 16:58:05,420 - music_tracker - INFO - Found 18 new songs out of 18 total
2025-12-17 16:58:05,423 - music_tracker - INFO - Found 18 new songs to save
2025-12-17 16:58:05,424 - music_tracker - INFO - Saving songs to database...
2025-12-17 16:58:05,729 - music_tracker - INFO - Successfully saved 18 songs to database
2025-12-17 16:58:05,731 - music_tracker - INFO - Successfully saved 18 songs to database
2025-12-17 16:58:05,732 - music_tracker - INFO - Song collection completed successfully
2025-12-17 17:58:02,965 - music_tracker - INFO - SpotiSpy song collection starting...
2025-12-17 17:58:02,965 - music_tracker - INFO - Starting song collection (last 1 hours)
2025-12-17 17:58:02,966 - music_tracker - INFO - Fetching recent tracks from Spotify...
2025-12-17 17:58:03,448 - music_tracker - INFO - Fetched 2 songs from Spotify
2025-12-17 17:58:03,450 - music_tracker - INFO - Found 2 songs from Spotify API
2025-12-17 17:58:03,451 - music_tracker - INFO - Checking for duplicates in database...
2025-12-17 17:58:04,795 - music_tracker - INFO - Found 2 new songs out of 2 total
2025-12-17 17:58:04,797 - music_tracker - INFO - Found 2 new songs to save
2025-12-17 17:58:04,798 - music_tracker - INFO - Saving songs to database...
2025-12-17 17:58:05,075 - music_tracker - INFO - Successfully saved 2 songs to database
2025-12-17 17:58:05,076 - music_tracker - INFO - Successfully saved 2 songs to database
2025-12-17 17:58:05,076 - music_tracker - INFO - Song collection completed successfully
2025-12-17 18:58:03,312 - music_tracker - INFO - SpotiSpy song collection starting...
2025-12-17 18:58:03,312 - music_tracker - INFO - Starting song collection (last 1 hours)
2025-12-17 18:58:03,313 - music_tracker - INFO - Fetching recent tracks from Spotify...
2025-12-17 18:58:03,700 - music_tracker - INFO - No recent songs found from Spotify
2025-12-17 18:58:03,702 - music_tracker - INFO - No new songs found from Spotify API
2025-12-17 18:58:03,702 - music_tracker - INFO - Song collection completed successfully
2025-12-17 19:58:03,590 - music_tracker - INFO - SpotiSpy song collection starting...
2025-12-17 19:58:03,591 - music_tracker - INFO - Starting song collection (last 1 hours)
2025-12-17 19:58:03,591 - music_tracker - INFO - Fetching recent tracks from Spotify...
2025-12-17 19:58:04,041 - music_tracker - INFO - No recent songs found from Spotify
2025-12-17 19:58:04,043 - music_tracker - INFO - No new songs found from Spotify API
2025-12-17 19:58:04,044 - music_tracker - INFO - Song collection completed successfully
2025-12-17 20:58:02,932 - music_tracker - INFO - SpotiSpy song collection starting...
2025-12-17 20:58:02,933 - music_tracker - INFO - Starting song collection (last 1 hours)
2025-12-17 20:58:02,934 - music_tracker - INFO - Fetching recent tracks from Spotify...
2025-12-17 20:58:03,378 - music_tracker - INFO - No recent songs found from Spotify
2025-12-17 20:58:03,380 - music_tracker - INFO - No new songs found from Spotify API
2025-12-17 20:58:03,381 - music_tracker - INFO - Song collection completed successfully
2025-12-17 21:58:03,285 - music_tracker - INFO - SpotiSpy song collection starting...
2025-12-17 21:58:03,286 - music_tracker - INFO - Starting song collection (last 1 hours)
2025-12-17 21:58:03,286 - music_tracker - INFO - Fetching recent tracks from Spotify...
2025-12-17 21:58:03,674 - music_tracker - INFO - No recent songs found from Spotify
2025-12-17 21:58:03,676 - music_tracker - INFO - No new songs found from Spotify API
2025-12-17 21:58:03,677 - music_tracker - INFO - Song collection completed successfully
2025-12-17 22:58:03,564 - music_tracker - INFO - SpotiSpy song collection starting...
2025-12-17 22:58:03,565 - music_tracker - INFO - Starting song collection (last 1 hours)
2025-12-17 22:58:03,566 - music_tracker - INFO - Fetching recent tracks from Spotify...
2025-12-17 22:58:03,971 - music_tracker - INFO - No recent songs found from Spotify
2025-12-17 22:58:03,973 - music_tracker - INFO - No new songs found from Spotify API
2025-12-17 22:58:03,974 - music_tracker - INFO - Song collection completed successfully
2025-12-17 23:58:02,862 - music_tracker - INFO - SpotiSpy song collection starting...
2025-12-17 23:58:02,863 - music_tracker - INFO - Starting song collection (last 1 hours)
2025-12-17 23:58:02,864 - music_tracker - INFO - Fetching recent tracks from Spotify...
2025-12-17 23:58:03,210 - music_tracker - INFO - No recent songs found from Spotify
2025-12-17 23:58:03,212 - music_tracker - INFO - No new songs found from Spotify API
2025-12-17 23:58:03,213 - music_tracker - INFO - Song collection completed successfully
