2025-11-06 00:58:02,854 - music_tracker - INFO - SpotiSpy song collection starting...
2025-11-06 00:58:02,854 - music_tracker - INFO - Starting song collection (last 1 hours)
2025-11-06 00:58:02,855 - music_tracker - INFO - Fetching recent tracks from Spotify...
2025-11-06 00:58:03,188 - music_tracker - INFO - No recent songs found from Spotify
2025-11-06 00:58:03,190 - music_tracker - INFO - No new songs found from Spotify API
2025-11-06 00:58:03,191 - music_tracker - INFO - Song collection completed successfully
2025-11-06 01:58:03,443 - music_tracker - INFO - SpotiSpy song collection starting...
2025-11-06 01:58:03,443 - music_tracker - INFO - Starting song collection (last 1 hours)
2025-11-06 01:58:03,444 - music_tracker - INFO - Fetching recent tracks from Spotify...
2025-11-06 01:58:03,822 - music_tracker - INFO - No recent songs found from Spotify
2025-11-06 01:58:03,824 - music_tracker - INFO - No new songs found from Spotify API
2025-11-06 01:58:03,824 - music_tracker - INFO - Song collection completed successfully
2025-11-06 02:58:03,138 - music_tracker - INFO - SpotiSpy song collection starting...
2025-11-06 02:58:03,140 - music_tracker - INFO - Starting song collection (last 1 hours)
2025-11-06 02:58:03,140 - music_tracker - INFO - Fetching recent tracks from Spotify...
2025-11-06 02:58:03,530 - music_tracker - INFO - No recent songs found from Spotify
2025-11-06 02:58:03,532 - music_tracker - INFO - No new songs found from Spotify API
2025-11-06 02:58:03,533 - music_tracker - INFO - Song collection completed successfully
2025-11-06 03:58:03,478 - music_tracker - INFO - SpotiSpy song collection starting...
2025-11-06 03:58:03,479 - music_tracker - INFO - Starting song collection (last 1 hours)
2025-11-06 03:58:03,480 - music_tracker - INFO - Fetching recent tracks from Spotify...
2025-11-06 03:58:03,820 - music_tracker - INFO - No recent songs found from Spotify
2025-11-06 03:58:03,822 - music_tracker - INFO - No new songs found from Spotify API
2025-11-06 03:58:03,823 - music_tracker - INFO - Song collection completed successfully
2025-11-06 04:58:02,707 - music_tracker - INFO - SpotiSpy song collection starting...
2025-11-06 04:58:02,708 - music_tracker - INFO - Starting song collection (last 1 hours)
2025-11-06 04:58:02,709 - music_tracker - INFO - Fetching recent tracks from Spotify...
2025-11-06 04:58:03,058 - music_tracker - INFO - No recent songs found from Spotify
2025-11-06 04:58:03,060 - music_tracker - INFO - No new songs found from Spotify API
2025-11-06 04:58:03,060 - music_tracker - INFO - Song collection completed successfully
2025-11-06 05:58:02,946 - music_tracker - INFO - SpotiSpy song collection starting...
2025-11-06 05:58:02,946 - music_tracker - INFO - Starting song collection (last 1 hours)
2025-11-06 05:58:02,947 - music_tracker - INFO - Fetching recent tracks from Spotify...
2025-11-06 05:58:03,305 - music_tracker - INFO - No recent songs found from Spotify
2025-11-06 05:58:03,307 - music_tracker - INFO - No new songs found from Spotify API
2025-11-06 05:58:03,308 - music_tracker - INFO - Song collection completed successfully
2025-11-06 06:58:03,275 - music_tracker - INFO - SpotiSpy song collection starting...
2025-11-06 06:58:03,276 - music_tracker - INFO - Starting song collection (last 1 hours)
2025-11-06 06:58:03,277 - music_tracker - INFO - Fetching recent tracks from Spotify...
2025-11-06 06:58:03,646 - music_tracker - INFO - No recent songs found from Spotify
2025-11-06 06:58:03,648 - music_tracker - INFO - No new songs found from Spotify API
2025-11-06 06:58:03,648 - music_tracker - INFO - Song collection completed successfully
2025-11-06 07:58:03,551 - music_tracker - INFO - SpotiSpy song collection starting...
2025-11-06 07:58:03,552 - music_tracker - INFO - Starting song collection (last 1 hours)
2025-11-06 07:58:03,553 - music_tracker - INFO - Fetching recent tracks from Spotify...
2025-11-06 07:58:04,030 - music_tracker - INFO - Fetched 4 songs from Spotify
2025-11-06 07:58:04,032 - music_tracker - INFO - Found 4 songs from Spotify API
2025-11-06 07:58:04,033 - music_tracker - INFO - Checking for duplicates in database...
2025-11-06 07:58:05,600 - music_tracker - INFO - Found 4 new songs out of 4 total
2025-11-06 07:58:05,602 - music_tracker - INFO - Found 4 new songs to save
2025-11-06 07:58:05,603 - music_tracker - INFO - Saving songs to database...
2025-11-06 07:58:05,987 - music_tracker - INFO - Successfully saved 4 songs to database
2025-11-06 07:58:05,989 - music_tracker - INFO - Successfully saved 4 songs to database
2025-11-06 07:58:05,990 - music_tracker - INFO - Song collection completed successfully
2025-11-06 08:58:03,827 - music_tracker - INFO - SpotiSpy song collection starting...
2025-11-06 08:58:03,829 - music_tracker - INFO - Starting song collection (last 1 hours)
2025-11-06 08:58:03,829 - music_tracker - INFO - Fetching recent tracks from Spotify...
2025-11-06 08:58:04,401 - music_tracker - INFO - Fetched 14 songs from Spotify
2025-11-06 08:58:04,405 - music_tracker - INFO - Found 14 songs from Spotify API
2025-11-06 08:58:04,406 - music_tracker - INFO - Checking for duplicates in database...
2025-11-06 08:58:05,931 - music_tracker - INFO - Found 14 new songs out of 14 total
2025-11-06 08:58:05,934 - music_tracker - INFO - Found 14 new songs to save
2025-11-06 08:58:05,934 - music_tracker - INFO - Saving songs to database...
2025-11-06 08:58:06,263 - music_tracker - INFO - Successfully saved 14 songs to database
2025-11-06 08:58:06,264 - music_tracker - INFO - Successfully saved 14 songs to database
2025-11-06 08:58:06,264 - music_tracker - INFO - Song collection completed successfully
2025-11-06 09:00:12,569 - music_tracker - INFO - SpotiSpy starting...
2025-11-06 09:00:12,570 - music_tracker - INFO - Starting daily SpotiSpy analysis
2025-11-06 09:00:12,575 - music_tracker - INFO - Fetching yesterday's listening data...
2025-11-06 09:00:13,091 - music_tracker - INFO - Fetched 82 songs from database
2025-11-06 09:00:13,093 - music_tracker - INFO - Found 82 songs to analyze
2025-11-06 09:00:13,094 - music_tracker - INFO - Running analysis...
2025-11-06 09:00:13,100 - music_tracker - INFO - Sending daily summary to Slack...
2025-11-06 09:00:13,946 - music_tracker - INFO - Message sent successfully to Slack
2025-11-06 09:00:13,946 - music_tracker - INFO - Daily analysis completed successfully!
2025-11-06 09:00:13,947 - music_tracker - INFO - SpotiSpy completed successfully
2025-11-06 09:58:02,836 - music_tracker - INFO - SpotiSpy song collection starting...
2025-11-06 09:58:02,837 - music_tracker - INFO - Starting song collection (last 1 hours)
2025-11-06 09:58:02,837 - music_tracker - INFO - Fetching recent tracks from Spotify...
2025-11-06 09:58:03,434 - music_tracker - INFO - Fetched 3 songs from Spotify
2025-11-06 09:58:03,436 - music_tracker - INFO - Found 3 songs from Spotify API
2025-11-06 09:58:03,437 - music_tracker - INFO - Checking for duplicates in database...
2025-11-06 09:58:04,881 - music_tracker - INFO - Found 3 new songs out of 3 total
2025-11-06 09:58:04,883 - music_tracker - INFO - Found 3 new songs to save
2025-11-06 09:58:04,884 - music_tracker - INFO - Saving songs to database...
2025-11-06 09:58:05,174 - music_tracker - INFO - Successfully saved 3 songs to database
2025-11-06 09:58:05,176 - music_tracker - INFO - Successfully saved 3 songs to database
2025-11-06 09:58:05,177 - music_tracker - INFO - Song collection completed successfully
2025-11-06 10:58:03,136 - music_tracker - INFO - SpotiSpy song collection starting...
2025-11-06 10:58:03,137 - music_tracker - INFO - Starting song collection (last 1 hours)
2025-11-06 10:58:03,137 - music_tracker - INFO - Fetching recent tracks from Spotify...
2025-11-06 10:58:05,627 - music_tracker - INFO - No recent songs found from Spotify
2025-11-06 10:58:05,630 - music_tracker - INFO - No new songs found from Spotify API
2025-11-06 10:58:05,631 - music_tracker - INFO - Song collection completed successfully
2025-11-06 11:58:03,593 - music_tracker - INFO - SpotiSpy song collection starting...
2025-11-06 11:58:03,593 - music_tracker - INFO - Starting song collection (last 1 hours)
2025-11-06 11:58:03,594 - music_tracker - INFO - Fetching recent tracks from Spotify...
2025-11-06 11:58:04,153 - music_tracker - INFO - Fetched 12 songs from Spotify
2025-11-06 11:58:04,155 - music_tracker - INFO - Found 12 songs from Spotify API
2025-11-06 11:58:04,156 - music_tracker - INFO - Checking for duplicates in database...
2025-11-06 11:58:05,734 - music_tracker - INFO - Found 12 new songs out of 12 total
2025-11-06 11:58:05,737 - music_tracker - INFO - Found 12 new songs to save
2025-11-06 11:58:05,737 - music_tracker - INFO - Saving songs to database...
2025-11-06 11:58:06,252 - music_tracker - INFO - Successfully saved 12 songs to database
2025-11-06 11:58:06,254 - music_tracker - INFO - Successfully saved 12 songs to database
2025-11-06 11:58:06,255 - music_tracker - INFO - Song collection completed successfully
2025-11-06 12:58:03,171 - music_tracker - INFO - SpotiSpy song collection starting...
2025-11-06 12:58:03,172 - music_tracker - INFO - Starting song collection (last 1 hours)
2025-11-06 12:58:03,173 - music_tracker - INFO - Fetching recent tracks from Spotify...
2025-11-06 12:58:03,660 - music_tracker - INFO - Fetched 3 songs from Spotify
2025-11-06 12:58:03,663 - music_tracker - INFO - Found 3 songs from Spotify API
2025-11-06 12:58:03,663 - music_tracker - INFO - Checking for duplicates in database...
2025-11-06 12:58:05,105 - music_tracker - INFO - Found 3 new songs out of 3 total
2025-11-06 12:58:05,107 - music_tracker - INFO - Found 3 new songs to save
2025-11-06 12:58:05,108 - music_tracker - INFO - Saving songs to database...
2025-11-06 12:58:05,467 - music_tracker - INFO - Successfully saved 3 songs to database
2025-11-06 12:58:05,469 - music_tracker - INFO - Successfully saved 3 songs to database
2025-11-06 12:58:05,470 - music_tracker - INFO - Song collection completed successfully
2025-11-06 13:58:03,373 - music_tracker - INFO - SpotiSpy song collection starting...
2025-11-06 13:58:03,374 - music_tracker - INFO - Starting song collection (last 1 hours)
2025-11-06 13:58:03,374 - music_tracker - INFO - Fetching recent tracks from Spotify...
2025-11-06 13:58:03,901 - music_tracker - INFO - Fetched 12 songs from Spotify
2025-11-06 13:58:03,904 - music_tracker - INFO - Found 12 songs from Spotify API
2025-11-06 13:58:03,905 - music_tracker - INFO - Checking for duplicates in database...
2025-11-06 13:58:05,365 - music_tracker - INFO - Found 12 new songs out of 12 total
2025-11-06 13:58:05,367 - music_tracker - INFO - Found 12 new songs to save
2025-11-06 13:58:05,368 - music_tracker - INFO - Saving songs to database...
2025-11-06 13:58:05,817 - music_tracker - INFO - Successfully saved 12 songs to database
2025-11-06 13:58:05,820 - music_tracker - INFO - Successfully saved 12 songs to database
2025-11-06 13:58:05,821 - music_tracker - INFO - Song collection completed successfully
2025-11-06 14:58:02,734 - music_tracker - INFO - SpotiSpy song collection starting...
2025-11-06 14:58:02,734 - music_tracker - INFO - Starting song collection (last 1 hours)
2025-11-06 14:58:02,735 - music_tracker - INFO - Fetching recent tracks from Spotify...
2025-11-06 14:58:03,233 - music_tracker - INFO - Fetched 8 songs from Spotify
2025-11-06 14:58:03,235 - music_tracker - INFO - Found 8 songs from Spotify API
2025-11-06 14:58:03,236 - music_tracker - INFO - Checking for duplicates in database...
2025-11-06 14:58:04,726 - music_tracker - INFO - Found 8 new songs out of 8 total
2025-11-06 14:58:04,728 - music_tracker - INFO - Found 8 new songs to save
2025-11-06 14:58:04,729 - music_tracker - INFO - Saving songs to database...
2025-11-06 14:58:05,137 - music_tracker - INFO - Successfully saved 8 songs to database
2025-11-06 14:58:05,139 - music_tracker - INFO - Successfully saved 8 songs to database
2025-11-06 14:58:05,140 - music_tracker - INFO - Song collection completed successfully
2025-11-06 15:58:03,063 - music_tracker - INFO - SpotiSpy song collection starting...
2025-11-06 15:58:03,064 - music_tracker - INFO - Starting song collection (last 1 hours)
2025-11-06 15:58:03,065 - music_tracker - INFO - Fetching recent tracks from Spotify...
2025-11-06 15:58:03,756 - music_tracker - INFO - Fetched 17 songs from Spotify
2025-11-06 15:58:03,759 - music_tracker - INFO - Found 17 songs from Spotify API
2025-11-06 15:58:03,759 - music_tracker - INFO - Checking for duplicates in database...
2025-11-06 15:58:05,293 - music_tracker - INFO - Found 17 new songs out of 17 total
2025-11-06 15:58:05,295 - music_tracker - INFO - Found 17 new songs to save
2025-11-06 15:58:05,296 - music_tracker - INFO - Saving songs to database...
2025-11-06 15:58:05,674 - music_tracker - INFO - Successfully saved 17 songs to database
2025-11-06 15:58:05,676 - music_tracker - INFO - Successfully saved 17 songs to database
2025-11-06 15:58:05,676 - music_tracker - INFO - Song collection completed successfully
2025-11-06 16:58:02,596 - music_tracker - INFO - SpotiSpy song collection starting...
2025-11-06 16:58:02,596 - music_tracker - INFO - Starting song collection (last 1 hours)
2025-11-06 16:58:02,597 - music_tracker - INFO - Fetching recent tracks from Spotify...
2025-11-06 16:58:03,290 - music_tracker - INFO - Fetched 21 songs from Spotify
2025-11-06 16:58:03,294 - music_tracker - INFO - Found 21 songs from Spotify API
2025-11-06 16:58:03,295 - music_tracker - INFO - Checking for duplicates in database...
2025-11-06 16:58:04,788 - music_tracker - INFO - Found 21 new songs out of 21 total
2025-11-06 16:58:04,790 - music_tracker - INFO - Found 21 new songs to save
2025-11-06 16:58:04,791 - music_tracker - INFO - Saving songs to database...
2025-11-06 16:58:05,275 - music_tracker - INFO - Successfully saved 21 songs to database
2025-11-06 16:58:05,277 - music_tracker - INFO - Successfully saved 21 songs to database
2025-11-06 16:58:05,278 - music_tracker - INFO - Song collection completed successfully
2025-11-06 17:58:03,202 - music_tracker - INFO - SpotiSpy song collection starting...
2025-11-06 17:58:03,202 - music_tracker - INFO - Starting song collection (last 1 hours)
2025-11-06 17:58:03,203 - music_tracker - INFO - Fetching recent tracks from Spotify...
2025-11-06 17:58:03,761 - music_tracker - INFO - Fetched 6 songs from Spotify
2025-11-06 17:58:03,763 - music_tracker - INFO - Found 6 songs from Spotify API
2025-11-06 17:58:03,764 - music_tracker - INFO - Checking for duplicates in database...
2025-11-06 17:58:05,277 - music_tracker - INFO - Found 6 new songs out of 6 total
2025-11-06 17:58:05,279 - music_tracker - INFO - Found 6 new songs to save
2025-11-06 17:58:05,280 - music_tracker - INFO - Saving songs to database...
2025-11-06 17:58:05,576 - music_tracker - INFO - Successfully saved 6 songs to database
2025-11-06 17:58:05,577 - music_tracker - INFO - Successfully saved 6 songs to database
2025-11-06 17:58:05,578 - music_tracker - INFO - Song collection completed successfully
2025-11-06 18:58:03,509 - music_tracker - INFO - SpotiSpy song collection starting...
2025-11-06 18:58:03,509 - music_tracker - INFO - Starting song collection (last 1 hours)
2025-11-06 18:58:03,510 - music_tracker - INFO - Fetching recent tracks from Spotify...
2025-11-06 18:58:03,864 - music_tracker - INFO - No recent songs found from Spotify
2025-11-06 18:58:03,866 - music_tracker - INFO - No new songs found from Spotify API
2025-11-06 18:58:03,866 - music_tracker - INFO - Song collection completed successfully
2025-11-06 19:58:02,750 - music_tracker - INFO - SpotiSpy song collection starting...
2025-11-06 19:58:02,751 - music_tracker - INFO - Starting song collection (last 1 hours)
2025-11-06 19:58:02,752 - music_tracker - INFO - Fetching recent tracks from Spotify...
2025-11-06 19:58:03,141 - music_tracker - INFO - No recent songs found from Spotify
2025-11-06 19:58:03,144 - music_tracker - INFO - No new songs found from Spotify API
2025-11-06 19:58:03,144 - music_tracker - INFO - Song collection completed successfully
2025-11-06 20:58:03,031 - music_tracker - INFO - SpotiSpy song collection starting...
2025-11-06 20:58:03,031 - music_tracker - INFO - Starting song collection (last 1 hours)
2025-11-06 20:58:03,032 - music_tracker - INFO - Fetching recent tracks from Spotify...
2025-11-06 20:58:03,410 - music_tracker - INFO - No recent songs found from Spotify
2025-11-06 20:58:03,412 - music_tracker - INFO - No new songs found from Spotify API
2025-11-06 20:58:03,412 - music_tracker - INFO - Song collection completed successfully
2025-11-06 21:58:03,295 - music_tracker - INFO - SpotiSpy song collection starting...
2025-11-06 21:58:03,295 - music_tracker - INFO - Starting song collection (last 1 hours)
2025-11-06 21:58:03,296 - music_tracker - INFO - Fetching recent tracks from Spotify...
2025-11-06 21:58:03,825 - music_tracker - INFO - Fetched 11 songs from Spotify
2025-11-06 21:58:03,828 - music_tracker - INFO - Found 11 songs from Spotify API
2025-11-06 21:58:03,828 - music_tracker - INFO - Checking for duplicates in database...
2025-11-06 21:58:05,418 - music_tracker - INFO - Found 11 new songs out of 11 total
2025-11-06 21:58:05,420 - music_tracker - INFO - Found 11 new songs to save
2025-11-06 21:58:05,421 - music_tracker - INFO - Saving songs to database...
2025-11-06 21:58:05,802 - music_tracker - INFO - Successfully saved 11 songs to database
2025-11-06 21:58:05,803 - music_tracker - INFO - Successfully saved 11 songs to database
2025-11-06 21:58:05,804 - music_tracker - INFO - Song collection completed successfully
2025-11-06 22:58:02,695 - music_tracker - INFO - SpotiSpy song collection starting...
2025-11-06 22:58:02,696 - music_tracker - INFO - Starting song collection (last 1 hours)
2025-11-06 22:58:02,696 - music_tracker - INFO - Fetching recent tracks from Spotify...
2025-11-06 22:58:03,094 - music_tracker - INFO - No recent songs found from Spotify
2025-11-06 22:58:03,096 - music_tracker - INFO - No new songs found from Spotify API
2025-11-06 22:58:03,097 - music_tracker - INFO - Song collection completed successfully
2025-11-06 23:58:02,986 - music_tracker - INFO - SpotiSpy song collection starting...
2025-11-06 23:58:02,986 - music_tracker - INFO - Starting song collection (last 1 hours)
2025-11-06 23:58:02,987 - music_tracker - INFO - Fetching recent tracks from Spotify...
2025-11-06 23:58:08,405 - music_tracker - INFO - No recent songs found from Spotify
2025-11-06 23:58:08,407 - music_tracker - INFO - No new songs found from Spotify API
2025-11-06 23:58:08,408 - music_tracker - INFO - Song collection completed successfully
