2025-10-21 00:58:03,563 - music_tracker - INFO - SpotiSpy song collection starting...
2025-10-21 00:58:03,563 - music_tracker - INFO - Starting song collection (last 1 hours)
2025-10-21 00:58:03,564 - music_tracker - INFO - Fetching recent tracks from Spotify...
2025-10-21 00:58:03,953 - music_tracker - INFO - No recent songs found from Spotify
2025-10-21 00:58:03,955 - music_tracker - INFO - No new songs found from Spotify API
2025-10-21 00:58:03,956 - music_tracker - INFO - Song collection completed successfully
2025-10-21 01:58:02,864 - music_tracker - INFO - SpotiSpy song collection starting...
2025-10-21 01:58:02,865 - music_tracker - INFO - Starting song collection (last 1 hours)
2025-10-21 01:58:02,866 - music_tracker - INFO - Fetching recent tracks from Spotify...
2025-10-21 01:58:03,222 - music_tracker - INFO - No recent songs found from Spotify
2025-10-21 01:58:03,224 - music_tracker - INFO - No new songs found from Spotify API
2025-10-21 01:58:03,225 - music_tracker - INFO - Song collection completed successfully
2025-10-21 02:58:03,182 - music_tracker - INFO - SpotiSpy song collection starting...
2025-10-21 02:58:03,182 - music_tracker - INFO - Starting song collection (last 1 hours)
2025-10-21 02:58:03,183 - music_tracker - INFO - Fetching recent tracks from Spotify...
2025-10-21 02:58:03,545 - music_tracker - INFO - No recent songs found from Spotify
2025-10-21 02:58:03,547 - music_tracker - INFO - No new songs found from Spotify API
2025-10-21 02:58:03,548 - music_tracker - INFO - Song collection completed successfully
2025-10-21 03:58:03,581 - music_tracker - INFO - SpotiSpy song collection starting...
2025-10-21 03:58:03,582 - music_tracker - INFO - Starting song collection (last 1 hours)
2025-10-21 03:58:03,583 - music_tracker - INFO - Fetching recent tracks from Spotify...
2025-10-21 03:58:03,928 - music_tracker - INFO - No recent songs found from Spotify
2025-10-21 03:58:03,930 - music_tracker - INFO - No new songs found from Spotify API
2025-10-21 03:58:03,931 - music_tracker - INFO - Song collection completed successfully
2025-10-21 04:58:02,831 - music_tracker - INFO - SpotiSpy song collection starting...
2025-10-21 04:58:02,832 - music_tracker - INFO - Starting song collection (last 1 hours)
2025-10-21 04:58:02,832 - music_tracker - INFO - Fetching recent tracks from Spotify...
2025-10-21 04:58:03,193 - music_tracker - INFO - No recent songs found from Spotify
2025-10-21 04:58:03,195 - music_tracker - INFO - No new songs found from Spotify API
2025-10-21 04:58:03,195 - music_tracker - INFO - Song collection completed successfully
2025-10-21 05:58:03,688 - music_tracker - INFO - SpotiSpy song collection starting...
2025-10-21 05:58:03,688 - music_tracker - INFO - Starting song collection (last 1 hours)
2025-10-21 05:58:03,689 - music_tracker - INFO - Fetching recent tracks from Spotify...
2025-10-21 05:58:04,066 - music_tracker - INFO - No recent songs found from Spotify
2025-10-21 05:58:04,068 - music_tracker - INFO - No new songs found from Spotify API
2025-10-21 05:58:04,069 - music_tracker - INFO - Song collection completed successfully
2025-10-21 06:58:03,080 - music_tracker - INFO - SpotiSpy song collection starting...
2025-10-21 06:58:03,081 - music_tracker - INFO - Starting song collection (last 1 hours)
2025-10-21 06:58:03,082 - music_tracker - INFO - Fetching recent tracks from Spotify...
2025-10-21 06:58:03,455 - music_tracker - INFO - No recent songs found from Spotify
2025-10-21 06:58:03,457 - music_tracker - INFO - No new songs found from Spotify API
2025-10-21 06:58:03,457 - music_tracker - INFO - Song collection completed successfully
2025-10-21 07:58:03,357 - music_tracker - INFO - SpotiSpy song collection starting...
2025-10-21 07:58:03,359 - music_tracker - INFO - Starting song collection (last 1 hours)
2025-10-21 07:58:03,360 - music_tracker - INFO - Fetching recent tracks from Spotify...
2025-10-21 07:58:03,720 - music_tracker - INFO - No recent songs found from Spotify
2025-10-21 07:58:03,722 - music_tracker - INFO - No new songs found from Spotify API
2025-10-21 07:58:03,723 - music_tracker - INFO - Song collection completed successfully
2025-10-21 08:58:02,657 - music_tracker - INFO - SpotiSpy song collection starting...
2025-10-21 08:58:02,658 - music_tracker - INFO - Starting song collection (last 1 hours)
2025-10-21 08:58:02,659 - music_tracker - INFO - Fetching recent tracks from Spotify...
2025-10-21 08:58:03,058 - music_tracker - INFO - Fetched 1 songs from Spotify
2025-10-21 08:58:03,061 - music_tracker - INFO - Found 1 songs from Spotify API
2025-10-21 08:58:03,061 - music_tracker - INFO - Checking for duplicates in database...
2025-10-21 08:58:04,289 - music_tracker - INFO - Found 1 new songs out of 1 total
2025-10-21 08:58:04,291 - music_tracker - INFO - Found 1 new songs to save
2025-10-21 08:58:04,292 - music_tracker - INFO - Saving songs to database...
2025-10-21 08:58:04,661 - music_tracker - INFO - Successfully saved 1 songs to database
2025-10-21 08:58:04,663 - music_tracker - INFO - Successfully saved 1 songs to database
2025-10-21 08:58:04,664 - music_tracker - INFO - Song collection completed successfully
2025-10-21 09:00:13,263 - music_tracker - INFO - SpotiSpy starting...
2025-10-21 09:00:13,263 - music_tracker - INFO - Starting daily SpotiSpy analysis
2025-10-21 09:00:13,264 - music_tracker - INFO - Fetching yesterday's listening data...
2025-10-21 09:00:13,659 - music_tracker - INFO - Fetched 71 songs from database
2025-10-21 09:00:13,661 - music_tracker - INFO - Found 71 songs to analyze
2025-10-21 09:00:13,662 - music_tracker - INFO - Running analysis...
2025-10-21 09:00:13,668 - music_tracker - INFO - Sending daily summary to Slack...
2025-10-21 09:00:14,569 - music_tracker - INFO - Message sent successfully to Slack
2025-10-21 09:00:14,569 - music_tracker - INFO - Daily analysis completed successfully!
2025-10-21 09:00:14,570 - music_tracker - INFO - SpotiSpy completed successfully
2025-10-21 09:58:04,724 - music_tracker - INFO - SpotiSpy song collection starting...
2025-10-21 09:58:04,732 - music_tracker - INFO - Starting song collection (last 1 hours)
2025-10-21 09:58:04,733 - music_tracker - INFO - Fetching recent tracks from Spotify...
2025-10-21 09:58:05,229 - music_tracker - INFO - Fetched 5 songs from Spotify
2025-10-21 09:58:05,231 - music_tracker - INFO - Found 5 songs from Spotify API
2025-10-21 09:58:05,232 - music_tracker - INFO - Checking for duplicates in database...
2025-10-21 09:58:06,633 - music_tracker - INFO - Found 5 new songs out of 5 total
2025-10-21 09:58:06,635 - music_tracker - INFO - Found 5 new songs to save
2025-10-21 09:58:06,636 - music_tracker - INFO - Saving songs to database...
2025-10-21 09:58:07,037 - music_tracker - INFO - Successfully saved 5 songs to database
2025-10-21 09:58:07,040 - music_tracker - INFO - Successfully saved 5 songs to database
2025-10-21 09:58:07,041 - music_tracker - INFO - Song collection completed successfully
2025-10-21 10:58:02,991 - music_tracker - INFO - SpotiSpy song collection starting...
2025-10-21 10:58:02,992 - music_tracker - INFO - Starting song collection (last 1 hours)
2025-10-21 10:58:02,992 - music_tracker - INFO - Fetching recent tracks from Spotify...
2025-10-21 10:58:03,534 - music_tracker - INFO - Fetched 17 songs from Spotify
2025-10-21 10:58:03,537 - music_tracker - INFO - Found 17 songs from Spotify API
2025-10-21 10:58:03,537 - music_tracker - INFO - Checking for duplicates in database...
2025-10-21 10:58:04,913 - music_tracker - INFO - Found 17 new songs out of 17 total
2025-10-21 10:58:04,916 - music_tracker - INFO - Found 17 new songs to save
2025-10-21 10:58:04,917 - music_tracker - INFO - Saving songs to database...
2025-10-21 10:58:05,282 - music_tracker - INFO - Successfully saved 17 songs to database
2025-10-21 10:58:05,284 - music_tracker - INFO - Successfully saved 17 songs to database
2025-10-21 10:58:05,285 - music_tracker - INFO - Song collection completed successfully
2025-10-21 11:58:03,196 - music_tracker - INFO - SpotiSpy song collection starting...
2025-10-21 11:58:03,197 - music_tracker - INFO - Starting song collection (last 1 hours)
2025-10-21 11:58:03,197 - music_tracker - INFO - Fetching recent tracks from Spotify...
2025-10-21 11:58:03,770 - music_tracker - INFO - Fetched 12 songs from Spotify
2025-10-21 11:58:03,774 - music_tracker - INFO - Found 12 songs from Spotify API
2025-10-21 11:58:03,774 - music_tracker - INFO - Checking for duplicates in database...
2025-10-21 11:58:05,164 - music_tracker - INFO - Found 12 new songs out of 12 total
2025-10-21 11:58:05,166 - music_tracker - INFO - Found 12 new songs to save
2025-10-21 11:58:05,167 - music_tracker - INFO - Saving songs to database...
2025-10-21 11:58:05,548 - music_tracker - INFO - Successfully saved 12 songs to database
2025-10-21 11:58:05,550 - music_tracker - INFO - Successfully saved 12 songs to database
2025-10-21 11:58:05,551 - music_tracker - INFO - Song collection completed successfully
2025-10-21 12:58:03,487 - music_tracker - INFO - SpotiSpy song collection starting...
2025-10-21 12:58:03,487 - music_tracker - INFO - Starting song collection (last 1 hours)
2025-10-21 12:58:03,488 - music_tracker - INFO - Fetching recent tracks from Spotify...
2025-10-21 12:58:03,888 - music_tracker - INFO - No recent songs found from Spotify
2025-10-21 12:58:03,890 - music_tracker - INFO - No new songs found from Spotify API
2025-10-21 12:58:03,890 - music_tracker - INFO - Song collection completed successfully
2025-10-21 13:58:02,776 - music_tracker - INFO - SpotiSpy song collection starting...
2025-10-21 13:58:02,777 - music_tracker - INFO - Starting song collection (last 1 hours)
2025-10-21 13:58:02,777 - music_tracker - INFO - Fetching recent tracks from Spotify...
2025-10-21 13:58:08,327 - music_tracker - INFO - Fetched 4 songs from Spotify
2025-10-21 13:58:08,330 - music_tracker - INFO - Found 4 songs from Spotify API
2025-10-21 13:58:08,331 - music_tracker - INFO - Checking for duplicates in database...
2025-10-21 13:58:09,801 - music_tracker - INFO - Found 4 new songs out of 4 total
2025-10-21 13:58:09,803 - music_tracker - INFO - Found 4 new songs to save
2025-10-21 13:58:09,804 - music_tracker - INFO - Saving songs to database...
2025-10-21 13:58:10,264 - music_tracker - INFO - Successfully saved 4 songs to database
2025-10-21 13:58:10,266 - music_tracker - INFO - Successfully saved 4 songs to database
2025-10-21 13:58:10,267 - music_tracker - INFO - Song collection completed successfully
2025-10-21 14:58:03,203 - music_tracker - INFO - SpotiSpy song collection starting...
2025-10-21 14:58:03,204 - music_tracker - INFO - Starting song collection (last 1 hours)
2025-10-21 14:58:03,205 - music_tracker - INFO - Fetching recent tracks from Spotify...
2025-10-21 14:58:08,689 - music_tracker - INFO - Fetched 1 songs from Spotify
2025-10-21 14:58:08,692 - music_tracker - INFO - Found 1 songs from Spotify API
2025-10-21 14:58:08,693 - music_tracker - INFO - Checking for duplicates in database...
2025-10-21 14:58:10,095 - music_tracker - INFO - Found 1 new songs out of 1 total
2025-10-21 14:58:10,097 - music_tracker - INFO - Found 1 new songs to save
2025-10-21 14:58:10,098 - music_tracker - INFO - Saving songs to database...
2025-10-21 14:58:10,396 - music_tracker - INFO - Successfully saved 1 songs to database
2025-10-21 14:58:10,398 - music_tracker - INFO - Successfully saved 1 songs to database
2025-10-21 14:58:10,399 - music_tracker - INFO - Song collection completed successfully
2025-10-21 15:58:03,318 - music_tracker - INFO - SpotiSpy song collection starting...
2025-10-21 15:58:03,318 - music_tracker - INFO - Starting song collection (last 1 hours)
2025-10-21 15:58:03,319 - music_tracker - INFO - Fetching recent tracks from Spotify...
2025-10-21 15:58:03,771 - music_tracker - INFO - Fetched 2 songs from Spotify
2025-10-21 15:58:03,774 - music_tracker - INFO - Found 2 songs from Spotify API
2025-10-21 15:58:03,774 - music_tracker - INFO - Checking for duplicates in database...
2025-10-21 15:58:05,050 - music_tracker - INFO - Found 2 new songs out of 2 total
2025-10-21 15:58:05,052 - music_tracker - INFO - Found 2 new songs to save
2025-10-21 15:58:05,053 - music_tracker - INFO - Saving songs to database...
2025-10-21 15:58:05,329 - music_tracker - INFO - Successfully saved 2 songs to database
2025-10-21 15:58:05,331 - music_tracker - INFO - Successfully saved 2 songs to database
2025-10-21 15:58:05,332 - music_tracker - INFO - Song collection completed successfully
2025-10-21 16:58:03,252 - music_tracker - INFO - SpotiSpy song collection starting...
2025-10-21 16:58:03,253 - music_tracker - INFO - Starting song collection (last 1 hours)
2025-10-21 16:58:03,254 - music_tracker - INFO - Fetching recent tracks from Spotify...
2025-10-21 16:58:03,622 - music_tracker - INFO - No recent songs found from Spotify
2025-10-21 16:58:03,624 - music_tracker - INFO - No new songs found from Spotify API
2025-10-21 16:58:03,624 - music_tracker - INFO - Song collection completed successfully
2025-10-21 17:58:03,532 - music_tracker - INFO - SpotiSpy song collection starting...
2025-10-21 17:58:03,533 - music_tracker - INFO - Starting song collection (last 1 hours)
2025-10-21 17:58:03,534 - music_tracker - INFO - Fetching recent tracks from Spotify...
2025-10-21 17:58:04,204 - music_tracker - INFO - Fetched 6 songs from Spotify
2025-10-21 17:58:04,207 - music_tracker - INFO - Found 6 songs from Spotify API
2025-10-21 17:58:04,208 - music_tracker - INFO - Checking for duplicates in database...
2025-10-21 17:58:05,626 - music_tracker - INFO - Found 6 new songs out of 6 total
2025-10-21 17:58:05,628 - music_tracker - INFO - Found 6 new songs to save
2025-10-21 17:58:05,629 - music_tracker - INFO - Saving songs to database...
2025-10-21 17:58:05,922 - music_tracker - INFO - Successfully saved 6 songs to database
2025-10-21 17:58:05,924 - music_tracker - INFO - Successfully saved 6 songs to database
2025-10-21 17:58:05,925 - music_tracker - INFO - Song collection completed successfully
2025-10-21 18:58:02,847 - music_tracker - INFO - SpotiSpy song collection starting...
2025-10-21 18:58:02,848 - music_tracker - INFO - Starting song collection (last 1 hours)
2025-10-21 18:58:02,849 - music_tracker - INFO - Fetching recent tracks from Spotify...
2025-10-21 18:58:03,226 - music_tracker - INFO - No recent songs found from Spotify
2025-10-21 18:58:03,228 - music_tracker - INFO - No new songs found from Spotify API
2025-10-21 18:58:03,228 - music_tracker - INFO - Song collection completed successfully
2025-10-21 19:58:03,120 - music_tracker - INFO - SpotiSpy song collection starting...
2025-10-21 19:58:03,121 - music_tracker - INFO - Starting song collection (last 1 hours)
2025-10-21 19:58:03,121 - music_tracker - INFO - Fetching recent tracks from Spotify...
2025-10-21 19:58:04,004 - music_tracker - INFO - No recent songs found from Spotify
2025-10-21 19:58:04,006 - music_tracker - INFO - No new songs found from Spotify API
2025-10-21 19:58:04,007 - music_tracker - INFO - Song collection completed successfully
2025-10-21 20:58:02,911 - music_tracker - INFO - SpotiSpy song collection starting...
2025-10-21 20:58:02,911 - music_tracker - INFO - Starting song collection (last 1 hours)
2025-10-21 20:58:02,912 - music_tracker - INFO - Fetching recent tracks from Spotify...
2025-10-21 20:58:03,350 - music_tracker - INFO - No recent songs found from Spotify
2025-10-21 20:58:03,352 - music_tracker - INFO - No new songs found from Spotify API
2025-10-21 20:58:03,352 - music_tracker - INFO - Song collection completed successfully
2025-10-21 21:58:03,249 - music_tracker - INFO - SpotiSpy song collection starting...
2025-10-21 21:58:03,251 - music_tracker - INFO - Starting song collection (last 1 hours)
2025-10-21 21:58:03,252 - music_tracker - INFO - Fetching recent tracks from Spotify...
2025-10-21 21:58:03,820 - music_tracker - INFO - Fetched 8 songs from Spotify
2025-10-21 21:58:03,823 - music_tracker - INFO - Found 8 songs from Spotify API
2025-10-21 21:58:03,823 - music_tracker - INFO - Checking for duplicates in database...
2025-10-21 21:58:05,298 - music_tracker - INFO - Found 8 new songs out of 8 total
2025-10-21 21:58:05,301 - music_tracker - INFO - Found 8 new songs to save
2025-10-21 21:58:05,302 - music_tracker - INFO - Saving songs to database...
2025-10-21 21:58:05,689 - music_tracker - INFO - Successfully saved 8 songs to database
2025-10-21 21:58:05,691 - music_tracker - INFO - Successfully saved 8 songs to database
2025-10-21 21:58:05,691 - music_tracker - INFO - Song collection completed successfully
2025-10-21 22:58:02,656 - music_tracker - INFO - SpotiSpy song collection starting...
2025-10-21 22:58:02,657 - music_tracker - INFO - Starting song collection (last 1 hours)
2025-10-21 22:58:02,657 - music_tracker - INFO - Fetching recent tracks from Spotify...
2025-10-21 22:58:03,021 - music_tracker - INFO - No recent songs found from Spotify
2025-10-21 22:58:03,023 - music_tracker - INFO - No new songs found from Spotify API
2025-10-21 22:58:03,023 - music_tracker - INFO - Song collection completed successfully
2025-10-21 23:58:02,905 - music_tracker - INFO - SpotiSpy song collection starting...
2025-10-21 23:58:02,906 - music_tracker - INFO - Starting song collection (last 1 hours)
2025-10-21 23:58:02,907 - music_tracker - INFO - Fetching recent tracks from Spotify...
2025-10-21 23:58:03,290 - music_tracker - INFO - No recent songs found from Spotify
2025-10-21 23:58:03,292 - music_tracker - INFO - No new songs found from Spotify API
2025-10-21 23:58:03,293 - music_tracker - INFO - Song collection completed successfully
