2025-07-18 00:58:09,424 - music_tracker - INFO - Uploading 10 songs
2025-07-18 01:58:07,179 - music_tracker - INFO - Zero songs listened to
2025-07-18 01:58:07,180 - music_tracker - INFO - No songs uploaded.
2025-07-18 02:58:06,891 - music_tracker - INFO - Zero songs listened to
2025-07-18 02:58:06,892 - music_tracker - INFO - No songs uploaded.
2025-07-18 03:58:06,628 - music_tracker - INFO - Zero songs listened to
2025-07-18 03:58:06,628 - music_tracker - INFO - No songs uploaded.
2025-07-18 04:58:07,313 - music_tracker - INFO - Zero songs listened to
2025-07-18 04:58:07,313 - music_tracker - INFO - No songs uploaded.
2025-07-18 05:58:07,015 - music_tracker - INFO - Zero songs listened to
2025-07-18 05:58:07,015 - music_tracker - INFO - No songs uploaded.
2025-07-18 06:58:06,749 - music_tracker - INFO - Zero songs listened to
2025-07-18 06:58:06,749 - music_tracker - INFO - No songs uploaded.
2025-07-18 07:58:06,459 - music_tracker - INFO - Zero songs listened to
2025-07-18 07:58:06,460 - music_tracker - INFO - No songs uploaded.
2025-07-18 08:58:07,202 - music_tracker - INFO - Zero songs listened to
2025-07-18 08:58:07,203 - music_tracker - INFO - No songs uploaded.
2025-07-18 09:00:11,543 - music_tracker - INFO - Starting music tracker analysis
2025-07-18 09:00:11,544 - music_tracker - INFO - Fetching data
2025-07-18 09:00:11,964 - music_tracker - INFO - Fetched 80 recent songs
2025-07-18 09:00:11,968 - music_tracker - INFO - Running top listens analysis
2025-07-18 09:00:11,969 - music_tracker - INFO - Calculating top songs listens
2025-07-18 09:00:11,970 - music_tracker - INFO - Sending message with top 3 songs
2025-07-18 09:00:12,594 - music_tracker - INFO - Message successfully sent!
2025-07-18 09:00:12,595 - music_tracker - INFO - Calculating top albums listens
2025-07-18 09:00:12,595 - music_tracker - INFO - Sending message with top 3 albums
2025-07-18 09:00:13,471 - music_tracker - INFO - Message successfully sent!
2025-07-18 09:00:13,472 - music_tracker - INFO - Calculating top artists listens
2025-07-18 09:00:13,472 - music_tracker - INFO - Sending message with top 3 artists
2025-07-18 09:00:14,120 - music_tracker - INFO - Message successfully sent!
2025-07-18 09:00:14,121 - music_tracker - INFO - Running popularity and listening hours analysis
2025-07-18 09:00:14,121 - music_tracker - INFO - Finding most popular track
2025-07-18 09:00:14,121 - music_tracker - INFO - Most popular song found: See You Again (feat. Kali Uchis) with score 93
2025-07-18 09:00:14,718 - music_tracker - INFO - Message successfully sent!
2025-07-18 09:00:14,718 - music_tracker - INFO - Calculating most listened hour
2025-07-18 09:00:14,719 - music_tracker - INFO - Most listened hour: 18:00 with 42:30
2025-07-18 09:00:15,509 - music_tracker - INFO - Message successfully sent!
2025-07-18 09:00:15,509 - music_tracker - INFO - Calculating duration listened today
2025-07-18 09:00:16,261 - music_tracker - INFO - Message successfully sent!
2025-07-18 09:00:16,261 - music_tracker - INFO - Analysis completed successfully

2025-07-18 09:58:10,963 - music_tracker - INFO -   Supabase error: Status 400, {"code":"22007","details":null,"hint":null,"message":"invalid input syntax for type date: \"2012\""}
2025-07-18 09:58:10,965 - music_tracker - INFO - No songs uploaded.
2025-07-18 10:58:16,596 - music_tracker - INFO - Uploading 18 songs
2025-07-18 11:58:10,187 - music_tracker - INFO - Uploading 11 songs
2025-07-18 12:58:06,925 - music_tracker - INFO - Zero songs listened to
2025-07-18 12:58:06,926 - music_tracker - INFO - No songs uploaded.
2025-07-18 13:58:08,920 - music_tracker - INFO - Uploading 8 songs
2025-07-18 14:58:10,556 - music_tracker - INFO - Uploading 15 songs
2025-07-18 15:58:07,925 - music_tracker - INFO - Uploading 1 song
2025-07-18 16:58:10,522 - music_tracker - INFO - Uploading 15 songs
2025-07-18 17:58:11,191 - music_tracker - INFO -   Supabase error: Status 400, {"code":"22007","details":null,"hint":null,"message":"invalid input syntax for type date: \"2005\""}
2025-07-18 17:58:11,193 - music_tracker - INFO - No songs uploaded.
2025-07-18 18:58:08,535 - music_tracker - INFO -   Supabase error: Status 400, {"code":"22007","details":null,"hint":null,"message":"invalid input syntax for type date: \"1967\""}
2025-07-18 18:58:08,537 - music_tracker - INFO - No songs uploaded.
2025-07-18 19:58:09,301 - music_tracker - INFO - Uploading 1 song
2025-07-18 20:58:08,402 - music_tracker - INFO - Uploading 2 songs
2025-07-18 21:58:09,865 - music_tracker - INFO -   Supabase error: Status 400, {"code":"22007","details":null,"hint":null,"message":"invalid input syntax for type date: \"2001\""}
2025-07-18 21:58:09,868 - music_tracker - INFO - No songs uploaded.
2025-07-18 22:58:09,844 - music_tracker - INFO - Zero songs listened to
2025-07-18 22:58:09,846 - music_tracker - INFO - No songs uploaded.
2025-07-18 23:58:06,566 - music_tracker - INFO - Zero songs listened to
2025-07-18 23:58:06,566 - music_tracker - INFO - No songs uploaded.
