2025-11-05 00:58:03,516 - music_tracker - INFO - SpotiSpy song collection starting...
2025-11-05 00:58:03,517 - music_tracker - INFO - Starting song collection (last 1 hours)
2025-11-05 00:58:03,518 - music_tracker - INFO - Fetching recent tracks from Spotify...
2025-11-05 00:58:03,910 - music_tracker - INFO - No recent songs found from Spotify
2025-11-05 00:58:03,912 - music_tracker - INFO - No new songs found from Spotify API
2025-11-05 00:58:03,912 - music_tracker - INFO - Song collection completed successfully
2025-11-05 01:58:02,904 - music_tracker - INFO - SpotiSpy song collection starting...
2025-11-05 01:58:02,905 - music_tracker - INFO - Starting song collection (last 1 hours)
2025-11-05 01:58:02,906 - music_tracker - INFO - Fetching recent tracks from Spotify...
2025-11-05 01:58:03,235 - music_tracker - INFO - No recent songs found from Spotify
2025-11-05 01:58:03,237 - music_tracker - INFO - No new songs found from Spotify API
2025-11-05 01:58:03,238 - music_tracker - INFO - Song collection completed successfully
2025-11-05 02:58:03,206 - music_tracker - INFO - SpotiSpy song collection starting...
2025-11-05 02:58:03,206 - music_tracker - INFO - Starting song collection (last 1 hours)
2025-11-05 02:58:03,207 - music_tracker - INFO - Fetching recent tracks from Spotify...
2025-11-05 02:58:03,564 - music_tracker - INFO - No recent songs found from Spotify
2025-11-05 02:58:03,566 - music_tracker - INFO - No new songs found from Spotify API
2025-11-05 02:58:03,567 - music_tracker - INFO - Song collection completed successfully
2025-11-05 03:58:03,925 - music_tracker - INFO - SpotiSpy song collection starting...
2025-11-05 03:58:03,926 - music_tracker - INFO - Starting song collection (last 1 hours)
2025-11-05 03:58:03,926 - music_tracker - INFO - Fetching recent tracks from Spotify...
2025-11-05 03:58:04,285 - music_tracker - INFO - No recent songs found from Spotify
2025-11-05 03:58:04,287 - music_tracker - INFO - No new songs found from Spotify API
2025-11-05 03:58:04,287 - music_tracker - INFO - Song collection completed successfully
2025-11-05 04:58:03,170 - music_tracker - INFO - SpotiSpy song collection starting...
2025-11-05 04:58:03,171 - music_tracker - INFO - Starting song collection (last 1 hours)
2025-11-05 04:58:03,171 - music_tracker - INFO - Fetching recent tracks from Spotify...
2025-11-05 04:58:03,512 - music_tracker - INFO - No recent songs found from Spotify
2025-11-05 04:58:03,514 - music_tracker - INFO - No new songs found from Spotify API
2025-11-05 04:58:03,515 - music_tracker - INFO - Song collection completed successfully
2025-11-05 05:58:03,555 - music_tracker - INFO - SpotiSpy song collection starting...
2025-11-05 05:58:03,555 - music_tracker - INFO - Starting song collection (last 1 hours)
2025-11-05 05:58:03,556 - music_tracker - INFO - Fetching recent tracks from Spotify...
2025-11-05 05:58:03,924 - music_tracker - INFO - No recent songs found from Spotify
2025-11-05 05:58:03,926 - music_tracker - INFO - No new songs found from Spotify API
2025-11-05 05:58:03,926 - music_tracker - INFO - Song collection completed successfully
2025-11-05 06:58:02,880 - music_tracker - INFO - SpotiSpy song collection starting...
2025-11-05 06:58:02,881 - music_tracker - INFO - Starting song collection (last 1 hours)
2025-11-05 06:58:02,882 - music_tracker - INFO - Fetching recent tracks from Spotify...
2025-11-05 06:58:03,255 - music_tracker - INFO - No recent songs found from Spotify
2025-11-05 06:58:03,257 - music_tracker - INFO - No new songs found from Spotify API
2025-11-05 06:58:03,258 - music_tracker - INFO - Song collection completed successfully
2025-11-05 07:58:03,172 - music_tracker - INFO - SpotiSpy song collection starting...
2025-11-05 07:58:03,172 - music_tracker - INFO - Starting song collection (last 1 hours)
2025-11-05 07:58:03,173 - music_tracker - INFO - Fetching recent tracks from Spotify...
2025-11-05 07:58:03,762 - music_tracker - INFO - Fetched 7 songs from Spotify
2025-11-05 07:58:03,765 - music_tracker - INFO - Found 7 songs from Spotify API
2025-11-05 07:58:03,765 - music_tracker - INFO - Checking for duplicates in database...
2025-11-05 07:58:05,513 - music_tracker - INFO - Found 7 new songs out of 7 total
2025-11-05 07:58:05,515 - music_tracker - INFO - Found 7 new songs to save
2025-11-05 07:58:05,516 - music_tracker - INFO - Saving songs to database...
2025-11-05 07:58:05,810 - music_tracker - INFO - Successfully saved 7 songs to database
2025-11-05 07:58:05,812 - music_tracker - INFO - Successfully saved 7 songs to database
2025-11-05 07:58:05,812 - music_tracker - INFO - Song collection completed successfully
2025-11-05 08:58:03,963 - music_tracker - INFO - SpotiSpy song collection starting...
2025-11-05 08:58:03,964 - music_tracker - INFO - Starting song collection (last 1 hours)
2025-11-05 08:58:03,965 - music_tracker - INFO - Fetching recent tracks from Spotify...
2025-11-05 08:58:04,506 - music_tracker - INFO - Fetched 8 songs from Spotify
2025-11-05 08:58:04,509 - music_tracker - INFO - Found 8 songs from Spotify API
2025-11-05 08:58:04,510 - music_tracker - INFO - Checking for duplicates in database...
2025-11-05 08:58:05,837 - music_tracker - INFO - Found 8 new songs out of 8 total
2025-11-05 08:58:05,840 - music_tracker - INFO - Found 8 new songs to save
2025-11-05 08:58:05,841 - music_tracker - INFO - Saving songs to database...
2025-11-05 08:58:06,110 - music_tracker - INFO - Successfully saved 8 songs to database
2025-11-05 08:58:06,112 - music_tracker - INFO - Successfully saved 8 songs to database
2025-11-05 08:58:06,113 - music_tracker - INFO - Song collection completed successfully
2025-11-05 09:00:12,827 - music_tracker - INFO - SpotiSpy starting...
2025-11-05 09:00:12,828 - music_tracker - INFO - Starting daily SpotiSpy analysis
2025-11-05 09:00:12,828 - music_tracker - INFO - Fetching yesterday's listening data...
2025-11-05 09:00:13,327 - music_tracker - INFO - Fetched 118 songs from database
2025-11-05 09:00:13,330 - music_tracker - INFO - Found 118 songs to analyze
2025-11-05 09:00:13,330 - music_tracker - INFO - Running analysis...
2025-11-05 09:00:13,341 - music_tracker - INFO - Sending daily summary to Slack...
2025-11-05 09:00:14,235 - music_tracker - INFO - Message sent successfully to Slack
2025-11-05 09:00:14,236 - music_tracker - INFO - Daily analysis completed successfully!
2025-11-05 09:00:14,236 - music_tracker - INFO - SpotiSpy completed successfully
2025-11-05 09:58:03,119 - music_tracker - INFO - SpotiSpy song collection starting...
2025-11-05 09:58:03,119 - music_tracker - INFO - Starting song collection (last 1 hours)
2025-11-05 09:58:03,120 - music_tracker - INFO - Fetching recent tracks from Spotify...
2025-11-05 09:58:03,569 - music_tracker - INFO - Fetched 5 songs from Spotify
2025-11-05 09:58:03,571 - music_tracker - INFO - Found 5 songs from Spotify API
2025-11-05 09:58:03,572 - music_tracker - INFO - Checking for duplicates in database...
2025-11-05 09:58:04,967 - music_tracker - INFO - Found 5 new songs out of 5 total
2025-11-05 09:58:04,970 - music_tracker - INFO - Found 5 new songs to save
2025-11-05 09:58:04,971 - music_tracker - INFO - Saving songs to database...
2025-11-05 09:58:05,334 - music_tracker - INFO - Successfully saved 5 songs to database
2025-11-05 09:58:05,336 - music_tracker - INFO - Successfully saved 5 songs to database
2025-11-05 09:58:05,337 - music_tracker - INFO - Song collection completed successfully
2025-11-05 10:58:03,259 - music_tracker - INFO - SpotiSpy song collection starting...
2025-11-05 10:58:03,260 - music_tracker - INFO - Starting song collection (last 1 hours)
2025-11-05 10:58:03,260 - music_tracker - INFO - Fetching recent tracks from Spotify...
2025-11-05 10:58:03,829 - music_tracker - INFO - Fetched 16 songs from Spotify
2025-11-05 10:58:03,832 - music_tracker - INFO - Found 16 songs from Spotify API
2025-11-05 10:58:03,832 - music_tracker - INFO - Checking for duplicates in database...
2025-11-05 10:58:05,427 - music_tracker - INFO - Found 16 new songs out of 16 total
2025-11-05 10:58:05,429 - music_tracker - INFO - Found 16 new songs to save
2025-11-05 10:58:05,430 - music_tracker - INFO - Saving songs to database...
2025-11-05 10:58:05,891 - music_tracker - INFO - Successfully saved 16 songs to database
2025-11-05 10:58:05,893 - music_tracker - INFO - Successfully saved 16 songs to database
2025-11-05 10:58:05,894 - music_tracker - INFO - Song collection completed successfully
2025-11-05 11:58:02,819 - music_tracker - INFO - SpotiSpy song collection starting...
2025-11-05 11:58:02,820 - music_tracker - INFO - Starting song collection (last 1 hours)
2025-11-05 11:58:02,820 - music_tracker - INFO - Fetching recent tracks from Spotify...
2025-11-05 11:58:03,481 - music_tracker - INFO - Fetched 16 songs from Spotify
2025-11-05 11:58:03,484 - music_tracker - INFO - Found 16 songs from Spotify API
2025-11-05 11:58:03,484 - music_tracker - INFO - Checking for duplicates in database...
2025-11-05 11:58:04,898 - music_tracker - INFO - Found 16 new songs out of 16 total
2025-11-05 11:58:04,900 - music_tracker - INFO - Found 16 new songs to save
2025-11-05 11:58:04,901 - music_tracker - INFO - Saving songs to database...
2025-11-05 11:58:05,311 - music_tracker - INFO - Successfully saved 16 songs to database
2025-11-05 11:58:05,313 - music_tracker - INFO - Successfully saved 16 songs to database
2025-11-05 11:58:05,314 - music_tracker - INFO - Song collection completed successfully
2025-11-05 12:58:03,240 - music_tracker - INFO - SpotiSpy song collection starting...
2025-11-05 12:58:03,241 - music_tracker - INFO - Starting song collection (last 1 hours)
2025-11-05 12:58:03,241 - music_tracker - INFO - Fetching recent tracks from Spotify...
2025-11-05 12:58:03,865 - music_tracker - INFO - Fetched 2 songs from Spotify
2025-11-05 12:58:03,868 - music_tracker - INFO - Found 2 songs from Spotify API
2025-11-05 12:58:03,869 - music_tracker - INFO - Checking for duplicates in database...
2025-11-05 12:58:05,403 - music_tracker - INFO - Found 2 new songs out of 2 total
2025-11-05 12:58:05,405 - music_tracker - INFO - Found 2 new songs to save
2025-11-05 12:58:05,406 - music_tracker - INFO - Saving songs to database...
2025-11-05 12:58:05,816 - music_tracker - INFO - Successfully saved 2 songs to database
2025-11-05 12:58:05,818 - music_tracker - INFO - Successfully saved 2 songs to database
2025-11-05 12:58:05,819 - music_tracker - INFO - Song collection completed successfully
2025-11-05 13:58:02,761 - music_tracker - INFO - SpotiSpy song collection starting...
2025-11-05 13:58:02,761 - music_tracker - INFO - Starting song collection (last 1 hours)
2025-11-05 13:58:02,762 - music_tracker - INFO - Fetching recent tracks from Spotify...
2025-11-05 13:58:03,121 - music_tracker - INFO - No recent songs found from Spotify
2025-11-05 13:58:03,123 - music_tracker - INFO - No new songs found from Spotify API
2025-11-05 13:58:03,124 - music_tracker - INFO - Song collection completed successfully
2025-11-05 14:58:03,020 - music_tracker - INFO - SpotiSpy song collection starting...
2025-11-05 14:58:03,020 - music_tracker - INFO - Starting song collection (last 1 hours)
2025-11-05 14:58:03,021 - music_tracker - INFO - Fetching recent tracks from Spotify...
2025-11-05 14:58:03,369 - music_tracker - INFO - No recent songs found from Spotify
2025-11-05 14:58:03,371 - music_tracker - INFO - No new songs found from Spotify API
2025-11-05 14:58:03,371 - music_tracker - INFO - Song collection completed successfully
2025-11-05 15:58:03,259 - music_tracker - INFO - SpotiSpy song collection starting...
2025-11-05 15:58:03,260 - music_tracker - INFO - Starting song collection (last 1 hours)
2025-11-05 15:58:03,261 - music_tracker - INFO - Fetching recent tracks from Spotify...
2025-11-05 15:58:03,598 - music_tracker - INFO - No recent songs found from Spotify
2025-11-05 15:58:03,600 - music_tracker - INFO - No new songs found from Spotify API
2025-11-05 15:58:03,601 - music_tracker - INFO - Song collection completed successfully
2025-11-05 16:58:03,477 - music_tracker - INFO - SpotiSpy song collection starting...
2025-11-05 16:58:03,477 - music_tracker - INFO - Starting song collection (last 1 hours)
2025-11-05 16:58:03,478 - music_tracker - INFO - Fetching recent tracks from Spotify...
2025-11-05 16:58:03,965 - music_tracker - INFO - Fetched 2 songs from Spotify
2025-11-05 16:58:03,967 - music_tracker - INFO - Found 2 songs from Spotify API
2025-11-05 16:58:03,967 - music_tracker - INFO - Checking for duplicates in database...
2025-11-05 16:58:05,645 - music_tracker - INFO - Found 2 new songs out of 2 total
2025-11-05 16:58:05,647 - music_tracker - INFO - Found 2 new songs to save
2025-11-05 16:58:05,648 - music_tracker - INFO - Saving songs to database...
2025-11-05 16:58:06,046 - music_tracker - INFO - Successfully saved 2 songs to database
2025-11-05 16:58:06,048 - music_tracker - INFO - Successfully saved 2 songs to database
2025-11-05 16:58:06,048 - music_tracker - INFO - Song collection completed successfully
2025-11-05 17:58:02,969 - music_tracker - INFO - SpotiSpy song collection starting...
2025-11-05 17:58:02,969 - music_tracker - INFO - Starting song collection (last 1 hours)
2025-11-05 17:58:02,970 - music_tracker - INFO - Fetching recent tracks from Spotify...
2025-11-05 17:58:03,534 - music_tracker - INFO - Fetched 8 songs from Spotify
2025-11-05 17:58:03,537 - music_tracker - INFO - Found 8 songs from Spotify API
2025-11-05 17:58:03,538 - music_tracker - INFO - Checking for duplicates in database...
2025-11-05 17:58:04,964 - music_tracker - INFO - Found 8 new songs out of 8 total
2025-11-05 17:58:04,966 - music_tracker - INFO - Found 8 new songs to save
2025-11-05 17:58:04,967 - music_tracker - INFO - Saving songs to database...
2025-11-05 17:58:05,274 - music_tracker - INFO - Successfully saved 8 songs to database
2025-11-05 17:58:05,276 - music_tracker - INFO - Successfully saved 8 songs to database
2025-11-05 17:58:05,277 - music_tracker - INFO - Song collection completed successfully
2025-11-05 18:58:03,197 - music_tracker - INFO - SpotiSpy song collection starting...
2025-11-05 18:58:03,197 - music_tracker - INFO - Starting song collection (last 1 hours)
2025-11-05 18:58:03,198 - music_tracker - INFO - Fetching recent tracks from Spotify...
2025-11-05 18:58:03,555 - music_tracker - INFO - No recent songs found from Spotify
2025-11-05 18:58:03,557 - music_tracker - INFO - No new songs found from Spotify API
2025-11-05 18:58:03,558 - music_tracker - INFO - Song collection completed successfully
2025-11-05 19:58:03,477 - music_tracker - INFO - SpotiSpy song collection starting...
2025-11-05 19:58:03,478 - music_tracker - INFO - Starting song collection (last 1 hours)
2025-11-05 19:58:03,478 - music_tracker - INFO - Fetching recent tracks from Spotify...
2025-11-05 19:58:03,959 - music_tracker - INFO - Fetched 1 songs from Spotify
2025-11-05 19:58:03,961 - music_tracker - INFO - Found 1 songs from Spotify API
2025-11-05 19:58:03,962 - music_tracker - INFO - Checking for duplicates in database...
2025-11-05 19:58:05,465 - music_tracker - INFO - Found 1 new songs out of 1 total
2025-11-05 19:58:05,467 - music_tracker - INFO - Found 1 new songs to save
2025-11-05 19:58:05,468 - music_tracker - INFO - Saving songs to database...
2025-11-05 19:58:05,816 - music_tracker - INFO - Successfully saved 1 songs to database
2025-11-05 19:58:05,818 - music_tracker - INFO - Successfully saved 1 songs to database
2025-11-05 19:58:05,819 - music_tracker - INFO - Song collection completed successfully
2025-11-05 20:58:02,739 - music_tracker - INFO - SpotiSpy song collection starting...
2025-11-05 20:58:02,740 - music_tracker - INFO - Starting song collection (last 1 hours)
2025-11-05 20:58:02,741 - music_tracker - INFO - Fetching recent tracks from Spotify...
2025-11-05 20:58:03,099 - music_tracker - INFO - No recent songs found from Spotify
2025-11-05 20:58:03,102 - music_tracker - INFO - No new songs found from Spotify API
2025-11-05 20:58:03,102 - music_tracker - INFO - Song collection completed successfully
2025-11-05 21:58:03,002 - music_tracker - INFO - SpotiSpy song collection starting...
2025-11-05 21:58:03,003 - music_tracker - INFO - Starting song collection (last 1 hours)
2025-11-05 21:58:03,004 - music_tracker - INFO - Fetching recent tracks from Spotify...
2025-11-05 21:58:03,472 - music_tracker - INFO - Fetched 4 songs from Spotify
2025-11-05 21:58:03,474 - music_tracker - INFO - Found 4 songs from Spotify API
2025-11-05 21:58:03,475 - music_tracker - INFO - Checking for duplicates in database...
2025-11-05 21:58:04,953 - music_tracker - INFO - Found 4 new songs out of 4 total
2025-11-05 21:58:04,955 - music_tracker - INFO - Found 4 new songs to save
2025-11-05 21:58:04,955 - music_tracker - INFO - Saving songs to database...
2025-11-05 21:58:05,252 - music_tracker - INFO - Successfully saved 4 songs to database
2025-11-05 21:58:05,254 - music_tracker - INFO - Successfully saved 4 songs to database
2025-11-05 21:58:05,254 - music_tracker - INFO - Song collection completed successfully
2025-11-05 22:58:03,175 - music_tracker - INFO - SpotiSpy song collection starting...
2025-11-05 22:58:03,176 - music_tracker - INFO - Starting song collection (last 1 hours)
2025-11-05 22:58:03,176 - music_tracker - INFO - Fetching recent tracks from Spotify...
2025-11-05 22:58:03,875 - music_tracker - INFO - Fetched 10 songs from Spotify
2025-11-05 22:58:03,879 - music_tracker - INFO - Found 10 songs from Spotify API
2025-11-05 22:58:03,880 - music_tracker - INFO - Checking for duplicates in database...
2025-11-05 22:58:05,283 - music_tracker - INFO - Found 10 new songs out of 10 total
2025-11-05 22:58:05,286 - music_tracker - INFO - Found 10 new songs to save
2025-11-05 22:58:05,286 - music_tracker - INFO - Saving songs to database...
2025-11-05 22:58:05,683 - music_tracker - INFO - Successfully saved 10 songs to database
2025-11-05 22:58:05,685 - music_tracker - INFO - Successfully saved 10 songs to database
2025-11-05 22:58:05,685 - music_tracker - INFO - Song collection completed successfully
2025-11-05 23:58:02,606 - music_tracker - INFO - SpotiSpy song collection starting...
2025-11-05 23:58:02,607 - music_tracker - INFO - Starting song collection (last 1 hours)
2025-11-05 23:58:02,607 - music_tracker - INFO - Fetching recent tracks from Spotify...
2025-11-05 23:58:02,954 - music_tracker - INFO - No recent songs found from Spotify
2025-11-05 23:58:02,956 - music_tracker - INFO - No new songs found from Spotify API
2025-11-05 23:58:02,957 - music_tracker - INFO - Song collection completed successfully
