2026-01-09 00:58:03,656 - music_tracker - INFO - SpotiSpy song collection starting...
2026-01-09 00:58:03,656 - music_tracker - INFO - Starting song collection (last 1 hours)
2026-01-09 00:58:03,657 - music_tracker - INFO - Fetching recent tracks from Spotify...
2026-01-09 00:58:04,089 - music_tracker - INFO - No recent songs found from Spotify
2026-01-09 00:58:04,091 - music_tracker - INFO - No new songs found from Spotify API
2026-01-09 00:58:04,092 - music_tracker - INFO - Song collection completed successfully
2026-01-09 01:58:03,012 - music_tracker - INFO - SpotiSpy song collection starting...
2026-01-09 01:58:03,012 - music_tracker - INFO - Starting song collection (last 1 hours)
2026-01-09 01:58:03,013 - music_tracker - INFO - Fetching recent tracks from Spotify...
2026-01-09 01:58:03,390 - music_tracker - INFO - No recent songs found from Spotify
2026-01-09 01:58:03,392 - music_tracker - INFO - No new songs found from Spotify API
2026-01-09 01:58:03,393 - music_tracker - INFO - Song collection completed successfully
2026-01-09 02:58:03,293 - music_tracker - INFO - SpotiSpy song collection starting...
2026-01-09 02:58:03,294 - music_tracker - INFO - Starting song collection (last 1 hours)
2026-01-09 02:58:03,294 - music_tracker - INFO - Fetching recent tracks from Spotify...
2026-01-09 02:58:03,645 - music_tracker - INFO - No recent songs found from Spotify
2026-01-09 02:58:03,647 - music_tracker - INFO - No new songs found from Spotify API
2026-01-09 02:58:03,648 - music_tracker - INFO - Song collection completed successfully
2026-01-09 03:58:03,593 - music_tracker - INFO - SpotiSpy song collection starting...
2026-01-09 03:58:03,593 - music_tracker - INFO - Starting song collection (last 1 hours)
2026-01-09 03:58:03,594 - music_tracker - INFO - Fetching recent tracks from Spotify...
2026-01-09 03:58:03,964 - music_tracker - INFO - No recent songs found from Spotify
2026-01-09 03:58:03,967 - music_tracker - INFO - No new songs found from Spotify API
2026-01-09 03:58:03,967 - music_tracker - INFO - Song collection completed successfully
2026-01-09 04:58:02,923 - music_tracker - INFO - SpotiSpy song collection starting...
2026-01-09 04:58:02,925 - music_tracker - INFO - Starting song collection (last 1 hours)
2026-01-09 04:58:02,926 - music_tracker - INFO - Fetching recent tracks from Spotify...
2026-01-09 04:58:03,292 - music_tracker - INFO - No recent songs found from Spotify
2026-01-09 04:58:03,295 - music_tracker - INFO - No new songs found from Spotify API
2026-01-09 04:58:03,295 - music_tracker - INFO - Song collection completed successfully
2026-01-09 05:58:03,180 - music_tracker - INFO - SpotiSpy song collection starting...
2026-01-09 05:58:03,181 - music_tracker - INFO - Starting song collection (last 1 hours)
2026-01-09 05:58:03,181 - music_tracker - INFO - Fetching recent tracks from Spotify...
2026-01-09 05:58:03,541 - music_tracker - INFO - No recent songs found from Spotify
2026-01-09 05:58:03,543 - music_tracker - INFO - No new songs found from Spotify API
2026-01-09 05:58:03,544 - music_tracker - INFO - Song collection completed successfully
2026-01-09 06:58:03,722 - music_tracker - INFO - SpotiSpy song collection starting...
2026-01-09 06:58:03,723 - music_tracker - INFO - Starting song collection (last 1 hours)
2026-01-09 06:58:03,724 - music_tracker - INFO - Fetching recent tracks from Spotify...
2026-01-09 06:58:04,103 - music_tracker - INFO - No recent songs found from Spotify
2026-01-09 06:58:04,105 - music_tracker - INFO - No new songs found from Spotify API
2026-01-09 06:58:04,106 - music_tracker - INFO - Song collection completed successfully
2026-01-09 07:58:03,077 - music_tracker - INFO - SpotiSpy song collection starting...
2026-01-09 07:58:03,078 - music_tracker - INFO - Starting song collection (last 1 hours)
2026-01-09 07:58:03,079 - music_tracker - INFO - Fetching recent tracks from Spotify...
2026-01-09 07:58:03,466 - music_tracker - INFO - No recent songs found from Spotify
2026-01-09 07:58:03,468 - music_tracker - INFO - No new songs found from Spotify API
2026-01-09 07:58:03,469 - music_tracker - INFO - Song collection completed successfully
2026-01-09 08:58:03,363 - music_tracker - INFO - SpotiSpy song collection starting...
2026-01-09 08:58:03,364 - music_tracker - INFO - Starting song collection (last 1 hours)
2026-01-09 08:58:03,364 - music_tracker - INFO - Fetching recent tracks from Spotify...
2026-01-09 08:58:03,945 - music_tracker - INFO - No recent songs found from Spotify
2026-01-09 08:58:03,947 - music_tracker - INFO - No new songs found from Spotify API
2026-01-09 08:58:03,948 - music_tracker - INFO - Song collection completed successfully
2026-01-09 09:00:12,940 - music_tracker - INFO - SpotiSpy starting...
2026-01-09 09:00:12,940 - music_tracker - INFO - Starting daily SpotiSpy analysis
2026-01-09 09:00:12,941 - music_tracker - INFO - Fetching yesterday's listening data...
2026-01-09 09:00:14,555 - music_tracker - INFO - Fetched 11 songs from database
2026-01-09 09:00:14,558 - music_tracker - INFO - Found 11 songs to analyze
2026-01-09 09:00:14,558 - music_tracker - INFO - Running analysis...
2026-01-09 09:00:14,561 - music_tracker - INFO - Sending daily summary to Slack...
2026-01-09 09:00:20,574 - music_tracker - INFO - Message sent successfully to Slack
2026-01-09 09:00:20,575 - music_tracker - INFO - Daily analysis completed successfully!
2026-01-09 09:00:20,575 - music_tracker - INFO - SpotiSpy completed successfully
2026-01-09 09:58:03,579 - music_tracker - INFO - SpotiSpy song collection starting...
2026-01-09 09:58:03,579 - music_tracker - INFO - Starting song collection (last 1 hours)
2026-01-09 09:58:03,580 - music_tracker - INFO - Fetching recent tracks from Spotify...
2026-01-09 09:58:04,155 - music_tracker - INFO - Fetched 1 songs from Spotify
2026-01-09 09:58:04,158 - music_tracker - INFO - Found 1 songs from Spotify API
2026-01-09 09:58:04,159 - music_tracker - INFO - Checking for duplicates in database...
2026-01-09 09:58:05,583 - music_tracker - INFO - Found 1 new songs out of 1 total
2026-01-09 09:58:05,585 - music_tracker - INFO - Found 1 new songs to save
2026-01-09 09:58:05,586 - music_tracker - INFO - Saving songs to database...
2026-01-09 09:58:05,892 - music_tracker - INFO - Successfully saved 1 songs to database
2026-01-09 09:58:05,894 - music_tracker - INFO - Successfully saved 1 songs to database
2026-01-09 09:58:05,895 - music_tracker - INFO - Song collection completed successfully
2026-01-09 10:58:04,066 - music_tracker - INFO - SpotiSpy song collection starting...
2026-01-09 10:58:04,067 - music_tracker - INFO - Starting song collection (last 1 hours)
2026-01-09 10:58:04,068 - music_tracker - INFO - Fetching recent tracks from Spotify...
2026-01-09 10:58:04,628 - music_tracker - INFO - Fetched 11 songs from Spotify
2026-01-09 10:58:04,631 - music_tracker - INFO - Found 11 songs from Spotify API
2026-01-09 10:58:04,632 - music_tracker - INFO - Checking for duplicates in database...
2026-01-09 10:58:06,265 - music_tracker - INFO - Found 11 new songs out of 11 total
2026-01-09 10:58:06,267 - music_tracker - INFO - Found 11 new songs to save
2026-01-09 10:58:06,268 - music_tracker - INFO - Saving songs to database...
2026-01-09 10:58:06,576 - music_tracker - INFO - Successfully saved 11 songs to database
2026-01-09 10:58:06,579 - music_tracker - INFO - Successfully saved 11 songs to database
2026-01-09 10:58:06,581 - music_tracker - INFO - Song collection completed successfully
2026-01-09 11:58:03,553 - music_tracker - INFO - SpotiSpy song collection starting...
2026-01-09 11:58:03,553 - music_tracker - INFO - Starting song collection (last 1 hours)
2026-01-09 11:58:03,554 - music_tracker - INFO - Fetching recent tracks from Spotify...
2026-01-09 11:58:04,173 - music_tracker - INFO - Fetched 11 songs from Spotify
2026-01-09 11:58:04,176 - music_tracker - INFO - Found 11 songs from Spotify API
2026-01-09 11:58:04,177 - music_tracker - INFO - Checking for duplicates in database...
2026-01-09 11:58:05,695 - music_tracker - INFO - Found 11 new songs out of 11 total
2026-01-09 11:58:05,697 - music_tracker - INFO - Found 11 new songs to save
2026-01-09 11:58:05,698 - music_tracker - INFO - Saving songs to database...
2026-01-09 11:58:06,073 - music_tracker - INFO - Successfully saved 11 songs to database
2026-01-09 11:58:06,075 - music_tracker - INFO - Successfully saved 11 songs to database
2026-01-09 11:58:06,076 - music_tracker - INFO - Song collection completed successfully
2026-01-09 12:58:03,014 - music_tracker - INFO - SpotiSpy song collection starting...
2026-01-09 12:58:03,014 - music_tracker - INFO - Starting song collection (last 1 hours)
2026-01-09 12:58:03,015 - music_tracker - INFO - Fetching recent tracks from Spotify...
2026-01-09 12:58:03,480 - music_tracker - INFO - Fetched 8 songs from Spotify
2026-01-09 12:58:03,482 - music_tracker - INFO - Found 8 songs from Spotify API
2026-01-09 12:58:03,483 - music_tracker - INFO - Checking for duplicates in database...
2026-01-09 12:58:04,882 - music_tracker - INFO - Found 8 new songs out of 8 total
2026-01-09 12:58:04,884 - music_tracker - INFO - Found 8 new songs to save
2026-01-09 12:58:04,885 - music_tracker - INFO - Saving songs to database...
2026-01-09 12:58:05,201 - music_tracker - INFO - Successfully saved 8 songs to database
2026-01-09 12:58:05,202 - music_tracker - INFO - Successfully saved 8 songs to database
2026-01-09 12:58:05,203 - music_tracker - INFO - Song collection completed successfully
2026-01-09 13:58:03,102 - music_tracker - INFO - SpotiSpy song collection starting...
2026-01-09 13:58:03,102 - music_tracker - INFO - Starting song collection (last 1 hours)
2026-01-09 13:58:03,103 - music_tracker - INFO - Fetching recent tracks from Spotify...
2026-01-09 13:58:03,647 - music_tracker - INFO - Fetched 14 songs from Spotify
2026-01-09 13:58:03,650 - music_tracker - INFO - Found 14 songs from Spotify API
2026-01-09 13:58:03,650 - music_tracker - INFO - Checking for duplicates in database...
2026-01-09 13:58:05,171 - music_tracker - INFO - Found 14 new songs out of 14 total
2026-01-09 13:58:05,174 - music_tracker - INFO - Found 14 new songs to save
2026-01-09 13:58:05,174 - music_tracker - INFO - Saving songs to database...
2026-01-09 13:58:05,475 - music_tracker - INFO - Successfully saved 14 songs to database
2026-01-09 13:58:05,477 - music_tracker - INFO - Successfully saved 14 songs to database
2026-01-09 13:58:05,478 - music_tracker - INFO - Song collection completed successfully
2026-01-09 14:58:03,407 - music_tracker - INFO - SpotiSpy song collection starting...
2026-01-09 14:58:03,407 - music_tracker - INFO - Starting song collection (last 1 hours)
2026-01-09 14:58:03,408 - music_tracker - INFO - Fetching recent tracks from Spotify...
2026-01-09 14:58:03,913 - music_tracker - INFO - Fetched 19 songs from Spotify
2026-01-09 14:58:03,916 - music_tracker - INFO - Found 19 songs from Spotify API
2026-01-09 14:58:03,917 - music_tracker - INFO - Checking for duplicates in database...
2026-01-09 14:58:05,467 - music_tracker - INFO - Found 19 new songs out of 19 total
2026-01-09 14:58:05,469 - music_tracker - INFO - Found 19 new songs to save
2026-01-09 14:58:05,470 - music_tracker - INFO - Saving songs to database...
2026-01-09 14:58:05,884 - music_tracker - INFO - Successfully saved 19 songs to database
2026-01-09 14:58:05,887 - music_tracker - INFO - Successfully saved 19 songs to database
2026-01-09 14:58:05,887 - music_tracker - INFO - Song collection completed successfully
2026-01-09 15:58:02,808 - music_tracker - INFO - SpotiSpy song collection starting...
2026-01-09 15:58:02,809 - music_tracker - INFO - Starting song collection (last 1 hours)
2026-01-09 15:58:02,809 - music_tracker - INFO - Fetching recent tracks from Spotify...
2026-01-09 15:58:03,272 - music_tracker - INFO - Fetched 6 songs from Spotify
2026-01-09 15:58:03,275 - music_tracker - INFO - Found 6 songs from Spotify API
2026-01-09 15:58:03,276 - music_tracker - INFO - Checking for duplicates in database...
2026-01-09 15:58:04,668 - music_tracker - INFO - Found 6 new songs out of 6 total
2026-01-09 15:58:04,671 - music_tracker - INFO - Found 6 new songs to save
2026-01-09 15:58:04,672 - music_tracker - INFO - Saving songs to database...
2026-01-09 15:58:04,944 - music_tracker - INFO - Successfully saved 6 songs to database
2026-01-09 15:58:04,946 - music_tracker - INFO - Successfully saved 6 songs to database
2026-01-09 15:58:04,946 - music_tracker - INFO - Song collection completed successfully
2026-01-09 16:58:02,883 - music_tracker - INFO - SpotiSpy song collection starting...
2026-01-09 16:58:02,884 - music_tracker - INFO - Starting song collection (last 1 hours)
2026-01-09 16:58:02,884 - music_tracker - INFO - Fetching recent tracks from Spotify...
2026-01-09 16:58:03,351 - music_tracker - INFO - Fetched 10 songs from Spotify
2026-01-09 16:58:03,353 - music_tracker - INFO - Found 10 songs from Spotify API
2026-01-09 16:58:03,354 - music_tracker - INFO - Checking for duplicates in database...
2026-01-09 16:58:04,712 - music_tracker - INFO - Found 10 new songs out of 10 total
2026-01-09 16:58:04,713 - music_tracker - INFO - Found 10 new songs to save
2026-01-09 16:58:04,714 - music_tracker - INFO - Saving songs to database...
2026-01-09 16:58:05,012 - music_tracker - INFO - Successfully saved 10 songs to database
2026-01-09 16:58:05,014 - music_tracker - INFO - Successfully saved 10 songs to database
2026-01-09 16:58:05,015 - music_tracker - INFO - Song collection completed successfully
2026-01-09 17:58:02,934 - music_tracker - INFO - SpotiSpy song collection starting...
2026-01-09 17:58:02,934 - music_tracker - INFO - Starting song collection (last 1 hours)
2026-01-09 17:58:02,935 - music_tracker - INFO - Fetching recent tracks from Spotify...
2026-01-09 17:58:03,318 - music_tracker - INFO - No recent songs found from Spotify
2026-01-09 17:58:03,320 - music_tracker - INFO - No new songs found from Spotify API
2026-01-09 17:58:03,321 - music_tracker - INFO - Song collection completed successfully
2026-01-09 18:58:03,214 - music_tracker - INFO - SpotiSpy song collection starting...
2026-01-09 18:58:03,215 - music_tracker - INFO - Starting song collection (last 1 hours)
2026-01-09 18:58:03,215 - music_tracker - INFO - Fetching recent tracks from Spotify...
2026-01-09 18:58:03,613 - music_tracker - INFO - No recent songs found from Spotify
2026-01-09 18:58:03,615 - music_tracker - INFO - No new songs found from Spotify API
2026-01-09 18:58:03,616 - music_tracker - INFO - Song collection completed successfully
2026-01-09 19:58:03,534 - music_tracker - INFO - SpotiSpy song collection starting...
2026-01-09 19:58:03,534 - music_tracker - INFO - Starting song collection (last 1 hours)
2026-01-09 19:58:03,535 - music_tracker - INFO - Fetching recent tracks from Spotify...
2026-01-09 19:58:04,047 - music_tracker - INFO - No recent songs found from Spotify
2026-01-09 19:58:04,049 - music_tracker - INFO - No new songs found from Spotify API
2026-01-09 19:58:04,049 - music_tracker - INFO - Song collection completed successfully
2026-01-09 20:58:02,979 - music_tracker - INFO - SpotiSpy song collection starting...
2026-01-09 20:58:02,979 - music_tracker - INFO - Starting song collection (last 1 hours)
2026-01-09 20:58:02,980 - music_tracker - INFO - Fetching recent tracks from Spotify...
2026-01-09 20:58:03,399 - music_tracker - INFO - No recent songs found from Spotify
2026-01-09 20:58:03,401 - music_tracker - INFO - No new songs found from Spotify API
2026-01-09 20:58:03,402 - music_tracker - INFO - Song collection completed successfully
2026-01-09 21:58:03,283 - music_tracker - INFO - SpotiSpy song collection starting...
2026-01-09 21:58:03,284 - music_tracker - INFO - Starting song collection (last 1 hours)
2026-01-09 21:58:03,284 - music_tracker - INFO - Fetching recent tracks from Spotify...
2026-01-09 21:58:03,629 - music_tracker - INFO - No recent songs found from Spotify
2026-01-09 21:58:03,631 - music_tracker - INFO - No new songs found from Spotify API
2026-01-09 21:58:03,632 - music_tracker - INFO - Song collection completed successfully
2026-01-09 22:58:03,534 - music_tracker - INFO - SpotiSpy song collection starting...
2026-01-09 22:58:03,534 - music_tracker - INFO - Starting song collection (last 1 hours)
2026-01-09 22:58:03,535 - music_tracker - INFO - Fetching recent tracks from Spotify...
2026-01-09 22:58:03,925 - music_tracker - INFO - No recent songs found from Spotify
2026-01-09 22:58:03,927 - music_tracker - INFO - No new songs found from Spotify API
2026-01-09 22:58:03,928 - music_tracker - INFO - Song collection completed successfully
2026-01-09 23:58:02,806 - music_tracker - INFO - SpotiSpy song collection starting...
2026-01-09 23:58:02,807 - music_tracker - INFO - Starting song collection (last 1 hours)
2026-01-09 23:58:02,808 - music_tracker - INFO - Fetching recent tracks from Spotify...
2026-01-09 23:58:03,182 - music_tracker - INFO - No recent songs found from Spotify
2026-01-09 23:58:03,184 - music_tracker - INFO - No new songs found from Spotify API
2026-01-09 23:58:03,184 - music_tracker - INFO - Song collection completed successfully
