2025-07-09 00:58:07,459 - music_tracker - INFO - Zero songs listened to
2025-07-09 00:58:07,460 - music_tracker - INFO - No songs uploaded.
2025-07-09 01:58:07,173 - music_tracker - INFO - Zero songs listened to
2025-07-09 01:58:07,174 - music_tracker - INFO - No songs uploaded.
2025-07-09 02:58:06,876 - music_tracker - INFO - Zero songs listened to
2025-07-09 02:58:06,877 - music_tracker - INFO - No songs uploaded.
2025-07-09 03:58:06,627 - music_tracker - INFO - Zero songs listened to
2025-07-09 03:58:06,628 - music_tracker - INFO - No songs uploaded.
2025-07-09 05:58:06,934 - music_tracker - INFO - Zero songs listened to
2025-07-09 05:58:06,935 - music_tracker - INFO - No songs uploaded.
2025-07-09 06:58:06,696 - music_tracker - INFO - Zero songs listened to
2025-07-09 06:58:06,697 - music_tracker - INFO - No songs uploaded.
2025-07-09 07:58:07,442 - music_tracker - INFO - Zero songs listened to
2025-07-09 07:58:07,443 - music_tracker - INFO - No songs uploaded.
2025-07-09 08:58:07,197 - music_tracker - INFO - Zero songs listened to
2025-07-09 08:58:07,198 - music_tracker - INFO - No songs uploaded.
2025-07-09 09:00:11,720 - music_tracker - INFO - Starting music tracker analysis
2025-07-09 09:00:11,721 - music_tracker - INFO - Fetching data
2025-07-09 09:00:12,498 - music_tracker - INFO - Fetched 76 recent songs
2025-07-09 09:00:12,506 - music_tracker - INFO - Running top listens analysis
2025-07-09 09:00:12,506 - music_tracker - INFO - Calculating top songs listens
2025-07-09 09:00:12,507 - music_tracker - INFO - Sending message with top 3 songs
2025-07-09 09:00:13,506 - music_tracker - INFO - Message successfully sent!
2025-07-09 09:00:13,507 - music_tracker - INFO - Calculating top albums listens
2025-07-09 09:00:13,508 - music_tracker - INFO - Sending message with top 3 albums
2025-07-09 09:00:14,240 - music_tracker - INFO - Message successfully sent!
2025-07-09 09:00:14,241 - music_tracker - INFO - Calculating top artists listens
2025-07-09 09:00:14,241 - music_tracker - INFO - Sending message with top 3 artists
2025-07-09 09:00:14,998 - music_tracker - INFO - Message successfully sent!
2025-07-09 09:00:14,999 - music_tracker - INFO - Running popularity and listening hours analysis
2025-07-09 09:00:14,999 - music_tracker - INFO - Finding most popular track
2025-07-09 09:00:15,000 - music_tracker - INFO - Most popular song found: Now and at the Hour of Our Death (feat. BONES) with score 78
2025-07-09 09:00:15,715 - music_tracker - INFO - Message successfully sent!
2025-07-09 09:00:15,715 - music_tracker - INFO - Calculating most listened hour
2025-07-09 09:00:15,716 - music_tracker - INFO - Most listened hour: 15:00 with 47:22
2025-07-09 09:00:16,431 - music_tracker - INFO - Message successfully sent!
2025-07-09 09:00:16,432 - music_tracker - INFO - Analysis completed successfully

2025-07-09 09:58:08,147 - music_tracker - INFO - Uploading 2 songs
2025-07-09 10:58:10,818 - music_tracker - INFO - Uploading 15 songs
2025-07-09 11:58:07,370 - music_tracker - INFO - Uploading 2 songs
2025-07-09 12:58:07,092 - music_tracker - INFO - Zero songs listened to
2025-07-09 12:58:07,093 - music_tracker - INFO - No songs uploaded.
2025-07-09 13:58:09,957 - music_tracker - INFO - Uploading 12 songs
2025-07-09 14:58:06,669 - music_tracker - INFO - Zero songs listened to
2025-07-09 14:58:06,670 - music_tracker - INFO - No songs uploaded.
2025-07-09 15:58:07,383 - music_tracker - INFO - Zero songs listened to
2025-07-09 15:58:07,383 - music_tracker - INFO - No songs uploaded.
2025-07-09 16:58:07,124 - music_tracker - INFO - Zero songs listened to
2025-07-09 16:58:07,125 - music_tracker - INFO - No songs uploaded.
2025-07-09 17:58:10,155 - music_tracker - INFO - Uploading 13 songs
2025-07-09 18:58:11,760 - music_tracker - INFO - Uploading 17 songs
2025-07-09 19:58:07,556 - music_tracker - INFO - Uploading 3 songs
2025-07-09 20:58:08,932 - music_tracker - INFO - Uploading 4 songs
2025-07-09 21:58:06,637 - music_tracker - INFO - Zero songs listened to
2025-07-09 21:58:06,637 - music_tracker - INFO - No songs uploaded.
2025-07-09 22:58:07,497 - music_tracker - INFO - Zero songs listened to
2025-07-09 22:58:07,499 - music_tracker - INFO - No songs uploaded.
2025-07-09 23:58:07,197 - music_tracker - INFO - Zero songs listened to
2025-07-09 23:58:07,198 - music_tracker - INFO - No songs uploaded.
