2025-11-15 00:58:02,810 - music_tracker - INFO - SpotiSpy song collection starting...
2025-11-15 00:58:02,811 - music_tracker - INFO - Starting song collection (last 1 hours)
2025-11-15 00:58:02,812 - music_tracker - INFO - Fetching recent tracks from Spotify...
2025-11-15 00:58:03,174 - music_tracker - INFO - No recent songs found from Spotify
2025-11-15 00:58:03,176 - music_tracker - INFO - No new songs found from Spotify API
2025-11-15 00:58:03,177 - music_tracker - INFO - Song collection completed successfully
2025-11-15 01:58:03,101 - music_tracker - INFO - SpotiSpy song collection starting...
2025-11-15 01:58:03,102 - music_tracker - INFO - Starting song collection (last 1 hours)
2025-11-15 01:58:03,103 - music_tracker - INFO - Fetching recent tracks from Spotify...
2025-11-15 01:58:03,450 - music_tracker - INFO - No recent songs found from Spotify
2025-11-15 01:58:03,452 - music_tracker - INFO - No new songs found from Spotify API
2025-11-15 01:58:03,453 - music_tracker - INFO - Song collection completed successfully
2025-11-15 02:58:03,352 - music_tracker - INFO - SpotiSpy song collection starting...
2025-11-15 02:58:03,352 - music_tracker - INFO - Starting song collection (last 1 hours)
2025-11-15 02:58:03,353 - music_tracker - INFO - Fetching recent tracks from Spotify...
2025-11-15 02:58:08,711 - music_tracker - INFO - No recent songs found from Spotify
2025-11-15 02:58:08,714 - music_tracker - INFO - No new songs found from Spotify API
2025-11-15 02:58:08,715 - music_tracker - INFO - Song collection completed successfully
2025-11-15 03:58:02,658 - music_tracker - INFO - SpotiSpy song collection starting...
2025-11-15 03:58:02,659 - music_tracker - INFO - Starting song collection (last 1 hours)
2025-11-15 03:58:02,660 - music_tracker - INFO - Fetching recent tracks from Spotify...
2025-11-15 03:58:03,014 - music_tracker - INFO - No recent songs found from Spotify
2025-11-15 03:58:03,016 - music_tracker - INFO - No new songs found from Spotify API
2025-11-15 03:58:03,016 - music_tracker - INFO - Song collection completed successfully
2025-11-15 04:58:02,919 - music_tracker - INFO - SpotiSpy song collection starting...
2025-11-15 04:58:02,920 - music_tracker - INFO - Starting song collection (last 1 hours)
2025-11-15 04:58:02,920 - music_tracker - INFO - Fetching recent tracks from Spotify...
2025-11-15 04:58:03,327 - music_tracker - INFO - No recent songs found from Spotify
2025-11-15 04:58:03,329 - music_tracker - INFO - No new songs found from Spotify API
2025-11-15 04:58:03,330 - music_tracker - INFO - Song collection completed successfully
2025-11-15 05:58:03,234 - music_tracker - INFO - SpotiSpy song collection starting...
2025-11-15 05:58:03,235 - music_tracker - INFO - Starting song collection (last 1 hours)
2025-11-15 05:58:03,235 - music_tracker - INFO - Fetching recent tracks from Spotify...
2025-11-15 05:58:03,627 - music_tracker - INFO - No recent songs found from Spotify
2025-11-15 05:58:03,629 - music_tracker - INFO - No new songs found from Spotify API
2025-11-15 05:58:03,630 - music_tracker - INFO - Song collection completed successfully
2025-11-15 06:58:03,576 - music_tracker - INFO - SpotiSpy song collection starting...
2025-11-15 06:58:03,577 - music_tracker - INFO - Starting song collection (last 1 hours)
2025-11-15 06:58:03,578 - music_tracker - INFO - Fetching recent tracks from Spotify...
2025-11-15 06:58:03,918 - music_tracker - INFO - No recent songs found from Spotify
2025-11-15 06:58:03,920 - music_tracker - INFO - No new songs found from Spotify API
2025-11-15 06:58:03,921 - music_tracker - INFO - Song collection completed successfully
2025-11-15 07:58:02,811 - music_tracker - INFO - SpotiSpy song collection starting...
2025-11-15 07:58:02,812 - music_tracker - INFO - Starting song collection (last 1 hours)
2025-11-15 07:58:02,813 - music_tracker - INFO - Fetching recent tracks from Spotify...
2025-11-15 07:58:03,152 - music_tracker - INFO - No recent songs found from Spotify
2025-11-15 07:58:03,154 - music_tracker - INFO - No new songs found from Spotify API
2025-11-15 07:58:03,154 - music_tracker - INFO - Song collection completed successfully
2025-11-15 08:58:03,212 - music_tracker - INFO - SpotiSpy song collection starting...
2025-11-15 08:58:03,213 - music_tracker - INFO - Starting song collection (last 1 hours)
2025-11-15 08:58:03,214 - music_tracker - INFO - Fetching recent tracks from Spotify...
2025-11-15 08:58:03,627 - music_tracker - INFO - No recent songs found from Spotify
2025-11-15 08:58:03,629 - music_tracker - INFO - No new songs found from Spotify API
2025-11-15 08:58:03,629 - music_tracker - INFO - Song collection completed successfully
2025-11-15 09:00:12,872 - music_tracker - INFO - SpotiSpy starting...
2025-11-15 09:00:12,872 - music_tracker - INFO - Starting daily SpotiSpy analysis
2025-11-15 09:00:12,873 - music_tracker - INFO - Fetching yesterday's listening data...
2025-11-15 09:00:19,599 - music_tracker - INFO - Fetched 34 songs from database
2025-11-15 09:00:19,601 - music_tracker - INFO - Found 34 songs to analyze
2025-11-15 09:00:19,602 - music_tracker - INFO - Running analysis...
2025-11-15 09:00:19,608 - music_tracker - INFO - Sending daily summary to Slack...
2025-11-15 09:00:20,475 - music_tracker - INFO - Message sent successfully to Slack
2025-11-15 09:00:20,476 - music_tracker - INFO - Daily analysis completed successfully!
2025-11-15 09:00:20,476 - music_tracker - INFO - SpotiSpy completed successfully
2025-11-15 09:58:03,361 - music_tracker - INFO - SpotiSpy song collection starting...
2025-11-15 09:58:03,362 - music_tracker - INFO - Starting song collection (last 1 hours)
2025-11-15 09:58:03,362 - music_tracker - INFO - Fetching recent tracks from Spotify...
2025-11-15 09:58:03,743 - music_tracker - INFO - No recent songs found from Spotify
2025-11-15 09:58:03,745 - music_tracker - INFO - No new songs found from Spotify API
2025-11-15 09:58:03,746 - music_tracker - INFO - Song collection completed successfully
2025-11-15 10:58:02,637 - music_tracker - INFO - SpotiSpy song collection starting...
2025-11-15 10:58:02,637 - music_tracker - INFO - Starting song collection (last 1 hours)
2025-11-15 10:58:02,638 - music_tracker - INFO - Fetching recent tracks from Spotify...
2025-11-15 10:58:03,001 - music_tracker - INFO - No recent songs found from Spotify
2025-11-15 10:58:03,003 - music_tracker - INFO - No new songs found from Spotify API
2025-11-15 10:58:03,003 - music_tracker - INFO - Song collection completed successfully
2025-11-15 11:58:02,901 - music_tracker - INFO - SpotiSpy song collection starting...
2025-11-15 11:58:02,902 - music_tracker - INFO - Starting song collection (last 1 hours)
2025-11-15 11:58:02,902 - music_tracker - INFO - Fetching recent tracks from Spotify...
2025-11-15 11:58:03,617 - music_tracker - INFO - Fetched 16 songs from Spotify
2025-11-15 11:58:03,622 - music_tracker - INFO - Found 16 songs from Spotify API
2025-11-15 11:58:03,623 - music_tracker - INFO - Checking for duplicates in database...
2025-11-15 11:58:05,098 - music_tracker - INFO - Found 16 new songs out of 16 total
2025-11-15 11:58:05,100 - music_tracker - INFO - Found 16 new songs to save
2025-11-15 11:58:05,101 - music_tracker - INFO - Saving songs to database...
2025-11-15 11:58:05,504 - music_tracker - INFO - Successfully saved 16 songs to database
2025-11-15 11:58:05,506 - music_tracker - INFO - Successfully saved 16 songs to database
2025-11-15 11:58:05,507 - music_tracker - INFO - Song collection completed successfully
2025-11-15 12:58:03,427 - music_tracker - INFO - SpotiSpy song collection starting...
2025-11-15 12:58:03,428 - music_tracker - INFO - Starting song collection (last 1 hours)
2025-11-15 12:58:03,428 - music_tracker - INFO - Fetching recent tracks from Spotify...
2025-11-15 12:58:04,046 - music_tracker - INFO - Fetched 18 songs from Spotify
2025-11-15 12:58:04,049 - music_tracker - INFO - Found 18 songs from Spotify API
2025-11-15 12:58:04,050 - music_tracker - INFO - Checking for duplicates in database...
2025-11-15 12:58:05,551 - music_tracker - INFO - Found 18 new songs out of 18 total
2025-11-15 12:58:05,553 - music_tracker - INFO - Found 18 new songs to save
2025-11-15 12:58:05,554 - music_tracker - INFO - Saving songs to database...
2025-11-15 12:58:05,949 - music_tracker - INFO - Successfully saved 18 songs to database
2025-11-15 12:58:05,951 - music_tracker - INFO - Successfully saved 18 songs to database
2025-11-15 12:58:05,952 - music_tracker - INFO - Song collection completed successfully
2025-11-15 13:58:02,881 - music_tracker - INFO - SpotiSpy song collection starting...
2025-11-15 13:58:02,882 - music_tracker - INFO - Starting song collection (last 1 hours)
2025-11-15 13:58:02,883 - music_tracker - INFO - Fetching recent tracks from Spotify...
2025-11-15 13:58:03,837 - music_tracker - INFO - Fetched 18 songs from Spotify
2025-11-15 13:58:03,842 - music_tracker - INFO - Found 18 songs from Spotify API
2025-11-15 13:58:03,843 - music_tracker - INFO - Checking for duplicates in database...
2025-11-15 13:58:05,358 - music_tracker - INFO - Found 18 new songs out of 18 total
2025-11-15 13:58:05,360 - music_tracker - INFO - Found 18 new songs to save
2025-11-15 13:58:05,361 - music_tracker - INFO - Saving songs to database...
2025-11-15 13:58:05,680 - music_tracker - INFO - Successfully saved 18 songs to database
2025-11-15 13:58:05,682 - music_tracker - INFO - Successfully saved 18 songs to database
2025-11-15 13:58:05,683 - music_tracker - INFO - Song collection completed successfully
2025-11-15 14:58:03,599 - music_tracker - INFO - SpotiSpy song collection starting...
2025-11-15 14:58:03,600 - music_tracker - INFO - Starting song collection (last 1 hours)
2025-11-15 14:58:03,601 - music_tracker - INFO - Fetching recent tracks from Spotify...
2025-11-15 14:58:04,293 - music_tracker - INFO - Fetched 17 songs from Spotify
2025-11-15 14:58:04,297 - music_tracker - INFO - Found 17 songs from Spotify API
2025-11-15 14:58:04,298 - music_tracker - INFO - Checking for duplicates in database...
2025-11-15 14:58:05,701 - music_tracker - INFO - Found 17 new songs out of 17 total
2025-11-15 14:58:05,704 - music_tracker - INFO - Found 17 new songs to save
2025-11-15 14:58:05,704 - music_tracker - INFO - Saving songs to database...
2025-11-15 14:58:06,120 - music_tracker - INFO - Successfully saved 17 songs to database
2025-11-15 14:58:06,122 - music_tracker - INFO - Successfully saved 17 songs to database
2025-11-15 14:58:06,123 - music_tracker - INFO - Song collection completed successfully
2025-11-15 15:58:03,043 - music_tracker - INFO - SpotiSpy song collection starting...
2025-11-15 15:58:03,043 - music_tracker - INFO - Starting song collection (last 1 hours)
2025-11-15 15:58:03,044 - music_tracker - INFO - Fetching recent tracks from Spotify...
2025-11-15 15:58:03,505 - music_tracker - INFO - Fetched 4 songs from Spotify
2025-11-15 15:58:03,507 - music_tracker - INFO - Found 4 songs from Spotify API
2025-11-15 15:58:03,508 - music_tracker - INFO - Checking for duplicates in database...
2025-11-15 15:58:04,844 - music_tracker - INFO - Found 4 new songs out of 4 total
2025-11-15 15:58:04,846 - music_tracker - INFO - Found 4 new songs to save
2025-11-15 15:58:04,847 - music_tracker - INFO - Saving songs to database...
2025-11-15 15:58:05,188 - music_tracker - INFO - Successfully saved 4 songs to database
2025-11-15 15:58:05,191 - music_tracker - INFO - Successfully saved 4 songs to database
2025-11-15 15:58:05,191 - music_tracker - INFO - Song collection completed successfully
2025-11-15 16:58:03,115 - music_tracker - INFO - SpotiSpy song collection starting...
2025-11-15 16:58:03,116 - music_tracker - INFO - Starting song collection (last 1 hours)
2025-11-15 16:58:03,116 - music_tracker - INFO - Fetching recent tracks from Spotify...
2025-11-15 16:58:03,479 - music_tracker - INFO - No recent songs found from Spotify
2025-11-15 16:58:03,481 - music_tracker - INFO - No new songs found from Spotify API
2025-11-15 16:58:03,482 - music_tracker - INFO - Song collection completed successfully
2025-11-15 17:58:03,371 - music_tracker - INFO - SpotiSpy song collection starting...
2025-11-15 17:58:03,371 - music_tracker - INFO - Starting song collection (last 1 hours)
2025-11-15 17:58:03,372 - music_tracker - INFO - Fetching recent tracks from Spotify...
2025-11-15 17:58:03,765 - music_tracker - INFO - No recent songs found from Spotify
2025-11-15 17:58:03,767 - music_tracker - INFO - No new songs found from Spotify API
2025-11-15 17:58:03,768 - music_tracker - INFO - Song collection completed successfully
2025-11-15 18:58:02,653 - music_tracker - INFO - SpotiSpy song collection starting...
2025-11-15 18:58:02,653 - music_tracker - INFO - Starting song collection (last 1 hours)
2025-11-15 18:58:02,654 - music_tracker - INFO - Fetching recent tracks from Spotify...
2025-11-15 18:58:03,003 - music_tracker - INFO - No recent songs found from Spotify
2025-11-15 18:58:03,005 - music_tracker - INFO - No new songs found from Spotify API
2025-11-15 18:58:03,005 - music_tracker - INFO - Song collection completed successfully
2025-11-15 19:58:02,892 - music_tracker - INFO - SpotiSpy song collection starting...
2025-11-15 19:58:02,893 - music_tracker - INFO - Starting song collection (last 1 hours)
2025-11-15 19:58:02,894 - music_tracker - INFO - Fetching recent tracks from Spotify...
2025-11-15 19:58:03,272 - music_tracker - INFO - No recent songs found from Spotify
2025-11-15 19:58:03,275 - music_tracker - INFO - No new songs found from Spotify API
2025-11-15 19:58:03,275 - music_tracker - INFO - Song collection completed successfully
2025-11-15 20:58:03,183 - music_tracker - INFO - SpotiSpy song collection starting...
2025-11-15 20:58:03,184 - music_tracker - INFO - Starting song collection (last 1 hours)
2025-11-15 20:58:03,185 - music_tracker - INFO - Fetching recent tracks from Spotify...
2025-11-15 20:58:03,558 - music_tracker - INFO - No recent songs found from Spotify
2025-11-15 20:58:03,561 - music_tracker - INFO - No new songs found from Spotify API
2025-11-15 20:58:03,561 - music_tracker - INFO - Song collection completed successfully
2025-11-15 21:58:03,457 - music_tracker - INFO - SpotiSpy song collection starting...
2025-11-15 21:58:03,457 - music_tracker - INFO - Starting song collection (last 1 hours)
2025-11-15 21:58:03,458 - music_tracker - INFO - Fetching recent tracks from Spotify...
2025-11-15 21:58:03,848 - music_tracker - INFO - No recent songs found from Spotify
2025-11-15 21:58:03,850 - music_tracker - INFO - No new songs found from Spotify API
2025-11-15 21:58:03,851 - music_tracker - INFO - Song collection completed successfully
2025-11-15 22:58:02,727 - music_tracker - INFO - SpotiSpy song collection starting...
2025-11-15 22:58:02,728 - music_tracker - INFO - Starting song collection (last 1 hours)
2025-11-15 22:58:02,728 - music_tracker - INFO - Fetching recent tracks from Spotify...
2025-11-15 22:58:03,102 - music_tracker - INFO - No recent songs found from Spotify
2025-11-15 22:58:03,105 - music_tracker - INFO - No new songs found from Spotify API
2025-11-15 22:58:03,105 - music_tracker - INFO - Song collection completed successfully
2025-11-15 23:58:02,992 - music_tracker - INFO - SpotiSpy song collection starting...
2025-11-15 23:58:02,993 - music_tracker - INFO - Starting song collection (last 1 hours)
2025-11-15 23:58:02,994 - music_tracker - INFO - Fetching recent tracks from Spotify...
2025-11-15 23:58:03,364 - music_tracker - INFO - No recent songs found from Spotify
2025-11-15 23:58:03,366 - music_tracker - INFO - No new songs found from Spotify API
2025-11-15 23:58:03,367 - music_tracker - INFO - Song collection completed successfully
