2025-12-22 00:58:03,275 - music_tracker - INFO - SpotiSpy song collection starting...
2025-12-22 00:58:03,276 - music_tracker - INFO - Starting song collection (last 1 hours)
2025-12-22 00:58:03,277 - music_tracker - INFO - Fetching recent tracks from Spotify...
2025-12-22 00:58:03,640 - music_tracker - INFO - No recent songs found from Spotify
2025-12-22 00:58:03,643 - music_tracker - INFO - No new songs found from Spotify API
2025-12-22 00:58:03,643 - music_tracker - INFO - Song collection completed successfully
2025-12-22 01:58:03,918 - music_tracker - INFO - SpotiSpy song collection starting...
2025-12-22 01:58:03,919 - music_tracker - INFO - Starting song collection (last 1 hours)
2025-12-22 01:58:03,919 - music_tracker - INFO - Fetching recent tracks from Spotify...
2025-12-22 01:58:04,270 - music_tracker - INFO - No recent songs found from Spotify
2025-12-22 01:58:04,272 - music_tracker - INFO - No new songs found from Spotify API
2025-12-22 01:58:04,273 - music_tracker - INFO - Song collection completed successfully
2025-12-22 02:58:03,210 - music_tracker - INFO - SpotiSpy song collection starting...
2025-12-22 02:58:03,211 - music_tracker - INFO - Starting song collection (last 1 hours)
2025-12-22 02:58:03,212 - music_tracker - INFO - Fetching recent tracks from Spotify...
2025-12-22 02:58:03,572 - music_tracker - INFO - No recent songs found from Spotify
2025-12-22 02:58:03,574 - music_tracker - INFO - No new songs found from Spotify API
2025-12-22 02:58:03,575 - music_tracker - INFO - Song collection completed successfully
2025-12-22 03:58:03,492 - music_tracker - INFO - SpotiSpy song collection starting...
2025-12-22 03:58:03,493 - music_tracker - INFO - Starting song collection (last 1 hours)
2025-12-22 03:58:03,494 - music_tracker - INFO - Fetching recent tracks from Spotify...
2025-12-22 03:58:03,846 - music_tracker - INFO - No recent songs found from Spotify
2025-12-22 03:58:03,848 - music_tracker - INFO - No new songs found from Spotify API
2025-12-22 03:58:03,848 - music_tracker - INFO - Song collection completed successfully
2025-12-22 04:58:02,889 - music_tracker - INFO - SpotiSpy song collection starting...
2025-12-22 04:58:02,889 - music_tracker - INFO - Starting song collection (last 1 hours)
2025-12-22 04:58:02,890 - music_tracker - INFO - Fetching recent tracks from Spotify...
2025-12-22 04:58:03,242 - music_tracker - INFO - No recent songs found from Spotify
2025-12-22 04:58:03,244 - music_tracker - INFO - No new songs found from Spotify API
2025-12-22 04:58:03,244 - music_tracker - INFO - Song collection completed successfully
2025-12-22 05:58:03,137 - music_tracker - INFO - SpotiSpy song collection starting...
2025-12-22 05:58:03,137 - music_tracker - INFO - Starting song collection (last 1 hours)
2025-12-22 05:58:03,138 - music_tracker - INFO - Fetching recent tracks from Spotify...
2025-12-22 05:58:03,510 - music_tracker - INFO - No recent songs found from Spotify
2025-12-22 05:58:03,512 - music_tracker - INFO - No new songs found from Spotify API
2025-12-22 05:58:03,513 - music_tracker - INFO - Song collection completed successfully
2025-12-22 06:58:03,457 - music_tracker - INFO - SpotiSpy song collection starting...
2025-12-22 06:58:03,459 - music_tracker - INFO - Starting song collection (last 1 hours)
2025-12-22 06:58:03,460 - music_tracker - INFO - Fetching recent tracks from Spotify...
2025-12-22 06:58:03,801 - music_tracker - INFO - No recent songs found from Spotify
2025-12-22 06:58:03,804 - music_tracker - INFO - No new songs found from Spotify API
2025-12-22 06:58:03,804 - music_tracker - INFO - Song collection completed successfully
2025-12-22 07:58:02,699 - music_tracker - INFO - SpotiSpy song collection starting...
2025-12-22 07:58:02,700 - music_tracker - INFO - Starting song collection (last 1 hours)
2025-12-22 07:58:02,701 - music_tracker - INFO - Fetching recent tracks from Spotify...
2025-12-22 07:58:03,052 - music_tracker - INFO - No recent songs found from Spotify
2025-12-22 07:58:03,054 - music_tracker - INFO - No new songs found from Spotify API
2025-12-22 07:58:03,055 - music_tracker - INFO - Song collection completed successfully
2025-12-22 08:58:02,945 - music_tracker - INFO - SpotiSpy song collection starting...
2025-12-22 08:58:02,945 - music_tracker - INFO - Starting song collection (last 1 hours)
2025-12-22 08:58:02,946 - music_tracker - INFO - Fetching recent tracks from Spotify...
2025-12-22 08:58:03,299 - music_tracker - INFO - No recent songs found from Spotify
2025-12-22 08:58:03,301 - music_tracker - INFO - No new songs found from Spotify API
2025-12-22 08:58:03,302 - music_tracker - INFO - Song collection completed successfully
2025-12-22 09:00:20,695 - music_tracker - INFO - SpotiSpy starting...
2025-12-22 09:00:20,695 - music_tracker - INFO - Starting daily SpotiSpy analysis
2025-12-22 09:00:20,696 - music_tracker - INFO - Fetching yesterday's listening data...
2025-12-22 09:00:22,323 - music_tracker - INFO - Fetched 0 songs from database
2025-12-22 09:00:22,325 - music_tracker - WARNING - No songs found for yesterday
2025-12-22 09:00:22,326 - music_tracker - INFO - SpotiSpy completed successfully
2025-12-22 09:58:03,286 - music_tracker - INFO - SpotiSpy song collection starting...
2025-12-22 09:58:03,287 - music_tracker - INFO - Starting song collection (last 1 hours)
2025-12-22 09:58:03,288 - music_tracker - INFO - Fetching recent tracks from Spotify...
2025-12-22 09:58:03,756 - music_tracker - INFO - Fetched 8 songs from Spotify
2025-12-22 09:58:03,759 - music_tracker - INFO - Found 8 songs from Spotify API
2025-12-22 09:58:03,759 - music_tracker - INFO - Checking for duplicates in database...
2025-12-22 09:58:05,160 - music_tracker - INFO - Found 8 new songs out of 8 total
2025-12-22 09:58:05,162 - music_tracker - INFO - Found 8 new songs to save
2025-12-22 09:58:05,163 - music_tracker - INFO - Saving songs to database...
2025-12-22 09:58:05,585 - music_tracker - INFO - Successfully saved 8 songs to database
2025-12-22 09:58:05,587 - music_tracker - INFO - Successfully saved 8 songs to database
2025-12-22 09:58:05,588 - music_tracker - INFO - Song collection completed successfully
2025-12-22 10:58:03,509 - music_tracker - INFO - SpotiSpy song collection starting...
2025-12-22 10:58:03,509 - music_tracker - INFO - Starting song collection (last 1 hours)
2025-12-22 10:58:03,510 - music_tracker - INFO - Fetching recent tracks from Spotify...
2025-12-22 10:58:04,079 - music_tracker - INFO - Fetched 13 songs from Spotify
2025-12-22 10:58:04,082 - music_tracker - INFO - Found 13 songs from Spotify API
2025-12-22 10:58:04,083 - music_tracker - INFO - Checking for duplicates in database...
2025-12-22 10:58:05,537 - music_tracker - INFO - Found 13 new songs out of 13 total
2025-12-22 10:58:05,539 - music_tracker - INFO - Found 13 new songs to save
2025-12-22 10:58:05,540 - music_tracker - INFO - Saving songs to database...
2025-12-22 10:58:05,868 - music_tracker - INFO - Successfully saved 13 songs to database
2025-12-22 10:58:05,870 - music_tracker - INFO - Successfully saved 13 songs to database
2025-12-22 10:58:05,870 - music_tracker - INFO - Song collection completed successfully
2025-12-22 11:58:04,188 - music_tracker - INFO - SpotiSpy song collection starting...
2025-12-22 11:58:04,189 - music_tracker - INFO - Starting song collection (last 1 hours)
2025-12-22 11:58:04,189 - music_tracker - INFO - Fetching recent tracks from Spotify...
2025-12-22 11:58:04,548 - music_tracker - INFO - No recent songs found from Spotify
2025-12-22 11:58:04,550 - music_tracker - INFO - No new songs found from Spotify API
2025-12-22 11:58:04,550 - music_tracker - INFO - Song collection completed successfully
2025-12-22 12:58:03,510 - music_tracker - INFO - SpotiSpy song collection starting...
2025-12-22 12:58:03,510 - music_tracker - INFO - Starting song collection (last 1 hours)
2025-12-22 12:58:03,511 - music_tracker - INFO - Fetching recent tracks from Spotify...
2025-12-22 12:58:03,869 - music_tracker - INFO - No recent songs found from Spotify
2025-12-22 12:58:03,871 - music_tracker - INFO - No new songs found from Spotify API
2025-12-22 12:58:03,872 - music_tracker - INFO - Song collection completed successfully
2025-12-22 13:58:02,790 - music_tracker - INFO - SpotiSpy song collection starting...
2025-12-22 13:58:02,790 - music_tracker - INFO - Starting song collection (last 1 hours)
2025-12-22 13:58:02,791 - music_tracker - INFO - Fetching recent tracks from Spotify...
2025-12-22 13:58:03,572 - music_tracker - INFO - Fetched 15 songs from Spotify
2025-12-22 13:58:03,577 - music_tracker - INFO - Found 15 songs from Spotify API
2025-12-22 13:58:03,578 - music_tracker - INFO - Checking for duplicates in database...
2025-12-22 13:58:05,308 - music_tracker - INFO - Found 15 new songs out of 15 total
2025-12-22 13:58:05,311 - music_tracker - INFO - Found 15 new songs to save
2025-12-22 13:58:05,312 - music_tracker - INFO - Saving songs to database...
2025-12-22 13:58:05,627 - music_tracker - INFO - Successfully saved 15 songs to database
2025-12-22 13:58:05,629 - music_tracker - INFO - Successfully saved 15 songs to database
2025-12-22 13:58:05,630 - music_tracker - INFO - Song collection completed successfully
2025-12-22 14:58:03,536 - music_tracker - INFO - SpotiSpy song collection starting...
2025-12-22 14:58:03,537 - music_tracker - INFO - Starting song collection (last 1 hours)
2025-12-22 14:58:03,538 - music_tracker - INFO - Fetching recent tracks from Spotify...
2025-12-22 14:58:04,120 - music_tracker - INFO - Fetched 12 songs from Spotify
2025-12-22 14:58:04,123 - music_tracker - INFO - Found 12 songs from Spotify API
2025-12-22 14:58:04,124 - music_tracker - INFO - Checking for duplicates in database...
2025-12-22 14:58:05,724 - music_tracker - INFO - Found 12 new songs out of 12 total
2025-12-22 14:58:05,726 - music_tracker - INFO - Found 12 new songs to save
2025-12-22 14:58:05,727 - music_tracker - INFO - Saving songs to database...
2025-12-22 14:58:06,131 - music_tracker - INFO - Successfully saved 12 songs to database
2025-12-22 14:58:06,133 - music_tracker - INFO - Successfully saved 12 songs to database
2025-12-22 14:58:06,134 - music_tracker - INFO - Song collection completed successfully
2025-12-22 15:58:03,055 - music_tracker - INFO - SpotiSpy song collection starting...
2025-12-22 15:58:03,056 - music_tracker - INFO - Starting song collection (last 1 hours)
2025-12-22 15:58:03,057 - music_tracker - INFO - Fetching recent tracks from Spotify...
2025-12-22 15:58:03,660 - music_tracker - INFO - Fetched 15 songs from Spotify
2025-12-22 15:58:03,663 - music_tracker - INFO - Found 15 songs from Spotify API
2025-12-22 15:58:03,664 - music_tracker - INFO - Checking for duplicates in database...
2025-12-22 15:58:05,117 - music_tracker - INFO - Found 15 new songs out of 15 total
2025-12-22 15:58:05,119 - music_tracker - INFO - Found 15 new songs to save
2025-12-22 15:58:05,120 - music_tracker - INFO - Saving songs to database...
2025-12-22 15:58:05,529 - music_tracker - INFO - Successfully saved 15 songs to database
2025-12-22 15:58:05,531 - music_tracker - INFO - Successfully saved 15 songs to database
2025-12-22 15:58:05,532 - music_tracker - INFO - Song collection completed successfully
2025-12-22 16:58:03,464 - music_tracker - INFO - SpotiSpy song collection starting...
2025-12-22 16:58:03,464 - music_tracker - INFO - Starting song collection (last 1 hours)
2025-12-22 16:58:03,465 - music_tracker - INFO - Fetching recent tracks from Spotify...
2025-12-22 16:58:04,038 - music_tracker - INFO - Fetched 17 songs from Spotify
2025-12-22 16:58:04,041 - music_tracker - INFO - Found 17 songs from Spotify API
2025-12-22 16:58:04,042 - music_tracker - INFO - Checking for duplicates in database...
2025-12-22 16:58:05,496 - music_tracker - INFO - Found 17 new songs out of 17 total
2025-12-22 16:58:05,499 - music_tracker - INFO - Found 17 new songs to save
2025-12-22 16:58:05,500 - music_tracker - INFO - Saving songs to database...
2025-12-22 16:58:05,924 - music_tracker - INFO - Successfully saved 17 songs to database
2025-12-22 16:58:05,926 - music_tracker - INFO - Successfully saved 17 songs to database
2025-12-22 16:58:05,927 - music_tracker - INFO - Song collection completed successfully
2025-12-22 17:58:02,897 - music_tracker - INFO - SpotiSpy song collection starting...
2025-12-22 17:58:02,898 - music_tracker - INFO - Starting song collection (last 1 hours)
2025-12-22 17:58:02,899 - music_tracker - INFO - Fetching recent tracks from Spotify...
2025-12-22 17:58:03,434 - music_tracker - INFO - Fetched 15 songs from Spotify
2025-12-22 17:58:03,437 - music_tracker - INFO - Found 15 songs from Spotify API
2025-12-22 17:58:03,438 - music_tracker - INFO - Checking for duplicates in database...
2025-12-22 17:58:04,924 - music_tracker - INFO - Found 15 new songs out of 15 total
2025-12-22 17:58:04,926 - music_tracker - INFO - Found 15 new songs to save
2025-12-22 17:58:04,927 - music_tracker - INFO - Saving songs to database...
2025-12-22 17:58:05,230 - music_tracker - INFO - Successfully saved 15 songs to database
2025-12-22 17:58:05,232 - music_tracker - INFO - Successfully saved 15 songs to database
2025-12-22 17:58:05,233 - music_tracker - INFO - Song collection completed successfully
2025-12-22 18:58:03,178 - music_tracker - INFO - SpotiSpy song collection starting...
2025-12-22 18:58:03,178 - music_tracker - INFO - Starting song collection (last 1 hours)
2025-12-22 18:58:03,179 - music_tracker - INFO - Fetching recent tracks from Spotify...
2025-12-22 18:58:03,532 - music_tracker - INFO - No recent songs found from Spotify
2025-12-22 18:58:03,535 - music_tracker - INFO - No new songs found from Spotify API
2025-12-22 18:58:03,535 - music_tracker - INFO - Song collection completed successfully
2025-12-22 19:58:03,424 - music_tracker - INFO - SpotiSpy song collection starting...
2025-12-22 19:58:03,424 - music_tracker - INFO - Starting song collection (last 1 hours)
2025-12-22 19:58:03,425 - music_tracker - INFO - Fetching recent tracks from Spotify...
2025-12-22 19:58:03,825 - music_tracker - INFO - No recent songs found from Spotify
2025-12-22 19:58:03,827 - music_tracker - INFO - No new songs found from Spotify API
2025-12-22 19:58:03,827 - music_tracker - INFO - Song collection completed successfully
2025-12-22 20:58:02,718 - music_tracker - INFO - SpotiSpy song collection starting...
2025-12-22 20:58:02,718 - music_tracker - INFO - Starting song collection (last 1 hours)
2025-12-22 20:58:02,719 - music_tracker - INFO - Fetching recent tracks from Spotify...
2025-12-22 20:58:03,057 - music_tracker - INFO - No recent songs found from Spotify
2025-12-22 20:58:03,060 - music_tracker - INFO - No new songs found from Spotify API
2025-12-22 20:58:03,060 - music_tracker - INFO - Song collection completed successfully
2025-12-22 21:58:02,960 - music_tracker - INFO - SpotiSpy song collection starting...
2025-12-22 21:58:02,960 - music_tracker - INFO - Starting song collection (last 1 hours)
2025-12-22 21:58:02,961 - music_tracker - INFO - Fetching recent tracks from Spotify...
2025-12-22 21:58:03,326 - music_tracker - INFO - No recent songs found from Spotify
2025-12-22 21:58:03,328 - music_tracker - INFO - No new songs found from Spotify API
2025-12-22 21:58:03,328 - music_tracker - INFO - Song collection completed successfully
2025-12-22 22:58:03,226 - music_tracker - INFO - SpotiSpy song collection starting...
2025-12-22 22:58:03,227 - music_tracker - INFO - Starting song collection (last 1 hours)
2025-12-22 22:58:03,228 - music_tracker - INFO - Fetching recent tracks from Spotify...
2025-12-22 22:58:03,607 - music_tracker - INFO - No recent songs found from Spotify
2025-12-22 22:58:03,609 - music_tracker - INFO - No new songs found from Spotify API
2025-12-22 22:58:03,610 - music_tracker - INFO - Song collection completed successfully
2025-12-22 23:58:03,516 - music_tracker - INFO - SpotiSpy song collection starting...
2025-12-22 23:58:03,517 - music_tracker - INFO - Starting song collection (last 1 hours)
2025-12-22 23:58:03,518 - music_tracker - INFO - Fetching recent tracks from Spotify...
2025-12-22 23:58:03,891 - music_tracker - INFO - No recent songs found from Spotify
2025-12-22 23:58:03,893 - music_tracker - INFO - No new songs found from Spotify API
2025-12-22 23:58:03,894 - music_tracker - INFO - Song collection completed successfully
