2025-09-28 00:58:02,988 - music_tracker - INFO - SpotiSpy song collection starting...
2025-09-28 00:58:02,988 - music_tracker - INFO - Starting song collection (last 1 hours)
2025-09-28 00:58:02,989 - music_tracker - INFO - Fetching recent tracks from Spotify...
2025-09-28 00:58:03,427 - music_tracker - INFO - No recent songs found from Spotify
2025-09-28 00:58:03,429 - music_tracker - INFO - No new songs found from Spotify API
2025-09-28 00:58:03,430 - music_tracker - INFO - Song collection completed successfully
2025-09-28 01:58:04,145 - music_tracker - INFO - SpotiSpy song collection starting...
2025-09-28 01:58:04,146 - music_tracker - INFO - Starting song collection (last 1 hours)
2025-09-28 01:58:04,147 - music_tracker - INFO - Fetching recent tracks from Spotify...
2025-09-28 01:58:04,542 - music_tracker - INFO - No recent songs found from Spotify
2025-09-28 01:58:04,544 - music_tracker - INFO - No new songs found from Spotify API
2025-09-28 01:58:04,544 - music_tracker - INFO - Song collection completed successfully
2025-09-28 02:58:03,480 - music_tracker - INFO - SpotiSpy song collection starting...
2025-09-28 02:58:03,481 - music_tracker - INFO - Starting song collection (last 1 hours)
2025-09-28 02:58:03,482 - music_tracker - INFO - Fetching recent tracks from Spotify...
2025-09-28 02:58:03,877 - music_tracker - INFO - No recent songs found from Spotify
2025-09-28 02:58:03,879 - music_tracker - INFO - No new songs found from Spotify API
2025-09-28 02:58:03,880 - music_tracker - INFO - Song collection completed successfully
2025-09-28 03:58:02,849 - music_tracker - INFO - SpotiSpy song collection starting...
2025-09-28 03:58:02,850 - music_tracker - INFO - Starting song collection (last 1 hours)
2025-09-28 03:58:02,851 - music_tracker - INFO - Fetching recent tracks from Spotify...
2025-09-28 03:58:03,259 - music_tracker - INFO - No recent songs found from Spotify
2025-09-28 03:58:03,261 - music_tracker - INFO - No new songs found from Spotify API
2025-09-28 03:58:03,262 - music_tracker - INFO - Song collection completed successfully
2025-09-28 04:58:03,166 - music_tracker - INFO - SpotiSpy song collection starting...
2025-09-28 04:58:03,166 - music_tracker - INFO - Starting song collection (last 1 hours)
2025-09-28 04:58:03,167 - music_tracker - INFO - Fetching recent tracks from Spotify...
2025-09-28 04:58:03,549 - music_tracker - INFO - No recent songs found from Spotify
2025-09-28 04:58:03,551 - music_tracker - INFO - No new songs found from Spotify API
2025-09-28 04:58:03,552 - music_tracker - INFO - Song collection completed successfully
2025-09-28 05:58:03,453 - music_tracker - INFO - SpotiSpy song collection starting...
2025-09-28 05:58:03,453 - music_tracker - INFO - Starting song collection (last 1 hours)
2025-09-28 05:58:03,454 - music_tracker - INFO - Fetching recent tracks from Spotify...
2025-09-28 05:58:03,823 - music_tracker - INFO - No recent songs found from Spotify
2025-09-28 05:58:03,825 - music_tracker - INFO - No new songs found from Spotify API
2025-09-28 05:58:03,826 - music_tracker - INFO - Song collection completed successfully
2025-09-28 06:58:02,808 - music_tracker - INFO - SpotiSpy song collection starting...
2025-09-28 06:58:02,809 - music_tracker - INFO - Starting song collection (last 1 hours)
2025-09-28 06:58:02,810 - music_tracker - INFO - Fetching recent tracks from Spotify...
2025-09-28 06:58:02,822 - music_tracker - ERROR - Error fetching from Spotify: HTTPSConnectionPool(host='accounts.spotify.com', port=443): Max retries exceeded with url: /api/token (Caused by NameResolutionError("<urllib3.connection.HTTPSConnection object at 0x758fafb0>: Failed to resolve 'accounts.spotify.com' ([Errno -3] Temporary failure in name resolution)"))
2025-09-28 06:58:02,823 - music_tracker - INFO - No new songs found from Spotify API
2025-09-28 06:58:02,823 - music_tracker - INFO - Song collection completed successfully
2025-09-28 07:58:02,712 - music_tracker - INFO - SpotiSpy song collection starting...
2025-09-28 07:58:02,713 - music_tracker - INFO - Starting song collection (last 1 hours)
2025-09-28 07:58:02,714 - music_tracker - INFO - Fetching recent tracks from Spotify...
2025-09-28 07:58:03,072 - music_tracker - INFO - No recent songs found from Spotify
2025-09-28 07:58:03,075 - music_tracker - INFO - No new songs found from Spotify API
2025-09-28 07:58:03,075 - music_tracker - INFO - Song collection completed successfully
2025-09-28 08:58:02,973 - music_tracker - INFO - SpotiSpy song collection starting...
2025-09-28 08:58:02,974 - music_tracker - INFO - Starting song collection (last 1 hours)
2025-09-28 08:58:02,975 - music_tracker - INFO - Fetching recent tracks from Spotify...
2025-09-28 08:58:03,366 - music_tracker - INFO - No recent songs found from Spotify
2025-09-28 08:58:03,368 - music_tracker - INFO - No new songs found from Spotify API
2025-09-28 08:58:03,368 - music_tracker - INFO - Song collection completed successfully
2025-09-28 09:00:13,774 - music_tracker - INFO - SpotiSpy starting...
2025-09-28 09:00:13,774 - music_tracker - INFO - Starting daily SpotiSpy analysis
2025-09-28 09:00:13,775 - music_tracker - INFO - Fetching yesterday's listening data...
2025-09-28 09:00:14,651 - music_tracker - INFO - Fetched 27 songs from database
2025-09-28 09:00:14,653 - music_tracker - INFO - Found 27 songs to analyze
2025-09-28 09:00:14,654 - music_tracker - INFO - Running analysis...
2025-09-28 09:00:14,658 - music_tracker - INFO - Sending daily summary to Slack...
2025-09-28 09:00:22,718 - music_tracker - INFO - Message sent successfully to Slack
2025-09-28 09:00:22,719 - music_tracker - INFO - Daily analysis completed successfully!
2025-09-28 09:00:22,720 - music_tracker - INFO - Running weekly summary...
2025-09-28 09:00:22,720 - music_tracker - INFO - Generating weekly summary...
2025-09-28 09:00:22,730 - music_tracker - INFO - Starting comprehensive weekly analysis
2025-09-28 09:00:22,974 - music_tracker - INFO - Fetched 9 songs for date 2025-09-28
2025-09-28 09:00:22,976 - music_tracker - INFO - Date 2025-09-28: 9 songs
2025-09-28 09:00:23,384 - music_tracker - INFO - Fetched 28 songs for date 2025-09-27
2025-09-28 09:00:23,386 - music_tracker - INFO - Date 2025-09-27: 28 songs
2025-09-28 09:00:23,716 - music_tracker - INFO - Fetched 145 songs for date 2025-09-26
2025-09-28 09:00:23,718 - music_tracker - INFO - Date 2025-09-26: 145 songs
2025-09-28 09:00:23,986 - music_tracker - INFO - Fetched 121 songs for date 2025-09-25
2025-09-28 09:00:23,988 - music_tracker - INFO - Date 2025-09-25: 121 songs
2025-09-28 09:00:24,343 - music_tracker - INFO - Fetched 170 songs for date 2025-09-24
2025-09-28 09:00:24,345 - music_tracker - INFO - Date 2025-09-24: 170 songs
2025-09-28 09:00:24,589 - music_tracker - INFO - Fetched 73 songs for date 2025-09-23
2025-09-28 09:00:24,591 - music_tracker - INFO - Date 2025-09-23: 73 songs
2025-09-28 09:00:24,899 - music_tracker - INFO - Fetched 147 songs for date 2025-09-22
2025-09-28 09:00:24,901 - music_tracker - INFO - Date 2025-09-22: 147 songs
2025-09-28 09:00:25,669 - music_tracker - INFO - Message sent successfully to Slack
2025-09-28 09:00:25,671 - music_tracker - INFO - SpotiSpy completed successfully
2025-09-28 09:58:04,857 - music_tracker - INFO - SpotiSpy song collection starting...
2025-09-28 09:58:04,858 - music_tracker - INFO - Starting song collection (last 1 hours)
2025-09-28 09:58:04,859 - music_tracker - INFO - Fetching recent tracks from Spotify...
2025-09-28 09:58:05,248 - music_tracker - INFO - No recent songs found from Spotify
2025-09-28 09:58:05,250 - music_tracker - INFO - No new songs found from Spotify API
2025-09-28 09:58:05,251 - music_tracker - INFO - Song collection completed successfully
2025-09-28 10:58:03,196 - music_tracker - INFO - SpotiSpy song collection starting...
2025-09-28 10:58:03,197 - music_tracker - INFO - Starting song collection (last 1 hours)
2025-09-28 10:58:03,197 - music_tracker - INFO - Fetching recent tracks from Spotify...
2025-09-28 10:58:03,588 - music_tracker - INFO - No recent songs found from Spotify
2025-09-28 10:58:03,591 - music_tracker - INFO - No new songs found from Spotify API
2025-09-28 10:58:03,591 - music_tracker - INFO - Song collection completed successfully
2025-09-28 11:58:03,473 - music_tracker - INFO - SpotiSpy song collection starting...
2025-09-28 11:58:03,473 - music_tracker - INFO - Starting song collection (last 1 hours)
2025-09-28 11:58:03,474 - music_tracker - INFO - Fetching recent tracks from Spotify...
2025-09-28 11:58:03,954 - music_tracker - INFO - Fetched 11 songs from Spotify
2025-09-28 11:58:03,957 - music_tracker - INFO - Found 11 songs from Spotify API
2025-09-28 11:58:03,957 - music_tracker - INFO - Checking for duplicates in database...
2025-09-28 11:58:05,450 - music_tracker - INFO - Found 11 new songs out of 11 total
2025-09-28 11:58:05,452 - music_tracker - INFO - Found 11 new songs to save
2025-09-28 11:58:05,453 - music_tracker - INFO - Saving songs to database...
2025-09-28 11:58:05,924 - music_tracker - INFO - Successfully saved 11 songs to database
2025-09-28 11:58:05,926 - music_tracker - INFO - Successfully saved 11 songs to database
2025-09-28 11:58:05,927 - music_tracker - INFO - Song collection completed successfully
2025-09-28 12:58:02,864 - music_tracker - INFO - SpotiSpy song collection starting...
2025-09-28 12:58:02,865 - music_tracker - INFO - Starting song collection (last 1 hours)
2025-09-28 12:58:02,865 - music_tracker - INFO - Fetching recent tracks from Spotify...
2025-09-28 12:58:03,487 - music_tracker - INFO - Fetched 7 songs from Spotify
2025-09-28 12:58:03,489 - music_tracker - INFO - Found 7 songs from Spotify API
2025-09-28 12:58:03,490 - music_tracker - INFO - Checking for duplicates in database...
2025-09-28 12:58:04,829 - music_tracker - INFO - Found 7 new songs out of 7 total
2025-09-28 12:58:04,831 - music_tracker - INFO - Found 7 new songs to save
2025-09-28 12:58:04,832 - music_tracker - INFO - Saving songs to database...
2025-09-28 12:58:05,221 - music_tracker - INFO - Successfully saved 7 songs to database
2025-09-28 12:58:05,223 - music_tracker - INFO - Successfully saved 7 songs to database
2025-09-28 12:58:05,224 - music_tracker - INFO - Song collection completed successfully
2025-09-28 13:58:03,132 - music_tracker - INFO - SpotiSpy song collection starting...
2025-09-28 13:58:03,133 - music_tracker - INFO - Starting song collection (last 1 hours)
2025-09-28 13:58:03,133 - music_tracker - INFO - Fetching recent tracks from Spotify...
2025-09-28 13:58:03,497 - music_tracker - INFO - No recent songs found from Spotify
2025-09-28 13:58:03,499 - music_tracker - INFO - No new songs found from Spotify API
2025-09-28 13:58:03,500 - music_tracker - INFO - Song collection completed successfully
2025-09-28 14:58:03,393 - music_tracker - INFO - SpotiSpy song collection starting...
2025-09-28 14:58:03,394 - music_tracker - INFO - Starting song collection (last 1 hours)
2025-09-28 14:58:03,395 - music_tracker - INFO - Fetching recent tracks from Spotify...
2025-09-28 14:58:03,779 - music_tracker - INFO - No recent songs found from Spotify
2025-09-28 14:58:03,781 - music_tracker - INFO - No new songs found from Spotify API
2025-09-28 14:58:03,781 - music_tracker - INFO - Song collection completed successfully
2025-09-28 15:58:02,671 - music_tracker - INFO - SpotiSpy song collection starting...
2025-09-28 15:58:02,672 - music_tracker - INFO - Starting song collection (last 1 hours)
2025-09-28 15:58:02,672 - music_tracker - INFO - Fetching recent tracks from Spotify...
2025-09-28 15:58:03,014 - music_tracker - INFO - No recent songs found from Spotify
2025-09-28 15:58:03,016 - music_tracker - INFO - No new songs found from Spotify API
2025-09-28 15:58:03,017 - music_tracker - INFO - Song collection completed successfully
2025-09-28 16:58:02,900 - music_tracker - INFO - SpotiSpy song collection starting...
2025-09-28 16:58:02,901 - music_tracker - INFO - Starting song collection (last 1 hours)
2025-09-28 16:58:02,901 - music_tracker - INFO - Fetching recent tracks from Spotify...
2025-09-28 16:58:03,269 - music_tracker - INFO - No recent songs found from Spotify
2025-09-28 16:58:03,271 - music_tracker - INFO - No new songs found from Spotify API
2025-09-28 16:58:03,272 - music_tracker - INFO - Song collection completed successfully
2025-09-28 17:58:03,157 - music_tracker - INFO - SpotiSpy song collection starting...
2025-09-28 17:58:03,158 - music_tracker - INFO - Starting song collection (last 1 hours)
2025-09-28 17:58:03,159 - music_tracker - INFO - Fetching recent tracks from Spotify...
2025-09-28 17:58:03,526 - music_tracker - INFO - No recent songs found from Spotify
2025-09-28 17:58:03,528 - music_tracker - INFO - No new songs found from Spotify API
2025-09-28 17:58:03,529 - music_tracker - INFO - Song collection completed successfully
2025-09-28 18:58:03,439 - music_tracker - INFO - SpotiSpy song collection starting...
2025-09-28 18:58:03,440 - music_tracker - INFO - Starting song collection (last 1 hours)
2025-09-28 18:58:03,440 - music_tracker - INFO - Fetching recent tracks from Spotify...
2025-09-28 18:58:03,835 - music_tracker - INFO - Fetched 3 songs from Spotify
2025-09-28 18:58:03,837 - music_tracker - INFO - Found 3 songs from Spotify API
2025-09-28 18:58:03,838 - music_tracker - INFO - Checking for duplicates in database...
2025-09-28 18:58:05,337 - music_tracker - INFO - Found 3 new songs out of 3 total
2025-09-28 18:58:05,339 - music_tracker - INFO - Found 3 new songs to save
2025-09-28 18:58:05,340 - music_tracker - INFO - Saving songs to database...
2025-09-28 18:58:05,762 - music_tracker - INFO - Successfully saved 3 songs to database
2025-09-28 18:58:05,764 - music_tracker - INFO - Successfully saved 3 songs to database
2025-09-28 18:58:05,764 - music_tracker - INFO - Song collection completed successfully
2025-09-28 19:58:02,673 - music_tracker - INFO - SpotiSpy song collection starting...
2025-09-28 19:58:02,674 - music_tracker - INFO - Starting song collection (last 1 hours)
2025-09-28 19:58:02,674 - music_tracker - INFO - Fetching recent tracks from Spotify...
2025-09-28 19:58:03,211 - music_tracker - INFO - Fetched 11 songs from Spotify
2025-09-28 19:58:03,214 - music_tracker - INFO - Found 11 songs from Spotify API
2025-09-28 19:58:03,215 - music_tracker - INFO - Checking for duplicates in database...
2025-09-28 19:58:04,359 - music_tracker - INFO - Found 11 new songs out of 11 total
2025-09-28 19:58:04,362 - music_tracker - INFO - Found 11 new songs to save
2025-09-28 19:58:04,363 - music_tracker - INFO - Saving songs to database...
2025-09-28 19:58:04,638 - music_tracker - INFO - Successfully saved 11 songs to database
2025-09-28 19:58:04,640 - music_tracker - INFO - Successfully saved 11 songs to database
2025-09-28 19:58:04,641 - music_tracker - INFO - Song collection completed successfully
2025-09-28 20:58:03,549 - music_tracker - INFO - SpotiSpy song collection starting...
2025-09-28 20:58:03,549 - music_tracker - INFO - Starting song collection (last 1 hours)
2025-09-28 20:58:03,550 - music_tracker - INFO - Fetching recent tracks from Spotify...
2025-09-28 20:58:04,069 - music_tracker - INFO - Fetched 13 songs from Spotify
2025-09-28 20:58:04,072 - music_tracker - INFO - Found 13 songs from Spotify API
2025-09-28 20:58:04,072 - music_tracker - INFO - Checking for duplicates in database...
2025-09-28 20:58:05,574 - music_tracker - INFO - Found 13 new songs out of 13 total
2025-09-28 20:58:05,577 - music_tracker - INFO - Found 13 new songs to save
2025-09-28 20:58:05,577 - music_tracker - INFO - Saving songs to database...
2025-09-28 20:58:06,012 - music_tracker - INFO - Successfully saved 13 songs to database
2025-09-28 20:58:06,014 - music_tracker - INFO - Successfully saved 13 songs to database
2025-09-28 20:58:06,015 - music_tracker - INFO - Song collection completed successfully
2025-09-28 21:58:02,925 - music_tracker - INFO - SpotiSpy song collection starting...
2025-09-28 21:58:02,926 - music_tracker - INFO - Starting song collection (last 1 hours)
2025-09-28 21:58:02,926 - music_tracker - INFO - Fetching recent tracks from Spotify...
2025-09-28 21:58:03,506 - music_tracker - INFO - Fetched 12 songs from Spotify
2025-09-28 21:58:03,509 - music_tracker - INFO - Found 12 songs from Spotify API
2025-09-28 21:58:03,509 - music_tracker - INFO - Checking for duplicates in database...
2025-09-28 21:58:04,792 - music_tracker - INFO - Found 12 new songs out of 12 total
2025-09-28 21:58:04,794 - music_tracker - INFO - Found 12 new songs to save
2025-09-28 21:58:04,795 - music_tracker - INFO - Saving songs to database...
2025-09-28 21:58:05,206 - music_tracker - INFO - Successfully saved 12 songs to database
2025-09-28 21:58:05,208 - music_tracker - INFO - Successfully saved 12 songs to database
2025-09-28 21:58:05,208 - music_tracker - INFO - Song collection completed successfully
2025-09-28 22:58:03,129 - music_tracker - INFO - SpotiSpy song collection starting...
2025-09-28 22:58:03,130 - music_tracker - INFO - Starting song collection (last 1 hours)
2025-09-28 22:58:03,130 - music_tracker - INFO - Fetching recent tracks from Spotify...
2025-09-28 22:58:03,502 - music_tracker - INFO - No recent songs found from Spotify
2025-09-28 22:58:03,504 - music_tracker - INFO - No new songs found from Spotify API
2025-09-28 22:58:03,505 - music_tracker - INFO - Song collection completed successfully
2025-09-28 23:58:03,453 - music_tracker - INFO - SpotiSpy song collection starting...
2025-09-28 23:58:03,454 - music_tracker - INFO - Starting song collection (last 1 hours)
2025-09-28 23:58:03,455 - music_tracker - INFO - Fetching recent tracks from Spotify...
2025-09-28 23:58:03,927 - music_tracker - INFO - Fetched 5 songs from Spotify
2025-09-28 23:58:03,929 - music_tracker - INFO - Found 5 songs from Spotify API
2025-09-28 23:58:03,930 - music_tracker - INFO - Checking for duplicates in database...
2025-09-28 23:58:05,359 - music_tracker - INFO - Found 5 new songs out of 5 total
2025-09-28 23:58:05,361 - music_tracker - INFO - Found 5 new songs to save
2025-09-28 23:58:05,362 - music_tracker - INFO - Saving songs to database...
2025-09-28 23:58:05,635 - music_tracker - INFO - Successfully saved 5 songs to database
2025-09-28 23:58:05,637 - music_tracker - INFO - Successfully saved 5 songs to database
2025-09-28 23:58:05,637 - music_tracker - INFO - Song collection completed successfully
