2025-12-07 00:58:03,305 - music_tracker - INFO - SpotiSpy song collection starting...
2025-12-07 00:58:03,305 - music_tracker - INFO - Starting song collection (last 1 hours)
2025-12-07 00:58:03,306 - music_tracker - INFO - Fetching recent tracks from Spotify...
2025-12-07 00:58:03,718 - music_tracker - INFO - No recent songs found from Spotify
2025-12-07 00:58:03,720 - music_tracker - INFO - No new songs found from Spotify API
2025-12-07 00:58:03,720 - music_tracker - INFO - Song collection completed successfully
2025-12-07 01:58:02,657 - music_tracker - INFO - SpotiSpy song collection starting...
2025-12-07 01:58:02,657 - music_tracker - INFO - Starting song collection (last 1 hours)
2025-12-07 01:58:02,658 - music_tracker - INFO - Fetching recent tracks from Spotify...
2025-12-07 01:58:03,019 - music_tracker - INFO - No recent songs found from Spotify
2025-12-07 01:58:03,021 - music_tracker - INFO - No new songs found from Spotify API
2025-12-07 01:58:03,022 - music_tracker - INFO - Song collection completed successfully
2025-12-07 02:58:02,949 - music_tracker - INFO - SpotiSpy song collection starting...
2025-12-07 02:58:02,950 - music_tracker - INFO - Starting song collection (last 1 hours)
2025-12-07 02:58:02,950 - music_tracker - INFO - Fetching recent tracks from Spotify...
2025-12-07 02:58:03,380 - music_tracker - INFO - No recent songs found from Spotify
2025-12-07 02:58:03,382 - music_tracker - INFO - No new songs found from Spotify API
2025-12-07 02:58:03,383 - music_tracker - INFO - Song collection completed successfully
2025-12-07 03:58:03,328 - music_tracker - INFO - SpotiSpy song collection starting...
2025-12-07 03:58:03,329 - music_tracker - INFO - Starting song collection (last 1 hours)
2025-12-07 03:58:03,329 - music_tracker - INFO - Fetching recent tracks from Spotify...
2025-12-07 03:58:03,675 - music_tracker - INFO - No recent songs found from Spotify
2025-12-07 03:58:03,678 - music_tracker - INFO - No new songs found from Spotify API
2025-12-07 03:58:03,678 - music_tracker - INFO - Song collection completed successfully
2025-12-07 04:58:03,570 - music_tracker - INFO - SpotiSpy song collection starting...
2025-12-07 04:58:03,570 - music_tracker - INFO - Starting song collection (last 1 hours)
2025-12-07 04:58:03,571 - music_tracker - INFO - Fetching recent tracks from Spotify...
2025-12-07 04:58:03,901 - music_tracker - INFO - No recent songs found from Spotify
2025-12-07 04:58:03,903 - music_tracker - INFO - No new songs found from Spotify API
2025-12-07 04:58:03,903 - music_tracker - INFO - Song collection completed successfully
2025-12-07 05:58:02,784 - music_tracker - INFO - SpotiSpy song collection starting...
2025-12-07 05:58:02,785 - music_tracker - INFO - Starting song collection (last 1 hours)
2025-12-07 05:58:02,786 - music_tracker - INFO - Fetching recent tracks from Spotify...
2025-12-07 05:58:03,133 - music_tracker - INFO - No recent songs found from Spotify
2025-12-07 05:58:03,135 - music_tracker - INFO - No new songs found from Spotify API
2025-12-07 05:58:03,135 - music_tracker - INFO - Song collection completed successfully
2025-12-07 06:58:03,258 - music_tracker - INFO - SpotiSpy song collection starting...
2025-12-07 06:58:03,259 - music_tracker - INFO - Starting song collection (last 1 hours)
2025-12-07 06:58:03,260 - music_tracker - INFO - Fetching recent tracks from Spotify...
2025-12-07 06:58:03,627 - music_tracker - INFO - No recent songs found from Spotify
2025-12-07 06:58:03,629 - music_tracker - INFO - No new songs found from Spotify API
2025-12-07 06:58:03,629 - music_tracker - INFO - Song collection completed successfully
2025-12-07 07:58:03,576 - music_tracker - INFO - SpotiSpy song collection starting...
2025-12-07 07:58:03,576 - music_tracker - INFO - Starting song collection (last 1 hours)
2025-12-07 07:58:03,577 - music_tracker - INFO - Fetching recent tracks from Spotify...
2025-12-07 07:58:03,939 - music_tracker - INFO - No recent songs found from Spotify
2025-12-07 07:58:03,941 - music_tracker - INFO - No new songs found from Spotify API
2025-12-07 07:58:03,942 - music_tracker - INFO - Song collection completed successfully
2025-12-07 08:58:02,838 - music_tracker - INFO - SpotiSpy song collection starting...
2025-12-07 08:58:02,838 - music_tracker - INFO - Starting song collection (last 1 hours)
2025-12-07 08:58:02,839 - music_tracker - INFO - Fetching recent tracks from Spotify...
2025-12-07 08:58:03,194 - music_tracker - INFO - No recent songs found from Spotify
2025-12-07 08:58:03,196 - music_tracker - INFO - No new songs found from Spotify API
2025-12-07 08:58:03,197 - music_tracker - INFO - Song collection completed successfully
2025-12-07 09:00:12,727 - music_tracker - INFO - SpotiSpy starting...
2025-12-07 09:00:12,728 - music_tracker - INFO - Starting daily SpotiSpy analysis
2025-12-07 09:00:12,728 - music_tracker - INFO - Fetching yesterday's listening data...
2025-12-07 09:00:13,457 - music_tracker - INFO - Fetched 0 songs from database
2025-12-07 09:00:13,459 - music_tracker - WARNING - No songs found for yesterday
2025-12-07 09:00:13,459 - music_tracker - INFO - Running weekly summary...
2025-12-07 09:00:13,460 - music_tracker - INFO - Generating weekly summary...
2025-12-07 09:00:13,463 - music_tracker - INFO - Starting comprehensive weekly analysis
2025-12-07 09:00:13,761 - music_tracker - INFO - Fetched 0 songs for date 2025-12-07
2025-12-07 09:00:13,763 - music_tracker - INFO - Date 2025-12-07: 0 songs
2025-12-07 09:00:13,989 - music_tracker - INFO - Fetched 0 songs for date 2025-12-06
2025-12-07 09:00:13,991 - music_tracker - INFO - Date 2025-12-06: 0 songs
2025-12-07 09:00:14,303 - music_tracker - INFO - Fetched 41 songs for date 2025-12-05
2025-12-07 09:00:14,305 - music_tracker - INFO - Date 2025-12-05: 41 songs
2025-12-07 09:00:14,569 - music_tracker - INFO - Fetched 83 songs for date 2025-12-04
2025-12-07 09:00:14,571 - music_tracker - INFO - Date 2025-12-04: 83 songs
2025-12-07 09:00:14,886 - music_tracker - INFO - Fetched 74 songs for date 2025-12-03
2025-12-07 09:00:14,888 - music_tracker - INFO - Date 2025-12-03: 74 songs
2025-12-07 09:00:15,103 - music_tracker - INFO - Fetched 42 songs for date 2025-12-02
2025-12-07 09:00:15,105 - music_tracker - INFO - Date 2025-12-02: 42 songs
2025-12-07 09:00:15,386 - music_tracker - INFO - Fetched 79 songs for date 2025-12-01
2025-12-07 09:00:15,388 - music_tracker - INFO - Date 2025-12-01: 79 songs
2025-12-07 09:00:16,182 - music_tracker - INFO - Message sent successfully to Slack
2025-12-07 09:00:16,183 - music_tracker - INFO - SpotiSpy completed successfully
2025-12-07 09:58:03,073 - music_tracker - INFO - SpotiSpy song collection starting...
2025-12-07 09:58:03,073 - music_tracker - INFO - Starting song collection (last 1 hours)
2025-12-07 09:58:03,074 - music_tracker - INFO - Fetching recent tracks from Spotify...
2025-12-07 09:58:03,434 - music_tracker - INFO - No recent songs found from Spotify
2025-12-07 09:58:03,437 - music_tracker - INFO - No new songs found from Spotify API
2025-12-07 09:58:03,437 - music_tracker - INFO - Song collection completed successfully
2025-12-07 10:58:03,323 - music_tracker - INFO - SpotiSpy song collection starting...
2025-12-07 10:58:03,324 - music_tracker - INFO - Starting song collection (last 1 hours)
2025-12-07 10:58:03,324 - music_tracker - INFO - Fetching recent tracks from Spotify...
2025-12-07 10:58:03,698 - music_tracker - INFO - No recent songs found from Spotify
2025-12-07 10:58:03,700 - music_tracker - INFO - No new songs found from Spotify API
2025-12-07 10:58:03,701 - music_tracker - INFO - Song collection completed successfully
2025-12-07 11:58:03,770 - music_tracker - INFO - SpotiSpy song collection starting...
2025-12-07 11:58:03,771 - music_tracker - INFO - Starting song collection (last 1 hours)
2025-12-07 11:58:03,772 - music_tracker - INFO - Fetching recent tracks from Spotify...
2025-12-07 11:58:04,145 - music_tracker - INFO - No recent songs found from Spotify
2025-12-07 11:58:04,147 - music_tracker - INFO - No new songs found from Spotify API
2025-12-07 11:58:04,147 - music_tracker - INFO - Song collection completed successfully
2025-12-07 12:58:03,047 - music_tracker - INFO - SpotiSpy song collection starting...
2025-12-07 12:58:03,048 - music_tracker - INFO - Starting song collection (last 1 hours)
2025-12-07 12:58:03,049 - music_tracker - INFO - Fetching recent tracks from Spotify...
2025-12-07 12:58:03,403 - music_tracker - INFO - No recent songs found from Spotify
2025-12-07 12:58:03,405 - music_tracker - INFO - No new songs found from Spotify API
2025-12-07 12:58:03,405 - music_tracker - INFO - Song collection completed successfully
2025-12-07 13:58:03,315 - music_tracker - INFO - SpotiSpy song collection starting...
2025-12-07 13:58:03,316 - music_tracker - INFO - Starting song collection (last 1 hours)
2025-12-07 13:58:03,317 - music_tracker - INFO - Fetching recent tracks from Spotify...
2025-12-07 13:58:03,696 - music_tracker - INFO - No recent songs found from Spotify
2025-12-07 13:58:03,698 - music_tracker - INFO - No new songs found from Spotify API
2025-12-07 13:58:03,699 - music_tracker - INFO - Song collection completed successfully
2025-12-07 14:58:03,615 - music_tracker - INFO - SpotiSpy song collection starting...
2025-12-07 14:58:03,616 - music_tracker - INFO - Starting song collection (last 1 hours)
2025-12-07 14:58:03,616 - music_tracker - INFO - Fetching recent tracks from Spotify...
2025-12-07 14:58:09,229 - music_tracker - INFO - No recent songs found from Spotify
2025-12-07 14:58:09,232 - music_tracker - INFO - No new songs found from Spotify API
2025-12-07 14:58:09,232 - music_tracker - INFO - Song collection completed successfully
2025-12-07 15:58:03,595 - music_tracker - INFO - SpotiSpy song collection starting...
2025-12-07 15:58:03,596 - music_tracker - INFO - Starting song collection (last 1 hours)
2025-12-07 15:58:03,596 - music_tracker - INFO - Fetching recent tracks from Spotify...
2025-12-07 15:58:03,982 - music_tracker - INFO - No recent songs found from Spotify
2025-12-07 15:58:03,984 - music_tracker - INFO - No new songs found from Spotify API
2025-12-07 15:58:03,985 - music_tracker - INFO - Song collection completed successfully
2025-12-07 16:58:02,909 - music_tracker - INFO - SpotiSpy song collection starting...
2025-12-07 16:58:02,910 - music_tracker - INFO - Starting song collection (last 1 hours)
2025-12-07 16:58:02,910 - music_tracker - INFO - Fetching recent tracks from Spotify...
2025-12-07 16:58:03,284 - music_tracker - INFO - No recent songs found from Spotify
2025-12-07 16:58:03,286 - music_tracker - INFO - No new songs found from Spotify API
2025-12-07 16:58:03,286 - music_tracker - INFO - Song collection completed successfully
2025-12-07 17:58:03,230 - music_tracker - INFO - SpotiSpy song collection starting...
2025-12-07 17:58:03,230 - music_tracker - INFO - Starting song collection (last 1 hours)
2025-12-07 17:58:03,231 - music_tracker - INFO - Fetching recent tracks from Spotify...
2025-12-07 17:58:03,605 - music_tracker - INFO - No recent songs found from Spotify
2025-12-07 17:58:03,607 - music_tracker - INFO - No new songs found from Spotify API
2025-12-07 17:58:03,608 - music_tracker - INFO - Song collection completed successfully
2025-12-07 18:58:03,501 - music_tracker - INFO - SpotiSpy song collection starting...
2025-12-07 18:58:03,501 - music_tracker - INFO - Starting song collection (last 1 hours)
2025-12-07 18:58:03,502 - music_tracker - INFO - Fetching recent tracks from Spotify...
2025-12-07 18:58:08,877 - music_tracker - INFO - No recent songs found from Spotify
2025-12-07 18:58:08,880 - music_tracker - INFO - No new songs found from Spotify API
2025-12-07 18:58:08,881 - music_tracker - INFO - Song collection completed successfully
2025-12-07 19:58:02,774 - music_tracker - INFO - SpotiSpy song collection starting...
2025-12-07 19:58:02,775 - music_tracker - INFO - Starting song collection (last 1 hours)
2025-12-07 19:58:02,776 - music_tracker - INFO - Fetching recent tracks from Spotify...
2025-12-07 19:58:03,236 - music_tracker - INFO - No recent songs found from Spotify
2025-12-07 19:58:03,238 - music_tracker - INFO - No new songs found from Spotify API
2025-12-07 19:58:03,239 - music_tracker - INFO - Song collection completed successfully
2025-12-07 20:58:03,182 - music_tracker - INFO - SpotiSpy song collection starting...
2025-12-07 20:58:03,183 - music_tracker - INFO - Starting song collection (last 1 hours)
2025-12-07 20:58:03,184 - music_tracker - INFO - Fetching recent tracks from Spotify...
2025-12-07 20:58:03,572 - music_tracker - INFO - No recent songs found from Spotify
2025-12-07 20:58:03,574 - music_tracker - INFO - No new songs found from Spotify API
2025-12-07 20:58:03,574 - music_tracker - INFO - Song collection completed successfully
2025-12-07 21:58:03,484 - music_tracker - INFO - SpotiSpy song collection starting...
2025-12-07 21:58:03,485 - music_tracker - INFO - Starting song collection (last 1 hours)
2025-12-07 21:58:03,485 - music_tracker - INFO - Fetching recent tracks from Spotify...
2025-12-07 21:58:03,867 - music_tracker - INFO - No recent songs found from Spotify
2025-12-07 21:58:03,869 - music_tracker - INFO - No new songs found from Spotify API
2025-12-07 21:58:03,869 - music_tracker - INFO - Song collection completed successfully
2025-12-07 22:58:02,759 - music_tracker - INFO - SpotiSpy song collection starting...
2025-12-07 22:58:02,760 - music_tracker - INFO - Starting song collection (last 1 hours)
2025-12-07 22:58:02,761 - music_tracker - INFO - Fetching recent tracks from Spotify...
2025-12-07 22:58:03,119 - music_tracker - INFO - No recent songs found from Spotify
2025-12-07 22:58:03,122 - music_tracker - INFO - No new songs found from Spotify API
2025-12-07 22:58:03,122 - music_tracker - INFO - Song collection completed successfully
2025-12-07 23:58:03,014 - music_tracker - INFO - SpotiSpy song collection starting...
2025-12-07 23:58:03,015 - music_tracker - INFO - Starting song collection (last 1 hours)
2025-12-07 23:58:03,015 - music_tracker - INFO - Fetching recent tracks from Spotify...
2025-12-07 23:58:03,358 - music_tracker - INFO - No recent songs found from Spotify
2025-12-07 23:58:03,360 - music_tracker - INFO - No new songs found from Spotify API
2025-12-07 23:58:03,361 - music_tracker - INFO - Song collection completed successfully
