2025-08-02 00:41:27,969 - music_tracker - INFO - Starting music tracker analysis
2025-08-02 00:41:27,969 - music_tracker - INFO - Fetching data
2025-08-02 00:41:28,306 - music_tracker - INFO - Fetched 120 recent songs
2025-08-02 00:41:28,307 - music_tracker - INFO - Running top listens analysis
2025-08-02 00:41:28,307 - music_tracker - INFO - Calculating top songs listens
2025-08-02 00:41:28,308 - music_tracker - INFO - Sending message with top 3 songs
2025-08-02 00:41:28,633 - music_tracker - INFO - Message successfully sent!
2025-08-02 00:41:28,633 - music_tracker - INFO - Calculating top albums listens
2025-08-02 00:41:28,633 - music_tracker - INFO - Sending message with top 3 albums
2025-08-02 00:41:28,890 - music_tracker - INFO - Message successfully sent!
2025-08-02 00:41:28,890 - music_tracker - INFO - Calculating top artists listens
2025-08-02 00:41:28,890 - music_tracker - INFO - Sending message with top 3 artists
2025-08-02 00:41:29,144 - music_tracker - INFO - Message successfully sent!
2025-08-02 00:41:29,144 - music_tracker - INFO - Running popularity and listening hours analysis
2025-08-02 00:41:29,144 - music_tracker - INFO - Finding most popular track
2025-08-02 00:41:29,145 - music_tracker - INFO - Most popular song found: Avalon with score 73
2025-08-02 00:41:29,415 - music_tracker - INFO - Message successfully sent!
2025-08-02 00:41:29,415 - music_tracker - INFO - Calculating most listened hour
2025-08-02 00:41:29,416 - music_tracker - INFO - Most listened hour: 00:00 with 56:31
2025-08-02 00:41:29,683 - music_tracker - INFO - Message successfully sent!
2025-08-02 00:41:29,683 - music_tracker - INFO - Calculating duration listened today
2025-08-02 00:41:29,966 - music_tracker - INFO - Message successfully sent!
2025-08-02 00:41:29,966 - music_tracker - INFO - Analysis completed successfully

2025-08-02 00:47:55,463 - music_tracker - INFO - Starting music tracker analysis
2025-08-02 00:47:55,463 - music_tracker - INFO - Fetching data
2025-08-02 00:47:55,778 - music_tracker - INFO - Fetched 120 recent songs
2025-08-02 00:47:55,779 - music_tracker - INFO - Running top listens analysis
2025-08-02 00:47:55,779 - music_tracker - INFO - Calculating top songs listens
2025-08-02 00:47:55,779 - music_tracker - INFO - Sending message with top 3 songs
2025-08-02 00:47:56,112 - music_tracker - INFO - Message successfully sent!
2025-08-02 00:47:56,112 - music_tracker - INFO - Calculating top albums listens
2025-08-02 00:47:56,113 - music_tracker - INFO - Sending message with top 3 albums
2025-08-02 00:47:56,394 - music_tracker - INFO - Message successfully sent!
2025-08-02 00:47:56,394 - music_tracker - INFO - Calculating top artists listens
2025-08-02 00:47:56,394 - music_tracker - INFO - Sending message with top 3 artists
2025-08-02 00:47:56,642 - music_tracker - INFO - Message successfully sent!
2025-08-02 00:47:56,642 - music_tracker - INFO - Running popularity and listening hours analysis
2025-08-02 00:47:56,642 - music_tracker - INFO - Finding most popular track
2025-08-02 00:47:56,642 - music_tracker - INFO - Most popular song found: Avalon with score 73
2025-08-02 00:47:56,899 - music_tracker - INFO - Message successfully sent!
2025-08-02 00:47:56,899 - music_tracker - INFO - Calculating most listened hour
2025-08-02 00:47:56,899 - music_tracker - INFO - Most listened hour: 00:00 with 56:31
2025-08-02 00:47:57,157 - music_tracker - INFO - Message successfully sent!
2025-08-02 00:47:57,157 - music_tracker - INFO - Calculating duration listened today
2025-08-02 00:47:57,424 - music_tracker - INFO - Message successfully sent!
2025-08-02 00:47:57,425 - music_tracker - INFO - Analysis completed successfully

2025-08-02 00:56:18,849 - music_tracker - INFO - Starting music tracker analysis
2025-08-02 00:56:18,849 - music_tracker - INFO - Fetching data
2025-08-02 00:56:19,207 - music_tracker - INFO - Fetched 120 recent songs
2025-08-02 00:56:19,209 - music_tracker - INFO - Running top listens analysis
2025-08-02 00:56:19,209 - music_tracker - INFO - Calculating top songs listens
2025-08-02 00:56:19,209 - music_tracker - INFO - Sending message with top 3 songs
2025-08-02 00:56:19,501 - music_tracker - INFO - Calculating top albums listens
2025-08-02 00:56:19,502 - music_tracker - INFO - Sending message with top 3 albums
2025-08-02 00:56:19,750 - music_tracker - INFO - Calculating top artists listens
2025-08-02 00:56:19,750 - music_tracker - INFO - Sending message with top 3 artists
2025-08-02 00:56:20,000 - music_tracker - INFO - Running popularity and listening hours analysis
2025-08-02 00:56:20,000 - music_tracker - INFO - Finding most popular track
2025-08-02 00:56:20,001 - music_tracker - INFO - Most popular song found: Avalon with score 73
2025-08-02 00:56:20,282 - music_tracker - INFO - Calculating most listened hour
2025-08-02 00:56:20,283 - music_tracker - INFO - Most listened hour: 00:00 with 56:31
2025-08-02 00:56:20,539 - music_tracker - INFO - Calculating duration listened today
2025-08-02 00:56:20,795 - music_tracker - INFO - Analysis completed successfully

