2025-07-13 00:58:06,863 - music_tracker - INFO - Zero songs listened to
2025-07-13 00:58:06,863 - music_tracker - INFO - No songs uploaded.
2025-07-13 01:58:06,547 - music_tracker - INFO - Zero songs listened to
2025-07-13 01:58:06,547 - music_tracker - INFO - No songs uploaded.
2025-07-13 02:58:07,265 - music_tracker - INFO - Zero songs listened to
2025-07-13 02:58:07,266 - music_tracker - INFO - No songs uploaded.
2025-07-13 03:58:07,140 - music_tracker - INFO - Zero songs listened to
2025-07-13 03:58:07,140 - music_tracker - INFO - No songs uploaded.
2025-07-13 04:58:06,830 - music_tracker - INFO - Zero songs listened to
2025-07-13 04:58:06,831 - music_tracker - INFO - No songs uploaded.
2025-07-13 05:58:06,516 - music_tracker - INFO - Zero songs listened to
2025-07-13 05:58:06,516 - music_tracker - INFO - No songs uploaded.
2025-07-13 06:58:07,292 - music_tracker - INFO - Zero songs listened to
2025-07-13 06:58:07,293 - music_tracker - INFO - No songs uploaded.
2025-07-13 07:58:06,997 - music_tracker - INFO - Zero songs listened to
2025-07-13 07:58:06,998 - music_tracker - INFO - No songs uploaded.
2025-07-13 08:58:06,692 - music_tracker - INFO - Zero songs listened to
2025-07-13 08:58:06,692 - music_tracker - INFO - No songs uploaded.
2025-07-13 09:00:12,032 - music_tracker - INFO - Starting music tracker analysis
2025-07-13 09:00:12,033 - music_tracker - INFO - Fetching data
2025-07-13 09:00:12,640 - music_tracker - INFO - Fetched 81 recent songs
2025-07-13 09:00:12,645 - music_tracker - INFO - Running top listens analysis
2025-07-13 09:00:12,645 - music_tracker - INFO - Calculating top songs listens
2025-07-13 09:00:12,646 - music_tracker - INFO - Sending message with top 3 songs
2025-07-13 09:00:13,451 - music_tracker - INFO - Message successfully sent!
2025-07-13 09:00:13,451 - music_tracker - INFO - Calculating top albums listens
2025-07-13 09:00:13,452 - music_tracker - INFO - Sending message with top 3 albums
2025-07-13 09:00:14,215 - music_tracker - INFO - Message successfully sent!
2025-07-13 09:00:14,215 - music_tracker - INFO - Calculating top artists listens
2025-07-13 09:00:14,215 - music_tracker - INFO - Sending message with top 3 artists
2025-07-13 09:00:14,986 - music_tracker - INFO - Message successfully sent!
2025-07-13 09:00:14,987 - music_tracker - INFO - Running popularity and listening hours analysis
2025-07-13 09:00:14,987 - music_tracker - INFO - Finding most popular track
2025-07-13 09:00:14,988 - music_tracker - INFO - Most popular song found: End of Beginning with score 92
2025-07-13 09:00:15,726 - music_tracker - INFO - Message successfully sent!
2025-07-13 09:00:15,726 - music_tracker - INFO - Calculating most listened hour
2025-07-13 09:00:15,727 - music_tracker - INFO - Most listened hour: 17:00 with 43:16
2025-07-13 09:00:16,414 - music_tracker - INFO - Message successfully sent!
2025-07-13 09:00:16,415 - music_tracker - INFO - Analysis completed successfully

2025-07-13 09:58:07,802 - music_tracker - INFO - Uploading 1 song
2025-07-13 10:58:09,576 - music_tracker - INFO - Uploading 11 songs
2025-07-13 11:58:10,711 - music_tracker - INFO -   Supabase error: Status 400, {"code":"22007","details":null,"hint":null,"message":"invalid input syntax for type date: \"2001\""}
2025-07-13 11:58:10,713 - music_tracker - INFO - No songs uploaded.
2025-07-13 12:58:08,070 - music_tracker - INFO - Uploading 5 songs
2025-07-13 13:58:08,541 - music_tracker - INFO - Uploading 6 songs
2025-07-13 14:58:07,307 - music_tracker - INFO - Zero songs listened to
2025-07-13 14:58:07,307 - music_tracker - INFO - No songs uploaded.
2025-07-13 15:58:08,231 - music_tracker - INFO - Uploading 3 songs
2025-07-13 16:58:10,246 - music_tracker - INFO - Uploading 13 songs
2025-07-13 17:58:11,591 - music_tracker - INFO -   Supabase error: Status 400, {"code":"22007","details":null,"hint":null,"message":"invalid input syntax for type date: \"2001\""}
2025-07-13 17:58:11,593 - music_tracker - INFO - No songs uploaded.
2025-07-13 18:58:09,574 - music_tracker - INFO -   Supabase error: Status 400, {"code":"22007","details":null,"hint":null,"message":"invalid input syntax for type date: \"2001\""}
2025-07-13 18:58:09,576 - music_tracker - INFO - No songs uploaded.
2025-07-13 19:58:10,728 - music_tracker - INFO -   Supabase error: Status 400, {"code":"22007","details":null,"hint":null,"message":"invalid input syntax for type date: \"2012\""}
2025-07-13 19:58:10,730 - music_tracker - INFO - No songs uploaded.
2025-07-13 20:58:06,498 - music_tracker - INFO - Zero songs listened to
2025-07-13 20:58:06,499 - music_tracker - INFO - No songs uploaded.
2025-07-13 21:58:07,296 - music_tracker - INFO - Zero songs listened to
2025-07-13 21:58:07,297 - music_tracker - INFO - No songs uploaded.
2025-07-13 22:58:08,431 - music_tracker - INFO - Uploading 3 songs
2025-07-13 23:58:07,171 - music_tracker - INFO - Zero songs listened to
2025-07-13 23:58:07,172 - music_tracker - INFO - No songs uploaded.
