2025-11-02 00:58:03,694 - music_tracker - INFO - SpotiSpy song collection starting...
2025-11-02 00:58:03,695 - music_tracker - INFO - Starting song collection (last 1 hours)
2025-11-02 00:58:03,695 - music_tracker - INFO - Fetching recent tracks from Spotify...
2025-11-02 00:58:04,119 - music_tracker - INFO - Fetched 1 songs from Spotify
2025-11-02 00:58:04,121 - music_tracker - INFO - Found 1 songs from Spotify API
2025-11-02 00:58:04,122 - music_tracker - INFO - Checking for duplicates in database...
2025-11-02 00:58:05,467 - music_tracker - INFO - Found 1 new songs out of 1 total
2025-11-02 00:58:05,470 - music_tracker - INFO - Found 1 new songs to save
2025-11-02 00:58:05,471 - music_tracker - INFO - Saving songs to database...
2025-11-02 00:58:05,734 - music_tracker - INFO - Successfully saved 1 songs to database
2025-11-02 00:58:05,736 - music_tracker - INFO - Successfully saved 1 songs to database
2025-11-02 00:58:05,737 - music_tracker - INFO - Song collection completed successfully
2025-11-02 01:58:02,649 - music_tracker - INFO - SpotiSpy song collection starting...
2025-11-02 01:58:02,649 - music_tracker - INFO - Starting song collection (last 1 hours)
2025-11-02 01:58:02,650 - music_tracker - INFO - Fetching recent tracks from Spotify...
2025-11-02 01:58:03,024 - music_tracker - INFO - No recent songs found from Spotify
2025-11-02 01:58:03,026 - music_tracker - INFO - No new songs found from Spotify API
2025-11-02 01:58:03,027 - music_tracker - INFO - Song collection completed successfully
2025-11-02 01:58:02,925 - music_tracker - INFO - SpotiSpy song collection starting...
2025-11-02 01:58:02,926 - music_tracker - INFO - Starting song collection (last 1 hours)
2025-11-02 01:58:02,927 - music_tracker - INFO - Fetching recent tracks from Spotify...
2025-11-02 01:58:03,312 - music_tracker - INFO - No recent songs found from Spotify
2025-11-02 01:58:03,314 - music_tracker - INFO - No new songs found from Spotify API
2025-11-02 01:58:03,314 - music_tracker - INFO - Song collection completed successfully
2025-11-02 02:58:03,213 - music_tracker - INFO - SpotiSpy song collection starting...
2025-11-02 02:58:03,213 - music_tracker - INFO - Starting song collection (last 1 hours)
2025-11-02 02:58:03,214 - music_tracker - INFO - Fetching recent tracks from Spotify...
2025-11-02 02:58:03,553 - music_tracker - INFO - No recent songs found from Spotify
2025-11-02 02:58:03,555 - music_tracker - INFO - No new songs found from Spotify API
2025-11-02 02:58:03,556 - music_tracker - INFO - Song collection completed successfully
2025-11-02 03:58:03,581 - music_tracker - INFO - SpotiSpy song collection starting...
2025-11-02 03:58:03,582 - music_tracker - INFO - Starting song collection (last 1 hours)
2025-11-02 03:58:03,583 - music_tracker - INFO - Fetching recent tracks from Spotify...
2025-11-02 03:58:04,012 - music_tracker - INFO - No recent songs found from Spotify
2025-11-02 03:58:04,014 - music_tracker - INFO - No new songs found from Spotify API
2025-11-02 03:58:04,014 - music_tracker - INFO - Song collection completed successfully
2025-11-02 04:58:03,033 - music_tracker - INFO - SpotiSpy song collection starting...
2025-11-02 04:58:03,033 - music_tracker - INFO - Starting song collection (last 1 hours)
2025-11-02 04:58:03,034 - music_tracker - INFO - Fetching recent tracks from Spotify...
2025-11-02 04:58:03,400 - music_tracker - INFO - No recent songs found from Spotify
2025-11-02 04:58:03,402 - music_tracker - INFO - No new songs found from Spotify API
2025-11-02 04:58:03,402 - music_tracker - INFO - Song collection completed successfully
2025-11-02 05:58:03,299 - music_tracker - INFO - SpotiSpy song collection starting...
2025-11-02 05:58:03,300 - music_tracker - INFO - Starting song collection (last 1 hours)
2025-11-02 05:58:03,301 - music_tracker - INFO - Fetching recent tracks from Spotify...
2025-11-02 05:58:03,720 - music_tracker - INFO - No recent songs found from Spotify
2025-11-02 05:58:03,722 - music_tracker - INFO - No new songs found from Spotify API
2025-11-02 05:58:03,723 - music_tracker - INFO - Song collection completed successfully
2025-11-02 06:58:02,918 - music_tracker - INFO - SpotiSpy song collection starting...
2025-11-02 06:58:02,919 - music_tracker - INFO - Starting song collection (last 1 hours)
2025-11-02 06:58:02,920 - music_tracker - INFO - Fetching recent tracks from Spotify...
2025-11-02 06:58:03,359 - music_tracker - INFO - No recent songs found from Spotify
2025-11-02 06:58:03,361 - music_tracker - INFO - No new songs found from Spotify API
2025-11-02 06:58:03,362 - music_tracker - INFO - Song collection completed successfully
2025-11-02 07:58:03,268 - music_tracker - INFO - SpotiSpy song collection starting...
2025-11-02 07:58:03,268 - music_tracker - INFO - Starting song collection (last 1 hours)
2025-11-02 07:58:03,269 - music_tracker - INFO - Fetching recent tracks from Spotify...
2025-11-02 07:58:03,662 - music_tracker - INFO - No recent songs found from Spotify
2025-11-02 07:58:03,664 - music_tracker - INFO - No new songs found from Spotify API
2025-11-02 07:58:03,664 - music_tracker - INFO - Song collection completed successfully
2025-11-02 08:58:04,866 - music_tracker - INFO - SpotiSpy song collection starting...
2025-11-02 08:58:04,867 - music_tracker - INFO - Starting song collection (last 1 hours)
2025-11-02 08:58:04,868 - music_tracker - INFO - Fetching recent tracks from Spotify...
2025-11-02 08:58:05,297 - music_tracker - INFO - No recent songs found from Spotify
2025-11-02 08:58:05,299 - music_tracker - INFO - No new songs found from Spotify API
2025-11-02 08:58:05,299 - music_tracker - INFO - Song collection completed successfully
2025-11-02 09:00:15,434 - music_tracker - INFO - SpotiSpy starting...
2025-11-02 09:00:15,434 - music_tracker - INFO - Starting daily SpotiSpy analysis
2025-11-02 09:00:15,435 - music_tracker - INFO - Fetching yesterday's listening data...
2025-11-02 09:00:16,131 - music_tracker - INFO - Fetched 73 songs from database
2025-11-02 09:00:16,133 - music_tracker - INFO - Found 73 songs to analyze
2025-11-02 09:00:16,134 - music_tracker - INFO - Running analysis...
2025-11-02 09:00:16,140 - music_tracker - INFO - Sending daily summary to Slack...
2025-11-02 09:00:39,148 - music_tracker - INFO - Message sent successfully to Slack
2025-11-02 09:00:39,148 - music_tracker - INFO - Daily analysis completed successfully!
2025-11-02 09:00:39,149 - music_tracker - INFO - Running weekly summary...
2025-11-02 09:00:39,149 - music_tracker - INFO - Generating weekly summary...
2025-11-02 09:00:39,153 - music_tracker - INFO - Starting comprehensive weekly analysis
2025-11-02 09:00:39,436 - music_tracker - INFO - Fetched 34 songs for date 2025-11-02
2025-11-02 09:00:39,438 - music_tracker - INFO - Date 2025-11-02: 34 songs
2025-11-02 09:00:39,747 - music_tracker - INFO - Fetched 46 songs for date 2025-11-01
2025-11-02 09:00:39,749 - music_tracker - INFO - Date 2025-11-01: 46 songs
2025-11-02 09:00:40,084 - music_tracker - INFO - Fetched 106 songs for date 2025-10-31
2025-11-02 09:00:40,087 - music_tracker - INFO - Date 2025-10-31: 106 songs
2025-11-02 09:00:40,395 - music_tracker - INFO - Fetched 119 songs for date 2025-10-30
2025-11-02 09:00:40,397 - music_tracker - INFO - Date 2025-10-30: 119 songs
2025-11-02 09:00:40,667 - music_tracker - INFO - Fetched 74 songs for date 2025-10-29
2025-11-02 09:00:40,669 - music_tracker - INFO - Date 2025-10-29: 74 songs
2025-11-02 09:00:40,896 - music_tracker - INFO - Fetched 35 songs for date 2025-10-28
2025-11-02 09:00:40,898 - music_tracker - INFO - Date 2025-10-28: 35 songs
2025-11-02 09:00:41,178 - music_tracker - INFO - Fetched 106 songs for date 2025-10-27
2025-11-02 09:00:41,180 - music_tracker - INFO - Date 2025-10-27: 106 songs
2025-11-02 09:00:41,964 - music_tracker - INFO - Message sent successfully to Slack
2025-11-02 09:00:41,966 - music_tracker - INFO - SpotiSpy completed successfully
2025-11-02 09:58:02,871 - music_tracker - INFO - SpotiSpy song collection starting...
2025-11-02 09:58:02,872 - music_tracker - INFO - Starting song collection (last 1 hours)
2025-11-02 09:58:02,873 - music_tracker - INFO - Fetching recent tracks from Spotify...
2025-11-02 09:58:08,346 - music_tracker - INFO - No recent songs found from Spotify
2025-11-02 09:58:08,349 - music_tracker - INFO - No new songs found from Spotify API
2025-11-02 09:58:08,350 - music_tracker - INFO - Song collection completed successfully
2025-11-02 10:58:03,274 - music_tracker - INFO - SpotiSpy song collection starting...
2025-11-02 10:58:03,275 - music_tracker - INFO - Starting song collection (last 1 hours)
2025-11-02 10:58:03,275 - music_tracker - INFO - Fetching recent tracks from Spotify...
2025-11-02 10:58:03,652 - music_tracker - INFO - No recent songs found from Spotify
2025-11-02 10:58:03,655 - music_tracker - INFO - No new songs found from Spotify API
2025-11-02 10:58:03,655 - music_tracker - INFO - Song collection completed successfully
2025-11-02 11:58:03,552 - music_tracker - INFO - SpotiSpy song collection starting...
2025-11-02 11:58:03,552 - music_tracker - INFO - Starting song collection (last 1 hours)
2025-11-02 11:58:03,553 - music_tracker - INFO - Fetching recent tracks from Spotify...
2025-11-02 11:58:03,943 - music_tracker - INFO - No recent songs found from Spotify
2025-11-02 11:58:03,945 - music_tracker - INFO - No new songs found from Spotify API
2025-11-02 11:58:03,946 - music_tracker - INFO - Song collection completed successfully
2025-11-02 12:58:02,838 - music_tracker - INFO - SpotiSpy song collection starting...
2025-11-02 12:58:02,838 - music_tracker - INFO - Starting song collection (last 1 hours)
2025-11-02 12:58:02,839 - music_tracker - INFO - Fetching recent tracks from Spotify...
2025-11-02 12:58:03,392 - music_tracker - INFO - Fetched 6 songs from Spotify
2025-11-02 12:58:03,395 - music_tracker - INFO - Found 6 songs from Spotify API
2025-11-02 12:58:03,396 - music_tracker - INFO - Checking for duplicates in database...
2025-11-02 12:58:04,843 - music_tracker - INFO - Found 6 new songs out of 6 total
2025-11-02 12:58:04,845 - music_tracker - INFO - Found 6 new songs to save
2025-11-02 12:58:04,846 - music_tracker - INFO - Saving songs to database...
2025-11-02 12:58:05,154 - music_tracker - INFO - Successfully saved 6 songs to database
2025-11-02 12:58:05,156 - music_tracker - INFO - Successfully saved 6 songs to database
2025-11-02 12:58:05,156 - music_tracker - INFO - Song collection completed successfully
2025-11-02 13:58:03,133 - music_tracker - INFO - SpotiSpy song collection starting...
2025-11-02 13:58:03,133 - music_tracker - INFO - Starting song collection (last 1 hours)
2025-11-02 13:58:03,134 - music_tracker - INFO - Fetching recent tracks from Spotify...
2025-11-02 13:58:03,532 - music_tracker - INFO - No recent songs found from Spotify
2025-11-02 13:58:03,534 - music_tracker - INFO - No new songs found from Spotify API
2025-11-02 13:58:03,535 - music_tracker - INFO - Song collection completed successfully
2025-11-02 14:58:03,499 - music_tracker - INFO - SpotiSpy song collection starting...
2025-11-02 14:58:03,500 - music_tracker - INFO - Starting song collection (last 1 hours)
2025-11-02 14:58:03,501 - music_tracker - INFO - Fetching recent tracks from Spotify...
2025-11-02 14:58:03,894 - music_tracker - INFO - No recent songs found from Spotify
2025-11-02 14:58:03,896 - music_tracker - INFO - No new songs found from Spotify API
2025-11-02 14:58:03,896 - music_tracker - INFO - Song collection completed successfully
2025-11-02 15:58:02,826 - music_tracker - INFO - SpotiSpy song collection starting...
2025-11-02 15:58:02,827 - music_tracker - INFO - Starting song collection (last 1 hours)
2025-11-02 15:58:02,828 - music_tracker - INFO - Fetching recent tracks from Spotify...
2025-11-02 15:58:03,206 - music_tracker - INFO - No recent songs found from Spotify
2025-11-02 15:58:03,208 - music_tracker - INFO - No new songs found from Spotify API
2025-11-02 15:58:03,209 - music_tracker - INFO - Song collection completed successfully
2025-11-02 16:58:03,128 - music_tracker - INFO - SpotiSpy song collection starting...
2025-11-02 16:58:03,141 - music_tracker - INFO - Starting song collection (last 1 hours)
2025-11-02 16:58:03,142 - music_tracker - INFO - Fetching recent tracks from Spotify...
2025-11-02 16:58:03,504 - music_tracker - INFO - No recent songs found from Spotify
2025-11-02 16:58:03,506 - music_tracker - INFO - No new songs found from Spotify API
2025-11-02 16:58:03,507 - music_tracker - INFO - Song collection completed successfully
2025-11-02 17:58:03,450 - music_tracker - INFO - SpotiSpy song collection starting...
2025-11-02 17:58:03,451 - music_tracker - INFO - Starting song collection (last 1 hours)
2025-11-02 17:58:03,452 - music_tracker - INFO - Fetching recent tracks from Spotify...
2025-11-02 17:58:03,814 - music_tracker - INFO - No recent songs found from Spotify
2025-11-02 17:58:03,816 - music_tracker - INFO - No new songs found from Spotify API
2025-11-02 17:58:03,817 - music_tracker - INFO - Song collection completed successfully
2025-11-02 18:58:02,708 - music_tracker - INFO - SpotiSpy song collection starting...
2025-11-02 18:58:02,709 - music_tracker - INFO - Starting song collection (last 1 hours)
2025-11-02 18:58:02,709 - music_tracker - INFO - Fetching recent tracks from Spotify...
2025-11-02 18:58:03,073 - music_tracker - INFO - No recent songs found from Spotify
2025-11-02 18:58:03,075 - music_tracker - INFO - No new songs found from Spotify API
2025-11-02 18:58:03,075 - music_tracker - INFO - Song collection completed successfully
2025-11-02 19:58:02,975 - music_tracker - INFO - SpotiSpy song collection starting...
2025-11-02 19:58:02,975 - music_tracker - INFO - Starting song collection (last 1 hours)
2025-11-02 19:58:02,976 - music_tracker - INFO - Fetching recent tracks from Spotify...
2025-11-02 19:58:03,485 - music_tracker - INFO - No recent songs found from Spotify
2025-11-02 19:58:03,487 - music_tracker - INFO - No new songs found from Spotify API
2025-11-02 19:58:03,488 - music_tracker - INFO - Song collection completed successfully
2025-11-02 20:58:03,403 - music_tracker - INFO - SpotiSpy song collection starting...
2025-11-02 20:58:03,404 - music_tracker - INFO - Starting song collection (last 1 hours)
2025-11-02 20:58:03,404 - music_tracker - INFO - Fetching recent tracks from Spotify...
2025-11-02 20:58:03,780 - music_tracker - INFO - No recent songs found from Spotify
2025-11-02 20:58:03,782 - music_tracker - INFO - No new songs found from Spotify API
2025-11-02 20:58:03,783 - music_tracker - INFO - Song collection completed successfully
2025-11-02 21:58:02,663 - music_tracker - INFO - SpotiSpy song collection starting...
2025-11-02 21:58:02,664 - music_tracker - INFO - Starting song collection (last 1 hours)
2025-11-02 21:58:02,664 - music_tracker - INFO - Fetching recent tracks from Spotify...
2025-11-02 21:58:03,189 - music_tracker - INFO - Fetched 5 songs from Spotify
2025-11-02 21:58:03,191 - music_tracker - INFO - Found 5 songs from Spotify API
2025-11-02 21:58:03,192 - music_tracker - INFO - Checking for duplicates in database...
2025-11-02 21:58:04,669 - music_tracker - INFO - Found 5 new songs out of 5 total
2025-11-02 21:58:04,671 - music_tracker - INFO - Found 5 new songs to save
2025-11-02 21:58:04,672 - music_tracker - INFO - Saving songs to database...
2025-11-02 21:58:04,972 - music_tracker - INFO - Successfully saved 5 songs to database
2025-11-02 21:58:04,974 - music_tracker - INFO - Successfully saved 5 songs to database
2025-11-02 21:58:04,975 - music_tracker - INFO - Song collection completed successfully
2025-11-02 22:58:02,891 - music_tracker - INFO - SpotiSpy song collection starting...
2025-11-02 22:58:02,892 - music_tracker - INFO - Starting song collection (last 1 hours)
2025-11-02 22:58:02,893 - music_tracker - INFO - Fetching recent tracks from Spotify...
2025-11-02 22:58:03,278 - music_tracker - INFO - No recent songs found from Spotify
2025-11-02 22:58:03,280 - music_tracker - INFO - No new songs found from Spotify API
2025-11-02 22:58:03,281 - music_tracker - INFO - Song collection completed successfully
2025-11-02 23:58:03,180 - music_tracker - INFO - SpotiSpy song collection starting...
2025-11-02 23:58:03,181 - music_tracker - INFO - Starting song collection (last 1 hours)
2025-11-02 23:58:03,181 - music_tracker - INFO - Fetching recent tracks from Spotify...
2025-11-02 23:58:03,560 - music_tracker - INFO - No recent songs found from Spotify
2025-11-02 23:58:03,563 - music_tracker - INFO - No new songs found from Spotify API
2025-11-02 23:58:03,563 - music_tracker - INFO - Song collection completed successfully
