2025-07-24 00:58:06,858 - music_tracker - INFO - Zero songs listened to
2025-07-24 00:58:06,859 - music_tracker - INFO - No songs uploaded.
2025-07-24 01:58:06,564 - music_tracker - INFO - Zero songs listened to
2025-07-24 01:58:06,565 - music_tracker - INFO - No songs uploaded.
2025-07-24 02:58:07,270 - music_tracker - INFO - Zero songs listened to
2025-07-24 02:58:07,270 - music_tracker - INFO - No songs uploaded.
2025-07-24 03:58:07,010 - music_tracker - INFO - Zero songs listened to
2025-07-24 03:58:07,011 - music_tracker - INFO - No songs uploaded.
2025-07-24 04:58:06,704 - music_tracker - INFO - Zero songs listened to
2025-07-24 04:58:06,705 - music_tracker - INFO - No songs uploaded.
2025-07-24 05:58:07,438 - music_tracker - INFO - Zero songs listened to
2025-07-24 05:58:07,439 - music_tracker - INFO - No songs uploaded.
2025-07-24 06:58:07,229 - music_tracker - INFO - Zero songs listened to
2025-07-24 06:58:07,229 - music_tracker - INFO - No songs uploaded.
2025-07-24 07:58:06,938 - music_tracker - INFO - Zero songs listened to
2025-07-24 07:58:06,939 - music_tracker - INFO - No songs uploaded.
2025-07-24 08:58:08,519 - music_tracker - INFO - Zero songs listened to
2025-07-24 08:58:08,520 - music_tracker - INFO - No songs uploaded.
2025-07-24 09:00:11,805 - music_tracker - INFO - Starting music tracker analysis
2025-07-24 09:00:11,806 - music_tracker - INFO - Fetching data
2025-07-24 09:00:12,432 - music_tracker - INFO - Fetched 26 recent songs
2025-07-24 09:00:12,434 - music_tracker - INFO - Running top listens analysis
2025-07-24 09:00:12,434 - music_tracker - INFO - Calculating top songs listens
2025-07-24 09:00:12,435 - music_tracker - INFO - Sending message with top 2 songs
2025-07-24 09:00:18,181 - music_tracker - INFO - Message successfully sent!
2025-07-24 09:00:18,182 - music_tracker - INFO - Calculating top albums listens
2025-07-24 09:00:18,183 - music_tracker - INFO - Sending message with top 3 albums
2025-07-24 09:00:19,064 - music_tracker - INFO - Message successfully sent!
2025-07-24 09:00:19,064 - music_tracker - INFO - Calculating top artists listens
2025-07-24 09:00:19,065 - music_tracker - INFO - Sending message with top 3 artists
2025-07-24 09:00:19,738 - music_tracker - INFO - Message successfully sent!
2025-07-24 09:00:19,738 - music_tracker - INFO - Running popularity and listening hours analysis
2025-07-24 09:00:19,739 - music_tracker - INFO - Finding most popular track
2025-07-24 09:00:19,739 - music_tracker - INFO - Most popular song found: Closer with score 90
2025-07-24 09:00:20,362 - music_tracker - INFO - Message successfully sent!
2025-07-24 09:00:20,363 - music_tracker - INFO - Calculating most listened hour
2025-07-24 09:00:20,363 - music_tracker - INFO - Most listened hour: 00:00 with 46:29
2025-07-24 09:00:21,075 - music_tracker - INFO - Message successfully sent!
2025-07-24 09:00:21,075 - music_tracker - INFO - Calculating duration listened today
2025-07-24 09:00:21,767 - music_tracker - INFO - Message successfully sent!
2025-07-24 09:00:21,768 - music_tracker - INFO - Analysis completed successfully

2025-07-24 09:58:06,443 - music_tracker - INFO - Zero songs listened to
2025-07-24 09:58:06,444 - music_tracker - INFO - No songs uploaded.
2025-07-24 10:58:07,193 - music_tracker - INFO - Zero songs listened to
2025-07-24 10:58:07,194 - music_tracker - INFO - No songs uploaded.
2025-07-24 11:58:06,932 - music_tracker - INFO - Zero songs listened to
2025-07-24 11:58:06,933 - music_tracker - INFO - No songs uploaded.
2025-07-24 12:58:11,830 - music_tracker - INFO - Uploading 18 songs
2025-07-24 13:58:16,257 - music_tracker - INFO - Uploading 15 songs
2025-07-24 14:58:07,999 - music_tracker - INFO - Uploading 2 songs
2025-07-24 15:58:07,465 - music_tracker - INFO - Uploading 1 song
2025-07-24 16:58:12,178 - music_tracker - INFO -   Supabase error: Status 400, {"code":"22007","details":null,"hint":null,"message":"invalid input syntax for type date: \"2007\""}
2025-07-24 16:58:12,184 - music_tracker - INFO - No songs uploaded.
2025-07-24 17:58:10,869 - music_tracker - INFO - Uploading 13 songs
2025-07-24 18:58:09,180 - music_tracker - INFO - Uploading 8 songs
2025-07-24 19:58:09,393 - music_tracker - INFO - Uploading 7 songs
2025-07-24 20:58:09,680 - music_tracker - INFO - Uploading 8 songs
2025-07-24 21:58:07,690 - music_tracker - INFO - Uploading 3 songs
2025-07-24 22:58:07,551 - music_tracker - INFO - Uploading 2 songs
2025-07-24 23:58:07,350 - music_tracker - INFO - Zero songs listened to
2025-07-24 23:58:07,351 - music_tracker - INFO - No songs uploaded.
