2025-10-15 00:58:02,869 - music_tracker - INFO - SpotiSpy song collection starting...
2025-10-15 00:58:02,870 - music_tracker - INFO - Starting song collection (last 1 hours)
2025-10-15 00:58:02,871 - music_tracker - INFO - Fetching recent tracks from Spotify...
2025-10-15 00:58:03,244 - music_tracker - INFO - No recent songs found from Spotify
2025-10-15 00:58:03,246 - music_tracker - INFO - No new songs found from Spotify API
2025-10-15 00:58:03,247 - music_tracker - INFO - Song collection completed successfully
2025-10-15 01:58:03,515 - music_tracker - INFO - SpotiSpy song collection starting...
2025-10-15 01:58:03,516 - music_tracker - INFO - Starting song collection (last 1 hours)
2025-10-15 01:58:03,516 - music_tracker - INFO - Fetching recent tracks from Spotify...
2025-10-15 01:58:03,883 - music_tracker - INFO - No recent songs found from Spotify
2025-10-15 01:58:03,885 - music_tracker - INFO - No new songs found from Spotify API
2025-10-15 01:58:03,886 - music_tracker - INFO - Song collection completed successfully
2025-10-15 02:58:02,773 - music_tracker - INFO - SpotiSpy song collection starting...
2025-10-15 02:58:02,773 - music_tracker - INFO - Starting song collection (last 1 hours)
2025-10-15 02:58:02,774 - music_tracker - INFO - Fetching recent tracks from Spotify...
2025-10-15 02:58:03,126 - music_tracker - INFO - No recent songs found from Spotify
2025-10-15 02:58:03,128 - music_tracker - INFO - No new songs found from Spotify API
2025-10-15 02:58:03,128 - music_tracker - INFO - Song collection completed successfully
2025-10-15 03:58:03,142 - music_tracker - INFO - SpotiSpy song collection starting...
2025-10-15 03:58:03,144 - music_tracker - INFO - Starting song collection (last 1 hours)
2025-10-15 03:58:03,145 - music_tracker - INFO - Fetching recent tracks from Spotify...
2025-10-15 03:58:03,534 - music_tracker - INFO - No recent songs found from Spotify
2025-10-15 03:58:03,536 - music_tracker - INFO - No new songs found from Spotify API
2025-10-15 03:58:03,537 - music_tracker - INFO - Song collection completed successfully
2025-10-15 04:58:03,432 - music_tracker - INFO - SpotiSpy song collection starting...
2025-10-15 04:58:03,432 - music_tracker - INFO - Starting song collection (last 1 hours)
2025-10-15 04:58:03,433 - music_tracker - INFO - Fetching recent tracks from Spotify...
2025-10-15 04:58:03,779 - music_tracker - INFO - No recent songs found from Spotify
2025-10-15 04:58:03,781 - music_tracker - INFO - No new songs found from Spotify API
2025-10-15 04:58:03,782 - music_tracker - INFO - Song collection completed successfully
2025-10-15 05:58:02,673 - music_tracker - INFO - SpotiSpy song collection starting...
2025-10-15 05:58:02,674 - music_tracker - INFO - Starting song collection (last 1 hours)
2025-10-15 05:58:02,674 - music_tracker - INFO - Fetching recent tracks from Spotify...
2025-10-15 05:58:03,019 - music_tracker - INFO - No recent songs found from Spotify
2025-10-15 05:58:03,021 - music_tracker - INFO - No new songs found from Spotify API
2025-10-15 05:58:03,022 - music_tracker - INFO - Song collection completed successfully
2025-10-15 06:58:02,964 - music_tracker - INFO - SpotiSpy song collection starting...
2025-10-15 06:58:02,965 - music_tracker - INFO - Starting song collection (last 1 hours)
2025-10-15 06:58:02,965 - music_tracker - INFO - Fetching recent tracks from Spotify...
2025-10-15 06:58:03,313 - music_tracker - INFO - No recent songs found from Spotify
2025-10-15 06:58:03,315 - music_tracker - INFO - No new songs found from Spotify API
2025-10-15 06:58:03,315 - music_tracker - INFO - Song collection completed successfully
2025-10-15 07:58:03,210 - music_tracker - INFO - SpotiSpy song collection starting...
2025-10-15 07:58:03,211 - music_tracker - INFO - Starting song collection (last 1 hours)
2025-10-15 07:58:03,211 - music_tracker - INFO - Fetching recent tracks from Spotify...
2025-10-15 07:58:03,588 - music_tracker - INFO - No recent songs found from Spotify
2025-10-15 07:58:03,590 - music_tracker - INFO - No new songs found from Spotify API
2025-10-15 07:58:03,590 - music_tracker - INFO - Song collection completed successfully
2025-10-15 08:58:03,489 - music_tracker - INFO - SpotiSpy song collection starting...
2025-10-15 08:58:03,489 - music_tracker - INFO - Starting song collection (last 1 hours)
2025-10-15 08:58:03,490 - music_tracker - INFO - Fetching recent tracks from Spotify...
2025-10-15 08:58:04,193 - music_tracker - INFO - Fetched 5 songs from Spotify
2025-10-15 08:58:04,196 - music_tracker - INFO - Found 5 songs from Spotify API
2025-10-15 08:58:04,197 - music_tracker - INFO - Checking for duplicates in database...
2025-10-15 08:58:05,697 - music_tracker - INFO - Found 5 new songs out of 5 total
2025-10-15 08:58:05,699 - music_tracker - INFO - Found 5 new songs to save
2025-10-15 08:58:05,700 - music_tracker - INFO - Saving songs to database...
2025-10-15 08:58:06,161 - music_tracker - INFO - Successfully saved 5 songs to database
2025-10-15 08:58:06,163 - music_tracker - INFO - Successfully saved 5 songs to database
2025-10-15 08:58:06,164 - music_tracker - INFO - Song collection completed successfully
2025-10-15 09:00:12,859 - music_tracker - INFO - SpotiSpy starting...
2025-10-15 09:00:12,860 - music_tracker - INFO - Starting daily SpotiSpy analysis
2025-10-15 09:00:12,861 - music_tracker - INFO - Fetching yesterday's listening data...
2025-10-15 09:00:13,356 - music_tracker - INFO - Fetched 137 songs from database
2025-10-15 09:00:13,358 - music_tracker - INFO - Found 137 songs to analyze
2025-10-15 09:00:13,358 - music_tracker - INFO - Running analysis...
2025-10-15 09:00:13,369 - music_tracker - INFO - Sending daily summary to Slack...
2025-10-15 09:00:14,157 - music_tracker - INFO - Message sent successfully to Slack
2025-10-15 09:00:14,157 - music_tracker - INFO - Daily analysis completed successfully!
2025-10-15 09:00:14,158 - music_tracker - INFO - SpotiSpy completed successfully
2025-10-15 09:58:04,228 - music_tracker - INFO - SpotiSpy song collection starting...
2025-10-15 09:58:04,236 - music_tracker - INFO - Starting song collection (last 1 hours)
2025-10-15 09:58:04,237 - music_tracker - INFO - Fetching recent tracks from Spotify...
2025-10-15 09:58:04,625 - music_tracker - INFO - No recent songs found from Spotify
2025-10-15 09:58:04,627 - music_tracker - INFO - No new songs found from Spotify API
2025-10-15 09:58:04,627 - music_tracker - INFO - Song collection completed successfully
2025-10-15 10:58:03,597 - music_tracker - INFO - SpotiSpy song collection starting...
2025-10-15 10:58:03,598 - music_tracker - INFO - Starting song collection (last 1 hours)
2025-10-15 10:58:03,599 - music_tracker - INFO - Fetching recent tracks from Spotify...
2025-10-15 10:58:04,114 - music_tracker - INFO - Fetched 10 songs from Spotify
2025-10-15 10:58:04,117 - music_tracker - INFO - Found 10 songs from Spotify API
2025-10-15 10:58:04,118 - music_tracker - INFO - Checking for duplicates in database...
2025-10-15 10:58:05,473 - music_tracker - INFO - Found 10 new songs out of 10 total
2025-10-15 10:58:05,475 - music_tracker - INFO - Found 10 new songs to save
2025-10-15 10:58:05,476 - music_tracker - INFO - Saving songs to database...
2025-10-15 10:58:05,819 - music_tracker - INFO - Successfully saved 10 songs to database
2025-10-15 10:58:05,822 - music_tracker - INFO - Successfully saved 10 songs to database
2025-10-15 10:58:05,822 - music_tracker - INFO - Song collection completed successfully
2025-10-15 11:58:02,729 - music_tracker - INFO - SpotiSpy song collection starting...
2025-10-15 11:58:02,729 - music_tracker - INFO - Starting song collection (last 1 hours)
2025-10-15 11:58:02,730 - music_tracker - INFO - Fetching recent tracks from Spotify...
2025-10-15 11:58:03,157 - music_tracker - INFO - Fetched 7 songs from Spotify
2025-10-15 11:58:03,159 - music_tracker - INFO - Found 7 songs from Spotify API
2025-10-15 11:58:03,160 - music_tracker - INFO - Checking for duplicates in database...
2025-10-15 11:58:04,594 - music_tracker - INFO - Found 7 new songs out of 7 total
2025-10-15 11:58:04,596 - music_tracker - INFO - Found 7 new songs to save
2025-10-15 11:58:04,597 - music_tracker - INFO - Saving songs to database...
2025-10-15 11:58:04,971 - music_tracker - INFO - Successfully saved 7 songs to database
2025-10-15 11:58:04,973 - music_tracker - INFO - Successfully saved 7 songs to database
2025-10-15 11:58:04,973 - music_tracker - INFO - Song collection completed successfully
2025-10-15 12:58:02,886 - music_tracker - INFO - SpotiSpy song collection starting...
2025-10-15 12:58:02,887 - music_tracker - INFO - Starting song collection (last 1 hours)
2025-10-15 12:58:02,887 - music_tracker - INFO - Fetching recent tracks from Spotify...
2025-10-15 12:58:03,357 - music_tracker - INFO - Fetched 2 songs from Spotify
2025-10-15 12:58:03,359 - music_tracker - INFO - Found 2 songs from Spotify API
2025-10-15 12:58:03,360 - music_tracker - INFO - Checking for duplicates in database...
2025-10-15 12:58:04,561 - music_tracker - INFO - Found 2 new songs out of 2 total
2025-10-15 12:58:04,564 - music_tracker - INFO - Found 2 new songs to save
2025-10-15 12:58:04,564 - music_tracker - INFO - Saving songs to database...
2025-10-15 12:58:04,951 - music_tracker - INFO - Successfully saved 2 songs to database
2025-10-15 12:58:04,952 - music_tracker - INFO - Successfully saved 2 songs to database
2025-10-15 12:58:04,953 - music_tracker - INFO - Song collection completed successfully
2025-10-15 13:58:02,873 - music_tracker - INFO - SpotiSpy song collection starting...
2025-10-15 13:58:02,873 - music_tracker - INFO - Starting song collection (last 1 hours)
2025-10-15 13:58:02,874 - music_tracker - INFO - Fetching recent tracks from Spotify...
2025-10-15 13:58:03,368 - music_tracker - INFO - Fetched 1 songs from Spotify
2025-10-15 13:58:03,371 - music_tracker - INFO - Found 1 songs from Spotify API
2025-10-15 13:58:03,371 - music_tracker - INFO - Checking for duplicates in database...
2025-10-15 13:58:04,696 - music_tracker - INFO - Found 1 new songs out of 1 total
2025-10-15 13:58:04,698 - music_tracker - INFO - Found 1 new songs to save
2025-10-15 13:58:04,699 - music_tracker - INFO - Saving songs to database...
2025-10-15 13:58:05,081 - music_tracker - INFO - Successfully saved 1 songs to database
2025-10-15 13:58:05,083 - music_tracker - INFO - Successfully saved 1 songs to database
2025-10-15 13:58:05,084 - music_tracker - INFO - Song collection completed successfully
2025-10-15 14:58:03,017 - music_tracker - INFO - SpotiSpy song collection starting...
2025-10-15 14:58:03,018 - music_tracker - INFO - Starting song collection (last 1 hours)
2025-10-15 14:58:03,018 - music_tracker - INFO - Fetching recent tracks from Spotify...
2025-10-15 14:58:03,366 - music_tracker - INFO - No recent songs found from Spotify
2025-10-15 14:58:03,368 - music_tracker - INFO - No new songs found from Spotify API
2025-10-15 14:58:03,369 - music_tracker - INFO - Song collection completed successfully
2025-10-15 15:58:03,263 - music_tracker - INFO - SpotiSpy song collection starting...
2025-10-15 15:58:03,264 - music_tracker - INFO - Starting song collection (last 1 hours)
2025-10-15 15:58:03,265 - music_tracker - INFO - Fetching recent tracks from Spotify...
2025-10-15 15:58:03,673 - music_tracker - INFO - No recent songs found from Spotify
2025-10-15 15:58:03,676 - music_tracker - INFO - No new songs found from Spotify API
2025-10-15 15:58:03,676 - music_tracker - INFO - Song collection completed successfully
2025-10-15 16:58:03,581 - music_tracker - INFO - SpotiSpy song collection starting...
2025-10-15 16:58:03,581 - music_tracker - INFO - Starting song collection (last 1 hours)
2025-10-15 16:58:03,582 - music_tracker - INFO - Fetching recent tracks from Spotify...
2025-10-15 16:58:03,993 - music_tracker - INFO - No recent songs found from Spotify
2025-10-15 16:58:03,995 - music_tracker - INFO - No new songs found from Spotify API
2025-10-15 16:58:03,996 - music_tracker - INFO - Song collection completed successfully
2025-10-15 17:58:02,890 - music_tracker - INFO - SpotiSpy song collection starting...
2025-10-15 17:58:02,890 - music_tracker - INFO - Starting song collection (last 1 hours)
2025-10-15 17:58:02,891 - music_tracker - INFO - Fetching recent tracks from Spotify...
2025-10-15 17:58:03,244 - music_tracker - INFO - No recent songs found from Spotify
2025-10-15 17:58:03,246 - music_tracker - INFO - No new songs found from Spotify API
2025-10-15 17:58:03,247 - music_tracker - INFO - Song collection completed successfully
2025-10-15 18:58:03,133 - music_tracker - INFO - SpotiSpy song collection starting...
2025-10-15 18:58:03,133 - music_tracker - INFO - Starting song collection (last 1 hours)
2025-10-15 18:58:03,134 - music_tracker - INFO - Fetching recent tracks from Spotify...
2025-10-15 18:58:03,556 - music_tracker - INFO - Fetched 4 songs from Spotify
2025-10-15 18:58:03,559 - music_tracker - INFO - Found 4 songs from Spotify API
2025-10-15 18:58:03,560 - music_tracker - INFO - Checking for duplicates in database...
2025-10-15 18:58:05,164 - music_tracker - INFO - Found 4 new songs out of 4 total
2025-10-15 18:58:05,166 - music_tracker - INFO - Found 4 new songs to save
2025-10-15 18:58:05,167 - music_tracker - INFO - Saving songs to database...
2025-10-15 18:58:05,546 - music_tracker - INFO - Successfully saved 4 songs to database
2025-10-15 18:58:05,548 - music_tracker - INFO - Successfully saved 4 songs to database
2025-10-15 18:58:05,549 - music_tracker - INFO - Song collection completed successfully
2025-10-15 19:58:03,470 - music_tracker - INFO - SpotiSpy song collection starting...
2025-10-15 19:58:03,470 - music_tracker - INFO - Starting song collection (last 1 hours)
2025-10-15 19:58:03,471 - music_tracker - INFO - Fetching recent tracks from Spotify...
2025-10-15 19:58:03,818 - music_tracker - INFO - No recent songs found from Spotify
2025-10-15 19:58:03,820 - music_tracker - INFO - No new songs found from Spotify API
2025-10-15 19:58:03,821 - music_tracker - INFO - Song collection completed successfully
2025-10-15 20:58:02,713 - music_tracker - INFO - SpotiSpy song collection starting...
2025-10-15 20:58:02,714 - music_tracker - INFO - Starting song collection (last 1 hours)
2025-10-15 20:58:02,715 - music_tracker - INFO - Fetching recent tracks from Spotify...
2025-10-15 20:58:03,131 - music_tracker - INFO - No recent songs found from Spotify
2025-10-15 20:58:03,133 - music_tracker - INFO - No new songs found from Spotify API
2025-10-15 20:58:03,134 - music_tracker - INFO - Song collection completed successfully
2025-10-15 21:58:03,027 - music_tracker - INFO - SpotiSpy song collection starting...
2025-10-15 21:58:03,027 - music_tracker - INFO - Starting song collection (last 1 hours)
2025-10-15 21:58:03,028 - music_tracker - INFO - Fetching recent tracks from Spotify...
2025-10-15 21:58:03,492 - music_tracker - INFO - Fetched 3 songs from Spotify
2025-10-15 21:58:03,494 - music_tracker - INFO - Found 3 songs from Spotify API
2025-10-15 21:58:03,495 - music_tracker - INFO - Checking for duplicates in database...
2025-10-15 21:58:04,822 - music_tracker - INFO - Found 3 new songs out of 3 total
2025-10-15 21:58:04,825 - music_tracker - INFO - Found 3 new songs to save
2025-10-15 21:58:04,826 - music_tracker - INFO - Saving songs to database...
2025-10-15 21:58:05,203 - music_tracker - INFO - Successfully saved 3 songs to database
2025-10-15 21:58:05,205 - music_tracker - INFO - Successfully saved 3 songs to database
2025-10-15 21:58:05,206 - music_tracker - INFO - Song collection completed successfully
2025-10-15 22:58:03,124 - music_tracker - INFO - SpotiSpy song collection starting...
2025-10-15 22:58:03,124 - music_tracker - INFO - Starting song collection (last 1 hours)
2025-10-15 22:58:03,125 - music_tracker - INFO - Fetching recent tracks from Spotify...
2025-10-15 22:58:03,621 - music_tracker - INFO - Fetched 7 songs from Spotify
2025-10-15 22:58:03,623 - music_tracker - INFO - Found 7 songs from Spotify API
2025-10-15 22:58:03,624 - music_tracker - INFO - Checking for duplicates in database...
2025-10-15 22:58:05,078 - music_tracker - INFO - Found 7 new songs out of 7 total
2025-10-15 22:58:05,080 - music_tracker - INFO - Found 7 new songs to save
2025-10-15 22:58:05,081 - music_tracker - INFO - Saving songs to database...
2025-10-15 22:58:05,436 - music_tracker - INFO - Successfully saved 7 songs to database
2025-10-15 22:58:05,438 - music_tracker - INFO - Successfully saved 7 songs to database
2025-10-15 22:58:05,439 - music_tracker - INFO - Song collection completed successfully
2025-10-15 23:58:03,407 - music_tracker - INFO - SpotiSpy song collection starting...
2025-10-15 23:58:03,408 - music_tracker - INFO - Starting song collection (last 1 hours)
2025-10-15 23:58:03,408 - music_tracker - INFO - Fetching recent tracks from Spotify...
2025-10-15 23:58:03,853 - music_tracker - INFO - Fetched 3 songs from Spotify
2025-10-15 23:58:03,856 - music_tracker - INFO - Found 3 songs from Spotify API
2025-10-15 23:58:03,856 - music_tracker - INFO - Checking for duplicates in database...
2025-10-15 23:58:05,237 - music_tracker - INFO - Found 3 new songs out of 3 total
2025-10-15 23:58:05,240 - music_tracker - INFO - Found 3 new songs to save
2025-10-15 23:58:05,241 - music_tracker - INFO - Saving songs to database...
2025-10-15 23:58:05,600 - music_tracker - INFO - Successfully saved 3 songs to database
2025-10-15 23:58:05,602 - music_tracker - INFO - Successfully saved 3 songs to database
2025-10-15 23:58:05,603 - music_tracker - INFO - Song collection completed successfully
