2025-11-04 00:58:02,946 - music_tracker - INFO - SpotiSpy song collection starting...
2025-11-04 00:58:02,947 - music_tracker - INFO - Starting song collection (last 1 hours)
2025-11-04 00:58:02,947 - music_tracker - INFO - Fetching recent tracks from Spotify...
2025-11-04 00:58:03,309 - music_tracker - INFO - No recent songs found from Spotify
2025-11-04 00:58:03,311 - music_tracker - INFO - No new songs found from Spotify API
2025-11-04 00:58:03,312 - music_tracker - INFO - Song collection completed successfully
2025-11-04 01:58:03,213 - music_tracker - INFO - SpotiSpy song collection starting...
2025-11-04 01:58:03,213 - music_tracker - INFO - Starting song collection (last 1 hours)
2025-11-04 01:58:03,214 - music_tracker - INFO - Fetching recent tracks from Spotify...
2025-11-04 01:58:03,557 - music_tracker - INFO - No recent songs found from Spotify
2025-11-04 01:58:03,559 - music_tracker - INFO - No new songs found from Spotify API
2025-11-04 01:58:03,560 - music_tracker - INFO - Song collection completed successfully
2025-11-04 02:58:03,486 - music_tracker - INFO - SpotiSpy song collection starting...
2025-11-04 02:58:03,487 - music_tracker - INFO - Starting song collection (last 1 hours)
2025-11-04 02:58:03,488 - music_tracker - INFO - Fetching recent tracks from Spotify...
2025-11-04 02:58:03,813 - music_tracker - INFO - No recent songs found from Spotify
2025-11-04 02:58:03,815 - music_tracker - INFO - No new songs found from Spotify API
2025-11-04 02:58:03,816 - music_tracker - INFO - Song collection completed successfully
2025-11-04 03:58:02,733 - music_tracker - INFO - SpotiSpy song collection starting...
2025-11-04 03:58:02,733 - music_tracker - INFO - Starting song collection (last 1 hours)
2025-11-04 03:58:02,734 - music_tracker - INFO - Fetching recent tracks from Spotify...
2025-11-04 03:58:03,130 - music_tracker - INFO - No recent songs found from Spotify
2025-11-04 03:58:03,132 - music_tracker - INFO - No new songs found from Spotify API
2025-11-04 03:58:03,133 - music_tracker - INFO - Song collection completed successfully
2025-11-04 04:58:03,031 - music_tracker - INFO - SpotiSpy song collection starting...
2025-11-04 04:58:03,032 - music_tracker - INFO - Starting song collection (last 1 hours)
2025-11-04 04:58:03,033 - music_tracker - INFO - Fetching recent tracks from Spotify...
2025-11-04 04:58:03,372 - music_tracker - INFO - No recent songs found from Spotify
2025-11-04 04:58:03,374 - music_tracker - INFO - No new songs found from Spotify API
2025-11-04 04:58:03,375 - music_tracker - INFO - Song collection completed successfully
2025-11-04 05:58:03,247 - music_tracker - INFO - SpotiSpy song collection starting...
2025-11-04 05:58:03,248 - music_tracker - INFO - Starting song collection (last 1 hours)
2025-11-04 05:58:03,248 - music_tracker - INFO - Fetching recent tracks from Spotify...
2025-11-04 05:58:03,594 - music_tracker - INFO - No recent songs found from Spotify
2025-11-04 05:58:03,596 - music_tracker - INFO - No new songs found from Spotify API
2025-11-04 05:58:03,596 - music_tracker - INFO - Song collection completed successfully
2025-11-04 06:58:03,540 - music_tracker - INFO - SpotiSpy song collection starting...
2025-11-04 06:58:03,540 - music_tracker - INFO - Starting song collection (last 1 hours)
2025-11-04 06:58:03,541 - music_tracker - INFO - Fetching recent tracks from Spotify...
2025-11-04 06:58:03,901 - music_tracker - INFO - No recent songs found from Spotify
2025-11-04 06:58:03,903 - music_tracker - INFO - No new songs found from Spotify API
2025-11-04 06:58:03,904 - music_tracker - INFO - Song collection completed successfully
2025-11-04 07:58:02,803 - music_tracker - INFO - SpotiSpy song collection starting...
2025-11-04 07:58:02,803 - music_tracker - INFO - Starting song collection (last 1 hours)
2025-11-04 07:58:02,804 - music_tracker - INFO - Fetching recent tracks from Spotify...
2025-11-04 07:58:03,163 - music_tracker - INFO - No recent songs found from Spotify
2025-11-04 07:58:03,165 - music_tracker - INFO - No new songs found from Spotify API
2025-11-04 07:58:03,165 - music_tracker - INFO - Song collection completed successfully
2025-11-04 08:58:04,463 - music_tracker - INFO - SpotiSpy song collection starting...
2025-11-04 08:58:04,464 - music_tracker - INFO - Starting song collection (last 1 hours)
2025-11-04 08:58:04,465 - music_tracker - INFO - Fetching recent tracks from Spotify...
2025-11-04 08:58:04,936 - music_tracker - INFO - Fetched 10 songs from Spotify
2025-11-04 08:58:04,939 - music_tracker - INFO - Found 10 songs from Spotify API
2025-11-04 08:58:04,940 - music_tracker - INFO - Checking for duplicates in database...
2025-11-04 08:58:06,507 - music_tracker - INFO - Found 10 new songs out of 10 total
2025-11-04 08:58:06,509 - music_tracker - INFO - Found 10 new songs to save
2025-11-04 08:58:06,510 - music_tracker - INFO - Saving songs to database...
2025-11-04 08:58:06,892 - music_tracker - INFO - Successfully saved 10 songs to database
2025-11-04 08:58:06,894 - music_tracker - INFO - Successfully saved 10 songs to database
2025-11-04 08:58:06,895 - music_tracker - INFO - Song collection completed successfully
2025-11-04 09:00:12,450 - music_tracker - INFO - SpotiSpy starting...
2025-11-04 09:00:12,450 - music_tracker - INFO - Starting daily SpotiSpy analysis
2025-11-04 09:00:12,451 - music_tracker - INFO - Fetching yesterday's listening data...
2025-11-04 09:00:13,073 - music_tracker - INFO - Fetched 100 songs from database
2025-11-04 09:00:13,075 - music_tracker - INFO - Found 100 songs to analyze
2025-11-04 09:00:13,076 - music_tracker - INFO - Running analysis...
2025-11-04 09:00:13,084 - music_tracker - INFO - Sending daily summary to Slack...
2025-11-04 09:00:46,355 - music_tracker - INFO - Message sent successfully to Slack
2025-11-04 09:00:46,356 - music_tracker - INFO - Daily analysis completed successfully!
2025-11-04 09:00:46,357 - music_tracker - INFO - SpotiSpy completed successfully
2025-11-04 09:58:03,270 - music_tracker - INFO - SpotiSpy song collection starting...
2025-11-04 09:58:03,271 - music_tracker - INFO - Starting song collection (last 1 hours)
2025-11-04 09:58:03,272 - music_tracker - INFO - Fetching recent tracks from Spotify...
2025-11-04 09:58:03,763 - music_tracker - INFO - Fetched 16 songs from Spotify
2025-11-04 09:58:03,766 - music_tracker - INFO - Found 16 songs from Spotify API
2025-11-04 09:58:03,767 - music_tracker - INFO - Checking for duplicates in database...
2025-11-04 09:58:05,049 - music_tracker - INFO - Found 16 new songs out of 16 total
2025-11-04 09:58:05,051 - music_tracker - INFO - Found 16 new songs to save
2025-11-04 09:58:05,052 - music_tracker - INFO - Saving songs to database...
2025-11-04 09:58:05,457 - music_tracker - INFO - Successfully saved 16 songs to database
2025-11-04 09:58:05,459 - music_tracker - INFO - Successfully saved 16 songs to database
2025-11-04 09:58:05,460 - music_tracker - INFO - Song collection completed successfully
2025-11-04 10:58:03,424 - music_tracker - INFO - SpotiSpy song collection starting...
2025-11-04 10:58:03,424 - music_tracker - INFO - Starting song collection (last 1 hours)
2025-11-04 10:58:03,425 - music_tracker - INFO - Fetching recent tracks from Spotify...
2025-11-04 10:58:03,788 - music_tracker - INFO - No recent songs found from Spotify
2025-11-04 10:58:03,790 - music_tracker - INFO - No new songs found from Spotify API
2025-11-04 10:58:03,790 - music_tracker - INFO - Song collection completed successfully
2025-11-04 11:58:02,678 - music_tracker - INFO - SpotiSpy song collection starting...
2025-11-04 11:58:02,678 - music_tracker - INFO - Starting song collection (last 1 hours)
2025-11-04 11:58:02,679 - music_tracker - INFO - Fetching recent tracks from Spotify...
2025-11-04 11:58:03,151 - music_tracker - INFO - Fetched 4 songs from Spotify
2025-11-04 11:58:03,153 - music_tracker - INFO - Found 4 songs from Spotify API
2025-11-04 11:58:03,154 - music_tracker - INFO - Checking for duplicates in database...
2025-11-04 11:58:04,819 - music_tracker - INFO - Found 4 new songs out of 4 total
2025-11-04 11:58:04,821 - music_tracker - INFO - Found 4 new songs to save
2025-11-04 11:58:04,822 - music_tracker - INFO - Saving songs to database...
2025-11-04 11:58:05,205 - music_tracker - INFO - Successfully saved 4 songs to database
2025-11-04 11:58:05,207 - music_tracker - INFO - Successfully saved 4 songs to database
2025-11-04 11:58:05,208 - music_tracker - INFO - Song collection completed successfully
2025-11-04 12:58:03,121 - music_tracker - INFO - SpotiSpy song collection starting...
2025-11-04 12:58:03,121 - music_tracker - INFO - Starting song collection (last 1 hours)
2025-11-04 12:58:03,122 - music_tracker - INFO - Fetching recent tracks from Spotify...
2025-11-04 12:58:03,502 - music_tracker - INFO - No recent songs found from Spotify
2025-11-04 12:58:03,504 - music_tracker - INFO - No new songs found from Spotify API
2025-11-04 12:58:03,505 - music_tracker - INFO - Song collection completed successfully
2025-11-04 13:58:03,474 - music_tracker - INFO - SpotiSpy song collection starting...
2025-11-04 13:58:03,475 - music_tracker - INFO - Starting song collection (last 1 hours)
2025-11-04 13:58:03,476 - music_tracker - INFO - Fetching recent tracks from Spotify...
2025-11-04 13:58:03,837 - music_tracker - INFO - No recent songs found from Spotify
2025-11-04 13:58:03,839 - music_tracker - INFO - No new songs found from Spotify API
2025-11-04 13:58:03,840 - music_tracker - INFO - Song collection completed successfully
2025-11-04 14:58:02,844 - music_tracker - INFO - SpotiSpy song collection starting...
2025-11-04 14:58:02,845 - music_tracker - INFO - Starting song collection (last 1 hours)
2025-11-04 14:58:02,846 - music_tracker - INFO - Fetching recent tracks from Spotify...
2025-11-04 14:58:03,323 - music_tracker - INFO - No recent songs found from Spotify
2025-11-04 14:58:03,325 - music_tracker - INFO - No new songs found from Spotify API
2025-11-04 14:58:03,326 - music_tracker - INFO - Song collection completed successfully
2025-11-04 15:58:03,502 - music_tracker - INFO - SpotiSpy song collection starting...
2025-11-04 15:58:03,503 - music_tracker - INFO - Starting song collection (last 1 hours)
2025-11-04 15:58:03,503 - music_tracker - INFO - Fetching recent tracks from Spotify...
2025-11-04 15:58:09,033 - music_tracker - INFO - Fetched 11 songs from Spotify
2025-11-04 15:58:09,038 - music_tracker - INFO - Found 11 songs from Spotify API
2025-11-04 15:58:09,039 - music_tracker - INFO - Checking for duplicates in database...
2025-11-04 15:58:10,721 - music_tracker - INFO - Found 11 new songs out of 11 total
2025-11-04 15:58:10,723 - music_tracker - INFO - Found 11 new songs to save
2025-11-04 15:58:10,724 - music_tracker - INFO - Saving songs to database...
2025-11-04 15:58:11,106 - music_tracker - INFO - Successfully saved 11 songs to database
2025-11-04 15:58:11,108 - music_tracker - INFO - Successfully saved 11 songs to database
2025-11-04 15:58:11,109 - music_tracker - INFO - Song collection completed successfully
2025-11-04 16:58:03,220 - music_tracker - INFO - SpotiSpy song collection starting...
2025-11-04 16:58:03,220 - music_tracker - INFO - Starting song collection (last 1 hours)
2025-11-04 16:58:03,221 - music_tracker - INFO - Fetching recent tracks from Spotify...
2025-11-04 16:58:03,724 - music_tracker - INFO - Fetched 17 songs from Spotify
2025-11-04 16:58:03,727 - music_tracker - INFO - Found 17 songs from Spotify API
2025-11-04 16:58:03,728 - music_tracker - INFO - Checking for duplicates in database...
2025-11-04 16:58:05,105 - music_tracker - INFO - Found 17 new songs out of 17 total
2025-11-04 16:58:05,107 - music_tracker - INFO - Found 17 new songs to save
2025-11-04 16:58:05,108 - music_tracker - INFO - Saving songs to database...
2025-11-04 16:58:10,611 - music_tracker - INFO - Successfully saved 17 songs to database
2025-11-04 16:58:10,613 - music_tracker - INFO - Successfully saved 17 songs to database
2025-11-04 16:58:10,613 - music_tracker - INFO - Song collection completed successfully
2025-11-04 17:58:03,564 - music_tracker - INFO - SpotiSpy song collection starting...
2025-11-04 17:58:03,564 - music_tracker - INFO - Starting song collection (last 1 hours)
2025-11-04 17:58:03,565 - music_tracker - INFO - Fetching recent tracks from Spotify...
2025-11-04 17:58:04,076 - music_tracker - INFO - Fetched 13 songs from Spotify
2025-11-04 17:58:04,079 - music_tracker - INFO - Found 13 songs from Spotify API
2025-11-04 17:58:04,080 - music_tracker - INFO - Checking for duplicates in database...
2025-11-04 17:58:05,522 - music_tracker - INFO - Found 13 new songs out of 13 total
2025-11-04 17:58:05,524 - music_tracker - INFO - Found 13 new songs to save
2025-11-04 17:58:05,525 - music_tracker - INFO - Saving songs to database...
2025-11-04 17:58:05,931 - music_tracker - INFO - Successfully saved 13 songs to database
2025-11-04 17:58:05,933 - music_tracker - INFO - Successfully saved 13 songs to database
2025-11-04 17:58:05,934 - music_tracker - INFO - Song collection completed successfully
2025-11-04 18:58:02,861 - music_tracker - INFO - SpotiSpy song collection starting...
2025-11-04 18:58:02,862 - music_tracker - INFO - Starting song collection (last 1 hours)
2025-11-04 18:58:02,863 - music_tracker - INFO - Fetching recent tracks from Spotify...
2025-11-04 18:58:03,241 - music_tracker - INFO - No recent songs found from Spotify
2025-11-04 18:58:03,243 - music_tracker - INFO - No new songs found from Spotify API
2025-11-04 18:58:03,244 - music_tracker - INFO - Song collection completed successfully
2025-11-04 19:58:03,142 - music_tracker - INFO - SpotiSpy song collection starting...
2025-11-04 19:58:03,142 - music_tracker - INFO - Starting song collection (last 1 hours)
2025-11-04 19:58:03,143 - music_tracker - INFO - Fetching recent tracks from Spotify...
2025-11-04 19:58:03,759 - music_tracker - INFO - Fetched 19 songs from Spotify
2025-11-04 19:58:03,763 - music_tracker - INFO - Found 19 songs from Spotify API
2025-11-04 19:58:03,763 - music_tracker - INFO - Checking for duplicates in database...
2025-11-04 19:58:06,322 - music_tracker - INFO - Found 19 new songs out of 19 total
2025-11-04 19:58:06,324 - music_tracker - INFO - Found 19 new songs to save
2025-11-04 19:58:06,325 - music_tracker - INFO - Saving songs to database...
2025-11-04 19:58:06,756 - music_tracker - INFO - Successfully saved 19 songs to database
2025-11-04 19:58:06,759 - music_tracker - INFO - Successfully saved 19 songs to database
2025-11-04 19:58:06,759 - music_tracker - INFO - Song collection completed successfully
2025-11-04 20:58:02,677 - music_tracker - INFO - SpotiSpy song collection starting...
2025-11-04 20:58:02,677 - music_tracker - INFO - Starting song collection (last 1 hours)
2025-11-04 20:58:02,678 - music_tracker - INFO - Fetching recent tracks from Spotify...
2025-11-04 20:58:03,282 - music_tracker - INFO - Fetched 15 songs from Spotify
2025-11-04 20:58:03,285 - music_tracker - INFO - Found 15 songs from Spotify API
2025-11-04 20:58:03,286 - music_tracker - INFO - Checking for duplicates in database...
2025-11-04 20:58:05,727 - music_tracker - INFO - Found 15 new songs out of 15 total
2025-11-04 20:58:05,729 - music_tracker - INFO - Found 15 new songs to save
2025-11-04 20:58:05,730 - music_tracker - INFO - Saving songs to database...
2025-11-04 20:58:06,146 - music_tracker - INFO - Successfully saved 15 songs to database
2025-11-04 20:58:06,148 - music_tracker - INFO - Successfully saved 15 songs to database
2025-11-04 20:58:06,149 - music_tracker - INFO - Song collection completed successfully
2025-11-04 21:58:03,050 - music_tracker - INFO - SpotiSpy song collection starting...
2025-11-04 21:58:03,051 - music_tracker - INFO - Starting song collection (last 1 hours)
2025-11-04 21:58:03,052 - music_tracker - INFO - Fetching recent tracks from Spotify...
2025-11-04 21:58:03,555 - music_tracker - INFO - Fetched 8 songs from Spotify
2025-11-04 21:58:03,557 - music_tracker - INFO - Found 8 songs from Spotify API
2025-11-04 21:58:03,558 - music_tracker - INFO - Checking for duplicates in database...
2025-11-04 21:58:04,958 - music_tracker - INFO - Found 8 new songs out of 8 total
2025-11-04 21:58:04,960 - music_tracker - INFO - Found 8 new songs to save
2025-11-04 21:58:04,961 - music_tracker - INFO - Saving songs to database...
2025-11-04 21:58:05,342 - music_tracker - INFO - Successfully saved 8 songs to database
2025-11-04 21:58:05,344 - music_tracker - INFO - Successfully saved 8 songs to database
2025-11-04 21:58:05,345 - music_tracker - INFO - Song collection completed successfully
2025-11-04 22:58:03,269 - music_tracker - INFO - SpotiSpy song collection starting...
2025-11-04 22:58:03,270 - music_tracker - INFO - Starting song collection (last 1 hours)
2025-11-04 22:58:03,271 - music_tracker - INFO - Fetching recent tracks from Spotify...
2025-11-04 22:58:03,647 - music_tracker - INFO - No recent songs found from Spotify
2025-11-04 22:58:03,649 - music_tracker - INFO - No new songs found from Spotify API
2025-11-04 22:58:03,650 - music_tracker - INFO - Song collection completed successfully
2025-11-04 23:58:03,625 - music_tracker - INFO - SpotiSpy song collection starting...
2025-11-04 23:58:03,626 - music_tracker - INFO - Starting song collection (last 1 hours)
2025-11-04 23:58:03,627 - music_tracker - INFO - Fetching recent tracks from Spotify...
2025-11-04 23:58:04,009 - music_tracker - INFO - No recent songs found from Spotify
2025-11-04 23:58:04,011 - music_tracker - INFO - No new songs found from Spotify API
2025-11-04 23:58:04,012 - music_tracker - INFO - Song collection completed successfully
