2025-09-04 00:58:03,365 - music_tracker - INFO - SpotiSpy song collection starting...
2025-09-04 00:58:03,365 - music_tracker - INFO - Starting song collection (last 1 hours)
2025-09-04 00:58:03,366 - music_tracker - INFO - Fetching recent tracks from Spotify...
2025-09-04 00:58:04,147 - music_tracker - INFO - No recent songs found from Spotify
2025-09-04 00:58:04,149 - music_tracker - INFO - No new songs found from Spotify API
2025-09-04 00:58:04,150 - music_tracker - INFO - Song collection completed successfully
2025-09-04 01:58:03,064 - music_tracker - INFO - SpotiSpy song collection starting...
2025-09-04 01:58:03,065 - music_tracker - INFO - Starting song collection (last 1 hours)
2025-09-04 01:58:03,065 - music_tracker - INFO - Fetching recent tracks from Spotify...
2025-09-04 01:58:05,255 - music_tracker - INFO - No recent songs found from Spotify
2025-09-04 01:58:05,258 - music_tracker - INFO - No new songs found from Spotify API
2025-09-04 01:58:05,259 - music_tracker - INFO - Song collection completed successfully
2025-09-04 02:58:04,274 - music_tracker - INFO - SpotiSpy song collection starting...
2025-09-04 02:58:04,275 - music_tracker - INFO - Starting song collection (last 1 hours)
2025-09-04 02:58:04,276 - music_tracker - INFO - Fetching recent tracks from Spotify...
2025-09-04 02:58:05,737 - music_tracker - INFO - No recent songs found from Spotify
2025-09-04 02:58:05,741 - music_tracker - INFO - No new songs found from Spotify API
2025-09-04 02:58:05,741 - music_tracker - INFO - Song collection completed successfully
2025-09-04 03:58:02,728 - music_tracker - INFO - SpotiSpy song collection starting...
2025-09-04 03:58:02,728 - music_tracker - INFO - Starting song collection (last 1 hours)
2025-09-04 03:58:02,729 - music_tracker - INFO - Fetching recent tracks from Spotify...
2025-09-04 03:58:04,113 - music_tracker - INFO - No recent songs found from Spotify
2025-09-04 03:58:04,116 - music_tracker - INFO - No new songs found from Spotify API
2025-09-04 03:58:04,117 - music_tracker - INFO - Song collection completed successfully
2025-09-04 04:58:03,703 - music_tracker - INFO - SpotiSpy song collection starting...
2025-09-04 04:58:03,704 - music_tracker - INFO - Starting song collection (last 1 hours)
2025-09-04 04:58:03,705 - music_tracker - INFO - Fetching recent tracks from Spotify...
2025-09-04 04:58:04,298 - music_tracker - INFO - No recent songs found from Spotify
2025-09-04 04:58:04,300 - music_tracker - INFO - No new songs found from Spotify API
2025-09-04 04:58:04,300 - music_tracker - INFO - Song collection completed successfully
2025-09-04 05:58:03,271 - music_tracker - INFO - SpotiSpy song collection starting...
2025-09-04 05:58:03,271 - music_tracker - INFO - Starting song collection (last 1 hours)
2025-09-04 05:58:03,272 - music_tracker - INFO - Fetching recent tracks from Spotify...
2025-09-04 05:58:03,797 - music_tracker - INFO - No recent songs found from Spotify
2025-09-04 05:58:03,799 - music_tracker - INFO - No new songs found from Spotify API
2025-09-04 05:58:03,799 - music_tracker - INFO - Song collection completed successfully
2025-09-04 06:58:02,781 - music_tracker - INFO - SpotiSpy song collection starting...
2025-09-04 06:58:02,781 - music_tracker - INFO - Starting song collection (last 1 hours)
2025-09-04 06:58:02,782 - music_tracker - INFO - Fetching recent tracks from Spotify...
2025-09-04 06:58:03,823 - music_tracker - INFO - No recent songs found from Spotify
2025-09-04 06:58:03,826 - music_tracker - INFO - No new songs found from Spotify API
2025-09-04 06:58:03,827 - music_tracker - INFO - Song collection completed successfully
2025-09-04 07:58:02,757 - music_tracker - INFO - SpotiSpy song collection starting...
2025-09-04 07:58:02,757 - music_tracker - INFO - Starting song collection (last 1 hours)
2025-09-04 07:58:02,758 - music_tracker - INFO - Fetching recent tracks from Spotify...
2025-09-04 07:58:03,549 - music_tracker - INFO - No recent songs found from Spotify
2025-09-04 07:58:03,552 - music_tracker - INFO - No new songs found from Spotify API
2025-09-04 07:58:03,553 - music_tracker - INFO - Song collection completed successfully
2025-09-04 08:58:03,682 - music_tracker - INFO - SpotiSpy song collection starting...
2025-09-04 08:58:03,683 - music_tracker - INFO - Starting song collection (last 1 hours)
2025-09-04 08:58:03,684 - music_tracker - INFO - Fetching recent tracks from Spotify...
2025-09-04 08:58:10,794 - music_tracker - INFO - Fetched 1 songs from Spotify
2025-09-04 08:58:10,797 - music_tracker - INFO - Found 1 songs from Spotify API
2025-09-04 08:58:10,798 - music_tracker - INFO - Checking for duplicates in database...
2025-09-04 08:58:14,861 - music_tracker - INFO - Found 1 new songs out of 1 total
2025-09-04 08:58:14,863 - music_tracker - INFO - Found 1 new songs to save
2025-09-04 08:58:14,864 - music_tracker - INFO - Saving songs to database...
2025-09-04 08:58:15,613 - music_tracker - INFO - Successfully saved 1 songs to database
2025-09-04 08:58:15,614 - music_tracker - INFO - Successfully saved 1 songs to database
2025-09-04 08:58:15,615 - music_tracker - INFO - Song collection completed successfully
2025-09-04 09:00:15,045 - music_tracker - INFO - SpotiSpy starting...
2025-09-04 09:00:15,046 - music_tracker - INFO - Starting daily SpotiSpy analysis
2025-09-04 09:00:15,047 - music_tracker - INFO - Fetching yesterday's listening data...
2025-09-04 09:00:15,869 - music_tracker - INFO - Fetched 151 songs from database
2025-09-04 09:00:15,871 - music_tracker - INFO - Found 151 songs to analyze
2025-09-04 09:00:15,872 - music_tracker - INFO - Running analysis...
2025-09-04 09:00:15,888 - music_tracker - INFO - Sending daily summary to Slack...
2025-09-04 09:00:16,968 - music_tracker - INFO - Message sent successfully to Slack
2025-09-04 09:00:16,968 - music_tracker - INFO - Daily analysis completed successfully!
2025-09-04 09:00:16,969 - music_tracker - INFO - SpotiSpy completed successfully
2025-09-04 09:58:02,868 - music_tracker - INFO - SpotiSpy song collection starting...
2025-09-04 09:58:02,868 - music_tracker - INFO - Starting song collection (last 1 hours)
2025-09-04 09:58:02,869 - music_tracker - INFO - Fetching recent tracks from Spotify...
2025-09-04 09:58:03,278 - music_tracker - INFO - Fetched 1 songs from Spotify
2025-09-04 09:58:03,280 - music_tracker - INFO - Found 1 songs from Spotify API
2025-09-04 09:58:03,281 - music_tracker - INFO - Checking for duplicates in database...
2025-09-04 09:58:04,549 - music_tracker - INFO - Found 1 new songs out of 1 total
2025-09-04 09:58:04,552 - music_tracker - INFO - Found 1 new songs to save
2025-09-04 09:58:04,552 - music_tracker - INFO - Saving songs to database...
2025-09-04 09:58:04,900 - music_tracker - INFO - Successfully saved 1 songs to database
2025-09-04 09:58:04,902 - music_tracker - INFO - Successfully saved 1 songs to database
2025-09-04 09:58:04,902 - music_tracker - INFO - Song collection completed successfully
2025-09-04 10:58:02,805 - music_tracker - INFO - SpotiSpy song collection starting...
2025-09-04 10:58:02,805 - music_tracker - INFO - Starting song collection (last 1 hours)
2025-09-04 10:58:02,806 - music_tracker - INFO - Fetching recent tracks from Spotify...
2025-09-04 10:58:03,209 - music_tracker - INFO - Fetched 3 songs from Spotify
2025-09-04 10:58:03,211 - music_tracker - INFO - Found 3 songs from Spotify API
2025-09-04 10:58:03,212 - music_tracker - INFO - Checking for duplicates in database...
2025-09-04 10:58:04,465 - music_tracker - INFO - Found 3 new songs out of 3 total
2025-09-04 10:58:04,467 - music_tracker - INFO - Found 3 new songs to save
2025-09-04 10:58:04,468 - music_tracker - INFO - Saving songs to database...
2025-09-04 10:58:05,411 - music_tracker - INFO - Successfully saved 3 songs to database
2025-09-04 10:58:05,413 - music_tracker - INFO - Successfully saved 3 songs to database
2025-09-04 10:58:05,414 - music_tracker - INFO - Song collection completed successfully
2025-09-04 11:58:03,345 - music_tracker - INFO - SpotiSpy song collection starting...
2025-09-04 11:58:03,346 - music_tracker - INFO - Starting song collection (last 1 hours)
2025-09-04 11:58:03,347 - music_tracker - INFO - Fetching recent tracks from Spotify...
2025-09-04 11:58:03,824 - music_tracker - INFO - Fetched 11 songs from Spotify
2025-09-04 11:58:03,827 - music_tracker - INFO - Found 11 songs from Spotify API
2025-09-04 11:58:03,827 - music_tracker - INFO - Checking for duplicates in database...
2025-09-04 11:58:05,257 - music_tracker - INFO - Found 11 new songs out of 11 total
2025-09-04 11:58:05,259 - music_tracker - INFO - Found 11 new songs to save
2025-09-04 11:58:05,260 - music_tracker - INFO - Saving songs to database...
2025-09-04 11:58:05,580 - music_tracker - INFO - Successfully saved 11 songs to database
2025-09-04 11:58:05,582 - music_tracker - INFO - Successfully saved 11 songs to database
2025-09-04 11:58:05,582 - music_tracker - INFO - Song collection completed successfully
2025-09-04 12:58:03,508 - music_tracker - INFO - SpotiSpy song collection starting...
2025-09-04 12:58:03,509 - music_tracker - INFO - Starting song collection (last 1 hours)
2025-09-04 12:58:03,510 - music_tracker - INFO - Fetching recent tracks from Spotify...
2025-09-04 12:58:03,941 - music_tracker - INFO - Fetched 8 songs from Spotify
2025-09-04 12:58:03,943 - music_tracker - INFO - Found 8 songs from Spotify API
2025-09-04 12:58:03,944 - music_tracker - INFO - Checking for duplicates in database...
2025-09-04 12:58:05,324 - music_tracker - INFO - Found 8 new songs out of 8 total
2025-09-04 12:58:05,326 - music_tracker - INFO - Found 8 new songs to save
2025-09-04 12:58:05,327 - music_tracker - INFO - Saving songs to database...
2025-09-04 12:58:05,699 - music_tracker - INFO - Successfully saved 8 songs to database
2025-09-04 12:58:05,701 - music_tracker - INFO - Successfully saved 8 songs to database
2025-09-04 12:58:05,702 - music_tracker - INFO - Song collection completed successfully
2025-09-04 13:58:02,610 - music_tracker - INFO - SpotiSpy song collection starting...
2025-09-04 13:58:02,610 - music_tracker - INFO - Starting song collection (last 1 hours)
2025-09-04 13:58:02,611 - music_tracker - INFO - Fetching recent tracks from Spotify...
2025-09-04 13:58:03,114 - music_tracker - INFO - Fetched 1 songs from Spotify
2025-09-04 13:58:03,116 - music_tracker - INFO - Found 1 songs from Spotify API
2025-09-04 13:58:03,117 - music_tracker - INFO - Checking for duplicates in database...
2025-09-04 13:58:04,400 - music_tracker - INFO - Found 1 new songs out of 1 total
2025-09-04 13:58:04,402 - music_tracker - INFO - Found 1 new songs to save
2025-09-04 13:58:04,403 - music_tracker - INFO - Saving songs to database...
2025-09-04 13:58:04,741 - music_tracker - INFO - Successfully saved 1 songs to database
2025-09-04 13:58:04,743 - music_tracker - INFO - Successfully saved 1 songs to database
2025-09-04 13:58:04,744 - music_tracker - INFO - Song collection completed successfully
2025-09-04 14:58:03,557 - music_tracker - INFO - SpotiSpy song collection starting...
2025-09-04 14:58:03,559 - music_tracker - INFO - Starting song collection (last 1 hours)
2025-09-04 14:58:03,559 - music_tracker - INFO - Fetching recent tracks from Spotify...
2025-09-04 14:58:03,923 - music_tracker - INFO - No recent songs found from Spotify
2025-09-04 14:58:03,926 - music_tracker - INFO - No new songs found from Spotify API
2025-09-04 14:58:03,926 - music_tracker - INFO - Song collection completed successfully
2025-09-04 15:58:02,831 - music_tracker - INFO - SpotiSpy song collection starting...
2025-09-04 15:58:02,831 - music_tracker - INFO - Starting song collection (last 1 hours)
2025-09-04 15:58:02,832 - music_tracker - INFO - Fetching recent tracks from Spotify...
2025-09-04 15:58:03,378 - music_tracker - INFO - Fetched 3 songs from Spotify
2025-09-04 15:58:03,381 - music_tracker - INFO - Found 3 songs from Spotify API
2025-09-04 15:58:03,381 - music_tracker - INFO - Checking for duplicates in database...
2025-09-04 15:58:04,573 - music_tracker - INFO - Found 3 new songs out of 3 total
2025-09-04 15:58:04,575 - music_tracker - INFO - Found 3 new songs to save
2025-09-04 15:58:04,576 - music_tracker - INFO - Saving songs to database...
2025-09-04 15:58:04,953 - music_tracker - INFO - Successfully saved 3 songs to database
2025-09-04 15:58:04,955 - music_tracker - INFO - Successfully saved 3 songs to database
2025-09-04 15:58:04,956 - music_tracker - INFO - Song collection completed successfully
2025-09-04 16:58:02,867 - music_tracker - INFO - SpotiSpy song collection starting...
2025-09-04 16:58:02,868 - music_tracker - INFO - Starting song collection (last 1 hours)
2025-09-04 16:58:02,869 - music_tracker - INFO - Fetching recent tracks from Spotify...
2025-09-04 16:58:03,382 - music_tracker - INFO - Fetched 16 songs from Spotify
2025-09-04 16:58:03,385 - music_tracker - INFO - Found 16 songs from Spotify API
2025-09-04 16:58:03,386 - music_tracker - INFO - Checking for duplicates in database...
2025-09-04 16:58:04,714 - music_tracker - INFO - Found 16 new songs out of 16 total
2025-09-04 16:58:04,717 - music_tracker - INFO - Found 16 new songs to save
2025-09-04 16:58:04,718 - music_tracker - INFO - Saving songs to database...
2025-09-04 16:58:05,124 - music_tracker - INFO - Successfully saved 16 songs to database
2025-09-04 16:58:05,126 - music_tracker - INFO - Successfully saved 16 songs to database
2025-09-04 16:58:05,127 - music_tracker - INFO - Song collection completed successfully
2025-09-04 17:58:03,040 - music_tracker - INFO - SpotiSpy song collection starting...
2025-09-04 17:58:03,041 - music_tracker - INFO - Starting song collection (last 1 hours)
2025-09-04 17:58:03,041 - music_tracker - INFO - Fetching recent tracks from Spotify...
2025-09-04 17:58:03,510 - music_tracker - INFO - Fetched 9 songs from Spotify
2025-09-04 17:58:03,513 - music_tracker - INFO - Found 9 songs from Spotify API
2025-09-04 17:58:03,513 - music_tracker - INFO - Checking for duplicates in database...
2025-09-04 17:58:04,901 - music_tracker - INFO - Found 9 new songs out of 9 total
2025-09-04 17:58:04,903 - music_tracker - INFO - Found 9 new songs to save
2025-09-04 17:58:04,904 - music_tracker - INFO - Saving songs to database...
2025-09-04 17:58:05,274 - music_tracker - INFO - Successfully saved 9 songs to database
2025-09-04 17:58:05,276 - music_tracker - INFO - Successfully saved 9 songs to database
2025-09-04 17:58:05,277 - music_tracker - INFO - Song collection completed successfully
2025-09-04 18:58:03,216 - music_tracker - INFO - SpotiSpy song collection starting...
2025-09-04 18:58:03,217 - music_tracker - INFO - Starting song collection (last 1 hours)
2025-09-04 18:58:03,218 - music_tracker - INFO - Fetching recent tracks from Spotify...
2025-09-04 18:58:08,719 - music_tracker - INFO - Fetched 4 songs from Spotify
2025-09-04 18:58:08,722 - music_tracker - INFO - Found 4 songs from Spotify API
2025-09-04 18:58:08,723 - music_tracker - INFO - Checking for duplicates in database...
2025-09-04 18:58:09,499 - music_tracker - INFO - Found 4 new songs out of 4 total
2025-09-04 18:58:09,501 - music_tracker - INFO - Found 4 new songs to save
2025-09-04 18:58:09,502 - music_tracker - INFO - Saving songs to database...
2025-09-04 18:58:09,901 - music_tracker - INFO - Successfully saved 4 songs to database
2025-09-04 18:58:09,903 - music_tracker - INFO - Successfully saved 4 songs to database
2025-09-04 18:58:09,903 - music_tracker - INFO - Song collection completed successfully
2025-09-04 19:58:02,799 - music_tracker - INFO - SpotiSpy song collection starting...
2025-09-04 19:58:02,800 - music_tracker - INFO - Starting song collection (last 1 hours)
2025-09-04 19:58:02,801 - music_tracker - INFO - Fetching recent tracks from Spotify...
2025-09-04 19:58:03,190 - music_tracker - INFO - No recent songs found from Spotify
2025-09-04 19:58:03,192 - music_tracker - INFO - No new songs found from Spotify API
2025-09-04 19:58:03,193 - music_tracker - INFO - Song collection completed successfully
2025-09-04 20:58:03,090 - music_tracker - INFO - SpotiSpy song collection starting...
2025-09-04 20:58:03,090 - music_tracker - INFO - Starting song collection (last 1 hours)
2025-09-04 20:58:03,091 - music_tracker - INFO - Fetching recent tracks from Spotify...
2025-09-04 20:58:03,679 - music_tracker - INFO - Fetched 4 songs from Spotify
2025-09-04 20:58:03,681 - music_tracker - INFO - Found 4 songs from Spotify API
2025-09-04 20:58:03,682 - music_tracker - INFO - Checking for duplicates in database...
2025-09-04 20:58:05,269 - music_tracker - INFO - Found 4 new songs out of 4 total
2025-09-04 20:58:05,271 - music_tracker - INFO - Found 4 new songs to save
2025-09-04 20:58:05,272 - music_tracker - INFO - Saving songs to database...
2025-09-04 20:58:05,640 - music_tracker - INFO - Successfully saved 4 songs to database
2025-09-04 20:58:05,642 - music_tracker - INFO - Successfully saved 4 songs to database
2025-09-04 20:58:05,642 - music_tracker - INFO - Song collection completed successfully
2025-09-04 21:58:03,566 - music_tracker - INFO - SpotiSpy song collection starting...
2025-09-04 21:58:03,567 - music_tracker - INFO - Starting song collection (last 1 hours)
2025-09-04 21:58:03,568 - music_tracker - INFO - Fetching recent tracks from Spotify...
2025-09-04 21:58:03,996 - music_tracker - INFO - Fetched 12 songs from Spotify
2025-09-04 21:58:03,999 - music_tracker - INFO - Found 12 songs from Spotify API
2025-09-04 21:58:03,999 - music_tracker - INFO - Checking for duplicates in database...
2025-09-04 21:58:04,838 - music_tracker - INFO - Found 12 new songs out of 12 total
2025-09-04 21:58:04,840 - music_tracker - INFO - Found 12 new songs to save
2025-09-04 21:58:04,840 - music_tracker - INFO - Saving songs to database...
2025-09-04 21:58:05,146 - music_tracker - INFO - Successfully saved 12 songs to database
2025-09-04 21:58:05,148 - music_tracker - INFO - Successfully saved 12 songs to database
2025-09-04 21:58:05,149 - music_tracker - INFO - Song collection completed successfully
2025-09-04 22:58:03,072 - music_tracker - INFO - SpotiSpy song collection starting...
2025-09-04 22:58:03,073 - music_tracker - INFO - Starting song collection (last 1 hours)
2025-09-04 22:58:03,074 - music_tracker - INFO - Fetching recent tracks from Spotify...
2025-09-04 22:58:03,535 - music_tracker - INFO - Fetched 10 songs from Spotify
2025-09-04 22:58:03,538 - music_tracker - INFO - Found 10 songs from Spotify API
2025-09-04 22:58:03,539 - music_tracker - INFO - Checking for duplicates in database...
2025-09-04 22:58:04,288 - music_tracker - INFO - Found 10 new songs out of 10 total
2025-09-04 22:58:04,290 - music_tracker - INFO - Found 10 new songs to save
2025-09-04 22:58:04,291 - music_tracker - INFO - Saving songs to database...
2025-09-04 22:58:04,682 - music_tracker - INFO - Successfully saved 10 songs to database
2025-09-04 22:58:04,684 - music_tracker - INFO - Successfully saved 10 songs to database
2025-09-04 22:58:04,685 - music_tracker - INFO - Song collection completed successfully
2025-09-04 23:58:02,590 - music_tracker - INFO - SpotiSpy song collection starting...
2025-09-04 23:58:02,590 - music_tracker - INFO - Starting song collection (last 1 hours)
2025-09-04 23:58:02,591 - music_tracker - INFO - Fetching recent tracks from Spotify...
2025-09-04 23:58:03,088 - music_tracker - INFO - Fetched 15 songs from Spotify
2025-09-04 23:58:03,091 - music_tracker - INFO - Found 15 songs from Spotify API
2025-09-04 23:58:03,092 - music_tracker - INFO - Checking for duplicates in database...
2025-09-04 23:58:04,055 - music_tracker - INFO - Found 15 new songs out of 15 total
2025-09-04 23:58:04,057 - music_tracker - INFO - Found 15 new songs to save
2025-09-04 23:58:04,058 - music_tracker - INFO - Saving songs to database...
2025-09-04 23:58:04,482 - music_tracker - INFO - Successfully saved 15 songs to database
2025-09-04 23:58:04,485 - music_tracker - INFO - Successfully saved 15 songs to database
2025-09-04 23:58:04,485 - music_tracker - INFO - Song collection completed successfully
