2025-05-04 00:05:50,550 - music_tracker - INFO - Starting music tracker analysis
2025-05-04 00:05:50,550 - music_tracker - INFO - Fetching excel data
2025-05-04 00:05:50,550 - music_tracker - INFO - Running top listens analysis
2025-05-04 00:05:50,550 - music_tracker - INFO - Calculating top songs listens
2025-05-04 00:05:50,550 - music_tracker - ERROR - Error in top_listens for songs: 'NoneType' object is not subscriptable
2025-05-04 00:05:50,550 - music_tracker - ERROR - Unexpected TypeError error: 'NoneType' object is not subscriptable
Traceback (most recent call last):
  File "/Users/justinreynolds/Documents/SpotiSpy/send_analysis.py", line 125, in <module>
    top_listens(data, 'songs', 'listens')
  File "/Users/justinreynolds/Documents/SpotiSpy/send_analysis.py", line 13, in top_listens
    music_list[f'multiple_listened_{item}'].items(), key=lambda x: x[1], reverse=True)
    ~~~~~~~~~~^^^^^^^^^^^^^^^^^^^^^^^^^^^^^
TypeError: 'NoneType' object is not subscriptable
2025-05-04 00:09:20,797 - music_tracker - INFO - Starting music tracker analysis
2025-05-04 00:09:20,797 - music_tracker - INFO - Fetching excel data
2025-05-04 00:09:20,797 - music_tracker - INFO - Running top listens analysis
2025-05-04 00:09:20,797 - music_tracker - INFO - Calculating top songs listens
2025-05-04 00:09:20,797 - music_tracker - ERROR - Error in top_listens for songs: 'NoneType' object is not subscriptable
2025-05-04 00:09:20,797 - music_tracker - ERROR - Unexpected TypeError error: 'NoneType' object is not subscriptable
Traceback (most recent call last):
  File "/Users/justinreynolds/Documents/SpotiSpy/send_analysis.py", line 125, in <module>
    top_listens(data, 'songs', 'listens')
  File "/Users/justinreynolds/Documents/SpotiSpy/send_analysis.py", line 13, in top_listens
    music_list[f'multiple_listened_{item}'].items(), key=lambda x: x[1], reverse=True)
    ~~~~~~~~~~^^^^^^^^^^^^^^^^^^^^^^^^^^^^^
TypeError: 'NoneType' object is not subscriptable
2025-05-04 00:12:04,779 - music_tracker - INFO - Starting daily music tracker analysis
2025-05-04 00:12:04,780 - music_tracker - INFO - Fetching summarized Excel data
2025-05-04 00:12:04,780 - music_tracker - WARNING - No data returned from summarized_excel_object
2025-05-04 00:12:04,780 - music_tracker - ERROR - Value error: No music data found
Traceback (most recent call last):
  File "/Users/justinreynolds/Documents/SpotiSpy/send_analysis.py", line 150, in <module>
    raise ValueError("No music data found")
ValueError: No music data found
2025-05-04 00:14:10,513 - music_tracker - INFO - Starting daily music tracker analysis
2025-05-04 00:14:10,513 - music_tracker - INFO - Fetching summarized Excel data
2025-05-04 00:14:10,513 - music_tracker - INFO - No music data found; exiting gracefully.
