2025-05-28 00:58:07,147 - music_tracker - INFO - Uploading 1 song
2025-05-28 01:58:08,233 - music_tracker - INFO - Zero songs listened to
2025-05-28 01:58:08,234 - music_tracker - INFO - No songs uploaded.
2025-05-28 02:58:08,453 - music_tracker - INFO - Zero songs listened to
2025-05-28 02:58:08,453 - music_tracker - INFO - No songs uploaded.
2025-05-28 03:58:07,822 - music_tracker - INFO - Zero songs listened to
2025-05-28 03:58:07,826 - music_tracker - INFO - No songs uploaded.
2025-05-28 04:58:07,026 - music_tracker - INFO - Zero songs listened to
2025-05-28 04:58:07,027 - music_tracker - INFO - No songs uploaded.
2025-05-28 05:58:07,137 - music_tracker - INFO - Zero songs listened to
2025-05-28 05:58:07,137 - music_tracker - INFO - No songs uploaded.
2025-05-28 06:58:06,941 - music_tracker - INFO - Zero songs listened to
2025-05-28 06:58:06,941 - music_tracker - INFO - No songs uploaded.
2025-05-28 07:58:06,685 - music_tracker - INFO - Zero songs listened to
2025-05-28 07:58:06,686 - music_tracker - INFO - No songs uploaded.
2025-05-28 08:58:07,434 - music_tracker - INFO - Zero songs listened to
2025-05-28 08:58:07,435 - music_tracker - INFO - No songs uploaded.
2025-05-28 09:00:11,854 - music_tracker - INFO - Starting music tracker analysis
2025-05-28 09:00:11,854 - music_tracker - INFO - Fetching data
2025-05-28 09:00:12,906 - music_tracker - INFO - Fetched 79 recent songs
2025-05-28 09:00:12,913 - music_tracker - INFO - Running top listens analysis
2025-05-28 09:00:12,913 - music_tracker - INFO - Calculating top songs listens
2025-05-28 09:00:12,914 - music_tracker - INFO - Sending message with top 3 songs
2025-05-28 09:00:13,670 - music_tracker - INFO - Message successfully sent!
2025-05-28 09:00:13,671 - music_tracker - INFO - Calculating top albums listens
2025-05-28 09:00:13,671 - music_tracker - INFO - Sending message with top 3 albums
2025-05-28 09:00:14,762 - music_tracker - INFO - Message successfully sent!
2025-05-28 09:00:14,762 - music_tracker - INFO - Calculating top artists listens
2025-05-28 09:00:14,763 - music_tracker - INFO - Sending message with top 3 artists
2025-05-28 09:00:15,444 - music_tracker - INFO - Message successfully sent!
2025-05-28 09:00:15,444 - music_tracker - INFO - Running popularity and listening hours analysis
2025-05-28 09:00:15,445 - music_tracker - INFO - Finding most popular track
2025-05-28 09:00:15,445 - music_tracker - INFO - Most popular song found: Rose-Colored Boy with score 69
2025-05-28 09:00:16,166 - music_tracker - INFO - Message successfully sent!
2025-05-28 09:00:16,166 - music_tracker - INFO - Calculating most listened hour
2025-05-28 09:00:16,167 - music_tracker - INFO - Most listened hour: 22:00 with 54:20
2025-05-28 09:00:16,815 - music_tracker - INFO - Message successfully sent!
2025-05-28 09:00:16,816 - music_tracker - INFO - Analysis completed successfully

2025-05-28 09:58:07,488 - music_tracker - INFO -   Supabase error: Status 400, {"code":"22007","details":null,"hint":null,"message":"invalid input syntax for type date: \"2012\""}
2025-05-28 09:58:07,491 - music_tracker - INFO - No songs uploaded.
2025-05-28 10:58:10,698 - music_tracker - INFO - Uploading 13 songs
2025-05-28 11:58:10,123 - music_tracker - INFO - Uploading 13 songs
2025-05-28 12:58:09,618 - music_tracker - INFO - Uploading 9 songs
2025-05-28 13:58:11,626 - music_tracker - INFO - Uploading 16 songs
2025-05-28 14:58:10,164 - music_tracker - INFO - Uploading 11 songs
2025-05-28 15:58:11,758 - music_tracker - INFO - Uploading 14 songs
2025-05-28 16:58:09,321 - music_tracker - INFO - Uploading 10 songs
2025-05-28 17:58:07,088 - music_tracker - INFO - Zero songs listened to
2025-05-28 17:58:07,089 - music_tracker - INFO - No songs uploaded.
2025-05-28 18:58:07,221 - music_tracker - INFO - Zero songs listened to
2025-05-28 18:58:07,222 - music_tracker - INFO - No songs uploaded.
2025-05-28 19:58:11,303 - music_tracker - INFO -   Supabase error: Status 400, {"code":"22007","details":null,"hint":null,"message":"invalid input syntax for type date: \"2012\""}
2025-05-28 19:58:11,306 - music_tracker - INFO - No songs uploaded.
2025-05-28 20:58:07,866 - music_tracker - INFO - Uploading 1 song
2025-05-28 21:58:10,228 - music_tracker - INFO - Uploading 2 songs
2025-05-28 22:58:08,157 - music_tracker - INFO - Zero songs listened to
2025-05-28 22:58:08,160 - music_tracker - INFO - No songs uploaded.
2025-05-28 23:58:07,503 - music_tracker - INFO - Zero songs listened to
2025-05-28 23:58:07,504 - music_tracker - INFO - No songs uploaded.
