2025-09-20 00:58:02,843 - music_tracker - INFO - SpotiSpy song collection starting...
2025-09-20 00:58:02,844 - music_tracker - INFO - Starting song collection (last 1 hours)
2025-09-20 00:58:02,844 - music_tracker - INFO - Fetching recent tracks from Spotify...
2025-09-20 00:58:03,420 - music_tracker - INFO - Fetched 8 songs from Spotify
2025-09-20 00:58:03,423 - music_tracker - INFO - Found 8 songs from Spotify API
2025-09-20 00:58:03,423 - music_tracker - INFO - Checking for duplicates in database...
2025-09-20 00:58:04,610 - music_tracker - INFO - Found 8 new songs out of 8 total
2025-09-20 00:58:04,612 - music_tracker - INFO - Found 8 new songs to save
2025-09-20 00:58:04,613 - music_tracker - INFO - Saving songs to database...
2025-09-20 00:58:04,961 - music_tracker - INFO - Successfully saved 8 songs to database
2025-09-20 00:58:04,963 - music_tracker - INFO - Successfully saved 8 songs to database
2025-09-20 00:58:04,964 - music_tracker - INFO - Song collection completed successfully
2025-09-20 01:58:02,923 - music_tracker - INFO - SpotiSpy song collection starting...
2025-09-20 01:58:02,923 - music_tracker - INFO - Starting song collection (last 1 hours)
2025-09-20 01:58:02,924 - music_tracker - INFO - Fetching recent tracks from Spotify...
2025-09-20 01:58:03,273 - music_tracker - INFO - No recent songs found from Spotify
2025-09-20 01:58:03,276 - music_tracker - INFO - No new songs found from Spotify API
2025-09-20 01:58:03,276 - music_tracker - INFO - Song collection completed successfully
2025-09-20 02:58:03,174 - music_tracker - INFO - SpotiSpy song collection starting...
2025-09-20 02:58:03,174 - music_tracker - INFO - Starting song collection (last 1 hours)
2025-09-20 02:58:03,175 - music_tracker - INFO - Fetching recent tracks from Spotify...
2025-09-20 02:58:03,546 - music_tracker - INFO - No recent songs found from Spotify
2025-09-20 02:58:03,548 - music_tracker - INFO - No new songs found from Spotify API
2025-09-20 02:58:03,549 - music_tracker - INFO - Song collection completed successfully
2025-09-20 03:58:03,544 - music_tracker - INFO - SpotiSpy song collection starting...
2025-09-20 03:58:03,546 - music_tracker - INFO - Starting song collection (last 1 hours)
2025-09-20 03:58:03,547 - music_tracker - INFO - Fetching recent tracks from Spotify...
2025-09-20 03:58:03,946 - music_tracker - INFO - No recent songs found from Spotify
2025-09-20 03:58:03,948 - music_tracker - INFO - No new songs found from Spotify API
2025-09-20 03:58:03,949 - music_tracker - INFO - Song collection completed successfully
2025-09-20 04:58:02,870 - music_tracker - INFO - SpotiSpy song collection starting...
2025-09-20 04:58:02,871 - music_tracker - INFO - Starting song collection (last 1 hours)
2025-09-20 04:58:02,872 - music_tracker - INFO - Fetching recent tracks from Spotify...
2025-09-20 04:58:03,207 - music_tracker - INFO - No recent songs found from Spotify
2025-09-20 04:58:03,209 - music_tracker - INFO - No new songs found from Spotify API
2025-09-20 04:58:03,210 - music_tracker - INFO - Song collection completed successfully
2025-09-20 05:58:03,269 - music_tracker - INFO - SpotiSpy song collection starting...
2025-09-20 05:58:03,270 - music_tracker - INFO - Starting song collection (last 1 hours)
2025-09-20 05:58:03,271 - music_tracker - INFO - Fetching recent tracks from Spotify...
2025-09-20 05:58:03,642 - music_tracker - INFO - No recent songs found from Spotify
2025-09-20 05:58:03,644 - music_tracker - INFO - No new songs found from Spotify API
2025-09-20 05:58:03,644 - music_tracker - INFO - Song collection completed successfully
2025-09-20 06:58:02,760 - music_tracker - INFO - SpotiSpy song collection starting...
2025-09-20 06:58:02,760 - music_tracker - INFO - Starting song collection (last 1 hours)
2025-09-20 06:58:02,761 - music_tracker - INFO - Fetching recent tracks from Spotify...
2025-09-20 06:58:03,121 - music_tracker - INFO - No recent songs found from Spotify
2025-09-20 06:58:03,123 - music_tracker - INFO - No new songs found from Spotify API
2025-09-20 06:58:03,123 - music_tracker - INFO - Song collection completed successfully
2025-09-20 07:58:03,025 - music_tracker - INFO - SpotiSpy song collection starting...
2025-09-20 07:58:03,026 - music_tracker - INFO - Starting song collection (last 1 hours)
2025-09-20 07:58:03,027 - music_tracker - INFO - Fetching recent tracks from Spotify...
2025-09-20 07:58:03,386 - music_tracker - INFO - No recent songs found from Spotify
2025-09-20 07:58:03,389 - music_tracker - INFO - No new songs found from Spotify API
2025-09-20 07:58:03,389 - music_tracker - INFO - Song collection completed successfully
2025-09-20 08:58:03,285 - music_tracker - INFO - SpotiSpy song collection starting...
2025-09-20 08:58:03,286 - music_tracker - INFO - Starting song collection (last 1 hours)
2025-09-20 08:58:03,286 - music_tracker - INFO - Fetching recent tracks from Spotify...
2025-09-20 08:58:03,917 - music_tracker - INFO - No recent songs found from Spotify
2025-09-20 08:58:03,919 - music_tracker - INFO - No new songs found from Spotify API
2025-09-20 08:58:03,919 - music_tracker - INFO - Song collection completed successfully
2025-09-20 09:00:12,290 - music_tracker - INFO - SpotiSpy starting...
2025-09-20 09:00:12,291 - music_tracker - INFO - Starting daily SpotiSpy analysis
2025-09-20 09:00:12,291 - music_tracker - INFO - Fetching yesterday's listening data...
2025-09-20 09:00:13,865 - music_tracker - INFO - Fetched 116 songs from database
2025-09-20 09:00:13,868 - music_tracker - INFO - Found 116 songs to analyze
2025-09-20 09:00:13,868 - music_tracker - INFO - Running analysis...
2025-09-20 09:00:13,883 - music_tracker - INFO - Sending daily summary to Slack...
2025-09-20 09:00:14,646 - music_tracker - INFO - Message sent successfully to Slack
2025-09-20 09:00:14,647 - music_tracker - INFO - Daily analysis completed successfully!
2025-09-20 09:00:14,648 - music_tracker - INFO - SpotiSpy completed successfully
2025-09-20 09:58:04,706 - music_tracker - INFO - SpotiSpy song collection starting...
2025-09-20 09:58:04,707 - music_tracker - INFO - Starting song collection (last 1 hours)
2025-09-20 09:58:04,708 - music_tracker - INFO - Fetching recent tracks from Spotify...
2025-09-20 09:58:05,376 - music_tracker - INFO - Fetched 14 songs from Spotify
2025-09-20 09:58:05,380 - music_tracker - INFO - Found 14 songs from Spotify API
2025-09-20 09:58:05,381 - music_tracker - INFO - Checking for duplicates in database...
2025-09-20 09:58:06,752 - music_tracker - INFO - Found 14 new songs out of 14 total
2025-09-20 09:58:06,754 - music_tracker - INFO - Found 14 new songs to save
2025-09-20 09:58:06,755 - music_tracker - INFO - Saving songs to database...
2025-09-20 09:58:07,204 - music_tracker - INFO - Successfully saved 14 songs to database
2025-09-20 09:58:07,206 - music_tracker - INFO - Successfully saved 14 songs to database
2025-09-20 09:58:07,208 - music_tracker - INFO - Song collection completed successfully
2025-09-20 10:58:03,147 - music_tracker - INFO - SpotiSpy song collection starting...
2025-09-20 10:58:03,148 - music_tracker - INFO - Starting song collection (last 1 hours)
2025-09-20 10:58:03,149 - music_tracker - INFO - Fetching recent tracks from Spotify...
2025-09-20 10:58:03,862 - music_tracker - INFO - Fetched 15 songs from Spotify
2025-09-20 10:58:03,865 - music_tracker - INFO - Found 15 songs from Spotify API
2025-09-20 10:58:03,866 - music_tracker - INFO - Checking for duplicates in database...
2025-09-20 10:58:05,133 - music_tracker - INFO - Found 15 new songs out of 15 total
2025-09-20 10:58:05,135 - music_tracker - INFO - Found 15 new songs to save
2025-09-20 10:58:05,136 - music_tracker - INFO - Saving songs to database...
2025-09-20 10:58:05,461 - music_tracker - INFO - Successfully saved 15 songs to database
2025-09-20 10:58:05,463 - music_tracker - INFO - Successfully saved 15 songs to database
2025-09-20 10:58:05,464 - music_tracker - INFO - Song collection completed successfully
2025-09-20 11:58:03,388 - music_tracker - INFO - SpotiSpy song collection starting...
2025-09-20 11:58:03,388 - music_tracker - INFO - Starting song collection (last 1 hours)
2025-09-20 11:58:03,389 - music_tracker - INFO - Fetching recent tracks from Spotify...
2025-09-20 11:58:03,875 - music_tracker - INFO - Fetched 12 songs from Spotify
2025-09-20 11:58:03,877 - music_tracker - INFO - Found 12 songs from Spotify API
2025-09-20 11:58:03,878 - music_tracker - INFO - Checking for duplicates in database...
2025-09-20 11:58:05,190 - music_tracker - INFO - Found 12 new songs out of 12 total
2025-09-20 11:58:05,192 - music_tracker - INFO - Found 12 new songs to save
2025-09-20 11:58:05,193 - music_tracker - INFO - Saving songs to database...
2025-09-20 11:58:05,630 - music_tracker - INFO - Successfully saved 12 songs to database
2025-09-20 11:58:05,632 - music_tracker - INFO - Successfully saved 12 songs to database
2025-09-20 11:58:05,633 - music_tracker - INFO - Song collection completed successfully
2025-09-20 12:58:03,548 - music_tracker - INFO - SpotiSpy song collection starting...
2025-09-20 12:58:03,549 - music_tracker - INFO - Starting song collection (last 1 hours)
2025-09-20 12:58:03,549 - music_tracker - INFO - Fetching recent tracks from Spotify...
2025-09-20 12:58:04,192 - music_tracker - INFO - Fetched 17 songs from Spotify
2025-09-20 12:58:04,196 - music_tracker - INFO - Found 17 songs from Spotify API
2025-09-20 12:58:04,197 - music_tracker - INFO - Checking for duplicates in database...
2025-09-20 12:58:05,302 - music_tracker - INFO - Found 17 new songs out of 17 total
2025-09-20 12:58:05,304 - music_tracker - INFO - Found 17 new songs to save
2025-09-20 12:58:05,305 - music_tracker - INFO - Saving songs to database...
2025-09-20 12:58:05,729 - music_tracker - INFO - Successfully saved 17 songs to database
2025-09-20 12:58:05,731 - music_tracker - INFO - Successfully saved 17 songs to database
2025-09-20 12:58:05,732 - music_tracker - INFO - Song collection completed successfully
2025-09-20 13:58:02,634 - music_tracker - INFO - SpotiSpy song collection starting...
2025-09-20 13:58:02,634 - music_tracker - INFO - Starting song collection (last 1 hours)
2025-09-20 13:58:02,635 - music_tracker - INFO - Fetching recent tracks from Spotify...
2025-09-20 13:58:03,307 - music_tracker - INFO - Fetched 4 songs from Spotify
2025-09-20 13:58:03,310 - music_tracker - INFO - Found 4 songs from Spotify API
2025-09-20 13:58:03,311 - music_tracker - INFO - Checking for duplicates in database...
2025-09-20 13:58:04,728 - music_tracker - INFO - Found 4 new songs out of 4 total
2025-09-20 13:58:04,730 - music_tracker - INFO - Found 4 new songs to save
2025-09-20 13:58:04,731 - music_tracker - INFO - Saving songs to database...
2025-09-20 13:58:05,084 - music_tracker - INFO - Successfully saved 4 songs to database
2025-09-20 13:58:05,087 - music_tracker - INFO - Successfully saved 4 songs to database
2025-09-20 13:58:05,087 - music_tracker - INFO - Song collection completed successfully
2025-09-20 14:58:03,019 - music_tracker - INFO - SpotiSpy song collection starting...
2025-09-20 14:58:03,019 - music_tracker - INFO - Starting song collection (last 1 hours)
2025-09-20 14:58:03,020 - music_tracker - INFO - Fetching recent tracks from Spotify...
2025-09-20 14:58:03,752 - music_tracker - INFO - Fetched 13 songs from Spotify
2025-09-20 14:58:03,756 - music_tracker - INFO - Found 13 songs from Spotify API
2025-09-20 14:58:03,757 - music_tracker - INFO - Checking for duplicates in database...
2025-09-20 14:58:04,972 - music_tracker - INFO - Found 13 new songs out of 13 total
2025-09-20 14:58:04,975 - music_tracker - INFO - Found 13 new songs to save
2025-09-20 14:58:04,976 - music_tracker - INFO - Saving songs to database...
2025-09-20 14:58:05,326 - music_tracker - INFO - Successfully saved 13 songs to database
2025-09-20 14:58:05,328 - music_tracker - INFO - Successfully saved 13 songs to database
2025-09-20 14:58:05,329 - music_tracker - INFO - Song collection completed successfully
2025-09-20 15:58:03,239 - music_tracker - INFO - SpotiSpy song collection starting...
2025-09-20 15:58:03,239 - music_tracker - INFO - Starting song collection (last 1 hours)
2025-09-20 15:58:03,240 - music_tracker - INFO - Fetching recent tracks from Spotify...
2025-09-20 15:58:03,644 - music_tracker - INFO - Fetched 3 songs from Spotify
2025-09-20 15:58:03,646 - music_tracker - INFO - Found 3 songs from Spotify API
2025-09-20 15:58:03,647 - music_tracker - INFO - Checking for duplicates in database...
2025-09-20 15:58:04,860 - music_tracker - INFO - Found 3 new songs out of 3 total
2025-09-20 15:58:04,862 - music_tracker - INFO - Found 3 new songs to save
2025-09-20 15:58:04,863 - music_tracker - INFO - Saving songs to database...
2025-09-20 15:58:05,202 - music_tracker - INFO - Successfully saved 3 songs to database
2025-09-20 15:58:05,204 - music_tracker - INFO - Successfully saved 3 songs to database
2025-09-20 15:58:05,205 - music_tracker - INFO - Song collection completed successfully
2025-09-20 16:58:03,125 - music_tracker - INFO - SpotiSpy song collection starting...
2025-09-20 16:58:03,126 - music_tracker - INFO - Starting song collection (last 1 hours)
2025-09-20 16:58:03,127 - music_tracker - INFO - Fetching recent tracks from Spotify...
2025-09-20 16:58:03,593 - music_tracker - INFO - Fetched 3 songs from Spotify
2025-09-20 16:58:03,595 - music_tracker - INFO - Found 3 songs from Spotify API
2025-09-20 16:58:03,596 - music_tracker - INFO - Checking for duplicates in database...
2025-09-20 16:58:04,549 - music_tracker - INFO - Found 3 new songs out of 3 total
2025-09-20 16:58:04,551 - music_tracker - INFO - Found 3 new songs to save
2025-09-20 16:58:04,552 - music_tracker - INFO - Saving songs to database...
2025-09-20 16:58:04,872 - music_tracker - INFO - Successfully saved 3 songs to database
2025-09-20 16:58:04,874 - music_tracker - INFO - Successfully saved 3 songs to database
2025-09-20 16:58:04,875 - music_tracker - INFO - Song collection completed successfully
2025-09-20 17:58:02,786 - music_tracker - INFO - SpotiSpy song collection starting...
2025-09-20 17:58:02,787 - music_tracker - INFO - Starting song collection (last 1 hours)
2025-09-20 17:58:02,787 - music_tracker - INFO - Fetching recent tracks from Spotify...
2025-09-20 17:58:03,179 - music_tracker - INFO - No recent songs found from Spotify
2025-09-20 17:58:03,181 - music_tracker - INFO - No new songs found from Spotify API
2025-09-20 17:58:03,182 - music_tracker - INFO - Song collection completed successfully
2025-09-20 18:58:03,069 - music_tracker - INFO - SpotiSpy song collection starting...
2025-09-20 18:58:03,070 - music_tracker - INFO - Starting song collection (last 1 hours)
2025-09-20 18:58:03,071 - music_tracker - INFO - Fetching recent tracks from Spotify...
2025-09-20 18:58:03,677 - music_tracker - INFO - Fetched 14 songs from Spotify
2025-09-20 18:58:03,679 - music_tracker - INFO - Found 14 songs from Spotify API
2025-09-20 18:58:03,680 - music_tracker - INFO - Checking for duplicates in database...
2025-09-20 18:58:05,081 - music_tracker - INFO - Found 14 new songs out of 14 total
2025-09-20 18:58:05,083 - music_tracker - INFO - Found 14 new songs to save
2025-09-20 18:58:05,084 - music_tracker - INFO - Saving songs to database...
2025-09-20 18:58:05,448 - music_tracker - INFO - Successfully saved 14 songs to database
2025-09-20 18:58:05,450 - music_tracker - INFO - Successfully saved 14 songs to database
2025-09-20 18:58:05,451 - music_tracker - INFO - Song collection completed successfully
2025-09-20 19:58:03,369 - music_tracker - INFO - SpotiSpy song collection starting...
2025-09-20 19:58:03,370 - music_tracker - INFO - Starting song collection (last 1 hours)
2025-09-20 19:58:03,370 - music_tracker - INFO - Fetching recent tracks from Spotify...
2025-09-20 19:58:03,951 - music_tracker - INFO - Fetched 16 songs from Spotify
2025-09-20 19:58:03,954 - music_tracker - INFO - Found 16 songs from Spotify API
2025-09-20 19:58:03,955 - music_tracker - INFO - Checking for duplicates in database...
2025-09-20 19:58:04,966 - music_tracker - INFO - Found 16 new songs out of 16 total
2025-09-20 19:58:04,968 - music_tracker - INFO - Found 16 new songs to save
2025-09-20 19:58:04,969 - music_tracker - INFO - Saving songs to database...
2025-09-20 19:58:05,300 - music_tracker - INFO - Successfully saved 16 songs to database
2025-09-20 19:58:05,302 - music_tracker - INFO - Successfully saved 16 songs to database
2025-09-20 19:58:05,303 - music_tracker - INFO - Song collection completed successfully
2025-09-20 20:58:03,221 - music_tracker - INFO - SpotiSpy song collection starting...
2025-09-20 20:58:03,221 - music_tracker - INFO - Starting song collection (last 1 hours)
2025-09-20 20:58:03,222 - music_tracker - INFO - Fetching recent tracks from Spotify...
2025-09-20 20:58:03,959 - music_tracker - INFO - Fetched 3 songs from Spotify
2025-09-20 20:58:03,962 - music_tracker - INFO - Found 3 songs from Spotify API
2025-09-20 20:58:03,963 - music_tracker - INFO - Checking for duplicates in database...
2025-09-20 20:58:04,974 - music_tracker - INFO - Found 3 new songs out of 3 total
2025-09-20 20:58:04,977 - music_tracker - INFO - Found 3 new songs to save
2025-09-20 20:58:04,978 - music_tracker - INFO - Saving songs to database...
2025-09-20 20:58:05,338 - music_tracker - INFO - Successfully saved 3 songs to database
2025-09-20 20:58:05,340 - music_tracker - INFO - Successfully saved 3 songs to database
2025-09-20 20:58:05,341 - music_tracker - INFO - Song collection completed successfully
2025-09-20 21:58:03,268 - music_tracker - INFO - SpotiSpy song collection starting...
2025-09-20 21:58:03,268 - music_tracker - INFO - Starting song collection (last 1 hours)
2025-09-20 21:58:03,269 - music_tracker - INFO - Fetching recent tracks from Spotify...
2025-09-20 21:58:03,627 - music_tracker - INFO - No recent songs found from Spotify
2025-09-20 21:58:03,629 - music_tracker - INFO - No new songs found from Spotify API
2025-09-20 21:58:03,629 - music_tracker - INFO - Song collection completed successfully
2025-09-20 22:58:03,532 - music_tracker - INFO - SpotiSpy song collection starting...
2025-09-20 22:58:03,532 - music_tracker - INFO - Starting song collection (last 1 hours)
2025-09-20 22:58:03,533 - music_tracker - INFO - Fetching recent tracks from Spotify...
2025-09-20 22:58:03,925 - music_tracker - INFO - No recent songs found from Spotify
2025-09-20 22:58:03,928 - music_tracker - INFO - No new songs found from Spotify API
2025-09-20 22:58:03,928 - music_tracker - INFO - Song collection completed successfully
2025-09-20 23:58:02,817 - music_tracker - INFO - SpotiSpy song collection starting...
2025-09-20 23:58:02,817 - music_tracker - INFO - Starting song collection (last 1 hours)
2025-09-20 23:58:02,818 - music_tracker - INFO - Fetching recent tracks from Spotify...
2025-09-20 23:58:03,172 - music_tracker - INFO - No recent songs found from Spotify
2025-09-20 23:58:03,174 - music_tracker - INFO - No new songs found from Spotify API
2025-09-20 23:58:03,174 - music_tracker - INFO - Song collection completed successfully
