2025-06-16 00:58:13,186 - music_tracker - INFO - Uploading 19 songs
2025-06-16 01:58:16,382 - music_tracker - INFO - Uploading 19 songs
2025-06-16 02:58:14,339 - music_tracker - INFO - Uploading 8 songs
2025-06-16 03:58:07,071 - music_tracker - INFO - Zero songs listened to
2025-06-16 03:58:07,071 - music_tracker - INFO - No songs uploaded.
2025-06-16 04:58:11,791 - music_tracker - INFO - Zero songs listened to
2025-06-16 04:58:11,792 - music_tracker - INFO - No songs uploaded.
2025-06-16 05:58:06,540 - music_tracker - INFO - Zero songs listened to
2025-06-16 05:58:06,541 - music_tracker - INFO - No songs uploaded.
2025-06-16 06:58:08,200 - music_tracker - INFO - Uploading 2 songs
2025-06-16 07:58:09,770 - music_tracker - INFO -   Supabase error: Status 400, {"code":"22007","details":null,"hint":null,"message":"invalid input syntax for type date: \"2001\""}
2025-06-16 07:58:09,773 - music_tracker - INFO - No songs uploaded.
2025-06-16 08:58:10,426 - music_tracker - INFO - Uploading 15 songs
2025-06-16 09:00:11,887 - music_tracker - INFO - Starting music tracker analysis
2025-06-16 09:00:11,888 - music_tracker - INFO - Fetching data
2025-06-16 09:00:17,290 - music_tracker - INFO - Fetched 114 recent songs
2025-06-16 09:00:17,300 - music_tracker - INFO - Running top listens analysis
2025-06-16 09:00:17,301 - music_tracker - INFO - Calculating top songs listens
2025-06-16 09:00:17,302 - music_tracker - INFO - Sending message with top 3 songs
2025-06-16 09:00:17,996 - music_tracker - INFO - Message successfully sent!
2025-06-16 09:00:17,996 - music_tracker - INFO - Calculating top albums listens
2025-06-16 09:00:17,997 - music_tracker - INFO - Sending message with top 3 albums
2025-06-16 09:00:18,637 - music_tracker - INFO - Message successfully sent!
2025-06-16 09:00:18,638 - music_tracker - INFO - Calculating top artists listens
2025-06-16 09:00:18,638 - music_tracker - INFO - Sending message with top 3 artists
2025-06-16 09:00:19,574 - music_tracker - INFO - Message successfully sent!
2025-06-16 09:00:19,575 - music_tracker - INFO - Running popularity and listening hours analysis
2025-06-16 09:00:19,575 - music_tracker - INFO - Finding most popular track
2025-06-16 09:00:19,576 - music_tracker - INFO - Most popular song found: The Spins with score 88
2025-06-16 09:00:20,269 - music_tracker - INFO - Message successfully sent!
2025-06-16 09:00:20,270 - music_tracker - INFO - Calculating most listened hour
2025-06-16 09:00:20,270 - music_tracker - INFO - Most listened hour: 06:00 with 58:29
2025-06-16 09:00:20,951 - music_tracker - INFO - Message successfully sent!
2025-06-16 09:00:20,951 - music_tracker - INFO - Analysis completed successfully

2025-06-16 09:58:06,633 - music_tracker - INFO - Zero songs listened to
2025-06-16 09:58:06,633 - music_tracker - INFO - No songs uploaded.
2025-06-16 10:58:21,770 - music_tracker - INFO - Uploading 34 songs
2025-06-16 11:58:10,375 - music_tracker - INFO - Uploading 13 songs
2025-06-16 12:58:15,213 - music_tracker - INFO - Uploading 9 songs
2025-06-16 13:58:07,026 - music_tracker - INFO - Zero songs listened to
2025-06-16 13:58:07,027 - music_tracker - INFO - No songs uploaded.
2025-06-16 14:58:06,735 - music_tracker - INFO - Zero songs listened to
2025-06-16 14:58:06,735 - music_tracker - INFO - No songs uploaded.
2025-06-16 15:58:06,461 - music_tracker - INFO - Zero songs listened to
2025-06-16 15:58:06,462 - music_tracker - INFO - No songs uploaded.
2025-06-16 16:58:07,181 - music_tracker - INFO - Zero songs listened to
2025-06-16 16:58:07,182 - music_tracker - INFO - No songs uploaded.
2025-06-16 17:58:06,922 - music_tracker - INFO - Zero songs listened to
2025-06-16 17:58:06,923 - music_tracker - INFO - No songs uploaded.
2025-06-16 18:58:16,768 - music_tracker - INFO - Zero songs listened to
2025-06-16 18:58:16,768 - music_tracker - INFO - No songs uploaded.
2025-06-16 19:58:06,498 - music_tracker - INFO - Zero songs listened to
2025-06-16 19:58:06,499 - music_tracker - INFO - No songs uploaded.
2025-06-16 20:58:07,216 - music_tracker - INFO - Zero songs listened to
2025-06-16 20:58:07,216 - music_tracker - INFO - No songs uploaded.
2025-06-16 21:58:09,921 - music_tracker - INFO - Uploading 9 songs
2025-06-16 22:58:18,172 - music_tracker - INFO -   Supabase error: Status 400, {"code":"22007","details":null,"hint":null,"message":"invalid input syntax for type date: \"2005\""}
2025-06-16 22:58:18,176 - music_tracker - INFO - No songs uploaded.
2025-06-16 23:58:06,932 - music_tracker - INFO - Zero songs listened to
2025-06-16 23:58:06,932 - music_tracker - INFO - No songs uploaded.
