2025-06-30 00:58:06,713 - music_tracker - INFO - Zero songs listened to
2025-06-30 00:58:06,714 - music_tracker - INFO - No songs uploaded.
2025-06-30 01:58:06,442 - music_tracker - INFO - Zero songs listened to
2025-06-30 01:58:06,442 - music_tracker - INFO - No songs uploaded.
2025-06-30 02:58:07,157 - music_tracker - INFO - Zero songs listened to
2025-06-30 02:58:07,158 - music_tracker - INFO - No songs uploaded.
2025-06-30 03:58:06,879 - music_tracker - INFO - Zero songs listened to
2025-06-30 03:58:06,880 - music_tracker - INFO - No songs uploaded.
2025-06-30 04:58:06,623 - music_tracker - INFO - Zero songs listened to
2025-06-30 04:58:06,623 - music_tracker - INFO - No songs uploaded.
2025-06-30 05:58:07,327 - music_tracker - INFO - Zero songs listened to
2025-06-30 05:58:07,327 - music_tracker - INFO - No songs uploaded.
2025-06-30 06:58:07,102 - music_tracker - INFO - Zero songs listened to
2025-06-30 06:58:07,102 - music_tracker - INFO - No songs uploaded.
2025-06-30 07:58:06,847 - music_tracker - INFO - Zero songs listened to
2025-06-30 07:58:06,848 - music_tracker - INFO - No songs uploaded.
2025-06-30 08:58:06,549 - music_tracker - INFO - Zero songs listened to
2025-06-30 08:58:06,550 - music_tracker - INFO - No songs uploaded.
2025-06-30 09:00:11,968 - music_tracker - INFO - Starting music tracker analysis
2025-06-30 09:00:11,968 - music_tracker - INFO - Fetching data
2025-06-30 09:00:12,637 - music_tracker - INFO - Fetched 83 recent songs
2025-06-30 09:00:12,644 - music_tracker - INFO - Running top listens analysis
2025-06-30 09:00:12,644 - music_tracker - INFO - Calculating top songs listens
2025-06-30 09:00:12,645 - music_tracker - INFO - Sending message with top 3 songs
2025-06-30 09:00:13,543 - music_tracker - INFO - Message successfully sent!
2025-06-30 09:00:13,544 - music_tracker - INFO - Calculating top albums listens
2025-06-30 09:00:13,545 - music_tracker - INFO - Sending message with top 3 albums
2025-06-30 09:00:14,258 - music_tracker - INFO - Message successfully sent!
2025-06-30 09:00:14,259 - music_tracker - INFO - Calculating top artists listens
2025-06-30 09:00:14,259 - music_tracker - INFO - Sending message with top 3 artists
2025-06-30 09:00:15,112 - music_tracker - INFO - Message successfully sent!
2025-06-30 09:00:15,112 - music_tracker - INFO - Running popularity and listening hours analysis
2025-06-30 09:00:15,113 - music_tracker - INFO - Finding most popular track
2025-06-30 09:00:15,113 - music_tracker - INFO - Most popular song found: The Spins with score 88
2025-06-30 09:00:15,857 - music_tracker - INFO - Message successfully sent!
2025-06-30 09:00:15,857 - music_tracker - INFO - Calculating most listened hour
2025-06-30 09:00:15,858 - music_tracker - INFO - Most listened hour: 22:00 with 60:00
2025-06-30 09:00:16,610 - music_tracker - INFO - Message successfully sent!
2025-06-30 09:00:16,611 - music_tracker - INFO - Analysis completed successfully

2025-06-30 09:58:11,412 - music_tracker - INFO - Uploading 9 songs
2025-06-30 10:58:13,650 - music_tracker - INFO - Uploading 4 songs
2025-06-30 11:58:09,325 - music_tracker - INFO - Uploading 7 songs
2025-06-30 12:58:09,914 - music_tracker - INFO - Uploading 11 songs
2025-06-30 13:58:09,632 - music_tracker - INFO - Uploading 11 songs
2025-06-30 14:58:09,714 - music_tracker - INFO - Uploading 7 songs
2025-06-30 15:58:10,783 - music_tracker - INFO - Uploading 17 songs
2025-06-30 16:58:10,128 - music_tracker - INFO - Uploading 15 songs
2025-06-30 17:58:09,867 - music_tracker - INFO - Uploading 12 songs
2025-06-30 18:58:08,042 - music_tracker - INFO - Uploading 4 songs
2025-06-30 19:58:08,931 - music_tracker - INFO - Uploading 8 songs
2025-06-30 20:58:09,577 - music_tracker - INFO - Uploading 12 songs
2025-06-30 21:58:08,098 - music_tracker - INFO - Uploading 2 songs
2025-06-30 22:58:09,738 - music_tracker - INFO - Uploading 1 song
2025-06-30 23:58:06,493 - music_tracker - INFO - Zero songs listened to
2025-06-30 23:58:06,493 - music_tracker - INFO - No songs uploaded.
