2025-10-28 00:58:03,724 - music_tracker - INFO - SpotiSpy song collection starting...
2025-10-28 00:58:03,725 - music_tracker - INFO - Starting song collection (last 1 hours)
2025-10-28 00:58:03,726 - music_tracker - INFO - Fetching recent tracks from Spotify...
2025-10-28 00:58:04,100 - music_tracker - INFO - No recent songs found from Spotify
2025-10-28 00:58:04,102 - music_tracker - INFO - No new songs found from Spotify API
2025-10-28 00:58:04,103 - music_tracker - INFO - Song collection completed successfully
2025-10-28 01:58:03,466 - music_tracker - INFO - SpotiSpy song collection starting...
2025-10-28 01:58:03,466 - music_tracker - INFO - Starting song collection (last 1 hours)
2025-10-28 01:58:03,467 - music_tracker - INFO - Fetching recent tracks from Spotify...
2025-10-28 01:58:08,961 - music_tracker - INFO - No recent songs found from Spotify
2025-10-28 01:58:08,964 - music_tracker - INFO - No new songs found from Spotify API
2025-10-28 01:58:08,965 - music_tracker - INFO - Song collection completed successfully
2025-10-28 02:58:02,914 - music_tracker - INFO - SpotiSpy song collection starting...
2025-10-28 02:58:02,914 - music_tracker - INFO - Starting song collection (last 1 hours)
2025-10-28 02:58:02,915 - music_tracker - INFO - Fetching recent tracks from Spotify...
2025-10-28 02:58:03,356 - music_tracker - INFO - No recent songs found from Spotify
2025-10-28 02:58:03,358 - music_tracker - INFO - No new songs found from Spotify API
2025-10-28 02:58:03,358 - music_tracker - INFO - Song collection completed successfully
2025-10-28 03:58:03,286 - music_tracker - INFO - SpotiSpy song collection starting...
2025-10-28 03:58:03,288 - music_tracker - INFO - Starting song collection (last 1 hours)
2025-10-28 03:58:03,289 - music_tracker - INFO - Fetching recent tracks from Spotify...
2025-10-28 03:58:03,754 - music_tracker - INFO - No recent songs found from Spotify
2025-10-28 03:58:03,756 - music_tracker - INFO - No new songs found from Spotify API
2025-10-28 03:58:03,757 - music_tracker - INFO - Song collection completed successfully
2025-10-28 04:58:02,779 - music_tracker - INFO - SpotiSpy song collection starting...
2025-10-28 04:58:02,780 - music_tracker - INFO - Starting song collection (last 1 hours)
2025-10-28 04:58:02,781 - music_tracker - INFO - Fetching recent tracks from Spotify...
2025-10-28 04:58:03,135 - music_tracker - INFO - No recent songs found from Spotify
2025-10-28 04:58:03,137 - music_tracker - INFO - No new songs found from Spotify API
2025-10-28 04:58:03,138 - music_tracker - INFO - Song collection completed successfully
2025-10-28 05:58:03,027 - music_tracker - INFO - SpotiSpy song collection starting...
2025-10-28 05:58:03,027 - music_tracker - INFO - Starting song collection (last 1 hours)
2025-10-28 05:58:03,028 - music_tracker - INFO - Fetching recent tracks from Spotify...
2025-10-28 05:58:03,374 - music_tracker - INFO - No recent songs found from Spotify
2025-10-28 05:58:03,376 - music_tracker - INFO - No new songs found from Spotify API
2025-10-28 05:58:03,377 - music_tracker - INFO - Song collection completed successfully
2025-10-28 06:58:03,355 - music_tracker - INFO - SpotiSpy song collection starting...
2025-10-28 06:58:03,355 - music_tracker - INFO - Starting song collection (last 1 hours)
2025-10-28 06:58:03,356 - music_tracker - INFO - Fetching recent tracks from Spotify...
2025-10-28 06:58:03,707 - music_tracker - INFO - No recent songs found from Spotify
2025-10-28 06:58:03,709 - music_tracker - INFO - No new songs found from Spotify API
2025-10-28 06:58:03,710 - music_tracker - INFO - Song collection completed successfully
2025-10-28 07:58:03,598 - music_tracker - INFO - SpotiSpy song collection starting...
2025-10-28 07:58:03,598 - music_tracker - INFO - Starting song collection (last 1 hours)
2025-10-28 07:58:03,599 - music_tracker - INFO - Fetching recent tracks from Spotify...
2025-10-28 07:58:03,947 - music_tracker - INFO - No recent songs found from Spotify
2025-10-28 07:58:03,949 - music_tracker - INFO - No new songs found from Spotify API
2025-10-28 07:58:03,950 - music_tracker - INFO - Song collection completed successfully
2025-10-28 08:58:02,865 - music_tracker - INFO - SpotiSpy song collection starting...
2025-10-28 08:58:02,865 - music_tracker - INFO - Starting song collection (last 1 hours)
2025-10-28 08:58:02,866 - music_tracker - INFO - Fetching recent tracks from Spotify...
2025-10-28 08:58:03,410 - music_tracker - INFO - Fetched 7 songs from Spotify
2025-10-28 08:58:03,412 - music_tracker - INFO - Found 7 songs from Spotify API
2025-10-28 08:58:03,413 - music_tracker - INFO - Checking for duplicates in database...
2025-10-28 08:58:04,974 - music_tracker - INFO - Found 7 new songs out of 7 total
2025-10-28 08:58:04,976 - music_tracker - INFO - Found 7 new songs to save
2025-10-28 08:58:04,977 - music_tracker - INFO - Saving songs to database...
2025-10-28 08:58:05,278 - music_tracker - INFO - Successfully saved 7 songs to database
2025-10-28 08:58:05,280 - music_tracker - INFO - Successfully saved 7 songs to database
2025-10-28 08:58:05,281 - music_tracker - INFO - Song collection completed successfully
2025-10-28 09:00:12,629 - music_tracker - INFO - SpotiSpy starting...
2025-10-28 09:00:12,630 - music_tracker - INFO - Starting daily SpotiSpy analysis
2025-10-28 09:00:12,631 - music_tracker - INFO - Fetching yesterday's listening data...
2025-10-28 09:00:12,986 - music_tracker - INFO - Fetched 100 songs from database
2025-10-28 09:00:12,987 - music_tracker - INFO - Found 100 songs to analyze
2025-10-28 09:00:12,988 - music_tracker - INFO - Running analysis...
2025-10-28 09:00:12,995 - music_tracker - INFO - Sending daily summary to Slack...
2025-10-28 09:00:26,038 - music_tracker - INFO - Message sent successfully to Slack
2025-10-28 09:00:26,039 - music_tracker - INFO - Daily analysis completed successfully!
2025-10-28 09:00:26,040 - music_tracker - INFO - SpotiSpy completed successfully
2025-10-28 09:58:04,258 - music_tracker - INFO - SpotiSpy song collection starting...
2025-10-28 09:58:04,259 - music_tracker - INFO - Starting song collection (last 1 hours)
2025-10-28 09:58:04,260 - music_tracker - INFO - Fetching recent tracks from Spotify...
2025-10-28 09:58:04,622 - music_tracker - INFO - No recent songs found from Spotify
2025-10-28 09:58:04,624 - music_tracker - INFO - No new songs found from Spotify API
2025-10-28 09:58:04,625 - music_tracker - INFO - Song collection completed successfully
2025-10-28 10:58:03,556 - music_tracker - INFO - SpotiSpy song collection starting...
2025-10-28 10:58:03,557 - music_tracker - INFO - Starting song collection (last 1 hours)
2025-10-28 10:58:03,558 - music_tracker - INFO - Fetching recent tracks from Spotify...
2025-10-28 10:58:14,029 - music_tracker - INFO - No recent songs found from Spotify
2025-10-28 10:58:14,032 - music_tracker - INFO - No new songs found from Spotify API
2025-10-28 10:58:14,033 - music_tracker - INFO - Song collection completed successfully
2025-10-28 11:58:02,960 - music_tracker - INFO - SpotiSpy song collection starting...
2025-10-28 11:58:02,960 - music_tracker - INFO - Starting song collection (last 1 hours)
2025-10-28 11:58:02,961 - music_tracker - INFO - Fetching recent tracks from Spotify...
2025-10-28 11:58:03,445 - music_tracker - INFO - Fetched 4 songs from Spotify
2025-10-28 11:58:03,448 - music_tracker - INFO - Found 4 songs from Spotify API
2025-10-28 11:58:03,448 - music_tracker - INFO - Checking for duplicates in database...
2025-10-28 11:58:05,101 - music_tracker - INFO - Found 4 new songs out of 4 total
2025-10-28 11:58:05,103 - music_tracker - INFO - Found 4 new songs to save
2025-10-28 11:58:05,104 - music_tracker - INFO - Saving songs to database...
2025-10-28 11:58:05,613 - music_tracker - INFO - Successfully saved 4 songs to database
2025-10-28 11:58:05,615 - music_tracker - INFO - Successfully saved 4 songs to database
2025-10-28 11:58:05,616 - music_tracker - INFO - Song collection completed successfully
2025-10-28 12:58:03,521 - music_tracker - INFO - SpotiSpy song collection starting...
2025-10-28 12:58:03,521 - music_tracker - INFO - Starting song collection (last 1 hours)
2025-10-28 12:58:03,522 - music_tracker - INFO - Fetching recent tracks from Spotify...
2025-10-28 12:58:03,871 - music_tracker - INFO - No recent songs found from Spotify
2025-10-28 12:58:03,873 - music_tracker - INFO - No new songs found from Spotify API
2025-10-28 12:58:03,874 - music_tracker - INFO - Song collection completed successfully
2025-10-28 13:58:02,760 - music_tracker - INFO - SpotiSpy song collection starting...
2025-10-28 13:58:02,760 - music_tracker - INFO - Starting song collection (last 1 hours)
2025-10-28 13:58:02,761 - music_tracker - INFO - Fetching recent tracks from Spotify...
2025-10-28 13:58:03,271 - music_tracker - INFO - Fetched 6 songs from Spotify
2025-10-28 13:58:03,273 - music_tracker - INFO - Found 6 songs from Spotify API
2025-10-28 13:58:03,274 - music_tracker - INFO - Checking for duplicates in database...
2025-10-28 13:58:04,681 - music_tracker - INFO - Found 6 new songs out of 6 total
2025-10-28 13:58:04,683 - music_tracker - INFO - Found 6 new songs to save
2025-10-28 13:58:04,684 - music_tracker - INFO - Saving songs to database...
2025-10-28 13:58:05,090 - music_tracker - INFO - Successfully saved 6 songs to database
2025-10-28 13:58:05,092 - music_tracker - INFO - Successfully saved 6 songs to database
2025-10-28 13:58:05,093 - music_tracker - INFO - Song collection completed successfully
2025-10-28 14:58:03,006 - music_tracker - INFO - SpotiSpy song collection starting...
2025-10-28 14:58:03,007 - music_tracker - INFO - Starting song collection (last 1 hours)
2025-10-28 14:58:03,007 - music_tracker - INFO - Fetching recent tracks from Spotify...
2025-10-28 14:58:03,532 - music_tracker - INFO - Fetched 9 songs from Spotify
2025-10-28 14:58:03,535 - music_tracker - INFO - Found 9 songs from Spotify API
2025-10-28 14:58:03,535 - music_tracker - INFO - Checking for duplicates in database...
2025-10-28 14:58:05,062 - music_tracker - INFO - Found 9 new songs out of 9 total
2025-10-28 14:58:05,064 - music_tracker - INFO - Found 9 new songs to save
2025-10-28 14:58:05,065 - music_tracker - INFO - Saving songs to database...
2025-10-28 14:58:05,400 - music_tracker - INFO - Successfully saved 9 songs to database
2025-10-28 14:58:05,402 - music_tracker - INFO - Successfully saved 9 songs to database
2025-10-28 14:58:05,403 - music_tracker - INFO - Song collection completed successfully
2025-10-28 15:58:03,333 - music_tracker - INFO - SpotiSpy song collection starting...
2025-10-28 15:58:03,334 - music_tracker - INFO - Starting song collection (last 1 hours)
2025-10-28 15:58:03,335 - music_tracker - INFO - Fetching recent tracks from Spotify...
2025-10-28 15:58:03,715 - music_tracker - INFO - No recent songs found from Spotify
2025-10-28 15:58:03,717 - music_tracker - INFO - No new songs found from Spotify API
2025-10-28 15:58:03,718 - music_tracker - INFO - Song collection completed successfully
2025-10-28 16:58:02,631 - music_tracker - INFO - SpotiSpy song collection starting...
2025-10-28 16:58:02,631 - music_tracker - INFO - Starting song collection (last 1 hours)
2025-10-28 16:58:02,632 - music_tracker - INFO - Fetching recent tracks from Spotify...
2025-10-28 16:58:03,050 - music_tracker - INFO - Fetched 8 songs from Spotify
2025-10-28 16:58:03,053 - music_tracker - INFO - Found 8 songs from Spotify API
2025-10-28 16:58:03,053 - music_tracker - INFO - Checking for duplicates in database...
2025-10-28 16:58:04,436 - music_tracker - INFO - Found 8 new songs out of 8 total
2025-10-28 16:58:04,438 - music_tracker - INFO - Found 8 new songs to save
2025-10-28 16:58:04,439 - music_tracker - INFO - Saving songs to database...
2025-10-28 16:58:04,826 - music_tracker - INFO - Successfully saved 8 songs to database
2025-10-28 16:58:04,828 - music_tracker - INFO - Successfully saved 8 songs to database
2025-10-28 16:58:04,829 - music_tracker - INFO - Song collection completed successfully
2025-10-28 17:58:02,723 - music_tracker - INFO - SpotiSpy song collection starting...
2025-10-28 17:58:02,723 - music_tracker - INFO - Starting song collection (last 1 hours)
2025-10-28 17:58:02,724 - music_tracker - INFO - Fetching recent tracks from Spotify...
2025-10-28 17:58:03,104 - music_tracker - INFO - No recent songs found from Spotify
2025-10-28 17:58:03,107 - music_tracker - INFO - No new songs found from Spotify API
2025-10-28 17:58:03,107 - music_tracker - INFO - Song collection completed successfully
2025-10-28 18:58:03,003 - music_tracker - INFO - SpotiSpy song collection starting...
2025-10-28 18:58:03,004 - music_tracker - INFO - Starting song collection (last 1 hours)
2025-10-28 18:58:03,005 - music_tracker - INFO - Fetching recent tracks from Spotify...
2025-10-28 18:58:03,429 - music_tracker - INFO - No recent songs found from Spotify
2025-10-28 18:58:03,431 - music_tracker - INFO - No new songs found from Spotify API
2025-10-28 18:58:03,432 - music_tracker - INFO - Song collection completed successfully
2025-10-28 19:58:03,325 - music_tracker - INFO - SpotiSpy song collection starting...
2025-10-28 19:58:03,326 - music_tracker - INFO - Starting song collection (last 1 hours)
2025-10-28 19:58:03,326 - music_tracker - INFO - Fetching recent tracks from Spotify...
2025-10-28 19:58:15,821 - music_tracker - ERROR - Error fetching from Spotify: HTTPSConnectionPool(host='accounts.spotify.com', port=443): Max retries exceeded with url: /api/token (Caused by NameResolutionError("<urllib3.connection.HTTPSConnection object at 0x7592afb0>: Failed to resolve 'accounts.spotify.com' ([Errno -3] Temporary failure in name resolution)"))
2025-10-28 19:58:15,823 - music_tracker - INFO - No new songs found from Spotify API
2025-10-28 19:58:15,823 - music_tracker - INFO - Song collection completed successfully
2025-10-28 20:58:02,730 - music_tracker - INFO - SpotiSpy song collection starting...
2025-10-28 20:58:02,731 - music_tracker - INFO - Starting song collection (last 1 hours)
2025-10-28 20:58:02,731 - music_tracker - INFO - Fetching recent tracks from Spotify...
2025-10-28 20:58:03,122 - music_tracker - INFO - No recent songs found from Spotify
2025-10-28 20:58:03,125 - music_tracker - INFO - No new songs found from Spotify API
2025-10-28 20:58:03,125 - music_tracker - INFO - Song collection completed successfully
2025-10-28 21:58:02,997 - music_tracker - INFO - SpotiSpy song collection starting...
2025-10-28 21:58:02,998 - music_tracker - INFO - Starting song collection (last 1 hours)
2025-10-28 21:58:02,998 - music_tracker - INFO - Fetching recent tracks from Spotify...
2025-10-28 21:58:03,379 - music_tracker - INFO - No recent songs found from Spotify
2025-10-28 21:58:03,381 - music_tracker - INFO - No new songs found from Spotify API
2025-10-28 21:58:03,382 - music_tracker - INFO - Song collection completed successfully
2025-10-28 22:58:03,287 - music_tracker - INFO - SpotiSpy song collection starting...
2025-10-28 22:58:03,288 - music_tracker - INFO - Starting song collection (last 1 hours)
2025-10-28 22:58:03,289 - music_tracker - INFO - Fetching recent tracks from Spotify...
2025-10-28 22:58:03,762 - music_tracker - INFO - Fetched 3 songs from Spotify
2025-10-28 22:58:03,765 - music_tracker - INFO - Found 3 songs from Spotify API
2025-10-28 22:58:03,765 - music_tracker - INFO - Checking for duplicates in database...
2025-10-28 22:58:05,333 - music_tracker - INFO - Found 3 new songs out of 3 total
2025-10-28 22:58:05,335 - music_tracker - INFO - Found 3 new songs to save
2025-10-28 22:58:05,336 - music_tracker - INFO - Saving songs to database...
2025-10-28 22:58:05,632 - music_tracker - INFO - Successfully saved 3 songs to database
2025-10-28 22:58:05,634 - music_tracker - INFO - Successfully saved 3 songs to database
2025-10-28 22:58:05,635 - music_tracker - INFO - Song collection completed successfully
2025-10-28 23:58:03,540 - music_tracker - INFO - SpotiSpy song collection starting...
2025-10-28 23:58:03,541 - music_tracker - INFO - Starting song collection (last 1 hours)
2025-10-28 23:58:03,542 - music_tracker - INFO - Fetching recent tracks from Spotify...
2025-10-28 23:58:04,008 - music_tracker - INFO - Fetched 8 songs from Spotify
2025-10-28 23:58:04,011 - music_tracker - INFO - Found 8 songs from Spotify API
2025-10-28 23:58:04,012 - music_tracker - INFO - Checking for duplicates in database...
2025-10-28 23:58:05,378 - music_tracker - INFO - Found 8 new songs out of 8 total
2025-10-28 23:58:05,380 - music_tracker - INFO - Found 8 new songs to save
2025-10-28 23:58:05,381 - music_tracker - INFO - Saving songs to database...
2025-10-28 23:58:05,705 - music_tracker - INFO - Successfully saved 8 songs to database
2025-10-28 23:58:05,707 - music_tracker - INFO - Successfully saved 8 songs to database
2025-10-28 23:58:05,707 - music_tracker - INFO - Song collection completed successfully
