2025-05-13 00:58:07,001 - music_tracker - INFO - Zero songs listened to
2025-05-13 00:58:07,001 - music_tracker - INFO - No songs uploaded.
2025-05-13 01:58:06,788 - music_tracker - INFO - Zero songs listened to
2025-05-13 01:58:06,789 - music_tracker - INFO - No songs uploaded.
2025-05-13 02:58:06,819 - music_tracker - INFO - Zero songs listened to
2025-05-13 02:58:06,820 - music_tracker - INFO - No songs uploaded.
2025-05-13 03:58:06,590 - music_tracker - INFO - Zero songs listened to
2025-05-13 03:58:06,591 - music_tracker - INFO - No songs uploaded.
2025-05-13 04:58:07,307 - music_tracker - INFO - Zero songs listened to
2025-05-13 04:58:07,308 - music_tracker - INFO - No songs uploaded.
2025-05-13 05:58:07,047 - music_tracker - INFO - Zero songs listened to
2025-05-13 05:58:07,047 - music_tracker - INFO - No songs uploaded.
2025-05-13 06:58:06,816 - music_tracker - INFO - Zero songs listened to
2025-05-13 06:58:06,817 - music_tracker - INFO - No songs uploaded.
2025-05-13 07:58:06,541 - music_tracker - INFO - Zero songs listened to
2025-05-13 07:58:06,541 - music_tracker - INFO - No songs uploaded.
2025-05-13 08:58:07,281 - music_tracker - INFO - Zero songs listened to
2025-05-13 08:58:07,282 - music_tracker - INFO - No songs uploaded.
2025-05-13 09:00:11,703 - music_tracker - INFO - Starting music tracker analysis
2025-05-13 09:00:11,703 - music_tracker - INFO - Fetching data
2025-05-13 09:00:12,498 - music_tracker - INFO - Fetched 60 recent songs
2025-05-13 09:00:12,504 - music_tracker - INFO - Running top listens analysis
2025-05-13 09:00:12,505 - music_tracker - INFO - Calculating top songs listens
2025-05-13 09:00:12,506 - music_tracker - INFO - Sending message with top 3 songs
2025-05-13 09:00:13,686 - music_tracker - INFO - Message successfully sent!
2025-05-13 09:00:13,687 - music_tracker - INFO - Calculating top albums listens
2025-05-13 09:00:13,688 - music_tracker - INFO - Sending message with top 3 albums
2025-05-13 09:00:14,371 - music_tracker - INFO - Message successfully sent!
2025-05-13 09:00:14,371 - music_tracker - INFO - Calculating top artists listens
2025-05-13 09:00:14,371 - music_tracker - INFO - Sending message with top 3 artists
2025-05-13 09:00:15,014 - music_tracker - INFO - Message successfully sent!
2025-05-13 09:00:15,015 - music_tracker - INFO - Running popularity and listening hours analysis
2025-05-13 09:00:15,015 - music_tracker - INFO - Finding most popular track
2025-05-13 09:00:15,015 - music_tracker - INFO - Most popular song found: For the Last Time with score 78
2025-05-13 09:00:15,632 - music_tracker - INFO - Message successfully sent!
2025-05-13 09:00:15,633 - music_tracker - INFO - Calculating most listened hour
2025-05-13 09:00:15,633 - music_tracker - INFO - Most listened hour: 00:00 with 58:33
2025-05-13 09:00:16,281 - music_tracker - INFO - Message successfully sent!
2025-05-13 09:00:16,282 - music_tracker - INFO - Analysis completed successfully

2025-05-13 09:58:11,339 - music_tracker - INFO - Uploading 17 songs
2025-05-13 10:58:10,910 - music_tracker - INFO - Uploading 14 songs
2025-05-13 11:58:10,208 - music_tracker - INFO - Uploading 10 songs
2025-05-13 12:58:09,371 - music_tracker - INFO - Uploading 8 songs
2025-05-13 13:58:11,051 - music_tracker - INFO - Uploading 14 songs
2025-05-13 14:58:10,040 - music_tracker - INFO - Uploading 12 songs
2025-05-13 15:58:09,793 - music_tracker - INFO - Uploading 10 songs
2025-05-13 16:58:09,604 - music_tracker - INFO - Uploading 12 songs
2025-05-13 17:58:11,693 - music_tracker - INFO - Uploading 17 songs
2025-05-13 18:58:06,462 - music_tracker - INFO - Zero songs listened to
2025-05-13 18:58:06,462 - music_tracker - INFO - No songs uploaded.
2025-05-13 19:58:07,220 - music_tracker - INFO - Zero songs listened to
2025-05-13 19:58:07,221 - music_tracker - INFO - No songs uploaded.
2025-05-13 20:58:07,947 - music_tracker - INFO - Uploading 2 songs
2025-05-13 21:58:08,682 - music_tracker - INFO - Uploading 5 songs
2025-05-13 22:58:07,205 - music_tracker - INFO - Uploading 1 song
2025-05-13 23:58:06,972 - music_tracker - INFO - Zero songs listened to
2025-05-13 23:58:06,972 - music_tracker - INFO - No songs uploaded.
