2025-12-23 00:58:03,136 - music_tracker - INFO - SpotiSpy song collection starting...
2025-12-23 00:58:03,137 - music_tracker - INFO - Starting song collection (last 1 hours)
2025-12-23 00:58:03,138 - music_tracker - INFO - Fetching recent tracks from Spotify...
2025-12-23 00:58:03,660 - music_tracker - INFO - No recent songs found from Spotify
2025-12-23 00:58:03,663 - music_tracker - INFO - No new songs found from Spotify API
2025-12-23 00:58:03,664 - music_tracker - INFO - Song collection completed successfully
2025-12-23 01:58:03,033 - music_tracker - INFO - SpotiSpy song collection starting...
2025-12-23 01:58:03,034 - music_tracker - INFO - Starting song collection (last 1 hours)
2025-12-23 01:58:03,034 - music_tracker - INFO - Fetching recent tracks from Spotify...
2025-12-23 01:58:03,389 - music_tracker - INFO - No recent songs found from Spotify
2025-12-23 01:58:03,391 - music_tracker - INFO - No new songs found from Spotify API
2025-12-23 01:58:03,391 - music_tracker - INFO - Song collection completed successfully
2025-12-23 02:58:03,286 - music_tracker - INFO - SpotiSpy song collection starting...
2025-12-23 02:58:03,287 - music_tracker - INFO - Starting song collection (last 1 hours)
2025-12-23 02:58:03,288 - music_tracker - INFO - Fetching recent tracks from Spotify...
2025-12-23 02:58:03,700 - music_tracker - INFO - No recent songs found from Spotify
2025-12-23 02:58:03,702 - music_tracker - INFO - No new songs found from Spotify API
2025-12-23 02:58:03,703 - music_tracker - INFO - Song collection completed successfully
2025-12-23 03:58:02,626 - music_tracker - INFO - SpotiSpy song collection starting...
2025-12-23 03:58:02,627 - music_tracker - INFO - Starting song collection (last 1 hours)
2025-12-23 03:58:02,628 - music_tracker - INFO - Fetching recent tracks from Spotify...
2025-12-23 03:58:02,981 - music_tracker - INFO - No recent songs found from Spotify
2025-12-23 03:58:02,983 - music_tracker - INFO - No new songs found from Spotify API
2025-12-23 03:58:02,984 - music_tracker - INFO - Song collection completed successfully
2025-12-23 04:58:02,884 - music_tracker - INFO - SpotiSpy song collection starting...
2025-12-23 04:58:02,885 - music_tracker - INFO - Starting song collection (last 1 hours)
2025-12-23 04:58:02,886 - music_tracker - INFO - Fetching recent tracks from Spotify...
2025-12-23 04:58:03,236 - music_tracker - INFO - No recent songs found from Spotify
2025-12-23 04:58:03,238 - music_tracker - INFO - No new songs found from Spotify API
2025-12-23 04:58:03,239 - music_tracker - INFO - Song collection completed successfully
2025-12-23 05:58:03,128 - music_tracker - INFO - SpotiSpy song collection starting...
2025-12-23 05:58:03,129 - music_tracker - INFO - Starting song collection (last 1 hours)
2025-12-23 05:58:03,129 - music_tracker - INFO - Fetching recent tracks from Spotify...
2025-12-23 05:58:03,473 - music_tracker - INFO - No recent songs found from Spotify
2025-12-23 05:58:03,475 - music_tracker - INFO - No new songs found from Spotify API
2025-12-23 05:58:03,476 - music_tracker - INFO - Song collection completed successfully
2025-12-23 06:58:03,451 - music_tracker - INFO - SpotiSpy song collection starting...
2025-12-23 06:58:03,452 - music_tracker - INFO - Starting song collection (last 1 hours)
2025-12-23 06:58:03,453 - music_tracker - INFO - Fetching recent tracks from Spotify...
2025-12-23 06:58:03,813 - music_tracker - INFO - No recent songs found from Spotify
2025-12-23 06:58:03,816 - music_tracker - INFO - No new songs found from Spotify API
2025-12-23 06:58:03,816 - music_tracker - INFO - Song collection completed successfully
2025-12-23 07:58:02,890 - music_tracker - INFO - SpotiSpy song collection starting...
2025-12-23 07:58:02,890 - music_tracker - INFO - Starting song collection (last 1 hours)
2025-12-23 07:58:02,891 - music_tracker - INFO - Fetching recent tracks from Spotify...
2025-12-23 07:58:03,251 - music_tracker - INFO - No recent songs found from Spotify
2025-12-23 07:58:03,253 - music_tracker - INFO - No new songs found from Spotify API
2025-12-23 07:58:03,254 - music_tracker - INFO - Song collection completed successfully
2025-12-23 08:58:03,163 - music_tracker - INFO - SpotiSpy song collection starting...
2025-12-23 08:58:03,164 - music_tracker - INFO - Starting song collection (last 1 hours)
2025-12-23 08:58:03,164 - music_tracker - INFO - Fetching recent tracks from Spotify...
2025-12-23 08:58:03,542 - music_tracker - INFO - No recent songs found from Spotify
2025-12-23 08:58:03,544 - music_tracker - INFO - No new songs found from Spotify API
2025-12-23 08:58:03,545 - music_tracker - INFO - Song collection completed successfully
2025-12-23 09:00:13,278 - music_tracker - INFO - SpotiSpy starting...
2025-12-23 09:00:13,279 - music_tracker - INFO - Starting daily SpotiSpy analysis
2025-12-23 09:00:13,280 - music_tracker - INFO - Fetching yesterday's listening data...
2025-12-23 09:00:14,995 - music_tracker - INFO - Fetched 95 songs from database
2025-12-23 09:00:14,998 - music_tracker - INFO - Found 95 songs to analyze
2025-12-23 09:00:14,998 - music_tracker - INFO - Running analysis...
2025-12-23 09:00:15,010 - music_tracker - INFO - Sending daily summary to Slack...
2025-12-23 09:00:43,743 - music_tracker - INFO - Message sent successfully to Slack
2025-12-23 09:00:43,743 - music_tracker - INFO - Daily analysis completed successfully!
2025-12-23 09:00:43,744 - music_tracker - INFO - SpotiSpy completed successfully
2025-12-23 09:58:02,900 - music_tracker - INFO - SpotiSpy song collection starting...
2025-12-23 09:58:02,901 - music_tracker - INFO - Starting song collection (last 1 hours)
2025-12-23 09:58:02,901 - music_tracker - INFO - Fetching recent tracks from Spotify...
2025-12-23 09:58:03,356 - music_tracker - INFO - Fetched 5 songs from Spotify
2025-12-23 09:58:03,358 - music_tracker - INFO - Found 5 songs from Spotify API
2025-12-23 09:58:03,359 - music_tracker - INFO - Checking for duplicates in database...
2025-12-23 09:58:04,803 - music_tracker - INFO - Found 5 new songs out of 5 total
2025-12-23 09:58:04,804 - music_tracker - INFO - Found 5 new songs to save
2025-12-23 09:58:04,805 - music_tracker - INFO - Saving songs to database...
2025-12-23 09:58:05,109 - music_tracker - INFO - Successfully saved 5 songs to database
2025-12-23 09:58:05,111 - music_tracker - INFO - Successfully saved 5 songs to database
2025-12-23 09:58:05,111 - music_tracker - INFO - Song collection completed successfully
2025-12-23 10:58:02,970 - music_tracker - INFO - SpotiSpy song collection starting...
2025-12-23 10:58:02,970 - music_tracker - INFO - Starting song collection (last 1 hours)
2025-12-23 10:58:02,971 - music_tracker - INFO - Fetching recent tracks from Spotify...
2025-12-23 10:58:03,658 - music_tracker - INFO - Fetched 8 songs from Spotify
2025-12-23 10:58:03,661 - music_tracker - INFO - Found 8 songs from Spotify API
2025-12-23 10:58:03,661 - music_tracker - INFO - Checking for duplicates in database...
2025-12-23 10:58:05,077 - music_tracker - INFO - Found 8 new songs out of 8 total
2025-12-23 10:58:05,079 - music_tracker - INFO - Found 8 new songs to save
2025-12-23 10:58:05,079 - music_tracker - INFO - Saving songs to database...
2025-12-23 10:58:05,357 - music_tracker - INFO - Successfully saved 8 songs to database
2025-12-23 10:58:05,358 - music_tracker - INFO - Successfully saved 8 songs to database
2025-12-23 10:58:05,359 - music_tracker - INFO - Song collection completed successfully
2025-12-23 11:58:04,467 - music_tracker - INFO - SpotiSpy song collection starting...
2025-12-23 11:58:04,468 - music_tracker - INFO - Starting song collection (last 1 hours)
2025-12-23 11:58:04,468 - music_tracker - INFO - Fetching recent tracks from Spotify...
2025-12-23 11:58:05,096 - music_tracker - INFO - Fetched 13 songs from Spotify
2025-12-23 11:58:05,099 - music_tracker - INFO - Found 13 songs from Spotify API
2025-12-23 11:58:05,100 - music_tracker - INFO - Checking for duplicates in database...
2025-12-23 11:58:06,569 - music_tracker - INFO - Found 13 new songs out of 13 total
2025-12-23 11:58:06,571 - music_tracker - INFO - Found 13 new songs to save
2025-12-23 11:58:06,571 - music_tracker - INFO - Saving songs to database...
2025-12-23 11:58:06,953 - music_tracker - INFO - Successfully saved 13 songs to database
2025-12-23 11:58:06,957 - music_tracker - INFO - Successfully saved 13 songs to database
2025-12-23 11:58:06,958 - music_tracker - INFO - Song collection completed successfully
2025-12-23 12:58:02,873 - music_tracker - INFO - SpotiSpy song collection starting...
2025-12-23 12:58:02,873 - music_tracker - INFO - Starting song collection (last 1 hours)
2025-12-23 12:58:02,874 - music_tracker - INFO - Fetching recent tracks from Spotify...
2025-12-23 12:58:03,247 - music_tracker - INFO - No recent songs found from Spotify
2025-12-23 12:58:03,249 - music_tracker - INFO - No new songs found from Spotify API
2025-12-23 12:58:03,249 - music_tracker - INFO - Song collection completed successfully
2025-12-23 13:58:03,186 - music_tracker - INFO - SpotiSpy song collection starting...
2025-12-23 13:58:03,186 - music_tracker - INFO - Starting song collection (last 1 hours)
2025-12-23 13:58:03,187 - music_tracker - INFO - Fetching recent tracks from Spotify...
2025-12-23 13:58:03,810 - music_tracker - INFO - Fetched 7 songs from Spotify
2025-12-23 13:58:03,813 - music_tracker - INFO - Found 7 songs from Spotify API
2025-12-23 13:58:03,814 - music_tracker - INFO - Checking for duplicates in database...
2025-12-23 13:58:05,344 - music_tracker - INFO - Found 7 new songs out of 7 total
2025-12-23 13:58:05,346 - music_tracker - INFO - Found 7 new songs to save
2025-12-23 13:58:05,347 - music_tracker - INFO - Saving songs to database...
2025-12-23 13:58:05,707 - music_tracker - INFO - Successfully saved 7 songs to database
2025-12-23 13:58:05,710 - music_tracker - INFO - Successfully saved 7 songs to database
2025-12-23 13:58:05,710 - music_tracker - INFO - Song collection completed successfully
2025-12-23 14:58:02,672 - music_tracker - INFO - SpotiSpy song collection starting...
2025-12-23 14:58:02,673 - music_tracker - INFO - Starting song collection (last 1 hours)
2025-12-23 14:58:02,673 - music_tracker - INFO - Fetching recent tracks from Spotify...
2025-12-23 14:58:03,216 - music_tracker - INFO - Fetched 14 songs from Spotify
2025-12-23 14:58:03,219 - music_tracker - INFO - Found 14 songs from Spotify API
2025-12-23 14:58:03,220 - music_tracker - INFO - Checking for duplicates in database...
2025-12-23 14:58:04,552 - music_tracker - INFO - Found 14 new songs out of 14 total
2025-12-23 14:58:04,554 - music_tracker - INFO - Found 14 new songs to save
2025-12-23 14:58:04,555 - music_tracker - INFO - Saving songs to database...
2025-12-23 14:58:04,843 - music_tracker - INFO - Successfully saved 14 songs to database
2025-12-23 14:58:04,845 - music_tracker - INFO - Successfully saved 14 songs to database
2025-12-23 14:58:04,845 - music_tracker - INFO - Song collection completed successfully
2025-12-23 15:58:02,750 - music_tracker - INFO - SpotiSpy song collection starting...
2025-12-23 15:58:02,750 - music_tracker - INFO - Starting song collection (last 1 hours)
2025-12-23 15:58:02,751 - music_tracker - INFO - Fetching recent tracks from Spotify...
2025-12-23 15:58:03,338 - music_tracker - INFO - Fetched 15 songs from Spotify
2025-12-23 15:58:03,341 - music_tracker - INFO - Found 15 songs from Spotify API
2025-12-23 15:58:03,341 - music_tracker - INFO - Checking for duplicates in database...
2025-12-23 15:58:04,791 - music_tracker - INFO - Found 15 new songs out of 15 total
2025-12-23 15:58:04,793 - music_tracker - INFO - Found 15 new songs to save
2025-12-23 15:58:04,794 - music_tracker - INFO - Saving songs to database...
2025-12-23 15:58:05,090 - music_tracker - INFO - Successfully saved 15 songs to database
2025-12-23 15:58:05,093 - music_tracker - INFO - Successfully saved 15 songs to database
2025-12-23 15:58:05,093 - music_tracker - INFO - Song collection completed successfully
2025-12-23 16:58:03,008 - music_tracker - INFO - SpotiSpy song collection starting...
2025-12-23 16:58:03,008 - music_tracker - INFO - Starting song collection (last 1 hours)
2025-12-23 16:58:03,009 - music_tracker - INFO - Fetching recent tracks from Spotify...
2025-12-23 16:58:03,506 - music_tracker - INFO - Fetched 16 songs from Spotify
2025-12-23 16:58:03,509 - music_tracker - INFO - Found 16 songs from Spotify API
2025-12-23 16:58:03,509 - music_tracker - INFO - Checking for duplicates in database...
2025-12-23 16:58:05,001 - music_tracker - INFO - Found 16 new songs out of 16 total
2025-12-23 16:58:05,003 - music_tracker - INFO - Found 16 new songs to save
2025-12-23 16:58:05,004 - music_tracker - INFO - Saving songs to database...
2025-12-23 16:58:05,429 - music_tracker - INFO - Successfully saved 16 songs to database
2025-12-23 16:58:05,431 - music_tracker - INFO - Successfully saved 16 songs to database
2025-12-23 16:58:05,432 - music_tracker - INFO - Song collection completed successfully
2025-12-23 17:58:03,360 - music_tracker - INFO - SpotiSpy song collection starting...
2025-12-23 17:58:03,361 - music_tracker - INFO - Starting song collection (last 1 hours)
2025-12-23 17:58:03,361 - music_tracker - INFO - Fetching recent tracks from Spotify...
2025-12-23 17:58:03,781 - music_tracker - INFO - Fetched 1 songs from Spotify
2025-12-23 17:58:03,783 - music_tracker - INFO - Found 1 songs from Spotify API
2025-12-23 17:58:03,784 - music_tracker - INFO - Checking for duplicates in database...
2025-12-23 17:58:05,177 - music_tracker - INFO - Found 1 new songs out of 1 total
2025-12-23 17:58:05,179 - music_tracker - INFO - Found 1 new songs to save
2025-12-23 17:58:05,180 - music_tracker - INFO - Saving songs to database...
2025-12-23 17:58:05,533 - music_tracker - INFO - Successfully saved 1 songs to database
2025-12-23 17:58:05,535 - music_tracker - INFO - Successfully saved 1 songs to database
2025-12-23 17:58:05,536 - music_tracker - INFO - Song collection completed successfully
2025-12-23 18:58:03,467 - music_tracker - INFO - SpotiSpy song collection starting...
2025-12-23 18:58:03,468 - music_tracker - INFO - Starting song collection (last 1 hours)
2025-12-23 18:58:03,468 - music_tracker - INFO - Fetching recent tracks from Spotify...
2025-12-23 18:58:03,875 - music_tracker - INFO - No recent songs found from Spotify
2025-12-23 18:58:03,877 - music_tracker - INFO - No new songs found from Spotify API
2025-12-23 18:58:03,878 - music_tracker - INFO - Song collection completed successfully
2025-12-23 19:58:02,765 - music_tracker - INFO - SpotiSpy song collection starting...
2025-12-23 19:58:02,766 - music_tracker - INFO - Starting song collection (last 1 hours)
2025-12-23 19:58:02,766 - music_tracker - INFO - Fetching recent tracks from Spotify...
2025-12-23 19:58:03,178 - music_tracker - INFO - No recent songs found from Spotify
2025-12-23 19:58:03,180 - music_tracker - INFO - No new songs found from Spotify API
2025-12-23 19:58:03,181 - music_tracker - INFO - Song collection completed successfully
2025-12-23 20:58:03,085 - music_tracker - INFO - SpotiSpy song collection starting...
2025-12-23 20:58:03,085 - music_tracker - INFO - Starting song collection (last 1 hours)
2025-12-23 20:58:03,086 - music_tracker - INFO - Fetching recent tracks from Spotify...
2025-12-23 20:58:03,480 - music_tracker - INFO - No recent songs found from Spotify
2025-12-23 20:58:03,483 - music_tracker - INFO - No new songs found from Spotify API
2025-12-23 20:58:03,483 - music_tracker - INFO - Song collection completed successfully
2025-12-23 21:58:03,403 - music_tracker - INFO - SpotiSpy song collection starting...
2025-12-23 21:58:03,404 - music_tracker - INFO - Starting song collection (last 1 hours)
2025-12-23 21:58:03,405 - music_tracker - INFO - Fetching recent tracks from Spotify...
2025-12-23 21:58:03,775 - music_tracker - INFO - No recent songs found from Spotify
2025-12-23 21:58:03,777 - music_tracker - INFO - No new songs found from Spotify API
2025-12-23 21:58:03,778 - music_tracker - INFO - Song collection completed successfully
2025-12-23 22:58:02,712 - music_tracker - INFO - SpotiSpy song collection starting...
2025-12-23 22:58:02,713 - music_tracker - INFO - Starting song collection (last 1 hours)
2025-12-23 22:58:02,714 - music_tracker - INFO - Fetching recent tracks from Spotify...
2025-12-23 22:58:03,074 - music_tracker - INFO - No recent songs found from Spotify
2025-12-23 22:58:03,076 - music_tracker - INFO - No new songs found from Spotify API
2025-12-23 22:58:03,077 - music_tracker - INFO - Song collection completed successfully
2025-12-23 23:58:02,969 - music_tracker - INFO - SpotiSpy song collection starting...
2025-12-23 23:58:02,969 - music_tracker - INFO - Starting song collection (last 1 hours)
2025-12-23 23:58:02,970 - music_tracker - INFO - Fetching recent tracks from Spotify...
2025-12-23 23:58:03,316 - music_tracker - INFO - No recent songs found from Spotify
2025-12-23 23:58:03,318 - music_tracker - INFO - No new songs found from Spotify API
2025-12-23 23:58:03,318 - music_tracker - INFO - Song collection completed successfully
