2026-01-07 00:58:03,326 - music_tracker - INFO - SpotiSpy song collection starting...
2026-01-07 00:58:03,327 - music_tracker - INFO - Starting song collection (last 1 hours)
2026-01-07 00:58:03,328 - music_tracker - INFO - Fetching recent tracks from Spotify...
2026-01-07 00:58:03,689 - music_tracker - INFO - No recent songs found from Spotify
2026-01-07 00:58:03,692 - music_tracker - INFO - No new songs found from Spotify API
2026-01-07 00:58:03,692 - music_tracker - INFO - Song collection completed successfully
2026-01-07 01:58:03,604 - music_tracker - INFO - SpotiSpy song collection starting...
2026-01-07 01:58:03,605 - music_tracker - INFO - Starting song collection (last 1 hours)
2026-01-07 01:58:03,606 - music_tracker - INFO - Fetching recent tracks from Spotify...
2026-01-07 01:58:04,024 - music_tracker - INFO - No recent songs found from Spotify
2026-01-07 01:58:04,026 - music_tracker - INFO - No new songs found from Spotify API
2026-01-07 01:58:04,027 - music_tracker - INFO - Song collection completed successfully
2026-01-07 02:58:02,892 - music_tracker - INFO - SpotiSpy song collection starting...
2026-01-07 02:58:02,893 - music_tracker - INFO - Starting song collection (last 1 hours)
2026-01-07 02:58:02,893 - music_tracker - INFO - Fetching recent tracks from Spotify...
2026-01-07 02:58:03,281 - music_tracker - INFO - No recent songs found from Spotify
2026-01-07 02:58:03,283 - music_tracker - INFO - No new songs found from Spotify API
2026-01-07 02:58:03,283 - music_tracker - INFO - Song collection completed successfully
2026-01-07 03:58:03,129 - music_tracker - INFO - SpotiSpy song collection starting...
2026-01-07 03:58:03,129 - music_tracker - INFO - Starting song collection (last 1 hours)
2026-01-07 03:58:03,130 - music_tracker - INFO - Fetching recent tracks from Spotify...
2026-01-07 03:58:03,494 - music_tracker - INFO - No recent songs found from Spotify
2026-01-07 03:58:03,496 - music_tracker - INFO - No new songs found from Spotify API
2026-01-07 03:58:03,496 - music_tracker - INFO - Song collection completed successfully
2026-01-07 04:58:03,339 - music_tracker - INFO - SpotiSpy song collection starting...
2026-01-07 04:58:03,339 - music_tracker - INFO - Starting song collection (last 1 hours)
2026-01-07 04:58:03,340 - music_tracker - INFO - Fetching recent tracks from Spotify...
2026-01-07 04:58:03,677 - music_tracker - INFO - No recent songs found from Spotify
2026-01-07 04:58:03,679 - music_tracker - INFO - No new songs found from Spotify API
2026-01-07 04:58:03,680 - music_tracker - INFO - Song collection completed successfully
2026-01-07 05:58:03,518 - music_tracker - INFO - SpotiSpy song collection starting...
2026-01-07 05:58:03,518 - music_tracker - INFO - Starting song collection (last 1 hours)
2026-01-07 05:58:03,519 - music_tracker - INFO - Fetching recent tracks from Spotify...
2026-01-07 05:58:03,886 - music_tracker - INFO - No recent songs found from Spotify
2026-01-07 05:58:03,889 - music_tracker - INFO - No new songs found from Spotify API
2026-01-07 05:58:03,889 - music_tracker - INFO - Song collection completed successfully
2026-01-07 06:58:02,916 - music_tracker - INFO - SpotiSpy song collection starting...
2026-01-07 06:58:02,917 - music_tracker - INFO - Starting song collection (last 1 hours)
2026-01-07 06:58:02,918 - music_tracker - INFO - Fetching recent tracks from Spotify...
2026-01-07 06:58:03,322 - music_tracker - INFO - No recent songs found from Spotify
2026-01-07 06:58:03,324 - music_tracker - INFO - No new songs found from Spotify API
2026-01-07 06:58:03,325 - music_tracker - INFO - Song collection completed successfully
2026-01-07 07:58:03,173 - music_tracker - INFO - SpotiSpy song collection starting...
2026-01-07 07:58:03,174 - music_tracker - INFO - Starting song collection (last 1 hours)
2026-01-07 07:58:03,175 - music_tracker - INFO - Fetching recent tracks from Spotify...
2026-01-07 07:58:03,550 - music_tracker - INFO - No recent songs found from Spotify
2026-01-07 07:58:03,553 - music_tracker - INFO - No new songs found from Spotify API
2026-01-07 07:58:03,553 - music_tracker - INFO - Song collection completed successfully
2026-01-07 08:58:03,398 - music_tracker - INFO - SpotiSpy song collection starting...
2026-01-07 08:58:03,398 - music_tracker - INFO - Starting song collection (last 1 hours)
2026-01-07 08:58:03,399 - music_tracker - INFO - Fetching recent tracks from Spotify...
2026-01-07 08:58:08,869 - music_tracker - INFO - No recent songs found from Spotify
2026-01-07 08:58:08,872 - music_tracker - INFO - No new songs found from Spotify API
2026-01-07 08:58:08,872 - music_tracker - INFO - Song collection completed successfully
2026-01-07 09:00:12,943 - music_tracker - INFO - SpotiSpy starting...
2026-01-07 09:00:12,944 - music_tracker - INFO - Starting daily SpotiSpy analysis
2026-01-07 09:00:12,945 - music_tracker - INFO - Fetching yesterday's listening data...
2026-01-07 09:00:14,711 - music_tracker - INFO - Fetched 54 songs from database
2026-01-07 09:00:14,713 - music_tracker - INFO - Found 54 songs to analyze
2026-01-07 09:00:14,713 - music_tracker - INFO - Running analysis...
2026-01-07 09:00:14,718 - music_tracker - INFO - Sending daily summary to Slack...
2026-01-07 09:00:15,610 - music_tracker - INFO - Message sent successfully to Slack
2026-01-07 09:00:15,611 - music_tracker - INFO - Daily analysis completed successfully!
2026-01-07 09:00:15,611 - music_tracker - INFO - SpotiSpy completed successfully
2026-01-07 09:58:03,427 - music_tracker - INFO - SpotiSpy song collection starting...
2026-01-07 09:58:03,428 - music_tracker - INFO - Starting song collection (last 1 hours)
2026-01-07 09:58:03,428 - music_tracker - INFO - Fetching recent tracks from Spotify...
2026-01-07 09:58:03,845 - music_tracker - INFO - Fetched 5 songs from Spotify
2026-01-07 09:58:03,847 - music_tracker - INFO - Found 5 songs from Spotify API
2026-01-07 09:58:03,848 - music_tracker - INFO - Checking for duplicates in database...
2026-01-07 09:58:05,290 - music_tracker - INFO - Found 5 new songs out of 5 total
2026-01-07 09:58:05,292 - music_tracker - INFO - Found 5 new songs to save
2026-01-07 09:58:05,292 - music_tracker - INFO - Saving songs to database...
2026-01-07 09:58:05,655 - music_tracker - INFO - Successfully saved 5 songs to database
2026-01-07 09:58:05,656 - music_tracker - INFO - Successfully saved 5 songs to database
2026-01-07 09:58:05,657 - music_tracker - INFO - Song collection completed successfully
2026-01-07 10:58:03,539 - music_tracker - INFO - SpotiSpy song collection starting...
2026-01-07 10:58:03,539 - music_tracker - INFO - Starting song collection (last 1 hours)
2026-01-07 10:58:03,540 - music_tracker - INFO - Fetching recent tracks from Spotify...
2026-01-07 10:58:04,007 - music_tracker - INFO - Fetched 19 songs from Spotify
2026-01-07 10:58:04,011 - music_tracker - INFO - Found 19 songs from Spotify API
2026-01-07 10:58:04,011 - music_tracker - INFO - Checking for duplicates in database...
2026-01-07 10:58:05,470 - music_tracker - INFO - Found 19 new songs out of 19 total
2026-01-07 10:58:05,472 - music_tracker - INFO - Found 19 new songs to save
2026-01-07 10:58:05,472 - music_tracker - INFO - Saving songs to database...
2026-01-07 10:58:05,781 - music_tracker - INFO - Successfully saved 19 songs to database
2026-01-07 10:58:05,783 - music_tracker - INFO - Successfully saved 19 songs to database
2026-01-07 10:58:05,783 - music_tracker - INFO - Song collection completed successfully
2026-01-07 11:58:02,619 - music_tracker - INFO - SpotiSpy song collection starting...
2026-01-07 11:58:02,619 - music_tracker - INFO - Starting song collection (last 1 hours)
2026-01-07 11:58:02,620 - music_tracker - INFO - Fetching recent tracks from Spotify...
2026-01-07 11:58:03,080 - music_tracker - INFO - Fetched 9 songs from Spotify
2026-01-07 11:58:03,083 - music_tracker - INFO - Found 9 songs from Spotify API
2026-01-07 11:58:03,083 - music_tracker - INFO - Checking for duplicates in database...
2026-01-07 11:58:04,567 - music_tracker - INFO - Found 9 new songs out of 9 total
2026-01-07 11:58:04,568 - music_tracker - INFO - Found 9 new songs to save
2026-01-07 11:58:04,569 - music_tracker - INFO - Saving songs to database...
2026-01-07 11:58:04,913 - music_tracker - INFO - Successfully saved 9 songs to database
2026-01-07 11:58:04,915 - music_tracker - INFO - Successfully saved 9 songs to database
2026-01-07 11:58:04,915 - music_tracker - INFO - Song collection completed successfully
2026-01-07 12:58:02,755 - music_tracker - INFO - SpotiSpy song collection starting...
2026-01-07 12:58:02,755 - music_tracker - INFO - Starting song collection (last 1 hours)
2026-01-07 12:58:02,756 - music_tracker - INFO - Fetching recent tracks from Spotify...
2026-01-07 12:58:03,205 - music_tracker - INFO - Fetched 3 songs from Spotify
2026-01-07 12:58:03,207 - music_tracker - INFO - Found 3 songs from Spotify API
2026-01-07 12:58:03,208 - music_tracker - INFO - Checking for duplicates in database...
2026-01-07 12:58:04,593 - music_tracker - INFO - Found 3 new songs out of 3 total
2026-01-07 12:58:04,594 - music_tracker - INFO - Found 3 new songs to save
2026-01-07 12:58:04,595 - music_tracker - INFO - Saving songs to database...
2026-01-07 12:58:04,927 - music_tracker - INFO - Successfully saved 3 songs to database
2026-01-07 12:58:04,929 - music_tracker - INFO - Successfully saved 3 songs to database
2026-01-07 12:58:04,929 - music_tracker - INFO - Song collection completed successfully
2026-01-07 13:58:02,769 - music_tracker - INFO - SpotiSpy song collection starting...
2026-01-07 13:58:02,769 - music_tracker - INFO - Starting song collection (last 1 hours)
2026-01-07 13:58:02,770 - music_tracker - INFO - Fetching recent tracks from Spotify...
2026-01-07 13:58:03,452 - music_tracker - INFO - Fetched 15 songs from Spotify
2026-01-07 13:58:03,455 - music_tracker - INFO - Found 15 songs from Spotify API
2026-01-07 13:58:03,455 - music_tracker - INFO - Checking for duplicates in database...
2026-01-07 13:58:04,869 - music_tracker - INFO - Found 15 new songs out of 15 total
2026-01-07 13:58:04,870 - music_tracker - INFO - Found 15 new songs to save
2026-01-07 13:58:04,871 - music_tracker - INFO - Saving songs to database...
2026-01-07 13:58:05,273 - music_tracker - INFO - Successfully saved 15 songs to database
2026-01-07 13:58:05,275 - music_tracker - INFO - Successfully saved 15 songs to database
2026-01-07 13:58:05,275 - music_tracker - INFO - Song collection completed successfully
2026-01-07 14:58:03,115 - music_tracker - INFO - SpotiSpy song collection starting...
2026-01-07 14:58:03,116 - music_tracker - INFO - Starting song collection (last 1 hours)
2026-01-07 14:58:03,117 - music_tracker - INFO - Fetching recent tracks from Spotify...
2026-01-07 14:58:03,921 - music_tracker - INFO - Fetched 12 songs from Spotify
2026-01-07 14:58:03,924 - music_tracker - INFO - Found 12 songs from Spotify API
2026-01-07 14:58:03,924 - music_tracker - INFO - Checking for duplicates in database...
2026-01-07 14:58:05,395 - music_tracker - INFO - Found 12 new songs out of 12 total
2026-01-07 14:58:05,397 - music_tracker - INFO - Found 12 new songs to save
2026-01-07 14:58:05,397 - music_tracker - INFO - Saving songs to database...
2026-01-07 14:58:05,685 - music_tracker - INFO - Successfully saved 12 songs to database
2026-01-07 14:58:05,687 - music_tracker - INFO - Successfully saved 12 songs to database
2026-01-07 14:58:05,687 - music_tracker - INFO - Song collection completed successfully
2026-01-07 15:58:03,523 - music_tracker - INFO - SpotiSpy song collection starting...
2026-01-07 15:58:03,523 - music_tracker - INFO - Starting song collection (last 1 hours)
2026-01-07 15:58:03,524 - music_tracker - INFO - Fetching recent tracks from Spotify...
2026-01-07 15:58:04,031 - music_tracker - INFO - Fetched 4 songs from Spotify
2026-01-07 15:58:04,033 - music_tracker - INFO - Found 4 songs from Spotify API
2026-01-07 15:58:04,034 - music_tracker - INFO - Checking for duplicates in database...
2026-01-07 15:58:05,454 - music_tracker - INFO - Found 4 new songs out of 4 total
2026-01-07 15:58:05,456 - music_tracker - INFO - Found 4 new songs to save
2026-01-07 15:58:05,456 - music_tracker - INFO - Saving songs to database...
2026-01-07 15:58:05,700 - music_tracker - INFO - Successfully saved 4 songs to database
2026-01-07 15:58:05,702 - music_tracker - INFO - Successfully saved 4 songs to database
2026-01-07 15:58:05,702 - music_tracker - INFO - Song collection completed successfully
2026-01-07 16:58:03,539 - music_tracker - INFO - SpotiSpy song collection starting...
2026-01-07 16:58:03,539 - music_tracker - INFO - Starting song collection (last 1 hours)
2026-01-07 16:58:03,540 - music_tracker - INFO - Fetching recent tracks from Spotify...
2026-01-07 16:58:04,038 - music_tracker - INFO - Fetched 8 songs from Spotify
2026-01-07 16:58:04,041 - music_tracker - INFO - Found 8 songs from Spotify API
2026-01-07 16:58:04,041 - music_tracker - INFO - Checking for duplicates in database...
2026-01-07 16:58:05,435 - music_tracker - INFO - Found 8 new songs out of 8 total
2026-01-07 16:58:05,436 - music_tracker - INFO - Found 8 new songs to save
2026-01-07 16:58:05,437 - music_tracker - INFO - Saving songs to database...
2026-01-07 16:58:05,673 - music_tracker - INFO - Successfully saved 8 songs to database
2026-01-07 16:58:05,675 - music_tracker - INFO - Successfully saved 8 songs to database
2026-01-07 16:58:05,675 - music_tracker - INFO - Song collection completed successfully
2026-01-07 17:58:03,512 - music_tracker - INFO - SpotiSpy song collection starting...
2026-01-07 17:58:03,513 - music_tracker - INFO - Starting song collection (last 1 hours)
2026-01-07 17:58:03,514 - music_tracker - INFO - Fetching recent tracks from Spotify...
2026-01-07 17:58:03,932 - music_tracker - INFO - Fetched 4 songs from Spotify
2026-01-07 17:58:03,935 - music_tracker - INFO - Found 4 songs from Spotify API
2026-01-07 17:58:03,935 - music_tracker - INFO - Checking for duplicates in database...
2026-01-07 17:58:05,390 - music_tracker - INFO - Found 4 new songs out of 4 total
2026-01-07 17:58:05,391 - music_tracker - INFO - Found 4 new songs to save
2026-01-07 17:58:05,392 - music_tracker - INFO - Saving songs to database...
2026-01-07 17:58:05,644 - music_tracker - INFO - Successfully saved 4 songs to database
2026-01-07 17:58:05,646 - music_tracker - INFO - Successfully saved 4 songs to database
2026-01-07 17:58:05,646 - music_tracker - INFO - Song collection completed successfully
2026-01-07 18:58:03,481 - music_tracker - INFO - SpotiSpy song collection starting...
2026-01-07 18:58:03,482 - music_tracker - INFO - Starting song collection (last 1 hours)
2026-01-07 18:58:03,482 - music_tracker - INFO - Fetching recent tracks from Spotify...
2026-01-07 18:58:03,839 - music_tracker - INFO - No recent songs found from Spotify
2026-01-07 18:58:03,841 - music_tracker - INFO - No new songs found from Spotify API
2026-01-07 18:58:03,842 - music_tracker - INFO - Song collection completed successfully
2026-01-07 19:58:02,672 - music_tracker - INFO - SpotiSpy song collection starting...
2026-01-07 19:58:02,673 - music_tracker - INFO - Starting song collection (last 1 hours)
2026-01-07 19:58:02,673 - music_tracker - INFO - Fetching recent tracks from Spotify...
2026-01-07 19:58:03,034 - music_tracker - INFO - No recent songs found from Spotify
2026-01-07 19:58:03,037 - music_tracker - INFO - No new songs found from Spotify API
2026-01-07 19:58:03,037 - music_tracker - INFO - Song collection completed successfully
2026-01-07 20:58:02,924 - music_tracker - INFO - SpotiSpy song collection starting...
2026-01-07 20:58:02,924 - music_tracker - INFO - Starting song collection (last 1 hours)
2026-01-07 20:58:02,925 - music_tracker - INFO - Fetching recent tracks from Spotify...
2026-01-07 20:58:03,319 - music_tracker - INFO - No recent songs found from Spotify
2026-01-07 20:58:03,321 - music_tracker - INFO - No new songs found from Spotify API
2026-01-07 20:58:03,321 - music_tracker - INFO - Song collection completed successfully
2026-01-07 21:58:03,168 - music_tracker - INFO - SpotiSpy song collection starting...
2026-01-07 21:58:03,169 - music_tracker - INFO - Starting song collection (last 1 hours)
2026-01-07 21:58:03,170 - music_tracker - INFO - Fetching recent tracks from Spotify...
2026-01-07 21:58:03,510 - music_tracker - INFO - No recent songs found from Spotify
2026-01-07 21:58:03,513 - music_tracker - INFO - No new songs found from Spotify API
2026-01-07 21:58:03,513 - music_tracker - INFO - Song collection completed successfully
2026-01-07 22:58:03,354 - music_tracker - INFO - SpotiSpy song collection starting...
2026-01-07 22:58:03,354 - music_tracker - INFO - Starting song collection (last 1 hours)
2026-01-07 22:58:03,355 - music_tracker - INFO - Fetching recent tracks from Spotify...
2026-01-07 22:58:03,682 - music_tracker - INFO - No recent songs found from Spotify
2026-01-07 22:58:03,684 - music_tracker - INFO - No new songs found from Spotify API
2026-01-07 22:58:03,685 - music_tracker - INFO - Song collection completed successfully
2026-01-07 23:58:03,521 - music_tracker - INFO - SpotiSpy song collection starting...
2026-01-07 23:58:03,522 - music_tracker - INFO - Starting song collection (last 1 hours)
2026-01-07 23:58:03,523 - music_tracker - INFO - Fetching recent tracks from Spotify...
2026-01-07 23:58:03,869 - music_tracker - INFO - No recent songs found from Spotify
2026-01-07 23:58:03,871 - music_tracker - INFO - No new songs found from Spotify API
2026-01-07 23:58:03,871 - music_tracker - INFO - Song collection completed successfully
