2025-07-02 00:58:06,608 - music_tracker - INFO - Zero songs listened to
2025-07-02 00:58:06,609 - music_tracker - INFO - No songs uploaded.
2025-07-02 01:58:07,311 - music_tracker - INFO - Zero songs listened to
2025-07-02 01:58:07,312 - music_tracker - INFO - No songs uploaded.
2025-07-02 02:58:07,025 - music_tracker - INFO - Zero songs listened to
2025-07-02 02:58:07,026 - music_tracker - INFO - No songs uploaded.
2025-07-02 03:58:06,766 - music_tracker - INFO - Zero songs listened to
2025-07-02 03:58:06,766 - music_tracker - INFO - No songs uploaded.
2025-07-02 04:58:06,478 - music_tracker - INFO - Zero songs listened to
2025-07-02 04:58:06,479 - music_tracker - INFO - No songs uploaded.
2025-07-02 05:58:07,224 - music_tracker - INFO - Zero songs listened to
2025-07-02 05:58:07,224 - music_tracker - INFO - No songs uploaded.
2025-07-02 06:58:07,020 - music_tracker - INFO - Zero songs listened to
2025-07-02 06:58:07,021 - music_tracker - INFO - No songs uploaded.
2025-07-02 07:58:06,742 - music_tracker - INFO - Zero songs listened to
2025-07-02 07:58:06,742 - music_tracker - INFO - No songs uploaded.
2025-07-02 08:58:06,478 - music_tracker - INFO - Zero songs listened to
2025-07-02 08:58:06,478 - music_tracker - INFO - No songs uploaded.
2025-07-02 09:00:11,921 - music_tracker - INFO - Starting music tracker analysis
2025-07-02 09:00:11,921 - music_tracker - INFO - Fetching data
2025-07-02 09:00:12,445 - music_tracker - INFO - Fetched 41 recent songs
2025-07-02 09:00:12,448 - music_tracker - INFO - Running top listens analysis
2025-07-02 09:00:12,448 - music_tracker - INFO - Calculating top songs listens
2025-07-02 09:00:12,449 - music_tracker - INFO - Sending message with top 2 songs
2025-07-02 09:00:13,288 - music_tracker - INFO - Message successfully sent!
2025-07-02 09:00:13,288 - music_tracker - INFO - Calculating top albums listens
2025-07-02 09:00:13,289 - music_tracker - INFO - Sending message with top 3 albums
2025-07-02 09:00:14,793 - music_tracker - INFO - Message successfully sent!
2025-07-02 09:00:14,794 - music_tracker - INFO - Calculating top artists listens
2025-07-02 09:00:14,794 - music_tracker - INFO - Sending message with top 3 artists
2025-07-02 09:00:15,635 - music_tracker - INFO - Message successfully sent!
2025-07-02 09:00:15,636 - music_tracker - INFO - Running popularity and listening hours analysis
2025-07-02 09:00:15,636 - music_tracker - INFO - Finding most popular track
2025-07-02 09:00:15,636 - music_tracker - INFO - Most popular song found: End of Beginning with score 92
2025-07-02 09:00:16,337 - music_tracker - INFO - Message successfully sent!
2025-07-02 09:00:16,338 - music_tracker - INFO - Calculating most listened hour
2025-07-02 09:00:16,338 - music_tracker - INFO - Most listened hour: 16:00 with 43:22
2025-07-02 09:00:17,052 - music_tracker - INFO - Message successfully sent!
2025-07-02 09:00:17,053 - music_tracker - INFO - Analysis completed successfully

2025-07-02 09:58:07,859 - music_tracker - INFO - Uploading 2 songs
2025-07-02 10:58:10,788 - music_tracker - INFO - Uploading 16 songs
2025-07-02 11:58:09,489 - music_tracker - INFO - Uploading 10 songs
2025-07-02 12:58:09,391 - music_tracker - INFO - Uploading 8 songs
2025-07-02 13:58:10,397 - music_tracker - INFO - Uploading 13 songs
2025-07-02 14:58:08,264 - music_tracker - INFO - Uploading 3 songs
2025-07-02 15:58:10,768 - music_tracker - INFO - Uploading 15 songs
2025-07-02 16:58:10,881 - music_tracker - INFO - Uploading 16 songs
2025-07-02 17:58:09,050 - music_tracker - INFO - Uploading 9 songs
2025-07-02 18:58:09,708 - music_tracker - INFO - Uploading 12 songs
2025-07-02 19:58:06,432 - music_tracker - INFO - Zero songs listened to
2025-07-02 19:58:06,432 - music_tracker - INFO - No songs uploaded.
2025-07-02 20:58:07,153 - music_tracker - INFO - Zero songs listened to
2025-07-02 20:58:07,153 - music_tracker - INFO - No songs uploaded.
2025-07-02 21:58:08,211 - music_tracker - INFO - Uploading 4 songs
2025-07-02 22:58:09,061 - music_tracker - INFO - Uploading 7 songs
2025-07-02 23:58:13,100 - music_tracker - INFO - Uploading 3 songs
