2025-11-24 11:58:04,153 - music_tracker - INFO - SpotiSpy song collection starting...
2025-11-24 11:58:04,154 - music_tracker - INFO - Starting song collection (last 1 hours)
2025-11-24 11:58:04,155 - music_tracker - INFO - Fetching recent tracks from Spotify...
2025-11-24 11:58:04,652 - music_tracker - INFO - Fetched 1 songs from Spotify
2025-11-24 11:58:04,654 - music_tracker - INFO - Found 1 songs from Spotify API
2025-11-24 11:58:04,655 - music_tracker - INFO - Checking for duplicates in database...
2025-11-24 11:58:05,905 - music_tracker - INFO - Found 1 new songs out of 1 total
2025-11-24 11:58:05,907 - music_tracker - INFO - Found 1 new songs to save
2025-11-24 11:58:05,908 - music_tracker - INFO - Saving songs to database...
2025-11-24 11:58:06,271 - music_tracker - INFO - Successfully saved 1 songs to database
2025-11-24 11:58:06,273 - music_tracker - INFO - Successfully saved 1 songs to database
2025-11-24 11:58:06,274 - music_tracker - INFO - Song collection completed successfully
2025-11-24 12:58:03,282 - music_tracker - INFO - SpotiSpy song collection starting...
2025-11-24 12:58:03,282 - music_tracker - INFO - Starting song collection (last 1 hours)
2025-11-24 12:58:03,283 - music_tracker - INFO - Fetching recent tracks from Spotify...
2025-11-24 12:58:03,634 - music_tracker - INFO - No recent songs found from Spotify
2025-11-24 12:58:03,636 - music_tracker - INFO - No new songs found from Spotify API
2025-11-24 12:58:03,637 - music_tracker - INFO - Song collection completed successfully
2025-11-24 13:58:03,533 - music_tracker - INFO - SpotiSpy song collection starting...
2025-11-24 13:58:03,534 - music_tracker - INFO - Starting song collection (last 1 hours)
2025-11-24 13:58:03,534 - music_tracker - INFO - Fetching recent tracks from Spotify...
2025-11-24 13:58:03,897 - music_tracker - INFO - No recent songs found from Spotify
2025-11-24 13:58:03,899 - music_tracker - INFO - No new songs found from Spotify API
2025-11-24 13:58:03,900 - music_tracker - INFO - Song collection completed successfully
2025-11-24 14:58:02,796 - music_tracker - INFO - SpotiSpy song collection starting...
2025-11-24 14:58:02,797 - music_tracker - INFO - Starting song collection (last 1 hours)
2025-11-24 14:58:02,797 - music_tracker - INFO - Fetching recent tracks from Spotify...
2025-11-24 14:58:03,449 - music_tracker - INFO - Fetched 17 songs from Spotify
2025-11-24 14:58:03,453 - music_tracker - INFO - Found 17 songs from Spotify API
2025-11-24 14:58:03,454 - music_tracker - INFO - Checking for duplicates in database...
2025-11-24 14:58:05,069 - music_tracker - INFO - Found 17 new songs out of 17 total
2025-11-24 14:58:05,071 - music_tracker - INFO - Found 17 new songs to save
2025-11-24 14:58:05,072 - music_tracker - INFO - Saving songs to database...
2025-11-24 14:58:05,426 - music_tracker - INFO - Successfully saved 17 songs to database
2025-11-24 14:58:05,428 - music_tracker - INFO - Successfully saved 17 songs to database
2025-11-24 14:58:05,429 - music_tracker - INFO - Song collection completed successfully
2025-11-24 15:58:03,345 - music_tracker - INFO - SpotiSpy song collection starting...
2025-11-24 15:58:03,346 - music_tracker - INFO - Starting song collection (last 1 hours)
2025-11-24 15:58:03,347 - music_tracker - INFO - Fetching recent tracks from Spotify...
2025-11-24 15:58:03,919 - music_tracker - INFO - Fetched 16 songs from Spotify
2025-11-24 15:58:03,922 - music_tracker - INFO - Found 16 songs from Spotify API
2025-11-24 15:58:03,923 - music_tracker - INFO - Checking for duplicates in database...
2025-11-24 15:58:05,403 - music_tracker - INFO - Found 16 new songs out of 16 total
2025-11-24 15:58:05,405 - music_tracker - INFO - Found 16 new songs to save
2025-11-24 15:58:05,406 - music_tracker - INFO - Saving songs to database...
2025-11-24 15:58:05,742 - music_tracker - INFO - Successfully saved 16 songs to database
2025-11-24 15:58:05,743 - music_tracker - INFO - Successfully saved 16 songs to database
2025-11-24 15:58:05,744 - music_tracker - INFO - Song collection completed successfully
2025-11-24 16:58:02,642 - music_tracker - INFO - SpotiSpy song collection starting...
2025-11-24 16:58:02,642 - music_tracker - INFO - Starting song collection (last 1 hours)
2025-11-24 16:58:02,643 - music_tracker - INFO - Fetching recent tracks from Spotify...
2025-11-24 16:58:03,123 - music_tracker - INFO - Fetched 13 songs from Spotify
2025-11-24 16:58:03,126 - music_tracker - INFO - Found 13 songs from Spotify API
2025-11-24 16:58:03,127 - music_tracker - INFO - Checking for duplicates in database...
2025-11-24 16:58:04,710 - music_tracker - INFO - Found 13 new songs out of 13 total
2025-11-24 16:58:04,712 - music_tracker - INFO - Found 13 new songs to save
2025-11-24 16:58:04,713 - music_tracker - INFO - Saving songs to database...
2025-11-24 16:58:05,046 - music_tracker - INFO - Successfully saved 13 songs to database
2025-11-24 16:58:05,048 - music_tracker - INFO - Successfully saved 13 songs to database
2025-11-24 16:58:05,049 - music_tracker - INFO - Song collection completed successfully
2025-11-24 17:58:03,657 - music_tracker - INFO - SpotiSpy song collection starting...
2025-11-24 17:58:03,657 - music_tracker - INFO - Starting song collection (last 1 hours)
2025-11-24 17:58:03,658 - music_tracker - INFO - Fetching recent tracks from Spotify...
2025-11-24 17:58:04,837 - music_tracker - INFO - Fetched 11 songs from Spotify
2025-11-24 17:58:04,841 - music_tracker - INFO - Found 11 songs from Spotify API
2025-11-24 17:58:04,842 - music_tracker - INFO - Checking for duplicates in database...
2025-11-24 17:58:06,464 - music_tracker - INFO - Found 11 new songs out of 11 total
2025-11-24 17:58:06,470 - music_tracker - INFO - Found 11 new songs to save
2025-11-24 17:58:06,471 - music_tracker - INFO - Saving songs to database...
2025-11-24 17:58:06,815 - music_tracker - INFO - Successfully saved 11 songs to database
2025-11-24 17:58:06,817 - music_tracker - INFO - Successfully saved 11 songs to database
2025-11-24 17:58:06,818 - music_tracker - INFO - Song collection completed successfully
2025-11-24 18:58:02,865 - music_tracker - INFO - SpotiSpy song collection starting...
2025-11-24 18:58:02,866 - music_tracker - INFO - Starting song collection (last 1 hours)
2025-11-24 18:58:02,867 - music_tracker - INFO - Fetching recent tracks from Spotify...
2025-11-24 18:58:03,344 - music_tracker - INFO - Fetched 8 songs from Spotify
2025-11-24 18:58:03,346 - music_tracker - INFO - Found 8 songs from Spotify API
2025-11-24 18:58:03,347 - music_tracker - INFO - Checking for duplicates in database...
2025-11-24 18:58:04,717 - music_tracker - INFO - Found 8 new songs out of 8 total
2025-11-24 18:58:04,719 - music_tracker - INFO - Found 8 new songs to save
2025-11-24 18:58:04,720 - music_tracker - INFO - Saving songs to database...
2025-11-24 18:58:05,073 - music_tracker - INFO - Successfully saved 8 songs to database
2025-11-24 18:58:05,075 - music_tracker - INFO - Successfully saved 8 songs to database
2025-11-24 18:58:05,076 - music_tracker - INFO - Song collection completed successfully
2025-11-24 19:58:03,014 - music_tracker - INFO - SpotiSpy song collection starting...
2025-11-24 19:58:03,014 - music_tracker - INFO - Starting song collection (last 1 hours)
2025-11-24 19:58:03,015 - music_tracker - INFO - Fetching recent tracks from Spotify...
2025-11-24 19:58:03,381 - music_tracker - INFO - No recent songs found from Spotify
2025-11-24 19:58:03,383 - music_tracker - INFO - No new songs found from Spotify API
2025-11-24 19:58:03,384 - music_tracker - INFO - Song collection completed successfully
2025-11-24 20:58:03,260 - music_tracker - INFO - SpotiSpy song collection starting...
2025-11-24 20:58:03,261 - music_tracker - INFO - Starting song collection (last 1 hours)
2025-11-24 20:58:03,262 - music_tracker - INFO - Fetching recent tracks from Spotify...
2025-11-24 20:58:03,680 - music_tracker - INFO - No recent songs found from Spotify
2025-11-24 20:58:03,682 - music_tracker - INFO - No new songs found from Spotify API
2025-11-24 20:58:03,683 - music_tracker - INFO - Song collection completed successfully
2025-11-24 21:58:03,566 - music_tracker - INFO - SpotiSpy song collection starting...
2025-11-24 21:58:03,566 - music_tracker - INFO - Starting song collection (last 1 hours)
2025-11-24 21:58:03,567 - music_tracker - INFO - Fetching recent tracks from Spotify...
2025-11-24 21:58:04,014 - music_tracker - INFO - Fetched 1 songs from Spotify
2025-11-24 21:58:04,016 - music_tracker - INFO - Found 1 songs from Spotify API
2025-11-24 21:58:04,017 - music_tracker - INFO - Checking for duplicates in database...
2025-11-24 21:58:05,514 - music_tracker - INFO - Found 1 new songs out of 1 total
2025-11-24 21:58:05,516 - music_tracker - INFO - Found 1 new songs to save
2025-11-24 21:58:05,517 - music_tracker - INFO - Saving songs to database...
2025-11-24 21:58:05,856 - music_tracker - INFO - Successfully saved 1 songs to database
2025-11-24 21:58:05,858 - music_tracker - INFO - Successfully saved 1 songs to database
2025-11-24 21:58:05,859 - music_tracker - INFO - Song collection completed successfully
2025-11-24 22:58:02,763 - music_tracker - INFO - SpotiSpy song collection starting...
2025-11-24 22:58:02,764 - music_tracker - INFO - Starting song collection (last 1 hours)
2025-11-24 22:58:02,765 - music_tracker - INFO - Fetching recent tracks from Spotify...
2025-11-24 22:58:03,158 - music_tracker - INFO - No recent songs found from Spotify
2025-11-24 22:58:03,160 - music_tracker - INFO - No new songs found from Spotify API
2025-11-24 22:58:03,160 - music_tracker - INFO - Song collection completed successfully
2025-11-24 23:58:03,058 - music_tracker - INFO - SpotiSpy song collection starting...
2025-11-24 23:58:03,058 - music_tracker - INFO - Starting song collection (last 1 hours)
2025-11-24 23:58:03,059 - music_tracker - INFO - Fetching recent tracks from Spotify...
2025-11-24 23:58:03,489 - music_tracker - INFO - No recent songs found from Spotify
2025-11-24 23:58:03,491 - music_tracker - INFO - No new songs found from Spotify API
2025-11-24 23:58:03,492 - music_tracker - INFO - Song collection completed successfully
