2025-12-08 00:58:03,661 - music_tracker - INFO - SpotiSpy song collection starting...
2025-12-08 00:58:03,662 - music_tracker - INFO - Starting song collection (last 1 hours)
2025-12-08 00:58:03,662 - music_tracker - INFO - Fetching recent tracks from Spotify...
2025-12-08 00:58:04,022 - music_tracker - INFO - No recent songs found from Spotify
2025-12-08 00:58:04,024 - music_tracker - INFO - No new songs found from Spotify API
2025-12-08 00:58:04,024 - music_tracker - INFO - Song collection completed successfully
2025-12-08 01:58:03,681 - music_tracker - INFO - SpotiSpy song collection starting...
2025-12-08 01:58:03,682 - music_tracker - INFO - Starting song collection (last 1 hours)
2025-12-08 01:58:03,683 - music_tracker - INFO - Fetching recent tracks from Spotify...
2025-12-08 01:58:04,066 - music_tracker - INFO - No recent songs found from Spotify
2025-12-08 01:58:04,068 - music_tracker - INFO - No new songs found from Spotify API
2025-12-08 01:58:04,069 - music_tracker - INFO - Song collection completed successfully
2025-12-08 02:58:03,002 - music_tracker - INFO - SpotiSpy song collection starting...
2025-12-08 02:58:03,002 - music_tracker - INFO - Starting song collection (last 1 hours)
2025-12-08 02:58:03,003 - music_tracker - INFO - Fetching recent tracks from Spotify...
2025-12-08 02:58:03,382 - music_tracker - INFO - No recent songs found from Spotify
2025-12-08 02:58:03,384 - music_tracker - INFO - No new songs found from Spotify API
2025-12-08 02:58:03,385 - music_tracker - INFO - Song collection completed successfully
2025-12-08 03:58:03,309 - music_tracker - INFO - SpotiSpy song collection starting...
2025-12-08 03:58:03,310 - music_tracker - INFO - Starting song collection (last 1 hours)
2025-12-08 03:58:03,311 - music_tracker - INFO - Fetching recent tracks from Spotify...
2025-12-08 03:58:03,753 - music_tracker - INFO - No recent songs found from Spotify
2025-12-08 03:58:03,755 - music_tracker - INFO - No new songs found from Spotify API
2025-12-08 03:58:03,756 - music_tracker - INFO - Song collection completed successfully
2025-12-08 04:58:02,663 - music_tracker - INFO - SpotiSpy song collection starting...
2025-12-08 04:58:02,663 - music_tracker - INFO - Starting song collection (last 1 hours)
2025-12-08 04:58:02,664 - music_tracker - INFO - Fetching recent tracks from Spotify...
2025-12-08 04:58:03,070 - music_tracker - INFO - No recent songs found from Spotify
2025-12-08 04:58:03,072 - music_tracker - INFO - No new songs found from Spotify API
2025-12-08 04:58:03,073 - music_tracker - INFO - Song collection completed successfully
2025-12-08 05:58:02,956 - music_tracker - INFO - SpotiSpy song collection starting...
2025-12-08 05:58:02,956 - music_tracker - INFO - Starting song collection (last 1 hours)
2025-12-08 05:58:02,957 - music_tracker - INFO - Fetching recent tracks from Spotify...
2025-12-08 05:58:03,296 - music_tracker - INFO - No recent songs found from Spotify
2025-12-08 05:58:03,298 - music_tracker - INFO - No new songs found from Spotify API
2025-12-08 05:58:03,298 - music_tracker - INFO - Song collection completed successfully
2025-12-08 06:58:03,241 - music_tracker - INFO - SpotiSpy song collection starting...
2025-12-08 06:58:03,241 - music_tracker - INFO - Starting song collection (last 1 hours)
2025-12-08 06:58:03,242 - music_tracker - INFO - Fetching recent tracks from Spotify...
2025-12-08 06:58:03,696 - music_tracker - INFO - No recent songs found from Spotify
2025-12-08 06:58:03,698 - music_tracker - INFO - No new songs found from Spotify API
2025-12-08 06:58:03,699 - music_tracker - INFO - Song collection completed successfully
2025-12-08 07:58:03,602 - music_tracker - INFO - SpotiSpy song collection starting...
2025-12-08 07:58:03,603 - music_tracker - INFO - Starting song collection (last 1 hours)
2025-12-08 07:58:03,603 - music_tracker - INFO - Fetching recent tracks from Spotify...
2025-12-08 07:58:03,991 - music_tracker - INFO - No recent songs found from Spotify
2025-12-08 07:58:03,993 - music_tracker - INFO - No new songs found from Spotify API
2025-12-08 07:58:03,993 - music_tracker - INFO - Song collection completed successfully
2025-12-08 08:58:02,902 - music_tracker - INFO - SpotiSpy song collection starting...
2025-12-08 08:58:02,902 - music_tracker - INFO - Starting song collection (last 1 hours)
2025-12-08 08:58:02,903 - music_tracker - INFO - Fetching recent tracks from Spotify...
2025-12-08 08:58:03,263 - music_tracker - INFO - No recent songs found from Spotify
2025-12-08 08:58:03,265 - music_tracker - INFO - No new songs found from Spotify API
2025-12-08 08:58:03,265 - music_tracker - INFO - Song collection completed successfully
2025-12-08 09:00:15,285 - music_tracker - INFO - SpotiSpy starting...
2025-12-08 09:00:15,285 - music_tracker - INFO - Starting daily SpotiSpy analysis
2025-12-08 09:00:15,286 - music_tracker - INFO - Fetching yesterday's listening data...
2025-12-08 09:00:16,874 - music_tracker - INFO - Fetched 0 songs from database
2025-12-08 09:00:16,877 - music_tracker - WARNING - No songs found for yesterday
2025-12-08 09:00:16,878 - music_tracker - INFO - SpotiSpy completed successfully
2025-12-08 09:58:02,766 - music_tracker - INFO - SpotiSpy song collection starting...
2025-12-08 09:58:02,767 - music_tracker - INFO - Starting song collection (last 1 hours)
2025-12-08 09:58:02,768 - music_tracker - INFO - Fetching recent tracks from Spotify...
2025-12-08 09:58:03,346 - music_tracker - INFO - Fetched 5 songs from Spotify
2025-12-08 09:58:03,349 - music_tracker - INFO - Found 5 songs from Spotify API
2025-12-08 09:58:03,349 - music_tracker - INFO - Checking for duplicates in database...
2025-12-08 09:58:04,793 - music_tracker - INFO - Found 5 new songs out of 5 total
2025-12-08 09:58:04,795 - music_tracker - INFO - Found 5 new songs to save
2025-12-08 09:58:04,796 - music_tracker - INFO - Saving songs to database...
2025-12-08 09:58:05,123 - music_tracker - INFO - Successfully saved 5 songs to database
2025-12-08 09:58:05,124 - music_tracker - INFO - Successfully saved 5 songs to database
2025-12-08 09:58:05,125 - music_tracker - INFO - Song collection completed successfully
2025-12-08 10:58:03,021 - music_tracker - INFO - SpotiSpy song collection starting...
2025-12-08 10:58:03,022 - music_tracker - INFO - Starting song collection (last 1 hours)
2025-12-08 10:58:03,023 - music_tracker - INFO - Fetching recent tracks from Spotify...
2025-12-08 10:58:03,582 - music_tracker - INFO - Fetched 15 songs from Spotify
2025-12-08 10:58:03,585 - music_tracker - INFO - Found 15 songs from Spotify API
2025-12-08 10:58:03,586 - music_tracker - INFO - Checking for duplicates in database...
2025-12-08 10:58:04,943 - music_tracker - INFO - Found 15 new songs out of 15 total
2025-12-08 10:58:04,945 - music_tracker - INFO - Found 15 new songs to save
2025-12-08 10:58:04,945 - music_tracker - INFO - Saving songs to database...
2025-12-08 10:58:05,282 - music_tracker - INFO - Successfully saved 15 songs to database
2025-12-08 10:58:05,284 - music_tracker - INFO - Successfully saved 15 songs to database
2025-12-08 10:58:05,285 - music_tracker - INFO - Song collection completed successfully
2025-12-08 11:58:03,818 - music_tracker - INFO - SpotiSpy song collection starting...
2025-12-08 11:58:03,819 - music_tracker - INFO - Starting song collection (last 1 hours)
2025-12-08 11:58:03,820 - music_tracker - INFO - Fetching recent tracks from Spotify...
2025-12-08 11:58:04,276 - music_tracker - INFO - Fetched 1 songs from Spotify
2025-12-08 11:58:04,278 - music_tracker - INFO - Found 1 songs from Spotify API
2025-12-08 11:58:04,278 - music_tracker - INFO - Checking for duplicates in database...
2025-12-08 11:58:05,614 - music_tracker - INFO - Found 1 new songs out of 1 total
2025-12-08 11:58:05,616 - music_tracker - INFO - Found 1 new songs to save
2025-12-08 11:58:05,617 - music_tracker - INFO - Saving songs to database...
2025-12-08 11:58:05,968 - music_tracker - INFO - Successfully saved 1 songs to database
2025-12-08 11:58:05,970 - music_tracker - INFO - Successfully saved 1 songs to database
2025-12-08 11:58:05,970 - music_tracker - INFO - Song collection completed successfully
2025-12-08 12:58:02,894 - music_tracker - INFO - SpotiSpy song collection starting...
2025-12-08 12:58:02,894 - music_tracker - INFO - Starting song collection (last 1 hours)
2025-12-08 12:58:02,895 - music_tracker - INFO - Fetching recent tracks from Spotify...
2025-12-08 12:58:03,257 - music_tracker - INFO - No recent songs found from Spotify
2025-12-08 12:58:03,259 - music_tracker - INFO - No new songs found from Spotify API
2025-12-08 12:58:03,259 - music_tracker - INFO - Song collection completed successfully
2025-12-08 13:58:03,160 - music_tracker - INFO - SpotiSpy song collection starting...
2025-12-08 13:58:03,161 - music_tracker - INFO - Starting song collection (last 1 hours)
2025-12-08 13:58:03,162 - music_tracker - INFO - Fetching recent tracks from Spotify...
2025-12-08 13:58:03,815 - music_tracker - INFO - Fetched 14 songs from Spotify
2025-12-08 13:58:03,817 - music_tracker - INFO - Found 14 songs from Spotify API
2025-12-08 13:58:03,818 - music_tracker - INFO - Checking for duplicates in database...
2025-12-08 13:58:05,444 - music_tracker - INFO - Found 14 new songs out of 14 total
2025-12-08 13:58:05,446 - music_tracker - INFO - Found 14 new songs to save
2025-12-08 13:58:05,447 - music_tracker - INFO - Saving songs to database...
2025-12-08 13:58:05,860 - music_tracker - INFO - Successfully saved 14 songs to database
2025-12-08 13:58:05,862 - music_tracker - INFO - Successfully saved 14 songs to database
2025-12-08 13:58:05,863 - music_tracker - INFO - Song collection completed successfully
2025-12-08 14:58:02,775 - music_tracker - INFO - SpotiSpy song collection starting...
2025-12-08 14:58:02,776 - music_tracker - INFO - Starting song collection (last 1 hours)
2025-12-08 14:58:02,776 - music_tracker - INFO - Fetching recent tracks from Spotify...
2025-12-08 14:58:03,399 - music_tracker - INFO - Fetched 22 songs from Spotify
2025-12-08 14:58:03,403 - music_tracker - INFO - Found 22 songs from Spotify API
2025-12-08 14:58:03,403 - music_tracker - INFO - Checking for duplicates in database...
2025-12-08 14:58:04,959 - music_tracker - INFO - Found 22 new songs out of 22 total
2025-12-08 14:58:04,961 - music_tracker - INFO - Found 22 new songs to save
2025-12-08 14:58:04,962 - music_tracker - INFO - Saving songs to database...
2025-12-08 14:58:05,550 - music_tracker - INFO - Successfully saved 22 songs to database
2025-12-08 14:58:05,552 - music_tracker - INFO - Successfully saved 22 songs to database
2025-12-08 14:58:05,553 - music_tracker - INFO - Song collection completed successfully
2025-12-08 15:58:03,468 - music_tracker - INFO - SpotiSpy song collection starting...
2025-12-08 15:58:03,469 - music_tracker - INFO - Starting song collection (last 1 hours)
2025-12-08 15:58:03,469 - music_tracker - INFO - Fetching recent tracks from Spotify...
2025-12-08 15:58:04,017 - music_tracker - INFO - Fetched 21 songs from Spotify
2025-12-08 15:58:04,020 - music_tracker - INFO - Found 21 songs from Spotify API
2025-12-08 15:58:04,021 - music_tracker - INFO - Checking for duplicates in database...
2025-12-08 15:58:05,617 - music_tracker - INFO - Found 21 new songs out of 21 total
2025-12-08 15:58:05,619 - music_tracker - INFO - Found 21 new songs to save
2025-12-08 15:58:05,620 - music_tracker - INFO - Saving songs to database...
2025-12-08 15:58:06,001 - music_tracker - INFO - Successfully saved 21 songs to database
2025-12-08 15:58:06,004 - music_tracker - INFO - Successfully saved 21 songs to database
2025-12-08 15:58:06,004 - music_tracker - INFO - Song collection completed successfully
2025-12-08 16:58:02,923 - music_tracker - INFO - SpotiSpy song collection starting...
2025-12-08 16:58:02,923 - music_tracker - INFO - Starting song collection (last 1 hours)
2025-12-08 16:58:02,924 - music_tracker - INFO - Fetching recent tracks from Spotify...
2025-12-08 16:58:03,501 - music_tracker - INFO - Fetched 18 songs from Spotify
2025-12-08 16:58:03,504 - music_tracker - INFO - Found 18 songs from Spotify API
2025-12-08 16:58:03,505 - music_tracker - INFO - Checking for duplicates in database...
2025-12-08 16:58:04,949 - music_tracker - INFO - Found 18 new songs out of 18 total
2025-12-08 16:58:04,951 - music_tracker - INFO - Found 18 new songs to save
2025-12-08 16:58:04,952 - music_tracker - INFO - Saving songs to database...
2025-12-08 16:58:05,298 - music_tracker - INFO - Successfully saved 18 songs to database
2025-12-08 16:58:05,300 - music_tracker - INFO - Successfully saved 18 songs to database
2025-12-08 16:58:05,300 - music_tracker - INFO - Song collection completed successfully
2025-12-08 17:58:03,265 - music_tracker - INFO - SpotiSpy song collection starting...
2025-12-08 17:58:03,265 - music_tracker - INFO - Starting song collection (last 1 hours)
2025-12-08 17:58:03,266 - music_tracker - INFO - Fetching recent tracks from Spotify...
2025-12-08 17:58:03,728 - music_tracker - INFO - Fetched 4 songs from Spotify
2025-12-08 17:58:03,730 - music_tracker - INFO - Found 4 songs from Spotify API
2025-12-08 17:58:03,731 - music_tracker - INFO - Checking for duplicates in database...
2025-12-08 17:58:05,351 - music_tracker - INFO - Found 4 new songs out of 4 total
2025-12-08 17:58:05,353 - music_tracker - INFO - Found 4 new songs to save
2025-12-08 17:58:05,354 - music_tracker - INFO - Saving songs to database...
2025-12-08 17:58:05,850 - music_tracker - INFO - Successfully saved 4 songs to database
2025-12-08 17:58:05,852 - music_tracker - INFO - Successfully saved 4 songs to database
2025-12-08 17:58:05,853 - music_tracker - INFO - Song collection completed successfully
2025-12-08 18:58:02,778 - music_tracker - INFO - SpotiSpy song collection starting...
2025-12-08 18:58:02,779 - music_tracker - INFO - Starting song collection (last 1 hours)
2025-12-08 18:58:02,780 - music_tracker - INFO - Fetching recent tracks from Spotify...
2025-12-08 18:58:03,128 - music_tracker - INFO - No recent songs found from Spotify
2025-12-08 18:58:03,130 - music_tracker - INFO - No new songs found from Spotify API
2025-12-08 18:58:03,131 - music_tracker - INFO - Song collection completed successfully
2025-12-08 19:58:03,029 - music_tracker - INFO - SpotiSpy song collection starting...
2025-12-08 19:58:03,029 - music_tracker - INFO - Starting song collection (last 1 hours)
2025-12-08 19:58:03,030 - music_tracker - INFO - Fetching recent tracks from Spotify...
2025-12-08 19:58:03,396 - music_tracker - INFO - No recent songs found from Spotify
2025-12-08 19:58:03,398 - music_tracker - INFO - No new songs found from Spotify API
2025-12-08 19:58:03,399 - music_tracker - INFO - Song collection completed successfully
2025-12-08 20:58:03,290 - music_tracker - INFO - SpotiSpy song collection starting...
2025-12-08 20:58:03,291 - music_tracker - INFO - Starting song collection (last 1 hours)
2025-12-08 20:58:03,292 - music_tracker - INFO - Fetching recent tracks from Spotify...
2025-12-08 20:58:03,514 - music_tracker - ERROR - Error fetching from Spotify: error: upstream connect error or disconnect/reset before headers. reset reason: connection termination, error_description: None
2025-12-08 20:58:03,516 - music_tracker - INFO - No new songs found from Spotify API
2025-12-08 20:58:03,517 - music_tracker - INFO - Song collection completed successfully
2025-12-08 21:58:03,408 - music_tracker - INFO - SpotiSpy song collection starting...
2025-12-08 21:58:03,409 - music_tracker - INFO - Starting song collection (last 1 hours)
2025-12-08 21:58:03,410 - music_tracker - INFO - Fetching recent tracks from Spotify...
2025-12-08 21:58:08,801 - music_tracker - INFO - No recent songs found from Spotify
2025-12-08 21:58:08,804 - music_tracker - INFO - No new songs found from Spotify API
2025-12-08 21:58:08,805 - music_tracker - INFO - Song collection completed successfully
2025-12-08 22:58:02,699 - music_tracker - INFO - SpotiSpy song collection starting...
2025-12-08 22:58:02,700 - music_tracker - INFO - Starting song collection (last 1 hours)
2025-12-08 22:58:02,701 - music_tracker - INFO - Fetching recent tracks from Spotify...
2025-12-08 22:58:03,043 - music_tracker - INFO - No recent songs found from Spotify
2025-12-08 22:58:03,046 - music_tracker - INFO - No new songs found from Spotify API
2025-12-08 22:58:03,046 - music_tracker - INFO - Song collection completed successfully
2025-12-08 23:58:02,951 - music_tracker - INFO - SpotiSpy song collection starting...
2025-12-08 23:58:02,952 - music_tracker - INFO - Starting song collection (last 1 hours)
2025-12-08 23:58:02,953 - music_tracker - INFO - Fetching recent tracks from Spotify...
2025-12-08 23:58:03,344 - music_tracker - INFO - No recent songs found from Spotify
2025-12-08 23:58:03,347 - music_tracker - INFO - No new songs found from Spotify API
2025-12-08 23:58:03,347 - music_tracker - INFO - Song collection completed successfully
