2026-01-02 00:58:02,932 - music_tracker - INFO - SpotiSpy song collection starting...
2026-01-02 00:58:02,932 - music_tracker - INFO - Starting song collection (last 1 hours)
2026-01-02 00:58:02,933 - music_tracker - INFO - Fetching recent tracks from Spotify...
2026-01-02 00:58:03,327 - music_tracker - INFO - No recent songs found from Spotify
2026-01-02 00:58:03,329 - music_tracker - INFO - No new songs found from Spotify API
2026-01-02 00:58:03,329 - music_tracker - INFO - Song collection completed successfully
2026-01-02 01:58:03,242 - music_tracker - INFO - SpotiSpy song collection starting...
2026-01-02 01:58:03,242 - music_tracker - INFO - Starting song collection (last 1 hours)
2026-01-02 01:58:03,243 - music_tracker - INFO - Fetching recent tracks from Spotify...
2026-01-02 01:58:03,590 - music_tracker - INFO - No recent songs found from Spotify
2026-01-02 01:58:03,592 - music_tracker - INFO - No new songs found from Spotify API
2026-01-02 01:58:03,592 - music_tracker - INFO - Song collection completed successfully
2026-01-02 02:58:03,891 - music_tracker - INFO - SpotiSpy song collection starting...
2026-01-02 02:58:03,891 - music_tracker - INFO - Starting song collection (last 1 hours)
2026-01-02 02:58:03,892 - music_tracker - INFO - Fetching recent tracks from Spotify...
2026-01-02 02:58:04,247 - music_tracker - INFO - No recent songs found from Spotify
2026-01-02 02:58:04,249 - music_tracker - INFO - No new songs found from Spotify API
2026-01-02 02:58:04,250 - music_tracker - INFO - Song collection completed successfully
2026-01-02 03:58:03,186 - music_tracker - INFO - SpotiSpy song collection starting...
2026-01-02 03:58:03,187 - music_tracker - INFO - Starting song collection (last 1 hours)
2026-01-02 03:58:03,187 - music_tracker - INFO - Fetching recent tracks from Spotify...
2026-01-02 03:58:03,551 - music_tracker - INFO - No recent songs found from Spotify
2026-01-02 03:58:03,553 - music_tracker - INFO - No new songs found from Spotify API
2026-01-02 03:58:03,554 - music_tracker - INFO - Song collection completed successfully
2026-01-02 04:58:03,799 - music_tracker - INFO - SpotiSpy song collection starting...
2026-01-02 04:58:03,801 - music_tracker - INFO - Starting song collection (last 1 hours)
2026-01-02 04:58:03,805 - music_tracker - INFO - Fetching recent tracks from Spotify...
2026-01-02 04:58:04,201 - music_tracker - INFO - No recent songs found from Spotify
2026-01-02 04:58:04,203 - music_tracker - INFO - No new songs found from Spotify API
2026-01-02 04:58:04,203 - music_tracker - INFO - Song collection completed successfully
2026-01-02 05:58:03,103 - music_tracker - INFO - SpotiSpy song collection starting...
2026-01-02 05:58:03,104 - music_tracker - INFO - Starting song collection (last 1 hours)
2026-01-02 05:58:03,104 - music_tracker - INFO - Fetching recent tracks from Spotify...
2026-01-02 05:58:03,485 - music_tracker - INFO - No recent songs found from Spotify
2026-01-02 05:58:03,487 - music_tracker - INFO - No new songs found from Spotify API
2026-01-02 05:58:03,488 - music_tracker - INFO - Song collection completed successfully
2026-01-02 06:58:03,445 - music_tracker - INFO - SpotiSpy song collection starting...
2026-01-02 06:58:03,445 - music_tracker - INFO - Starting song collection (last 1 hours)
2026-01-02 06:58:03,446 - music_tracker - INFO - Fetching recent tracks from Spotify...
2026-01-02 06:58:03,801 - music_tracker - INFO - No recent songs found from Spotify
2026-01-02 06:58:03,803 - music_tracker - INFO - No new songs found from Spotify API
2026-01-02 06:58:03,804 - music_tracker - INFO - Song collection completed successfully
2026-01-02 07:58:02,682 - music_tracker - INFO - SpotiSpy song collection starting...
2026-01-02 07:58:02,683 - music_tracker - INFO - Starting song collection (last 1 hours)
2026-01-02 07:58:02,683 - music_tracker - INFO - Fetching recent tracks from Spotify...
2026-01-02 07:58:03,068 - music_tracker - INFO - No recent songs found from Spotify
2026-01-02 07:58:03,071 - music_tracker - INFO - No new songs found from Spotify API
2026-01-02 07:58:03,071 - music_tracker - INFO - Song collection completed successfully
2026-01-02 08:58:02,966 - music_tracker - INFO - SpotiSpy song collection starting...
2026-01-02 08:58:02,966 - music_tracker - INFO - Starting song collection (last 1 hours)
2026-01-02 08:58:02,967 - music_tracker - INFO - Fetching recent tracks from Spotify...
2026-01-02 08:58:03,310 - music_tracker - INFO - No recent songs found from Spotify
2026-01-02 08:58:03,312 - music_tracker - INFO - No new songs found from Spotify API
2026-01-02 08:58:03,312 - music_tracker - INFO - Song collection completed successfully
2026-01-02 09:00:12,870 - music_tracker - INFO - SpotiSpy starting...
2026-01-02 09:00:12,871 - music_tracker - INFO - Starting daily SpotiSpy analysis
2026-01-02 09:00:12,876 - music_tracker - INFO - Fetching yesterday's listening data...
2026-01-02 09:00:14,587 - music_tracker - INFO - Fetched 0 songs from database
2026-01-02 09:00:14,589 - music_tracker - WARNING - No songs found for yesterday
2026-01-02 09:00:14,590 - music_tracker - INFO - SpotiSpy completed successfully
2026-01-02 09:58:03,484 - music_tracker - INFO - SpotiSpy song collection starting...
2026-01-02 09:58:03,484 - music_tracker - INFO - Starting song collection (last 1 hours)
2026-01-02 09:58:03,485 - music_tracker - INFO - Fetching recent tracks from Spotify...
2026-01-02 09:58:03,861 - music_tracker - INFO - No recent songs found from Spotify
2026-01-02 09:58:03,863 - music_tracker - INFO - No new songs found from Spotify API
2026-01-02 09:58:03,864 - music_tracker - INFO - Song collection completed successfully
2026-01-02 10:58:03,883 - music_tracker - INFO - SpotiSpy song collection starting...
2026-01-02 10:58:03,884 - music_tracker - INFO - Starting song collection (last 1 hours)
2026-01-02 10:58:03,885 - music_tracker - INFO - Fetching recent tracks from Spotify...
2026-01-02 10:58:04,257 - music_tracker - INFO - No recent songs found from Spotify
2026-01-02 10:58:04,259 - music_tracker - INFO - No new songs found from Spotify API
2026-01-02 10:58:04,260 - music_tracker - INFO - Song collection completed successfully
2026-01-02 11:58:03,158 - music_tracker - INFO - SpotiSpy song collection starting...
2026-01-02 11:58:03,159 - music_tracker - INFO - Starting song collection (last 1 hours)
2026-01-02 11:58:03,160 - music_tracker - INFO - Fetching recent tracks from Spotify...
2026-01-02 11:58:03,507 - music_tracker - INFO - No recent songs found from Spotify
2026-01-02 11:58:03,509 - music_tracker - INFO - No new songs found from Spotify API
2026-01-02 11:58:03,510 - music_tracker - INFO - Song collection completed successfully
2026-01-02 12:58:03,389 - music_tracker - INFO - SpotiSpy song collection starting...
2026-01-02 12:58:03,389 - music_tracker - INFO - Starting song collection (last 1 hours)
2026-01-02 12:58:03,390 - music_tracker - INFO - Fetching recent tracks from Spotify...
2026-01-02 12:58:03,757 - music_tracker - INFO - No recent songs found from Spotify
2026-01-02 12:58:03,759 - music_tracker - INFO - No new songs found from Spotify API
2026-01-02 12:58:03,759 - music_tracker - INFO - Song collection completed successfully
2026-01-02 13:58:02,648 - music_tracker - INFO - SpotiSpy song collection starting...
2026-01-02 13:58:02,649 - music_tracker - INFO - Starting song collection (last 1 hours)
2026-01-02 13:58:02,649 - music_tracker - INFO - Fetching recent tracks from Spotify...
2026-01-02 13:58:03,043 - music_tracker - INFO - No recent songs found from Spotify
2026-01-02 13:58:03,045 - music_tracker - INFO - No new songs found from Spotify API
2026-01-02 13:58:03,045 - music_tracker - INFO - Song collection completed successfully
2026-01-02 14:58:02,928 - music_tracker - INFO - SpotiSpy song collection starting...
2026-01-02 14:58:02,929 - music_tracker - INFO - Starting song collection (last 1 hours)
2026-01-02 14:58:02,929 - music_tracker - INFO - Fetching recent tracks from Spotify...
2026-01-02 14:58:03,300 - music_tracker - INFO - No recent songs found from Spotify
2026-01-02 14:58:03,302 - music_tracker - INFO - No new songs found from Spotify API
2026-01-02 14:58:03,303 - music_tracker - INFO - Song collection completed successfully
2026-01-02 15:58:03,196 - music_tracker - INFO - SpotiSpy song collection starting...
2026-01-02 15:58:03,197 - music_tracker - INFO - Starting song collection (last 1 hours)
2026-01-02 15:58:03,198 - music_tracker - INFO - Fetching recent tracks from Spotify...
2026-01-02 15:58:03,569 - music_tracker - INFO - No recent songs found from Spotify
2026-01-02 15:58:03,571 - music_tracker - INFO - No new songs found from Spotify API
2026-01-02 15:58:03,572 - music_tracker - INFO - Song collection completed successfully
2026-01-02 16:58:03,456 - music_tracker - INFO - SpotiSpy song collection starting...
2026-01-02 16:58:03,457 - music_tracker - INFO - Starting song collection (last 1 hours)
2026-01-02 16:58:03,458 - music_tracker - INFO - Fetching recent tracks from Spotify...
2026-01-02 16:58:03,822 - music_tracker - INFO - No recent songs found from Spotify
2026-01-02 16:58:03,825 - music_tracker - INFO - No new songs found from Spotify API
2026-01-02 16:58:03,825 - music_tracker - INFO - Song collection completed successfully
2026-01-02 17:58:02,709 - music_tracker - INFO - SpotiSpy song collection starting...
2026-01-02 17:58:02,709 - music_tracker - INFO - Starting song collection (last 1 hours)
2026-01-02 17:58:02,710 - music_tracker - INFO - Fetching recent tracks from Spotify...
2026-01-02 17:58:03,094 - music_tracker - INFO - No recent songs found from Spotify
2026-01-02 17:58:03,096 - music_tracker - INFO - No new songs found from Spotify API
2026-01-02 17:58:03,097 - music_tracker - INFO - Song collection completed successfully
2026-01-02 18:58:03,001 - music_tracker - INFO - SpotiSpy song collection starting...
2026-01-02 18:58:03,002 - music_tracker - INFO - Starting song collection (last 1 hours)
2026-01-02 18:58:03,003 - music_tracker - INFO - Fetching recent tracks from Spotify...
2026-01-02 18:58:03,362 - music_tracker - INFO - No recent songs found from Spotify
2026-01-02 18:58:03,364 - music_tracker - INFO - No new songs found from Spotify API
2026-01-02 18:58:03,364 - music_tracker - INFO - Song collection completed successfully
2026-01-02 19:58:03,334 - music_tracker - INFO - SpotiSpy song collection starting...
2026-01-02 19:58:03,335 - music_tracker - INFO - Starting song collection (last 1 hours)
2026-01-02 19:58:03,336 - music_tracker - INFO - Fetching recent tracks from Spotify...
2026-01-02 19:58:03,735 - music_tracker - INFO - No recent songs found from Spotify
2026-01-02 19:58:03,737 - music_tracker - INFO - No new songs found from Spotify API
2026-01-02 19:58:03,738 - music_tracker - INFO - Song collection completed successfully
2026-01-02 20:58:02,623 - music_tracker - INFO - SpotiSpy song collection starting...
2026-01-02 20:58:02,624 - music_tracker - INFO - Starting song collection (last 1 hours)
2026-01-02 20:58:02,625 - music_tracker - INFO - Fetching recent tracks from Spotify...
2026-01-02 20:58:02,981 - music_tracker - INFO - No recent songs found from Spotify
2026-01-02 20:58:02,984 - music_tracker - INFO - No new songs found from Spotify API
2026-01-02 20:58:02,984 - music_tracker - INFO - Song collection completed successfully
2026-01-02 21:58:02,881 - music_tracker - INFO - SpotiSpy song collection starting...
2026-01-02 21:58:02,882 - music_tracker - INFO - Starting song collection (last 1 hours)
2026-01-02 21:58:02,882 - music_tracker - INFO - Fetching recent tracks from Spotify...
2026-01-02 21:58:03,216 - music_tracker - INFO - No recent songs found from Spotify
2026-01-02 21:58:03,218 - music_tracker - INFO - No new songs found from Spotify API
2026-01-02 21:58:03,218 - music_tracker - INFO - Song collection completed successfully
2026-01-02 22:58:03,112 - music_tracker - INFO - SpotiSpy song collection starting...
2026-01-02 22:58:03,112 - music_tracker - INFO - Starting song collection (last 1 hours)
2026-01-02 22:58:03,113 - music_tracker - INFO - Fetching recent tracks from Spotify...
2026-01-02 22:58:03,465 - music_tracker - INFO - No recent songs found from Spotify
2026-01-02 22:58:03,467 - music_tracker - INFO - No new songs found from Spotify API
2026-01-02 22:58:03,467 - music_tracker - INFO - Song collection completed successfully
2026-01-02 23:58:03,369 - music_tracker - INFO - SpotiSpy song collection starting...
2026-01-02 23:58:03,370 - music_tracker - INFO - Starting song collection (last 1 hours)
2026-01-02 23:58:03,371 - music_tracker - INFO - Fetching recent tracks from Spotify...
2026-01-02 23:58:03,747 - music_tracker - INFO - No recent songs found from Spotify
2026-01-02 23:58:03,749 - music_tracker - INFO - No new songs found from Spotify API
2026-01-02 23:58:03,749 - music_tracker - INFO - Song collection completed successfully
