2025-11-19 00:58:03,338 - music_tracker - INFO - SpotiSpy song collection starting...
2025-11-19 00:58:03,338 - music_tracker - INFO - Starting song collection (last 1 hours)
2025-11-19 00:58:03,339 - music_tracker - INFO - Fetching recent tracks from Spotify...
2025-11-19 00:58:03,681 - music_tracker - INFO - No recent songs found from Spotify
2025-11-19 00:58:03,683 - music_tracker - INFO - No new songs found from Spotify API
2025-11-19 00:58:03,684 - music_tracker - INFO - Song collection completed successfully
2025-11-19 01:58:03,572 - music_tracker - INFO - SpotiSpy song collection starting...
2025-11-19 01:58:03,572 - music_tracker - INFO - Starting song collection (last 1 hours)
2025-11-19 01:58:03,573 - music_tracker - INFO - Fetching recent tracks from Spotify...
2025-11-19 01:58:03,945 - music_tracker - INFO - No recent songs found from Spotify
2025-11-19 01:58:03,947 - music_tracker - INFO - No new songs found from Spotify API
2025-11-19 01:58:03,948 - music_tracker - INFO - Song collection completed successfully
2025-11-19 02:58:02,858 - music_tracker - INFO - SpotiSpy song collection starting...
2025-11-19 02:58:02,859 - music_tracker - INFO - Starting song collection (last 1 hours)
2025-11-19 02:58:02,859 - music_tracker - INFO - Fetching recent tracks from Spotify...
2025-11-19 02:58:03,199 - music_tracker - INFO - No recent songs found from Spotify
2025-11-19 02:58:03,201 - music_tracker - INFO - No new songs found from Spotify API
2025-11-19 02:58:03,201 - music_tracker - INFO - Song collection completed successfully
2025-11-19 03:58:03,118 - music_tracker - INFO - SpotiSpy song collection starting...
2025-11-19 03:58:03,118 - music_tracker - INFO - Starting song collection (last 1 hours)
2025-11-19 03:58:03,119 - music_tracker - INFO - Fetching recent tracks from Spotify...
2025-11-19 03:58:03,492 - music_tracker - INFO - No recent songs found from Spotify
2025-11-19 03:58:03,494 - music_tracker - INFO - No new songs found from Spotify API
2025-11-19 03:58:03,494 - music_tracker - INFO - Song collection completed successfully
2025-11-19 04:58:03,378 - music_tracker - INFO - SpotiSpy song collection starting...
2025-11-19 04:58:03,379 - music_tracker - INFO - Starting song collection (last 1 hours)
2025-11-19 04:58:03,379 - music_tracker - INFO - Fetching recent tracks from Spotify...
2025-11-19 04:58:03,740 - music_tracker - INFO - No recent songs found from Spotify
2025-11-19 04:58:03,742 - music_tracker - INFO - No new songs found from Spotify API
2025-11-19 04:58:03,742 - music_tracker - INFO - Song collection completed successfully
2025-11-19 05:58:02,622 - music_tracker - INFO - SpotiSpy song collection starting...
2025-11-19 05:58:02,623 - music_tracker - INFO - Starting song collection (last 1 hours)
2025-11-19 05:58:02,624 - music_tracker - INFO - Fetching recent tracks from Spotify...
2025-11-19 05:58:02,986 - music_tracker - INFO - No recent songs found from Spotify
2025-11-19 05:58:02,988 - music_tracker - INFO - No new songs found from Spotify API
2025-11-19 05:58:02,989 - music_tracker - INFO - Song collection completed successfully
2025-11-19 06:58:02,931 - music_tracker - INFO - SpotiSpy song collection starting...
2025-11-19 06:58:02,932 - music_tracker - INFO - Starting song collection (last 1 hours)
2025-11-19 06:58:02,932 - music_tracker - INFO - Fetching recent tracks from Spotify...
2025-11-19 06:58:03,301 - music_tracker - INFO - No recent songs found from Spotify
2025-11-19 06:58:03,303 - music_tracker - INFO - No new songs found from Spotify API
2025-11-19 06:58:03,303 - music_tracker - INFO - Song collection completed successfully
2025-11-19 07:58:03,214 - music_tracker - INFO - SpotiSpy song collection starting...
2025-11-19 07:58:03,215 - music_tracker - INFO - Starting song collection (last 1 hours)
2025-11-19 07:58:03,216 - music_tracker - INFO - Fetching recent tracks from Spotify...
2025-11-19 07:58:03,719 - music_tracker - INFO - Fetched 2 songs from Spotify
2025-11-19 07:58:03,722 - music_tracker - INFO - Found 2 songs from Spotify API
2025-11-19 07:58:03,722 - music_tracker - INFO - Checking for duplicates in database...
2025-11-19 07:58:05,244 - music_tracker - INFO - Found 2 new songs out of 2 total
2025-11-19 07:58:05,246 - music_tracker - INFO - Found 2 new songs to save
2025-11-19 07:58:05,247 - music_tracker - INFO - Saving songs to database...
2025-11-19 07:58:05,585 - music_tracker - INFO - Successfully saved 2 songs to database
2025-11-19 07:58:05,587 - music_tracker - INFO - Successfully saved 2 songs to database
2025-11-19 07:58:05,587 - music_tracker - INFO - Song collection completed successfully
2025-11-19 08:58:04,245 - music_tracker - INFO - SpotiSpy song collection starting...
2025-11-19 08:58:04,246 - music_tracker - INFO - Starting song collection (last 1 hours)
2025-11-19 08:58:04,247 - music_tracker - INFO - Fetching recent tracks from Spotify...
2025-11-19 08:58:04,804 - music_tracker - INFO - Fetched 1 songs from Spotify
2025-11-19 08:58:04,806 - music_tracker - INFO - Found 1 songs from Spotify API
2025-11-19 08:58:04,807 - music_tracker - INFO - Checking for duplicates in database...
2025-11-19 08:58:06,003 - music_tracker - INFO - Found 1 new songs out of 1 total
2025-11-19 08:58:06,005 - music_tracker - INFO - Found 1 new songs to save
2025-11-19 08:58:06,006 - music_tracker - INFO - Saving songs to database...
2025-11-19 08:58:06,313 - music_tracker - INFO - Successfully saved 1 songs to database
2025-11-19 08:58:06,315 - music_tracker - INFO - Successfully saved 1 songs to database
2025-11-19 08:58:06,316 - music_tracker - INFO - Song collection completed successfully
2025-11-19 09:00:12,854 - music_tracker - INFO - SpotiSpy starting...
2025-11-19 09:00:12,855 - music_tracker - INFO - Starting daily SpotiSpy analysis
2025-11-19 09:00:12,855 - music_tracker - INFO - Fetching yesterday's listening data...
2025-11-19 09:00:13,172 - music_tracker - INFO - Fetched 55 songs from database
2025-11-19 09:00:13,174 - music_tracker - INFO - Found 55 songs to analyze
2025-11-19 09:00:13,175 - music_tracker - INFO - Running analysis...
2025-11-19 09:00:13,179 - music_tracker - INFO - Sending daily summary to Slack...
2025-11-19 09:00:22,079 - music_tracker - INFO - Message sent successfully to Slack
2025-11-19 09:00:22,080 - music_tracker - INFO - Daily analysis completed successfully!
2025-11-19 09:00:22,081 - music_tracker - INFO - SpotiSpy completed successfully
2025-11-19 09:58:02,977 - music_tracker - INFO - SpotiSpy song collection starting...
2025-11-19 09:58:02,978 - music_tracker - INFO - Starting song collection (last 1 hours)
2025-11-19 09:58:02,978 - music_tracker - INFO - Fetching recent tracks from Spotify...
2025-11-19 09:58:03,344 - music_tracker - INFO - No recent songs found from Spotify
2025-11-19 09:58:03,346 - music_tracker - INFO - No new songs found from Spotify API
2025-11-19 09:58:03,347 - music_tracker - INFO - Song collection completed successfully
2025-11-19 10:58:03,233 - music_tracker - INFO - SpotiSpy song collection starting...
2025-11-19 10:58:03,233 - music_tracker - INFO - Starting song collection (last 1 hours)
2025-11-19 10:58:03,234 - music_tracker - INFO - Fetching recent tracks from Spotify...
2025-11-19 10:58:03,731 - music_tracker - INFO - Fetched 15 songs from Spotify
2025-11-19 10:58:03,734 - music_tracker - INFO - Found 15 songs from Spotify API
2025-11-19 10:58:03,735 - music_tracker - INFO - Checking for duplicates in database...
2025-11-19 10:58:05,150 - music_tracker - INFO - Found 15 new songs out of 15 total
2025-11-19 10:58:05,153 - music_tracker - INFO - Found 15 new songs to save
2025-11-19 10:58:05,153 - music_tracker - INFO - Saving songs to database...
2025-11-19 10:58:05,523 - music_tracker - INFO - Successfully saved 15 songs to database
2025-11-19 10:58:05,526 - music_tracker - INFO - Successfully saved 15 songs to database
2025-11-19 10:58:05,526 - music_tracker - INFO - Song collection completed successfully
2025-11-19 11:58:03,468 - music_tracker - INFO - SpotiSpy song collection starting...
2025-11-19 11:58:03,468 - music_tracker - INFO - Starting song collection (last 1 hours)
2025-11-19 11:58:03,469 - music_tracker - INFO - Fetching recent tracks from Spotify...
2025-11-19 11:58:04,037 - music_tracker - INFO - Fetched 19 songs from Spotify
2025-11-19 11:58:04,040 - music_tracker - INFO - Found 19 songs from Spotify API
2025-11-19 11:58:04,041 - music_tracker - INFO - Checking for duplicates in database...
2025-11-19 11:58:05,417 - music_tracker - INFO - Found 19 new songs out of 19 total
2025-11-19 11:58:05,419 - music_tracker - INFO - Found 19 new songs to save
2025-11-19 11:58:05,420 - music_tracker - INFO - Saving songs to database...
2025-11-19 11:58:05,773 - music_tracker - INFO - Successfully saved 19 songs to database
2025-11-19 11:58:05,775 - music_tracker - INFO - Successfully saved 19 songs to database
2025-11-19 11:58:05,776 - music_tracker - INFO - Song collection completed successfully
2025-11-19 12:58:02,696 - music_tracker - INFO - SpotiSpy song collection starting...
2025-11-19 12:58:02,696 - music_tracker - INFO - Starting song collection (last 1 hours)
2025-11-19 12:58:02,697 - music_tracker - INFO - Fetching recent tracks from Spotify...
2025-11-19 12:58:03,186 - music_tracker - INFO - Fetched 10 songs from Spotify
2025-11-19 12:58:03,189 - music_tracker - INFO - Found 10 songs from Spotify API
2025-11-19 12:58:03,190 - music_tracker - INFO - Checking for duplicates in database...
2025-11-19 12:58:04,595 - music_tracker - INFO - Found 10 new songs out of 10 total
2025-11-19 12:58:04,597 - music_tracker - INFO - Found 10 new songs to save
2025-11-19 12:58:04,598 - music_tracker - INFO - Saving songs to database...
2025-11-19 12:58:04,887 - music_tracker - INFO - Successfully saved 10 songs to database
2025-11-19 12:58:04,889 - music_tracker - INFO - Successfully saved 10 songs to database
2025-11-19 12:58:04,890 - music_tracker - INFO - Song collection completed successfully
2025-11-19 13:58:02,824 - music_tracker - INFO - SpotiSpy song collection starting...
2025-11-19 13:58:02,824 - music_tracker - INFO - Starting song collection (last 1 hours)
2025-11-19 13:58:02,825 - music_tracker - INFO - Fetching recent tracks from Spotify...
2025-11-19 13:58:03,367 - music_tracker - INFO - Fetched 14 songs from Spotify
2025-11-19 13:58:03,370 - music_tracker - INFO - Found 14 songs from Spotify API
2025-11-19 13:58:03,370 - music_tracker - INFO - Checking for duplicates in database...
2025-11-19 13:58:04,748 - music_tracker - INFO - Found 14 new songs out of 14 total
2025-11-19 13:58:04,749 - music_tracker - INFO - Found 14 new songs to save
2025-11-19 13:58:04,750 - music_tracker - INFO - Saving songs to database...
2025-11-19 13:58:05,163 - music_tracker - INFO - Successfully saved 14 songs to database
2025-11-19 13:58:05,165 - music_tracker - INFO - Successfully saved 14 songs to database
2025-11-19 13:58:05,166 - music_tracker - INFO - Song collection completed successfully
2025-11-19 14:58:03,069 - music_tracker - INFO - SpotiSpy song collection starting...
2025-11-19 14:58:03,070 - music_tracker - INFO - Starting song collection (last 1 hours)
2025-11-19 14:58:03,070 - music_tracker - INFO - Fetching recent tracks from Spotify...
2025-11-19 14:58:03,585 - music_tracker - INFO - Fetched 17 songs from Spotify
2025-11-19 14:58:03,588 - music_tracker - INFO - Found 17 songs from Spotify API
2025-11-19 14:58:03,589 - music_tracker - INFO - Checking for duplicates in database...
2025-11-19 14:58:04,902 - music_tracker - INFO - Found 17 new songs out of 17 total
2025-11-19 14:58:04,904 - music_tracker - INFO - Found 17 new songs to save
2025-11-19 14:58:04,905 - music_tracker - INFO - Saving songs to database...
2025-11-19 14:58:05,377 - music_tracker - INFO - Successfully saved 17 songs to database
2025-11-19 14:58:05,379 - music_tracker - INFO - Successfully saved 17 songs to database
2025-11-19 14:58:05,380 - music_tracker - INFO - Song collection completed successfully
2025-11-19 15:58:03,284 - music_tracker - INFO - SpotiSpy song collection starting...
2025-11-19 15:58:03,285 - music_tracker - INFO - Starting song collection (last 1 hours)
2025-11-19 15:58:03,285 - music_tracker - INFO - Fetching recent tracks from Spotify...
2025-11-19 15:58:03,817 - music_tracker - INFO - Fetched 16 songs from Spotify
2025-11-19 15:58:03,820 - music_tracker - INFO - Found 16 songs from Spotify API
2025-11-19 15:58:03,820 - music_tracker - INFO - Checking for duplicates in database...
2025-11-19 15:58:05,161 - music_tracker - INFO - Found 16 new songs out of 16 total
2025-11-19 15:58:05,163 - music_tracker - INFO - Found 16 new songs to save
2025-11-19 15:58:05,164 - music_tracker - INFO - Saving songs to database...
2025-11-19 15:58:05,520 - music_tracker - INFO - Successfully saved 16 songs to database
2025-11-19 15:58:05,522 - music_tracker - INFO - Successfully saved 16 songs to database
2025-11-19 15:58:05,522 - music_tracker - INFO - Song collection completed successfully
2025-11-19 16:58:03,496 - music_tracker - INFO - SpotiSpy song collection starting...
2025-11-19 16:58:03,497 - music_tracker - INFO - Starting song collection (last 1 hours)
2025-11-19 16:58:03,498 - music_tracker - INFO - Fetching recent tracks from Spotify...
2025-11-19 16:58:03,989 - music_tracker - INFO - Fetched 9 songs from Spotify
2025-11-19 16:58:03,991 - music_tracker - INFO - Found 9 songs from Spotify API
2025-11-19 16:58:03,992 - music_tracker - INFO - Checking for duplicates in database...
2025-11-19 16:58:05,354 - music_tracker - INFO - Found 9 new songs out of 9 total
2025-11-19 16:58:05,356 - music_tracker - INFO - Found 9 new songs to save
2025-11-19 16:58:05,357 - music_tracker - INFO - Saving songs to database...
2025-11-19 16:58:05,648 - music_tracker - INFO - Successfully saved 9 songs to database
2025-11-19 16:58:05,650 - music_tracker - INFO - Successfully saved 9 songs to database
2025-11-19 16:58:05,651 - music_tracker - INFO - Song collection completed successfully
2025-11-19 17:58:03,610 - music_tracker - INFO - SpotiSpy song collection starting...
2025-11-19 17:58:03,610 - music_tracker - INFO - Starting song collection (last 1 hours)
2025-11-19 17:58:03,611 - music_tracker - INFO - Fetching recent tracks from Spotify...
2025-11-19 17:58:03,983 - music_tracker - INFO - No recent songs found from Spotify
2025-11-19 17:58:03,985 - music_tracker - INFO - No new songs found from Spotify API
2025-11-19 17:58:03,986 - music_tracker - INFO - Song collection completed successfully
2025-11-19 18:58:02,904 - music_tracker - INFO - SpotiSpy song collection starting...
2025-11-19 18:58:02,904 - music_tracker - INFO - Starting song collection (last 1 hours)
2025-11-19 18:58:02,905 - music_tracker - INFO - Fetching recent tracks from Spotify...
2025-11-19 18:58:03,300 - music_tracker - INFO - No recent songs found from Spotify
2025-11-19 18:58:03,302 - music_tracker - INFO - No new songs found from Spotify API
2025-11-19 18:58:03,303 - music_tracker - INFO - Song collection completed successfully
2025-11-19 19:58:03,221 - music_tracker - INFO - SpotiSpy song collection starting...
2025-11-19 19:58:03,222 - music_tracker - INFO - Starting song collection (last 1 hours)
2025-11-19 19:58:03,223 - music_tracker - INFO - Fetching recent tracks from Spotify...
2025-11-19 19:58:03,583 - music_tracker - INFO - No recent songs found from Spotify
2025-11-19 19:58:03,585 - music_tracker - INFO - No new songs found from Spotify API
2025-11-19 19:58:03,586 - music_tracker - INFO - Song collection completed successfully
2025-11-19 20:58:03,502 - music_tracker - INFO - SpotiSpy song collection starting...
2025-11-19 20:58:03,503 - music_tracker - INFO - Starting song collection (last 1 hours)
2025-11-19 20:58:03,503 - music_tracker - INFO - Fetching recent tracks from Spotify...
2025-11-19 20:58:03,963 - music_tracker - INFO - Fetched 5 songs from Spotify
2025-11-19 20:58:03,965 - music_tracker - INFO - Found 5 songs from Spotify API
2025-11-19 20:58:03,966 - music_tracker - INFO - Checking for duplicates in database...
2025-11-19 20:58:05,394 - music_tracker - INFO - Found 5 new songs out of 5 total
2025-11-19 20:58:05,396 - music_tracker - INFO - Found 5 new songs to save
2025-11-19 20:58:05,397 - music_tracker - INFO - Saving songs to database...
2025-11-19 20:58:05,786 - music_tracker - INFO - Successfully saved 5 songs to database
2025-11-19 20:58:05,787 - music_tracker - INFO - Successfully saved 5 songs to database
2025-11-19 20:58:05,788 - music_tracker - INFO - Song collection completed successfully
2025-11-19 21:58:02,729 - music_tracker - INFO - SpotiSpy song collection starting...
2025-11-19 21:58:02,729 - music_tracker - INFO - Starting song collection (last 1 hours)
2025-11-19 21:58:02,730 - music_tracker - INFO - Fetching recent tracks from Spotify...
2025-11-19 21:58:03,195 - music_tracker - INFO - Fetched 1 songs from Spotify
2025-11-19 21:58:03,197 - music_tracker - INFO - Found 1 songs from Spotify API
2025-11-19 21:58:03,197 - music_tracker - INFO - Checking for duplicates in database...
2025-11-19 21:58:04,425 - music_tracker - INFO - Found 1 new songs out of 1 total
2025-11-19 21:58:04,427 - music_tracker - INFO - Found 1 new songs to save
2025-11-19 21:58:04,428 - music_tracker - INFO - Saving songs to database...
2025-11-19 21:58:04,814 - music_tracker - INFO - Successfully saved 1 songs to database
2025-11-19 21:58:04,816 - music_tracker - INFO - Successfully saved 1 songs to database
2025-11-19 21:58:04,817 - music_tracker - INFO - Song collection completed successfully
2025-11-19 22:58:02,734 - music_tracker - INFO - SpotiSpy song collection starting...
2025-11-19 22:58:02,734 - music_tracker - INFO - Starting song collection (last 1 hours)
2025-11-19 22:58:02,735 - music_tracker - INFO - Fetching recent tracks from Spotify...
2025-11-19 22:58:03,075 - music_tracker - INFO - No recent songs found from Spotify
2025-11-19 22:58:03,077 - music_tracker - INFO - No new songs found from Spotify API
2025-11-19 22:58:03,078 - music_tracker - INFO - Song collection completed successfully
2025-11-19 23:58:02,993 - music_tracker - INFO - SpotiSpy song collection starting...
2025-11-19 23:58:02,993 - music_tracker - INFO - Starting song collection (last 1 hours)
2025-11-19 23:58:02,994 - music_tracker - INFO - Fetching recent tracks from Spotify...
2025-11-19 23:58:03,362 - music_tracker - INFO - No recent songs found from Spotify
2025-11-19 23:58:03,364 - music_tracker - INFO - No new songs found from Spotify API
2025-11-19 23:58:03,364 - music_tracker - INFO - Song collection completed successfully
