2025-09-10 00:58:03,044 - music_tracker - INFO - SpotiSpy song collection starting...
2025-09-10 00:58:03,045 - music_tracker - INFO - Starting song collection (last 1 hours)
2025-09-10 00:58:03,046 - music_tracker - INFO - Fetching recent tracks from Spotify...
2025-09-10 00:58:03,404 - music_tracker - INFO - No recent songs found from Spotify
2025-09-10 00:58:03,407 - music_tracker - INFO - No new songs found from Spotify API
2025-09-10 00:58:03,407 - music_tracker - INFO - Song collection completed successfully
2025-09-10 01:58:03,315 - music_tracker - INFO - SpotiSpy song collection starting...
2025-09-10 01:58:03,316 - music_tracker - INFO - Starting song collection (last 1 hours)
2025-09-10 01:58:03,317 - music_tracker - INFO - Fetching recent tracks from Spotify...
2025-09-10 01:58:03,673 - music_tracker - INFO - No recent songs found from Spotify
2025-09-10 01:58:03,675 - music_tracker - INFO - No new songs found from Spotify API
2025-09-10 01:58:03,676 - music_tracker - INFO - Song collection completed successfully
2025-09-10 02:58:03,587 - music_tracker - INFO - SpotiSpy song collection starting...
2025-09-10 02:58:03,588 - music_tracker - INFO - Starting song collection (last 1 hours)
2025-09-10 02:58:03,589 - music_tracker - INFO - Fetching recent tracks from Spotify...
2025-09-10 02:58:03,954 - music_tracker - INFO - No recent songs found from Spotify
2025-09-10 02:58:03,956 - music_tracker - INFO - No new songs found from Spotify API
2025-09-10 02:58:03,957 - music_tracker - INFO - Song collection completed successfully
2025-09-10 03:58:02,884 - music_tracker - INFO - SpotiSpy song collection starting...
2025-09-10 03:58:02,884 - music_tracker - INFO - Starting song collection (last 1 hours)
2025-09-10 03:58:02,885 - music_tracker - INFO - Fetching recent tracks from Spotify...
2025-09-10 03:58:03,235 - music_tracker - INFO - No recent songs found from Spotify
2025-09-10 03:58:03,237 - music_tracker - INFO - No new songs found from Spotify API
2025-09-10 03:58:03,237 - music_tracker - INFO - Song collection completed successfully
2025-09-10 04:58:03,128 - music_tracker - INFO - SpotiSpy song collection starting...
2025-09-10 04:58:03,129 - music_tracker - INFO - Starting song collection (last 1 hours)
2025-09-10 04:58:03,129 - music_tracker - INFO - Fetching recent tracks from Spotify...
2025-09-10 04:58:03,495 - music_tracker - INFO - No recent songs found from Spotify
2025-09-10 04:58:03,497 - music_tracker - INFO - No new songs found from Spotify API
2025-09-10 04:58:03,498 - music_tracker - INFO - Song collection completed successfully
2025-09-10 05:58:03,400 - music_tracker - INFO - SpotiSpy song collection starting...
2025-09-10 05:58:03,400 - music_tracker - INFO - Starting song collection (last 1 hours)
2025-09-10 05:58:03,401 - music_tracker - INFO - Fetching recent tracks from Spotify...
2025-09-10 05:58:03,758 - music_tracker - INFO - No recent songs found from Spotify
2025-09-10 05:58:03,760 - music_tracker - INFO - No new songs found from Spotify API
2025-09-10 05:58:03,761 - music_tracker - INFO - Song collection completed successfully
2025-09-10 06:58:03,468 - music_tracker - INFO - SpotiSpy song collection starting...
2025-09-10 06:58:03,469 - music_tracker - INFO - Starting song collection (last 1 hours)
2025-09-10 06:58:03,470 - music_tracker - INFO - Fetching recent tracks from Spotify...
2025-09-10 06:58:03,868 - music_tracker - INFO - No recent songs found from Spotify
2025-09-10 06:58:03,870 - music_tracker - INFO - No new songs found from Spotify API
2025-09-10 06:58:03,871 - music_tracker - INFO - Song collection completed successfully
2025-09-10 07:58:02,780 - music_tracker - INFO - SpotiSpy song collection starting...
2025-09-10 07:58:02,780 - music_tracker - INFO - Starting song collection (last 1 hours)
2025-09-10 07:58:02,781 - music_tracker - INFO - Fetching recent tracks from Spotify...
2025-09-10 07:58:03,225 - music_tracker - INFO - Fetched 1 songs from Spotify
2025-09-10 07:58:03,227 - music_tracker - INFO - Found 1 songs from Spotify API
2025-09-10 07:58:03,227 - music_tracker - INFO - Checking for duplicates in database...
2025-09-10 07:58:04,739 - music_tracker - INFO - Found 1 new songs out of 1 total
2025-09-10 07:58:04,741 - music_tracker - INFO - Found 1 new songs to save
2025-09-10 07:58:04,742 - music_tracker - INFO - Saving songs to database...
2025-09-10 07:58:05,270 - music_tracker - INFO - Successfully saved 1 songs to database
2025-09-10 07:58:05,271 - music_tracker - INFO - Successfully saved 1 songs to database
2025-09-10 07:58:05,272 - music_tracker - INFO - Song collection completed successfully
2025-09-10 08:58:03,294 - music_tracker - INFO - SpotiSpy song collection starting...
2025-09-10 08:58:03,295 - music_tracker - INFO - Starting song collection (last 1 hours)
2025-09-10 08:58:03,295 - music_tracker - INFO - Fetching recent tracks from Spotify...
2025-09-10 08:58:03,746 - music_tracker - INFO - Fetched 1 songs from Spotify
2025-09-10 08:58:03,749 - music_tracker - INFO - Found 1 songs from Spotify API
2025-09-10 08:58:03,749 - music_tracker - INFO - Checking for duplicates in database...
2025-09-10 08:58:04,465 - music_tracker - INFO - Found 1 new songs out of 1 total
2025-09-10 08:58:04,467 - music_tracker - INFO - Found 1 new songs to save
2025-09-10 08:58:04,468 - music_tracker - INFO - Saving songs to database...
2025-09-10 08:58:04,819 - music_tracker - INFO - Successfully saved 1 songs to database
2025-09-10 08:58:04,821 - music_tracker - INFO - Successfully saved 1 songs to database
2025-09-10 08:58:04,822 - music_tracker - INFO - Song collection completed successfully
2025-09-10 09:00:12,380 - music_tracker - INFO - SpotiSpy starting...
2025-09-10 09:00:12,381 - music_tracker - INFO - Starting daily SpotiSpy analysis
2025-09-10 09:00:12,386 - music_tracker - INFO - Fetching yesterday's listening data...
2025-09-10 09:00:12,897 - music_tracker - INFO - Fetched 89 songs from database
2025-09-10 09:00:12,900 - music_tracker - INFO - Found 89 songs to analyze
2025-09-10 09:00:12,901 - music_tracker - INFO - Running analysis...
2025-09-10 09:00:12,911 - music_tracker - INFO - Sending daily summary to Slack...
2025-09-10 09:00:31,467 - music_tracker - INFO - Message sent successfully to Slack
2025-09-10 09:00:31,468 - music_tracker - INFO - Daily analysis completed successfully!
2025-09-10 09:00:31,468 - music_tracker - INFO - SpotiSpy completed successfully
2025-09-10 09:58:03,351 - music_tracker - INFO - SpotiSpy song collection starting...
2025-09-10 09:58:03,352 - music_tracker - INFO - Starting song collection (last 1 hours)
2025-09-10 09:58:03,353 - music_tracker - INFO - Fetching recent tracks from Spotify...
2025-09-10 09:58:03,894 - music_tracker - INFO - Fetched 17 songs from Spotify
2025-09-10 09:58:03,897 - music_tracker - INFO - Found 17 songs from Spotify API
2025-09-10 09:58:03,898 - music_tracker - INFO - Checking for duplicates in database...
2025-09-10 09:58:05,419 - music_tracker - INFO - Found 17 new songs out of 17 total
2025-09-10 09:58:05,421 - music_tracker - INFO - Found 17 new songs to save
2025-09-10 09:58:05,422 - music_tracker - INFO - Saving songs to database...
2025-09-10 09:58:05,834 - music_tracker - INFO - Successfully saved 17 songs to database
2025-09-10 09:58:05,836 - music_tracker - INFO - Successfully saved 17 songs to database
2025-09-10 09:58:05,837 - music_tracker - INFO - Song collection completed successfully
2025-09-10 10:58:02,763 - music_tracker - INFO - SpotiSpy song collection starting...
2025-09-10 10:58:02,763 - music_tracker - INFO - Starting song collection (last 1 hours)
2025-09-10 10:58:02,764 - music_tracker - INFO - Fetching recent tracks from Spotify...
2025-09-10 10:58:03,305 - music_tracker - INFO - Fetched 18 songs from Spotify
2025-09-10 10:58:03,308 - music_tracker - INFO - Found 18 songs from Spotify API
2025-09-10 10:58:03,308 - music_tracker - INFO - Checking for duplicates in database...
2025-09-10 10:58:04,767 - music_tracker - INFO - Found 18 new songs out of 18 total
2025-09-10 10:58:04,769 - music_tracker - INFO - Found 18 new songs to save
2025-09-10 10:58:04,770 - music_tracker - INFO - Saving songs to database...
2025-09-10 10:58:05,206 - music_tracker - INFO - Successfully saved 18 songs to database
2025-09-10 10:58:05,208 - music_tracker - INFO - Successfully saved 18 songs to database
2025-09-10 10:58:05,209 - music_tracker - INFO - Song collection completed successfully
2025-09-10 11:58:03,129 - music_tracker - INFO - SpotiSpy song collection starting...
2025-09-10 11:58:03,129 - music_tracker - INFO - Starting song collection (last 1 hours)
2025-09-10 11:58:03,130 - music_tracker - INFO - Fetching recent tracks from Spotify...
2025-09-10 11:58:03,599 - music_tracker - INFO - Fetched 5 songs from Spotify
2025-09-10 11:58:03,602 - music_tracker - INFO - Found 5 songs from Spotify API
2025-09-10 11:58:03,602 - music_tracker - INFO - Checking for duplicates in database...
2025-09-10 11:58:04,872 - music_tracker - INFO - Found 5 new songs out of 5 total
2025-09-10 11:58:04,874 - music_tracker - INFO - Found 5 new songs to save
2025-09-10 11:58:04,875 - music_tracker - INFO - Saving songs to database...
2025-09-10 11:58:05,249 - music_tracker - INFO - Successfully saved 5 songs to database
2025-09-10 11:58:05,251 - music_tracker - INFO - Successfully saved 5 songs to database
2025-09-10 11:58:05,252 - music_tracker - INFO - Song collection completed successfully
2025-09-10 12:58:03,875 - music_tracker - INFO - SpotiSpy song collection starting...
2025-09-10 12:58:03,876 - music_tracker - INFO - Starting song collection (last 1 hours)
2025-09-10 12:58:03,876 - music_tracker - INFO - Fetching recent tracks from Spotify...
2025-09-10 12:58:04,399 - music_tracker - INFO - Fetched 11 songs from Spotify
2025-09-10 12:58:04,402 - music_tracker - INFO - Found 11 songs from Spotify API
2025-09-10 12:58:04,403 - music_tracker - INFO - Checking for duplicates in database...
2025-09-10 12:58:05,481 - music_tracker - INFO - Found 11 new songs out of 11 total
2025-09-10 12:58:05,484 - music_tracker - INFO - Found 11 new songs to save
2025-09-10 12:58:05,484 - music_tracker - INFO - Saving songs to database...
2025-09-10 12:58:05,800 - music_tracker - INFO - Successfully saved 11 songs to database
2025-09-10 12:58:05,802 - music_tracker - INFO - Successfully saved 11 songs to database
2025-09-10 12:58:05,802 - music_tracker - INFO - Song collection completed successfully
2025-09-10 13:58:03,659 - music_tracker - INFO - SpotiSpy song collection starting...
2025-09-10 13:58:03,667 - music_tracker - INFO - Starting song collection (last 1 hours)
2025-09-10 13:58:03,667 - music_tracker - INFO - Fetching recent tracks from Spotify...
2025-09-10 13:58:04,236 - music_tracker - INFO - Fetched 12 songs from Spotify
2025-09-10 13:58:04,240 - music_tracker - INFO - Found 12 songs from Spotify API
2025-09-10 13:58:04,240 - music_tracker - INFO - Checking for duplicates in database...
2025-09-10 13:58:04,880 - music_tracker - INFO - Found 12 new songs out of 12 total
2025-09-10 13:58:04,882 - music_tracker - INFO - Found 12 new songs to save
2025-09-10 13:58:04,883 - music_tracker - INFO - Saving songs to database...
2025-09-10 13:58:05,163 - music_tracker - INFO - Successfully saved 12 songs to database
2025-09-10 13:58:05,165 - music_tracker - INFO - Successfully saved 12 songs to database
2025-09-10 13:58:05,166 - music_tracker - INFO - Song collection completed successfully
2025-09-10 14:58:04,447 - music_tracker - INFO - SpotiSpy song collection starting...
2025-09-10 14:58:04,454 - music_tracker - INFO - Starting song collection (last 1 hours)
2025-09-10 14:58:04,455 - music_tracker - INFO - Fetching recent tracks from Spotify...
2025-09-10 14:58:04,932 - music_tracker - INFO - Fetched 8 songs from Spotify
2025-09-10 14:58:04,935 - music_tracker - INFO - Found 8 songs from Spotify API
2025-09-10 14:58:04,936 - music_tracker - INFO - Checking for duplicates in database...
2025-09-10 14:58:06,457 - music_tracker - INFO - Found 8 new songs out of 8 total
2025-09-10 14:58:06,459 - music_tracker - INFO - Found 8 new songs to save
2025-09-10 14:58:06,460 - music_tracker - INFO - Saving songs to database...
2025-09-10 14:58:06,817 - music_tracker - INFO - Successfully saved 8 songs to database
2025-09-10 14:58:06,820 - music_tracker - INFO - Successfully saved 8 songs to database
2025-09-10 14:58:06,823 - music_tracker - INFO - Song collection completed successfully
2025-09-10 15:58:02,775 - music_tracker - INFO - SpotiSpy song collection starting...
2025-09-10 15:58:02,775 - music_tracker - INFO - Starting song collection (last 1 hours)
2025-09-10 15:58:02,776 - music_tracker - INFO - Fetching recent tracks from Spotify...
2025-09-10 15:58:03,270 - music_tracker - INFO - Fetched 4 songs from Spotify
2025-09-10 15:58:03,273 - music_tracker - INFO - Found 4 songs from Spotify API
2025-09-10 15:58:03,273 - music_tracker - INFO - Checking for duplicates in database...
2025-09-10 15:58:04,528 - music_tracker - INFO - Found 4 new songs out of 4 total
2025-09-10 15:58:04,530 - music_tracker - INFO - Found 4 new songs to save
2025-09-10 15:58:04,530 - music_tracker - INFO - Saving songs to database...
2025-09-10 15:58:04,912 - music_tracker - INFO - Successfully saved 4 songs to database
2025-09-10 15:58:04,915 - music_tracker - INFO - Successfully saved 4 songs to database
2025-09-10 15:58:04,916 - music_tracker - INFO - Song collection completed successfully
2025-09-10 16:58:02,826 - music_tracker - INFO - SpotiSpy song collection starting...
2025-09-10 16:58:02,826 - music_tracker - INFO - Starting song collection (last 1 hours)
2025-09-10 16:58:02,827 - music_tracker - INFO - Fetching recent tracks from Spotify...
2025-09-10 16:58:03,191 - music_tracker - INFO - No recent songs found from Spotify
2025-09-10 16:58:03,193 - music_tracker - INFO - No new songs found from Spotify API
2025-09-10 16:58:03,193 - music_tracker - INFO - Song collection completed successfully
2025-09-10 17:58:03,091 - music_tracker - INFO - SpotiSpy song collection starting...
2025-09-10 17:58:03,092 - music_tracker - INFO - Starting song collection (last 1 hours)
2025-09-10 17:58:03,092 - music_tracker - INFO - Fetching recent tracks from Spotify...
2025-09-10 17:58:03,488 - music_tracker - INFO - No recent songs found from Spotify
2025-09-10 17:58:03,490 - music_tracker - INFO - No new songs found from Spotify API
2025-09-10 17:58:03,490 - music_tracker - INFO - Song collection completed successfully
2025-09-10 18:58:03,392 - music_tracker - INFO - SpotiSpy song collection starting...
2025-09-10 18:58:03,392 - music_tracker - INFO - Starting song collection (last 1 hours)
2025-09-10 18:58:03,393 - music_tracker - INFO - Fetching recent tracks from Spotify...
2025-09-10 18:58:03,755 - music_tracker - INFO - No recent songs found from Spotify
2025-09-10 18:58:03,757 - music_tracker - INFO - No new songs found from Spotify API
2025-09-10 18:58:03,758 - music_tracker - INFO - Song collection completed successfully
2025-09-10 19:58:03,476 - music_tracker - INFO - SpotiSpy song collection starting...
2025-09-10 19:58:03,484 - music_tracker - INFO - Starting song collection (last 1 hours)
2025-09-10 19:58:03,485 - music_tracker - INFO - Fetching recent tracks from Spotify...
2025-09-10 19:58:08,932 - music_tracker - INFO - Fetched 3 songs from Spotify
2025-09-10 19:58:08,935 - music_tracker - INFO - Found 3 songs from Spotify API
2025-09-10 19:58:08,936 - music_tracker - INFO - Checking for duplicates in database...
2025-09-10 19:58:09,789 - music_tracker - INFO - Found 3 new songs out of 3 total
2025-09-10 19:58:09,791 - music_tracker - INFO - Found 3 new songs to save
2025-09-10 19:58:09,792 - music_tracker - INFO - Saving songs to database...
2025-09-10 19:58:10,028 - music_tracker - INFO - Successfully saved 3 songs to database
2025-09-10 19:58:10,030 - music_tracker - INFO - Successfully saved 3 songs to database
2025-09-10 19:58:10,030 - music_tracker - INFO - Song collection completed successfully
2025-09-10 20:58:02,986 - music_tracker - INFO - SpotiSpy song collection starting...
2025-09-10 20:58:02,986 - music_tracker - INFO - Starting song collection (last 1 hours)
2025-09-10 20:58:02,987 - music_tracker - INFO - Fetching recent tracks from Spotify...
2025-09-10 20:58:03,363 - music_tracker - INFO - No recent songs found from Spotify
2025-09-10 20:58:03,365 - music_tracker - INFO - No new songs found from Spotify API
2025-09-10 20:58:03,366 - music_tracker - INFO - Song collection completed successfully
2025-09-10 21:58:03,263 - music_tracker - INFO - SpotiSpy song collection starting...
2025-09-10 21:58:03,263 - music_tracker - INFO - Starting song collection (last 1 hours)
2025-09-10 21:58:03,264 - music_tracker - INFO - Fetching recent tracks from Spotify...
2025-09-10 21:58:03,635 - music_tracker - INFO - No recent songs found from Spotify
2025-09-10 21:58:03,637 - music_tracker - INFO - No new songs found from Spotify API
2025-09-10 21:58:03,638 - music_tracker - INFO - Song collection completed successfully
2025-09-10 22:58:03,552 - music_tracker - INFO - SpotiSpy song collection starting...
2025-09-10 22:58:03,553 - music_tracker - INFO - Starting song collection (last 1 hours)
2025-09-10 22:58:03,554 - music_tracker - INFO - Fetching recent tracks from Spotify...
2025-09-10 22:58:03,922 - music_tracker - INFO - No recent songs found from Spotify
2025-09-10 22:58:03,924 - music_tracker - INFO - No new songs found from Spotify API
2025-09-10 22:58:03,925 - music_tracker - INFO - Song collection completed successfully
2025-09-10 23:58:02,815 - music_tracker - INFO - SpotiSpy song collection starting...
2025-09-10 23:58:02,816 - music_tracker - INFO - Starting song collection (last 1 hours)
2025-09-10 23:58:02,817 - music_tracker - INFO - Fetching recent tracks from Spotify...
2025-09-10 23:58:03,205 - music_tracker - INFO - No recent songs found from Spotify
2025-09-10 23:58:03,207 - music_tracker - INFO - No new songs found from Spotify API
2025-09-10 23:58:03,208 - music_tracker - INFO - Song collection completed successfully
