2025-11-12 00:58:03,025 - music_tracker - INFO - SpotiSpy song collection starting...
2025-11-12 00:58:03,026 - music_tracker - INFO - Starting song collection (last 1 hours)
2025-11-12 00:58:03,026 - music_tracker - INFO - Fetching recent tracks from Spotify...
2025-11-12 00:58:03,417 - music_tracker - INFO - No recent songs found from Spotify
2025-11-12 00:58:03,419 - music_tracker - INFO - No new songs found from Spotify API
2025-11-12 00:58:03,420 - music_tracker - INFO - Song collection completed successfully
2025-11-12 01:58:03,311 - music_tracker - INFO - SpotiSpy song collection starting...
2025-11-12 01:58:03,312 - music_tracker - INFO - Starting song collection (last 1 hours)
2025-11-12 01:58:03,312 - music_tracker - INFO - Fetching recent tracks from Spotify...
2025-11-12 01:58:03,663 - music_tracker - INFO - No recent songs found from Spotify
2025-11-12 01:58:03,665 - music_tracker - INFO - No new songs found from Spotify API
2025-11-12 01:58:03,665 - music_tracker - INFO - Song collection completed successfully
2025-11-12 02:58:03,578 - music_tracker - INFO - SpotiSpy song collection starting...
2025-11-12 02:58:03,579 - music_tracker - INFO - Starting song collection (last 1 hours)
2025-11-12 02:58:03,579 - music_tracker - INFO - Fetching recent tracks from Spotify...
2025-11-12 02:58:03,937 - music_tracker - INFO - No recent songs found from Spotify
2025-11-12 02:58:03,939 - music_tracker - INFO - No new songs found from Spotify API
2025-11-12 02:58:03,940 - music_tracker - INFO - Song collection completed successfully
2025-11-12 03:58:02,864 - music_tracker - INFO - SpotiSpy song collection starting...
2025-11-12 03:58:02,864 - music_tracker - INFO - Starting song collection (last 1 hours)
2025-11-12 03:58:02,865 - music_tracker - INFO - Fetching recent tracks from Spotify...
2025-11-12 03:58:03,205 - music_tracker - INFO - No recent songs found from Spotify
2025-11-12 03:58:03,207 - music_tracker - INFO - No new songs found from Spotify API
2025-11-12 03:58:03,208 - music_tracker - INFO - Song collection completed successfully
2025-11-12 04:58:03,086 - music_tracker - INFO - SpotiSpy song collection starting...
2025-11-12 04:58:03,087 - music_tracker - INFO - Starting song collection (last 1 hours)
2025-11-12 04:58:03,088 - music_tracker - INFO - Fetching recent tracks from Spotify...
2025-11-12 04:58:03,467 - music_tracker - INFO - No recent songs found from Spotify
2025-11-12 04:58:03,469 - music_tracker - INFO - No new songs found from Spotify API
2025-11-12 04:58:03,470 - music_tracker - INFO - Song collection completed successfully
2025-11-12 05:58:03,552 - music_tracker - INFO - SpotiSpy song collection starting...
2025-11-12 05:58:03,552 - music_tracker - INFO - Starting song collection (last 1 hours)
2025-11-12 05:58:03,553 - music_tracker - INFO - Fetching recent tracks from Spotify...
2025-11-12 05:58:03,919 - music_tracker - INFO - No recent songs found from Spotify
2025-11-12 05:58:03,921 - music_tracker - INFO - No new songs found from Spotify API
2025-11-12 05:58:03,922 - music_tracker - INFO - Song collection completed successfully
2025-11-12 06:58:02,875 - music_tracker - INFO - SpotiSpy song collection starting...
2025-11-12 06:58:02,877 - music_tracker - INFO - Starting song collection (last 1 hours)
2025-11-12 06:58:02,878 - music_tracker - INFO - Fetching recent tracks from Spotify...
2025-11-12 06:58:03,242 - music_tracker - INFO - No recent songs found from Spotify
2025-11-12 06:58:03,244 - music_tracker - INFO - No new songs found from Spotify API
2025-11-12 06:58:03,244 - music_tracker - INFO - Song collection completed successfully
2025-11-12 07:58:03,140 - music_tracker - INFO - SpotiSpy song collection starting...
2025-11-12 07:58:03,140 - music_tracker - INFO - Starting song collection (last 1 hours)
2025-11-12 07:58:03,141 - music_tracker - INFO - Fetching recent tracks from Spotify...
2025-11-12 07:58:08,713 - music_tracker - INFO - Fetched 3 songs from Spotify
2025-11-12 07:58:08,716 - music_tracker - INFO - Found 3 songs from Spotify API
2025-11-12 07:58:08,717 - music_tracker - INFO - Checking for duplicates in database...
2025-11-12 07:58:10,301 - music_tracker - INFO - Found 3 new songs out of 3 total
2025-11-12 07:58:10,303 - music_tracker - INFO - Found 3 new songs to save
2025-11-12 07:58:10,304 - music_tracker - INFO - Saving songs to database...
2025-11-12 07:58:10,596 - music_tracker - INFO - Successfully saved 3 songs to database
2025-11-12 07:58:10,598 - music_tracker - INFO - Successfully saved 3 songs to database
2025-11-12 07:58:10,599 - music_tracker - INFO - Song collection completed successfully
2025-11-12 08:58:04,172 - music_tracker - INFO - SpotiSpy song collection starting...
2025-11-12 08:58:04,174 - music_tracker - INFO - Starting song collection (last 1 hours)
2025-11-12 08:58:04,182 - music_tracker - INFO - Fetching recent tracks from Spotify...
2025-11-12 08:58:04,703 - music_tracker - INFO - Fetched 13 songs from Spotify
2025-11-12 08:58:04,706 - music_tracker - INFO - Found 13 songs from Spotify API
2025-11-12 08:58:04,707 - music_tracker - INFO - Checking for duplicates in database...
2025-11-12 08:58:06,266 - music_tracker - INFO - Found 12 new songs out of 13 total
2025-11-12 08:58:06,268 - music_tracker - INFO - Found 12 new songs to save
2025-11-12 08:58:06,268 - music_tracker - INFO - Saving songs to database...
2025-11-12 08:58:06,618 - music_tracker - INFO - Successfully saved 12 songs to database
2025-11-12 08:58:06,620 - music_tracker - INFO - Successfully saved 12 songs to database
2025-11-12 08:58:06,620 - music_tracker - INFO - Song collection completed successfully
2025-11-12 09:00:12,981 - music_tracker - INFO - SpotiSpy starting...
2025-11-12 09:00:12,981 - music_tracker - INFO - Starting daily SpotiSpy analysis
2025-11-12 09:00:12,982 - music_tracker - INFO - Fetching yesterday's listening data...
2025-11-12 09:00:13,456 - music_tracker - INFO - Fetched 142 songs from database
2025-11-12 09:00:13,458 - music_tracker - INFO - Found 142 songs to analyze
2025-11-12 09:00:13,459 - music_tracker - INFO - Running analysis...
2025-11-12 09:00:13,469 - music_tracker - INFO - Sending daily summary to Slack...
2025-11-12 09:00:50,348 - music_tracker - INFO - Message sent successfully to Slack
2025-11-12 09:00:50,349 - music_tracker - INFO - Daily analysis completed successfully!
2025-11-12 09:00:50,349 - music_tracker - INFO - SpotiSpy completed successfully
2025-11-12 09:58:03,216 - music_tracker - INFO - SpotiSpy song collection starting...
2025-11-12 09:58:03,217 - music_tracker - INFO - Starting song collection (last 1 hours)
2025-11-12 09:58:03,217 - music_tracker - INFO - Fetching recent tracks from Spotify...
2025-11-12 09:58:03,583 - music_tracker - INFO - No recent songs found from Spotify
2025-11-12 09:58:03,585 - music_tracker - INFO - No new songs found from Spotify API
2025-11-12 09:58:03,586 - music_tracker - INFO - Song collection completed successfully
2025-11-12 10:58:03,478 - music_tracker - INFO - SpotiSpy song collection starting...
2025-11-12 10:58:03,479 - music_tracker - INFO - Starting song collection (last 1 hours)
2025-11-12 10:58:03,480 - music_tracker - INFO - Fetching recent tracks from Spotify...
2025-11-12 10:58:03,975 - music_tracker - INFO - Fetched 2 songs from Spotify
2025-11-12 10:58:03,977 - music_tracker - INFO - Found 2 songs from Spotify API
2025-11-12 10:58:03,978 - music_tracker - INFO - Checking for duplicates in database...
2025-11-12 10:58:05,427 - music_tracker - INFO - Found 2 new songs out of 2 total
2025-11-12 10:58:05,429 - music_tracker - INFO - Found 2 new songs to save
2025-11-12 10:58:05,430 - music_tracker - INFO - Saving songs to database...
2025-11-12 10:58:10,792 - music_tracker - INFO - Successfully saved 2 songs to database
2025-11-12 10:58:10,793 - music_tracker - INFO - Successfully saved 2 songs to database
2025-11-12 10:58:10,794 - music_tracker - INFO - Song collection completed successfully
2025-11-12 11:58:02,676 - music_tracker - INFO - SpotiSpy song collection starting...
2025-11-12 11:58:02,677 - music_tracker - INFO - Starting song collection (last 1 hours)
2025-11-12 11:58:02,678 - music_tracker - INFO - Fetching recent tracks from Spotify...
2025-11-12 11:58:03,267 - music_tracker - INFO - Fetched 16 songs from Spotify
2025-11-12 11:58:03,270 - music_tracker - INFO - Found 16 songs from Spotify API
2025-11-12 11:58:03,271 - music_tracker - INFO - Checking for duplicates in database...
2025-11-12 11:58:04,883 - music_tracker - INFO - Found 16 new songs out of 16 total
2025-11-12 11:58:04,885 - music_tracker - INFO - Found 16 new songs to save
2025-11-12 11:58:04,886 - music_tracker - INFO - Saving songs to database...
2025-11-12 11:58:05,241 - music_tracker - INFO - Successfully saved 16 songs to database
2025-11-12 11:58:05,243 - music_tracker - INFO - Successfully saved 16 songs to database
2025-11-12 11:58:05,244 - music_tracker - INFO - Song collection completed successfully
2025-11-12 12:58:03,150 - music_tracker - INFO - SpotiSpy song collection starting...
2025-11-12 12:58:03,151 - music_tracker - INFO - Starting song collection (last 1 hours)
2025-11-12 12:58:03,151 - music_tracker - INFO - Fetching recent tracks from Spotify...
2025-11-12 12:58:03,672 - music_tracker - INFO - Fetched 2 songs from Spotify
2025-11-12 12:58:03,675 - music_tracker - INFO - Found 2 songs from Spotify API
2025-11-12 12:58:03,675 - music_tracker - INFO - Checking for duplicates in database...
2025-11-12 12:58:05,092 - music_tracker - INFO - Found 2 new songs out of 2 total
2025-11-12 12:58:05,094 - music_tracker - INFO - Found 2 new songs to save
2025-11-12 12:58:05,095 - music_tracker - INFO - Saving songs to database...
2025-11-12 12:58:05,401 - music_tracker - INFO - Successfully saved 2 songs to database
2025-11-12 12:58:05,403 - music_tracker - INFO - Successfully saved 2 songs to database
2025-11-12 12:58:05,404 - music_tracker - INFO - Song collection completed successfully
2025-11-12 13:58:03,307 - music_tracker - INFO - SpotiSpy song collection starting...
2025-11-12 13:58:03,307 - music_tracker - INFO - Starting song collection (last 1 hours)
2025-11-12 13:58:03,308 - music_tracker - INFO - Fetching recent tracks from Spotify...
2025-11-12 13:58:03,823 - music_tracker - INFO - Fetched 15 songs from Spotify
2025-11-12 13:58:03,826 - music_tracker - INFO - Found 15 songs from Spotify API
2025-11-12 13:58:03,826 - music_tracker - INFO - Checking for duplicates in database...
2025-11-12 13:58:05,335 - music_tracker - INFO - Found 15 new songs out of 15 total
2025-11-12 13:58:05,337 - music_tracker - INFO - Found 15 new songs to save
2025-11-12 13:58:05,338 - music_tracker - INFO - Saving songs to database...
2025-11-12 13:58:05,692 - music_tracker - INFO - Successfully saved 15 songs to database
2025-11-12 13:58:05,693 - music_tracker - INFO - Successfully saved 15 songs to database
2025-11-12 13:58:05,694 - music_tracker - INFO - Song collection completed successfully
2025-11-12 14:58:02,611 - music_tracker - INFO - SpotiSpy song collection starting...
2025-11-12 14:58:02,612 - music_tracker - INFO - Starting song collection (last 1 hours)
2025-11-12 14:58:02,612 - music_tracker - INFO - Fetching recent tracks from Spotify...
2025-11-12 14:58:03,212 - music_tracker - INFO - Fetched 8 songs from Spotify
2025-11-12 14:58:03,215 - music_tracker - INFO - Found 8 songs from Spotify API
2025-11-12 14:58:03,216 - music_tracker - INFO - Checking for duplicates in database...
2025-11-12 14:58:04,768 - music_tracker - INFO - Found 8 new songs out of 8 total
2025-11-12 14:58:04,770 - music_tracker - INFO - Found 8 new songs to save
2025-11-12 14:58:04,771 - music_tracker - INFO - Saving songs to database...
2025-11-12 14:58:05,056 - music_tracker - INFO - Successfully saved 8 songs to database
2025-11-12 14:58:05,058 - music_tracker - INFO - Successfully saved 8 songs to database
2025-11-12 14:58:05,059 - music_tracker - INFO - Song collection completed successfully
2025-11-12 15:58:02,975 - music_tracker - INFO - SpotiSpy song collection starting...
2025-11-12 15:58:02,975 - music_tracker - INFO - Starting song collection (last 1 hours)
2025-11-12 15:58:02,976 - music_tracker - INFO - Fetching recent tracks from Spotify...
2025-11-12 15:58:03,642 - music_tracker - INFO - Fetched 10 songs from Spotify
2025-11-12 15:58:03,645 - music_tracker - INFO - Found 10 songs from Spotify API
2025-11-12 15:58:03,646 - music_tracker - INFO - Checking for duplicates in database...
2025-11-12 15:58:05,114 - music_tracker - INFO - Found 10 new songs out of 10 total
2025-11-12 15:58:05,116 - music_tracker - INFO - Found 10 new songs to save
2025-11-12 15:58:05,116 - music_tracker - INFO - Saving songs to database...
2025-11-12 15:58:05,405 - music_tracker - INFO - Successfully saved 10 songs to database
2025-11-12 15:58:05,407 - music_tracker - INFO - Successfully saved 10 songs to database
2025-11-12 15:58:05,407 - music_tracker - INFO - Song collection completed successfully
2025-11-12 16:58:03,332 - music_tracker - INFO - SpotiSpy song collection starting...
2025-11-12 16:58:03,332 - music_tracker - INFO - Starting song collection (last 1 hours)
2025-11-12 16:58:03,333 - music_tracker - INFO - Fetching recent tracks from Spotify...
2025-11-12 16:58:03,805 - music_tracker - INFO - Fetched 8 songs from Spotify
2025-11-12 16:58:03,808 - music_tracker - INFO - Found 8 songs from Spotify API
2025-11-12 16:58:03,809 - music_tracker - INFO - Checking for duplicates in database...
2025-11-12 16:58:05,345 - music_tracker - INFO - Found 8 new songs out of 8 total
2025-11-12 16:58:05,347 - music_tracker - INFO - Found 8 new songs to save
2025-11-12 16:58:05,347 - music_tracker - INFO - Saving songs to database...
2025-11-12 16:58:05,700 - music_tracker - INFO - Successfully saved 8 songs to database
2025-11-12 16:58:05,702 - music_tracker - INFO - Successfully saved 8 songs to database
2025-11-12 16:58:05,702 - music_tracker - INFO - Song collection completed successfully
2025-11-12 17:58:02,635 - music_tracker - INFO - SpotiSpy song collection starting...
2025-11-12 17:58:02,635 - music_tracker - INFO - Starting song collection (last 1 hours)
2025-11-12 17:58:02,636 - music_tracker - INFO - Fetching recent tracks from Spotify...
2025-11-12 17:58:02,999 - music_tracker - INFO - No recent songs found from Spotify
2025-11-12 17:58:03,002 - music_tracker - INFO - No new songs found from Spotify API
2025-11-12 17:58:03,002 - music_tracker - INFO - Song collection completed successfully
2025-11-12 18:58:02,891 - music_tracker - INFO - SpotiSpy song collection starting...
2025-11-12 18:58:02,892 - music_tracker - INFO - Starting song collection (last 1 hours)
2025-11-12 18:58:02,893 - music_tracker - INFO - Fetching recent tracks from Spotify...
2025-11-12 18:58:03,010 - music_tracker - ERROR - Error fetching from Spotify: HTTPSConnectionPool(host='accounts.spotify.com', port=443): Max retries exceeded with url: /api/token (Caused by NewConnectionError('<urllib3.connection.HTTPSConnection object at 0x759bafb0>: Failed to establish a new connection: [Errno 101] Network is unreachable'))
2025-11-12 18:58:03,011 - music_tracker - INFO - No new songs found from Spotify API
2025-11-12 18:58:03,011 - music_tracker - INFO - Song collection completed successfully
2025-11-12 19:58:02,887 - music_tracker - INFO - SpotiSpy song collection starting...
2025-11-12 19:58:02,888 - music_tracker - INFO - Starting song collection (last 1 hours)
2025-11-12 19:58:02,888 - music_tracker - INFO - Fetching recent tracks from Spotify...
2025-11-12 19:58:03,230 - music_tracker - INFO - No recent songs found from Spotify
2025-11-12 19:58:03,232 - music_tracker - INFO - No new songs found from Spotify API
2025-11-12 19:58:03,233 - music_tracker - INFO - Song collection completed successfully
2025-11-12 20:58:03,116 - music_tracker - INFO - SpotiSpy song collection starting...
2025-11-12 20:58:03,117 - music_tracker - INFO - Starting song collection (last 1 hours)
2025-11-12 20:58:03,117 - music_tracker - INFO - Fetching recent tracks from Spotify...
2025-11-12 20:58:03,630 - music_tracker - INFO - Fetched 4 songs from Spotify
2025-11-12 20:58:03,632 - music_tracker - INFO - Found 4 songs from Spotify API
2025-11-12 20:58:03,633 - music_tracker - INFO - Checking for duplicates in database...
2025-11-12 20:58:05,266 - music_tracker - INFO - Found 4 new songs out of 4 total
2025-11-12 20:58:05,268 - music_tracker - INFO - Found 4 new songs to save
2025-11-12 20:58:05,269 - music_tracker - INFO - Saving songs to database...
2025-11-12 20:58:05,953 - music_tracker - INFO - Successfully saved 4 songs to database
2025-11-12 20:58:05,954 - music_tracker - INFO - Successfully saved 4 songs to database
2025-11-12 20:58:05,955 - music_tracker - INFO - Song collection completed successfully
2025-11-12 21:58:02,853 - music_tracker - INFO - SpotiSpy song collection starting...
2025-11-12 21:58:02,854 - music_tracker - INFO - Starting song collection (last 1 hours)
2025-11-12 21:58:02,855 - music_tracker - INFO - Fetching recent tracks from Spotify...
2025-11-12 21:58:03,228 - music_tracker - INFO - No recent songs found from Spotify
2025-11-12 21:58:03,230 - music_tracker - INFO - No new songs found from Spotify API
2025-11-12 21:58:03,231 - music_tracker - INFO - Song collection completed successfully
2025-11-12 22:58:03,126 - music_tracker - INFO - SpotiSpy song collection starting...
2025-11-12 22:58:03,127 - music_tracker - INFO - Starting song collection (last 1 hours)
2025-11-12 22:58:03,127 - music_tracker - INFO - Fetching recent tracks from Spotify...
2025-11-12 22:58:08,791 - music_tracker - INFO - No recent songs found from Spotify
2025-11-12 22:58:08,793 - music_tracker - INFO - No new songs found from Spotify API
2025-11-12 22:58:08,794 - music_tracker - INFO - Song collection completed successfully
2025-11-12 23:58:02,702 - music_tracker - INFO - SpotiSpy song collection starting...
2025-11-12 23:58:02,702 - music_tracker - INFO - Starting song collection (last 1 hours)
2025-11-12 23:58:02,703 - music_tracker - INFO - Fetching recent tracks from Spotify...
2025-11-12 23:58:03,301 - music_tracker - INFO - Fetched 1 songs from Spotify
2025-11-12 23:58:03,303 - music_tracker - INFO - Found 1 songs from Spotify API
2025-11-12 23:58:03,304 - music_tracker - INFO - Checking for duplicates in database...
2025-11-12 23:58:04,783 - music_tracker - INFO - Found 1 new songs out of 1 total
2025-11-12 23:58:04,785 - music_tracker - INFO - Found 1 new songs to save
2025-11-12 23:58:04,786 - music_tracker - INFO - Saving songs to database...
2025-11-12 23:58:05,160 - music_tracker - INFO - Successfully saved 1 songs to database
2025-11-12 23:58:05,162 - music_tracker - INFO - Successfully saved 1 songs to database
2025-11-12 23:58:05,163 - music_tracker - INFO - Song collection completed successfully
