2025-08-08 00:58:06,116 - music_tracker - INFO - SpotiSpy starting...
2025-08-08 00:58:06,116 - music_tracker - INFO - Starting daily SpotiSpy analysis
2025-08-08 00:58:06,117 - music_tracker - INFO - Fetching yesterday's listening data...
2025-08-08 00:58:06,438 - music_tracker - INFO - Fetched 0 songs from database
2025-08-08 00:58:06,440 - music_tracker - WARNING - No songs found for yesterday
2025-08-08 00:58:06,440 - music_tracker - INFO - SpotiSpy completed successfully
2025-08-08 01:58:06,590 - music_tracker - INFO - SpotiSpy starting...
2025-08-08 01:58:06,590 - music_tracker - INFO - Starting daily SpotiSpy analysis
2025-08-08 01:58:06,591 - music_tracker - INFO - Fetching yesterday's listening data...
2025-08-08 01:58:07,014 - music_tracker - INFO - Fetched 0 songs from database
2025-08-08 01:58:07,016 - music_tracker - WARNING - No songs found for yesterday
2025-08-08 01:58:07,022 - music_tracker - INFO - SpotiSpy completed successfully
2025-08-08 02:58:06,147 - music_tracker - INFO - SpotiSpy starting...
2025-08-08 02:58:06,148 - music_tracker - INFO - Starting daily SpotiSpy analysis
2025-08-08 02:58:06,148 - music_tracker - INFO - Fetching yesterday's listening data...
2025-08-08 02:58:06,468 - music_tracker - INFO - Fetched 0 songs from database
2025-08-08 02:58:06,470 - music_tracker - WARNING - No songs found for yesterday
2025-08-08 02:58:06,474 - music_tracker - INFO - SpotiSpy completed successfully
2025-08-08 03:58:06,625 - music_tracker - INFO - SpotiSpy starting...
2025-08-08 03:58:06,626 - music_tracker - INFO - Starting daily SpotiSpy analysis
2025-08-08 03:58:06,626 - music_tracker - INFO - Fetching yesterday's listening data...
2025-08-08 03:58:07,024 - music_tracker - INFO - Fetched 0 songs from database
2025-08-08 03:58:07,026 - music_tracker - WARNING - No songs found for yesterday
2025-08-08 03:58:07,030 - music_tracker - INFO - SpotiSpy completed successfully
2025-08-08 04:58:06,134 - music_tracker - INFO - SpotiSpy starting...
2025-08-08 04:58:06,135 - music_tracker - INFO - Starting daily SpotiSpy analysis
2025-08-08 04:58:06,135 - music_tracker - INFO - Fetching yesterday's listening data...
2025-08-08 04:58:06,489 - music_tracker - INFO - Fetched 0 songs from database
2025-08-08 04:58:06,491 - music_tracker - WARNING - No songs found for yesterday
2025-08-08 04:58:06,491 - music_tracker - INFO - SpotiSpy completed successfully
2025-08-08 05:58:06,619 - music_tracker - INFO - SpotiSpy starting...
2025-08-08 05:58:06,620 - music_tracker - INFO - Starting daily SpotiSpy analysis
2025-08-08 05:58:06,620 - music_tracker - INFO - Fetching yesterday's listening data...
2025-08-08 05:58:06,933 - music_tracker - INFO - Fetched 0 songs from database
2025-08-08 05:58:06,935 - music_tracker - WARNING - No songs found for yesterday
2025-08-08 05:58:06,939 - music_tracker - INFO - SpotiSpy completed successfully
2025-08-08 06:58:06,142 - music_tracker - INFO - SpotiSpy starting...
2025-08-08 06:58:06,142 - music_tracker - INFO - Starting daily SpotiSpy analysis
2025-08-08 06:58:06,143 - music_tracker - INFO - Fetching yesterday's listening data...
2025-08-08 06:58:06,461 - music_tracker - INFO - Fetched 0 songs from database
2025-08-08 06:58:06,463 - music_tracker - WARNING - No songs found for yesterday
2025-08-08 06:58:06,463 - music_tracker - INFO - SpotiSpy completed successfully
2025-08-08 07:58:06,588 - music_tracker - INFO - SpotiSpy starting...
2025-08-08 07:58:06,588 - music_tracker - INFO - Starting daily SpotiSpy analysis
2025-08-08 07:58:06,589 - music_tracker - INFO - Fetching yesterday's listening data...
2025-08-08 07:58:06,920 - music_tracker - INFO - Fetched 0 songs from database
2025-08-08 07:58:06,922 - music_tracker - WARNING - No songs found for yesterday
2025-08-08 07:58:06,922 - music_tracker - INFO - SpotiSpy completed successfully
2025-08-08 08:58:06,044 - music_tracker - INFO - SpotiSpy starting...
2025-08-08 08:58:06,044 - music_tracker - INFO - Starting daily SpotiSpy analysis
2025-08-08 08:58:06,045 - music_tracker - INFO - Fetching yesterday's listening data...
2025-08-08 08:58:06,458 - music_tracker - INFO - Fetched 0 songs from database
2025-08-08 08:58:06,459 - music_tracker - WARNING - No songs found for yesterday
2025-08-08 08:58:06,464 - music_tracker - INFO - SpotiSpy completed successfully
2025-08-08 09:00:11,580 - music_tracker - INFO - SpotiSpy starting...
2025-08-08 09:00:11,581 - music_tracker - INFO - Starting daily SpotiSpy analysis
2025-08-08 09:00:11,581 - music_tracker - INFO - Fetching yesterday's listening data...
2025-08-08 09:00:11,928 - music_tracker - INFO - Fetched 0 songs from database
2025-08-08 09:00:11,930 - music_tracker - WARNING - No songs found for yesterday
2025-08-08 09:00:11,930 - music_tracker - INFO - SpotiSpy completed successfully
2025-08-08 09:58:06,053 - music_tracker - INFO - SpotiSpy starting...
2025-08-08 09:58:06,054 - music_tracker - INFO - Starting daily SpotiSpy analysis
2025-08-08 09:58:06,054 - music_tracker - INFO - Fetching yesterday's listening data...
2025-08-08 09:58:06,379 - music_tracker - INFO - Fetched 0 songs from database
2025-08-08 09:58:06,381 - music_tracker - WARNING - No songs found for yesterday
2025-08-08 09:58:06,381 - music_tracker - INFO - SpotiSpy completed successfully
2025-08-08 10:58:06,495 - music_tracker - INFO - SpotiSpy starting...
2025-08-08 10:58:06,496 - music_tracker - INFO - Starting daily SpotiSpy analysis
2025-08-08 10:58:06,496 - music_tracker - INFO - Fetching yesterday's listening data...
2025-08-08 10:58:06,890 - music_tracker - INFO - Fetched 0 songs from database
2025-08-08 10:58:06,891 - music_tracker - WARNING - No songs found for yesterday
2025-08-08 10:58:06,896 - music_tracker - INFO - SpotiSpy completed successfully
2025-08-08 11:58:06,006 - music_tracker - INFO - SpotiSpy starting...
2025-08-08 11:58:06,007 - music_tracker - INFO - Starting daily SpotiSpy analysis
2025-08-08 11:58:06,007 - music_tracker - INFO - Fetching yesterday's listening data...
2025-08-08 11:58:06,380 - music_tracker - INFO - Fetched 0 songs from database
2025-08-08 11:58:06,381 - music_tracker - WARNING - No songs found for yesterday
2025-08-08 11:58:06,382 - music_tracker - INFO - SpotiSpy completed successfully
2025-08-08 12:58:06,500 - music_tracker - INFO - SpotiSpy starting...
2025-08-08 12:58:06,500 - music_tracker - INFO - Starting daily SpotiSpy analysis
2025-08-08 12:58:06,501 - music_tracker - INFO - Fetching yesterday's listening data...
2025-08-08 12:58:07,026 - music_tracker - INFO - Fetched 0 songs from database
2025-08-08 12:58:07,027 - music_tracker - WARNING - No songs found for yesterday
2025-08-08 12:58:07,028 - music_tracker - INFO - SpotiSpy completed successfully
2025-08-08 13:58:06,140 - music_tracker - INFO - SpotiSpy starting...
2025-08-08 13:58:06,141 - music_tracker - INFO - Starting daily SpotiSpy analysis
2025-08-08 13:58:06,141 - music_tracker - INFO - Fetching yesterday's listening data...
2025-08-08 13:58:06,520 - music_tracker - INFO - Fetched 0 songs from database
2025-08-08 13:58:06,522 - music_tracker - WARNING - No songs found for yesterday
2025-08-08 13:58:06,526 - music_tracker - INFO - SpotiSpy completed successfully
2025-08-08 14:58:06,645 - music_tracker - INFO - SpotiSpy starting...
2025-08-08 14:58:06,646 - music_tracker - INFO - Starting daily SpotiSpy analysis
2025-08-08 14:58:06,646 - music_tracker - INFO - Fetching yesterday's listening data...
2025-08-08 14:58:07,000 - music_tracker - INFO - Fetched 0 songs from database
2025-08-08 14:58:07,002 - music_tracker - WARNING - No songs found for yesterday
2025-08-08 14:58:07,002 - music_tracker - INFO - SpotiSpy completed successfully
2025-08-08 15:58:06,121 - music_tracker - INFO - SpotiSpy starting...
2025-08-08 15:58:06,122 - music_tracker - INFO - Starting daily SpotiSpy analysis
2025-08-08 15:58:06,122 - music_tracker - INFO - Fetching yesterday's listening data...
2025-08-08 15:58:06,489 - music_tracker - INFO - Fetched 0 songs from database
2025-08-08 15:58:06,496 - music_tracker - WARNING - No songs found for yesterday
2025-08-08 15:58:06,497 - music_tracker - INFO - SpotiSpy completed successfully
2025-08-08 16:58:06,622 - music_tracker - INFO - SpotiSpy starting...
2025-08-08 16:58:06,623 - music_tracker - INFO - Starting daily SpotiSpy analysis
2025-08-08 16:58:06,623 - music_tracker - INFO - Fetching yesterday's listening data...
2025-08-08 16:58:06,858 - music_tracker - INFO - Fetched 0 songs from database
2025-08-08 16:58:06,860 - music_tracker - WARNING - No songs found for yesterday
2025-08-08 16:58:06,864 - music_tracker - INFO - SpotiSpy completed successfully
2025-08-08 17:58:05,991 - music_tracker - INFO - SpotiSpy starting...
2025-08-08 17:58:05,991 - music_tracker - INFO - Starting daily SpotiSpy analysis
2025-08-08 17:58:05,991 - music_tracker - INFO - Fetching yesterday's listening data...
2025-08-08 17:58:06,343 - music_tracker - INFO - Fetched 0 songs from database
2025-08-08 17:58:06,344 - music_tracker - WARNING - No songs found for yesterday
2025-08-08 17:58:06,348 - music_tracker - INFO - SpotiSpy completed successfully
2025-08-08 18:58:06,479 - music_tracker - INFO - SpotiSpy starting...
2025-08-08 18:58:06,480 - music_tracker - INFO - Starting daily SpotiSpy analysis
2025-08-08 18:58:06,480 - music_tracker - INFO - Fetching yesterday's listening data...
2025-08-08 18:58:06,813 - music_tracker - INFO - Fetched 0 songs from database
2025-08-08 18:58:06,815 - music_tracker - WARNING - No songs found for yesterday
2025-08-08 18:58:06,816 - music_tracker - INFO - SpotiSpy completed successfully
2025-08-08 19:58:05,918 - music_tracker - INFO - SpotiSpy starting...
2025-08-08 19:58:05,918 - music_tracker - INFO - Starting daily SpotiSpy analysis
2025-08-08 19:58:05,919 - music_tracker - INFO - Fetching yesterday's listening data...
2025-08-08 19:58:06,243 - music_tracker - INFO - Fetched 0 songs from database
2025-08-08 19:58:06,245 - music_tracker - WARNING - No songs found for yesterday
2025-08-08 19:58:06,246 - music_tracker - INFO - SpotiSpy completed successfully
2025-08-08 20:58:06,350 - music_tracker - INFO - SpotiSpy starting...
2025-08-08 20:58:06,351 - music_tracker - INFO - Starting daily SpotiSpy analysis
2025-08-08 20:58:06,351 - music_tracker - INFO - Fetching yesterday's listening data...
2025-08-08 20:58:06,675 - music_tracker - INFO - Fetched 0 songs from database
2025-08-08 20:58:06,677 - music_tracker - WARNING - No songs found for yesterday
2025-08-08 20:58:06,681 - music_tracker - INFO - SpotiSpy completed successfully
2025-08-08 21:58:06,819 - music_tracker - INFO - SpotiSpy starting...
2025-08-08 21:58:06,820 - music_tracker - INFO - Starting daily SpotiSpy analysis
2025-08-08 21:58:06,820 - music_tracker - INFO - Fetching yesterday's listening data...
2025-08-08 21:58:07,247 - music_tracker - INFO - Fetched 0 songs from database
2025-08-08 21:58:07,249 - music_tracker - WARNING - No songs found for yesterday
2025-08-08 21:58:07,249 - music_tracker - INFO - SpotiSpy completed successfully
2025-08-08 22:58:06,611 - music_tracker - INFO - SpotiSpy starting...
2025-08-08 22:58:06,617 - music_tracker - INFO - Starting daily SpotiSpy analysis
2025-08-08 22:58:06,617 - music_tracker - INFO - Fetching yesterday's listening data...
2025-08-08 22:58:06,926 - music_tracker - INFO - Fetched 0 songs from database
2025-08-08 22:58:06,928 - music_tracker - WARNING - No songs found for yesterday
2025-08-08 22:58:06,928 - music_tracker - INFO - SpotiSpy completed successfully
2025-08-08 23:58:06,052 - music_tracker - INFO - SpotiSpy starting...
2025-08-08 23:58:06,053 - music_tracker - INFO - Starting daily SpotiSpy analysis
2025-08-08 23:58:06,053 - music_tracker - INFO - Fetching yesterday's listening data...
2025-08-08 23:58:06,373 - music_tracker - INFO - Fetched 0 songs from database
2025-08-08 23:58:06,375 - music_tracker - WARNING - No songs found for yesterday
2025-08-08 23:58:06,375 - music_tracker - INFO - SpotiSpy completed successfully
