2025-09-22 00:58:03,367 - music_tracker - INFO - SpotiSpy song collection starting...
2025-09-22 00:58:03,367 - music_tracker - INFO - Starting song collection (last 1 hours)
2025-09-22 00:58:03,368 - music_tracker - INFO - Fetching recent tracks from Spotify...
2025-09-22 00:58:03,811 - music_tracker - INFO - Fetched 6 songs from Spotify
2025-09-22 00:58:03,813 - music_tracker - INFO - Found 6 songs from Spotify API
2025-09-22 00:58:03,814 - music_tracker - INFO - Checking for duplicates in database...
2025-09-22 00:58:04,997 - music_tracker - INFO - Found 6 new songs out of 6 total
2025-09-22 00:58:04,999 - music_tracker - INFO - Found 6 new songs to save
2025-09-22 00:58:05,000 - music_tracker - INFO - Saving songs to database...
2025-09-22 00:58:05,383 - music_tracker - INFO - Successfully saved 6 songs to database
2025-09-22 00:58:05,385 - music_tracker - INFO - Successfully saved 6 songs to database
2025-09-22 00:58:05,386 - music_tracker - INFO - Song collection completed successfully
2025-09-22 01:58:03,345 - music_tracker - INFO - SpotiSpy song collection starting...
2025-09-22 01:58:03,345 - music_tracker - INFO - Starting song collection (last 1 hours)
2025-09-22 01:58:03,346 - music_tracker - INFO - Fetching recent tracks from Spotify...
2025-09-22 01:58:03,707 - music_tracker - INFO - No recent songs found from Spotify
2025-09-22 01:58:03,709 - music_tracker - INFO - No new songs found from Spotify API
2025-09-22 01:58:03,709 - music_tracker - INFO - Song collection completed successfully
2025-09-22 02:58:02,632 - music_tracker - INFO - SpotiSpy song collection starting...
2025-09-22 02:58:02,633 - music_tracker - INFO - Starting song collection (last 1 hours)
2025-09-22 02:58:02,633 - music_tracker - INFO - Fetching recent tracks from Spotify...
2025-09-22 02:58:03,042 - music_tracker - INFO - No recent songs found from Spotify
2025-09-22 02:58:03,044 - music_tracker - INFO - No new songs found from Spotify API
2025-09-22 02:58:03,045 - music_tracker - INFO - Song collection completed successfully
2025-09-22 03:58:03,724 - music_tracker - INFO - SpotiSpy song collection starting...
2025-09-22 03:58:03,725 - music_tracker - INFO - Starting song collection (last 1 hours)
2025-09-22 03:58:03,726 - music_tracker - INFO - Fetching recent tracks from Spotify...
2025-09-22 03:58:04,082 - music_tracker - INFO - No recent songs found from Spotify
2025-09-22 03:58:04,084 - music_tracker - INFO - No new songs found from Spotify API
2025-09-22 03:58:04,085 - music_tracker - INFO - Song collection completed successfully
2025-09-22 04:58:02,984 - music_tracker - INFO - SpotiSpy song collection starting...
2025-09-22 04:58:02,985 - music_tracker - INFO - Starting song collection (last 1 hours)
2025-09-22 04:58:02,985 - music_tracker - INFO - Fetching recent tracks from Spotify...
2025-09-22 04:58:03,333 - music_tracker - INFO - No recent songs found from Spotify
2025-09-22 04:58:03,335 - music_tracker - INFO - No new songs found from Spotify API
2025-09-22 04:58:03,336 - music_tracker - INFO - Song collection completed successfully
2025-09-22 05:58:03,229 - music_tracker - INFO - SpotiSpy song collection starting...
2025-09-22 05:58:03,229 - music_tracker - INFO - Starting song collection (last 1 hours)
2025-09-22 05:58:03,230 - music_tracker - INFO - Fetching recent tracks from Spotify...
2025-09-22 05:58:03,589 - music_tracker - INFO - No recent songs found from Spotify
2025-09-22 05:58:03,591 - music_tracker - INFO - No new songs found from Spotify API
2025-09-22 05:58:03,592 - music_tracker - INFO - Song collection completed successfully
2025-09-22 06:58:03,719 - music_tracker - INFO - SpotiSpy song collection starting...
2025-09-22 06:58:03,720 - music_tracker - INFO - Starting song collection (last 1 hours)
2025-09-22 06:58:03,721 - music_tracker - INFO - Fetching recent tracks from Spotify...
2025-09-22 06:58:04,057 - music_tracker - INFO - No recent songs found from Spotify
2025-09-22 06:58:04,059 - music_tracker - INFO - No new songs found from Spotify API
2025-09-22 06:58:04,060 - music_tracker - INFO - Song collection completed successfully
2025-09-22 07:58:02,949 - music_tracker - INFO - SpotiSpy song collection starting...
2025-09-22 07:58:02,949 - music_tracker - INFO - Starting song collection (last 1 hours)
2025-09-22 07:58:02,950 - music_tracker - INFO - Fetching recent tracks from Spotify...
2025-09-22 07:58:03,423 - music_tracker - INFO - Fetched 4 songs from Spotify
2025-09-22 07:58:03,425 - music_tracker - INFO - Found 4 songs from Spotify API
2025-09-22 07:58:03,426 - music_tracker - INFO - Checking for duplicates in database...
2025-09-22 07:58:04,928 - music_tracker - INFO - Found 4 new songs out of 4 total
2025-09-22 07:58:04,930 - music_tracker - INFO - Found 4 new songs to save
2025-09-22 07:58:04,931 - music_tracker - INFO - Saving songs to database...
2025-09-22 07:58:05,334 - music_tracker - INFO - Successfully saved 4 songs to database
2025-09-22 07:58:05,336 - music_tracker - INFO - Successfully saved 4 songs to database
2025-09-22 07:58:05,337 - music_tracker - INFO - Song collection completed successfully
2025-09-22 08:58:03,242 - music_tracker - INFO - SpotiSpy song collection starting...
2025-09-22 08:58:03,243 - music_tracker - INFO - Starting song collection (last 1 hours)
2025-09-22 08:58:03,244 - music_tracker - INFO - Fetching recent tracks from Spotify...
2025-09-22 08:58:03,712 - music_tracker - INFO - Fetched 11 songs from Spotify
2025-09-22 08:58:03,714 - music_tracker - INFO - Found 11 songs from Spotify API
2025-09-22 08:58:03,715 - music_tracker - INFO - Checking for duplicates in database...
2025-09-22 08:58:05,032 - music_tracker - INFO - Found 11 new songs out of 11 total
2025-09-22 08:58:05,034 - music_tracker - INFO - Found 11 new songs to save
2025-09-22 08:58:05,035 - music_tracker - INFO - Saving songs to database...
2025-09-22 08:58:05,505 - music_tracker - INFO - Successfully saved 11 songs to database
2025-09-22 08:58:05,507 - music_tracker - INFO - Successfully saved 11 songs to database
2025-09-22 08:58:05,508 - music_tracker - INFO - Song collection completed successfully
2025-09-22 09:00:13,315 - music_tracker - INFO - SpotiSpy starting...
2025-09-22 09:00:13,316 - music_tracker - INFO - Starting daily SpotiSpy analysis
2025-09-22 09:00:13,316 - music_tracker - INFO - Fetching yesterday's listening data...
2025-09-22 09:00:13,777 - music_tracker - INFO - Fetched 76 songs from database
2025-09-22 09:00:13,779 - music_tracker - INFO - Found 76 songs to analyze
2025-09-22 09:00:13,779 - music_tracker - INFO - Running analysis...
2025-09-22 09:00:13,785 - music_tracker - INFO - Sending daily summary to Slack...
2025-09-22 09:00:30,220 - music_tracker - INFO - Message sent successfully to Slack
2025-09-22 09:00:30,220 - music_tracker - INFO - Daily analysis completed successfully!
2025-09-22 09:00:30,221 - music_tracker - INFO - SpotiSpy completed successfully
2025-09-22 09:58:04,434 - music_tracker - INFO - SpotiSpy song collection starting...
2025-09-22 09:58:04,435 - music_tracker - INFO - Starting song collection (last 1 hours)
2025-09-22 09:58:04,436 - music_tracker - INFO - Fetching recent tracks from Spotify...
2025-09-22 09:58:05,013 - music_tracker - INFO - Fetched 10 songs from Spotify
2025-09-22 09:58:05,016 - music_tracker - INFO - Found 10 songs from Spotify API
2025-09-22 09:58:05,017 - music_tracker - INFO - Checking for duplicates in database...
2025-09-22 09:58:06,318 - music_tracker - INFO - Found 10 new songs out of 10 total
2025-09-22 09:58:06,321 - music_tracker - INFO - Found 10 new songs to save
2025-09-22 09:58:06,322 - music_tracker - INFO - Saving songs to database...
2025-09-22 09:58:06,690 - music_tracker - INFO - Successfully saved 10 songs to database
2025-09-22 09:58:06,692 - music_tracker - INFO - Successfully saved 10 songs to database
2025-09-22 09:58:06,726 - music_tracker - INFO - Song collection completed successfully
2025-09-22 10:58:02,702 - music_tracker - INFO - SpotiSpy song collection starting...
2025-09-22 10:58:02,702 - music_tracker - INFO - Starting song collection (last 1 hours)
2025-09-22 10:58:02,703 - music_tracker - INFO - Fetching recent tracks from Spotify...
2025-09-22 10:58:03,547 - music_tracker - INFO - Fetched 2 songs from Spotify
2025-09-22 10:58:03,551 - music_tracker - INFO - Found 2 songs from Spotify API
2025-09-22 10:58:03,552 - music_tracker - INFO - Checking for duplicates in database...
2025-09-22 10:58:05,002 - music_tracker - INFO - Found 2 new songs out of 2 total
2025-09-22 10:58:05,004 - music_tracker - INFO - Found 2 new songs to save
2025-09-22 10:58:05,004 - music_tracker - INFO - Saving songs to database...
2025-09-22 10:58:05,520 - music_tracker - INFO - Successfully saved 2 songs to database
2025-09-22 10:58:05,522 - music_tracker - INFO - Successfully saved 2 songs to database
2025-09-22 10:58:05,522 - music_tracker - INFO - Song collection completed successfully
2025-09-22 11:58:03,435 - music_tracker - INFO - SpotiSpy song collection starting...
2025-09-22 11:58:03,435 - music_tracker - INFO - Starting song collection (last 1 hours)
2025-09-22 11:58:03,436 - music_tracker - INFO - Fetching recent tracks from Spotify...
2025-09-22 11:58:04,246 - music_tracker - INFO - Fetched 16 songs from Spotify
2025-09-22 11:58:04,251 - music_tracker - INFO - Found 16 songs from Spotify API
2025-09-22 11:58:04,252 - music_tracker - INFO - Checking for duplicates in database...
2025-09-22 11:58:05,633 - music_tracker - INFO - Found 16 new songs out of 16 total
2025-09-22 11:58:05,635 - music_tracker - INFO - Found 16 new songs to save
2025-09-22 11:58:05,636 - music_tracker - INFO - Saving songs to database...
2025-09-22 11:58:06,221 - music_tracker - INFO - Successfully saved 16 songs to database
2025-09-22 11:58:06,223 - music_tracker - INFO - Successfully saved 16 songs to database
2025-09-22 11:58:06,223 - music_tracker - INFO - Song collection completed successfully
2025-09-22 12:58:03,117 - music_tracker - INFO - SpotiSpy song collection starting...
2025-09-22 12:58:03,118 - music_tracker - INFO - Starting song collection (last 1 hours)
2025-09-22 12:58:03,119 - music_tracker - INFO - Fetching recent tracks from Spotify...
2025-09-22 12:58:03,721 - music_tracker - INFO - Fetched 9 songs from Spotify
2025-09-22 12:58:03,724 - music_tracker - INFO - Found 9 songs from Spotify API
2025-09-22 12:58:03,725 - music_tracker - INFO - Checking for duplicates in database...
2025-09-22 12:58:05,020 - music_tracker - INFO - Found 9 new songs out of 9 total
2025-09-22 12:58:05,022 - music_tracker - INFO - Found 9 new songs to save
2025-09-22 12:58:05,023 - music_tracker - INFO - Saving songs to database...
2025-09-22 12:58:05,403 - music_tracker - INFO - Successfully saved 9 songs to database
2025-09-22 12:58:05,406 - music_tracker - INFO - Successfully saved 9 songs to database
2025-09-22 12:58:05,406 - music_tracker - INFO - Song collection completed successfully
2025-09-22 13:58:03,322 - music_tracker - INFO - SpotiSpy song collection starting...
2025-09-22 13:58:03,323 - music_tracker - INFO - Starting song collection (last 1 hours)
2025-09-22 13:58:03,324 - music_tracker - INFO - Fetching recent tracks from Spotify...
2025-09-22 13:58:03,836 - music_tracker - INFO - Fetched 11 songs from Spotify
2025-09-22 13:58:03,839 - music_tracker - INFO - Found 11 songs from Spotify API
2025-09-22 13:58:03,840 - music_tracker - INFO - Checking for duplicates in database...
2025-09-22 13:58:05,227 - music_tracker - INFO - Found 11 new songs out of 11 total
2025-09-22 13:58:05,229 - music_tracker - INFO - Found 11 new songs to save
2025-09-22 13:58:05,230 - music_tracker - INFO - Saving songs to database...
2025-09-22 13:58:05,628 - music_tracker - INFO - Successfully saved 11 songs to database
2025-09-22 13:58:05,630 - music_tracker - INFO - Successfully saved 11 songs to database
2025-09-22 13:58:05,631 - music_tracker - INFO - Song collection completed successfully
2025-09-22 14:58:03,564 - music_tracker - INFO - SpotiSpy song collection starting...
2025-09-22 14:58:03,564 - music_tracker - INFO - Starting song collection (last 1 hours)
2025-09-22 14:58:03,565 - music_tracker - INFO - Fetching recent tracks from Spotify...
2025-09-22 14:58:04,149 - music_tracker - INFO - Fetched 12 songs from Spotify
2025-09-22 14:58:04,152 - music_tracker - INFO - Found 12 songs from Spotify API
2025-09-22 14:58:04,153 - music_tracker - INFO - Checking for duplicates in database...
2025-09-22 14:58:05,519 - music_tracker - INFO - Found 12 new songs out of 12 total
2025-09-22 14:58:05,521 - music_tracker - INFO - Found 12 new songs to save
2025-09-22 14:58:05,522 - music_tracker - INFO - Saving songs to database...
2025-09-22 14:58:05,926 - music_tracker - INFO - Successfully saved 12 songs to database
2025-09-22 14:58:05,928 - music_tracker - INFO - Successfully saved 12 songs to database
2025-09-22 14:58:05,929 - music_tracker - INFO - Song collection completed successfully
2025-09-22 15:58:02,845 - music_tracker - INFO - SpotiSpy song collection starting...
2025-09-22 15:58:02,845 - music_tracker - INFO - Starting song collection (last 1 hours)
2025-09-22 15:58:02,846 - music_tracker - INFO - Fetching recent tracks from Spotify...
2025-09-22 15:58:03,300 - music_tracker - INFO - Fetched 6 songs from Spotify
2025-09-22 15:58:03,302 - music_tracker - INFO - Found 6 songs from Spotify API
2025-09-22 15:58:03,303 - music_tracker - INFO - Checking for duplicates in database...
2025-09-22 15:58:04,587 - music_tracker - INFO - Found 6 new songs out of 6 total
2025-09-22 15:58:04,589 - music_tracker - INFO - Found 6 new songs to save
2025-09-22 15:58:04,590 - music_tracker - INFO - Saving songs to database...
2025-09-22 15:58:04,989 - music_tracker - INFO - Successfully saved 6 songs to database
2025-09-22 15:58:04,991 - music_tracker - INFO - Successfully saved 6 songs to database
2025-09-22 15:58:04,992 - music_tracker - INFO - Song collection completed successfully
2025-09-22 16:58:02,896 - music_tracker - INFO - SpotiSpy song collection starting...
2025-09-22 16:58:02,897 - music_tracker - INFO - Starting song collection (last 1 hours)
2025-09-22 16:58:02,898 - music_tracker - INFO - Fetching recent tracks from Spotify...
2025-09-22 16:58:03,648 - music_tracker - INFO - Fetched 9 songs from Spotify
2025-09-22 16:58:03,652 - music_tracker - INFO - Found 9 songs from Spotify API
2025-09-22 16:58:03,653 - music_tracker - INFO - Checking for duplicates in database...
2025-09-22 16:58:05,126 - music_tracker - INFO - Found 9 new songs out of 9 total
2025-09-22 16:58:05,128 - music_tracker - INFO - Found 9 new songs to save
2025-09-22 16:58:05,129 - music_tracker - INFO - Saving songs to database...
2025-09-22 16:58:05,512 - music_tracker - INFO - Successfully saved 9 songs to database
2025-09-22 16:58:05,514 - music_tracker - INFO - Successfully saved 9 songs to database
2025-09-22 16:58:05,514 - music_tracker - INFO - Song collection completed successfully
2025-09-22 17:58:03,433 - music_tracker - INFO - SpotiSpy song collection starting...
2025-09-22 17:58:03,433 - music_tracker - INFO - Starting song collection (last 1 hours)
2025-09-22 17:58:03,434 - music_tracker - INFO - Fetching recent tracks from Spotify...
2025-09-22 17:58:03,852 - music_tracker - INFO - No recent songs found from Spotify
2025-09-22 17:58:03,854 - music_tracker - INFO - No new songs found from Spotify API
2025-09-22 17:58:03,854 - music_tracker - INFO - Song collection completed successfully
2025-09-22 18:58:02,746 - music_tracker - INFO - SpotiSpy song collection starting...
2025-09-22 18:58:02,747 - music_tracker - INFO - Starting song collection (last 1 hours)
2025-09-22 18:58:02,747 - music_tracker - INFO - Fetching recent tracks from Spotify...
2025-09-22 18:58:03,503 - music_tracker - INFO - Fetched 9 songs from Spotify
2025-09-22 18:58:03,507 - music_tracker - INFO - Found 9 songs from Spotify API
2025-09-22 18:58:03,507 - music_tracker - INFO - Checking for duplicates in database...
2025-09-22 18:58:04,916 - music_tracker - INFO - Found 9 new songs out of 9 total
2025-09-22 18:58:04,919 - music_tracker - INFO - Found 9 new songs to save
2025-09-22 18:58:04,919 - music_tracker - INFO - Saving songs to database...
2025-09-22 18:58:05,434 - music_tracker - INFO - Successfully saved 9 songs to database
2025-09-22 18:58:05,436 - music_tracker - INFO - Successfully saved 9 songs to database
2025-09-22 18:58:05,437 - music_tracker - INFO - Song collection completed successfully
2025-09-22 19:58:03,365 - music_tracker - INFO - SpotiSpy song collection starting...
2025-09-22 19:58:03,366 - music_tracker - INFO - Starting song collection (last 1 hours)
2025-09-22 19:58:03,367 - music_tracker - INFO - Fetching recent tracks from Spotify...
2025-09-22 19:58:03,925 - music_tracker - INFO - Fetched 5 songs from Spotify
2025-09-22 19:58:03,927 - music_tracker - INFO - Found 5 songs from Spotify API
2025-09-22 19:58:03,928 - music_tracker - INFO - Checking for duplicates in database...
2025-09-22 19:58:05,122 - music_tracker - INFO - Found 5 new songs out of 5 total
2025-09-22 19:58:05,125 - music_tracker - INFO - Found 5 new songs to save
2025-09-22 19:58:05,126 - music_tracker - INFO - Saving songs to database...
2025-09-22 19:58:05,451 - music_tracker - INFO - Successfully saved 5 songs to database
2025-09-22 19:58:05,453 - music_tracker - INFO - Successfully saved 5 songs to database
2025-09-22 19:58:05,454 - music_tracker - INFO - Song collection completed successfully
2025-09-22 20:58:03,386 - music_tracker - INFO - SpotiSpy song collection starting...
2025-09-22 20:58:03,386 - music_tracker - INFO - Starting song collection (last 1 hours)
2025-09-22 20:58:03,387 - music_tracker - INFO - Fetching recent tracks from Spotify...
2025-09-22 20:58:04,160 - music_tracker - INFO - Fetched 1 songs from Spotify
2025-09-22 20:58:04,163 - music_tracker - INFO - Found 1 songs from Spotify API
2025-09-22 20:58:04,164 - music_tracker - INFO - Checking for duplicates in database...
2025-09-22 20:58:04,954 - music_tracker - INFO - Found 1 new songs out of 1 total
2025-09-22 20:58:04,955 - music_tracker - INFO - Found 1 new songs to save
2025-09-22 20:58:04,956 - music_tracker - INFO - Saving songs to database...
2025-09-22 20:58:05,185 - music_tracker - INFO - Successfully saved 1 songs to database
2025-09-22 20:58:05,187 - music_tracker - INFO - Successfully saved 1 songs to database
2025-09-22 20:58:05,188 - music_tracker - INFO - Song collection completed successfully
2025-09-22 21:58:03,112 - music_tracker - INFO - SpotiSpy song collection starting...
2025-09-22 21:58:03,112 - music_tracker - INFO - Starting song collection (last 1 hours)
2025-09-22 21:58:03,113 - music_tracker - INFO - Fetching recent tracks from Spotify...
2025-09-22 21:58:03,785 - music_tracker - INFO - No recent songs found from Spotify
2025-09-22 21:58:03,787 - music_tracker - INFO - No new songs found from Spotify API
2025-09-22 21:58:03,788 - music_tracker - INFO - Song collection completed successfully
2025-09-22 22:58:02,703 - music_tracker - INFO - SpotiSpy song collection starting...
2025-09-22 22:58:02,703 - music_tracker - INFO - Starting song collection (last 1 hours)
2025-09-22 22:58:02,704 - music_tracker - INFO - Fetching recent tracks from Spotify...
2025-09-22 22:58:03,398 - music_tracker - INFO - No recent songs found from Spotify
2025-09-22 22:58:03,400 - music_tracker - INFO - No new songs found from Spotify API
2025-09-22 22:58:03,401 - music_tracker - INFO - Song collection completed successfully
2025-09-22 23:58:03,329 - music_tracker - INFO - SpotiSpy song collection starting...
2025-09-22 23:58:03,330 - music_tracker - INFO - Starting song collection (last 1 hours)
2025-09-22 23:58:03,331 - music_tracker - INFO - Fetching recent tracks from Spotify...
2025-09-22 23:58:03,783 - music_tracker - INFO - No recent songs found from Spotify
2025-09-22 23:58:03,785 - music_tracker - INFO - No new songs found from Spotify API
2025-09-22 23:58:03,786 - music_tracker - INFO - Song collection completed successfully
