2025-12-02 00:58:02,704 - music_tracker - INFO - SpotiSpy song collection starting...
2025-12-02 00:58:02,704 - music_tracker - INFO - Starting song collection (last 1 hours)
2025-12-02 00:58:02,705 - music_tracker - INFO - Fetching recent tracks from Spotify...
2025-12-02 00:58:03,105 - music_tracker - INFO - No recent songs found from Spotify
2025-12-02 00:58:03,107 - music_tracker - INFO - No new songs found from Spotify API
2025-12-02 00:58:03,107 - music_tracker - INFO - Song collection completed successfully
2025-12-02 01:58:02,998 - music_tracker - INFO - SpotiSpy song collection starting...
2025-12-02 01:58:02,998 - music_tracker - INFO - Starting song collection (last 1 hours)
2025-12-02 01:58:02,999 - music_tracker - INFO - Fetching recent tracks from Spotify...
2025-12-02 01:58:03,397 - music_tracker - INFO - No recent songs found from Spotify
2025-12-02 01:58:03,399 - music_tracker - INFO - No new songs found from Spotify API
2025-12-02 01:58:03,400 - music_tracker - INFO - Song collection completed successfully
2025-12-02 02:58:03,302 - music_tracker - INFO - SpotiSpy song collection starting...
2025-12-02 02:58:03,303 - music_tracker - INFO - Starting song collection (last 1 hours)
2025-12-02 02:58:03,304 - music_tracker - INFO - Fetching recent tracks from Spotify...
2025-12-02 02:58:03,665 - music_tracker - INFO - No recent songs found from Spotify
2025-12-02 02:58:03,667 - music_tracker - INFO - No new songs found from Spotify API
2025-12-02 02:58:03,667 - music_tracker - INFO - Song collection completed successfully
2025-12-02 03:58:03,587 - music_tracker - INFO - SpotiSpy song collection starting...
2025-12-02 03:58:03,588 - music_tracker - INFO - Starting song collection (last 1 hours)
2025-12-02 03:58:03,589 - music_tracker - INFO - Fetching recent tracks from Spotify...
2025-12-02 03:58:03,944 - music_tracker - INFO - No recent songs found from Spotify
2025-12-02 03:58:03,946 - music_tracker - INFO - No new songs found from Spotify API
2025-12-02 03:58:03,947 - music_tracker - INFO - Song collection completed successfully
2025-12-02 04:58:02,842 - music_tracker - INFO - SpotiSpy song collection starting...
2025-12-02 04:58:02,843 - music_tracker - INFO - Starting song collection (last 1 hours)
2025-12-02 04:58:02,843 - music_tracker - INFO - Fetching recent tracks from Spotify...
2025-12-02 04:58:03,289 - music_tracker - INFO - No recent songs found from Spotify
2025-12-02 04:58:03,291 - music_tracker - INFO - No new songs found from Spotify API
2025-12-02 04:58:03,292 - music_tracker - INFO - Song collection completed successfully
2025-12-02 05:58:03,207 - music_tracker - INFO - SpotiSpy song collection starting...
2025-12-02 05:58:03,208 - music_tracker - INFO - Starting song collection (last 1 hours)
2025-12-02 05:58:03,209 - music_tracker - INFO - Fetching recent tracks from Spotify...
2025-12-02 05:58:03,613 - music_tracker - INFO - No recent songs found from Spotify
2025-12-02 05:58:03,615 - music_tracker - INFO - No new songs found from Spotify API
2025-12-02 05:58:03,616 - music_tracker - INFO - Song collection completed successfully
2025-12-02 06:58:03,577 - music_tracker - INFO - SpotiSpy song collection starting...
2025-12-02 06:58:03,578 - music_tracker - INFO - Starting song collection (last 1 hours)
2025-12-02 06:58:03,578 - music_tracker - INFO - Fetching recent tracks from Spotify...
2025-12-02 06:58:03,941 - music_tracker - INFO - No recent songs found from Spotify
2025-12-02 06:58:03,943 - music_tracker - INFO - No new songs found from Spotify API
2025-12-02 06:58:03,944 - music_tracker - INFO - Song collection completed successfully
2025-12-02 07:58:02,834 - music_tracker - INFO - SpotiSpy song collection starting...
2025-12-02 07:58:02,835 - music_tracker - INFO - Starting song collection (last 1 hours)
2025-12-02 07:58:02,835 - music_tracker - INFO - Fetching recent tracks from Spotify...
2025-12-02 07:58:03,217 - music_tracker - INFO - No recent songs found from Spotify
2025-12-02 07:58:03,219 - music_tracker - INFO - No new songs found from Spotify API
2025-12-02 07:58:03,220 - music_tracker - INFO - Song collection completed successfully
2025-12-02 08:58:03,380 - music_tracker - INFO - SpotiSpy song collection starting...
2025-12-02 08:58:03,381 - music_tracker - INFO - Starting song collection (last 1 hours)
2025-12-02 08:58:03,382 - music_tracker - INFO - Fetching recent tracks from Spotify...
2025-12-02 08:58:03,811 - music_tracker - INFO - No recent songs found from Spotify
2025-12-02 08:58:03,813 - music_tracker - INFO - No new songs found from Spotify API
2025-12-02 08:58:03,814 - music_tracker - INFO - Song collection completed successfully
2025-12-02 09:00:12,369 - music_tracker - INFO - SpotiSpy starting...
2025-12-02 09:00:12,370 - music_tracker - INFO - Starting daily SpotiSpy analysis
2025-12-02 09:00:12,374 - music_tracker - INFO - Fetching yesterday's listening data...
2025-12-02 09:00:14,044 - music_tracker - INFO - Fetched 61 songs from database
2025-12-02 09:00:14,046 - music_tracker - INFO - Found 61 songs to analyze
2025-12-02 09:00:14,047 - music_tracker - INFO - Running analysis...
2025-12-02 09:00:14,055 - music_tracker - INFO - Sending daily summary to Slack...
2025-12-02 09:00:35,550 - music_tracker - INFO - Message sent successfully to Slack
2025-12-02 09:00:35,551 - music_tracker - INFO - Daily analysis completed successfully!
2025-12-02 09:00:35,552 - music_tracker - INFO - SpotiSpy completed successfully
2025-12-02 09:58:03,423 - music_tracker - INFO - SpotiSpy song collection starting...
2025-12-02 09:58:03,424 - music_tracker - INFO - Starting song collection (last 1 hours)
2025-12-02 09:58:03,425 - music_tracker - INFO - Fetching recent tracks from Spotify...
2025-12-02 09:58:03,818 - music_tracker - INFO - No recent songs found from Spotify
2025-12-02 09:58:03,820 - music_tracker - INFO - No new songs found from Spotify API
2025-12-02 09:58:03,821 - music_tracker - INFO - Song collection completed successfully
2025-12-02 10:58:02,714 - music_tracker - INFO - SpotiSpy song collection starting...
2025-12-02 10:58:02,715 - music_tracker - INFO - Starting song collection (last 1 hours)
2025-12-02 10:58:02,715 - music_tracker - INFO - Fetching recent tracks from Spotify...
2025-12-02 10:58:03,259 - music_tracker - INFO - Fetched 4 songs from Spotify
2025-12-02 10:58:03,261 - music_tracker - INFO - Found 4 songs from Spotify API
2025-12-02 10:58:03,262 - music_tracker - INFO - Checking for duplicates in database...
2025-12-02 10:58:04,759 - music_tracker - INFO - Found 4 new songs out of 4 total
2025-12-02 10:58:04,761 - music_tracker - INFO - Found 4 new songs to save
2025-12-02 10:58:04,762 - music_tracker - INFO - Saving songs to database...
2025-12-02 10:58:05,142 - music_tracker - INFO - Successfully saved 4 songs to database
2025-12-02 10:58:05,144 - music_tracker - INFO - Successfully saved 4 songs to database
2025-12-02 10:58:05,144 - music_tracker - INFO - Song collection completed successfully
2025-12-02 11:58:04,214 - music_tracker - INFO - SpotiSpy song collection starting...
2025-12-02 11:58:04,216 - music_tracker - INFO - Starting song collection (last 1 hours)
2025-12-02 11:58:04,216 - music_tracker - INFO - Fetching recent tracks from Spotify...
2025-12-02 11:58:05,997 - music_tracker - INFO - Fetched 12 songs from Spotify
2025-12-02 11:58:06,002 - music_tracker - INFO - Found 12 songs from Spotify API
2025-12-02 11:58:06,003 - music_tracker - INFO - Checking for duplicates in database...
2025-12-02 11:58:07,434 - music_tracker - INFO - Found 12 new songs out of 12 total
2025-12-02 11:58:07,436 - music_tracker - INFO - Found 12 new songs to save
2025-12-02 11:58:07,437 - music_tracker - INFO - Saving songs to database...
2025-12-02 11:58:07,768 - music_tracker - INFO - Successfully saved 12 songs to database
2025-12-02 11:58:07,770 - music_tracker - INFO - Successfully saved 12 songs to database
2025-12-02 11:58:07,771 - music_tracker - INFO - Song collection completed successfully
2025-12-02 12:58:02,742 - music_tracker - INFO - SpotiSpy song collection starting...
2025-12-02 12:58:02,743 - music_tracker - INFO - Starting song collection (last 1 hours)
2025-12-02 12:58:02,743 - music_tracker - INFO - Fetching recent tracks from Spotify...
2025-12-02 12:58:03,116 - music_tracker - INFO - No recent songs found from Spotify
2025-12-02 12:58:03,118 - music_tracker - INFO - No new songs found from Spotify API
2025-12-02 12:58:03,118 - music_tracker - INFO - Song collection completed successfully
2025-12-02 13:58:03,009 - music_tracker - INFO - SpotiSpy song collection starting...
2025-12-02 13:58:03,009 - music_tracker - INFO - Starting song collection (last 1 hours)
2025-12-02 13:58:03,010 - music_tracker - INFO - Fetching recent tracks from Spotify...
2025-12-02 13:58:03,515 - music_tracker - INFO - Fetched 4 songs from Spotify
2025-12-02 13:58:03,517 - music_tracker - INFO - Found 4 songs from Spotify API
2025-12-02 13:58:03,517 - music_tracker - INFO - Checking for duplicates in database...
2025-12-02 13:58:04,987 - music_tracker - INFO - Found 4 new songs out of 4 total
2025-12-02 13:58:04,989 - music_tracker - INFO - Found 4 new songs to save
2025-12-02 13:58:04,990 - music_tracker - INFO - Saving songs to database...
2025-12-02 13:58:05,280 - music_tracker - INFO - Successfully saved 4 songs to database
2025-12-02 13:58:05,282 - music_tracker - INFO - Successfully saved 4 songs to database
2025-12-02 13:58:05,283 - music_tracker - INFO - Song collection completed successfully
2025-12-02 14:58:03,208 - music_tracker - INFO - SpotiSpy song collection starting...
2025-12-02 14:58:03,208 - music_tracker - INFO - Starting song collection (last 1 hours)
2025-12-02 14:58:03,209 - music_tracker - INFO - Fetching recent tracks from Spotify...
2025-12-02 14:58:03,631 - music_tracker - INFO - Fetched 2 songs from Spotify
2025-12-02 14:58:03,633 - music_tracker - INFO - Found 2 songs from Spotify API
2025-12-02 14:58:03,634 - music_tracker - INFO - Checking for duplicates in database...
2025-12-02 14:58:04,925 - music_tracker - INFO - Found 2 new songs out of 2 total
2025-12-02 14:58:04,928 - music_tracker - INFO - Found 2 new songs to save
2025-12-02 14:58:04,928 - music_tracker - INFO - Saving songs to database...
2025-12-02 14:58:05,269 - music_tracker - INFO - Successfully saved 2 songs to database
2025-12-02 14:58:05,270 - music_tracker - INFO - Successfully saved 2 songs to database
2025-12-02 14:58:05,271 - music_tracker - INFO - Song collection completed successfully
2025-12-02 15:58:03,168 - music_tracker - INFO - SpotiSpy song collection starting...
2025-12-02 15:58:03,169 - music_tracker - INFO - Starting song collection (last 1 hours)
2025-12-02 15:58:03,170 - music_tracker - INFO - Fetching recent tracks from Spotify...
2025-12-02 15:58:03,621 - music_tracker - INFO - Fetched 4 songs from Spotify
2025-12-02 15:58:03,623 - music_tracker - INFO - Found 4 songs from Spotify API
2025-12-02 15:58:03,624 - music_tracker - INFO - Checking for duplicates in database...
2025-12-02 15:58:05,005 - music_tracker - INFO - Found 4 new songs out of 4 total
2025-12-02 15:58:05,007 - music_tracker - INFO - Found 4 new songs to save
2025-12-02 15:58:05,008 - music_tracker - INFO - Saving songs to database...
2025-12-02 15:58:05,352 - music_tracker - INFO - Successfully saved 4 songs to database
2025-12-02 15:58:05,355 - music_tracker - INFO - Successfully saved 4 songs to database
2025-12-02 15:58:05,355 - music_tracker - INFO - Song collection completed successfully
2025-12-02 16:58:03,270 - music_tracker - INFO - SpotiSpy song collection starting...
2025-12-02 16:58:03,270 - music_tracker - INFO - Starting song collection (last 1 hours)
2025-12-02 16:58:03,271 - music_tracker - INFO - Fetching recent tracks from Spotify...
2025-12-02 16:58:03,799 - music_tracker - INFO - Fetched 15 songs from Spotify
2025-12-02 16:58:03,802 - music_tracker - INFO - Found 15 songs from Spotify API
2025-12-02 16:58:03,803 - music_tracker - INFO - Checking for duplicates in database...
2025-12-02 16:58:05,253 - music_tracker - INFO - Found 15 new songs out of 15 total
2025-12-02 16:58:05,255 - music_tracker - INFO - Found 15 new songs to save
2025-12-02 16:58:05,256 - music_tracker - INFO - Saving songs to database...
2025-12-02 16:58:05,627 - music_tracker - INFO - Successfully saved 15 songs to database
2025-12-02 16:58:05,628 - music_tracker - INFO - Successfully saved 15 songs to database
2025-12-02 16:58:05,629 - music_tracker - INFO - Song collection completed successfully
2025-12-02 17:58:03,521 - music_tracker - INFO - SpotiSpy song collection starting...
2025-12-02 17:58:03,522 - music_tracker - INFO - Starting song collection (last 1 hours)
2025-12-02 17:58:03,522 - music_tracker - INFO - Fetching recent tracks from Spotify...
2025-12-02 17:58:03,894 - music_tracker - INFO - No recent songs found from Spotify
2025-12-02 17:58:03,896 - music_tracker - INFO - No new songs found from Spotify API
2025-12-02 17:58:03,897 - music_tracker - INFO - Song collection completed successfully
2025-12-02 18:58:02,832 - music_tracker - INFO - SpotiSpy song collection starting...
2025-12-02 18:58:02,832 - music_tracker - INFO - Starting song collection (last 1 hours)
2025-12-02 18:58:02,833 - music_tracker - INFO - Fetching recent tracks from Spotify...
2025-12-02 18:58:03,188 - music_tracker - INFO - No recent songs found from Spotify
2025-12-02 18:58:03,190 - music_tracker - INFO - No new songs found from Spotify API
2025-12-02 18:58:03,191 - music_tracker - INFO - Song collection completed successfully
2025-12-02 19:58:03,070 - music_tracker - INFO - SpotiSpy song collection starting...
2025-12-02 19:58:03,071 - music_tracker - INFO - Starting song collection (last 1 hours)
2025-12-02 19:58:03,072 - music_tracker - INFO - Fetching recent tracks from Spotify...
2025-12-02 19:58:03,460 - music_tracker - INFO - No recent songs found from Spotify
2025-12-02 19:58:03,463 - music_tracker - INFO - No new songs found from Spotify API
2025-12-02 19:58:03,463 - music_tracker - INFO - Song collection completed successfully
2025-12-02 20:58:03,353 - music_tracker - INFO - SpotiSpy song collection starting...
2025-12-02 20:58:03,353 - music_tracker - INFO - Starting song collection (last 1 hours)
2025-12-02 20:58:03,354 - music_tracker - INFO - Fetching recent tracks from Spotify...
2025-12-02 20:58:03,768 - music_tracker - INFO - No recent songs found from Spotify
2025-12-02 20:58:03,770 - music_tracker - INFO - No new songs found from Spotify API
2025-12-02 20:58:03,771 - music_tracker - INFO - Song collection completed successfully
2025-12-02 21:58:02,673 - music_tracker - INFO - SpotiSpy song collection starting...
2025-12-02 21:58:02,674 - music_tracker - INFO - Starting song collection (last 1 hours)
2025-12-02 21:58:02,674 - music_tracker - INFO - Fetching recent tracks from Spotify...
2025-12-02 21:58:03,023 - music_tracker - INFO - No recent songs found from Spotify
2025-12-02 21:58:03,025 - music_tracker - INFO - No new songs found from Spotify API
2025-12-02 21:58:03,025 - music_tracker - INFO - Song collection completed successfully
2025-12-02 22:58:02,915 - music_tracker - INFO - SpotiSpy song collection starting...
2025-12-02 22:58:02,915 - music_tracker - INFO - Starting song collection (last 1 hours)
2025-12-02 22:58:02,916 - music_tracker - INFO - Fetching recent tracks from Spotify...
2025-12-02 22:58:08,313 - music_tracker - INFO - No recent songs found from Spotify
2025-12-02 22:58:08,315 - music_tracker - INFO - No new songs found from Spotify API
2025-12-02 22:58:08,316 - music_tracker - INFO - Song collection completed successfully
2025-12-02 23:58:03,227 - music_tracker - INFO - SpotiSpy song collection starting...
2025-12-02 23:58:03,228 - music_tracker - INFO - Starting song collection (last 1 hours)
2025-12-02 23:58:03,229 - music_tracker - INFO - Fetching recent tracks from Spotify...
2025-12-02 23:58:03,588 - music_tracker - INFO - No recent songs found from Spotify
2025-12-02 23:58:03,591 - music_tracker - INFO - No new songs found from Spotify API
2025-12-02 23:58:03,591 - music_tracker - INFO - Song collection completed successfully
