2025-10-18 00:58:03,305 - music_tracker - INFO - SpotiSpy song collection starting...
2025-10-18 00:58:03,305 - music_tracker - INFO - Starting song collection (last 1 hours)
2025-10-18 00:58:03,306 - music_tracker - INFO - Fetching recent tracks from Spotify...
2025-10-18 00:58:03,657 - music_tracker - INFO - No recent songs found from Spotify
2025-10-18 00:58:03,659 - music_tracker - INFO - No new songs found from Spotify API
2025-10-18 00:58:03,659 - music_tracker - INFO - Song collection completed successfully
2025-10-18 01:58:04,079 - music_tracker - INFO - SpotiSpy song collection starting...
2025-10-18 01:58:04,079 - music_tracker - INFO - Starting song collection (last 1 hours)
2025-10-18 01:58:04,080 - music_tracker - INFO - Fetching recent tracks from Spotify...
2025-10-18 01:58:04,462 - music_tracker - INFO - No recent songs found from Spotify
2025-10-18 01:58:04,464 - music_tracker - INFO - No new songs found from Spotify API
2025-10-18 01:58:04,465 - music_tracker - INFO - Song collection completed successfully
2025-10-18 02:58:03,349 - music_tracker - INFO - SpotiSpy song collection starting...
2025-10-18 02:58:03,350 - music_tracker - INFO - Starting song collection (last 1 hours)
2025-10-18 02:58:03,350 - music_tracker - INFO - Fetching recent tracks from Spotify...
2025-10-18 02:58:03,692 - music_tracker - INFO - No recent songs found from Spotify
2025-10-18 02:58:03,695 - music_tracker - INFO - No new songs found from Spotify API
2025-10-18 02:58:03,695 - music_tracker - INFO - Song collection completed successfully
2025-10-18 03:58:02,635 - music_tracker - INFO - SpotiSpy song collection starting...
2025-10-18 03:58:02,635 - music_tracker - INFO - Starting song collection (last 1 hours)
2025-10-18 03:58:02,636 - music_tracker - INFO - Fetching recent tracks from Spotify...
2025-10-18 03:58:03,048 - music_tracker - INFO - No recent songs found from Spotify
2025-10-18 03:58:03,050 - music_tracker - INFO - No new songs found from Spotify API
2025-10-18 03:58:03,051 - music_tracker - INFO - Song collection completed successfully
2025-10-18 04:58:02,955 - music_tracker - INFO - SpotiSpy song collection starting...
2025-10-18 04:58:02,956 - music_tracker - INFO - Starting song collection (last 1 hours)
2025-10-18 04:58:02,956 - music_tracker - INFO - Fetching recent tracks from Spotify...
2025-10-18 04:58:03,320 - music_tracker - INFO - No recent songs found from Spotify
2025-10-18 04:58:03,322 - music_tracker - INFO - No new songs found from Spotify API
2025-10-18 04:58:03,322 - music_tracker - INFO - Song collection completed successfully
2025-10-18 05:58:03,211 - music_tracker - INFO - SpotiSpy song collection starting...
2025-10-18 05:58:03,212 - music_tracker - INFO - Starting song collection (last 1 hours)
2025-10-18 05:58:03,213 - music_tracker - INFO - Fetching recent tracks from Spotify...
2025-10-18 05:58:03,588 - music_tracker - INFO - No recent songs found from Spotify
2025-10-18 05:58:03,590 - music_tracker - INFO - No new songs found from Spotify API
2025-10-18 05:58:03,591 - music_tracker - INFO - Song collection completed successfully
2025-10-18 06:58:03,615 - music_tracker - INFO - SpotiSpy song collection starting...
2025-10-18 06:58:03,615 - music_tracker - INFO - Starting song collection (last 1 hours)
2025-10-18 06:58:03,616 - music_tracker - INFO - Fetching recent tracks from Spotify...
2025-10-18 06:58:04,023 - music_tracker - INFO - No recent songs found from Spotify
2025-10-18 06:58:04,025 - music_tracker - INFO - No new songs found from Spotify API
2025-10-18 06:58:04,026 - music_tracker - INFO - Song collection completed successfully
2025-10-18 07:58:02,989 - music_tracker - INFO - SpotiSpy song collection starting...
2025-10-18 07:58:02,990 - music_tracker - INFO - Starting song collection (last 1 hours)
2025-10-18 07:58:02,990 - music_tracker - INFO - Fetching recent tracks from Spotify...
2025-10-18 07:58:03,360 - music_tracker - INFO - No recent songs found from Spotify
2025-10-18 07:58:03,362 - music_tracker - INFO - No new songs found from Spotify API
2025-10-18 07:58:03,363 - music_tracker - INFO - Song collection completed successfully
2025-10-18 08:58:03,252 - music_tracker - INFO - SpotiSpy song collection starting...
2025-10-18 08:58:03,253 - music_tracker - INFO - Starting song collection (last 1 hours)
2025-10-18 08:58:03,253 - music_tracker - INFO - Fetching recent tracks from Spotify...
2025-10-18 08:58:03,886 - music_tracker - INFO - Fetched 4 songs from Spotify
2025-10-18 08:58:03,889 - music_tracker - INFO - Found 4 songs from Spotify API
2025-10-18 08:58:03,890 - music_tracker - INFO - Checking for duplicates in database...
2025-10-18 08:58:05,378 - music_tracker - INFO - Found 4 new songs out of 4 total
2025-10-18 08:58:05,380 - music_tracker - INFO - Found 4 new songs to save
2025-10-18 08:58:05,381 - music_tracker - INFO - Saving songs to database...
2025-10-18 08:58:05,766 - music_tracker - INFO - Successfully saved 4 songs to database
2025-10-18 08:58:05,768 - music_tracker - INFO - Successfully saved 4 songs to database
2025-10-18 08:58:05,769 - music_tracker - INFO - Song collection completed successfully
2025-10-18 09:00:14,081 - music_tracker - INFO - SpotiSpy starting...
2025-10-18 09:00:14,081 - music_tracker - INFO - Starting daily SpotiSpy analysis
2025-10-18 09:00:14,082 - music_tracker - INFO - Fetching yesterday's listening data...
2025-10-18 09:00:14,519 - music_tracker - INFO - Fetched 151 songs from database
2025-10-18 09:00:14,521 - music_tracker - INFO - Found 151 songs to analyze
2025-10-18 09:00:14,522 - music_tracker - INFO - Running analysis...
2025-10-18 09:00:14,532 - music_tracker - INFO - Sending daily summary to Slack...
2025-10-18 09:00:15,373 - music_tracker - INFO - Message sent successfully to Slack
2025-10-18 09:00:15,374 - music_tracker - INFO - Daily analysis completed successfully!
2025-10-18 09:00:15,374 - music_tracker - INFO - SpotiSpy completed successfully
2025-10-18 09:58:04,537 - music_tracker - INFO - SpotiSpy song collection starting...
2025-10-18 09:58:04,545 - music_tracker - INFO - Starting song collection (last 1 hours)
2025-10-18 09:58:04,546 - music_tracker - INFO - Fetching recent tracks from Spotify...
2025-10-18 09:58:05,128 - music_tracker - INFO - Fetched 19 songs from Spotify
2025-10-18 09:58:05,132 - music_tracker - INFO - Found 19 songs from Spotify API
2025-10-18 09:58:05,133 - music_tracker - INFO - Checking for duplicates in database...
2025-10-18 09:58:06,456 - music_tracker - INFO - Found 19 new songs out of 19 total
2025-10-18 09:58:06,459 - music_tracker - INFO - Found 19 new songs to save
2025-10-18 09:58:06,460 - music_tracker - INFO - Saving songs to database...
2025-10-18 09:58:06,909 - music_tracker - INFO - Successfully saved 19 songs to database
2025-10-18 09:58:06,911 - music_tracker - INFO - Successfully saved 19 songs to database
2025-10-18 09:58:06,913 - music_tracker - INFO - Song collection completed successfully
2025-10-18 10:58:02,855 - music_tracker - INFO - SpotiSpy song collection starting...
2025-10-18 10:58:02,856 - music_tracker - INFO - Starting song collection (last 1 hours)
2025-10-18 10:58:02,856 - music_tracker - INFO - Fetching recent tracks from Spotify...
2025-10-18 10:58:03,248 - music_tracker - INFO - No recent songs found from Spotify
2025-10-18 10:58:03,250 - music_tracker - INFO - No new songs found from Spotify API
2025-10-18 10:58:03,251 - music_tracker - INFO - Song collection completed successfully
2025-10-18 11:58:03,151 - music_tracker - INFO - SpotiSpy song collection starting...
2025-10-18 11:58:03,152 - music_tracker - INFO - Starting song collection (last 1 hours)
2025-10-18 11:58:03,152 - music_tracker - INFO - Fetching recent tracks from Spotify...
2025-10-18 11:58:03,520 - music_tracker - INFO - No recent songs found from Spotify
2025-10-18 11:58:03,522 - music_tracker - INFO - No new songs found from Spotify API
2025-10-18 11:58:03,523 - music_tracker - INFO - Song collection completed successfully
2025-10-18 12:58:03,426 - music_tracker - INFO - SpotiSpy song collection starting...
2025-10-18 12:58:03,426 - music_tracker - INFO - Starting song collection (last 1 hours)
2025-10-18 12:58:03,427 - music_tracker - INFO - Fetching recent tracks from Spotify...
2025-10-18 12:58:03,844 - music_tracker - INFO - No recent songs found from Spotify
2025-10-18 12:58:03,846 - music_tracker - INFO - No new songs found from Spotify API
2025-10-18 12:58:03,846 - music_tracker - INFO - Song collection completed successfully
2025-10-18 13:58:02,721 - music_tracker - INFO - SpotiSpy song collection starting...
2025-10-18 13:58:02,721 - music_tracker - INFO - Starting song collection (last 1 hours)
2025-10-18 13:58:02,722 - music_tracker - INFO - Fetching recent tracks from Spotify...
2025-10-18 13:58:03,165 - music_tracker - INFO - No recent songs found from Spotify
2025-10-18 13:58:03,167 - music_tracker - INFO - No new songs found from Spotify API
2025-10-18 13:58:03,167 - music_tracker - INFO - Song collection completed successfully
2025-10-18 14:58:03,073 - music_tracker - INFO - SpotiSpy song collection starting...
2025-10-18 14:58:03,073 - music_tracker - INFO - Starting song collection (last 1 hours)
2025-10-18 14:58:03,074 - music_tracker - INFO - Fetching recent tracks from Spotify...
2025-10-18 14:58:03,447 - music_tracker - INFO - No recent songs found from Spotify
2025-10-18 14:58:03,449 - music_tracker - INFO - No new songs found from Spotify API
2025-10-18 14:58:03,450 - music_tracker - INFO - Song collection completed successfully
2025-10-18 15:58:03,345 - music_tracker - INFO - SpotiSpy song collection starting...
2025-10-18 15:58:03,345 - music_tracker - INFO - Starting song collection (last 1 hours)
2025-10-18 15:58:03,346 - music_tracker - INFO - Fetching recent tracks from Spotify...
2025-10-18 15:58:03,800 - music_tracker - INFO - Fetched 3 songs from Spotify
2025-10-18 15:58:03,803 - music_tracker - INFO - Found 3 songs from Spotify API
2025-10-18 15:58:03,803 - music_tracker - INFO - Checking for duplicates in database...
2025-10-18 15:58:05,260 - music_tracker - INFO - Found 3 new songs out of 3 total
2025-10-18 15:58:05,262 - music_tracker - INFO - Found 3 new songs to save
2025-10-18 15:58:05,263 - music_tracker - INFO - Saving songs to database...
2025-10-18 15:58:05,651 - music_tracker - INFO - Successfully saved 3 songs to database
2025-10-18 15:58:05,653 - music_tracker - INFO - Successfully saved 3 songs to database
2025-10-18 15:58:05,653 - music_tracker - INFO - Song collection completed successfully
2025-10-18 16:58:03,564 - music_tracker - INFO - SpotiSpy song collection starting...
2025-10-18 16:58:03,565 - music_tracker - INFO - Starting song collection (last 1 hours)
2025-10-18 16:58:03,565 - music_tracker - INFO - Fetching recent tracks from Spotify...
2025-10-18 16:58:03,974 - music_tracker - INFO - No recent songs found from Spotify
2025-10-18 16:58:03,976 - music_tracker - INFO - No new songs found from Spotify API
2025-10-18 16:58:03,976 - music_tracker - INFO - Song collection completed successfully
2025-10-18 17:58:02,888 - music_tracker - INFO - SpotiSpy song collection starting...
2025-10-18 17:58:02,888 - music_tracker - INFO - Starting song collection (last 1 hours)
2025-10-18 17:58:02,889 - music_tracker - INFO - Fetching recent tracks from Spotify...
2025-10-18 17:58:03,429 - music_tracker - INFO - Fetched 8 songs from Spotify
2025-10-18 17:58:03,432 - music_tracker - INFO - Found 8 songs from Spotify API
2025-10-18 17:58:03,433 - music_tracker - INFO - Checking for duplicates in database...
2025-10-18 17:58:04,767 - music_tracker - INFO - Found 8 new songs out of 8 total
2025-10-18 17:58:04,770 - music_tracker - INFO - Found 8 new songs to save
2025-10-18 17:58:04,771 - music_tracker - INFO - Saving songs to database...
2025-10-18 17:58:05,072 - music_tracker - INFO - Successfully saved 8 songs to database
2025-10-18 17:58:05,074 - music_tracker - INFO - Successfully saved 8 songs to database
2025-10-18 17:58:05,075 - music_tracker - INFO - Song collection completed successfully
2025-10-18 18:58:03,059 - music_tracker - INFO - SpotiSpy song collection starting...
2025-10-18 18:58:03,060 - music_tracker - INFO - Starting song collection (last 1 hours)
2025-10-18 18:58:03,061 - music_tracker - INFO - Fetching recent tracks from Spotify...
2025-10-18 18:58:03,689 - music_tracker - INFO - Fetched 10 songs from Spotify
2025-10-18 18:58:03,692 - music_tracker - INFO - Found 10 songs from Spotify API
2025-10-18 18:58:03,693 - music_tracker - INFO - Checking for duplicates in database...
2025-10-18 18:58:04,984 - music_tracker - INFO - Found 10 new songs out of 10 total
2025-10-18 18:58:04,986 - music_tracker - INFO - Found 10 new songs to save
2025-10-18 18:58:04,987 - music_tracker - INFO - Saving songs to database...
2025-10-18 18:58:05,274 - music_tracker - INFO - Successfully saved 10 songs to database
2025-10-18 18:58:05,276 - music_tracker - INFO - Successfully saved 10 songs to database
2025-10-18 18:58:05,276 - music_tracker - INFO - Song collection completed successfully
2025-10-18 19:58:03,186 - music_tracker - INFO - SpotiSpy song collection starting...
2025-10-18 19:58:03,187 - music_tracker - INFO - Starting song collection (last 1 hours)
2025-10-18 19:58:03,187 - music_tracker - INFO - Fetching recent tracks from Spotify...
2025-10-18 19:58:03,573 - music_tracker - INFO - No recent songs found from Spotify
2025-10-18 19:58:03,575 - music_tracker - INFO - No new songs found from Spotify API
2025-10-18 19:58:03,576 - music_tracker - INFO - Song collection completed successfully
2025-10-18 20:58:03,476 - music_tracker - INFO - SpotiSpy song collection starting...
2025-10-18 20:58:03,477 - music_tracker - INFO - Starting song collection (last 1 hours)
2025-10-18 20:58:03,477 - music_tracker - INFO - Fetching recent tracks from Spotify...
2025-10-18 20:58:03,884 - music_tracker - INFO - No recent songs found from Spotify
2025-10-18 20:58:03,887 - music_tracker - INFO - No new songs found from Spotify API
2025-10-18 20:58:03,887 - music_tracker - INFO - Song collection completed successfully
2025-10-18 21:58:02,806 - music_tracker - INFO - SpotiSpy song collection starting...
2025-10-18 21:58:02,831 - music_tracker - INFO - Starting song collection (last 1 hours)
2025-10-18 21:58:02,832 - music_tracker - INFO - Fetching recent tracks from Spotify...
2025-10-18 21:58:03,218 - music_tracker - INFO - No recent songs found from Spotify
2025-10-18 21:58:03,221 - music_tracker - INFO - No new songs found from Spotify API
2025-10-18 21:58:03,221 - music_tracker - INFO - Song collection completed successfully
2025-10-18 22:58:03,114 - music_tracker - INFO - SpotiSpy song collection starting...
2025-10-18 22:58:03,115 - music_tracker - INFO - Starting song collection (last 1 hours)
2025-10-18 22:58:03,115 - music_tracker - INFO - Fetching recent tracks from Spotify...
2025-10-18 22:58:03,509 - music_tracker - INFO - No recent songs found from Spotify
2025-10-18 22:58:03,511 - music_tracker - INFO - No new songs found from Spotify API
2025-10-18 22:58:03,512 - music_tracker - INFO - Song collection completed successfully
2025-10-18 23:58:03,403 - music_tracker - INFO - SpotiSpy song collection starting...
2025-10-18 23:58:03,404 - music_tracker - INFO - Starting song collection (last 1 hours)
2025-10-18 23:58:03,405 - music_tracker - INFO - Fetching recent tracks from Spotify...
2025-10-18 23:58:03,903 - music_tracker - INFO - Fetched 6 songs from Spotify
2025-10-18 23:58:03,906 - music_tracker - INFO - Found 6 songs from Spotify API
2025-10-18 23:58:03,907 - music_tracker - INFO - Checking for duplicates in database...
2025-10-18 23:58:05,548 - music_tracker - INFO - Found 6 new songs out of 6 total
2025-10-18 23:58:05,550 - music_tracker - INFO - Found 6 new songs to save
2025-10-18 23:58:05,551 - music_tracker - INFO - Saving songs to database...
2025-10-18 23:58:05,824 - music_tracker - INFO - Successfully saved 6 songs to database
2025-10-18 23:58:05,826 - music_tracker - INFO - Successfully saved 6 songs to database
2025-10-18 23:58:05,827 - music_tracker - INFO - Song collection completed successfully
