2025-09-24 00:58:03,037 - music_tracker - INFO - SpotiSpy song collection starting...
2025-09-24 00:58:03,038 - music_tracker - INFO - Starting song collection (last 1 hours)
2025-09-24 00:58:03,039 - music_tracker - INFO - Fetching recent tracks from Spotify...
2025-09-24 00:58:03,548 - music_tracker - INFO - Fetched 8 songs from Spotify
2025-09-24 00:58:03,551 - music_tracker - INFO - Found 8 songs from Spotify API
2025-09-24 00:58:03,552 - music_tracker - INFO - Checking for duplicates in database...
2025-09-24 00:58:04,704 - music_tracker - INFO - Found 8 new songs out of 8 total
2025-09-24 00:58:04,706 - music_tracker - INFO - Found 8 new songs to save
2025-09-24 00:58:04,707 - music_tracker - INFO - Saving songs to database...
2025-09-24 00:58:05,046 - music_tracker - INFO - Successfully saved 8 songs to database
2025-09-24 00:58:05,048 - music_tracker - INFO - Successfully saved 8 songs to database
2025-09-24 00:58:05,049 - music_tracker - INFO - Song collection completed successfully
2025-09-24 01:58:03,041 - music_tracker - INFO - SpotiSpy song collection starting...
2025-09-24 01:58:03,042 - music_tracker - INFO - Starting song collection (last 1 hours)
2025-09-24 01:58:03,043 - music_tracker - INFO - Fetching recent tracks from Spotify...
2025-09-24 01:58:03,396 - music_tracker - INFO - No recent songs found from Spotify
2025-09-24 01:58:03,398 - music_tracker - INFO - No new songs found from Spotify API
2025-09-24 01:58:03,399 - music_tracker - INFO - Song collection completed successfully
2025-09-24 02:58:03,320 - music_tracker - INFO - SpotiSpy song collection starting...
2025-09-24 02:58:03,321 - music_tracker - INFO - Starting song collection (last 1 hours)
2025-09-24 02:58:03,322 - music_tracker - INFO - Fetching recent tracks from Spotify...
2025-09-24 02:58:03,918 - music_tracker - INFO - No recent songs found from Spotify
2025-09-24 02:58:03,920 - music_tracker - INFO - No new songs found from Spotify API
2025-09-24 02:58:03,920 - music_tracker - INFO - Song collection completed successfully
2025-09-24 03:58:02,877 - music_tracker - INFO - SpotiSpy song collection starting...
2025-09-24 03:58:02,877 - music_tracker - INFO - Starting song collection (last 1 hours)
2025-09-24 03:58:02,878 - music_tracker - INFO - Fetching recent tracks from Spotify...
2025-09-24 03:58:03,242 - music_tracker - INFO - No recent songs found from Spotify
2025-09-24 03:58:03,244 - music_tracker - INFO - No new songs found from Spotify API
2025-09-24 03:58:03,244 - music_tracker - INFO - Song collection completed successfully
2025-09-24 04:58:03,160 - music_tracker - INFO - SpotiSpy song collection starting...
2025-09-24 04:58:03,160 - music_tracker - INFO - Starting song collection (last 1 hours)
2025-09-24 04:58:03,161 - music_tracker - INFO - Fetching recent tracks from Spotify...
2025-09-24 04:58:03,527 - music_tracker - INFO - No recent songs found from Spotify
2025-09-24 04:58:03,529 - music_tracker - INFO - No new songs found from Spotify API
2025-09-24 04:58:03,529 - music_tracker - INFO - Song collection completed successfully
2025-09-24 05:58:03,428 - music_tracker - INFO - SpotiSpy song collection starting...
2025-09-24 05:58:03,429 - music_tracker - INFO - Starting song collection (last 1 hours)
2025-09-24 05:58:03,429 - music_tracker - INFO - Fetching recent tracks from Spotify...
2025-09-24 05:58:03,785 - music_tracker - INFO - No recent songs found from Spotify
2025-09-24 05:58:03,787 - music_tracker - INFO - No new songs found from Spotify API
2025-09-24 05:58:03,788 - music_tracker - INFO - Song collection completed successfully
2025-09-24 06:58:02,744 - music_tracker - INFO - SpotiSpy song collection starting...
2025-09-24 06:58:02,745 - music_tracker - INFO - Starting song collection (last 1 hours)
2025-09-24 06:58:02,745 - music_tracker - INFO - Fetching recent tracks from Spotify...
2025-09-24 06:58:03,151 - music_tracker - INFO - No recent songs found from Spotify
2025-09-24 06:58:03,153 - music_tracker - INFO - No new songs found from Spotify API
2025-09-24 06:58:03,154 - music_tracker - INFO - Song collection completed successfully
2025-09-24 07:58:03,065 - music_tracker - INFO - SpotiSpy song collection starting...
2025-09-24 07:58:03,065 - music_tracker - INFO - Starting song collection (last 1 hours)
2025-09-24 07:58:03,066 - music_tracker - INFO - Fetching recent tracks from Spotify...
2025-09-24 07:58:03,430 - music_tracker - INFO - No recent songs found from Spotify
2025-09-24 07:58:03,432 - music_tracker - INFO - No new songs found from Spotify API
2025-09-24 07:58:03,433 - music_tracker - INFO - Song collection completed successfully
2025-09-24 08:58:03,305 - music_tracker - INFO - SpotiSpy song collection starting...
2025-09-24 08:58:03,306 - music_tracker - INFO - Starting song collection (last 1 hours)
2025-09-24 08:58:03,306 - music_tracker - INFO - Fetching recent tracks from Spotify...
2025-09-24 08:58:03,697 - music_tracker - INFO - No recent songs found from Spotify
2025-09-24 08:58:03,699 - music_tracker - INFO - No new songs found from Spotify API
2025-09-24 08:58:03,700 - music_tracker - INFO - Song collection completed successfully
2025-09-24 09:00:13,473 - music_tracker - INFO - SpotiSpy starting...
2025-09-24 09:00:13,474 - music_tracker - INFO - Starting daily SpotiSpy analysis
2025-09-24 09:00:13,474 - music_tracker - INFO - Fetching yesterday's listening data...
2025-09-24 09:00:15,118 - music_tracker - INFO - Fetched 125 songs from database
2025-09-24 09:00:15,121 - music_tracker - INFO - Found 125 songs to analyze
2025-09-24 09:00:15,122 - music_tracker - INFO - Running analysis...
2025-09-24 09:00:15,137 - music_tracker - INFO - Sending daily summary to Slack...
2025-09-24 09:00:52,073 - music_tracker - INFO - Message sent successfully to Slack
2025-09-24 09:00:52,074 - music_tracker - INFO - Daily analysis completed successfully!
2025-09-24 09:00:52,074 - music_tracker - INFO - SpotiSpy completed successfully
2025-09-24 09:58:03,848 - music_tracker - INFO - SpotiSpy song collection starting...
2025-09-24 09:58:03,849 - music_tracker - INFO - Starting song collection (last 1 hours)
2025-09-24 09:58:03,850 - music_tracker - INFO - Fetching recent tracks from Spotify...
2025-09-24 09:58:04,536 - music_tracker - INFO - Fetched 17 songs from Spotify
2025-09-24 09:58:04,539 - music_tracker - INFO - Found 17 songs from Spotify API
2025-09-24 09:58:04,539 - music_tracker - INFO - Checking for duplicates in database...
2025-09-24 09:58:05,901 - music_tracker - INFO - Found 17 new songs out of 17 total
2025-09-24 09:58:05,903 - music_tracker - INFO - Found 17 new songs to save
2025-09-24 09:58:05,904 - music_tracker - INFO - Saving songs to database...
2025-09-24 09:58:06,343 - music_tracker - INFO - Successfully saved 17 songs to database
2025-09-24 09:58:06,344 - music_tracker - INFO - Successfully saved 17 songs to database
2025-09-24 09:58:06,345 - music_tracker - INFO - Song collection completed successfully
2025-09-24 10:58:03,516 - music_tracker - INFO - SpotiSpy song collection starting...
2025-09-24 10:58:03,516 - music_tracker - INFO - Starting song collection (last 1 hours)
2025-09-24 10:58:03,517 - music_tracker - INFO - Fetching recent tracks from Spotify...
2025-09-24 10:58:04,070 - music_tracker - INFO - Fetched 8 songs from Spotify
2025-09-24 10:58:04,073 - music_tracker - INFO - Found 8 songs from Spotify API
2025-09-24 10:58:04,074 - music_tracker - INFO - Checking for duplicates in database...
2025-09-24 10:58:05,398 - music_tracker - INFO - Found 8 new songs out of 8 total
2025-09-24 10:58:05,400 - music_tracker - INFO - Found 8 new songs to save
2025-09-24 10:58:05,401 - music_tracker - INFO - Saving songs to database...
2025-09-24 10:58:05,806 - music_tracker - INFO - Successfully saved 8 songs to database
2025-09-24 10:58:05,808 - music_tracker - INFO - Successfully saved 8 songs to database
2025-09-24 10:58:05,809 - music_tracker - INFO - Song collection completed successfully
2025-09-24 11:58:02,774 - music_tracker - INFO - SpotiSpy song collection starting...
2025-09-24 11:58:02,774 - music_tracker - INFO - Starting song collection (last 1 hours)
2025-09-24 11:58:02,775 - music_tracker - INFO - Fetching recent tracks from Spotify...
2025-09-24 11:58:03,491 - music_tracker - INFO - Fetched 6 songs from Spotify
2025-09-24 11:58:03,495 - music_tracker - INFO - Found 6 songs from Spotify API
2025-09-24 11:58:03,496 - music_tracker - INFO - Checking for duplicates in database...
2025-09-24 11:58:04,834 - music_tracker - INFO - Found 6 new songs out of 6 total
2025-09-24 11:58:04,836 - music_tracker - INFO - Found 6 new songs to save
2025-09-24 11:58:04,837 - music_tracker - INFO - Saving songs to database...
2025-09-24 11:58:05,227 - music_tracker - INFO - Successfully saved 6 songs to database
2025-09-24 11:58:05,229 - music_tracker - INFO - Successfully saved 6 songs to database
2025-09-24 11:58:05,230 - music_tracker - INFO - Song collection completed successfully
2025-09-24 12:58:03,137 - music_tracker - INFO - SpotiSpy song collection starting...
2025-09-24 12:58:03,138 - music_tracker - INFO - Starting song collection (last 1 hours)
2025-09-24 12:58:03,138 - music_tracker - INFO - Fetching recent tracks from Spotify...
2025-09-24 12:58:03,872 - music_tracker - INFO - Fetched 14 songs from Spotify
2025-09-24 12:58:03,876 - music_tracker - INFO - Found 14 songs from Spotify API
2025-09-24 12:58:03,877 - music_tracker - INFO - Checking for duplicates in database...
2025-09-24 12:58:05,296 - music_tracker - INFO - Found 14 new songs out of 14 total
2025-09-24 12:58:05,298 - music_tracker - INFO - Found 14 new songs to save
2025-09-24 12:58:05,299 - music_tracker - INFO - Saving songs to database...
2025-09-24 12:58:05,740 - music_tracker - INFO - Successfully saved 14 songs to database
2025-09-24 12:58:05,743 - music_tracker - INFO - Successfully saved 14 songs to database
2025-09-24 12:58:05,743 - music_tracker - INFO - Song collection completed successfully
2025-09-24 13:58:02,658 - music_tracker - INFO - SpotiSpy song collection starting...
2025-09-24 13:58:02,658 - music_tracker - INFO - Starting song collection (last 1 hours)
2025-09-24 13:58:02,659 - music_tracker - INFO - Fetching recent tracks from Spotify...
2025-09-24 13:58:03,196 - music_tracker - INFO - Fetched 7 songs from Spotify
2025-09-24 13:58:03,198 - music_tracker - INFO - Found 7 songs from Spotify API
2025-09-24 13:58:03,199 - music_tracker - INFO - Checking for duplicates in database...
2025-09-24 13:58:04,542 - music_tracker - INFO - Found 7 new songs out of 7 total
2025-09-24 13:58:04,544 - music_tracker - INFO - Found 7 new songs to save
2025-09-24 13:58:04,545 - music_tracker - INFO - Saving songs to database...
2025-09-24 13:58:04,932 - music_tracker - INFO - Successfully saved 7 songs to database
2025-09-24 13:58:04,934 - music_tracker - INFO - Successfully saved 7 songs to database
2025-09-24 13:58:04,934 - music_tracker - INFO - Song collection completed successfully
2025-09-24 14:58:02,853 - music_tracker - INFO - SpotiSpy song collection starting...
2025-09-24 14:58:02,854 - music_tracker - INFO - Starting song collection (last 1 hours)
2025-09-24 14:58:02,855 - music_tracker - INFO - Fetching recent tracks from Spotify...
2025-09-24 14:58:03,256 - music_tracker - INFO - No recent songs found from Spotify
2025-09-24 14:58:03,258 - music_tracker - INFO - No new songs found from Spotify API
2025-09-24 14:58:03,259 - music_tracker - INFO - Song collection completed successfully
2025-09-24 15:58:03,145 - music_tracker - INFO - SpotiSpy song collection starting...
2025-09-24 15:58:03,145 - music_tracker - INFO - Starting song collection (last 1 hours)
2025-09-24 15:58:03,146 - music_tracker - INFO - Fetching recent tracks from Spotify...
2025-09-24 15:58:03,766 - music_tracker - INFO - Fetched 14 songs from Spotify
2025-09-24 15:58:03,769 - music_tracker - INFO - Found 14 songs from Spotify API
2025-09-24 15:58:03,770 - music_tracker - INFO - Checking for duplicates in database...
2025-09-24 15:58:05,125 - music_tracker - INFO - Found 14 new songs out of 14 total
2025-09-24 15:58:05,127 - music_tracker - INFO - Found 14 new songs to save
2025-09-24 15:58:05,128 - music_tracker - INFO - Saving songs to database...
2025-09-24 15:58:05,490 - music_tracker - INFO - Successfully saved 14 songs to database
2025-09-24 15:58:05,492 - music_tracker - INFO - Successfully saved 14 songs to database
2025-09-24 15:58:05,493 - music_tracker - INFO - Song collection completed successfully
2025-09-24 16:58:03,440 - music_tracker - INFO - SpotiSpy song collection starting...
2025-09-24 16:58:03,440 - music_tracker - INFO - Starting song collection (last 1 hours)
2025-09-24 16:58:03,441 - music_tracker - INFO - Fetching recent tracks from Spotify...
2025-09-24 16:58:04,008 - music_tracker - INFO - Fetched 15 songs from Spotify
2025-09-24 16:58:04,011 - music_tracker - INFO - Found 15 songs from Spotify API
2025-09-24 16:58:04,011 - music_tracker - INFO - Checking for duplicates in database...
2025-09-24 16:58:05,426 - music_tracker - INFO - Found 15 new songs out of 15 total
2025-09-24 16:58:05,428 - music_tracker - INFO - Found 15 new songs to save
2025-09-24 16:58:05,429 - music_tracker - INFO - Saving songs to database...
2025-09-24 16:58:05,858 - music_tracker - INFO - Successfully saved 15 songs to database
2025-09-24 16:58:05,861 - music_tracker - INFO - Successfully saved 15 songs to database
2025-09-24 16:58:05,861 - music_tracker - INFO - Song collection completed successfully
2025-09-24 17:58:02,792 - music_tracker - INFO - SpotiSpy song collection starting...
2025-09-24 17:58:02,792 - music_tracker - INFO - Starting song collection (last 1 hours)
2025-09-24 17:58:02,793 - music_tracker - INFO - Fetching recent tracks from Spotify...
2025-09-24 17:58:03,379 - music_tracker - INFO - Fetched 15 songs from Spotify
2025-09-24 17:58:03,382 - music_tracker - INFO - Found 15 songs from Spotify API
2025-09-24 17:58:03,382 - music_tracker - INFO - Checking for duplicates in database...
2025-09-24 17:58:04,524 - music_tracker - INFO - Found 15 new songs out of 15 total
2025-09-24 17:58:04,526 - music_tracker - INFO - Found 15 new songs to save
2025-09-24 17:58:04,527 - music_tracker - INFO - Saving songs to database...
2025-09-24 17:58:04,888 - music_tracker - INFO - Successfully saved 15 songs to database
2025-09-24 17:58:04,891 - music_tracker - INFO - Successfully saved 15 songs to database
2025-09-24 17:58:04,891 - music_tracker - INFO - Song collection completed successfully
2025-09-24 18:58:02,826 - music_tracker - INFO - SpotiSpy song collection starting...
2025-09-24 18:58:02,826 - music_tracker - INFO - Starting song collection (last 1 hours)
2025-09-24 18:58:02,827 - music_tracker - INFO - Fetching recent tracks from Spotify...
2025-09-24 18:58:03,307 - music_tracker - INFO - Fetched 11 songs from Spotify
2025-09-24 18:58:03,310 - music_tracker - INFO - Found 11 songs from Spotify API
2025-09-24 18:58:03,311 - music_tracker - INFO - Checking for duplicates in database...
2025-09-24 18:58:04,515 - music_tracker - INFO - Found 11 new songs out of 11 total
2025-09-24 18:58:04,517 - music_tracker - INFO - Found 11 new songs to save
2025-09-24 18:58:04,518 - music_tracker - INFO - Saving songs to database...
2025-09-24 18:58:04,882 - music_tracker - INFO - Successfully saved 11 songs to database
2025-09-24 18:58:04,884 - music_tracker - INFO - Successfully saved 11 songs to database
2025-09-24 18:58:04,885 - music_tracker - INFO - Song collection completed successfully
2025-09-24 19:58:02,798 - music_tracker - INFO - SpotiSpy song collection starting...
2025-09-24 19:58:02,799 - music_tracker - INFO - Starting song collection (last 1 hours)
2025-09-24 19:58:02,799 - music_tracker - INFO - Fetching recent tracks from Spotify...
2025-09-24 19:58:03,155 - music_tracker - INFO - No recent songs found from Spotify
2025-09-24 19:58:03,157 - music_tracker - INFO - No new songs found from Spotify API
2025-09-24 19:58:03,158 - music_tracker - INFO - Song collection completed successfully
2025-09-24 20:58:03,061 - music_tracker - INFO - SpotiSpy song collection starting...
2025-09-24 20:58:03,061 - music_tracker - INFO - Starting song collection (last 1 hours)
2025-09-24 20:58:03,062 - music_tracker - INFO - Fetching recent tracks from Spotify...
2025-09-24 20:58:03,534 - music_tracker - INFO - Fetched 14 songs from Spotify
2025-09-24 20:58:03,537 - music_tracker - INFO - Found 14 songs from Spotify API
2025-09-24 20:58:03,538 - music_tracker - INFO - Checking for duplicates in database...
2025-09-24 20:58:04,856 - music_tracker - INFO - Found 14 new songs out of 14 total
2025-09-24 20:58:04,858 - music_tracker - INFO - Found 14 new songs to save
2025-09-24 20:58:04,859 - music_tracker - INFO - Saving songs to database...
2025-09-24 20:58:05,246 - music_tracker - INFO - Successfully saved 14 songs to database
2025-09-24 20:58:05,248 - music_tracker - INFO - Successfully saved 14 songs to database
2025-09-24 20:58:05,249 - music_tracker - INFO - Song collection completed successfully
2025-09-24 21:58:03,166 - music_tracker - INFO - SpotiSpy song collection starting...
2025-09-24 21:58:03,167 - music_tracker - INFO - Starting song collection (last 1 hours)
2025-09-24 21:58:03,167 - music_tracker - INFO - Fetching recent tracks from Spotify...
2025-09-24 21:58:03,632 - music_tracker - INFO - Fetched 6 songs from Spotify
2025-09-24 21:58:03,634 - music_tracker - INFO - Found 6 songs from Spotify API
2025-09-24 21:58:03,635 - music_tracker - INFO - Checking for duplicates in database...
2025-09-24 21:58:04,798 - music_tracker - INFO - Found 6 new songs out of 6 total
2025-09-24 21:58:04,800 - music_tracker - INFO - Found 6 new songs to save
2025-09-24 21:58:04,801 - music_tracker - INFO - Saving songs to database...
2025-09-24 21:58:05,155 - music_tracker - INFO - Successfully saved 6 songs to database
2025-09-24 21:58:05,157 - music_tracker - INFO - Successfully saved 6 songs to database
2025-09-24 21:58:05,157 - music_tracker - INFO - Song collection completed successfully
2025-09-24 22:58:03,071 - music_tracker - INFO - SpotiSpy song collection starting...
2025-09-24 22:58:03,071 - music_tracker - INFO - Starting song collection (last 1 hours)
2025-09-24 22:58:03,072 - music_tracker - INFO - Fetching recent tracks from Spotify...
2025-09-24 22:58:03,421 - music_tracker - INFO - No recent songs found from Spotify
2025-09-24 22:58:03,423 - music_tracker - INFO - No new songs found from Spotify API
2025-09-24 22:58:03,424 - music_tracker - INFO - Song collection completed successfully
2025-09-24 23:58:03,345 - music_tracker - INFO - SpotiSpy song collection starting...
2025-09-24 23:58:03,345 - music_tracker - INFO - Starting song collection (last 1 hours)
2025-09-24 23:58:03,346 - music_tracker - INFO - Fetching recent tracks from Spotify...
2025-09-24 23:58:03,682 - music_tracker - INFO - No recent songs found from Spotify
2025-09-24 23:58:03,684 - music_tracker - INFO - No new songs found from Spotify API
2025-09-24 23:58:03,684 - music_tracker - INFO - Song collection completed successfully
