2025-08-29 00:58:02,814 - music_tracker - INFO - SpotiSpy song collection starting...
2025-08-29 00:58:02,815 - music_tracker - INFO - Starting song collection (last 1 hours)
2025-08-29 00:58:02,815 - music_tracker - INFO - Fetching recent tracks from Spotify...
2025-08-29 00:58:03,290 - music_tracker - INFO - Fetched 7 songs from Spotify
2025-08-29 00:58:03,292 - music_tracker - INFO - Found 7 songs from Spotify API
2025-08-29 00:58:03,293 - music_tracker - INFO - Checking for duplicates in database...
2025-08-29 00:58:04,287 - music_tracker - INFO - Found 7 new songs out of 7 total
2025-08-29 00:58:04,289 - music_tracker - INFO - Found 7 new songs to save
2025-08-29 00:58:04,290 - music_tracker - INFO - Saving songs to database...
2025-08-29 00:58:04,620 - music_tracker - INFO - Successfully saved 7 songs to database
2025-08-29 00:58:04,622 - music_tracker - INFO - Successfully saved 7 songs to database
2025-08-29 00:58:04,623 - music_tracker - INFO - Song collection completed successfully
2025-08-29 01:58:03,604 - music_tracker - INFO - SpotiSpy song collection starting...
2025-08-29 01:58:03,605 - music_tracker - INFO - Starting song collection (last 1 hours)
2025-08-29 01:58:03,606 - music_tracker - INFO - Fetching recent tracks from Spotify...
2025-08-29 01:58:03,962 - music_tracker - INFO - No recent songs found from Spotify
2025-08-29 01:58:03,964 - music_tracker - INFO - No new songs found from Spotify API
2025-08-29 01:58:03,965 - music_tracker - INFO - Song collection completed successfully
2025-08-29 02:58:03,573 - music_tracker - INFO - SpotiSpy song collection starting...
2025-08-29 02:58:03,575 - music_tracker - INFO - Starting song collection (last 1 hours)
2025-08-29 02:58:03,576 - music_tracker - INFO - Fetching recent tracks from Spotify...
2025-08-29 02:58:04,012 - music_tracker - INFO - No recent songs found from Spotify
2025-08-29 02:58:04,014 - music_tracker - INFO - No new songs found from Spotify API
2025-08-29 02:58:04,015 - music_tracker - INFO - Song collection completed successfully
2025-08-29 03:58:03,051 - music_tracker - INFO - SpotiSpy song collection starting...
2025-08-29 03:58:03,051 - music_tracker - INFO - Starting song collection (last 1 hours)
2025-08-29 03:58:03,052 - music_tracker - INFO - Fetching recent tracks from Spotify...
2025-08-29 03:58:03,398 - music_tracker - INFO - No recent songs found from Spotify
2025-08-29 03:58:03,400 - music_tracker - INFO - No new songs found from Spotify API
2025-08-29 03:58:03,401 - music_tracker - INFO - Song collection completed successfully
2025-08-29 04:58:03,294 - music_tracker - INFO - SpotiSpy song collection starting...
2025-08-29 04:58:03,295 - music_tracker - INFO - Starting song collection (last 1 hours)
2025-08-29 04:58:03,296 - music_tracker - INFO - Fetching recent tracks from Spotify...
2025-08-29 04:58:03,637 - music_tracker - INFO - No recent songs found from Spotify
2025-08-29 04:58:03,639 - music_tracker - INFO - No new songs found from Spotify API
2025-08-29 04:58:03,640 - music_tracker - INFO - Song collection completed successfully
2025-08-29 05:58:03,522 - music_tracker - INFO - SpotiSpy song collection starting...
2025-08-29 05:58:03,523 - music_tracker - INFO - Starting song collection (last 1 hours)
2025-08-29 05:58:03,524 - music_tracker - INFO - Fetching recent tracks from Spotify...
2025-08-29 05:58:03,892 - music_tracker - INFO - No recent songs found from Spotify
2025-08-29 05:58:03,894 - music_tracker - INFO - No new songs found from Spotify API
2025-08-29 05:58:03,894 - music_tracker - INFO - Song collection completed successfully
2025-08-29 06:58:02,855 - music_tracker - INFO - SpotiSpy song collection starting...
2025-08-29 06:58:02,855 - music_tracker - INFO - Starting song collection (last 1 hours)
2025-08-29 06:58:02,856 - music_tracker - INFO - Fetching recent tracks from Spotify...
2025-08-29 06:58:03,228 - music_tracker - INFO - No recent songs found from Spotify
2025-08-29 06:58:03,230 - music_tracker - INFO - No new songs found from Spotify API
2025-08-29 06:58:03,231 - music_tracker - INFO - Song collection completed successfully
2025-08-29 07:58:03,125 - music_tracker - INFO - SpotiSpy song collection starting...
2025-08-29 07:58:03,126 - music_tracker - INFO - Starting song collection (last 1 hours)
2025-08-29 07:58:03,126 - music_tracker - INFO - Fetching recent tracks from Spotify...
2025-08-29 07:58:03,493 - music_tracker - INFO - No recent songs found from Spotify
2025-08-29 07:58:03,496 - music_tracker - INFO - No new songs found from Spotify API
2025-08-29 07:58:03,496 - music_tracker - INFO - Song collection completed successfully
2025-08-29 08:58:04,001 - music_tracker - INFO - SpotiSpy song collection starting...
2025-08-29 08:58:04,002 - music_tracker - INFO - Starting song collection (last 1 hours)
2025-08-29 08:58:04,003 - music_tracker - INFO - Fetching recent tracks from Spotify...
2025-08-29 08:58:04,372 - music_tracker - INFO - No recent songs found from Spotify
2025-08-29 08:58:04,374 - music_tracker - INFO - No new songs found from Spotify API
2025-08-29 08:58:04,374 - music_tracker - INFO - Song collection completed successfully
2025-08-29 09:00:14,778 - music_tracker - INFO - SpotiSpy starting...
2025-08-29 09:00:14,779 - music_tracker - INFO - Starting daily SpotiSpy analysis
2025-08-29 09:00:14,785 - music_tracker - INFO - Fetching yesterday's listening data...
2025-08-29 09:00:16,342 - music_tracker - INFO - Fetched 61 songs from database
2025-08-29 09:00:16,345 - music_tracker - INFO - Found 61 songs to analyze
2025-08-29 09:00:16,346 - music_tracker - INFO - Running analysis...
2025-08-29 09:00:16,355 - music_tracker - INFO - Sending daily summary to Slack...
2025-08-29 09:00:28,146 - music_tracker - INFO - Message sent successfully to Slack
2025-08-29 09:00:28,146 - music_tracker - INFO - Daily analysis completed successfully!
2025-08-29 09:00:28,147 - music_tracker - INFO - SpotiSpy completed successfully
2025-08-29 09:58:03,072 - music_tracker - INFO - SpotiSpy song collection starting...
2025-08-29 09:58:03,073 - music_tracker - INFO - Starting song collection (last 1 hours)
2025-08-29 09:58:03,074 - music_tracker - INFO - Fetching recent tracks from Spotify...
2025-08-29 09:58:03,431 - music_tracker - INFO - No recent songs found from Spotify
2025-08-29 09:58:03,433 - music_tracker - INFO - No new songs found from Spotify API
2025-08-29 09:58:03,433 - music_tracker - INFO - Song collection completed successfully
2025-08-29 10:58:03,324 - music_tracker - INFO - SpotiSpy song collection starting...
2025-08-29 10:58:03,325 - music_tracker - INFO - Starting song collection (last 1 hours)
2025-08-29 10:58:03,325 - music_tracker - INFO - Fetching recent tracks from Spotify...
2025-08-29 10:58:03,809 - music_tracker - INFO - Fetched 15 songs from Spotify
2025-08-29 10:58:03,812 - music_tracker - INFO - Found 15 songs from Spotify API
2025-08-29 10:58:03,813 - music_tracker - INFO - Checking for duplicates in database...
2025-08-29 10:58:05,229 - music_tracker - INFO - Found 15 new songs out of 15 total
2025-08-29 10:58:05,231 - music_tracker - INFO - Found 15 new songs to save
2025-08-29 10:58:05,232 - music_tracker - INFO - Saving songs to database...
2025-08-29 10:58:05,655 - music_tracker - INFO - Successfully saved 15 songs to database
2025-08-29 10:58:05,657 - music_tracker - INFO - Successfully saved 15 songs to database
2025-08-29 10:58:05,658 - music_tracker - INFO - Song collection completed successfully
2025-08-29 11:58:03,572 - music_tracker - INFO - SpotiSpy song collection starting...
2025-08-29 11:58:03,573 - music_tracker - INFO - Starting song collection (last 1 hours)
2025-08-29 11:58:03,573 - music_tracker - INFO - Fetching recent tracks from Spotify...
2025-08-29 11:58:03,990 - music_tracker - INFO - Fetched 6 songs from Spotify
2025-08-29 11:58:03,993 - music_tracker - INFO - Found 6 songs from Spotify API
2025-08-29 11:58:03,993 - music_tracker - INFO - Checking for duplicates in database...
2025-08-29 11:58:05,125 - music_tracker - INFO - Found 6 new songs out of 6 total
2025-08-29 11:58:05,127 - music_tracker - INFO - Found 6 new songs to save
2025-08-29 11:58:05,128 - music_tracker - INFO - Saving songs to database...
2025-08-29 11:58:05,483 - music_tracker - INFO - Successfully saved 6 songs to database
2025-08-29 11:58:05,486 - music_tracker - INFO - Successfully saved 6 songs to database
2025-08-29 11:58:05,486 - music_tracker - INFO - Song collection completed successfully
2025-08-29 12:58:03,412 - music_tracker - INFO - SpotiSpy song collection starting...
2025-08-29 12:58:03,412 - music_tracker - INFO - Starting song collection (last 1 hours)
2025-08-29 12:58:03,413 - music_tracker - INFO - Fetching recent tracks from Spotify...
2025-08-29 12:58:03,942 - music_tracker - INFO - Fetched 18 songs from Spotify
2025-08-29 12:58:03,945 - music_tracker - INFO - Found 18 songs from Spotify API
2025-08-29 12:58:03,946 - music_tracker - INFO - Checking for duplicates in database...
2025-08-29 12:58:05,298 - music_tracker - INFO - Found 18 new songs out of 18 total
2025-08-29 12:58:05,299 - music_tracker - INFO - Found 18 new songs to save
2025-08-29 12:58:05,300 - music_tracker - INFO - Saving songs to database...
2025-08-29 12:58:05,654 - music_tracker - INFO - Successfully saved 18 songs to database
2025-08-29 12:58:05,656 - music_tracker - INFO - Successfully saved 18 songs to database
2025-08-29 12:58:05,657 - music_tracker - INFO - Song collection completed successfully
2025-08-29 13:58:03,594 - music_tracker - INFO - SpotiSpy song collection starting...
2025-08-29 13:58:03,595 - music_tracker - INFO - Starting song collection (last 1 hours)
2025-08-29 13:58:03,595 - music_tracker - INFO - Fetching recent tracks from Spotify...
2025-08-29 13:58:04,093 - music_tracker - INFO - Fetched 18 songs from Spotify
2025-08-29 13:58:04,096 - music_tracker - INFO - Found 18 songs from Spotify API
2025-08-29 13:58:04,096 - music_tracker - INFO - Checking for duplicates in database...
2025-08-29 13:58:10,361 - music_tracker - INFO - Found 18 new songs out of 18 total
2025-08-29 13:58:10,363 - music_tracker - INFO - Found 18 new songs to save
2025-08-29 13:58:10,364 - music_tracker - INFO - Saving songs to database...
2025-08-29 13:58:10,804 - music_tracker - INFO - Successfully saved 18 songs to database
2025-08-29 13:58:10,806 - music_tracker - INFO - Successfully saved 18 songs to database
2025-08-29 13:58:10,807 - music_tracker - INFO - Song collection completed successfully
2025-08-29 14:58:03,935 - music_tracker - INFO - SpotiSpy song collection starting...
2025-08-29 14:58:03,936 - music_tracker - INFO - Starting song collection (last 1 hours)
2025-08-29 14:58:03,937 - music_tracker - INFO - Fetching recent tracks from Spotify...
2025-08-29 14:58:04,431 - music_tracker - INFO - Fetched 8 songs from Spotify
2025-08-29 14:58:04,434 - music_tracker - INFO - Found 8 songs from Spotify API
2025-08-29 14:58:04,434 - music_tracker - INFO - Checking for duplicates in database...
2025-08-29 14:58:05,723 - music_tracker - INFO - Found 8 new songs out of 8 total
2025-08-29 14:58:05,725 - music_tracker - INFO - Found 8 new songs to save
2025-08-29 14:58:05,726 - music_tracker - INFO - Saving songs to database...
2025-08-29 14:58:06,099 - music_tracker - INFO - Successfully saved 8 songs to database
2025-08-29 14:58:06,101 - music_tracker - INFO - Successfully saved 8 songs to database
2025-08-29 14:58:06,102 - music_tracker - INFO - Song collection completed successfully
2025-08-29 15:58:03,061 - music_tracker - INFO - SpotiSpy song collection starting...
2025-08-29 15:58:03,062 - music_tracker - INFO - Starting song collection (last 1 hours)
2025-08-29 15:58:03,062 - music_tracker - INFO - Fetching recent tracks from Spotify...
2025-08-29 15:58:03,449 - music_tracker - INFO - Fetched 1 songs from Spotify
2025-08-29 15:58:03,452 - music_tracker - INFO - Found 1 songs from Spotify API
2025-08-29 15:58:03,452 - music_tracker - INFO - Checking for duplicates in database...
2025-08-29 15:58:04,689 - music_tracker - INFO - Found 1 new songs out of 1 total
2025-08-29 15:58:04,691 - music_tracker - INFO - Found 1 new songs to save
2025-08-29 15:58:04,692 - music_tracker - INFO - Saving songs to database...
2025-08-29 15:58:05,049 - music_tracker - INFO - Successfully saved 1 songs to database
2025-08-29 15:58:05,051 - music_tracker - INFO - Successfully saved 1 songs to database
2025-08-29 15:58:05,052 - music_tracker - INFO - Song collection completed successfully
2025-08-29 16:58:02,965 - music_tracker - INFO - SpotiSpy song collection starting...
2025-08-29 16:58:02,966 - music_tracker - INFO - Starting song collection (last 1 hours)
2025-08-29 16:58:02,967 - music_tracker - INFO - Fetching recent tracks from Spotify...
2025-08-29 16:58:03,483 - music_tracker - INFO - Fetched 14 songs from Spotify
2025-08-29 16:58:03,486 - music_tracker - INFO - Found 14 songs from Spotify API
2025-08-29 16:58:03,487 - music_tracker - INFO - Checking for duplicates in database...
2025-08-29 16:58:04,496 - music_tracker - INFO - Found 14 new songs out of 14 total
2025-08-29 16:58:04,499 - music_tracker - INFO - Found 14 new songs to save
2025-08-29 16:58:04,499 - music_tracker - INFO - Saving songs to database...
2025-08-29 16:58:04,862 - music_tracker - INFO - Successfully saved 14 songs to database
2025-08-29 16:58:04,864 - music_tracker - INFO - Successfully saved 14 songs to database
2025-08-29 16:58:04,865 - music_tracker - INFO - Song collection completed successfully
2025-08-29 17:58:02,791 - music_tracker - INFO - SpotiSpy song collection starting...
2025-08-29 17:58:02,791 - music_tracker - INFO - Starting song collection (last 1 hours)
2025-08-29 17:58:02,792 - music_tracker - INFO - Fetching recent tracks from Spotify...
2025-08-29 17:58:03,234 - music_tracker - INFO - Fetched 9 songs from Spotify
2025-08-29 17:58:03,236 - music_tracker - INFO - Found 9 songs from Spotify API
2025-08-29 17:58:03,237 - music_tracker - INFO - Checking for duplicates in database...
2025-08-29 17:58:04,517 - music_tracker - INFO - Found 9 new songs out of 9 total
2025-08-29 17:58:04,520 - music_tracker - INFO - Found 9 new songs to save
2025-08-29 17:58:04,520 - music_tracker - INFO - Saving songs to database...
2025-08-29 17:58:04,932 - music_tracker - INFO - Successfully saved 9 songs to database
2025-08-29 17:58:04,934 - music_tracker - INFO - Successfully saved 9 songs to database
2025-08-29 17:58:04,935 - music_tracker - INFO - Song collection completed successfully
2025-08-29 18:58:02,855 - music_tracker - INFO - SpotiSpy song collection starting...
2025-08-29 18:58:02,855 - music_tracker - INFO - Starting song collection (last 1 hours)
2025-08-29 18:58:02,856 - music_tracker - INFO - Fetching recent tracks from Spotify...
2025-08-29 18:58:03,413 - music_tracker - INFO - Fetched 10 songs from Spotify
2025-08-29 18:58:03,416 - music_tracker - INFO - Found 10 songs from Spotify API
2025-08-29 18:58:03,417 - music_tracker - INFO - Checking for duplicates in database...
2025-08-29 18:58:04,497 - music_tracker - INFO - Found 10 new songs out of 10 total
2025-08-29 18:58:04,499 - music_tracker - INFO - Found 10 new songs to save
2025-08-29 18:58:04,500 - music_tracker - INFO - Saving songs to database...
2025-08-29 18:58:04,852 - music_tracker - INFO - Successfully saved 10 songs to database
2025-08-29 18:58:04,854 - music_tracker - INFO - Successfully saved 10 songs to database
2025-08-29 18:58:04,855 - music_tracker - INFO - Song collection completed successfully
2025-08-29 19:58:02,764 - music_tracker - INFO - SpotiSpy song collection starting...
2025-08-29 19:58:02,765 - music_tracker - INFO - Starting song collection (last 1 hours)
2025-08-29 19:58:02,765 - music_tracker - INFO - Fetching recent tracks from Spotify...
2025-08-29 19:58:03,209 - music_tracker - INFO - Fetched 7 songs from Spotify
2025-08-29 19:58:03,212 - music_tracker - INFO - Found 7 songs from Spotify API
2025-08-29 19:58:03,212 - music_tracker - INFO - Checking for duplicates in database...
2025-08-29 19:58:04,279 - music_tracker - INFO - Found 7 new songs out of 7 total
2025-08-29 19:58:04,281 - music_tracker - INFO - Found 7 new songs to save
2025-08-29 19:58:04,282 - music_tracker - INFO - Saving songs to database...
2025-08-29 19:58:04,645 - music_tracker - INFO - Successfully saved 7 songs to database
2025-08-29 19:58:04,647 - music_tracker - INFO - Successfully saved 7 songs to database
2025-08-29 19:58:04,648 - music_tracker - INFO - Song collection completed successfully
2025-08-29 20:58:03,576 - music_tracker - INFO - SpotiSpy song collection starting...
2025-08-29 20:58:03,577 - music_tracker - INFO - Starting song collection (last 1 hours)
2025-08-29 20:58:03,578 - music_tracker - INFO - Fetching recent tracks from Spotify...
2025-08-29 20:58:04,016 - music_tracker - INFO - Fetched 7 songs from Spotify
2025-08-29 20:58:04,018 - music_tracker - INFO - Found 7 songs from Spotify API
2025-08-29 20:58:04,019 - music_tracker - INFO - Checking for duplicates in database...
2025-08-29 20:58:05,136 - music_tracker - INFO - Found 7 new songs out of 7 total
2025-08-29 20:58:05,138 - music_tracker - INFO - Found 7 new songs to save
2025-08-29 20:58:05,139 - music_tracker - INFO - Saving songs to database...
2025-08-29 20:58:05,519 - music_tracker - INFO - Successfully saved 7 songs to database
2025-08-29 20:58:05,521 - music_tracker - INFO - Successfully saved 7 songs to database
2025-08-29 20:58:05,522 - music_tracker - INFO - Song collection completed successfully
2025-08-29 21:58:03,436 - music_tracker - INFO - SpotiSpy song collection starting...
2025-08-29 21:58:03,437 - music_tracker - INFO - Starting song collection (last 1 hours)
2025-08-29 21:58:03,437 - music_tracker - INFO - Fetching recent tracks from Spotify...
2025-08-29 21:58:03,927 - music_tracker - INFO - Fetched 10 songs from Spotify
2025-08-29 21:58:03,930 - music_tracker - INFO - Found 10 songs from Spotify API
2025-08-29 21:58:03,931 - music_tracker - INFO - Checking for duplicates in database...
2025-08-29 21:58:05,287 - music_tracker - INFO - Found 10 new songs out of 10 total
2025-08-29 21:58:05,289 - music_tracker - INFO - Found 10 new songs to save
2025-08-29 21:58:05,290 - music_tracker - INFO - Saving songs to database...
2025-08-29 21:58:05,663 - music_tracker - INFO - Successfully saved 10 songs to database
2025-08-29 21:58:05,665 - music_tracker - INFO - Successfully saved 10 songs to database
2025-08-29 21:58:05,666 - music_tracker - INFO - Song collection completed successfully
2025-08-29 22:58:03,591 - music_tracker - INFO - SpotiSpy song collection starting...
2025-08-29 22:58:03,592 - music_tracker - INFO - Starting song collection (last 1 hours)
2025-08-29 22:58:03,592 - music_tracker - INFO - Fetching recent tracks from Spotify...
2025-08-29 22:58:04,038 - music_tracker - INFO - Fetched 9 songs from Spotify
2025-08-29 22:58:04,041 - music_tracker - INFO - Found 9 songs from Spotify API
2025-08-29 22:58:04,042 - music_tracker - INFO - Checking for duplicates in database...
2025-08-29 22:58:04,804 - music_tracker - INFO - Found 9 new songs out of 9 total
2025-08-29 22:58:04,807 - music_tracker - INFO - Found 9 new songs to save
2025-08-29 22:58:04,807 - music_tracker - INFO - Saving songs to database...
2025-08-29 22:58:05,110 - music_tracker - INFO - Successfully saved 9 songs to database
2025-08-29 22:58:05,112 - music_tracker - INFO - Successfully saved 9 songs to database
2025-08-29 22:58:05,113 - music_tracker - INFO - Song collection completed successfully
2025-08-29 23:58:03,026 - music_tracker - INFO - SpotiSpy song collection starting...
2025-08-29 23:58:03,027 - music_tracker - INFO - Starting song collection (last 1 hours)
2025-08-29 23:58:03,028 - music_tracker - INFO - Fetching recent tracks from Spotify...
2025-08-29 23:58:03,469 - music_tracker - INFO - Fetched 8 songs from Spotify
2025-08-29 23:58:03,472 - music_tracker - INFO - Found 8 songs from Spotify API
2025-08-29 23:58:03,472 - music_tracker - INFO - Checking for duplicates in database...
2025-08-29 23:58:04,721 - music_tracker - INFO - Found 8 new songs out of 8 total
2025-08-29 23:58:04,723 - music_tracker - INFO - Found 8 new songs to save
2025-08-29 23:58:04,724 - music_tracker - INFO - Saving songs to database...
2025-08-29 23:58:05,079 - music_tracker - INFO - Successfully saved 8 songs to database
2025-08-29 23:58:05,081 - music_tracker - INFO - Successfully saved 8 songs to database
2025-08-29 23:58:05,082 - music_tracker - INFO - Song collection completed successfully
