2026-01-03 00:58:02,686 - music_tracker - INFO - SpotiSpy song collection starting...
2026-01-03 00:58:02,687 - music_tracker - INFO - Starting song collection (last 1 hours)
2026-01-03 00:58:02,688 - music_tracker - INFO - Fetching recent tracks from Spotify...
2026-01-03 00:58:03,037 - music_tracker - INFO - No recent songs found from Spotify
2026-01-03 00:58:03,039 - music_tracker - INFO - No new songs found from Spotify API
2026-01-03 00:58:03,039 - music_tracker - INFO - Song collection completed successfully
2026-01-03 01:58:02,942 - music_tracker - INFO - SpotiSpy song collection starting...
2026-01-03 01:58:02,943 - music_tracker - INFO - Starting song collection (last 1 hours)
2026-01-03 01:58:02,944 - music_tracker - INFO - Fetching recent tracks from Spotify...
2026-01-03 01:58:03,330 - music_tracker - INFO - No recent songs found from Spotify
2026-01-03 01:58:03,333 - music_tracker - INFO - No new songs found from Spotify API
2026-01-03 01:58:03,333 - music_tracker - INFO - Song collection completed successfully
2026-01-03 02:58:03,232 - music_tracker - INFO - SpotiSpy song collection starting...
2026-01-03 02:58:03,233 - music_tracker - INFO - Starting song collection (last 1 hours)
2026-01-03 02:58:03,233 - music_tracker - INFO - Fetching recent tracks from Spotify...
2026-01-03 02:58:03,577 - music_tracker - INFO - No recent songs found from Spotify
2026-01-03 02:58:03,579 - music_tracker - INFO - No new songs found from Spotify API
2026-01-03 02:58:03,580 - music_tracker - INFO - Song collection completed successfully
2026-01-03 03:58:03,496 - music_tracker - INFO - SpotiSpy song collection starting...
2026-01-03 03:58:03,496 - music_tracker - INFO - Starting song collection (last 1 hours)
2026-01-03 03:58:03,497 - music_tracker - INFO - Fetching recent tracks from Spotify...
2026-01-03 03:58:03,856 - music_tracker - INFO - No recent songs found from Spotify
2026-01-03 03:58:03,859 - music_tracker - INFO - No new songs found from Spotify API
2026-01-03 03:58:03,859 - music_tracker - INFO - Song collection completed successfully
2026-01-03 04:58:02,757 - music_tracker - INFO - SpotiSpy song collection starting...
2026-01-03 04:58:02,757 - music_tracker - INFO - Starting song collection (last 1 hours)
2026-01-03 04:58:02,758 - music_tracker - INFO - Fetching recent tracks from Spotify...
2026-01-03 04:58:03,094 - music_tracker - INFO - No recent songs found from Spotify
2026-01-03 04:58:03,096 - music_tracker - INFO - No new songs found from Spotify API
2026-01-03 04:58:03,097 - music_tracker - INFO - Song collection completed successfully
2026-01-03 05:58:03,515 - music_tracker - INFO - SpotiSpy song collection starting...
2026-01-03 05:58:03,516 - music_tracker - INFO - Starting song collection (last 1 hours)
2026-01-03 05:58:03,517 - music_tracker - INFO - Fetching recent tracks from Spotify...
2026-01-03 05:58:03,891 - music_tracker - INFO - No recent songs found from Spotify
2026-01-03 05:58:03,893 - music_tracker - INFO - No new songs found from Spotify API
2026-01-03 05:58:03,894 - music_tracker - INFO - Song collection completed successfully
2026-01-03 06:58:02,975 - music_tracker - INFO - SpotiSpy song collection starting...
2026-01-03 06:58:02,975 - music_tracker - INFO - Starting song collection (last 1 hours)
2026-01-03 06:58:02,976 - music_tracker - INFO - Fetching recent tracks from Spotify...
2026-01-03 06:58:03,327 - music_tracker - INFO - No recent songs found from Spotify
2026-01-03 06:58:03,329 - music_tracker - INFO - No new songs found from Spotify API
2026-01-03 06:58:03,330 - music_tracker - INFO - Song collection completed successfully
2026-01-03 07:58:03,223 - music_tracker - INFO - SpotiSpy song collection starting...
2026-01-03 07:58:03,224 - music_tracker - INFO - Starting song collection (last 1 hours)
2026-01-03 07:58:03,225 - music_tracker - INFO - Fetching recent tracks from Spotify...
2026-01-03 07:58:03,562 - music_tracker - INFO - No recent songs found from Spotify
2026-01-03 07:58:03,565 - music_tracker - INFO - No new songs found from Spotify API
2026-01-03 07:58:03,565 - music_tracker - INFO - Song collection completed successfully
2026-01-03 08:58:03,470 - music_tracker - INFO - SpotiSpy song collection starting...
2026-01-03 08:58:03,470 - music_tracker - INFO - Starting song collection (last 1 hours)
2026-01-03 08:58:03,471 - music_tracker - INFO - Fetching recent tracks from Spotify...
2026-01-03 08:58:03,823 - music_tracker - INFO - No recent songs found from Spotify
2026-01-03 08:58:03,825 - music_tracker - INFO - No new songs found from Spotify API
2026-01-03 08:58:03,826 - music_tracker - INFO - Song collection completed successfully
2026-01-03 09:00:12,091 - music_tracker - INFO - SpotiSpy starting...
2026-01-03 09:00:12,092 - music_tracker - INFO - Starting daily SpotiSpy analysis
2026-01-03 09:00:12,098 - music_tracker - INFO - Fetching yesterday's listening data...
2026-01-03 09:00:13,720 - music_tracker - INFO - Fetched 0 songs from database
2026-01-03 09:00:13,722 - music_tracker - WARNING - No songs found for yesterday
2026-01-03 09:00:13,723 - music_tracker - INFO - SpotiSpy completed successfully
2026-01-03 09:58:02,600 - music_tracker - INFO - SpotiSpy song collection starting...
2026-01-03 09:58:02,601 - music_tracker - INFO - Starting song collection (last 1 hours)
2026-01-03 09:58:02,601 - music_tracker - INFO - Fetching recent tracks from Spotify...
2026-01-03 09:58:02,948 - music_tracker - INFO - No recent songs found from Spotify
2026-01-03 09:58:02,950 - music_tracker - INFO - No new songs found from Spotify API
2026-01-03 09:58:02,951 - music_tracker - INFO - Song collection completed successfully
2026-01-03 10:58:03,559 - music_tracker - INFO - SpotiSpy song collection starting...
2026-01-03 10:58:03,560 - music_tracker - INFO - Starting song collection (last 1 hours)
2026-01-03 10:58:03,561 - music_tracker - INFO - Fetching recent tracks from Spotify...
2026-01-03 10:58:03,923 - music_tracker - INFO - No recent songs found from Spotify
2026-01-03 10:58:03,925 - music_tracker - INFO - No new songs found from Spotify API
2026-01-03 10:58:03,925 - music_tracker - INFO - Song collection completed successfully
2026-01-03 11:58:02,840 - music_tracker - INFO - SpotiSpy song collection starting...
2026-01-03 11:58:02,840 - music_tracker - INFO - Starting song collection (last 1 hours)
2026-01-03 11:58:02,841 - music_tracker - INFO - Fetching recent tracks from Spotify...
2026-01-03 11:58:03,213 - music_tracker - INFO - No recent songs found from Spotify
2026-01-03 11:58:03,215 - music_tracker - INFO - No new songs found from Spotify API
2026-01-03 11:58:03,216 - music_tracker - INFO - Song collection completed successfully
2026-01-03 12:58:03,118 - music_tracker - INFO - SpotiSpy song collection starting...
2026-01-03 12:58:03,118 - music_tracker - INFO - Starting song collection (last 1 hours)
2026-01-03 12:58:03,119 - music_tracker - INFO - Fetching recent tracks from Spotify...
2026-01-03 12:58:03,488 - music_tracker - INFO - No recent songs found from Spotify
2026-01-03 12:58:03,490 - music_tracker - INFO - No new songs found from Spotify API
2026-01-03 12:58:03,491 - music_tracker - INFO - Song collection completed successfully
2026-01-03 13:58:03,436 - music_tracker - INFO - SpotiSpy song collection starting...
2026-01-03 13:58:03,437 - music_tracker - INFO - Starting song collection (last 1 hours)
2026-01-03 13:58:03,437 - music_tracker - INFO - Fetching recent tracks from Spotify...
2026-01-03 13:58:03,871 - music_tracker - INFO - No recent songs found from Spotify
2026-01-03 13:58:03,873 - music_tracker - INFO - No new songs found from Spotify API
2026-01-03 13:58:03,873 - music_tracker - INFO - Song collection completed successfully
2026-01-03 14:58:02,791 - music_tracker - INFO - SpotiSpy song collection starting...
2026-01-03 14:58:02,791 - music_tracker - INFO - Starting song collection (last 1 hours)
2026-01-03 14:58:02,792 - music_tracker - INFO - Fetching recent tracks from Spotify...
2026-01-03 14:58:03,167 - music_tracker - INFO - No recent songs found from Spotify
2026-01-03 14:58:03,169 - music_tracker - INFO - No new songs found from Spotify API
2026-01-03 14:58:03,169 - music_tracker - INFO - Song collection completed successfully
2026-01-03 15:58:03,058 - music_tracker - INFO - SpotiSpy song collection starting...
2026-01-03 15:58:03,058 - music_tracker - INFO - Starting song collection (last 1 hours)
2026-01-03 15:58:03,059 - music_tracker - INFO - Fetching recent tracks from Spotify...
2026-01-03 15:58:03,484 - music_tracker - INFO - No recent songs found from Spotify
2026-01-03 15:58:03,486 - music_tracker - INFO - No new songs found from Spotify API
2026-01-03 15:58:03,486 - music_tracker - INFO - Song collection completed successfully
2026-01-03 16:58:03,373 - music_tracker - INFO - SpotiSpy song collection starting...
2026-01-03 16:58:03,374 - music_tracker - INFO - Starting song collection (last 1 hours)
2026-01-03 16:58:03,375 - music_tracker - INFO - Fetching recent tracks from Spotify...
2026-01-03 16:58:03,775 - music_tracker - INFO - No recent songs found from Spotify
2026-01-03 16:58:03,777 - music_tracker - INFO - No new songs found from Spotify API
2026-01-03 16:58:03,777 - music_tracker - INFO - Song collection completed successfully
2026-01-03 17:58:02,680 - music_tracker - INFO - SpotiSpy song collection starting...
2026-01-03 17:58:02,681 - music_tracker - INFO - Starting song collection (last 1 hours)
2026-01-03 17:58:02,682 - music_tracker - INFO - Fetching recent tracks from Spotify...
2026-01-03 17:58:03,052 - music_tracker - INFO - No recent songs found from Spotify
2026-01-03 17:58:03,054 - music_tracker - INFO - No new songs found from Spotify API
2026-01-03 17:58:03,055 - music_tracker - INFO - Song collection completed successfully
2026-01-03 18:58:02,948 - music_tracker - INFO - SpotiSpy song collection starting...
2026-01-03 18:58:02,949 - music_tracker - INFO - Starting song collection (last 1 hours)
2026-01-03 18:58:02,950 - music_tracker - INFO - Fetching recent tracks from Spotify...
2026-01-03 18:58:03,352 - music_tracker - INFO - No recent songs found from Spotify
2026-01-03 18:58:03,354 - music_tracker - INFO - No new songs found from Spotify API
2026-01-03 18:58:03,355 - music_tracker - INFO - Song collection completed successfully
2026-01-03 19:58:03,260 - music_tracker - INFO - SpotiSpy song collection starting...
2026-01-03 19:58:03,261 - music_tracker - INFO - Starting song collection (last 1 hours)
2026-01-03 19:58:03,261 - music_tracker - INFO - Fetching recent tracks from Spotify...
2026-01-03 19:58:03,664 - music_tracker - INFO - No recent songs found from Spotify
2026-01-03 19:58:03,666 - music_tracker - INFO - No new songs found from Spotify API
2026-01-03 19:58:03,667 - music_tracker - INFO - Song collection completed successfully
2026-01-03 20:58:03,561 - music_tracker - INFO - SpotiSpy song collection starting...
2026-01-03 20:58:03,562 - music_tracker - INFO - Starting song collection (last 1 hours)
2026-01-03 20:58:03,563 - music_tracker - INFO - Fetching recent tracks from Spotify...
2026-01-03 20:58:03,982 - music_tracker - INFO - No recent songs found from Spotify
2026-01-03 20:58:03,985 - music_tracker - INFO - No new songs found from Spotify API
2026-01-03 20:58:03,985 - music_tracker - INFO - Song collection completed successfully
2026-01-03 21:58:02,891 - music_tracker - INFO - SpotiSpy song collection starting...
2026-01-03 21:58:02,892 - music_tracker - INFO - Starting song collection (last 1 hours)
2026-01-03 21:58:02,893 - music_tracker - INFO - Fetching recent tracks from Spotify...
2026-01-03 21:58:03,247 - music_tracker - INFO - No recent songs found from Spotify
2026-01-03 21:58:03,249 - music_tracker - INFO - No new songs found from Spotify API
2026-01-03 21:58:03,249 - music_tracker - INFO - Song collection completed successfully
2026-01-03 22:58:03,139 - music_tracker - INFO - SpotiSpy song collection starting...
2026-01-03 22:58:03,139 - music_tracker - INFO - Starting song collection (last 1 hours)
2026-01-03 22:58:03,140 - music_tracker - INFO - Fetching recent tracks from Spotify...
2026-01-03 22:58:03,557 - music_tracker - INFO - No recent songs found from Spotify
2026-01-03 22:58:03,559 - music_tracker - INFO - No new songs found from Spotify API
2026-01-03 22:58:03,560 - music_tracker - INFO - Song collection completed successfully
2026-01-03 23:58:03,461 - music_tracker - INFO - SpotiSpy song collection starting...
2026-01-03 23:58:03,461 - music_tracker - INFO - Starting song collection (last 1 hours)
2026-01-03 23:58:03,462 - music_tracker - INFO - Fetching recent tracks from Spotify...
2026-01-03 23:58:03,866 - music_tracker - INFO - No recent songs found from Spotify
2026-01-03 23:58:03,868 - music_tracker - INFO - No new songs found from Spotify API
2026-01-03 23:58:03,869 - music_tracker - INFO - Song collection completed successfully
