2025-10-16 00:58:03,603 - music_tracker - INFO - SpotiSpy song collection starting...
2025-10-16 00:58:03,604 - music_tracker - INFO - Starting song collection (last 1 hours)
2025-10-16 00:58:03,605 - music_tracker - INFO - Fetching recent tracks from Spotify...
2025-10-16 00:58:03,954 - music_tracker - INFO - No recent songs found from Spotify
2025-10-16 00:58:03,956 - music_tracker - INFO - No new songs found from Spotify API
2025-10-16 00:58:03,956 - music_tracker - INFO - Song collection completed successfully
2025-10-16 01:58:02,862 - music_tracker - INFO - SpotiSpy song collection starting...
2025-10-16 01:58:02,863 - music_tracker - INFO - Starting song collection (last 1 hours)
2025-10-16 01:58:02,863 - music_tracker - INFO - Fetching recent tracks from Spotify...
2025-10-16 01:58:03,219 - music_tracker - INFO - No recent songs found from Spotify
2025-10-16 01:58:03,221 - music_tracker - INFO - No new songs found from Spotify API
2025-10-16 01:58:03,221 - music_tracker - INFO - Song collection completed successfully
2025-10-16 02:58:03,147 - music_tracker - INFO - SpotiSpy song collection starting...
2025-10-16 02:58:03,147 - music_tracker - INFO - Starting song collection (last 1 hours)
2025-10-16 02:58:03,148 - music_tracker - INFO - Fetching recent tracks from Spotify...
2025-10-16 02:58:03,546 - music_tracker - INFO - No recent songs found from Spotify
2025-10-16 02:58:03,548 - music_tracker - INFO - No new songs found from Spotify API
2025-10-16 02:58:03,549 - music_tracker - INFO - Song collection completed successfully
2025-10-16 03:58:03,484 - music_tracker - INFO - SpotiSpy song collection starting...
2025-10-16 03:58:03,485 - music_tracker - INFO - Starting song collection (last 1 hours)
2025-10-16 03:58:03,486 - music_tracker - INFO - Fetching recent tracks from Spotify...
2025-10-16 03:58:03,973 - music_tracker - INFO - No recent songs found from Spotify
2025-10-16 03:58:03,975 - music_tracker - INFO - No new songs found from Spotify API
2025-10-16 03:58:03,976 - music_tracker - INFO - Song collection completed successfully
2025-10-16 04:58:02,935 - music_tracker - INFO - SpotiSpy song collection starting...
2025-10-16 04:58:02,936 - music_tracker - INFO - Starting song collection (last 1 hours)
2025-10-16 04:58:02,937 - music_tracker - INFO - Fetching recent tracks from Spotify...
2025-10-16 04:58:03,285 - music_tracker - INFO - No recent songs found from Spotify
2025-10-16 04:58:03,287 - music_tracker - INFO - No new songs found from Spotify API
2025-10-16 04:58:03,288 - music_tracker - INFO - Song collection completed successfully
2025-10-16 05:58:03,177 - music_tracker - INFO - SpotiSpy song collection starting...
2025-10-16 05:58:03,178 - music_tracker - INFO - Starting song collection (last 1 hours)
2025-10-16 05:58:03,178 - music_tracker - INFO - Fetching recent tracks from Spotify...
2025-10-16 05:58:03,526 - music_tracker - INFO - No recent songs found from Spotify
2025-10-16 05:58:03,528 - music_tracker - INFO - No new songs found from Spotify API
2025-10-16 05:58:03,528 - music_tracker - INFO - Song collection completed successfully
2025-10-16 06:58:03,493 - music_tracker - INFO - SpotiSpy song collection starting...
2025-10-16 06:58:03,494 - music_tracker - INFO - Starting song collection (last 1 hours)
2025-10-16 06:58:03,495 - music_tracker - INFO - Fetching recent tracks from Spotify...
2025-10-16 06:58:03,849 - music_tracker - INFO - No recent songs found from Spotify
2025-10-16 06:58:03,851 - music_tracker - INFO - No new songs found from Spotify API
2025-10-16 06:58:03,852 - music_tracker - INFO - Song collection completed successfully
2025-10-16 07:58:02,851 - music_tracker - INFO - SpotiSpy song collection starting...
2025-10-16 07:58:02,852 - music_tracker - INFO - Starting song collection (last 1 hours)
2025-10-16 07:58:02,852 - music_tracker - INFO - Fetching recent tracks from Spotify...
2025-10-16 07:58:03,227 - music_tracker - INFO - No recent songs found from Spotify
2025-10-16 07:58:03,229 - music_tracker - INFO - No new songs found from Spotify API
2025-10-16 07:58:03,229 - music_tracker - INFO - Song collection completed successfully
2025-10-16 08:58:03,135 - music_tracker - INFO - SpotiSpy song collection starting...
2025-10-16 08:58:03,136 - music_tracker - INFO - Starting song collection (last 1 hours)
2025-10-16 08:58:03,137 - music_tracker - INFO - Fetching recent tracks from Spotify...
2025-10-16 08:58:03,567 - music_tracker - INFO - Fetched 2 songs from Spotify
2025-10-16 08:58:03,570 - music_tracker - INFO - Found 2 songs from Spotify API
2025-10-16 08:58:03,570 - music_tracker - INFO - Checking for duplicates in database...
2025-10-16 08:58:05,266 - music_tracker - INFO - Found 2 new songs out of 2 total
2025-10-16 08:58:05,269 - music_tracker - INFO - Found 2 new songs to save
2025-10-16 08:58:05,269 - music_tracker - INFO - Saving songs to database...
2025-10-16 08:58:05,573 - music_tracker - INFO - Successfully saved 2 songs to database
2025-10-16 08:58:05,575 - music_tracker - INFO - Successfully saved 2 songs to database
2025-10-16 08:58:05,575 - music_tracker - INFO - Song collection completed successfully
2025-10-16 09:00:12,982 - music_tracker - INFO - SpotiSpy starting...
2025-10-16 09:00:12,983 - music_tracker - INFO - Starting daily SpotiSpy analysis
2025-10-16 09:00:12,983 - music_tracker - INFO - Fetching yesterday's listening data...
2025-10-16 09:00:13,461 - music_tracker - INFO - Fetched 39 songs from database
2025-10-16 09:00:13,463 - music_tracker - INFO - Found 39 songs to analyze
2025-10-16 09:00:13,463 - music_tracker - INFO - Running analysis...
2025-10-16 09:00:13,467 - music_tracker - INFO - Sending daily summary to Slack...
2025-10-16 09:00:17,670 - music_tracker - INFO - Message sent successfully to Slack
2025-10-16 09:00:17,671 - music_tracker - INFO - Daily analysis completed successfully!
2025-10-16 09:00:17,672 - music_tracker - INFO - SpotiSpy completed successfully
2025-10-16 09:58:04,111 - music_tracker - INFO - SpotiSpy song collection starting...
2025-10-16 09:58:04,112 - music_tracker - INFO - Starting song collection (last 1 hours)
2025-10-16 09:58:04,113 - music_tracker - INFO - Fetching recent tracks from Spotify...
2025-10-16 09:58:04,725 - music_tracker - INFO - Fetched 9 songs from Spotify
2025-10-16 09:58:04,728 - music_tracker - INFO - Found 9 songs from Spotify API
2025-10-16 09:58:04,728 - music_tracker - INFO - Checking for duplicates in database...
2025-10-16 09:58:06,018 - music_tracker - INFO - Found 9 new songs out of 9 total
2025-10-16 09:58:06,020 - music_tracker - INFO - Found 9 new songs to save
2025-10-16 09:58:06,021 - music_tracker - INFO - Saving songs to database...
2025-10-16 09:58:06,297 - music_tracker - INFO - Successfully saved 9 songs to database
2025-10-16 09:58:06,299 - music_tracker - INFO - Successfully saved 9 songs to database
2025-10-16 09:58:06,300 - music_tracker - INFO - Song collection completed successfully
2025-10-16 10:58:03,231 - music_tracker - INFO - SpotiSpy song collection starting...
2025-10-16 10:58:03,231 - music_tracker - INFO - Starting song collection (last 1 hours)
2025-10-16 10:58:03,232 - music_tracker - INFO - Fetching recent tracks from Spotify...
2025-10-16 10:58:03,718 - music_tracker - INFO - Fetched 4 songs from Spotify
2025-10-16 10:58:03,721 - music_tracker - INFO - Found 4 songs from Spotify API
2025-10-16 10:58:03,721 - music_tracker - INFO - Checking for duplicates in database...
2025-10-16 10:58:04,983 - music_tracker - INFO - Found 4 new songs out of 4 total
2025-10-16 10:58:04,985 - music_tracker - INFO - Found 4 new songs to save
2025-10-16 10:58:04,986 - music_tracker - INFO - Saving songs to database...
2025-10-16 10:58:05,388 - music_tracker - INFO - Successfully saved 4 songs to database
2025-10-16 10:58:05,390 - music_tracker - INFO - Successfully saved 4 songs to database
2025-10-16 10:58:05,391 - music_tracker - INFO - Song collection completed successfully
2025-10-16 11:58:03,290 - music_tracker - INFO - SpotiSpy song collection starting...
2025-10-16 11:58:03,291 - music_tracker - INFO - Starting song collection (last 1 hours)
2025-10-16 11:58:03,292 - music_tracker - INFO - Fetching recent tracks from Spotify...
2025-10-16 11:58:04,203 - music_tracker - INFO - Fetched 15 songs from Spotify
2025-10-16 11:58:04,208 - music_tracker - INFO - Found 15 songs from Spotify API
2025-10-16 11:58:04,209 - music_tracker - INFO - Checking for duplicates in database...
2025-10-16 11:58:05,608 - music_tracker - INFO - Found 15 new songs out of 15 total
2025-10-16 11:58:05,611 - music_tracker - INFO - Found 15 new songs to save
2025-10-16 11:58:05,612 - music_tracker - INFO - Saving songs to database...
2025-10-16 11:58:06,010 - music_tracker - INFO - Successfully saved 15 songs to database
2025-10-16 11:58:06,012 - music_tracker - INFO - Successfully saved 15 songs to database
2025-10-16 11:58:06,013 - music_tracker - INFO - Song collection completed successfully
2025-10-16 12:58:03,615 - music_tracker - INFO - SpotiSpy song collection starting...
2025-10-16 12:58:03,615 - music_tracker - INFO - Starting song collection (last 1 hours)
2025-10-16 12:58:03,616 - music_tracker - INFO - Fetching recent tracks from Spotify...
2025-10-16 12:58:04,209 - music_tracker - INFO - Fetched 21 songs from Spotify
2025-10-16 12:58:04,212 - music_tracker - INFO - Found 21 songs from Spotify API
2025-10-16 12:58:04,213 - music_tracker - INFO - Checking for duplicates in database...
2025-10-16 12:58:05,670 - music_tracker - INFO - Found 21 new songs out of 21 total
2025-10-16 12:58:05,672 - music_tracker - INFO - Found 21 new songs to save
2025-10-16 12:58:05,673 - music_tracker - INFO - Saving songs to database...
2025-10-16 12:58:06,139 - music_tracker - INFO - Successfully saved 21 songs to database
2025-10-16 12:58:06,141 - music_tracker - INFO - Successfully saved 21 songs to database
2025-10-16 12:58:06,142 - music_tracker - INFO - Song collection completed successfully
2025-10-16 13:58:03,092 - music_tracker - INFO - SpotiSpy song collection starting...
2025-10-16 13:58:03,093 - music_tracker - INFO - Starting song collection (last 1 hours)
2025-10-16 13:58:03,094 - music_tracker - INFO - Fetching recent tracks from Spotify...
2025-10-16 13:58:03,669 - music_tracker - INFO - Fetched 8 songs from Spotify
2025-10-16 13:58:03,671 - music_tracker - INFO - Found 8 songs from Spotify API
2025-10-16 13:58:03,672 - music_tracker - INFO - Checking for duplicates in database...
2025-10-16 13:58:06,111 - music_tracker - INFO - Found 8 new songs out of 8 total
2025-10-16 13:58:06,113 - music_tracker - INFO - Found 8 new songs to save
2025-10-16 13:58:06,114 - music_tracker - INFO - Saving songs to database...
2025-10-16 13:58:06,524 - music_tracker - INFO - Successfully saved 8 songs to database
2025-10-16 13:58:06,526 - music_tracker - INFO - Successfully saved 8 songs to database
2025-10-16 13:58:06,528 - music_tracker - INFO - Song collection completed successfully
2025-10-16 14:58:03,452 - music_tracker - INFO - SpotiSpy song collection starting...
2025-10-16 14:58:03,453 - music_tracker - INFO - Starting song collection (last 1 hours)
2025-10-16 14:58:03,453 - music_tracker - INFO - Fetching recent tracks from Spotify...
2025-10-16 14:58:03,941 - music_tracker - INFO - Fetched 8 songs from Spotify
2025-10-16 14:58:03,943 - music_tracker - INFO - Found 8 songs from Spotify API
2025-10-16 14:58:03,944 - music_tracker - INFO - Checking for duplicates in database...
2025-10-16 14:58:05,306 - music_tracker - INFO - Found 8 new songs out of 8 total
2025-10-16 14:58:05,308 - music_tracker - INFO - Found 8 new songs to save
2025-10-16 14:58:05,309 - music_tracker - INFO - Saving songs to database...
2025-10-16 14:58:05,634 - music_tracker - INFO - Successfully saved 8 songs to database
2025-10-16 14:58:05,636 - music_tracker - INFO - Successfully saved 8 songs to database
2025-10-16 14:58:05,637 - music_tracker - INFO - Song collection completed successfully
2025-10-16 15:58:03,559 - music_tracker - INFO - SpotiSpy song collection starting...
2025-10-16 15:58:03,559 - music_tracker - INFO - Starting song collection (last 1 hours)
2025-10-16 15:58:03,560 - music_tracker - INFO - Fetching recent tracks from Spotify...
2025-10-16 15:58:04,176 - music_tracker - INFO - Fetched 11 songs from Spotify
2025-10-16 15:58:04,179 - music_tracker - INFO - Found 11 songs from Spotify API
2025-10-16 15:58:04,179 - music_tracker - INFO - Checking for duplicates in database...
2025-10-16 15:58:05,514 - music_tracker - INFO - Found 11 new songs out of 11 total
2025-10-16 15:58:05,516 - music_tracker - INFO - Found 11 new songs to save
2025-10-16 15:58:05,516 - music_tracker - INFO - Saving songs to database...
2025-10-16 15:58:05,850 - music_tracker - INFO - Successfully saved 11 songs to database
2025-10-16 15:58:05,852 - music_tracker - INFO - Successfully saved 11 songs to database
2025-10-16 15:58:05,853 - music_tracker - INFO - Song collection completed successfully
2025-10-16 16:58:02,768 - music_tracker - INFO - SpotiSpy song collection starting...
2025-10-16 16:58:02,769 - music_tracker - INFO - Starting song collection (last 1 hours)
2025-10-16 16:58:02,769 - music_tracker - INFO - Fetching recent tracks from Spotify...
2025-10-16 16:58:03,751 - music_tracker - INFO - Fetched 12 songs from Spotify
2025-10-16 16:58:03,755 - music_tracker - INFO - Found 12 songs from Spotify API
2025-10-16 16:58:03,756 - music_tracker - INFO - Checking for duplicates in database...
2025-10-16 16:58:05,098 - music_tracker - INFO - Found 12 new songs out of 12 total
2025-10-16 16:58:05,100 - music_tracker - INFO - Found 12 new songs to save
2025-10-16 16:58:05,101 - music_tracker - INFO - Saving songs to database...
2025-10-16 16:58:05,386 - music_tracker - INFO - Successfully saved 12 songs to database
2025-10-16 16:58:05,388 - music_tracker - INFO - Successfully saved 12 songs to database
2025-10-16 16:58:05,389 - music_tracker - INFO - Song collection completed successfully
2025-10-16 17:58:03,299 - music_tracker - INFO - SpotiSpy song collection starting...
2025-10-16 17:58:03,299 - music_tracker - INFO - Starting song collection (last 1 hours)
2025-10-16 17:58:03,300 - music_tracker - INFO - Fetching recent tracks from Spotify...
2025-10-16 17:58:03,713 - music_tracker - INFO - Fetched 1 songs from Spotify
2025-10-16 17:58:03,715 - music_tracker - INFO - Found 1 songs from Spotify API
2025-10-16 17:58:03,715 - music_tracker - INFO - Checking for duplicates in database...
2025-10-16 17:58:05,053 - music_tracker - INFO - Found 1 new songs out of 1 total
2025-10-16 17:58:05,055 - music_tracker - INFO - Found 1 new songs to save
2025-10-16 17:58:05,056 - music_tracker - INFO - Saving songs to database...
2025-10-16 17:58:05,343 - music_tracker - INFO - Successfully saved 1 songs to database
2025-10-16 17:58:05,345 - music_tracker - INFO - Successfully saved 1 songs to database
2025-10-16 17:58:05,346 - music_tracker - INFO - Song collection completed successfully
2025-10-16 18:58:03,267 - music_tracker - INFO - SpotiSpy song collection starting...
2025-10-16 18:58:03,267 - music_tracker - INFO - Starting song collection (last 1 hours)
2025-10-16 18:58:03,268 - music_tracker - INFO - Fetching recent tracks from Spotify...
2025-10-16 18:58:03,629 - music_tracker - INFO - No recent songs found from Spotify
2025-10-16 18:58:03,631 - music_tracker - INFO - No new songs found from Spotify API
2025-10-16 18:58:03,632 - music_tracker - INFO - Song collection completed successfully
2025-10-16 19:58:03,503 - music_tracker - INFO - SpotiSpy song collection starting...
2025-10-16 19:58:03,503 - music_tracker - INFO - Starting song collection (last 1 hours)
2025-10-16 19:58:03,504 - music_tracker - INFO - Fetching recent tracks from Spotify...
2025-10-16 19:58:03,973 - music_tracker - INFO - Fetched 2 songs from Spotify
2025-10-16 19:58:03,976 - music_tracker - INFO - Found 2 songs from Spotify API
2025-10-16 19:58:03,976 - music_tracker - INFO - Checking for duplicates in database...
2025-10-16 19:58:05,520 - music_tracker - INFO - Found 2 new songs out of 2 total
2025-10-16 19:58:05,522 - music_tracker - INFO - Found 2 new songs to save
2025-10-16 19:58:05,523 - music_tracker - INFO - Saving songs to database...
2025-10-16 19:58:05,903 - music_tracker - INFO - Successfully saved 2 songs to database
2025-10-16 19:58:05,905 - music_tracker - INFO - Successfully saved 2 songs to database
2025-10-16 19:58:05,905 - music_tracker - INFO - Song collection completed successfully
2025-10-16 20:58:02,801 - music_tracker - INFO - SpotiSpy song collection starting...
2025-10-16 20:58:02,802 - music_tracker - INFO - Starting song collection (last 1 hours)
2025-10-16 20:58:02,803 - music_tracker - INFO - Fetching recent tracks from Spotify...
2025-10-16 20:58:03,176 - music_tracker - INFO - No recent songs found from Spotify
2025-10-16 20:58:03,178 - music_tracker - INFO - No new songs found from Spotify API
2025-10-16 20:58:03,179 - music_tracker - INFO - Song collection completed successfully
2025-10-16 21:58:03,072 - music_tracker - INFO - SpotiSpy song collection starting...
2025-10-16 21:58:03,073 - music_tracker - INFO - Starting song collection (last 1 hours)
2025-10-16 21:58:03,074 - music_tracker - INFO - Fetching recent tracks from Spotify...
2025-10-16 21:58:03,516 - music_tracker - INFO - Fetched 2 songs from Spotify
2025-10-16 21:58:03,518 - music_tracker - INFO - Found 2 songs from Spotify API
2025-10-16 21:58:03,518 - music_tracker - INFO - Checking for duplicates in database...
2025-10-16 21:58:04,946 - music_tracker - INFO - Found 2 new songs out of 2 total
2025-10-16 21:58:04,948 - music_tracker - INFO - Found 2 new songs to save
2025-10-16 21:58:04,949 - music_tracker - INFO - Saving songs to database...
2025-10-16 21:58:05,231 - music_tracker - INFO - Successfully saved 2 songs to database
2025-10-16 21:58:05,233 - music_tracker - INFO - Successfully saved 2 songs to database
2025-10-16 21:58:05,234 - music_tracker - INFO - Song collection completed successfully
2025-10-16 22:58:03,133 - music_tracker - INFO - SpotiSpy song collection starting...
2025-10-16 22:58:03,133 - music_tracker - INFO - Starting song collection (last 1 hours)
2025-10-16 22:58:03,134 - music_tracker - INFO - Fetching recent tracks from Spotify...
2025-10-16 22:58:03,589 - music_tracker - INFO - No recent songs found from Spotify
2025-10-16 22:58:03,591 - music_tracker - INFO - No new songs found from Spotify API
2025-10-16 22:58:03,592 - music_tracker - INFO - Song collection completed successfully
2025-10-16 23:58:03,493 - music_tracker - INFO - SpotiSpy song collection starting...
2025-10-16 23:58:03,494 - music_tracker - INFO - Starting song collection (last 1 hours)
2025-10-16 23:58:03,495 - music_tracker - INFO - Fetching recent tracks from Spotify...
2025-10-16 23:58:03,879 - music_tracker - INFO - No recent songs found from Spotify
2025-10-16 23:58:03,881 - music_tracker - INFO - No new songs found from Spotify API
2025-10-16 23:58:03,882 - music_tracker - INFO - Song collection completed successfully
