2025-10-07 00:58:02,779 - music_tracker - INFO - SpotiSpy song collection starting...
2025-10-07 00:58:02,779 - music_tracker - INFO - Starting song collection (last 1 hours)
2025-10-07 00:58:02,780 - music_tracker - INFO - Fetching recent tracks from Spotify...
2025-10-07 00:58:03,195 - music_tracker - INFO - No recent songs found from Spotify
2025-10-07 00:58:03,198 - music_tracker - INFO - No new songs found from Spotify API
2025-10-07 00:58:03,198 - music_tracker - INFO - Song collection completed successfully
2025-10-07 01:58:03,602 - music_tracker - INFO - SpotiSpy song collection starting...
2025-10-07 01:58:03,603 - music_tracker - INFO - Starting song collection (last 1 hours)
2025-10-07 01:58:03,603 - music_tracker - INFO - Fetching recent tracks from Spotify...
2025-10-07 01:58:03,949 - music_tracker - INFO - No recent songs found from Spotify
2025-10-07 01:58:03,952 - music_tracker - INFO - No new songs found from Spotify API
2025-10-07 01:58:03,952 - music_tracker - INFO - Song collection completed successfully
2025-10-07 02:58:02,864 - music_tracker - INFO - SpotiSpy song collection starting...
2025-10-07 02:58:02,865 - music_tracker - INFO - Starting song collection (last 1 hours)
2025-10-07 02:58:02,865 - music_tracker - INFO - Fetching recent tracks from Spotify...
2025-10-07 02:58:03,217 - music_tracker - INFO - No recent songs found from Spotify
2025-10-07 02:58:03,219 - music_tracker - INFO - No new songs found from Spotify API
2025-10-07 02:58:03,219 - music_tracker - INFO - Song collection completed successfully
2025-10-07 03:58:03,244 - music_tracker - INFO - SpotiSpy song collection starting...
2025-10-07 03:58:03,244 - music_tracker - INFO - Starting song collection (last 1 hours)
2025-10-07 03:58:03,245 - music_tracker - INFO - Fetching recent tracks from Spotify...
2025-10-07 03:58:03,620 - music_tracker - INFO - No recent songs found from Spotify
2025-10-07 03:58:03,622 - music_tracker - INFO - No new songs found from Spotify API
2025-10-07 03:58:03,623 - music_tracker - INFO - Song collection completed successfully
2025-10-07 04:58:03,549 - music_tracker - INFO - SpotiSpy song collection starting...
2025-10-07 04:58:03,549 - music_tracker - INFO - Starting song collection (last 1 hours)
2025-10-07 04:58:03,550 - music_tracker - INFO - Fetching recent tracks from Spotify...
2025-10-07 04:58:03,891 - music_tracker - INFO - No recent songs found from Spotify
2025-10-07 04:58:03,893 - music_tracker - INFO - No new songs found from Spotify API
2025-10-07 04:58:03,894 - music_tracker - INFO - Song collection completed successfully
2025-10-07 05:58:02,830 - music_tracker - INFO - SpotiSpy song collection starting...
2025-10-07 05:58:02,831 - music_tracker - INFO - Starting song collection (last 1 hours)
2025-10-07 05:58:02,831 - music_tracker - INFO - Fetching recent tracks from Spotify...
2025-10-07 05:58:03,214 - music_tracker - INFO - No recent songs found from Spotify
2025-10-07 05:58:03,216 - music_tracker - INFO - No new songs found from Spotify API
2025-10-07 05:58:03,216 - music_tracker - INFO - Song collection completed successfully
2025-10-07 06:58:03,453 - music_tracker - INFO - SpotiSpy song collection starting...
2025-10-07 06:58:03,454 - music_tracker - INFO - Starting song collection (last 1 hours)
2025-10-07 06:58:03,455 - music_tracker - INFO - Fetching recent tracks from Spotify...
2025-10-07 06:58:03,847 - music_tracker - INFO - No recent songs found from Spotify
2025-10-07 06:58:03,849 - music_tracker - INFO - No new songs found from Spotify API
2025-10-07 06:58:03,850 - music_tracker - INFO - Song collection completed successfully
2025-10-07 07:58:03,112 - music_tracker - INFO - SpotiSpy song collection starting...
2025-10-07 07:58:03,113 - music_tracker - INFO - Starting song collection (last 1 hours)
2025-10-07 07:58:03,113 - music_tracker - INFO - Fetching recent tracks from Spotify...
2025-10-07 07:58:03,595 - music_tracker - INFO - Fetched 1 songs from Spotify
2025-10-07 07:58:03,597 - music_tracker - INFO - Found 1 songs from Spotify API
2025-10-07 07:58:03,598 - music_tracker - INFO - Checking for duplicates in database...
2025-10-07 07:58:05,214 - music_tracker - INFO - Found 1 new songs out of 1 total
2025-10-07 07:58:05,216 - music_tracker - INFO - Found 1 new songs to save
2025-10-07 07:58:05,217 - music_tracker - INFO - Saving songs to database...
2025-10-07 07:58:05,505 - music_tracker - INFO - Successfully saved 1 songs to database
2025-10-07 07:58:05,506 - music_tracker - INFO - Successfully saved 1 songs to database
2025-10-07 07:58:05,507 - music_tracker - INFO - Song collection completed successfully
2025-10-07 08:58:03,453 - music_tracker - INFO - SpotiSpy song collection starting...
2025-10-07 08:58:03,453 - music_tracker - INFO - Starting song collection (last 1 hours)
2025-10-07 08:58:03,454 - music_tracker - INFO - Fetching recent tracks from Spotify...
2025-10-07 08:58:04,151 - music_tracker - INFO - Fetched 8 songs from Spotify
2025-10-07 08:58:04,154 - music_tracker - INFO - Found 8 songs from Spotify API
2025-10-07 08:58:04,155 - music_tracker - INFO - Checking for duplicates in database...
2025-10-07 08:58:05,547 - music_tracker - INFO - Found 8 new songs out of 8 total
2025-10-07 08:58:05,549 - music_tracker - INFO - Found 8 new songs to save
2025-10-07 08:58:05,550 - music_tracker - INFO - Saving songs to database...
2025-10-07 08:58:05,836 - music_tracker - INFO - Successfully saved 8 songs to database
2025-10-07 08:58:05,838 - music_tracker - INFO - Successfully saved 8 songs to database
2025-10-07 08:58:05,839 - music_tracker - INFO - Song collection completed successfully
2025-10-07 09:00:12,298 - music_tracker - INFO - SpotiSpy starting...
2025-10-07 09:00:12,298 - music_tracker - INFO - Starting daily SpotiSpy analysis
2025-10-07 09:00:12,299 - music_tracker - INFO - Fetching yesterday's listening data...
2025-10-07 09:00:12,837 - music_tracker - INFO - Fetched 112 songs from database
2025-10-07 09:00:12,838 - music_tracker - INFO - Found 112 songs to analyze
2025-10-07 09:00:12,839 - music_tracker - INFO - Running analysis...
2025-10-07 09:00:12,847 - music_tracker - INFO - Sending daily summary to Slack...
2025-10-07 09:00:40,054 - music_tracker - INFO - Message sent successfully to Slack
2025-10-07 09:00:40,055 - music_tracker - INFO - Daily analysis completed successfully!
2025-10-07 09:00:40,056 - music_tracker - INFO - SpotiSpy completed successfully
2025-10-07 09:58:04,158 - music_tracker - INFO - SpotiSpy song collection starting...
2025-10-07 09:58:04,159 - music_tracker - INFO - Starting song collection (last 1 hours)
2025-10-07 09:58:04,160 - music_tracker - INFO - Fetching recent tracks from Spotify...
2025-10-07 09:58:04,584 - music_tracker - INFO - No recent songs found from Spotify
2025-10-07 09:58:04,586 - music_tracker - INFO - No new songs found from Spotify API
2025-10-07 09:58:04,587 - music_tracker - INFO - Song collection completed successfully
2025-10-07 10:58:03,539 - music_tracker - INFO - SpotiSpy song collection starting...
2025-10-07 10:58:03,539 - music_tracker - INFO - Starting song collection (last 1 hours)
2025-10-07 10:58:03,540 - music_tracker - INFO - Fetching recent tracks from Spotify...
2025-10-07 10:58:03,925 - music_tracker - INFO - Fetched 1 songs from Spotify
2025-10-07 10:58:03,927 - music_tracker - INFO - Found 1 songs from Spotify API
2025-10-07 10:58:03,928 - music_tracker - INFO - Checking for duplicates in database...
2025-10-07 10:58:05,377 - music_tracker - INFO - Found 1 new songs out of 1 total
2025-10-07 10:58:05,379 - music_tracker - INFO - Found 1 new songs to save
2025-10-07 10:58:05,380 - music_tracker - INFO - Saving songs to database...
2025-10-07 10:58:05,663 - music_tracker - INFO - Successfully saved 1 songs to database
2025-10-07 10:58:05,665 - music_tracker - INFO - Successfully saved 1 songs to database
2025-10-07 10:58:05,666 - music_tracker - INFO - Song collection completed successfully
2025-10-07 11:58:03,575 - music_tracker - INFO - SpotiSpy song collection starting...
2025-10-07 11:58:03,576 - music_tracker - INFO - Starting song collection (last 1 hours)
2025-10-07 11:58:03,577 - music_tracker - INFO - Fetching recent tracks from Spotify...
2025-10-07 11:58:04,127 - music_tracker - INFO - Fetched 17 songs from Spotify
2025-10-07 11:58:04,130 - music_tracker - INFO - Found 17 songs from Spotify API
2025-10-07 11:58:04,131 - music_tracker - INFO - Checking for duplicates in database...
2025-10-07 11:58:05,518 - music_tracker - INFO - Found 17 new songs out of 17 total
2025-10-07 11:58:05,520 - music_tracker - INFO - Found 17 new songs to save
2025-10-07 11:58:05,521 - music_tracker - INFO - Saving songs to database...
2025-10-07 11:58:05,897 - music_tracker - INFO - Successfully saved 17 songs to database
2025-10-07 11:58:05,899 - music_tracker - INFO - Successfully saved 17 songs to database
2025-10-07 11:58:05,900 - music_tracker - INFO - Song collection completed successfully
2025-10-07 12:58:02,826 - music_tracker - INFO - SpotiSpy song collection starting...
2025-10-07 12:58:02,826 - music_tracker - INFO - Starting song collection (last 1 hours)
2025-10-07 12:58:02,827 - music_tracker - INFO - Fetching recent tracks from Spotify...
2025-10-07 12:58:03,225 - music_tracker - INFO - No recent songs found from Spotify
2025-10-07 12:58:03,228 - music_tracker - INFO - No new songs found from Spotify API
2025-10-07 12:58:03,228 - music_tracker - INFO - Song collection completed successfully
2025-10-07 13:58:03,118 - music_tracker - INFO - SpotiSpy song collection starting...
2025-10-07 13:58:03,118 - music_tracker - INFO - Starting song collection (last 1 hours)
2025-10-07 13:58:03,119 - music_tracker - INFO - Fetching recent tracks from Spotify...
2025-10-07 13:58:03,737 - music_tracker - INFO - Fetched 4 songs from Spotify
2025-10-07 13:58:03,739 - music_tracker - INFO - Found 4 songs from Spotify API
2025-10-07 13:58:03,740 - music_tracker - INFO - Checking for duplicates in database...
2025-10-07 13:58:05,234 - music_tracker - INFO - Found 4 new songs out of 4 total
2025-10-07 13:58:05,237 - music_tracker - INFO - Found 4 new songs to save
2025-10-07 13:58:05,237 - music_tracker - INFO - Saving songs to database...
2025-10-07 13:58:05,564 - music_tracker - INFO - Successfully saved 4 songs to database
2025-10-07 13:58:05,566 - music_tracker - INFO - Successfully saved 4 songs to database
2025-10-07 13:58:05,566 - music_tracker - INFO - Song collection completed successfully
2025-10-07 14:58:03,476 - music_tracker - INFO - SpotiSpy song collection starting...
2025-10-07 14:58:03,477 - music_tracker - INFO - Starting song collection (last 1 hours)
2025-10-07 14:58:03,477 - music_tracker - INFO - Fetching recent tracks from Spotify...
2025-10-07 14:58:03,862 - music_tracker - INFO - No recent songs found from Spotify
2025-10-07 14:58:03,864 - music_tracker - INFO - No new songs found from Spotify API
2025-10-07 14:58:03,865 - music_tracker - INFO - Song collection completed successfully
2025-10-07 15:58:02,744 - music_tracker - INFO - SpotiSpy song collection starting...
2025-10-07 15:58:02,745 - music_tracker - INFO - Starting song collection (last 1 hours)
2025-10-07 15:58:02,745 - music_tracker - INFO - Fetching recent tracks from Spotify...
2025-10-07 15:58:03,122 - music_tracker - INFO - No recent songs found from Spotify
2025-10-07 15:58:03,124 - music_tracker - INFO - No new songs found from Spotify API
2025-10-07 15:58:03,125 - music_tracker - INFO - Song collection completed successfully
2025-10-07 16:58:03,018 - music_tracker - INFO - SpotiSpy song collection starting...
2025-10-07 16:58:03,019 - music_tracker - INFO - Starting song collection (last 1 hours)
2025-10-07 16:58:03,020 - music_tracker - INFO - Fetching recent tracks from Spotify...
2025-10-07 16:58:03,612 - music_tracker - INFO - Fetched 6 songs from Spotify
2025-10-07 16:58:03,615 - music_tracker - INFO - Found 6 songs from Spotify API
2025-10-07 16:58:03,615 - music_tracker - INFO - Checking for duplicates in database...
2025-10-07 16:58:04,794 - music_tracker - INFO - Found 6 new songs out of 6 total
2025-10-07 16:58:04,796 - music_tracker - INFO - Found 6 new songs to save
2025-10-07 16:58:04,797 - music_tracker - INFO - Saving songs to database...
2025-10-07 16:58:05,074 - music_tracker - INFO - Successfully saved 6 songs to database
2025-10-07 16:58:05,076 - music_tracker - INFO - Successfully saved 6 songs to database
2025-10-07 16:58:05,077 - music_tracker - INFO - Song collection completed successfully
2025-10-07 17:58:02,976 - music_tracker - INFO - SpotiSpy song collection starting...
2025-10-07 17:58:02,977 - music_tracker - INFO - Starting song collection (last 1 hours)
2025-10-07 17:58:02,978 - music_tracker - INFO - Fetching recent tracks from Spotify...
2025-10-07 17:58:03,510 - music_tracker - INFO - Fetched 16 songs from Spotify
2025-10-07 17:58:03,513 - music_tracker - INFO - Found 16 songs from Spotify API
2025-10-07 17:58:03,514 - music_tracker - INFO - Checking for duplicates in database...
2025-10-07 17:58:04,792 - music_tracker - INFO - Found 16 new songs out of 16 total
2025-10-07 17:58:04,794 - music_tracker - INFO - Found 16 new songs to save
2025-10-07 17:58:04,795 - music_tracker - INFO - Saving songs to database...
2025-10-07 17:58:05,202 - music_tracker - INFO - Successfully saved 16 songs to database
2025-10-07 17:58:05,204 - music_tracker - INFO - Successfully saved 16 songs to database
2025-10-07 17:58:05,205 - music_tracker - INFO - Song collection completed successfully
2025-10-07 18:58:03,126 - music_tracker - INFO - SpotiSpy song collection starting...
2025-10-07 18:58:03,126 - music_tracker - INFO - Starting song collection (last 1 hours)
2025-10-07 18:58:03,127 - music_tracker - INFO - Fetching recent tracks from Spotify...
2025-10-07 18:58:03,592 - music_tracker - INFO - Fetched 6 songs from Spotify
2025-10-07 18:58:03,594 - music_tracker - INFO - Found 6 songs from Spotify API
2025-10-07 18:58:03,595 - music_tracker - INFO - Checking for duplicates in database...
2025-10-07 18:58:04,845 - music_tracker - INFO - Found 6 new songs out of 6 total
2025-10-07 18:58:04,847 - music_tracker - INFO - Found 6 new songs to save
2025-10-07 18:58:04,848 - music_tracker - INFO - Saving songs to database...
2025-10-07 18:58:05,145 - music_tracker - INFO - Successfully saved 6 songs to database
2025-10-07 18:58:05,147 - music_tracker - INFO - Successfully saved 6 songs to database
2025-10-07 18:58:05,148 - music_tracker - INFO - Song collection completed successfully
2025-10-07 19:58:03,078 - music_tracker - INFO - SpotiSpy song collection starting...
2025-10-07 19:58:03,078 - music_tracker - INFO - Starting song collection (last 1 hours)
2025-10-07 19:58:03,079 - music_tracker - INFO - Fetching recent tracks from Spotify...
2025-10-07 19:58:03,622 - music_tracker - INFO - Fetched 3 songs from Spotify
2025-10-07 19:58:03,625 - music_tracker - INFO - Found 3 songs from Spotify API
2025-10-07 19:58:03,625 - music_tracker - INFO - Checking for duplicates in database...
2025-10-07 19:58:05,080 - music_tracker - INFO - Found 3 new songs out of 3 total
2025-10-07 19:58:05,082 - music_tracker - INFO - Found 3 new songs to save
2025-10-07 19:58:05,083 - music_tracker - INFO - Saving songs to database...
2025-10-07 19:58:05,357 - music_tracker - INFO - Successfully saved 3 songs to database
2025-10-07 19:58:05,359 - music_tracker - INFO - Successfully saved 3 songs to database
2025-10-07 19:58:05,360 - music_tracker - INFO - Song collection completed successfully
2025-10-07 20:58:03,539 - music_tracker - INFO - SpotiSpy song collection starting...
2025-10-07 20:58:03,540 - music_tracker - INFO - Starting song collection (last 1 hours)
2025-10-07 20:58:03,541 - music_tracker - INFO - Fetching recent tracks from Spotify...
2025-10-07 20:58:05,466 - music_tracker - INFO - Fetched 13 songs from Spotify
2025-10-07 20:58:05,471 - music_tracker - INFO - Found 13 songs from Spotify API
2025-10-07 20:58:05,472 - music_tracker - INFO - Checking for duplicates in database...
2025-10-07 20:58:06,780 - music_tracker - INFO - Found 13 new songs out of 13 total
2025-10-07 20:58:06,782 - music_tracker - INFO - Found 13 new songs to save
2025-10-07 20:58:06,784 - music_tracker - INFO - Saving songs to database...
2025-10-07 20:58:07,915 - music_tracker - INFO - Successfully saved 13 songs to database
2025-10-07 20:58:07,917 - music_tracker - INFO - Successfully saved 13 songs to database
2025-10-07 20:58:07,918 - music_tracker - INFO - Song collection completed successfully
2025-10-07 21:58:03,363 - music_tracker - INFO - SpotiSpy song collection starting...
2025-10-07 21:58:03,363 - music_tracker - INFO - Starting song collection (last 1 hours)
2025-10-07 21:58:03,364 - music_tracker - INFO - Fetching recent tracks from Spotify...
2025-10-07 21:58:09,107 - music_tracker - INFO - Fetched 9 songs from Spotify
2025-10-07 21:58:09,111 - music_tracker - INFO - Found 9 songs from Spotify API
2025-10-07 21:58:09,112 - music_tracker - INFO - Checking for duplicates in database...
2025-10-07 21:58:10,474 - music_tracker - INFO - Found 9 new songs out of 9 total
2025-10-07 21:58:10,476 - music_tracker - INFO - Found 9 new songs to save
2025-10-07 21:58:10,477 - music_tracker - INFO - Saving songs to database...
2025-10-07 21:58:10,793 - music_tracker - INFO - Successfully saved 9 songs to database
2025-10-07 21:58:10,795 - music_tracker - INFO - Successfully saved 9 songs to database
2025-10-07 21:58:10,796 - music_tracker - INFO - Song collection completed successfully
2025-10-07 22:58:02,697 - music_tracker - INFO - SpotiSpy song collection starting...
2025-10-07 22:58:02,697 - music_tracker - INFO - Starting song collection (last 1 hours)
2025-10-07 22:58:02,698 - music_tracker - INFO - Fetching recent tracks from Spotify...
2025-10-07 22:58:03,271 - music_tracker - INFO - Fetched 12 songs from Spotify
2025-10-07 22:58:03,274 - music_tracker - INFO - Found 12 songs from Spotify API
2025-10-07 22:58:03,274 - music_tracker - INFO - Checking for duplicates in database...
2025-10-07 22:58:04,634 - music_tracker - INFO - Found 12 new songs out of 12 total
2025-10-07 22:58:04,636 - music_tracker - INFO - Found 12 new songs to save
2025-10-07 22:58:04,637 - music_tracker - INFO - Saving songs to database...
2025-10-07 22:58:05,055 - music_tracker - INFO - Successfully saved 12 songs to database
2025-10-07 22:58:05,058 - music_tracker - INFO - Successfully saved 12 songs to database
2025-10-07 22:58:05,058 - music_tracker - INFO - Song collection completed successfully
2025-10-07 23:58:03,047 - music_tracker - INFO - SpotiSpy song collection starting...
2025-10-07 23:58:03,047 - music_tracker - INFO - Starting song collection (last 1 hours)
2025-10-07 23:58:03,048 - music_tracker - INFO - Fetching recent tracks from Spotify...
2025-10-07 23:58:03,395 - music_tracker - INFO - No recent songs found from Spotify
2025-10-07 23:58:03,397 - music_tracker - INFO - No new songs found from Spotify API
2025-10-07 23:58:03,398 - music_tracker - INFO - Song collection completed successfully
