2025-11-17 00:58:03,052 - music_tracker - INFO - SpotiSpy song collection starting...
2025-11-17 00:58:03,053 - music_tracker - INFO - Starting song collection (last 1 hours)
2025-11-17 00:58:03,053 - music_tracker - INFO - Fetching recent tracks from Spotify...
2025-11-17 00:58:03,485 - music_tracker - INFO - No recent songs found from Spotify
2025-11-17 00:58:03,487 - music_tracker - INFO - No new songs found from Spotify API
2025-11-17 00:58:03,487 - music_tracker - INFO - Song collection completed successfully
2025-11-17 01:58:03,563 - music_tracker - INFO - SpotiSpy song collection starting...
2025-11-17 01:58:03,563 - music_tracker - INFO - Starting song collection (last 1 hours)
2025-11-17 01:58:03,564 - music_tracker - INFO - Fetching recent tracks from Spotify...
2025-11-17 01:58:09,156 - music_tracker - INFO - No recent songs found from Spotify
2025-11-17 01:58:09,159 - music_tracker - INFO - No new songs found from Spotify API
2025-11-17 01:58:09,159 - music_tracker - INFO - Song collection completed successfully
2025-11-17 02:58:03,075 - music_tracker - INFO - SpotiSpy song collection starting...
2025-11-17 02:58:03,076 - music_tracker - INFO - Starting song collection (last 1 hours)
2025-11-17 02:58:03,077 - music_tracker - INFO - Fetching recent tracks from Spotify...
2025-11-17 02:58:03,490 - music_tracker - INFO - No recent songs found from Spotify
2025-11-17 02:58:03,492 - music_tracker - INFO - No new songs found from Spotify API
2025-11-17 02:58:03,493 - music_tracker - INFO - Song collection completed successfully
2025-11-17 03:58:03,409 - music_tracker - INFO - SpotiSpy song collection starting...
2025-11-17 03:58:03,409 - music_tracker - INFO - Starting song collection (last 1 hours)
2025-11-17 03:58:03,410 - music_tracker - INFO - Fetching recent tracks from Spotify...
2025-11-17 03:58:03,803 - music_tracker - INFO - No recent songs found from Spotify
2025-11-17 03:58:03,805 - music_tracker - INFO - No new songs found from Spotify API
2025-11-17 03:58:03,805 - music_tracker - INFO - Song collection completed successfully
2025-11-17 04:58:02,695 - music_tracker - INFO - SpotiSpy song collection starting...
2025-11-17 04:58:02,695 - music_tracker - INFO - Starting song collection (last 1 hours)
2025-11-17 04:58:02,696 - music_tracker - INFO - Fetching recent tracks from Spotify...
2025-11-17 04:58:03,067 - music_tracker - INFO - No recent songs found from Spotify
2025-11-17 04:58:03,069 - music_tracker - INFO - No new songs found from Spotify API
2025-11-17 04:58:03,069 - music_tracker - INFO - Song collection completed successfully
2025-11-17 05:58:02,950 - music_tracker - INFO - SpotiSpy song collection starting...
2025-11-17 05:58:02,951 - music_tracker - INFO - Starting song collection (last 1 hours)
2025-11-17 05:58:02,952 - music_tracker - INFO - Fetching recent tracks from Spotify...
2025-11-17 05:58:03,322 - music_tracker - INFO - No recent songs found from Spotify
2025-11-17 05:58:03,324 - music_tracker - INFO - No new songs found from Spotify API
2025-11-17 05:58:03,324 - music_tracker - INFO - Song collection completed successfully
2025-11-17 06:58:03,271 - music_tracker - INFO - SpotiSpy song collection starting...
2025-11-17 06:58:03,272 - music_tracker - INFO - Starting song collection (last 1 hours)
2025-11-17 06:58:03,273 - music_tracker - INFO - Fetching recent tracks from Spotify...
2025-11-17 06:58:03,657 - music_tracker - INFO - No recent songs found from Spotify
2025-11-17 06:58:03,659 - music_tracker - INFO - No new songs found from Spotify API
2025-11-17 06:58:03,659 - music_tracker - INFO - Song collection completed successfully
2025-11-17 07:58:03,573 - music_tracker - INFO - SpotiSpy song collection starting...
2025-11-17 07:58:03,573 - music_tracker - INFO - Starting song collection (last 1 hours)
2025-11-17 07:58:03,574 - music_tracker - INFO - Fetching recent tracks from Spotify...
2025-11-17 07:58:03,938 - music_tracker - INFO - No recent songs found from Spotify
2025-11-17 07:58:03,941 - music_tracker - INFO - No new songs found from Spotify API
2025-11-17 07:58:03,941 - music_tracker - INFO - Song collection completed successfully
2025-11-17 08:58:04,096 - music_tracker - INFO - SpotiSpy song collection starting...
2025-11-17 08:58:04,098 - music_tracker - INFO - Starting song collection (last 1 hours)
2025-11-17 08:58:04,098 - music_tracker - INFO - Fetching recent tracks from Spotify...
2025-11-17 08:58:04,520 - music_tracker - INFO - No recent songs found from Spotify
2025-11-17 08:58:04,522 - music_tracker - INFO - No new songs found from Spotify API
2025-11-17 08:58:04,522 - music_tracker - INFO - Song collection completed successfully
2025-11-17 09:00:13,152 - music_tracker - INFO - SpotiSpy starting...
2025-11-17 09:00:13,153 - music_tracker - INFO - Starting daily SpotiSpy analysis
2025-11-17 09:00:13,153 - music_tracker - INFO - Fetching yesterday's listening data...
2025-11-17 09:00:14,987 - music_tracker - INFO - Fetched 15 songs from database
2025-11-17 09:00:14,990 - music_tracker - INFO - Found 15 songs to analyze
2025-11-17 09:00:14,991 - music_tracker - INFO - Running analysis...
2025-11-17 09:00:14,994 - music_tracker - INFO - Sending daily summary to Slack...
2025-11-17 09:00:19,585 - music_tracker - INFO - Message sent successfully to Slack
2025-11-17 09:00:19,586 - music_tracker - INFO - Daily analysis completed successfully!
2025-11-17 09:00:19,587 - music_tracker - INFO - SpotiSpy completed successfully
2025-11-17 09:58:03,473 - music_tracker - INFO - SpotiSpy song collection starting...
2025-11-17 09:58:03,474 - music_tracker - INFO - Starting song collection (last 1 hours)
2025-11-17 09:58:03,474 - music_tracker - INFO - Fetching recent tracks from Spotify...
2025-11-17 09:58:03,837 - music_tracker - INFO - No recent songs found from Spotify
2025-11-17 09:58:03,839 - music_tracker - INFO - No new songs found from Spotify API
2025-11-17 09:58:03,840 - music_tracker - INFO - Song collection completed successfully
2025-11-17 10:58:02,730 - music_tracker - INFO - SpotiSpy song collection starting...
2025-11-17 10:58:02,730 - music_tracker - INFO - Starting song collection (last 1 hours)
2025-11-17 10:58:02,731 - music_tracker - INFO - Fetching recent tracks from Spotify...
2025-11-17 10:58:03,171 - music_tracker - INFO - Fetched 4 songs from Spotify
2025-11-17 10:58:03,174 - music_tracker - INFO - Found 4 songs from Spotify API
2025-11-17 10:58:03,174 - music_tracker - INFO - Checking for duplicates in database...
2025-11-17 10:58:04,667 - music_tracker - INFO - Found 4 new songs out of 4 total
2025-11-17 10:58:04,669 - music_tracker - INFO - Found 4 new songs to save
2025-11-17 10:58:04,670 - music_tracker - INFO - Saving songs to database...
2025-11-17 10:58:05,012 - music_tracker - INFO - Successfully saved 4 songs to database
2025-11-17 10:58:05,014 - music_tracker - INFO - Successfully saved 4 songs to database
2025-11-17 10:58:05,015 - music_tracker - INFO - Song collection completed successfully
2025-11-17 11:58:02,923 - music_tracker - INFO - SpotiSpy song collection starting...
2025-11-17 11:58:02,924 - music_tracker - INFO - Starting song collection (last 1 hours)
2025-11-17 11:58:02,924 - music_tracker - INFO - Fetching recent tracks from Spotify...
2025-11-17 11:58:03,404 - music_tracker - INFO - Fetched 13 songs from Spotify
2025-11-17 11:58:03,406 - music_tracker - INFO - Found 13 songs from Spotify API
2025-11-17 11:58:03,407 - music_tracker - INFO - Checking for duplicates in database...
2025-11-17 11:58:04,884 - music_tracker - INFO - Found 13 new songs out of 13 total
2025-11-17 11:58:04,886 - music_tracker - INFO - Found 13 new songs to save
2025-11-17 11:58:04,887 - music_tracker - INFO - Saving songs to database...
2025-11-17 11:58:05,216 - music_tracker - INFO - Successfully saved 13 songs to database
2025-11-17 11:58:05,217 - music_tracker - INFO - Successfully saved 13 songs to database
2025-11-17 11:58:05,218 - music_tracker - INFO - Song collection completed successfully
2025-11-17 12:58:03,110 - music_tracker - INFO - SpotiSpy song collection starting...
2025-11-17 12:58:03,111 - music_tracker - INFO - Starting song collection (last 1 hours)
2025-11-17 12:58:03,111 - music_tracker - INFO - Fetching recent tracks from Spotify...
2025-11-17 12:58:03,543 - music_tracker - INFO - Fetched 4 songs from Spotify
2025-11-17 12:58:03,545 - music_tracker - INFO - Found 4 songs from Spotify API
2025-11-17 12:58:03,546 - music_tracker - INFO - Checking for duplicates in database...
2025-11-17 12:58:04,965 - music_tracker - INFO - Found 4 new songs out of 4 total
2025-11-17 12:58:04,967 - music_tracker - INFO - Found 4 new songs to save
2025-11-17 12:58:04,968 - music_tracker - INFO - Saving songs to database...
2025-11-17 12:58:05,306 - music_tracker - INFO - Successfully saved 4 songs to database
2025-11-17 12:58:05,308 - music_tracker - INFO - Successfully saved 4 songs to database
2025-11-17 12:58:05,309 - music_tracker - INFO - Song collection completed successfully
2025-11-17 13:58:03,232 - music_tracker - INFO - SpotiSpy song collection starting...
2025-11-17 13:58:03,233 - music_tracker - INFO - Starting song collection (last 1 hours)
2025-11-17 13:58:03,234 - music_tracker - INFO - Fetching recent tracks from Spotify...
2025-11-17 13:58:04,034 - music_tracker - INFO - Fetched 10 songs from Spotify
2025-11-17 13:58:04,038 - music_tracker - INFO - Found 10 songs from Spotify API
2025-11-17 13:58:04,039 - music_tracker - INFO - Checking for duplicates in database...
2025-11-17 13:58:05,596 - music_tracker - INFO - Found 10 new songs out of 10 total
2025-11-17 13:58:05,598 - music_tracker - INFO - Found 10 new songs to save
2025-11-17 13:58:05,599 - music_tracker - INFO - Saving songs to database...
2025-11-17 13:58:06,088 - music_tracker - INFO - Successfully saved 10 songs to database
2025-11-17 13:58:06,090 - music_tracker - INFO - Successfully saved 10 songs to database
2025-11-17 13:58:06,091 - music_tracker - INFO - Song collection completed successfully
2025-11-17 14:58:02,999 - music_tracker - INFO - SpotiSpy song collection starting...
2025-11-17 14:58:03,000 - music_tracker - INFO - Starting song collection (last 1 hours)
2025-11-17 14:58:03,000 - music_tracker - INFO - Fetching recent tracks from Spotify...
2025-11-17 14:58:03,484 - music_tracker - INFO - Fetched 7 songs from Spotify
2025-11-17 14:58:03,487 - music_tracker - INFO - Found 7 songs from Spotify API
2025-11-17 14:58:03,487 - music_tracker - INFO - Checking for duplicates in database...
2025-11-17 14:58:05,030 - music_tracker - INFO - Found 7 new songs out of 7 total
2025-11-17 14:58:05,032 - music_tracker - INFO - Found 7 new songs to save
2025-11-17 14:58:05,033 - music_tracker - INFO - Saving songs to database...
2025-11-17 14:58:05,434 - music_tracker - INFO - Successfully saved 7 songs to database
2025-11-17 14:58:05,436 - music_tracker - INFO - Successfully saved 7 songs to database
2025-11-17 14:58:05,436 - music_tracker - INFO - Song collection completed successfully
2025-11-17 15:58:03,363 - music_tracker - INFO - SpotiSpy song collection starting...
2025-11-17 15:58:03,364 - music_tracker - INFO - Starting song collection (last 1 hours)
2025-11-17 15:58:03,365 - music_tracker - INFO - Fetching recent tracks from Spotify...
2025-11-17 15:58:03,823 - music_tracker - INFO - Fetched 16 songs from Spotify
2025-11-17 15:58:03,827 - music_tracker - INFO - Found 16 songs from Spotify API
2025-11-17 15:58:03,827 - music_tracker - INFO - Checking for duplicates in database...
2025-11-17 15:58:05,411 - music_tracker - INFO - Found 16 new songs out of 16 total
2025-11-17 15:58:05,413 - music_tracker - INFO - Found 16 new songs to save
2025-11-17 15:58:05,414 - music_tracker - INFO - Saving songs to database...
2025-11-17 15:58:05,751 - music_tracker - INFO - Successfully saved 16 songs to database
2025-11-17 15:58:05,753 - music_tracker - INFO - Successfully saved 16 songs to database
2025-11-17 15:58:05,754 - music_tracker - INFO - Song collection completed successfully
2025-11-17 16:58:02,707 - music_tracker - INFO - SpotiSpy song collection starting...
2025-11-17 16:58:02,708 - music_tracker - INFO - Starting song collection (last 1 hours)
2025-11-17 16:58:02,709 - music_tracker - INFO - Fetching recent tracks from Spotify...
2025-11-17 16:58:08,338 - music_tracker - INFO - Fetched 8 songs from Spotify
2025-11-17 16:58:08,341 - music_tracker - INFO - Found 8 songs from Spotify API
2025-11-17 16:58:08,342 - music_tracker - INFO - Checking for duplicates in database...
2025-11-17 16:58:09,875 - music_tracker - INFO - Found 8 new songs out of 8 total
2025-11-17 16:58:09,877 - music_tracker - INFO - Found 8 new songs to save
2025-11-17 16:58:09,878 - music_tracker - INFO - Saving songs to database...
2025-11-17 16:58:10,168 - music_tracker - INFO - Successfully saved 8 songs to database
2025-11-17 16:58:10,170 - music_tracker - INFO - Successfully saved 8 songs to database
2025-11-17 16:58:10,171 - music_tracker - INFO - Song collection completed successfully
2025-11-17 17:58:03,089 - music_tracker - INFO - SpotiSpy song collection starting...
2025-11-17 17:58:03,089 - music_tracker - INFO - Starting song collection (last 1 hours)
2025-11-17 17:58:03,090 - music_tracker - INFO - Fetching recent tracks from Spotify...
2025-11-17 17:58:03,650 - music_tracker - INFO - Fetched 14 songs from Spotify
2025-11-17 17:58:03,653 - music_tracker - INFO - Found 14 songs from Spotify API
2025-11-17 17:58:03,653 - music_tracker - INFO - Checking for duplicates in database...
2025-11-17 17:58:05,041 - music_tracker - INFO - Found 14 new songs out of 14 total
2025-11-17 17:58:05,043 - music_tracker - INFO - Found 14 new songs to save
2025-11-17 17:58:05,044 - music_tracker - INFO - Saving songs to database...
2025-11-17 17:58:05,329 - music_tracker - INFO - Successfully saved 14 songs to database
2025-11-17 17:58:05,331 - music_tracker - INFO - Successfully saved 14 songs to database
2025-11-17 17:58:05,332 - music_tracker - INFO - Song collection completed successfully
2025-11-17 18:58:03,259 - music_tracker - INFO - SpotiSpy song collection starting...
2025-11-17 18:58:03,259 - music_tracker - INFO - Starting song collection (last 1 hours)
2025-11-17 18:58:03,260 - music_tracker - INFO - Fetching recent tracks from Spotify...
2025-11-17 18:58:03,714 - music_tracker - INFO - Fetched 10 songs from Spotify
2025-11-17 18:58:03,717 - music_tracker - INFO - Found 10 songs from Spotify API
2025-11-17 18:58:03,717 - music_tracker - INFO - Checking for duplicates in database...
2025-11-17 18:58:05,238 - music_tracker - INFO - Found 10 new songs out of 10 total
2025-11-17 18:58:05,240 - music_tracker - INFO - Found 10 new songs to save
2025-11-17 18:58:05,241 - music_tracker - INFO - Saving songs to database...
2025-11-17 18:58:05,537 - music_tracker - INFO - Successfully saved 10 songs to database
2025-11-17 18:58:05,539 - music_tracker - INFO - Successfully saved 10 songs to database
2025-11-17 18:58:05,540 - music_tracker - INFO - Song collection completed successfully
2025-11-17 19:58:03,459 - music_tracker - INFO - SpotiSpy song collection starting...
2025-11-17 19:58:03,459 - music_tracker - INFO - Starting song collection (last 1 hours)
2025-11-17 19:58:03,460 - music_tracker - INFO - Fetching recent tracks from Spotify...
2025-11-17 19:58:03,874 - music_tracker - INFO - Fetched 3 songs from Spotify
2025-11-17 19:58:03,877 - music_tracker - INFO - Found 3 songs from Spotify API
2025-11-17 19:58:03,877 - music_tracker - INFO - Checking for duplicates in database...
2025-11-17 19:58:05,289 - music_tracker - INFO - Found 3 new songs out of 3 total
2025-11-17 19:58:05,291 - music_tracker - INFO - Found 3 new songs to save
2025-11-17 19:58:05,292 - music_tracker - INFO - Saving songs to database...
2025-11-17 19:58:05,737 - music_tracker - INFO - Successfully saved 3 songs to database
2025-11-17 19:58:05,739 - music_tracker - INFO - Successfully saved 3 songs to database
2025-11-17 19:58:05,740 - music_tracker - INFO - Song collection completed successfully
2025-11-17 20:58:02,668 - music_tracker - INFO - SpotiSpy song collection starting...
2025-11-17 20:58:02,668 - music_tracker - INFO - Starting song collection (last 1 hours)
2025-11-17 20:58:02,669 - music_tracker - INFO - Fetching recent tracks from Spotify...
2025-11-17 20:58:03,154 - music_tracker - INFO - Fetched 4 songs from Spotify
2025-11-17 20:58:03,157 - music_tracker - INFO - Found 4 songs from Spotify API
2025-11-17 20:58:03,157 - music_tracker - INFO - Checking for duplicates in database...
2025-11-17 20:58:04,614 - music_tracker - INFO - Found 4 new songs out of 4 total
2025-11-17 20:58:04,616 - music_tracker - INFO - Found 4 new songs to save
2025-11-17 20:58:04,617 - music_tracker - INFO - Saving songs to database...
2025-11-17 20:58:04,974 - music_tracker - INFO - Successfully saved 4 songs to database
2025-11-17 20:58:04,976 - music_tracker - INFO - Successfully saved 4 songs to database
2025-11-17 20:58:04,977 - music_tracker - INFO - Song collection completed successfully
2025-11-17 21:58:02,910 - music_tracker - INFO - SpotiSpy song collection starting...
2025-11-17 21:58:02,910 - music_tracker - INFO - Starting song collection (last 1 hours)
2025-11-17 21:58:02,911 - music_tracker - INFO - Fetching recent tracks from Spotify...
2025-11-17 21:58:03,706 - music_tracker - INFO - Fetched 9 songs from Spotify
2025-11-17 21:58:03,710 - music_tracker - INFO - Found 9 songs from Spotify API
2025-11-17 21:58:03,711 - music_tracker - INFO - Checking for duplicates in database...
2025-11-17 21:58:05,176 - music_tracker - INFO - Found 9 new songs out of 9 total
2025-11-17 21:58:05,178 - music_tracker - INFO - Found 9 new songs to save
2025-11-17 21:58:05,179 - music_tracker - INFO - Saving songs to database...
2025-11-17 21:58:05,565 - music_tracker - INFO - Successfully saved 9 songs to database
2025-11-17 21:58:05,567 - music_tracker - INFO - Successfully saved 9 songs to database
2025-11-17 21:58:05,568 - music_tracker - INFO - Song collection completed successfully
2025-11-17 22:58:03,472 - music_tracker - INFO - SpotiSpy song collection starting...
2025-11-17 22:58:03,473 - music_tracker - INFO - Starting song collection (last 1 hours)
2025-11-17 22:58:03,473 - music_tracker - INFO - Fetching recent tracks from Spotify...
2025-11-17 22:58:04,073 - music_tracker - INFO - Fetched 13 songs from Spotify
2025-11-17 22:58:04,076 - music_tracker - INFO - Found 13 songs from Spotify API
2025-11-17 22:58:04,076 - music_tracker - INFO - Checking for duplicates in database...
2025-11-17 22:58:05,580 - music_tracker - INFO - Found 13 new songs out of 13 total
2025-11-17 22:58:05,582 - music_tracker - INFO - Found 13 new songs to save
2025-11-17 22:58:05,583 - music_tracker - INFO - Saving songs to database...
2025-11-17 22:58:05,888 - music_tracker - INFO - Successfully saved 13 songs to database
2025-11-17 22:58:05,890 - music_tracker - INFO - Successfully saved 13 songs to database
2025-11-17 22:58:05,891 - music_tracker - INFO - Song collection completed successfully
2025-11-17 23:58:03,332 - music_tracker - INFO - SpotiSpy song collection starting...
2025-11-17 23:58:03,332 - music_tracker - INFO - Starting song collection (last 1 hours)
2025-11-17 23:58:03,333 - music_tracker - INFO - Fetching recent tracks from Spotify...
2025-11-17 23:58:03,671 - music_tracker - INFO - No recent songs found from Spotify
2025-11-17 23:58:03,673 - music_tracker - INFO - No new songs found from Spotify API
2025-11-17 23:58:03,673 - music_tracker - INFO - Song collection completed successfully
