2025-07-01 00:58:07,297 - music_tracker - INFO - Zero songs listened to
2025-07-01 00:58:07,297 - music_tracker - INFO - No songs uploaded.
2025-07-01 01:58:06,998 - music_tracker - INFO - Zero songs listened to
2025-07-01 01:58:06,998 - music_tracker - INFO - No songs uploaded.
2025-07-01 02:58:06,681 - music_tracker - INFO - Zero songs listened to
2025-07-01 02:58:06,681 - music_tracker - INFO - No songs uploaded.
2025-07-01 03:58:07,400 - music_tracker - INFO - Zero songs listened to
2025-07-01 03:58:07,401 - music_tracker - INFO - No songs uploaded.
2025-07-01 04:58:07,148 - music_tracker - INFO - Zero songs listened to
2025-07-01 04:58:07,149 - music_tracker - INFO - No songs uploaded.
2025-07-01 05:58:06,858 - music_tracker - INFO - Zero songs listened to
2025-07-01 05:58:06,858 - music_tracker - INFO - No songs uploaded.
2025-07-01 06:58:06,684 - music_tracker - INFO - Zero songs listened to
2025-07-01 06:58:06,685 - music_tracker - INFO - No songs uploaded.
2025-07-01 07:58:07,407 - music_tracker - INFO - Zero songs listened to
2025-07-01 07:58:07,408 - music_tracker - INFO - No songs uploaded.
2025-07-01 08:58:07,113 - music_tracker - INFO - Zero songs listened to
2025-07-01 08:58:07,113 - music_tracker - INFO - No songs uploaded.
2025-07-01 09:00:11,599 - music_tracker - INFO - Starting music tracker analysis
2025-07-01 09:00:11,599 - music_tracker - INFO - Fetching data
2025-07-01 09:00:12,249 - music_tracker - INFO - Fetched 120 recent songs
2025-07-01 09:00:12,259 - music_tracker - INFO - Running top listens analysis
2025-07-01 09:00:12,259 - music_tracker - INFO - Calculating top songs listens
2025-07-01 09:00:12,260 - music_tracker - INFO - Sending message with top 3 songs
2025-07-01 09:00:12,987 - music_tracker - INFO - Message successfully sent!
2025-07-01 09:00:12,988 - music_tracker - INFO - Calculating top albums listens
2025-07-01 09:00:12,988 - music_tracker - INFO - Sending message with top 3 albums
2025-07-01 09:00:14,010 - music_tracker - INFO - Message successfully sent!
2025-07-01 09:00:14,011 - music_tracker - INFO - Calculating top artists listens
2025-07-01 09:00:14,012 - music_tracker - INFO - Sending message with top 3 artists
2025-07-01 09:00:14,810 - music_tracker - INFO - Message successfully sent!
2025-07-01 09:00:14,811 - music_tracker - INFO - Running popularity and listening hours analysis
2025-07-01 09:00:14,811 - music_tracker - INFO - Finding most popular track
2025-07-01 09:00:14,812 - music_tracker - INFO - Most popular song found: The Days - NOTION Remix with score 92
2025-07-01 09:00:15,505 - music_tracker - INFO - Message successfully sent!
2025-07-01 09:00:15,505 - music_tracker - INFO - Calculating most listened hour
2025-07-01 09:00:15,506 - music_tracker - INFO - Most listened hour: 20:00 with 57:19
2025-07-01 09:00:16,320 - music_tracker - INFO - Message successfully sent!
2025-07-01 09:00:16,320 - music_tracker - INFO - Analysis completed successfully

2025-07-01 09:58:07,039 - music_tracker - INFO - Zero songs listened to
2025-07-01 09:58:07,040 - music_tracker - INFO - No songs uploaded.
2025-07-01 10:58:09,200 - music_tracker - INFO - Uploading 9 songs
2025-07-01 11:58:10,190 - music_tracker - INFO - Uploading 13 songs
2025-07-01 12:58:08,763 - music_tracker - INFO - Uploading 6 songs
2025-07-01 13:58:10,058 - music_tracker - INFO -   Supabase error: Status 400, {"code":"22007","details":null,"hint":null,"message":"invalid input syntax for type date: \"2005\""}
2025-07-01 13:58:10,060 - music_tracker - INFO - No songs uploaded.
2025-07-01 14:58:10,220 - music_tracker - INFO -   Supabase error: Status 400, {"code":"22007","details":null,"hint":null,"message":"invalid input syntax for type date: \"2001\""}
2025-07-01 14:58:10,222 - music_tracker - INFO - No songs uploaded.
2025-07-01 15:58:06,969 - music_tracker - INFO - Zero songs listened to
2025-07-01 15:58:06,969 - music_tracker - INFO - No songs uploaded.
2025-07-01 16:58:09,867 - music_tracker - INFO -   Supabase error: Status 400, {"code":"22007","details":null,"hint":null,"message":"invalid input syntax for type date: \"1996\""}
2025-07-01 16:58:09,869 - music_tracker - INFO - No songs uploaded.
2025-07-01 17:58:09,881 - music_tracker - INFO -   Supabase error: Status 400, {"code":"22007","details":null,"hint":null,"message":"invalid input syntax for type date: \"2002\""}
2025-07-01 17:58:09,883 - music_tracker - INFO - No songs uploaded.
2025-07-01 18:58:07,767 - music_tracker - INFO - Uploading 3 songs
2025-07-01 19:58:06,517 - music_tracker - INFO - Zero songs listened to
2025-07-01 19:58:06,518 - music_tracker - INFO - No songs uploaded.
2025-07-01 20:58:08,796 - music_tracker - INFO - Uploading 5 songs
2025-07-01 21:58:08,564 - music_tracker - INFO - Uploading 2 songs
2025-07-01 22:58:09,579 - music_tracker - INFO - Uploading 2 songs
2025-07-01 23:58:07,873 - music_tracker - INFO - Uploading 1 song
