2025-11-29 00:58:03,513 - music_tracker - INFO - SpotiSpy song collection starting...
2025-11-29 00:58:03,514 - music_tracker - INFO - Starting song collection (last 1 hours)
2025-11-29 00:58:03,514 - music_tracker - INFO - Fetching recent tracks from Spotify...
2025-11-29 00:58:03,876 - music_tracker - INFO - No recent songs found from Spotify
2025-11-29 00:58:03,878 - music_tracker - INFO - No new songs found from Spotify API
2025-11-29 00:58:03,879 - music_tracker - INFO - Song collection completed successfully
2025-11-29 01:58:03,006 - music_tracker - INFO - SpotiSpy song collection starting...
2025-11-29 01:58:03,006 - music_tracker - INFO - Starting song collection (last 1 hours)
2025-11-29 01:58:03,007 - music_tracker - INFO - Fetching recent tracks from Spotify...
2025-11-29 01:58:03,390 - music_tracker - INFO - No recent songs found from Spotify
2025-11-29 01:58:03,392 - music_tracker - INFO - No new songs found from Spotify API
2025-11-29 01:58:03,393 - music_tracker - INFO - Song collection completed successfully
2025-11-29 02:58:03,284 - music_tracker - INFO - SpotiSpy song collection starting...
2025-11-29 02:58:03,285 - music_tracker - INFO - Starting song collection (last 1 hours)
2025-11-29 02:58:03,285 - music_tracker - INFO - Fetching recent tracks from Spotify...
2025-11-29 02:58:03,734 - music_tracker - INFO - No recent songs found from Spotify
2025-11-29 02:58:03,736 - music_tracker - INFO - No new songs found from Spotify API
2025-11-29 02:58:03,736 - music_tracker - INFO - Song collection completed successfully
2025-11-29 03:58:02,655 - music_tracker - INFO - SpotiSpy song collection starting...
2025-11-29 03:58:02,655 - music_tracker - INFO - Starting song collection (last 1 hours)
2025-11-29 03:58:02,656 - music_tracker - INFO - Fetching recent tracks from Spotify...
2025-11-29 03:58:03,024 - music_tracker - INFO - No recent songs found from Spotify
2025-11-29 03:58:03,026 - music_tracker - INFO - No new songs found from Spotify API
2025-11-29 03:58:03,026 - music_tracker - INFO - Song collection completed successfully
2025-11-29 04:58:02,922 - music_tracker - INFO - SpotiSpy song collection starting...
2025-11-29 04:58:02,923 - music_tracker - INFO - Starting song collection (last 1 hours)
2025-11-29 04:58:02,923 - music_tracker - INFO - Fetching recent tracks from Spotify...
2025-11-29 04:58:03,340 - music_tracker - INFO - No recent songs found from Spotify
2025-11-29 04:58:03,342 - music_tracker - INFO - No new songs found from Spotify API
2025-11-29 04:58:03,342 - music_tracker - INFO - Song collection completed successfully
2025-11-29 05:58:03,246 - music_tracker - INFO - SpotiSpy song collection starting...
2025-11-29 05:58:03,246 - music_tracker - INFO - Starting song collection (last 1 hours)
2025-11-29 05:58:03,247 - music_tracker - INFO - Fetching recent tracks from Spotify...
2025-11-29 05:58:03,620 - music_tracker - INFO - No recent songs found from Spotify
2025-11-29 05:58:03,622 - music_tracker - INFO - No new songs found from Spotify API
2025-11-29 05:58:03,623 - music_tracker - INFO - Song collection completed successfully
2025-11-29 06:58:02,702 - music_tracker - INFO - SpotiSpy song collection starting...
2025-11-29 06:58:02,703 - music_tracker - INFO - Starting song collection (last 1 hours)
2025-11-29 06:58:02,703 - music_tracker - INFO - Fetching recent tracks from Spotify...
2025-11-29 06:58:03,077 - music_tracker - INFO - No recent songs found from Spotify
2025-11-29 06:58:03,079 - music_tracker - INFO - No new songs found from Spotify API
2025-11-29 06:58:03,079 - music_tracker - INFO - Song collection completed successfully
2025-11-29 07:58:02,983 - music_tracker - INFO - SpotiSpy song collection starting...
2025-11-29 07:58:02,983 - music_tracker - INFO - Starting song collection (last 1 hours)
2025-11-29 07:58:02,984 - music_tracker - INFO - Fetching recent tracks from Spotify...
2025-11-29 07:58:03,358 - music_tracker - INFO - No recent songs found from Spotify
2025-11-29 07:58:03,360 - music_tracker - INFO - No new songs found from Spotify API
2025-11-29 07:58:03,361 - music_tracker - INFO - Song collection completed successfully
2025-11-29 08:58:03,249 - music_tracker - INFO - SpotiSpy song collection starting...
2025-11-29 08:58:03,250 - music_tracker - INFO - Starting song collection (last 1 hours)
2025-11-29 08:58:03,251 - music_tracker - INFO - Fetching recent tracks from Spotify...
2025-11-29 08:58:03,708 - music_tracker - INFO - No recent songs found from Spotify
2025-11-29 08:58:03,710 - music_tracker - INFO - No new songs found from Spotify API
2025-11-29 08:58:03,710 - music_tracker - INFO - Song collection completed successfully
2025-11-29 09:00:13,230 - music_tracker - INFO - SpotiSpy starting...
2025-11-29 09:00:13,230 - music_tracker - INFO - Starting daily SpotiSpy analysis
2025-11-29 09:00:13,231 - music_tracker - INFO - Fetching yesterday's listening data...
2025-11-29 09:00:14,951 - music_tracker - INFO - Fetched 0 songs from database
2025-11-29 09:00:14,954 - music_tracker - WARNING - No songs found for yesterday
2025-11-29 09:00:14,955 - music_tracker - INFO - SpotiSpy completed successfully
2025-11-29 09:58:02,857 - music_tracker - INFO - SpotiSpy song collection starting...
2025-11-29 09:58:02,858 - music_tracker - INFO - Starting song collection (last 1 hours)
2025-11-29 09:58:02,859 - music_tracker - INFO - Fetching recent tracks from Spotify...
2025-11-29 09:58:03,235 - music_tracker - INFO - No recent songs found from Spotify
2025-11-29 09:58:03,237 - music_tracker - INFO - No new songs found from Spotify API
2025-11-29 09:58:03,238 - music_tracker - INFO - Song collection completed successfully
2025-11-29 10:58:03,136 - music_tracker - INFO - SpotiSpy song collection starting...
2025-11-29 10:58:03,137 - music_tracker - INFO - Starting song collection (last 1 hours)
2025-11-29 10:58:03,138 - music_tracker - INFO - Fetching recent tracks from Spotify...
2025-11-29 10:58:03,583 - music_tracker - INFO - No recent songs found from Spotify
2025-11-29 10:58:03,585 - music_tracker - INFO - No new songs found from Spotify API
2025-11-29 10:58:03,585 - music_tracker - INFO - Song collection completed successfully
2025-11-29 11:58:04,186 - music_tracker - INFO - SpotiSpy song collection starting...
2025-11-29 11:58:04,187 - music_tracker - INFO - Starting song collection (last 1 hours)
2025-11-29 11:58:04,188 - music_tracker - INFO - Fetching recent tracks from Spotify...
2025-11-29 11:58:04,556 - music_tracker - INFO - No recent songs found from Spotify
2025-11-29 11:58:04,558 - music_tracker - INFO - No new songs found from Spotify API
2025-11-29 11:58:04,559 - music_tracker - INFO - Song collection completed successfully
2025-11-29 12:58:03,464 - music_tracker - INFO - SpotiSpy song collection starting...
2025-11-29 12:58:03,464 - music_tracker - INFO - Starting song collection (last 1 hours)
2025-11-29 12:58:03,465 - music_tracker - INFO - Fetching recent tracks from Spotify...
2025-11-29 12:58:04,005 - music_tracker - INFO - Fetched 4 songs from Spotify
2025-11-29 12:58:04,008 - music_tracker - INFO - Found 4 songs from Spotify API
2025-11-29 12:58:04,008 - music_tracker - INFO - Checking for duplicates in database...
2025-11-29 12:58:05,382 - music_tracker - INFO - Found 4 new songs out of 4 total
2025-11-29 12:58:05,384 - music_tracker - INFO - Found 4 new songs to save
2025-11-29 12:58:05,385 - music_tracker - INFO - Saving songs to database...
2025-11-29 12:58:05,675 - music_tracker - INFO - Successfully saved 4 songs to database
2025-11-29 12:58:05,677 - music_tracker - INFO - Successfully saved 4 songs to database
2025-11-29 12:58:05,678 - music_tracker - INFO - Song collection completed successfully
2025-11-29 13:58:03,595 - music_tracker - INFO - SpotiSpy song collection starting...
2025-11-29 13:58:03,596 - music_tracker - INFO - Starting song collection (last 1 hours)
2025-11-29 13:58:03,596 - music_tracker - INFO - Fetching recent tracks from Spotify...
2025-11-29 13:58:04,094 - music_tracker - INFO - Fetched 1 songs from Spotify
2025-11-29 13:58:04,096 - music_tracker - INFO - Found 1 songs from Spotify API
2025-11-29 13:58:04,097 - music_tracker - INFO - Checking for duplicates in database...
2025-11-29 13:58:05,453 - music_tracker - INFO - Found 1 new songs out of 1 total
2025-11-29 13:58:05,456 - music_tracker - INFO - Found 1 new songs to save
2025-11-29 13:58:05,456 - music_tracker - INFO - Saving songs to database...
2025-11-29 13:58:05,748 - music_tracker - INFO - Successfully saved 1 songs to database
2025-11-29 13:58:05,750 - music_tracker - INFO - Successfully saved 1 songs to database
2025-11-29 13:58:05,751 - music_tracker - INFO - Song collection completed successfully
2025-11-29 14:58:02,656 - music_tracker - INFO - SpotiSpy song collection starting...
2025-11-29 14:58:02,657 - music_tracker - INFO - Starting song collection (last 1 hours)
2025-11-29 14:58:02,658 - music_tracker - INFO - Fetching recent tracks from Spotify...
2025-11-29 14:58:03,072 - music_tracker - INFO - No recent songs found from Spotify
2025-11-29 14:58:03,074 - music_tracker - INFO - No new songs found from Spotify API
2025-11-29 14:58:03,074 - music_tracker - INFO - Song collection completed successfully
2025-11-29 15:58:02,993 - music_tracker - INFO - SpotiSpy song collection starting...
2025-11-29 15:58:02,994 - music_tracker - INFO - Starting song collection (last 1 hours)
2025-11-29 15:58:02,995 - music_tracker - INFO - Fetching recent tracks from Spotify...
2025-11-29 15:58:03,384 - music_tracker - INFO - No recent songs found from Spotify
2025-11-29 15:58:03,386 - music_tracker - INFO - No new songs found from Spotify API
2025-11-29 15:58:03,386 - music_tracker - INFO - Song collection completed successfully
2025-11-29 16:58:03,270 - music_tracker - INFO - SpotiSpy song collection starting...
2025-11-29 16:58:03,270 - music_tracker - INFO - Starting song collection (last 1 hours)
2025-11-29 16:58:03,271 - music_tracker - INFO - Fetching recent tracks from Spotify...
2025-11-29 16:58:03,652 - music_tracker - INFO - No recent songs found from Spotify
2025-11-29 16:58:03,655 - music_tracker - INFO - No new songs found from Spotify API
2025-11-29 16:58:03,655 - music_tracker - INFO - Song collection completed successfully
2025-11-29 17:58:03,549 - music_tracker - INFO - SpotiSpy song collection starting...
2025-11-29 17:58:03,550 - music_tracker - INFO - Starting song collection (last 1 hours)
2025-11-29 17:58:03,551 - music_tracker - INFO - Fetching recent tracks from Spotify...
2025-11-29 17:58:03,946 - music_tracker - INFO - No recent songs found from Spotify
2025-11-29 17:58:03,948 - music_tracker - INFO - No new songs found from Spotify API
2025-11-29 17:58:03,949 - music_tracker - INFO - Song collection completed successfully
2025-11-29 18:58:02,840 - music_tracker - INFO - SpotiSpy song collection starting...
2025-11-29 18:58:02,840 - music_tracker - INFO - Starting song collection (last 1 hours)
2025-11-29 18:58:02,841 - music_tracker - INFO - Fetching recent tracks from Spotify...
2025-11-29 18:58:03,250 - music_tracker - INFO - No recent songs found from Spotify
2025-11-29 18:58:03,252 - music_tracker - INFO - No new songs found from Spotify API
2025-11-29 18:58:03,253 - music_tracker - INFO - Song collection completed successfully
2025-11-29 19:58:03,153 - music_tracker - INFO - SpotiSpy song collection starting...
2025-11-29 19:58:03,154 - music_tracker - INFO - Starting song collection (last 1 hours)
2025-11-29 19:58:03,155 - music_tracker - INFO - Fetching recent tracks from Spotify...
2025-11-29 19:58:03,585 - music_tracker - INFO - No recent songs found from Spotify
2025-11-29 19:58:03,587 - music_tracker - INFO - No new songs found from Spotify API
2025-11-29 19:58:03,587 - music_tracker - INFO - Song collection completed successfully
2025-11-29 20:58:03,500 - music_tracker - INFO - SpotiSpy song collection starting...
2025-11-29 20:58:03,500 - music_tracker - INFO - Starting song collection (last 1 hours)
2025-11-29 20:58:03,501 - music_tracker - INFO - Fetching recent tracks from Spotify...
2025-11-29 20:58:03,941 - music_tracker - INFO - No recent songs found from Spotify
2025-11-29 20:58:03,943 - music_tracker - INFO - No new songs found from Spotify API
2025-11-29 20:58:03,944 - music_tracker - INFO - Song collection completed successfully
2025-11-29 21:58:02,865 - music_tracker - INFO - SpotiSpy song collection starting...
2025-11-29 21:58:02,866 - music_tracker - INFO - Starting song collection (last 1 hours)
2025-11-29 21:58:02,867 - music_tracker - INFO - Fetching recent tracks from Spotify...
2025-11-29 21:58:03,222 - music_tracker - INFO - No recent songs found from Spotify
2025-11-29 21:58:03,224 - music_tracker - INFO - No new songs found from Spotify API
2025-11-29 21:58:03,225 - music_tracker - INFO - Song collection completed successfully
2025-11-29 22:58:03,123 - music_tracker - INFO - SpotiSpy song collection starting...
2025-11-29 22:58:03,123 - music_tracker - INFO - Starting song collection (last 1 hours)
2025-11-29 22:58:03,124 - music_tracker - INFO - Fetching recent tracks from Spotify...
2025-11-29 22:58:03,530 - music_tracker - INFO - No recent songs found from Spotify
2025-11-29 22:58:03,532 - music_tracker - INFO - No new songs found from Spotify API
2025-11-29 22:58:03,533 - music_tracker - INFO - Song collection completed successfully
2025-11-29 23:58:03,440 - music_tracker - INFO - SpotiSpy song collection starting...
2025-11-29 23:58:03,440 - music_tracker - INFO - Starting song collection (last 1 hours)
2025-11-29 23:58:03,441 - music_tracker - INFO - Fetching recent tracks from Spotify...
2025-11-29 23:58:03,916 - music_tracker - INFO - Fetched 1 songs from Spotify
2025-11-29 23:58:03,918 - music_tracker - INFO - Found 1 songs from Spotify API
2025-11-29 23:58:03,919 - music_tracker - INFO - Checking for duplicates in database...
2025-11-29 23:58:05,389 - music_tracker - INFO - Found 1 new songs out of 1 total
2025-11-29 23:58:05,391 - music_tracker - INFO - Found 1 new songs to save
2025-11-29 23:58:05,392 - music_tracker - INFO - Saving songs to database...
2025-11-29 23:58:05,749 - music_tracker - INFO - Successfully saved 1 songs to database
2025-11-29 23:58:05,751 - music_tracker - INFO - Successfully saved 1 songs to database
2025-11-29 23:58:05,752 - music_tracker - INFO - Song collection completed successfully
