2025-07-31 00:58:06,825 - music_tracker - INFO - Zero songs listened to
2025-07-31 00:58:06,826 - music_tracker - INFO - No songs uploaded.
2025-07-31 01:58:06,536 - music_tracker - INFO - Zero songs listened to
2025-07-31 01:58:06,537 - music_tracker - INFO - No songs uploaded.
2025-07-31 02:58:07,237 - music_tracker - INFO - Zero songs listened to
2025-07-31 02:58:07,238 - music_tracker - INFO - No songs uploaded.
2025-07-31 03:58:06,965 - music_tracker - INFO - Zero songs listened to
2025-07-31 03:58:06,966 - music_tracker - INFO - No songs uploaded.
2025-07-31 04:58:06,675 - music_tracker - INFO - Zero songs listened to
2025-07-31 04:58:06,676 - music_tracker - INFO - No songs uploaded.
2025-07-31 05:58:07,419 - music_tracker - INFO - Zero songs listened to
2025-07-31 05:58:07,420 - music_tracker - INFO - No songs uploaded.
2025-07-31 06:58:07,198 - music_tracker - INFO - Zero songs listened to
2025-07-31 06:58:07,199 - music_tracker - INFO - No songs uploaded.
2025-07-31 07:58:06,930 - music_tracker - INFO - Zero songs listened to
2025-07-31 07:58:06,931 - music_tracker - INFO - No songs uploaded.
2025-07-31 08:58:07,993 - music_tracker - INFO - Uploading 3 songs
2025-07-31 09:00:21,191 - music_tracker - INFO - Starting music tracker analysis
2025-07-31 09:00:21,191 - music_tracker - INFO - Fetching data
2025-07-31 09:00:21,589 - music_tracker - INFO - Fetched 27 recent songs
2025-07-31 09:00:21,591 - music_tracker - INFO - Running top listens analysis
2025-07-31 09:00:21,592 - music_tracker - INFO - Calculating top songs listens
2025-07-31 09:00:21,592 - music_tracker - INFO - Sending message with top 2 songs
2025-07-31 09:00:22,284 - music_tracker - INFO - Message successfully sent!
2025-07-31 09:00:22,284 - music_tracker - INFO - Calculating top albums listens
2025-07-31 09:00:22,285 - music_tracker - INFO - Sending message with top 3 albums
2025-07-31 09:00:23,093 - music_tracker - INFO - Message successfully sent!
2025-07-31 09:00:23,094 - music_tracker - INFO - Calculating top artists listens
2025-07-31 09:00:23,095 - music_tracker - INFO - Sending message with top 3 artists
2025-07-31 09:00:23,723 - music_tracker - INFO - Message successfully sent!
2025-07-31 09:00:23,724 - music_tracker - INFO - Running popularity and listening hours analysis
2025-07-31 09:00:23,724 - music_tracker - INFO - Finding most popular track
2025-07-31 09:00:23,724 - music_tracker - INFO - Most popular song found: BIRDS OF A FEATHER with score 98
2025-07-31 09:00:24,346 - music_tracker - INFO - Message successfully sent!
2025-07-31 09:00:24,347 - music_tracker - INFO - Calculating most listened hour
2025-07-31 09:00:24,347 - music_tracker - INFO - Most listened hour: 01:00 with 42:06
2025-07-31 09:00:25,016 - music_tracker - INFO - Message successfully sent!
2025-07-31 09:00:25,017 - music_tracker - INFO - Calculating duration listened today
2025-07-31 09:00:25,742 - music_tracker - INFO - Message successfully sent!
2025-07-31 09:00:25,742 - music_tracker - INFO - Analysis completed successfully

2025-07-31 09:58:08,436 - music_tracker - INFO - Uploading 5 songs
2025-07-31 10:58:07,074 - music_tracker - INFO - Zero songs listened to
2025-07-31 10:58:07,074 - music_tracker - INFO - No songs uploaded.
2025-07-31 11:58:08,814 - music_tracker - INFO - Uploading 6 songs
2025-07-31 12:58:07,398 - music_tracker - INFO - Uploading 2 songs
2025-07-31 13:58:07,777 - music_tracker - INFO - Uploading 1 song
2025-07-31 14:58:06,455 - music_tracker - INFO - Zero songs listened to
2025-07-31 14:58:06,455 - music_tracker - INFO - No songs uploaded.
2025-07-31 15:58:07,077 - music_tracker - INFO - Zero songs listened to
2025-07-31 15:58:07,078 - music_tracker - INFO - No songs uploaded.
2025-07-31 16:58:07,548 - music_tracker - INFO - Uploading 2 songs
2025-07-31 17:58:10,133 - music_tracker - INFO - Uploading 10 songs
2025-07-31 18:58:11,374 - music_tracker - INFO - Uploading 19 songs
2025-07-31 19:58:10,231 - music_tracker - INFO -   Supabase error: Status 400, {"code":"22007","details":null,"hint":null,"message":"invalid input syntax for type date: \"2007\""}
2025-07-31 19:58:10,233 - music_tracker - INFO - No songs uploaded.
2025-07-31 20:58:08,771 - music_tracker - INFO - Uploading 6 songs
2025-07-31 21:58:07,850 - music_tracker - INFO - Uploading 3 songs
2025-07-31 22:58:08,357 - music_tracker - INFO - Uploading 5 songs
2025-07-31 23:58:09,458 - music_tracker - INFO - Uploading 10 songs
