2025-10-12 00:58:02,803 - music_tracker - INFO - SpotiSpy song collection starting...
2025-10-12 00:58:02,803 - music_tracker - INFO - Starting song collection (last 1 hours)
2025-10-12 00:58:02,804 - music_tracker - INFO - Fetching recent tracks from Spotify...
2025-10-12 00:58:03,337 - music_tracker - INFO - Fetched 1 songs from Spotify
2025-10-12 00:58:03,339 - music_tracker - INFO - Found 1 songs from Spotify API
2025-10-12 00:58:03,339 - music_tracker - INFO - Checking for duplicates in database...
2025-10-12 00:58:04,693 - music_tracker - INFO - Found 1 new songs out of 1 total
2025-10-12 00:58:04,695 - music_tracker - INFO - Found 1 new songs to save
2025-10-12 00:58:04,696 - music_tracker - INFO - Saving songs to database...
2025-10-12 00:58:05,026 - music_tracker - INFO - Successfully saved 1 songs to database
2025-10-12 00:58:05,028 - music_tracker - INFO - Successfully saved 1 songs to database
2025-10-12 00:58:05,029 - music_tracker - INFO - Song collection completed successfully
2025-10-12 01:58:03,443 - music_tracker - INFO - SpotiSpy song collection starting...
2025-10-12 01:58:03,444 - music_tracker - INFO - Starting song collection (last 1 hours)
2025-10-12 01:58:03,445 - music_tracker - INFO - Fetching recent tracks from Spotify...
2025-10-12 01:58:03,848 - music_tracker - INFO - No recent songs found from Spotify
2025-10-12 01:58:03,851 - music_tracker - INFO - No new songs found from Spotify API
2025-10-12 01:58:03,851 - music_tracker - INFO - Song collection completed successfully
2025-10-12 02:58:03,290 - music_tracker - INFO - SpotiSpy song collection starting...
2025-10-12 02:58:03,290 - music_tracker - INFO - Starting song collection (last 1 hours)
2025-10-12 02:58:03,291 - music_tracker - INFO - Fetching recent tracks from Spotify...
2025-10-12 02:58:03,646 - music_tracker - INFO - No recent songs found from Spotify
2025-10-12 02:58:03,648 - music_tracker - INFO - No new songs found from Spotify API
2025-10-12 02:58:03,648 - music_tracker - INFO - Song collection completed successfully
2025-10-12 03:58:03,597 - music_tracker - INFO - SpotiSpy song collection starting...
2025-10-12 03:58:03,598 - music_tracker - INFO - Starting song collection (last 1 hours)
2025-10-12 03:58:03,598 - music_tracker - INFO - Fetching recent tracks from Spotify...
2025-10-12 03:58:03,959 - music_tracker - INFO - No recent songs found from Spotify
2025-10-12 03:58:03,961 - music_tracker - INFO - No new songs found from Spotify API
2025-10-12 03:58:03,962 - music_tracker - INFO - Song collection completed successfully
2025-10-12 04:58:02,848 - music_tracker - INFO - SpotiSpy song collection starting...
2025-10-12 04:58:02,848 - music_tracker - INFO - Starting song collection (last 1 hours)
2025-10-12 04:58:02,849 - music_tracker - INFO - Fetching recent tracks from Spotify...
2025-10-12 04:58:03,204 - music_tracker - INFO - No recent songs found from Spotify
2025-10-12 04:58:03,206 - music_tracker - INFO - No new songs found from Spotify API
2025-10-12 04:58:03,207 - music_tracker - INFO - Song collection completed successfully
2025-10-12 05:58:03,096 - music_tracker - INFO - SpotiSpy song collection starting...
2025-10-12 05:58:03,097 - music_tracker - INFO - Starting song collection (last 1 hours)
2025-10-12 05:58:03,097 - music_tracker - INFO - Fetching recent tracks from Spotify...
2025-10-12 05:58:03,453 - music_tracker - INFO - No recent songs found from Spotify
2025-10-12 05:58:03,455 - music_tracker - INFO - No new songs found from Spotify API
2025-10-12 05:58:03,456 - music_tracker - INFO - Song collection completed successfully
2025-10-12 06:58:03,439 - music_tracker - INFO - SpotiSpy song collection starting...
2025-10-12 06:58:03,439 - music_tracker - INFO - Starting song collection (last 1 hours)
2025-10-12 06:58:03,440 - music_tracker - INFO - Fetching recent tracks from Spotify...
2025-10-12 06:58:03,850 - music_tracker - INFO - No recent songs found from Spotify
2025-10-12 06:58:03,852 - music_tracker - INFO - No new songs found from Spotify API
2025-10-12 06:58:03,853 - music_tracker - INFO - Song collection completed successfully
2025-10-12 07:58:02,854 - music_tracker - INFO - SpotiSpy song collection starting...
2025-10-12 07:58:02,854 - music_tracker - INFO - Starting song collection (last 1 hours)
2025-10-12 07:58:02,855 - music_tracker - INFO - Fetching recent tracks from Spotify...
2025-10-12 07:58:03,307 - music_tracker - INFO - No recent songs found from Spotify
2025-10-12 07:58:03,309 - music_tracker - INFO - No new songs found from Spotify API
2025-10-12 07:58:03,310 - music_tracker - INFO - Song collection completed successfully
2025-10-12 08:58:03,232 - music_tracker - INFO - SpotiSpy song collection starting...
2025-10-12 08:58:03,232 - music_tracker - INFO - Starting song collection (last 1 hours)
2025-10-12 08:58:03,233 - music_tracker - INFO - Fetching recent tracks from Spotify...
2025-10-12 08:58:03,625 - music_tracker - INFO - No recent songs found from Spotify
2025-10-12 08:58:03,627 - music_tracker - INFO - No new songs found from Spotify API
2025-10-12 08:58:03,628 - music_tracker - INFO - Song collection completed successfully
2025-10-12 09:00:13,235 - music_tracker - INFO - SpotiSpy starting...
2025-10-12 09:00:13,235 - music_tracker - INFO - Starting daily SpotiSpy analysis
2025-10-12 09:00:13,236 - music_tracker - INFO - Fetching yesterday's listening data...
2025-10-12 09:00:14,367 - music_tracker - INFO - Fetched 38 songs from database
2025-10-12 09:00:14,370 - music_tracker - INFO - Found 38 songs to analyze
2025-10-12 09:00:14,371 - music_tracker - INFO - Running analysis...
2025-10-12 09:00:14,376 - music_tracker - INFO - Sending daily summary to Slack...
2025-10-12 09:00:28,916 - music_tracker - INFO - Message sent successfully to Slack
2025-10-12 09:00:28,917 - music_tracker - INFO - Daily analysis completed successfully!
2025-10-12 09:00:28,918 - music_tracker - INFO - Running weekly summary...
2025-10-12 09:00:28,918 - music_tracker - INFO - Generating weekly summary...
2025-10-12 09:00:28,928 - music_tracker - INFO - Starting comprehensive weekly analysis
2025-10-12 09:00:29,211 - music_tracker - INFO - Fetched 3 songs for date 2025-10-12
2025-10-12 09:00:29,213 - music_tracker - INFO - Date 2025-10-12: 3 songs
2025-10-12 09:00:29,559 - music_tracker - INFO - Fetched 90 songs for date 2025-10-11
2025-10-12 09:00:29,562 - music_tracker - INFO - Date 2025-10-11: 90 songs
2025-10-12 09:00:29,881 - music_tracker - INFO - Fetched 120 songs for date 2025-10-10
2025-10-12 09:00:29,883 - music_tracker - INFO - Date 2025-10-10: 120 songs
2025-10-12 09:00:30,189 - music_tracker - INFO - Fetched 79 songs for date 2025-10-09
2025-10-12 09:00:30,191 - music_tracker - INFO - Date 2025-10-09: 79 songs
2025-10-12 09:00:30,491 - music_tracker - INFO - Fetched 135 songs for date 2025-10-08
2025-10-12 09:00:30,493 - music_tracker - INFO - Date 2025-10-08: 135 songs
2025-10-12 09:00:30,782 - music_tracker - INFO - Fetched 93 songs for date 2025-10-07
2025-10-12 09:00:30,784 - music_tracker - INFO - Date 2025-10-07: 93 songs
2025-10-12 09:00:31,084 - music_tracker - INFO - Fetched 95 songs for date 2025-10-06
2025-10-12 09:00:31,086 - music_tracker - INFO - Date 2025-10-06: 95 songs
2025-10-12 09:00:31,986 - music_tracker - INFO - Message sent successfully to Slack
2025-10-12 09:00:31,989 - music_tracker - INFO - SpotiSpy completed successfully
2025-10-12 09:58:04,148 - music_tracker - INFO - SpotiSpy song collection starting...
2025-10-12 09:58:04,149 - music_tracker - INFO - Starting song collection (last 1 hours)
2025-10-12 09:58:04,150 - music_tracker - INFO - Fetching recent tracks from Spotify...
2025-10-12 09:58:04,659 - music_tracker - INFO - No recent songs found from Spotify
2025-10-12 09:58:04,661 - music_tracker - INFO - No new songs found from Spotify API
2025-10-12 09:58:04,661 - music_tracker - INFO - Song collection completed successfully
2025-10-12 10:58:02,632 - music_tracker - INFO - SpotiSpy song collection starting...
2025-10-12 10:58:02,632 - music_tracker - INFO - Starting song collection (last 1 hours)
2025-10-12 10:58:02,633 - music_tracker - INFO - Fetching recent tracks from Spotify...
2025-10-12 10:58:03,017 - music_tracker - INFO - No recent songs found from Spotify
2025-10-12 10:58:03,019 - music_tracker - INFO - No new songs found from Spotify API
2025-10-12 10:58:03,019 - music_tracker - INFO - Song collection completed successfully
2025-10-12 11:58:02,949 - music_tracker - INFO - SpotiSpy song collection starting...
2025-10-12 11:58:02,950 - music_tracker - INFO - Starting song collection (last 1 hours)
2025-10-12 11:58:02,951 - music_tracker - INFO - Fetching recent tracks from Spotify...
2025-10-12 11:58:03,500 - music_tracker - INFO - Fetched 2 songs from Spotify
2025-10-12 11:58:03,503 - music_tracker - INFO - Found 2 songs from Spotify API
2025-10-12 11:58:03,503 - music_tracker - INFO - Checking for duplicates in database...
2025-10-12 11:58:04,933 - music_tracker - INFO - Found 2 new songs out of 2 total
2025-10-12 11:58:04,935 - music_tracker - INFO - Found 2 new songs to save
2025-10-12 11:58:04,936 - music_tracker - INFO - Saving songs to database...
2025-10-12 11:58:05,239 - music_tracker - INFO - Successfully saved 2 songs to database
2025-10-12 11:58:05,241 - music_tracker - INFO - Successfully saved 2 songs to database
2025-10-12 11:58:05,242 - music_tracker - INFO - Song collection completed successfully
2025-10-12 12:58:03,162 - music_tracker - INFO - SpotiSpy song collection starting...
2025-10-12 12:58:03,162 - music_tracker - INFO - Starting song collection (last 1 hours)
2025-10-12 12:58:03,163 - music_tracker - INFO - Fetching recent tracks from Spotify...
2025-10-12 12:58:03,561 - music_tracker - INFO - No recent songs found from Spotify
2025-10-12 12:58:03,563 - music_tracker - INFO - No new songs found from Spotify API
2025-10-12 12:58:03,563 - music_tracker - INFO - Song collection completed successfully
2025-10-12 13:58:03,451 - music_tracker - INFO - SpotiSpy song collection starting...
2025-10-12 13:58:03,452 - music_tracker - INFO - Starting song collection (last 1 hours)
2025-10-12 13:58:03,452 - music_tracker - INFO - Fetching recent tracks from Spotify...
2025-10-12 13:58:04,286 - music_tracker - INFO - No recent songs found from Spotify
2025-10-12 13:58:04,289 - music_tracker - INFO - No new songs found from Spotify API
2025-10-12 13:58:04,289 - music_tracker - INFO - Song collection completed successfully
2025-10-12 14:58:03,204 - music_tracker - INFO - SpotiSpy song collection starting...
2025-10-12 14:58:03,204 - music_tracker - INFO - Starting song collection (last 1 hours)
2025-10-12 14:58:03,205 - music_tracker - INFO - Fetching recent tracks from Spotify...
2025-10-12 14:58:03,568 - music_tracker - INFO - No recent songs found from Spotify
2025-10-12 14:58:03,571 - music_tracker - INFO - No new songs found from Spotify API
2025-10-12 14:58:03,571 - music_tracker - INFO - Song collection completed successfully
2025-10-12 15:58:03,466 - music_tracker - INFO - SpotiSpy song collection starting...
2025-10-12 15:58:03,467 - music_tracker - INFO - Starting song collection (last 1 hours)
2025-10-12 15:58:03,467 - music_tracker - INFO - Fetching recent tracks from Spotify...
2025-10-12 15:58:03,838 - music_tracker - INFO - No recent songs found from Spotify
2025-10-12 15:58:03,841 - music_tracker - INFO - No new songs found from Spotify API
2025-10-12 15:58:03,841 - music_tracker - INFO - Song collection completed successfully
2025-10-12 16:58:02,724 - music_tracker - INFO - SpotiSpy song collection starting...
2025-10-12 16:58:02,724 - music_tracker - INFO - Starting song collection (last 1 hours)
2025-10-12 16:58:02,725 - music_tracker - INFO - Fetching recent tracks from Spotify...
2025-10-12 16:58:03,386 - music_tracker - INFO - Fetched 3 songs from Spotify
2025-10-12 16:58:03,388 - music_tracker - INFO - Found 3 songs from Spotify API
2025-10-12 16:58:03,389 - music_tracker - INFO - Checking for duplicates in database...
2025-10-12 16:58:04,822 - music_tracker - INFO - Found 3 new songs out of 3 total
2025-10-12 16:58:04,824 - music_tracker - INFO - Found 3 new songs to save
2025-10-12 16:58:04,825 - music_tracker - INFO - Saving songs to database...
2025-10-12 16:58:05,229 - music_tracker - INFO - Successfully saved 3 songs to database
2025-10-12 16:58:05,231 - music_tracker - INFO - Successfully saved 3 songs to database
2025-10-12 16:58:05,232 - music_tracker - INFO - Song collection completed successfully
2025-10-12 17:58:03,136 - music_tracker - INFO - SpotiSpy song collection starting...
2025-10-12 17:58:03,137 - music_tracker - INFO - Starting song collection (last 1 hours)
2025-10-12 17:58:03,138 - music_tracker - INFO - Fetching recent tracks from Spotify...
2025-10-12 17:58:03,562 - music_tracker - INFO - Fetched 6 songs from Spotify
2025-10-12 17:58:03,565 - music_tracker - INFO - Found 6 songs from Spotify API
2025-10-12 17:58:03,565 - music_tracker - INFO - Checking for duplicates in database...
2025-10-12 17:58:04,848 - music_tracker - INFO - Found 6 new songs out of 6 total
2025-10-12 17:58:04,850 - music_tracker - INFO - Found 6 new songs to save
2025-10-12 17:58:04,851 - music_tracker - INFO - Saving songs to database...
2025-10-12 17:58:05,228 - music_tracker - INFO - Successfully saved 6 songs to database
2025-10-12 17:58:05,231 - music_tracker - INFO - Successfully saved 6 songs to database
2025-10-12 17:58:05,231 - music_tracker - INFO - Song collection completed successfully
2025-10-12 18:58:03,153 - music_tracker - INFO - SpotiSpy song collection starting...
2025-10-12 18:58:03,154 - music_tracker - INFO - Starting song collection (last 1 hours)
2025-10-12 18:58:03,154 - music_tracker - INFO - Fetching recent tracks from Spotify...
2025-10-12 18:58:03,615 - music_tracker - INFO - Fetched 9 songs from Spotify
2025-10-12 18:58:03,618 - music_tracker - INFO - Found 9 songs from Spotify API
2025-10-12 18:58:03,619 - music_tracker - INFO - Checking for duplicates in database...
2025-10-12 18:58:04,843 - music_tracker - INFO - Found 9 new songs out of 9 total
2025-10-12 18:58:04,845 - music_tracker - INFO - Found 9 new songs to save
2025-10-12 18:58:04,846 - music_tracker - INFO - Saving songs to database...
2025-10-12 18:58:05,201 - music_tracker - INFO - Successfully saved 9 songs to database
2025-10-12 18:58:05,203 - music_tracker - INFO - Successfully saved 9 songs to database
2025-10-12 18:58:05,203 - music_tracker - INFO - Song collection completed successfully
2025-10-12 19:58:03,128 - music_tracker - INFO - SpotiSpy song collection starting...
2025-10-12 19:58:03,128 - music_tracker - INFO - Starting song collection (last 1 hours)
2025-10-12 19:58:03,129 - music_tracker - INFO - Fetching recent tracks from Spotify...
2025-10-12 19:58:03,592 - music_tracker - INFO - No recent songs found from Spotify
2025-10-12 19:58:03,594 - music_tracker - INFO - No new songs found from Spotify API
2025-10-12 19:58:03,594 - music_tracker - INFO - Song collection completed successfully
2025-10-12 20:58:03,507 - music_tracker - INFO - SpotiSpy song collection starting...
2025-10-12 20:58:03,508 - music_tracker - INFO - Starting song collection (last 1 hours)
2025-10-12 20:58:03,509 - music_tracker - INFO - Fetching recent tracks from Spotify...
2025-10-12 20:58:03,973 - music_tracker - INFO - Fetched 8 songs from Spotify
2025-10-12 20:58:03,976 - music_tracker - INFO - Found 8 songs from Spotify API
2025-10-12 20:58:03,976 - music_tracker - INFO - Checking for duplicates in database...
2025-10-12 20:58:05,024 - music_tracker - INFO - Found 8 new songs out of 8 total
2025-10-12 20:58:05,026 - music_tracker - INFO - Found 8 new songs to save
2025-10-12 20:58:05,027 - music_tracker - INFO - Saving songs to database...
2025-10-12 20:58:05,330 - music_tracker - INFO - Successfully saved 8 songs to database
2025-10-12 20:58:05,333 - music_tracker - INFO - Successfully saved 8 songs to database
2025-10-12 20:58:05,333 - music_tracker - INFO - Song collection completed successfully
2025-10-12 21:58:03,227 - music_tracker - INFO - SpotiSpy song collection starting...
2025-10-12 21:58:03,228 - music_tracker - INFO - Starting song collection (last 1 hours)
2025-10-12 21:58:03,228 - music_tracker - INFO - Fetching recent tracks from Spotify...
2025-10-12 21:58:04,054 - music_tracker - INFO - Fetched 15 songs from Spotify
2025-10-12 21:58:04,059 - music_tracker - INFO - Found 15 songs from Spotify API
2025-10-12 21:58:04,059 - music_tracker - INFO - Checking for duplicates in database...
2025-10-12 21:58:05,362 - music_tracker - INFO - Found 15 new songs out of 15 total
2025-10-12 21:58:05,365 - music_tracker - INFO - Found 15 new songs to save
2025-10-12 21:58:05,365 - music_tracker - INFO - Saving songs to database...
2025-10-12 21:58:05,771 - music_tracker - INFO - Successfully saved 15 songs to database
2025-10-12 21:58:05,773 - music_tracker - INFO - Successfully saved 15 songs to database
2025-10-12 21:58:05,774 - music_tracker - INFO - Song collection completed successfully
2025-10-12 22:58:02,679 - music_tracker - INFO - SpotiSpy song collection starting...
2025-10-12 22:58:02,679 - music_tracker - INFO - Starting song collection (last 1 hours)
2025-10-12 22:58:02,680 - music_tracker - INFO - Fetching recent tracks from Spotify...
2025-10-12 22:58:03,151 - music_tracker - INFO - Fetched 4 songs from Spotify
2025-10-12 22:58:03,153 - music_tracker - INFO - Found 4 songs from Spotify API
2025-10-12 22:58:03,154 - music_tracker - INFO - Checking for duplicates in database...
2025-10-12 22:58:03,978 - music_tracker - INFO - Found 4 new songs out of 4 total
2025-10-12 22:58:03,981 - music_tracker - INFO - Found 4 new songs to save
2025-10-12 22:58:03,981 - music_tracker - INFO - Saving songs to database...
2025-10-12 22:58:04,229 - music_tracker - INFO - Successfully saved 4 songs to database
2025-10-12 22:58:04,231 - music_tracker - INFO - Successfully saved 4 songs to database
2025-10-12 22:58:04,232 - music_tracker - INFO - Song collection completed successfully
2025-10-12 23:58:03,128 - music_tracker - INFO - SpotiSpy song collection starting...
2025-10-12 23:58:03,128 - music_tracker - INFO - Starting song collection (last 1 hours)
2025-10-12 23:58:03,129 - music_tracker - INFO - Fetching recent tracks from Spotify...
2025-10-12 23:58:03,461 - music_tracker - INFO - No recent songs found from Spotify
2025-10-12 23:58:03,463 - music_tracker - INFO - No new songs found from Spotify API
2025-10-12 23:58:03,464 - music_tracker - INFO - Song collection completed successfully
