2025-12-04 00:58:02,710 - music_tracker - INFO - SpotiSpy song collection starting...
2025-12-04 00:58:02,711 - music_tracker - INFO - Starting song collection (last 1 hours)
2025-12-04 00:58:02,712 - music_tracker - INFO - Fetching recent tracks from Spotify...
2025-12-04 00:58:03,102 - music_tracker - INFO - No recent songs found from Spotify
2025-12-04 00:58:03,104 - music_tracker - INFO - No new songs found from Spotify API
2025-12-04 00:58:03,104 - music_tracker - INFO - Song collection completed successfully
2025-12-04 01:58:03,084 - music_tracker - INFO - SpotiSpy song collection starting...
2025-12-04 01:58:03,085 - music_tracker - INFO - Starting song collection (last 1 hours)
2025-12-04 01:58:03,086 - music_tracker - INFO - Fetching recent tracks from Spotify...
2025-12-04 01:58:03,509 - music_tracker - INFO - No recent songs found from Spotify
2025-12-04 01:58:03,511 - music_tracker - INFO - No new songs found from Spotify API
2025-12-04 01:58:03,512 - music_tracker - INFO - Song collection completed successfully
2025-12-04 02:58:03,449 - music_tracker - INFO - SpotiSpy song collection starting...
2025-12-04 02:58:03,450 - music_tracker - INFO - Starting song collection (last 1 hours)
2025-12-04 02:58:03,450 - music_tracker - INFO - Fetching recent tracks from Spotify...
2025-12-04 02:58:03,868 - music_tracker - INFO - No recent songs found from Spotify
2025-12-04 02:58:03,870 - music_tracker - INFO - No new songs found from Spotify API
2025-12-04 02:58:03,870 - music_tracker - INFO - Song collection completed successfully
2025-12-04 03:58:02,799 - music_tracker - INFO - SpotiSpy song collection starting...
2025-12-04 03:58:02,800 - music_tracker - INFO - Starting song collection (last 1 hours)
2025-12-04 03:58:02,801 - music_tracker - INFO - Fetching recent tracks from Spotify...
2025-12-04 03:58:03,169 - music_tracker - INFO - No recent songs found from Spotify
2025-12-04 03:58:03,172 - music_tracker - INFO - No new songs found from Spotify API
2025-12-04 03:58:03,172 - music_tracker - INFO - Song collection completed successfully
2025-12-04 04:58:03,096 - music_tracker - INFO - SpotiSpy song collection starting...
2025-12-04 04:58:03,096 - music_tracker - INFO - Starting song collection (last 1 hours)
2025-12-04 04:58:03,097 - music_tracker - INFO - Fetching recent tracks from Spotify...
2025-12-04 04:58:03,436 - music_tracker - INFO - No recent songs found from Spotify
2025-12-04 04:58:03,438 - music_tracker - INFO - No new songs found from Spotify API
2025-12-04 04:58:03,438 - music_tracker - INFO - Song collection completed successfully
2025-12-04 05:58:03,399 - music_tracker - INFO - SpotiSpy song collection starting...
2025-12-04 05:58:03,400 - music_tracker - INFO - Starting song collection (last 1 hours)
2025-12-04 05:58:03,400 - music_tracker - INFO - Fetching recent tracks from Spotify...
2025-12-04 05:58:03,775 - music_tracker - INFO - No recent songs found from Spotify
2025-12-04 05:58:03,777 - music_tracker - INFO - No new songs found from Spotify API
2025-12-04 05:58:03,778 - music_tracker - INFO - Song collection completed successfully
2025-12-04 06:58:02,736 - music_tracker - INFO - SpotiSpy song collection starting...
2025-12-04 06:58:02,737 - music_tracker - INFO - Starting song collection (last 1 hours)
2025-12-04 06:58:02,737 - music_tracker - INFO - Fetching recent tracks from Spotify...
2025-12-04 06:58:03,057 - music_tracker - INFO - No recent songs found from Spotify
2025-12-04 06:58:03,059 - music_tracker - INFO - No new songs found from Spotify API
2025-12-04 06:58:03,060 - music_tracker - INFO - Song collection completed successfully
2025-12-04 07:58:02,961 - music_tracker - INFO - SpotiSpy song collection starting...
2025-12-04 07:58:02,962 - music_tracker - INFO - Starting song collection (last 1 hours)
2025-12-04 07:58:02,962 - music_tracker - INFO - Fetching recent tracks from Spotify...
2025-12-04 07:58:03,324 - music_tracker - INFO - No recent songs found from Spotify
2025-12-04 07:58:03,326 - music_tracker - INFO - No new songs found from Spotify API
2025-12-04 07:58:03,327 - music_tracker - INFO - Song collection completed successfully
2025-12-04 08:58:03,209 - music_tracker - INFO - SpotiSpy song collection starting...
2025-12-04 08:58:03,210 - music_tracker - INFO - Starting song collection (last 1 hours)
2025-12-04 08:58:03,211 - music_tracker - INFO - Fetching recent tracks from Spotify...
2025-12-04 08:58:03,598 - music_tracker - INFO - No recent songs found from Spotify
2025-12-04 08:58:03,600 - music_tracker - INFO - No new songs found from Spotify API
2025-12-04 08:58:03,601 - music_tracker - INFO - Song collection completed successfully
2025-12-04 09:00:13,603 - music_tracker - INFO - SpotiSpy starting...
2025-12-04 09:00:13,604 - music_tracker - INFO - Starting daily SpotiSpy analysis
2025-12-04 09:00:13,604 - music_tracker - INFO - Fetching yesterday's listening data...
2025-12-04 09:00:15,257 - music_tracker - INFO - Fetched 74 songs from database
2025-12-04 09:00:15,260 - music_tracker - INFO - Found 74 songs to analyze
2025-12-04 09:00:15,261 - music_tracker - INFO - Running analysis...
2025-12-04 09:00:15,271 - music_tracker - INFO - Sending daily summary to Slack...
2025-12-04 09:00:20,172 - music_tracker - INFO - Message sent successfully to Slack
2025-12-04 09:00:20,173 - music_tracker - INFO - Daily analysis completed successfully!
2025-12-04 09:00:20,174 - music_tracker - INFO - SpotiSpy completed successfully
2025-12-04 09:58:03,177 - music_tracker - INFO - SpotiSpy song collection starting...
2025-12-04 09:58:03,177 - music_tracker - INFO - Starting song collection (last 1 hours)
2025-12-04 09:58:03,178 - music_tracker - INFO - Fetching recent tracks from Spotify...
2025-12-04 09:58:03,534 - music_tracker - INFO - No recent songs found from Spotify
2025-12-04 09:58:03,536 - music_tracker - INFO - No new songs found from Spotify API
2025-12-04 09:58:03,537 - music_tracker - INFO - Song collection completed successfully
2025-12-04 10:58:03,434 - music_tracker - INFO - SpotiSpy song collection starting...
2025-12-04 10:58:03,435 - music_tracker - INFO - Starting song collection (last 1 hours)
2025-12-04 10:58:03,436 - music_tracker - INFO - Fetching recent tracks from Spotify...
2025-12-04 10:58:03,930 - music_tracker - INFO - Fetched 4 songs from Spotify
2025-12-04 10:58:03,933 - music_tracker - INFO - Found 4 songs from Spotify API
2025-12-04 10:58:03,933 - music_tracker - INFO - Checking for duplicates in database...
2025-12-04 10:58:05,367 - music_tracker - INFO - Found 4 new songs out of 4 total
2025-12-04 10:58:05,369 - music_tracker - INFO - Found 4 new songs to save
2025-12-04 10:58:05,370 - music_tracker - INFO - Saving songs to database...
2025-12-04 10:58:05,728 - music_tracker - INFO - Successfully saved 4 songs to database
2025-12-04 10:58:05,730 - music_tracker - INFO - Successfully saved 4 songs to database
2025-12-04 10:58:05,731 - music_tracker - INFO - Song collection completed successfully
2025-12-04 11:58:03,892 - music_tracker - INFO - SpotiSpy song collection starting...
2025-12-04 11:58:03,894 - music_tracker - INFO - Starting song collection (last 1 hours)
2025-12-04 11:58:03,894 - music_tracker - INFO - Fetching recent tracks from Spotify...
2025-12-04 11:58:04,583 - music_tracker - INFO - Fetched 13 songs from Spotify
2025-12-04 11:58:04,587 - music_tracker - INFO - Found 13 songs from Spotify API
2025-12-04 11:58:04,588 - music_tracker - INFO - Checking for duplicates in database...
2025-12-04 11:58:05,990 - music_tracker - INFO - Found 13 new songs out of 13 total
2025-12-04 11:58:05,992 - music_tracker - INFO - Found 13 new songs to save
2025-12-04 11:58:05,993 - music_tracker - INFO - Saving songs to database...
2025-12-04 11:58:06,445 - music_tracker - INFO - Successfully saved 13 songs to database
2025-12-04 11:58:06,447 - music_tracker - INFO - Successfully saved 13 songs to database
2025-12-04 11:58:06,448 - music_tracker - INFO - Song collection completed successfully
2025-12-04 12:58:03,389 - music_tracker - INFO - SpotiSpy song collection starting...
2025-12-04 12:58:03,390 - music_tracker - INFO - Starting song collection (last 1 hours)
2025-12-04 12:58:03,391 - music_tracker - INFO - Fetching recent tracks from Spotify...
2025-12-04 12:58:03,949 - music_tracker - INFO - Fetched 9 songs from Spotify
2025-12-04 12:58:03,951 - music_tracker - INFO - Found 9 songs from Spotify API
2025-12-04 12:58:03,952 - music_tracker - INFO - Checking for duplicates in database...
2025-12-04 12:58:05,442 - music_tracker - INFO - Found 9 new songs out of 9 total
2025-12-04 12:58:05,444 - music_tracker - INFO - Found 9 new songs to save
2025-12-04 12:58:05,444 - music_tracker - INFO - Saving songs to database...
2025-12-04 12:58:05,854 - music_tracker - INFO - Successfully saved 9 songs to database
2025-12-04 12:58:05,856 - music_tracker - INFO - Successfully saved 9 songs to database
2025-12-04 12:58:05,857 - music_tracker - INFO - Song collection completed successfully
2025-12-04 13:58:02,782 - music_tracker - INFO - SpotiSpy song collection starting...
2025-12-04 13:58:02,783 - music_tracker - INFO - Starting song collection (last 1 hours)
2025-12-04 13:58:02,784 - music_tracker - INFO - Fetching recent tracks from Spotify...
2025-12-04 13:58:03,334 - music_tracker - INFO - Fetched 10 songs from Spotify
2025-12-04 13:58:03,337 - music_tracker - INFO - Found 10 songs from Spotify API
2025-12-04 13:58:03,337 - music_tracker - INFO - Checking for duplicates in database...
2025-12-04 13:58:04,852 - music_tracker - INFO - Found 10 new songs out of 10 total
2025-12-04 13:58:04,854 - music_tracker - INFO - Found 10 new songs to save
2025-12-04 13:58:04,855 - music_tracker - INFO - Saving songs to database...
2025-12-04 13:58:05,173 - music_tracker - INFO - Successfully saved 10 songs to database
2025-12-04 13:58:05,175 - music_tracker - INFO - Successfully saved 10 songs to database
2025-12-04 13:58:05,176 - music_tracker - INFO - Song collection completed successfully
2025-12-04 14:58:03,098 - music_tracker - INFO - SpotiSpy song collection starting...
2025-12-04 14:58:03,099 - music_tracker - INFO - Starting song collection (last 1 hours)
2025-12-04 14:58:03,100 - music_tracker - INFO - Fetching recent tracks from Spotify...
2025-12-04 14:58:03,636 - music_tracker - INFO - Fetched 5 songs from Spotify
2025-12-04 14:58:03,639 - music_tracker - INFO - Found 5 songs from Spotify API
2025-12-04 14:58:03,639 - music_tracker - INFO - Checking for duplicates in database...
2025-12-04 14:58:05,013 - music_tracker - INFO - Found 5 new songs out of 5 total
2025-12-04 14:58:05,015 - music_tracker - INFO - Found 5 new songs to save
2025-12-04 14:58:05,016 - music_tracker - INFO - Saving songs to database...
2025-12-04 14:58:05,337 - music_tracker - INFO - Successfully saved 5 songs to database
2025-12-04 14:58:05,339 - music_tracker - INFO - Successfully saved 5 songs to database
2025-12-04 14:58:05,340 - music_tracker - INFO - Song collection completed successfully
2025-12-04 15:58:03,280 - music_tracker - INFO - SpotiSpy song collection starting...
2025-12-04 15:58:03,281 - music_tracker - INFO - Starting song collection (last 1 hours)
2025-12-04 15:58:03,282 - music_tracker - INFO - Fetching recent tracks from Spotify...
2025-12-04 15:58:03,848 - music_tracker - INFO - Fetched 15 songs from Spotify
2025-12-04 15:58:03,851 - music_tracker - INFO - Found 15 songs from Spotify API
2025-12-04 15:58:03,851 - music_tracker - INFO - Checking for duplicates in database...
2025-12-04 15:58:05,273 - music_tracker - INFO - Found 15 new songs out of 15 total
2025-12-04 15:58:05,275 - music_tracker - INFO - Found 15 new songs to save
2025-12-04 15:58:05,276 - music_tracker - INFO - Saving songs to database...
2025-12-04 15:58:05,697 - music_tracker - INFO - Successfully saved 15 songs to database
2025-12-04 15:58:05,699 - music_tracker - INFO - Successfully saved 15 songs to database
2025-12-04 15:58:05,700 - music_tracker - INFO - Song collection completed successfully
2025-12-04 16:58:02,606 - music_tracker - INFO - SpotiSpy song collection starting...
2025-12-04 16:58:02,607 - music_tracker - INFO - Starting song collection (last 1 hours)
2025-12-04 16:58:02,608 - music_tracker - INFO - Fetching recent tracks from Spotify...
2025-12-04 16:58:03,171 - music_tracker - INFO - Fetched 19 songs from Spotify
2025-12-04 16:58:03,174 - music_tracker - INFO - Found 19 songs from Spotify API
2025-12-04 16:58:03,174 - music_tracker - INFO - Checking for duplicates in database...
2025-12-04 16:58:04,823 - music_tracker - INFO - Found 19 new songs out of 19 total
2025-12-04 16:58:04,825 - music_tracker - INFO - Found 19 new songs to save
2025-12-04 16:58:04,826 - music_tracker - INFO - Saving songs to database...
2025-12-04 16:58:05,242 - music_tracker - INFO - Successfully saved 19 songs to database
2025-12-04 16:58:05,244 - music_tracker - INFO - Successfully saved 19 songs to database
2025-12-04 16:58:05,244 - music_tracker - INFO - Song collection completed successfully
2025-12-04 17:58:03,159 - music_tracker - INFO - SpotiSpy song collection starting...
2025-12-04 17:58:03,160 - music_tracker - INFO - Starting song collection (last 1 hours)
2025-12-04 17:58:03,161 - music_tracker - INFO - Fetching recent tracks from Spotify...
2025-12-04 17:58:03,665 - music_tracker - INFO - Fetched 8 songs from Spotify
2025-12-04 17:58:03,668 - music_tracker - INFO - Found 8 songs from Spotify API
2025-12-04 17:58:03,669 - music_tracker - INFO - Checking for duplicates in database...
2025-12-04 17:58:05,016 - music_tracker - INFO - Found 8 new songs out of 8 total
2025-12-04 17:58:05,018 - music_tracker - INFO - Found 8 new songs to save
2025-12-04 17:58:05,019 - music_tracker - INFO - Saving songs to database...
2025-12-04 17:58:05,322 - music_tracker - INFO - Successfully saved 8 songs to database
2025-12-04 17:58:05,324 - music_tracker - INFO - Successfully saved 8 songs to database
2025-12-04 17:58:05,325 - music_tracker - INFO - Song collection completed successfully
2025-12-04 18:58:03,267 - music_tracker - INFO - SpotiSpy song collection starting...
2025-12-04 18:58:03,267 - music_tracker - INFO - Starting song collection (last 1 hours)
2025-12-04 18:58:03,268 - music_tracker - INFO - Fetching recent tracks from Spotify...
2025-12-04 18:58:03,634 - music_tracker - INFO - No recent songs found from Spotify
2025-12-04 18:58:03,636 - music_tracker - INFO - No new songs found from Spotify API
2025-12-04 18:58:03,637 - music_tracker - INFO - Song collection completed successfully
2025-12-04 19:58:03,532 - music_tracker - INFO - SpotiSpy song collection starting...
2025-12-04 19:58:03,532 - music_tracker - INFO - Starting song collection (last 1 hours)
2025-12-04 19:58:03,533 - music_tracker - INFO - Fetching recent tracks from Spotify...
2025-12-04 19:58:03,951 - music_tracker - INFO - No recent songs found from Spotify
2025-12-04 19:58:03,953 - music_tracker - INFO - No new songs found from Spotify API
2025-12-04 19:58:03,953 - music_tracker - INFO - Song collection completed successfully
2025-12-04 20:58:02,853 - music_tracker - INFO - SpotiSpy song collection starting...
2025-12-04 20:58:02,853 - music_tracker - INFO - Starting song collection (last 1 hours)
2025-12-04 20:58:02,854 - music_tracker - INFO - Fetching recent tracks from Spotify...
2025-12-04 20:58:03,305 - music_tracker - INFO - No recent songs found from Spotify
2025-12-04 20:58:03,307 - music_tracker - INFO - No new songs found from Spotify API
2025-12-04 20:58:03,307 - music_tracker - INFO - Song collection completed successfully
2025-12-04 21:58:03,204 - music_tracker - INFO - SpotiSpy song collection starting...
2025-12-04 21:58:03,205 - music_tracker - INFO - Starting song collection (last 1 hours)
2025-12-04 21:58:03,206 - music_tracker - INFO - Fetching recent tracks from Spotify...
2025-12-04 21:58:03,596 - music_tracker - INFO - No recent songs found from Spotify
2025-12-04 21:58:03,599 - music_tracker - INFO - No new songs found from Spotify API
2025-12-04 21:58:03,599 - music_tracker - INFO - Song collection completed successfully
2025-12-04 22:58:03,544 - music_tracker - INFO - SpotiSpy song collection starting...
2025-12-04 22:58:03,545 - music_tracker - INFO - Starting song collection (last 1 hours)
2025-12-04 22:58:03,546 - music_tracker - INFO - Fetching recent tracks from Spotify...
2025-12-04 22:58:03,913 - music_tracker - INFO - No recent songs found from Spotify
2025-12-04 22:58:03,915 - music_tracker - INFO - No new songs found from Spotify API
2025-12-04 22:58:03,915 - music_tracker - INFO - Song collection completed successfully
2025-12-04 23:58:02,799 - music_tracker - INFO - SpotiSpy song collection starting...
2025-12-04 23:58:02,799 - music_tracker - INFO - Starting song collection (last 1 hours)
2025-12-04 23:58:02,800 - music_tracker - INFO - Fetching recent tracks from Spotify...
2025-12-04 23:58:03,159 - music_tracker - INFO - No recent songs found from Spotify
2025-12-04 23:58:03,161 - music_tracker - INFO - No new songs found from Spotify API
2025-12-04 23:58:03,162 - music_tracker - INFO - Song collection completed successfully
