2025-12-19 00:58:03,226 - music_tracker - INFO - SpotiSpy song collection starting...
2025-12-19 00:58:03,226 - music_tracker - INFO - Starting song collection (last 1 hours)
2025-12-19 00:58:03,227 - music_tracker - INFO - Fetching recent tracks from Spotify...
2025-12-19 00:58:03,613 - music_tracker - INFO - No recent songs found from Spotify
2025-12-19 00:58:03,615 - music_tracker - INFO - No new songs found from Spotify API
2025-12-19 00:58:03,616 - music_tracker - INFO - Song collection completed successfully
2025-12-19 01:58:03,508 - music_tracker - INFO - SpotiSpy song collection starting...
2025-12-19 01:58:03,509 - music_tracker - INFO - Starting song collection (last 1 hours)
2025-12-19 01:58:03,510 - music_tracker - INFO - Fetching recent tracks from Spotify...
2025-12-19 01:58:03,888 - music_tracker - INFO - No recent songs found from Spotify
2025-12-19 01:58:03,890 - music_tracker - INFO - No new songs found from Spotify API
2025-12-19 01:58:03,890 - music_tracker - INFO - Song collection completed successfully
2025-12-19 02:58:02,808 - music_tracker - INFO - SpotiSpy song collection starting...
2025-12-19 02:58:02,808 - music_tracker - INFO - Starting song collection (last 1 hours)
2025-12-19 02:58:02,809 - music_tracker - INFO - Fetching recent tracks from Spotify...
2025-12-19 02:58:03,157 - music_tracker - INFO - No recent songs found from Spotify
2025-12-19 02:58:03,159 - music_tracker - INFO - No new songs found from Spotify API
2025-12-19 02:58:03,160 - music_tracker - INFO - Song collection completed successfully
2025-12-19 03:58:03,081 - music_tracker - INFO - SpotiSpy song collection starting...
2025-12-19 03:58:03,081 - music_tracker - INFO - Starting song collection (last 1 hours)
2025-12-19 03:58:03,082 - music_tracker - INFO - Fetching recent tracks from Spotify...
2025-12-19 03:58:03,469 - music_tracker - INFO - No recent songs found from Spotify
2025-12-19 03:58:03,471 - music_tracker - INFO - No new songs found from Spotify API
2025-12-19 03:58:03,472 - music_tracker - INFO - Song collection completed successfully
2025-12-19 04:58:03,357 - music_tracker - INFO - SpotiSpy song collection starting...
2025-12-19 04:58:03,358 - music_tracker - INFO - Starting song collection (last 1 hours)
2025-12-19 04:58:03,359 - music_tracker - INFO - Fetching recent tracks from Spotify...
2025-12-19 04:58:03,702 - music_tracker - INFO - No recent songs found from Spotify
2025-12-19 04:58:03,704 - music_tracker - INFO - No new songs found from Spotify API
2025-12-19 04:58:03,704 - music_tracker - INFO - Song collection completed successfully
2025-12-19 05:58:02,649 - music_tracker - INFO - SpotiSpy song collection starting...
2025-12-19 05:58:02,650 - music_tracker - INFO - Starting song collection (last 1 hours)
2025-12-19 05:58:02,651 - music_tracker - INFO - Fetching recent tracks from Spotify...
2025-12-19 05:58:03,032 - music_tracker - INFO - No recent songs found from Spotify
2025-12-19 05:58:03,034 - music_tracker - INFO - No new songs found from Spotify API
2025-12-19 05:58:03,034 - music_tracker - INFO - Song collection completed successfully
2025-12-19 06:58:03,067 - music_tracker - INFO - SpotiSpy song collection starting...
2025-12-19 06:58:03,068 - music_tracker - INFO - Starting song collection (last 1 hours)
2025-12-19 06:58:03,068 - music_tracker - INFO - Fetching recent tracks from Spotify...
2025-12-19 06:58:03,417 - music_tracker - INFO - No recent songs found from Spotify
2025-12-19 06:58:03,419 - music_tracker - INFO - No new songs found from Spotify API
2025-12-19 06:58:03,419 - music_tracker - INFO - Song collection completed successfully
2025-12-19 07:58:03,312 - music_tracker - INFO - SpotiSpy song collection starting...
2025-12-19 07:58:03,313 - music_tracker - INFO - Starting song collection (last 1 hours)
2025-12-19 07:58:03,314 - music_tracker - INFO - Fetching recent tracks from Spotify...
2025-12-19 07:58:03,682 - music_tracker - INFO - No recent songs found from Spotify
2025-12-19 07:58:03,684 - music_tracker - INFO - No new songs found from Spotify API
2025-12-19 07:58:03,685 - music_tracker - INFO - Song collection completed successfully
2025-12-19 08:58:03,588 - music_tracker - INFO - SpotiSpy song collection starting...
2025-12-19 08:58:03,589 - music_tracker - INFO - Starting song collection (last 1 hours)
2025-12-19 08:58:03,589 - music_tracker - INFO - Fetching recent tracks from Spotify...
2025-12-19 08:58:03,955 - music_tracker - INFO - No recent songs found from Spotify
2025-12-19 08:58:03,957 - music_tracker - INFO - No new songs found from Spotify API
2025-12-19 08:58:03,958 - music_tracker - INFO - Song collection completed successfully
2025-12-19 09:00:12,724 - music_tracker - INFO - SpotiSpy starting...
2025-12-19 09:00:12,724 - music_tracker - INFO - Starting daily SpotiSpy analysis
2025-12-19 09:00:12,725 - music_tracker - INFO - Fetching yesterday's listening data...
2025-12-19 09:00:19,528 - music_tracker - INFO - Fetched 99 songs from database
2025-12-19 09:00:19,531 - music_tracker - INFO - Found 99 songs to analyze
2025-12-19 09:00:19,532 - music_tracker - INFO - Running analysis...
2025-12-19 09:00:19,544 - music_tracker - INFO - Sending daily summary to Slack...
2025-12-19 09:00:38,982 - music_tracker - INFO - Message sent successfully to Slack
2025-12-19 09:00:38,983 - music_tracker - INFO - Daily analysis completed successfully!
2025-12-19 09:00:38,983 - music_tracker - INFO - SpotiSpy completed successfully
2025-12-19 09:58:02,853 - music_tracker - INFO - SpotiSpy song collection starting...
2025-12-19 09:58:02,854 - music_tracker - INFO - Starting song collection (last 1 hours)
2025-12-19 09:58:02,854 - music_tracker - INFO - Fetching recent tracks from Spotify...
2025-12-19 09:58:03,257 - music_tracker - INFO - No recent songs found from Spotify
2025-12-19 09:58:03,259 - music_tracker - INFO - No new songs found from Spotify API
2025-12-19 09:58:03,260 - music_tracker - INFO - Song collection completed successfully
2025-12-19 10:58:03,142 - music_tracker - INFO - SpotiSpy song collection starting...
2025-12-19 10:58:03,143 - music_tracker - INFO - Starting song collection (last 1 hours)
2025-12-19 10:58:03,144 - music_tracker - INFO - Fetching recent tracks from Spotify...
2025-12-19 10:58:03,494 - music_tracker - INFO - No recent songs found from Spotify
2025-12-19 10:58:03,497 - music_tracker - INFO - No new songs found from Spotify API
2025-12-19 10:58:03,497 - music_tracker - INFO - Song collection completed successfully
2025-12-19 11:58:04,650 - music_tracker - INFO - SpotiSpy song collection starting...
2025-12-19 11:58:04,651 - music_tracker - INFO - Starting song collection (last 1 hours)
2025-12-19 11:58:04,652 - music_tracker - INFO - Fetching recent tracks from Spotify...
2025-12-19 11:58:05,009 - music_tracker - INFO - No recent songs found from Spotify
2025-12-19 11:58:05,011 - music_tracker - INFO - No new songs found from Spotify API
2025-12-19 11:58:05,011 - music_tracker - INFO - Song collection completed successfully
2025-12-19 12:58:02,953 - music_tracker - INFO - SpotiSpy song collection starting...
2025-12-19 12:58:02,953 - music_tracker - INFO - Starting song collection (last 1 hours)
2025-12-19 12:58:02,954 - music_tracker - INFO - Fetching recent tracks from Spotify...
2025-12-19 12:58:03,479 - music_tracker - INFO - Fetched 4 songs from Spotify
2025-12-19 12:58:03,481 - music_tracker - INFO - Found 4 songs from Spotify API
2025-12-19 12:58:03,482 - music_tracker - INFO - Checking for duplicates in database...
2025-12-19 12:58:05,016 - music_tracker - INFO - Found 4 new songs out of 4 total
2025-12-19 12:58:05,018 - music_tracker - INFO - Found 4 new songs to save
2025-12-19 12:58:05,019 - music_tracker - INFO - Saving songs to database...
2025-12-19 12:58:05,430 - music_tracker - INFO - Successfully saved 4 songs to database
2025-12-19 12:58:05,433 - music_tracker - INFO - Successfully saved 4 songs to database
2025-12-19 12:58:05,433 - music_tracker - INFO - Song collection completed successfully
2025-12-19 13:58:03,363 - music_tracker - INFO - SpotiSpy song collection starting...
2025-12-19 13:58:03,363 - music_tracker - INFO - Starting song collection (last 1 hours)
2025-12-19 13:58:03,364 - music_tracker - INFO - Fetching recent tracks from Spotify...
2025-12-19 13:58:03,857 - music_tracker - INFO - Fetched 12 songs from Spotify
2025-12-19 13:58:03,860 - music_tracker - INFO - Found 12 songs from Spotify API
2025-12-19 13:58:03,861 - music_tracker - INFO - Checking for duplicates in database...
2025-12-19 13:58:05,181 - music_tracker - INFO - Found 12 new songs out of 12 total
2025-12-19 13:58:05,183 - music_tracker - INFO - Found 12 new songs to save
2025-12-19 13:58:05,184 - music_tracker - INFO - Saving songs to database...
2025-12-19 13:58:05,486 - music_tracker - INFO - Successfully saved 12 songs to database
2025-12-19 13:58:05,488 - music_tracker - INFO - Successfully saved 12 songs to database
2025-12-19 13:58:05,489 - music_tracker - INFO - Song collection completed successfully
2025-12-19 14:58:03,397 - music_tracker - INFO - SpotiSpy song collection starting...
2025-12-19 14:58:03,397 - music_tracker - INFO - Starting song collection (last 1 hours)
2025-12-19 14:58:03,398 - music_tracker - INFO - Fetching recent tracks from Spotify...
2025-12-19 14:58:03,924 - music_tracker - INFO - Fetched 15 songs from Spotify
2025-12-19 14:58:03,927 - music_tracker - INFO - Found 15 songs from Spotify API
2025-12-19 14:58:03,928 - music_tracker - INFO - Checking for duplicates in database...
2025-12-19 14:58:05,366 - music_tracker - INFO - Found 15 new songs out of 15 total
2025-12-19 14:58:05,368 - music_tracker - INFO - Found 15 new songs to save
2025-12-19 14:58:05,369 - music_tracker - INFO - Saving songs to database...
2025-12-19 14:58:05,696 - music_tracker - INFO - Successfully saved 15 songs to database
2025-12-19 14:58:05,698 - music_tracker - INFO - Successfully saved 15 songs to database
2025-12-19 14:58:05,699 - music_tracker - INFO - Song collection completed successfully
2025-12-19 15:58:02,601 - music_tracker - INFO - SpotiSpy song collection starting...
2025-12-19 15:58:02,602 - music_tracker - INFO - Starting song collection (last 1 hours)
2025-12-19 15:58:02,602 - music_tracker - INFO - Fetching recent tracks from Spotify...
2025-12-19 15:58:02,934 - music_tracker - INFO - No recent songs found from Spotify
2025-12-19 15:58:02,936 - music_tracker - INFO - No new songs found from Spotify API
2025-12-19 15:58:02,936 - music_tracker - INFO - Song collection completed successfully
2025-12-19 16:58:02,830 - music_tracker - INFO - SpotiSpy song collection starting...
2025-12-19 16:58:02,830 - music_tracker - INFO - Starting song collection (last 1 hours)
2025-12-19 16:58:02,831 - music_tracker - INFO - Fetching recent tracks from Spotify...
2025-12-19 16:58:03,201 - music_tracker - INFO - No recent songs found from Spotify
2025-12-19 16:58:03,203 - music_tracker - INFO - No new songs found from Spotify API
2025-12-19 16:58:03,204 - music_tracker - INFO - Song collection completed successfully
2025-12-19 17:58:03,104 - music_tracker - INFO - SpotiSpy song collection starting...
2025-12-19 17:58:03,105 - music_tracker - INFO - Starting song collection (last 1 hours)
2025-12-19 17:58:03,106 - music_tracker - INFO - Fetching recent tracks from Spotify...
2025-12-19 17:58:03,472 - music_tracker - INFO - No recent songs found from Spotify
2025-12-19 17:58:03,474 - music_tracker - INFO - No new songs found from Spotify API
2025-12-19 17:58:03,474 - music_tracker - INFO - Song collection completed successfully
2025-12-19 18:58:03,378 - music_tracker - INFO - SpotiSpy song collection starting...
2025-12-19 18:58:03,379 - music_tracker - INFO - Starting song collection (last 1 hours)
2025-12-19 18:58:03,379 - music_tracker - INFO - Fetching recent tracks from Spotify...
2025-12-19 18:58:03,867 - music_tracker - INFO - No recent songs found from Spotify
2025-12-19 18:58:03,869 - music_tracker - INFO - No new songs found from Spotify API
2025-12-19 18:58:03,869 - music_tracker - INFO - Song collection completed successfully
2025-12-19 19:58:02,803 - music_tracker - INFO - SpotiSpy song collection starting...
2025-12-19 19:58:02,804 - music_tracker - INFO - Starting song collection (last 1 hours)
2025-12-19 19:58:02,805 - music_tracker - INFO - Fetching recent tracks from Spotify...
2025-12-19 19:58:08,296 - music_tracker - INFO - No recent songs found from Spotify
2025-12-19 19:58:08,299 - music_tracker - INFO - No new songs found from Spotify API
2025-12-19 19:58:08,300 - music_tracker - INFO - Song collection completed successfully
2025-12-19 20:58:03,227 - music_tracker - INFO - SpotiSpy song collection starting...
2025-12-19 20:58:03,228 - music_tracker - INFO - Starting song collection (last 1 hours)
2025-12-19 20:58:03,229 - music_tracker - INFO - Fetching recent tracks from Spotify...
2025-12-19 20:58:03,577 - music_tracker - INFO - No recent songs found from Spotify
2025-12-19 20:58:03,579 - music_tracker - INFO - No new songs found from Spotify API
2025-12-19 20:58:03,579 - music_tracker - INFO - Song collection completed successfully
2025-12-19 21:58:03,463 - music_tracker - INFO - SpotiSpy song collection starting...
2025-12-19 21:58:03,464 - music_tracker - INFO - Starting song collection (last 1 hours)
2025-12-19 21:58:03,464 - music_tracker - INFO - Fetching recent tracks from Spotify...
2025-12-19 21:58:03,810 - music_tracker - INFO - No recent songs found from Spotify
2025-12-19 21:58:03,812 - music_tracker - INFO - No new songs found from Spotify API
2025-12-19 21:58:03,813 - music_tracker - INFO - Song collection completed successfully
2025-12-19 22:58:02,709 - music_tracker - INFO - SpotiSpy song collection starting...
2025-12-19 22:58:02,710 - music_tracker - INFO - Starting song collection (last 1 hours)
2025-12-19 22:58:02,711 - music_tracker - INFO - Fetching recent tracks from Spotify...
2025-12-19 22:58:03,075 - music_tracker - INFO - No recent songs found from Spotify
2025-12-19 22:58:03,077 - music_tracker - INFO - No new songs found from Spotify API
2025-12-19 22:58:03,078 - music_tracker - INFO - Song collection completed successfully
2025-12-19 23:58:02,956 - music_tracker - INFO - SpotiSpy song collection starting...
2025-12-19 23:58:02,956 - music_tracker - INFO - Starting song collection (last 1 hours)
2025-12-19 23:58:02,957 - music_tracker - INFO - Fetching recent tracks from Spotify...
2025-12-19 23:58:03,325 - music_tracker - INFO - No recent songs found from Spotify
2025-12-19 23:58:03,327 - music_tracker - INFO - No new songs found from Spotify API
2025-12-19 23:58:03,328 - music_tracker - INFO - Song collection completed successfully
