2025-10-08 00:58:03,289 - music_tracker - INFO - SpotiSpy song collection starting...
2025-10-08 00:58:03,290 - music_tracker - INFO - Starting song collection (last 1 hours)
2025-10-08 00:58:03,291 - music_tracker - INFO - Fetching recent tracks from Spotify...
2025-10-08 00:58:03,639 - music_tracker - INFO - No recent songs found from Spotify
2025-10-08 00:58:03,641 - music_tracker - INFO - No new songs found from Spotify API
2025-10-08 00:58:03,642 - music_tracker - INFO - Song collection completed successfully
2025-10-08 01:58:03,557 - music_tracker - INFO - SpotiSpy song collection starting...
2025-10-08 01:58:03,558 - music_tracker - INFO - Starting song collection (last 1 hours)
2025-10-08 01:58:03,558 - music_tracker - INFO - Fetching recent tracks from Spotify...
2025-10-08 01:58:03,978 - music_tracker - INFO - No recent songs found from Spotify
2025-10-08 01:58:03,981 - music_tracker - INFO - No new songs found from Spotify API
2025-10-08 01:58:03,981 - music_tracker - INFO - Song collection completed successfully
2025-10-08 02:58:02,916 - music_tracker - INFO - SpotiSpy song collection starting...
2025-10-08 02:58:02,916 - music_tracker - INFO - Starting song collection (last 1 hours)
2025-10-08 02:58:02,917 - music_tracker - INFO - Fetching recent tracks from Spotify...
2025-10-08 02:58:03,281 - music_tracker - INFO - No recent songs found from Spotify
2025-10-08 02:58:03,283 - music_tracker - INFO - No new songs found from Spotify API
2025-10-08 02:58:03,283 - music_tracker - INFO - Song collection completed successfully
2025-10-08 03:58:03,330 - music_tracker - INFO - SpotiSpy song collection starting...
2025-10-08 03:58:03,331 - music_tracker - INFO - Starting song collection (last 1 hours)
2025-10-08 03:58:03,332 - music_tracker - INFO - Fetching recent tracks from Spotify...
2025-10-08 03:58:03,691 - music_tracker - INFO - No recent songs found from Spotify
2025-10-08 03:58:03,693 - music_tracker - INFO - No new songs found from Spotify API
2025-10-08 03:58:03,693 - music_tracker - INFO - Song collection completed successfully
2025-10-08 04:58:03,591 - music_tracker - INFO - SpotiSpy song collection starting...
2025-10-08 04:58:03,592 - music_tracker - INFO - Starting song collection (last 1 hours)
2025-10-08 04:58:03,592 - music_tracker - INFO - Fetching recent tracks from Spotify...
2025-10-08 04:58:03,927 - music_tracker - INFO - No recent songs found from Spotify
2025-10-08 04:58:03,929 - music_tracker - INFO - No new songs found from Spotify API
2025-10-08 04:58:03,930 - music_tracker - INFO - Song collection completed successfully
2025-10-08 05:58:02,817 - music_tracker - INFO - SpotiSpy song collection starting...
2025-10-08 05:58:02,817 - music_tracker - INFO - Starting song collection (last 1 hours)
2025-10-08 05:58:02,818 - music_tracker - INFO - Fetching recent tracks from Spotify...
2025-10-08 05:58:03,169 - music_tracker - INFO - No recent songs found from Spotify
2025-10-08 05:58:03,171 - music_tracker - INFO - No new songs found from Spotify API
2025-10-08 05:58:03,172 - music_tracker - INFO - Song collection completed successfully
2025-10-08 06:58:03,126 - music_tracker - INFO - SpotiSpy song collection starting...
2025-10-08 06:58:03,126 - music_tracker - INFO - Starting song collection (last 1 hours)
2025-10-08 06:58:03,127 - music_tracker - INFO - Fetching recent tracks from Spotify...
2025-10-08 06:58:03,489 - music_tracker - INFO - No recent songs found from Spotify
2025-10-08 06:58:03,491 - music_tracker - INFO - No new songs found from Spotify API
2025-10-08 06:58:03,491 - music_tracker - INFO - Song collection completed successfully
2025-10-08 07:58:03,380 - music_tracker - INFO - SpotiSpy song collection starting...
2025-10-08 07:58:03,381 - music_tracker - INFO - Starting song collection (last 1 hours)
2025-10-08 07:58:03,381 - music_tracker - INFO - Fetching recent tracks from Spotify...
2025-10-08 07:58:03,800 - music_tracker - INFO - No recent songs found from Spotify
2025-10-08 07:58:03,802 - music_tracker - INFO - No new songs found from Spotify API
2025-10-08 07:58:03,802 - music_tracker - INFO - Song collection completed successfully
2025-10-08 08:58:02,673 - music_tracker - INFO - SpotiSpy song collection starting...
2025-10-08 08:58:02,673 - music_tracker - INFO - Starting song collection (last 1 hours)
2025-10-08 08:58:02,674 - music_tracker - INFO - Fetching recent tracks from Spotify...
2025-10-08 08:58:03,031 - music_tracker - INFO - No recent songs found from Spotify
2025-10-08 08:58:03,034 - music_tracker - INFO - No new songs found from Spotify API
2025-10-08 08:58:03,034 - music_tracker - INFO - Song collection completed successfully
2025-10-08 09:00:12,994 - music_tracker - INFO - SpotiSpy starting...
2025-10-08 09:00:12,995 - music_tracker - INFO - Starting daily SpotiSpy analysis
2025-10-08 09:00:12,995 - music_tracker - INFO - Fetching yesterday's listening data...
2025-10-08 09:00:14,501 - music_tracker - INFO - Fetched 87 songs from database
2025-10-08 09:00:14,503 - music_tracker - INFO - Found 87 songs to analyze
2025-10-08 09:00:14,504 - music_tracker - INFO - Running analysis...
2025-10-08 09:00:14,515 - music_tracker - INFO - Sending daily summary to Slack...
2025-10-08 09:00:15,756 - music_tracker - INFO - Message sent successfully to Slack
2025-10-08 09:00:15,757 - music_tracker - INFO - Daily analysis completed successfully!
2025-10-08 09:00:15,757 - music_tracker - INFO - SpotiSpy completed successfully
2025-10-08 09:58:03,953 - music_tracker - INFO - SpotiSpy song collection starting...
2025-10-08 09:58:03,954 - music_tracker - INFO - Starting song collection (last 1 hours)
2025-10-08 09:58:03,955 - music_tracker - INFO - Fetching recent tracks from Spotify...
2025-10-08 09:58:04,399 - music_tracker - INFO - No recent songs found from Spotify
2025-10-08 09:58:04,402 - music_tracker - INFO - No new songs found from Spotify API
2025-10-08 09:58:04,402 - music_tracker - INFO - Song collection completed successfully
2025-10-08 10:58:03,348 - music_tracker - INFO - SpotiSpy song collection starting...
2025-10-08 10:58:03,349 - music_tracker - INFO - Starting song collection (last 1 hours)
2025-10-08 10:58:03,350 - music_tracker - INFO - Fetching recent tracks from Spotify...
2025-10-08 10:58:04,038 - music_tracker - INFO - Fetched 18 songs from Spotify
2025-10-08 10:58:04,042 - music_tracker - INFO - Found 18 songs from Spotify API
2025-10-08 10:58:04,043 - music_tracker - INFO - Checking for duplicates in database...
2025-10-08 10:58:05,424 - music_tracker - INFO - Found 18 new songs out of 18 total
2025-10-08 10:58:05,427 - music_tracker - INFO - Found 18 new songs to save
2025-10-08 10:58:05,428 - music_tracker - INFO - Saving songs to database...
2025-10-08 10:58:05,928 - music_tracker - INFO - Successfully saved 18 songs to database
2025-10-08 10:58:05,930 - music_tracker - INFO - Successfully saved 18 songs to database
2025-10-08 10:58:05,931 - music_tracker - INFO - Song collection completed successfully
2025-10-08 11:58:02,899 - music_tracker - INFO - SpotiSpy song collection starting...
2025-10-08 11:58:02,899 - music_tracker - INFO - Starting song collection (last 1 hours)
2025-10-08 11:58:02,900 - music_tracker - INFO - Fetching recent tracks from Spotify...
2025-10-08 11:58:03,401 - music_tracker - INFO - Fetched 12 songs from Spotify
2025-10-08 11:58:03,404 - music_tracker - INFO - Found 12 songs from Spotify API
2025-10-08 11:58:03,405 - music_tracker - INFO - Checking for duplicates in database...
2025-10-08 11:58:04,863 - music_tracker - INFO - Found 12 new songs out of 12 total
2025-10-08 11:58:04,865 - music_tracker - INFO - Found 12 new songs to save
2025-10-08 11:58:04,866 - music_tracker - INFO - Saving songs to database...
2025-10-08 11:58:05,165 - music_tracker - INFO - Successfully saved 12 songs to database
2025-10-08 11:58:05,167 - music_tracker - INFO - Successfully saved 12 songs to database
2025-10-08 11:58:05,168 - music_tracker - INFO - Song collection completed successfully
2025-10-08 12:58:03,163 - music_tracker - INFO - SpotiSpy song collection starting...
2025-10-08 12:58:03,164 - music_tracker - INFO - Starting song collection (last 1 hours)
2025-10-08 12:58:03,165 - music_tracker - INFO - Fetching recent tracks from Spotify...
2025-10-08 12:58:03,605 - music_tracker - INFO - Fetched 5 songs from Spotify
2025-10-08 12:58:03,608 - music_tracker - INFO - Found 5 songs from Spotify API
2025-10-08 12:58:03,608 - music_tracker - INFO - Checking for duplicates in database...
2025-10-08 12:58:05,010 - music_tracker - INFO - Found 5 new songs out of 5 total
2025-10-08 12:58:05,012 - music_tracker - INFO - Found 5 new songs to save
2025-10-08 12:58:05,013 - music_tracker - INFO - Saving songs to database...
2025-10-08 12:58:05,400 - music_tracker - INFO - Successfully saved 5 songs to database
2025-10-08 12:58:05,402 - music_tracker - INFO - Successfully saved 5 songs to database
2025-10-08 12:58:05,403 - music_tracker - INFO - Song collection completed successfully
2025-10-08 13:58:03,318 - music_tracker - INFO - SpotiSpy song collection starting...
2025-10-08 13:58:03,319 - music_tracker - INFO - Starting song collection (last 1 hours)
2025-10-08 13:58:03,320 - music_tracker - INFO - Fetching recent tracks from Spotify...
2025-10-08 13:58:03,891 - music_tracker - INFO - Fetched 2 songs from Spotify
2025-10-08 13:58:03,894 - music_tracker - INFO - Found 2 songs from Spotify API
2025-10-08 13:58:03,895 - music_tracker - INFO - Checking for duplicates in database...
2025-10-08 13:58:05,495 - music_tracker - INFO - Found 2 new songs out of 2 total
2025-10-08 13:58:05,497 - music_tracker - INFO - Found 2 new songs to save
2025-10-08 13:58:05,498 - music_tracker - INFO - Saving songs to database...
2025-10-08 13:58:05,803 - music_tracker - INFO - Successfully saved 2 songs to database
2025-10-08 13:58:05,805 - music_tracker - INFO - Successfully saved 2 songs to database
2025-10-08 13:58:05,806 - music_tracker - INFO - Song collection completed successfully
2025-10-08 14:58:03,264 - music_tracker - INFO - SpotiSpy song collection starting...
2025-10-08 14:58:03,264 - music_tracker - INFO - Starting song collection (last 1 hours)
2025-10-08 14:58:03,265 - music_tracker - INFO - Fetching recent tracks from Spotify...
2025-10-08 14:58:03,744 - music_tracker - INFO - Fetched 7 songs from Spotify
2025-10-08 14:58:03,747 - music_tracker - INFO - Found 7 songs from Spotify API
2025-10-08 14:58:03,747 - music_tracker - INFO - Checking for duplicates in database...
2025-10-08 14:58:05,062 - music_tracker - INFO - Found 7 new songs out of 7 total
2025-10-08 14:58:05,064 - music_tracker - INFO - Found 7 new songs to save
2025-10-08 14:58:05,065 - music_tracker - INFO - Saving songs to database...
2025-10-08 14:58:05,440 - music_tracker - INFO - Successfully saved 7 songs to database
2025-10-08 14:58:05,442 - music_tracker - INFO - Successfully saved 7 songs to database
2025-10-08 14:58:05,443 - music_tracker - INFO - Song collection completed successfully
2025-10-08 15:58:03,350 - music_tracker - INFO - SpotiSpy song collection starting...
2025-10-08 15:58:03,350 - music_tracker - INFO - Starting song collection (last 1 hours)
2025-10-08 15:58:03,351 - music_tracker - INFO - Fetching recent tracks from Spotify...
2025-10-08 15:58:03,813 - music_tracker - INFO - Fetched 7 songs from Spotify
2025-10-08 15:58:03,816 - music_tracker - INFO - Found 7 songs from Spotify API
2025-10-08 15:58:03,816 - music_tracker - INFO - Checking for duplicates in database...
2025-10-08 15:58:05,133 - music_tracker - INFO - Found 7 new songs out of 7 total
2025-10-08 15:58:05,135 - music_tracker - INFO - Found 7 new songs to save
2025-10-08 15:58:05,136 - music_tracker - INFO - Saving songs to database...
2025-10-08 15:58:05,500 - music_tracker - INFO - Successfully saved 7 songs to database
2025-10-08 15:58:05,502 - music_tracker - INFO - Successfully saved 7 songs to database
2025-10-08 15:58:05,503 - music_tracker - INFO - Song collection completed successfully
2025-10-08 16:58:03,427 - music_tracker - INFO - SpotiSpy song collection starting...
2025-10-08 16:58:03,428 - music_tracker - INFO - Starting song collection (last 1 hours)
2025-10-08 16:58:03,429 - music_tracker - INFO - Fetching recent tracks from Spotify...
2025-10-08 16:58:09,344 - music_tracker - INFO - Fetched 17 songs from Spotify
2025-10-08 16:58:09,349 - music_tracker - INFO - Found 17 songs from Spotify API
2025-10-08 16:58:09,350 - music_tracker - INFO - Checking for duplicates in database...
2025-10-08 16:58:10,774 - music_tracker - INFO - Found 17 new songs out of 17 total
2025-10-08 16:58:10,776 - music_tracker - INFO - Found 17 new songs to save
2025-10-08 16:58:10,777 - music_tracker - INFO - Saving songs to database...
2025-10-08 16:58:11,098 - music_tracker - INFO - Successfully saved 17 songs to database
2025-10-08 16:58:11,100 - music_tracker - INFO - Successfully saved 17 songs to database
2025-10-08 16:58:11,101 - music_tracker - INFO - Song collection completed successfully
2025-10-08 17:58:03,015 - music_tracker - INFO - SpotiSpy song collection starting...
2025-10-08 17:58:03,016 - music_tracker - INFO - Starting song collection (last 1 hours)
2025-10-08 17:58:03,017 - music_tracker - INFO - Fetching recent tracks from Spotify...
2025-10-08 17:58:03,544 - music_tracker - INFO - Fetched 13 songs from Spotify
2025-10-08 17:58:03,547 - music_tracker - INFO - Found 13 songs from Spotify API
2025-10-08 17:58:03,548 - music_tracker - INFO - Checking for duplicates in database...
2025-10-08 17:58:04,840 - music_tracker - INFO - Found 13 new songs out of 13 total
2025-10-08 17:58:04,842 - music_tracker - INFO - Found 13 new songs to save
2025-10-08 17:58:04,843 - music_tracker - INFO - Saving songs to database...
2025-10-08 17:58:10,173 - music_tracker - INFO - Successfully saved 13 songs to database
2025-10-08 17:58:10,175 - music_tracker - INFO - Successfully saved 13 songs to database
2025-10-08 17:58:10,176 - music_tracker - INFO - Song collection completed successfully
2025-10-08 18:58:03,091 - music_tracker - INFO - SpotiSpy song collection starting...
2025-10-08 18:58:03,092 - music_tracker - INFO - Starting song collection (last 1 hours)
2025-10-08 18:58:03,092 - music_tracker - INFO - Fetching recent tracks from Spotify...
2025-10-08 18:58:03,587 - music_tracker - INFO - Fetched 17 songs from Spotify
2025-10-08 18:58:03,590 - music_tracker - INFO - Found 17 songs from Spotify API
2025-10-08 18:58:03,591 - music_tracker - INFO - Checking for duplicates in database...
2025-10-08 18:58:04,230 - music_tracker - INFO - Found 17 new songs out of 17 total
2025-10-08 18:58:04,233 - music_tracker - INFO - Found 17 new songs to save
2025-10-08 18:58:04,234 - music_tracker - INFO - Saving songs to database...
2025-10-08 18:58:04,568 - music_tracker - INFO - Successfully saved 17 songs to database
2025-10-08 18:58:04,570 - music_tracker - INFO - Successfully saved 17 songs to database
2025-10-08 18:58:04,571 - music_tracker - INFO - Song collection completed successfully
2025-10-08 19:58:03,506 - music_tracker - INFO - SpotiSpy song collection starting...
2025-10-08 19:58:03,507 - music_tracker - INFO - Starting song collection (last 1 hours)
2025-10-08 19:58:03,508 - music_tracker - INFO - Fetching recent tracks from Spotify...
2025-10-08 19:58:03,935 - music_tracker - INFO - Fetched 7 songs from Spotify
2025-10-08 19:58:03,937 - music_tracker - INFO - Found 7 songs from Spotify API
2025-10-08 19:58:03,938 - music_tracker - INFO - Checking for duplicates in database...
2025-10-08 19:58:05,540 - music_tracker - INFO - Found 7 new songs out of 7 total
2025-10-08 19:58:05,542 - music_tracker - INFO - Found 7 new songs to save
2025-10-08 19:58:05,543 - music_tracker - INFO - Saving songs to database...
2025-10-08 19:58:05,813 - music_tracker - INFO - Successfully saved 7 songs to database
2025-10-08 19:58:05,814 - music_tracker - INFO - Successfully saved 7 songs to database
2025-10-08 19:58:05,815 - music_tracker - INFO - Song collection completed successfully
2025-10-08 20:58:02,733 - music_tracker - INFO - SpotiSpy song collection starting...
2025-10-08 20:58:02,734 - music_tracker - INFO - Starting song collection (last 1 hours)
2025-10-08 20:58:02,734 - music_tracker - INFO - Fetching recent tracks from Spotify...
2025-10-08 20:58:03,128 - music_tracker - INFO - No recent songs found from Spotify
2025-10-08 20:58:03,131 - music_tracker - INFO - No new songs found from Spotify API
2025-10-08 20:58:03,131 - music_tracker - INFO - Song collection completed successfully
2025-10-08 21:58:03,015 - music_tracker - INFO - SpotiSpy song collection starting...
2025-10-08 21:58:03,016 - music_tracker - INFO - Starting song collection (last 1 hours)
2025-10-08 21:58:03,016 - music_tracker - INFO - Fetching recent tracks from Spotify...
2025-10-08 21:58:03,549 - music_tracker - INFO - Fetched 2 songs from Spotify
2025-10-08 21:58:03,551 - music_tracker - INFO - Found 2 songs from Spotify API
2025-10-08 21:58:03,552 - music_tracker - INFO - Checking for duplicates in database...
2025-10-08 21:58:04,180 - music_tracker - INFO - Found 2 new songs out of 2 total
2025-10-08 21:58:04,183 - music_tracker - INFO - Found 2 new songs to save
2025-10-08 21:58:04,183 - music_tracker - INFO - Saving songs to database...
2025-10-08 21:58:04,424 - music_tracker - INFO - Successfully saved 2 songs to database
2025-10-08 21:58:04,426 - music_tracker - INFO - Successfully saved 2 songs to database
2025-10-08 21:58:04,426 - music_tracker - INFO - Song collection completed successfully
2025-10-08 22:58:03,327 - music_tracker - INFO - SpotiSpy song collection starting...
2025-10-08 22:58:03,327 - music_tracker - INFO - Starting song collection (last 1 hours)
2025-10-08 22:58:03,328 - music_tracker - INFO - Fetching recent tracks from Spotify...
2025-10-08 22:58:03,687 - music_tracker - INFO - No recent songs found from Spotify
2025-10-08 22:58:03,689 - music_tracker - INFO - No new songs found from Spotify API
2025-10-08 22:58:03,689 - music_tracker - INFO - Song collection completed successfully
2025-10-08 23:58:03,581 - music_tracker - INFO - SpotiSpy song collection starting...
2025-10-08 23:58:03,581 - music_tracker - INFO - Starting song collection (last 1 hours)
2025-10-08 23:58:03,582 - music_tracker - INFO - Fetching recent tracks from Spotify...
2025-10-08 23:58:03,939 - music_tracker - INFO - No recent songs found from Spotify
2025-10-08 23:58:03,941 - music_tracker - INFO - No new songs found from Spotify API
2025-10-08 23:58:03,942 - music_tracker - INFO - Song collection completed successfully
