2025-11-25 00:58:03,399 - music_tracker - INFO - SpotiSpy song collection starting...
2025-11-25 00:58:03,399 - music_tracker - INFO - Starting song collection (last 1 hours)
2025-11-25 00:58:03,400 - music_tracker - INFO - Fetching recent tracks from Spotify...
2025-11-25 00:58:03,757 - music_tracker - INFO - No recent songs found from Spotify
2025-11-25 00:58:03,759 - music_tracker - INFO - No new songs found from Spotify API
2025-11-25 00:58:03,759 - music_tracker - INFO - Song collection completed successfully
2025-11-25 01:58:02,644 - music_tracker - INFO - SpotiSpy song collection starting...
2025-11-25 01:58:02,645 - music_tracker - INFO - Starting song collection (last 1 hours)
2025-11-25 01:58:02,646 - music_tracker - INFO - Fetching recent tracks from Spotify...
2025-11-25 01:58:03,267 - music_tracker - INFO - No recent songs found from Spotify
2025-11-25 01:58:03,269 - music_tracker - INFO - No new songs found from Spotify API
2025-11-25 01:58:03,269 - music_tracker - INFO - Song collection completed successfully
2025-11-25 02:58:03,696 - music_tracker - INFO - SpotiSpy song collection starting...
2025-11-25 02:58:03,697 - music_tracker - INFO - Starting song collection (last 1 hours)
2025-11-25 02:58:03,698 - music_tracker - INFO - Fetching recent tracks from Spotify...
2025-11-25 02:58:04,101 - music_tracker - INFO - No recent songs found from Spotify
2025-11-25 02:58:04,103 - music_tracker - INFO - No new songs found from Spotify API
2025-11-25 02:58:04,104 - music_tracker - INFO - Song collection completed successfully
2025-11-25 03:58:03,024 - music_tracker - INFO - SpotiSpy song collection starting...
2025-11-25 03:58:03,025 - music_tracker - INFO - Starting song collection (last 1 hours)
2025-11-25 03:58:03,025 - music_tracker - INFO - Fetching recent tracks from Spotify...
2025-11-25 03:58:03,441 - music_tracker - INFO - No recent songs found from Spotify
2025-11-25 03:58:03,443 - music_tracker - INFO - No new songs found from Spotify API
2025-11-25 03:58:03,443 - music_tracker - INFO - Song collection completed successfully
2025-11-25 04:58:03,348 - music_tracker - INFO - SpotiSpy song collection starting...
2025-11-25 04:58:03,348 - music_tracker - INFO - Starting song collection (last 1 hours)
2025-11-25 04:58:03,349 - music_tracker - INFO - Fetching recent tracks from Spotify...
2025-11-25 04:58:03,741 - music_tracker - INFO - No recent songs found from Spotify
2025-11-25 04:58:03,743 - music_tracker - INFO - No new songs found from Spotify API
2025-11-25 04:58:03,744 - music_tracker - INFO - Song collection completed successfully
2025-11-25 05:58:02,644 - music_tracker - INFO - SpotiSpy song collection starting...
2025-11-25 05:58:02,644 - music_tracker - INFO - Starting song collection (last 1 hours)
2025-11-25 05:58:02,645 - music_tracker - INFO - Fetching recent tracks from Spotify...
2025-11-25 05:58:03,006 - music_tracker - INFO - No recent songs found from Spotify
2025-11-25 05:58:03,008 - music_tracker - INFO - No new songs found from Spotify API
2025-11-25 05:58:03,009 - music_tracker - INFO - Song collection completed successfully
2025-11-25 06:58:03,123 - music_tracker - INFO - SpotiSpy song collection starting...
2025-11-25 06:58:03,123 - music_tracker - INFO - Starting song collection (last 1 hours)
2025-11-25 06:58:03,124 - music_tracker - INFO - Fetching recent tracks from Spotify...
2025-11-25 06:58:03,485 - music_tracker - INFO - No recent songs found from Spotify
2025-11-25 06:58:03,487 - music_tracker - INFO - No new songs found from Spotify API
2025-11-25 06:58:03,487 - music_tracker - INFO - Song collection completed successfully
2025-11-25 07:58:03,383 - music_tracker - INFO - SpotiSpy song collection starting...
2025-11-25 07:58:03,384 - music_tracker - INFO - Starting song collection (last 1 hours)
2025-11-25 07:58:03,385 - music_tracker - INFO - Fetching recent tracks from Spotify...
2025-11-25 07:58:03,746 - music_tracker - INFO - No recent songs found from Spotify
2025-11-25 07:58:03,748 - music_tracker - INFO - No new songs found from Spotify API
2025-11-25 07:58:03,749 - music_tracker - INFO - Song collection completed successfully
2025-11-25 08:58:02,625 - music_tracker - INFO - SpotiSpy song collection starting...
2025-11-25 08:58:02,626 - music_tracker - INFO - Starting song collection (last 1 hours)
2025-11-25 08:58:02,627 - music_tracker - INFO - Fetching recent tracks from Spotify...
2025-11-25 08:58:03,082 - music_tracker - INFO - Fetched 5 songs from Spotify
2025-11-25 08:58:03,084 - music_tracker - INFO - Found 5 songs from Spotify API
2025-11-25 08:58:03,085 - music_tracker - INFO - Checking for duplicates in database...
2025-11-25 08:58:04,907 - music_tracker - INFO - Found 5 new songs out of 5 total
2025-11-25 08:58:04,909 - music_tracker - INFO - Found 5 new songs to save
2025-11-25 08:58:04,910 - music_tracker - INFO - Saving songs to database...
2025-11-25 08:58:05,331 - music_tracker - INFO - Successfully saved 5 songs to database
2025-11-25 08:58:05,333 - music_tracker - INFO - Successfully saved 5 songs to database
2025-11-25 08:58:05,334 - music_tracker - INFO - Song collection completed successfully
2025-11-25 09:00:12,897 - music_tracker - INFO - SpotiSpy starting...
2025-11-25 09:00:12,897 - music_tracker - INFO - Starting daily SpotiSpy analysis
2025-11-25 09:00:12,903 - music_tracker - INFO - Fetching yesterday's listening data...
2025-11-25 09:00:13,722 - music_tracker - INFO - Fetched 72 songs from database
2025-11-25 09:00:13,723 - music_tracker - INFO - Found 72 songs to analyze
2025-11-25 09:00:13,724 - music_tracker - INFO - Running analysis...
2025-11-25 09:00:13,730 - music_tracker - INFO - Sending daily summary to Slack...
2025-11-25 09:00:14,789 - music_tracker - INFO - Message sent successfully to Slack
2025-11-25 09:00:14,789 - music_tracker - INFO - Daily analysis completed successfully!
2025-11-25 09:00:14,790 - music_tracker - INFO - SpotiSpy completed successfully
2025-11-25 09:58:02,665 - music_tracker - INFO - SpotiSpy song collection starting...
2025-11-25 09:58:02,665 - music_tracker - INFO - Starting song collection (last 1 hours)
2025-11-25 09:58:02,666 - music_tracker - INFO - Fetching recent tracks from Spotify...
2025-11-25 09:58:03,058 - music_tracker - INFO - No recent songs found from Spotify
2025-11-25 09:58:03,060 - music_tracker - INFO - No new songs found from Spotify API
2025-11-25 09:58:03,061 - music_tracker - INFO - Song collection completed successfully
2025-11-25 10:58:02,948 - music_tracker - INFO - SpotiSpy song collection starting...
2025-11-25 10:58:02,949 - music_tracker - INFO - Starting song collection (last 1 hours)
2025-11-25 10:58:02,950 - music_tracker - INFO - Fetching recent tracks from Spotify...
2025-11-25 10:58:03,399 - music_tracker - INFO - Fetched 3 songs from Spotify
2025-11-25 10:58:03,401 - music_tracker - INFO - Found 3 songs from Spotify API
2025-11-25 10:58:03,402 - music_tracker - INFO - Checking for duplicates in database...
2025-11-25 10:58:04,803 - music_tracker - INFO - Found 3 new songs out of 3 total
2025-11-25 10:58:04,805 - music_tracker - INFO - Found 3 new songs to save
2025-11-25 10:58:04,806 - music_tracker - INFO - Saving songs to database...
2025-11-25 10:58:05,144 - music_tracker - INFO - Successfully saved 3 songs to database
2025-11-25 10:58:05,146 - music_tracker - INFO - Successfully saved 3 songs to database
2025-11-25 10:58:05,147 - music_tracker - INFO - Song collection completed successfully
2025-11-25 11:58:04,223 - music_tracker - INFO - SpotiSpy song collection starting...
2025-11-25 11:58:04,224 - music_tracker - INFO - Starting song collection (last 1 hours)
2025-11-25 11:58:04,225 - music_tracker - INFO - Fetching recent tracks from Spotify...
2025-11-25 11:58:04,710 - music_tracker - INFO - Fetched 3 songs from Spotify
2025-11-25 11:58:04,713 - music_tracker - INFO - Found 3 songs from Spotify API
2025-11-25 11:58:04,713 - music_tracker - INFO - Checking for duplicates in database...
2025-11-25 11:58:06,176 - music_tracker - INFO - Found 3 new songs out of 3 total
2025-11-25 11:58:06,178 - music_tracker - INFO - Found 3 new songs to save
2025-11-25 11:58:06,179 - music_tracker - INFO - Saving songs to database...
2025-11-25 11:58:06,484 - music_tracker - INFO - Successfully saved 3 songs to database
2025-11-25 11:58:06,486 - music_tracker - INFO - Successfully saved 3 songs to database
2025-11-25 11:58:06,486 - music_tracker - INFO - Song collection completed successfully
2025-11-25 12:58:03,432 - music_tracker - INFO - SpotiSpy song collection starting...
2025-11-25 12:58:03,433 - music_tracker - INFO - Starting song collection (last 1 hours)
2025-11-25 12:58:03,434 - music_tracker - INFO - Fetching recent tracks from Spotify...
2025-11-25 12:58:03,802 - music_tracker - INFO - No recent songs found from Spotify
2025-11-25 12:58:03,804 - music_tracker - INFO - No new songs found from Spotify API
2025-11-25 12:58:03,805 - music_tracker - INFO - Song collection completed successfully
2025-11-25 13:58:02,684 - music_tracker - INFO - SpotiSpy song collection starting...
2025-11-25 13:58:02,685 - music_tracker - INFO - Starting song collection (last 1 hours)
2025-11-25 13:58:02,685 - music_tracker - INFO - Fetching recent tracks from Spotify...
2025-11-25 13:58:03,116 - music_tracker - INFO - Fetched 7 songs from Spotify
2025-11-25 13:58:03,118 - music_tracker - INFO - Found 7 songs from Spotify API
2025-11-25 13:58:03,119 - music_tracker - INFO - Checking for duplicates in database...
2025-11-25 13:58:04,506 - music_tracker - INFO - Found 7 new songs out of 7 total
2025-11-25 13:58:04,508 - music_tracker - INFO - Found 7 new songs to save
2025-11-25 13:58:04,509 - music_tracker - INFO - Saving songs to database...
2025-11-25 13:58:04,889 - music_tracker - INFO - Successfully saved 7 songs to database
2025-11-25 13:58:04,892 - music_tracker - INFO - Successfully saved 7 songs to database
2025-11-25 13:58:04,892 - music_tracker - INFO - Song collection completed successfully
2025-11-25 14:58:02,819 - music_tracker - INFO - SpotiSpy song collection starting...
2025-11-25 14:58:02,819 - music_tracker - INFO - Starting song collection (last 1 hours)
2025-11-25 14:58:02,820 - music_tracker - INFO - Fetching recent tracks from Spotify...
2025-11-25 14:58:03,371 - music_tracker - INFO - Fetched 17 songs from Spotify
2025-11-25 14:58:03,374 - music_tracker - INFO - Found 17 songs from Spotify API
2025-11-25 14:58:03,375 - music_tracker - INFO - Checking for duplicates in database...
2025-11-25 14:58:04,778 - music_tracker - INFO - Found 17 new songs out of 17 total
2025-11-25 14:58:04,781 - music_tracker - INFO - Found 17 new songs to save
2025-11-25 14:58:04,782 - music_tracker - INFO - Saving songs to database...
2025-11-25 14:58:05,148 - music_tracker - INFO - Successfully saved 17 songs to database
2025-11-25 14:58:05,150 - music_tracker - INFO - Successfully saved 17 songs to database
2025-11-25 14:58:05,151 - music_tracker - INFO - Song collection completed successfully
2025-11-25 15:58:03,054 - music_tracker - INFO - SpotiSpy song collection starting...
2025-11-25 15:58:03,054 - music_tracker - INFO - Starting song collection (last 1 hours)
2025-11-25 15:58:03,055 - music_tracker - INFO - Fetching recent tracks from Spotify...
2025-11-25 15:58:03,611 - music_tracker - INFO - Fetched 14 songs from Spotify
2025-11-25 15:58:03,614 - music_tracker - INFO - Found 14 songs from Spotify API
2025-11-25 15:58:03,615 - music_tracker - INFO - Checking for duplicates in database...
2025-11-25 15:58:10,140 - music_tracker - INFO - Found 14 new songs out of 14 total
2025-11-25 15:58:10,143 - music_tracker - INFO - Found 14 new songs to save
2025-11-25 15:58:10,144 - music_tracker - INFO - Saving songs to database...
2025-11-25 15:58:10,541 - music_tracker - INFO - Successfully saved 14 songs to database
2025-11-25 15:58:10,543 - music_tracker - INFO - Successfully saved 14 songs to database
2025-11-25 15:58:10,544 - music_tracker - INFO - Song collection completed successfully
2025-11-25 16:58:03,456 - music_tracker - INFO - SpotiSpy song collection starting...
2025-11-25 16:58:03,456 - music_tracker - INFO - Starting song collection (last 1 hours)
2025-11-25 16:58:03,457 - music_tracker - INFO - Fetching recent tracks from Spotify...
2025-11-25 16:58:04,112 - music_tracker - INFO - Fetched 13 songs from Spotify
2025-11-25 16:58:04,116 - music_tracker - INFO - Found 13 songs from Spotify API
2025-11-25 16:58:04,117 - music_tracker - INFO - Checking for duplicates in database...
2025-11-25 16:58:05,510 - music_tracker - INFO - Found 13 new songs out of 13 total
2025-11-25 16:58:05,512 - music_tracker - INFO - Found 13 new songs to save
2025-11-25 16:58:05,513 - music_tracker - INFO - Saving songs to database...
2025-11-25 16:58:05,839 - music_tracker - INFO - Successfully saved 13 songs to database
2025-11-25 16:58:05,841 - music_tracker - INFO - Successfully saved 13 songs to database
2025-11-25 16:58:05,841 - music_tracker - INFO - Song collection completed successfully
2025-11-25 17:58:02,746 - music_tracker - INFO - SpotiSpy song collection starting...
2025-11-25 17:58:02,747 - music_tracker - INFO - Starting song collection (last 1 hours)
2025-11-25 17:58:02,747 - music_tracker - INFO - Fetching recent tracks from Spotify...
2025-11-25 17:58:03,193 - music_tracker - INFO - No recent songs found from Spotify
2025-11-25 17:58:03,195 - music_tracker - INFO - No new songs found from Spotify API
2025-11-25 17:58:03,196 - music_tracker - INFO - Song collection completed successfully
2025-11-25 18:58:03,086 - music_tracker - INFO - SpotiSpy song collection starting...
2025-11-25 18:58:03,086 - music_tracker - INFO - Starting song collection (last 1 hours)
2025-11-25 18:58:03,087 - music_tracker - INFO - Fetching recent tracks from Spotify...
2025-11-25 18:58:03,542 - music_tracker - INFO - Fetched 3 songs from Spotify
2025-11-25 18:58:03,544 - music_tracker - INFO - Found 3 songs from Spotify API
2025-11-25 18:58:03,545 - music_tracker - INFO - Checking for duplicates in database...
2025-11-25 18:58:05,101 - music_tracker - INFO - Found 3 new songs out of 3 total
2025-11-25 18:58:05,103 - music_tracker - INFO - Found 3 new songs to save
2025-11-25 18:58:05,104 - music_tracker - INFO - Saving songs to database...
2025-11-25 18:58:05,489 - music_tracker - INFO - Successfully saved 3 songs to database
2025-11-25 18:58:05,491 - music_tracker - INFO - Successfully saved 3 songs to database
2025-11-25 18:58:05,492 - music_tracker - INFO - Song collection completed successfully
2025-11-25 19:58:03,409 - music_tracker - INFO - SpotiSpy song collection starting...
2025-11-25 19:58:03,409 - music_tracker - INFO - Starting song collection (last 1 hours)
2025-11-25 19:58:03,410 - music_tracker - INFO - Fetching recent tracks from Spotify...
2025-11-25 19:58:03,818 - music_tracker - INFO - No recent songs found from Spotify
2025-11-25 19:58:03,820 - music_tracker - INFO - No new songs found from Spotify API
2025-11-25 19:58:03,821 - music_tracker - INFO - Song collection completed successfully
2025-11-25 20:58:02,693 - music_tracker - INFO - SpotiSpy song collection starting...
2025-11-25 20:58:02,693 - music_tracker - INFO - Starting song collection (last 1 hours)
2025-11-25 20:58:02,694 - music_tracker - INFO - Fetching recent tracks from Spotify...
2025-11-25 20:58:08,190 - music_tracker - INFO - No recent songs found from Spotify
2025-11-25 20:58:08,193 - music_tracker - INFO - No new songs found from Spotify API
2025-11-25 20:58:08,193 - music_tracker - INFO - Song collection completed successfully
2025-11-25 21:58:03,102 - music_tracker - INFO - SpotiSpy song collection starting...
2025-11-25 21:58:03,102 - music_tracker - INFO - Starting song collection (last 1 hours)
2025-11-25 21:58:03,103 - music_tracker - INFO - Fetching recent tracks from Spotify...
2025-11-25 21:58:03,479 - music_tracker - INFO - No recent songs found from Spotify
2025-11-25 21:58:03,481 - music_tracker - INFO - No new songs found from Spotify API
2025-11-25 21:58:03,482 - music_tracker - INFO - Song collection completed successfully
2025-11-25 22:58:03,377 - music_tracker - INFO - SpotiSpy song collection starting...
2025-11-25 22:58:03,378 - music_tracker - INFO - Starting song collection (last 1 hours)
2025-11-25 22:58:03,378 - music_tracker - INFO - Fetching recent tracks from Spotify...
2025-11-25 22:58:03,759 - music_tracker - INFO - No recent songs found from Spotify
2025-11-25 22:58:03,761 - music_tracker - INFO - No new songs found from Spotify API
2025-11-25 22:58:03,761 - music_tracker - INFO - Song collection completed successfully
2025-11-25 23:58:02,665 - music_tracker - INFO - SpotiSpy song collection starting...
2025-11-25 23:58:02,666 - music_tracker - INFO - Starting song collection (last 1 hours)
2025-11-25 23:58:02,666 - music_tracker - INFO - Fetching recent tracks from Spotify...
2025-11-25 23:58:03,431 - music_tracker - INFO - Fetched 1 songs from Spotify
2025-11-25 23:58:03,435 - music_tracker - INFO - Found 1 songs from Spotify API
2025-11-25 23:58:03,436 - music_tracker - INFO - Checking for duplicates in database...
2025-11-25 23:58:05,048 - music_tracker - INFO - Found 1 new songs out of 1 total
2025-11-25 23:58:05,050 - music_tracker - INFO - Found 1 new songs to save
2025-11-25 23:58:05,051 - music_tracker - INFO - Saving songs to database...
2025-11-25 23:58:05,402 - music_tracker - INFO - Successfully saved 1 songs to database
2025-11-25 23:58:05,405 - music_tracker - INFO - Successfully saved 1 songs to database
2025-11-25 23:58:05,405 - music_tracker - INFO - Song collection completed successfully
