2025-08-28 00:58:03,782 - music_tracker - INFO - SpotiSpy song collection starting...
2025-08-28 00:58:03,782 - music_tracker - INFO - Starting song collection (last 1 hours)
2025-08-28 00:58:03,783 - music_tracker - INFO - Fetching recent tracks from Spotify...
2025-08-28 00:58:04,191 - music_tracker - INFO - No recent songs found from Spotify
2025-08-28 00:58:04,193 - music_tracker - INFO - No new songs found from Spotify API
2025-08-28 00:58:04,193 - music_tracker - INFO - Song collection completed successfully
2025-08-28 01:58:03,120 - music_tracker - INFO - SpotiSpy song collection starting...
2025-08-28 01:58:03,120 - music_tracker - INFO - Starting song collection (last 1 hours)
2025-08-28 01:58:03,121 - music_tracker - INFO - Fetching recent tracks from Spotify...
2025-08-28 01:58:03,479 - music_tracker - INFO - No recent songs found from Spotify
2025-08-28 01:58:03,481 - music_tracker - INFO - No new songs found from Spotify API
2025-08-28 01:58:03,482 - music_tracker - INFO - Song collection completed successfully
2025-08-28 02:58:03,681 - music_tracker - INFO - SpotiSpy song collection starting...
2025-08-28 02:58:03,681 - music_tracker - INFO - Starting song collection (last 1 hours)
2025-08-28 02:58:03,682 - music_tracker - INFO - Fetching recent tracks from Spotify...
2025-08-28 02:58:04,044 - music_tracker - INFO - No recent songs found from Spotify
2025-08-28 02:58:04,046 - music_tracker - INFO - No new songs found from Spotify API
2025-08-28 02:58:04,047 - music_tracker - INFO - Song collection completed successfully
2025-08-28 03:58:02,956 - music_tracker - INFO - SpotiSpy song collection starting...
2025-08-28 03:58:02,956 - music_tracker - INFO - Starting song collection (last 1 hours)
2025-08-28 03:58:02,957 - music_tracker - INFO - Fetching recent tracks from Spotify...
2025-08-28 03:58:03,357 - music_tracker - INFO - No recent songs found from Spotify
2025-08-28 03:58:03,359 - music_tracker - INFO - No new songs found from Spotify API
2025-08-28 03:58:03,360 - music_tracker - INFO - Song collection completed successfully
2025-08-28 04:58:03,253 - music_tracker - INFO - SpotiSpy song collection starting...
2025-08-28 04:58:03,253 - music_tracker - INFO - Starting song collection (last 1 hours)
2025-08-28 04:58:03,254 - music_tracker - INFO - Fetching recent tracks from Spotify...
2025-08-28 04:58:03,590 - music_tracker - INFO - No recent songs found from Spotify
2025-08-28 04:58:03,592 - music_tracker - INFO - No new songs found from Spotify API
2025-08-28 04:58:03,593 - music_tracker - INFO - Song collection completed successfully
2025-08-28 05:58:03,480 - music_tracker - INFO - SpotiSpy song collection starting...
2025-08-28 05:58:03,481 - music_tracker - INFO - Starting song collection (last 1 hours)
2025-08-28 05:58:03,482 - music_tracker - INFO - Fetching recent tracks from Spotify...
2025-08-28 05:58:03,875 - music_tracker - INFO - No recent songs found from Spotify
2025-08-28 05:58:03,877 - music_tracker - INFO - No new songs found from Spotify API
2025-08-28 05:58:03,878 - music_tracker - INFO - Song collection completed successfully
2025-08-28 06:58:02,817 - music_tracker - INFO - SpotiSpy song collection starting...
2025-08-28 06:58:02,817 - music_tracker - INFO - Starting song collection (last 1 hours)
2025-08-28 06:58:02,818 - music_tracker - INFO - Fetching recent tracks from Spotify...
2025-08-28 06:58:03,179 - music_tracker - INFO - No recent songs found from Spotify
2025-08-28 06:58:03,181 - music_tracker - INFO - No new songs found from Spotify API
2025-08-28 06:58:03,182 - music_tracker - INFO - Song collection completed successfully
2025-08-28 07:58:03,229 - music_tracker - INFO - SpotiSpy song collection starting...
2025-08-28 07:58:03,230 - music_tracker - INFO - Starting song collection (last 1 hours)
2025-08-28 07:58:03,230 - music_tracker - INFO - Fetching recent tracks from Spotify...
2025-08-28 07:58:03,609 - music_tracker - INFO - No recent songs found from Spotify
2025-08-28 07:58:03,611 - music_tracker - INFO - No new songs found from Spotify API
2025-08-28 07:58:03,612 - music_tracker - INFO - Song collection completed successfully
2025-08-28 08:58:03,518 - music_tracker - INFO - SpotiSpy song collection starting...
2025-08-28 08:58:03,519 - music_tracker - INFO - Starting song collection (last 1 hours)
2025-08-28 08:58:03,519 - music_tracker - INFO - Fetching recent tracks from Spotify...
2025-08-28 08:58:03,921 - music_tracker - INFO - No recent songs found from Spotify
2025-08-28 08:58:03,923 - music_tracker - INFO - No new songs found from Spotify API
2025-08-28 08:58:03,924 - music_tracker - INFO - Song collection completed successfully
2025-08-28 09:00:12,411 - music_tracker - INFO - SpotiSpy starting...
2025-08-28 09:00:12,412 - music_tracker - INFO - Starting daily SpotiSpy analysis
2025-08-28 09:00:12,417 - music_tracker - INFO - Fetching yesterday's listening data...
2025-08-28 09:00:14,030 - music_tracker - INFO - Fetched 69 songs from database
2025-08-28 09:00:14,033 - music_tracker - INFO - Found 69 songs to analyze
2025-08-28 09:00:14,034 - music_tracker - INFO - Running analysis...
2025-08-28 09:00:14,043 - music_tracker - INFO - Sending daily summary to Slack...
2025-08-28 09:00:27,758 - music_tracker - INFO - Message sent successfully to Slack
2025-08-28 09:00:27,759 - music_tracker - INFO - Daily analysis completed successfully!
2025-08-28 09:00:27,759 - music_tracker - INFO - SpotiSpy completed successfully
2025-08-28 09:58:02,624 - music_tracker - INFO - SpotiSpy song collection starting...
2025-08-28 09:58:02,625 - music_tracker - INFO - Starting song collection (last 1 hours)
2025-08-28 09:58:02,626 - music_tracker - INFO - Fetching recent tracks from Spotify...
2025-08-28 09:58:03,071 - music_tracker - INFO - Fetched 2 songs from Spotify
2025-08-28 09:58:03,074 - music_tracker - INFO - Found 2 songs from Spotify API
2025-08-28 09:58:03,074 - music_tracker - INFO - Checking for duplicates in database...
2025-08-28 09:58:04,409 - music_tracker - INFO - Found 2 new songs out of 2 total
2025-08-28 09:58:04,411 - music_tracker - INFO - Found 2 new songs to save
2025-08-28 09:58:04,412 - music_tracker - INFO - Saving songs to database...
2025-08-28 09:58:04,779 - music_tracker - INFO - Successfully saved 2 songs to database
2025-08-28 09:58:04,781 - music_tracker - INFO - Successfully saved 2 songs to database
2025-08-28 09:58:04,782 - music_tracker - INFO - Song collection completed successfully
2025-08-28 10:58:02,701 - music_tracker - INFO - SpotiSpy song collection starting...
2025-08-28 10:58:02,702 - music_tracker - INFO - Starting song collection (last 1 hours)
2025-08-28 10:58:02,702 - music_tracker - INFO - Fetching recent tracks from Spotify...
2025-08-28 10:58:03,104 - music_tracker - INFO - Fetched 3 songs from Spotify
2025-08-28 10:58:03,106 - music_tracker - INFO - Found 3 songs from Spotify API
2025-08-28 10:58:03,107 - music_tracker - INFO - Checking for duplicates in database...
2025-08-28 10:58:04,386 - music_tracker - INFO - Found 3 new songs out of 3 total
2025-08-28 10:58:04,388 - music_tracker - INFO - Found 3 new songs to save
2025-08-28 10:58:04,389 - music_tracker - INFO - Saving songs to database...
2025-08-28 10:58:04,791 - music_tracker - INFO - Successfully saved 3 songs to database
2025-08-28 10:58:04,793 - music_tracker - INFO - Successfully saved 3 songs to database
2025-08-28 10:58:04,794 - music_tracker - INFO - Song collection completed successfully
2025-08-28 11:58:02,886 - music_tracker - INFO - SpotiSpy song collection starting...
2025-08-28 11:58:02,887 - music_tracker - INFO - Starting song collection (last 1 hours)
2025-08-28 11:58:02,888 - music_tracker - INFO - Fetching recent tracks from Spotify...
2025-08-28 11:58:03,330 - music_tracker - INFO - Fetched 4 songs from Spotify
2025-08-28 11:58:03,334 - music_tracker - INFO - Found 4 songs from Spotify API
2025-08-28 11:58:03,334 - music_tracker - INFO - Checking for duplicates in database...
2025-08-28 11:58:04,605 - music_tracker - INFO - Found 4 new songs out of 4 total
2025-08-28 11:58:04,608 - music_tracker - INFO - Found 4 new songs to save
2025-08-28 11:58:04,608 - music_tracker - INFO - Saving songs to database...
2025-08-28 11:58:04,957 - music_tracker - INFO - Successfully saved 4 songs to database
2025-08-28 11:58:04,959 - music_tracker - INFO - Successfully saved 4 songs to database
2025-08-28 11:58:04,960 - music_tracker - INFO - Song collection completed successfully
2025-08-28 12:58:02,881 - music_tracker - INFO - SpotiSpy song collection starting...
2025-08-28 12:58:02,882 - music_tracker - INFO - Starting song collection (last 1 hours)
2025-08-28 12:58:02,883 - music_tracker - INFO - Fetching recent tracks from Spotify...
2025-08-28 12:58:08,493 - music_tracker - INFO - Fetched 17 songs from Spotify
2025-08-28 12:58:08,498 - music_tracker - INFO - Found 17 songs from Spotify API
2025-08-28 12:58:08,499 - music_tracker - INFO - Checking for duplicates in database...
2025-08-28 12:58:09,729 - music_tracker - INFO - Found 17 new songs out of 17 total
2025-08-28 12:58:09,731 - music_tracker - INFO - Found 17 new songs to save
2025-08-28 12:58:09,732 - music_tracker - INFO - Saving songs to database...
2025-08-28 12:58:10,145 - music_tracker - INFO - Successfully saved 17 songs to database
2025-08-28 12:58:10,147 - music_tracker - INFO - Successfully saved 17 songs to database
2025-08-28 12:58:10,148 - music_tracker - INFO - Song collection completed successfully
2025-08-28 13:58:03,072 - music_tracker - INFO - SpotiSpy song collection starting...
2025-08-28 13:58:03,072 - music_tracker - INFO - Starting song collection (last 1 hours)
2025-08-28 13:58:03,073 - music_tracker - INFO - Fetching recent tracks from Spotify...
2025-08-28 13:58:03,488 - music_tracker - INFO - Fetched 2 songs from Spotify
2025-08-28 13:58:03,491 - music_tracker - INFO - Found 2 songs from Spotify API
2025-08-28 13:58:03,491 - music_tracker - INFO - Checking for duplicates in database...
2025-08-28 13:58:04,721 - music_tracker - INFO - Found 2 new songs out of 2 total
2025-08-28 13:58:04,723 - music_tracker - INFO - Found 2 new songs to save
2025-08-28 13:58:04,724 - music_tracker - INFO - Saving songs to database...
2025-08-28 13:58:05,060 - music_tracker - INFO - Successfully saved 2 songs to database
2025-08-28 13:58:05,062 - music_tracker - INFO - Successfully saved 2 songs to database
2025-08-28 13:58:05,063 - music_tracker - INFO - Song collection completed successfully
2025-08-28 14:58:04,147 - music_tracker - INFO - SpotiSpy song collection starting...
2025-08-28 14:58:04,149 - music_tracker - INFO - Starting song collection (last 1 hours)
2025-08-28 14:58:04,149 - music_tracker - INFO - Fetching recent tracks from Spotify...
2025-08-28 14:58:04,574 - music_tracker - INFO - No recent songs found from Spotify
2025-08-28 14:58:04,576 - music_tracker - INFO - No new songs found from Spotify API
2025-08-28 14:58:04,576 - music_tracker - INFO - Song collection completed successfully
2025-08-28 15:58:03,522 - music_tracker - INFO - SpotiSpy song collection starting...
2025-08-28 15:58:03,523 - music_tracker - INFO - Starting song collection (last 1 hours)
2025-08-28 15:58:03,524 - music_tracker - INFO - Fetching recent tracks from Spotify...
2025-08-28 15:58:03,896 - music_tracker - INFO - No recent songs found from Spotify
2025-08-28 15:58:03,898 - music_tracker - INFO - No new songs found from Spotify API
2025-08-28 15:58:03,899 - music_tracker - INFO - Song collection completed successfully
2025-08-28 16:58:02,817 - music_tracker - INFO - SpotiSpy song collection starting...
2025-08-28 16:58:02,818 - music_tracker - INFO - Starting song collection (last 1 hours)
2025-08-28 16:58:02,818 - music_tracker - INFO - Fetching recent tracks from Spotify...
2025-08-28 16:58:03,205 - music_tracker - INFO - No recent songs found from Spotify
2025-08-28 16:58:03,207 - music_tracker - INFO - No new songs found from Spotify API
2025-08-28 16:58:03,208 - music_tracker - INFO - Song collection completed successfully
2025-08-28 17:58:03,115 - music_tracker - INFO - SpotiSpy song collection starting...
2025-08-28 17:58:03,116 - music_tracker - INFO - Starting song collection (last 1 hours)
2025-08-28 17:58:03,116 - music_tracker - INFO - Fetching recent tracks from Spotify...
2025-08-28 17:58:03,541 - music_tracker - INFO - Fetched 3 songs from Spotify
2025-08-28 17:58:03,543 - music_tracker - INFO - Found 3 songs from Spotify API
2025-08-28 17:58:03,544 - music_tracker - INFO - Checking for duplicates in database...
2025-08-28 17:58:04,909 - music_tracker - INFO - Found 3 new songs out of 3 total
2025-08-28 17:58:04,912 - music_tracker - INFO - Found 3 new songs to save
2025-08-28 17:58:04,912 - music_tracker - INFO - Saving songs to database...
2025-08-28 17:58:05,292 - music_tracker - INFO - Successfully saved 3 songs to database
2025-08-28 17:58:05,294 - music_tracker - INFO - Successfully saved 3 songs to database
2025-08-28 17:58:05,295 - music_tracker - INFO - Song collection completed successfully
2025-08-28 18:58:03,213 - music_tracker - INFO - SpotiSpy song collection starting...
2025-08-28 18:58:03,214 - music_tracker - INFO - Starting song collection (last 1 hours)
2025-08-28 18:58:03,214 - music_tracker - INFO - Fetching recent tracks from Spotify...
2025-08-28 18:58:03,651 - music_tracker - INFO - Fetched 3 songs from Spotify
2025-08-28 18:58:03,653 - music_tracker - INFO - Found 3 songs from Spotify API
2025-08-28 18:58:03,654 - music_tracker - INFO - Checking for duplicates in database...
2025-08-28 18:58:04,384 - music_tracker - INFO - Found 3 new songs out of 3 total
2025-08-28 18:58:04,387 - music_tracker - INFO - Found 3 new songs to save
2025-08-28 18:58:04,387 - music_tracker - INFO - Saving songs to database...
2025-08-28 18:58:04,658 - music_tracker - INFO - Successfully saved 3 songs to database
2025-08-28 18:58:04,660 - music_tracker - INFO - Successfully saved 3 songs to database
2025-08-28 18:58:04,661 - music_tracker - INFO - Song collection completed successfully
2025-08-28 19:58:03,590 - music_tracker - INFO - SpotiSpy song collection starting...
2025-08-28 19:58:03,591 - music_tracker - INFO - Starting song collection (last 1 hours)
2025-08-28 19:58:03,591 - music_tracker - INFO - Fetching recent tracks from Spotify...
2025-08-28 19:58:04,022 - music_tracker - INFO - Fetched 2 songs from Spotify
2025-08-28 19:58:04,024 - music_tracker - INFO - Found 2 songs from Spotify API
2025-08-28 19:58:04,025 - music_tracker - INFO - Checking for duplicates in database...
2025-08-28 19:58:04,911 - music_tracker - INFO - Found 2 new songs out of 2 total
2025-08-28 19:58:04,913 - music_tracker - INFO - Found 2 new songs to save
2025-08-28 19:58:04,914 - music_tracker - INFO - Saving songs to database...
2025-08-28 19:58:05,235 - music_tracker - INFO - Successfully saved 2 songs to database
2025-08-28 19:58:05,237 - music_tracker - INFO - Successfully saved 2 songs to database
2025-08-28 19:58:05,238 - music_tracker - INFO - Song collection completed successfully
2025-08-28 20:58:03,166 - music_tracker - INFO - SpotiSpy song collection starting...
2025-08-28 20:58:03,166 - music_tracker - INFO - Starting song collection (last 1 hours)
2025-08-28 20:58:03,167 - music_tracker - INFO - Fetching recent tracks from Spotify...
2025-08-28 20:58:03,853 - music_tracker - INFO - Fetched 5 songs from Spotify
2025-08-28 20:58:03,856 - music_tracker - INFO - Found 5 songs from Spotify API
2025-08-28 20:58:03,857 - music_tracker - INFO - Checking for duplicates in database...
2025-08-28 20:58:05,081 - music_tracker - INFO - Found 5 new songs out of 5 total
2025-08-28 20:58:05,083 - music_tracker - INFO - Found 5 new songs to save
2025-08-28 20:58:05,084 - music_tracker - INFO - Saving songs to database...
2025-08-28 20:58:05,433 - music_tracker - INFO - Successfully saved 5 songs to database
2025-08-28 20:58:05,435 - music_tracker - INFO - Successfully saved 5 songs to database
2025-08-28 20:58:05,436 - music_tracker - INFO - Song collection completed successfully
2025-08-28 21:58:03,355 - music_tracker - INFO - SpotiSpy song collection starting...
2025-08-28 21:58:03,356 - music_tracker - INFO - Starting song collection (last 1 hours)
2025-08-28 21:58:03,356 - music_tracker - INFO - Fetching recent tracks from Spotify...
2025-08-28 21:58:03,801 - music_tracker - INFO - Fetched 6 songs from Spotify
2025-08-28 21:58:03,804 - music_tracker - INFO - Found 6 songs from Spotify API
2025-08-28 21:58:03,805 - music_tracker - INFO - Checking for duplicates in database...
2025-08-28 21:58:04,746 - music_tracker - INFO - Found 6 new songs out of 6 total
2025-08-28 21:58:04,748 - music_tracker - INFO - Found 6 new songs to save
2025-08-28 21:58:04,749 - music_tracker - INFO - Saving songs to database...
2025-08-28 21:58:05,120 - music_tracker - INFO - Successfully saved 6 songs to database
2025-08-28 21:58:05,122 - music_tracker - INFO - Successfully saved 6 songs to database
2025-08-28 21:58:05,123 - music_tracker - INFO - Song collection completed successfully
2025-08-28 22:58:03,056 - music_tracker - INFO - SpotiSpy song collection starting...
2025-08-28 22:58:03,057 - music_tracker - INFO - Starting song collection (last 1 hours)
2025-08-28 22:58:03,058 - music_tracker - INFO - Fetching recent tracks from Spotify...
2025-08-28 22:58:03,406 - music_tracker - INFO - No recent songs found from Spotify
2025-08-28 22:58:03,408 - music_tracker - INFO - No new songs found from Spotify API
2025-08-28 22:58:03,409 - music_tracker - INFO - Song collection completed successfully
2025-08-28 23:58:03,299 - music_tracker - INFO - SpotiSpy song collection starting...
2025-08-28 23:58:03,299 - music_tracker - INFO - Starting song collection (last 1 hours)
2025-08-28 23:58:03,300 - music_tracker - INFO - Fetching recent tracks from Spotify...
2025-08-28 23:58:03,798 - music_tracker - INFO - Fetched 7 songs from Spotify
2025-08-28 23:58:03,800 - music_tracker - INFO - Found 7 songs from Spotify API
2025-08-28 23:58:03,801 - music_tracker - INFO - Checking for duplicates in database...
2025-08-28 23:58:04,599 - music_tracker - INFO - Found 7 new songs out of 7 total
2025-08-28 23:58:04,601 - music_tracker - INFO - Found 7 new songs to save
2025-08-28 23:58:04,602 - music_tracker - INFO - Saving songs to database...
2025-08-28 23:58:04,862 - music_tracker - INFO - Successfully saved 7 songs to database
2025-08-28 23:58:04,864 - music_tracker - INFO - Successfully saved 7 songs to database
2025-08-28 23:58:04,865 - music_tracker - INFO - Song collection completed successfully
