2025-06-04 00:58:06,614 - music_tracker - INFO - Zero songs listened to
2025-06-04 00:58:06,614 - music_tracker - INFO - No songs uploaded.
2025-06-04 01:58:07,332 - music_tracker - INFO - Zero songs listened to
2025-06-04 01:58:07,333 - music_tracker - INFO - No songs uploaded.
2025-06-04 02:58:07,053 - music_tracker - INFO - Zero songs listened to
2025-06-04 02:58:07,054 - music_tracker - INFO - No songs uploaded.
2025-06-04 03:58:06,791 - music_tracker - INFO - Zero songs listened to
2025-06-04 03:58:06,791 - music_tracker - INFO - No songs uploaded.
2025-06-04 04:58:06,511 - music_tracker - INFO - Zero songs listened to
2025-06-04 04:58:06,512 - music_tracker - INFO - No songs uploaded.
2025-06-04 05:58:07,209 - music_tracker - INFO - Zero songs listened to
2025-06-04 05:58:07,210 - music_tracker - INFO - No songs uploaded.
2025-06-04 06:58:07,149 - music_tracker - INFO - Zero songs listened to
2025-06-04 06:58:07,149 - music_tracker - INFO - No songs uploaded.
2025-06-04 07:58:06,858 - music_tracker - INFO - Zero songs listened to
2025-06-04 07:58:06,858 - music_tracker - INFO - No songs uploaded.
2025-06-04 08:58:12,602 - music_tracker - INFO - Uploading 22 songs
2025-06-04 09:00:12,280 - music_tracker - INFO - Starting music tracker analysis
2025-06-04 09:00:12,281 - music_tracker - INFO - Fetching data
2025-06-04 09:00:12,628 - music_tracker - INFO - Fetched 81 recent songs
2025-06-04 09:00:12,633 - music_tracker - INFO - Running top listens analysis
2025-06-04 09:00:12,633 - music_tracker - INFO - Calculating top songs listens
2025-06-04 09:00:12,634 - music_tracker - INFO - Sending message with top 3 songs
2025-06-04 09:00:13,390 - music_tracker - INFO - Message successfully sent!
2025-06-04 09:00:13,391 - music_tracker - INFO - Calculating top albums listens
2025-06-04 09:00:13,391 - music_tracker - INFO - Sending message with top 3 albums
2025-06-04 09:00:14,061 - music_tracker - INFO - Message successfully sent!
2025-06-04 09:00:14,061 - music_tracker - INFO - Calculating top artists listens
2025-06-04 09:00:14,062 - music_tracker - INFO - Sending message with top 3 artists
2025-06-04 09:00:14,877 - music_tracker - INFO - Message successfully sent!
2025-06-04 09:00:14,878 - music_tracker - INFO - Running popularity and listening hours analysis
2025-06-04 09:00:14,878 - music_tracker - INFO - Finding most popular track
2025-06-04 09:00:14,878 - music_tracker - INFO - Most popular song found: Alright with score 84
2025-06-04 09:00:15,532 - music_tracker - INFO - Message successfully sent!
2025-06-04 09:00:15,533 - music_tracker - INFO - Calculating most listened hour
2025-06-04 09:00:15,533 - music_tracker - INFO - Most listened hour: 15:00 with 64:01
2025-06-04 09:00:16,193 - music_tracker - INFO - Message successfully sent!
2025-06-04 09:00:16,194 - music_tracker - INFO - Analysis completed successfully

2025-06-04 09:58:13,018 - music_tracker - INFO - Uploading 24 songs
2025-06-04 10:58:14,159 - music_tracker - INFO - Uploading 21 songs
2025-06-04 11:58:10,315 - music_tracker - INFO - Uploading 14 songs
2025-06-04 12:58:07,055 - music_tracker - INFO - Zero songs listened to
2025-06-04 12:58:07,056 - music_tracker - INFO - No songs uploaded.
2025-06-04 13:58:06,783 - music_tracker - INFO - Zero songs listened to
2025-06-04 13:58:06,784 - music_tracker - INFO - No songs uploaded.
2025-06-04 14:58:06,522 - music_tracker - INFO - Zero songs listened to
2025-06-04 14:58:06,522 - music_tracker - INFO - No songs uploaded.
2025-06-04 15:58:07,285 - music_tracker - INFO - Zero songs listened to
2025-06-04 15:58:07,285 - music_tracker - INFO - No songs uploaded.
2025-06-04 16:58:06,998 - music_tracker - INFO - Zero songs listened to
2025-06-04 16:58:06,999 - music_tracker - INFO - No songs uploaded.
2025-06-04 17:58:09,838 - music_tracker - INFO - Uploading 12 songs
2025-06-04 18:58:11,273 - music_tracker - INFO - Uploading 8 songs
2025-06-04 19:58:07,712 - music_tracker - INFO - Zero songs listened to
2025-06-04 19:58:07,713 - music_tracker - INFO - No songs uploaded.
2025-06-04 20:58:07,318 - music_tracker - INFO - Zero songs listened to
2025-06-04 20:58:07,319 - music_tracker - INFO - No songs uploaded.
2025-06-04 21:58:08,854 - music_tracker - INFO - Uploading 6 songs
2025-06-04 22:58:06,859 - music_tracker - INFO - Zero songs listened to
2025-06-04 22:58:06,861 - music_tracker - INFO - No songs uploaded.
2025-06-04 23:58:08,864 - music_tracker - INFO - Uploading 9 songs
