2025-06-11 00:58:06,585 - music_tracker - INFO - Zero songs listened to
2025-06-11 00:58:06,586 - music_tracker - INFO - No songs uploaded.
2025-06-11 01:58:07,298 - music_tracker - INFO - Zero songs listened to
2025-06-11 01:58:07,299 - music_tracker - INFO - No songs uploaded.
2025-06-11 02:58:11,458 - music_tracker - INFO - Uploading 18 songs
2025-06-11 03:58:12,714 - music_tracker - INFO - Uploading 22 songs
2025-06-11 04:58:11,313 - music_tracker - INFO - Uploading 21 songs
2025-06-11 05:58:09,406 - music_tracker - INFO - Uploading 9 songs
2025-06-11 06:58:07,186 - music_tracker - INFO - Zero songs listened to
2025-06-11 06:58:07,187 - music_tracker - INFO - No songs uploaded.
2025-06-11 07:58:06,976 - music_tracker - INFO - Zero songs listened to
2025-06-11 07:58:06,977 - music_tracker - INFO - No songs uploaded.
2025-06-11 08:58:06,674 - music_tracker - INFO - Zero songs listened to
2025-06-11 08:58:06,675 - music_tracker - INFO - No songs uploaded.
2025-06-11 09:00:12,074 - music_tracker - INFO - Starting music tracker analysis
2025-06-11 09:00:12,075 - music_tracker - INFO - Fetching data
2025-06-11 09:00:12,487 - music_tracker - INFO - Fetched 159 recent songs
2025-06-11 09:00:12,495 - music_tracker - INFO - Running top listens analysis
2025-06-11 09:00:12,495 - music_tracker - INFO - Calculating top songs listens
2025-06-11 09:00:12,496 - music_tracker - INFO - Sending message with top 3 songs
2025-06-11 09:00:13,308 - music_tracker - INFO - Message successfully sent!
2025-06-11 09:00:13,308 - music_tracker - INFO - Calculating top albums listens
2025-06-11 09:00:13,309 - music_tracker - INFO - Sending message with top 3 albums
2025-06-11 09:00:14,225 - music_tracker - INFO - Message successfully sent!
2025-06-11 09:00:14,226 - music_tracker - INFO - Calculating top artists listens
2025-06-11 09:00:14,226 - music_tracker - INFO - Sending message with top 3 artists
2025-06-11 09:00:15,026 - music_tracker - INFO - Message successfully sent!
2025-06-11 09:00:15,026 - music_tracker - INFO - Running popularity and listening hours analysis
2025-06-11 09:00:15,027 - music_tracker - INFO - Finding most popular track
2025-06-11 09:00:15,027 - music_tracker - INFO - Most popular song found: TOA with score 77
2025-06-11 09:00:15,768 - music_tracker - INFO - Message successfully sent!
2025-06-11 09:00:15,769 - music_tracker - INFO - Calculating most listened hour
2025-06-11 09:00:15,769 - music_tracker - INFO - Most listened hour: 08:00 with 59:13
2025-06-11 09:00:16,541 - music_tracker - INFO - Message successfully sent!
2025-06-11 09:00:16,541 - music_tracker - INFO - Analysis completed successfully

2025-06-11 09:58:09,493 - music_tracker - INFO - Uploading 8 songs
2025-06-11 10:58:08,761 - music_tracker - INFO - Uploading 4 songs
2025-06-11 11:58:09,675 - music_tracker - INFO - Uploading 12 songs
2025-06-11 12:58:09,833 - music_tracker - INFO - Uploading 9 songs
2025-06-11 13:58:08,872 - music_tracker - INFO - Uploading 8 songs
2025-06-11 14:58:07,217 - music_tracker - INFO - Uploading 1 song
2025-06-11 15:58:09,461 - music_tracker - INFO - Uploading 10 songs
2025-06-11 16:58:09,807 - music_tracker - INFO - Uploading 10 songs
2025-06-11 17:58:06,552 - music_tracker - INFO - Zero songs listened to
2025-06-11 17:58:06,552 - music_tracker - INFO - No songs uploaded.
2025-06-11 18:58:10,464 - music_tracker - INFO - Uploading 12 songs
2025-06-11 19:58:09,957 - music_tracker - INFO - Uploading 10 songs
2025-06-11 20:58:07,785 - music_tracker - INFO - Uploading 3 songs
2025-06-11 21:58:10,122 - music_tracker - INFO - Uploading 16 songs
2025-06-11 22:58:11,148 - music_tracker - INFO - Uploading 15 songs
2025-06-11 23:58:06,899 - music_tracker - INFO - Zero songs listened to
2025-06-11 23:58:06,900 - music_tracker - INFO - No songs uploaded.
