2025-10-13 00:58:03,345 - music_tracker - INFO - SpotiSpy song collection starting...
2025-10-13 00:58:03,345 - music_tracker - INFO - Starting song collection (last 1 hours)
2025-10-13 00:58:03,346 - music_tracker - INFO - Fetching recent tracks from Spotify...
2025-10-13 00:58:03,920 - music_tracker - INFO - Fetched 16 songs from Spotify
2025-10-13 00:58:03,923 - music_tracker - INFO - Found 16 songs from Spotify API
2025-10-13 00:58:03,924 - music_tracker - INFO - Checking for duplicates in database...
2025-10-13 00:58:05,439 - music_tracker - INFO - Found 16 new songs out of 16 total
2025-10-13 00:58:05,441 - music_tracker - INFO - Found 16 new songs to save
2025-10-13 00:58:05,442 - music_tracker - INFO - Saving songs to database...
2025-10-13 00:58:05,754 - music_tracker - INFO - Successfully saved 16 songs to database
2025-10-13 00:58:05,756 - music_tracker - INFO - Successfully saved 16 songs to database
2025-10-13 00:58:05,757 - music_tracker - INFO - Song collection completed successfully
2025-10-13 01:58:02,722 - music_tracker - INFO - SpotiSpy song collection starting...
2025-10-13 01:58:02,723 - music_tracker - INFO - Starting song collection (last 1 hours)
2025-10-13 01:58:02,723 - music_tracker - INFO - Fetching recent tracks from Spotify...
2025-10-13 01:58:03,370 - music_tracker - INFO - Fetched 16 songs from Spotify
2025-10-13 01:58:03,374 - music_tracker - INFO - Found 16 songs from Spotify API
2025-10-13 01:58:03,375 - music_tracker - INFO - Checking for duplicates in database...
2025-10-13 01:58:04,836 - music_tracker - INFO - Found 16 new songs out of 16 total
2025-10-13 01:58:04,838 - music_tracker - INFO - Found 16 new songs to save
2025-10-13 01:58:04,839 - music_tracker - INFO - Saving songs to database...
2025-10-13 01:58:05,272 - music_tracker - INFO - Successfully saved 16 songs to database
2025-10-13 01:58:05,274 - music_tracker - INFO - Successfully saved 16 songs to database
2025-10-13 01:58:05,275 - music_tracker - INFO - Song collection completed successfully
2025-10-13 02:58:03,248 - music_tracker - INFO - SpotiSpy song collection starting...
2025-10-13 02:58:03,248 - music_tracker - INFO - Starting song collection (last 1 hours)
2025-10-13 02:58:03,249 - music_tracker - INFO - Fetching recent tracks from Spotify...
2025-10-13 02:58:03,613 - music_tracker - INFO - No recent songs found from Spotify
2025-10-13 02:58:03,615 - music_tracker - INFO - No new songs found from Spotify API
2025-10-13 02:58:03,616 - music_tracker - INFO - Song collection completed successfully
2025-10-13 03:58:03,526 - music_tracker - INFO - SpotiSpy song collection starting...
2025-10-13 03:58:03,527 - music_tracker - INFO - Starting song collection (last 1 hours)
2025-10-13 03:58:03,528 - music_tracker - INFO - Fetching recent tracks from Spotify...
2025-10-13 03:58:03,883 - music_tracker - INFO - No recent songs found from Spotify
2025-10-13 03:58:03,885 - music_tracker - INFO - No new songs found from Spotify API
2025-10-13 03:58:03,886 - music_tracker - INFO - Song collection completed successfully
2025-10-13 04:58:02,788 - music_tracker - INFO - SpotiSpy song collection starting...
2025-10-13 04:58:02,788 - music_tracker - INFO - Starting song collection (last 1 hours)
2025-10-13 04:58:02,789 - music_tracker - INFO - Fetching recent tracks from Spotify...
2025-10-13 04:58:03,174 - music_tracker - INFO - No recent songs found from Spotify
2025-10-13 04:58:03,176 - music_tracker - INFO - No new songs found from Spotify API
2025-10-13 04:58:03,177 - music_tracker - INFO - Song collection completed successfully
2025-10-13 05:58:03,863 - music_tracker - INFO - SpotiSpy song collection starting...
2025-10-13 05:58:03,864 - music_tracker - INFO - Starting song collection (last 1 hours)
2025-10-13 05:58:03,865 - music_tracker - INFO - Fetching recent tracks from Spotify...
2025-10-13 05:58:04,278 - music_tracker - INFO - No recent songs found from Spotify
2025-10-13 05:58:04,281 - music_tracker - INFO - No new songs found from Spotify API
2025-10-13 05:58:04,281 - music_tracker - INFO - Song collection completed successfully
2025-10-13 06:58:03,229 - music_tracker - INFO - SpotiSpy song collection starting...
2025-10-13 06:58:03,230 - music_tracker - INFO - Starting song collection (last 1 hours)
2025-10-13 06:58:03,231 - music_tracker - INFO - Fetching recent tracks from Spotify...
2025-10-13 06:58:03,578 - music_tracker - INFO - No recent songs found from Spotify
2025-10-13 06:58:03,580 - music_tracker - INFO - No new songs found from Spotify API
2025-10-13 06:58:03,580 - music_tracker - INFO - Song collection completed successfully
2025-10-13 07:58:03,487 - music_tracker - INFO - SpotiSpy song collection starting...
2025-10-13 07:58:03,487 - music_tracker - INFO - Starting song collection (last 1 hours)
2025-10-13 07:58:03,488 - music_tracker - INFO - Fetching recent tracks from Spotify...
2025-10-13 07:58:03,882 - music_tracker - INFO - No recent songs found from Spotify
2025-10-13 07:58:03,884 - music_tracker - INFO - No new songs found from Spotify API
2025-10-13 07:58:03,884 - music_tracker - INFO - Song collection completed successfully
2025-10-13 08:58:02,935 - music_tracker - INFO - SpotiSpy song collection starting...
2025-10-13 08:58:02,935 - music_tracker - INFO - Starting song collection (last 1 hours)
2025-10-13 08:58:02,936 - music_tracker - INFO - Fetching recent tracks from Spotify...
2025-10-13 08:58:03,321 - music_tracker - INFO - No recent songs found from Spotify
2025-10-13 08:58:03,323 - music_tracker - INFO - No new songs found from Spotify API
2025-10-13 08:58:03,324 - music_tracker - INFO - Song collection completed successfully
2025-10-13 09:00:12,741 - music_tracker - INFO - SpotiSpy starting...
2025-10-13 09:00:12,742 - music_tracker - INFO - Starting daily SpotiSpy analysis
2025-10-13 09:00:12,742 - music_tracker - INFO - Fetching yesterday's listening data...
2025-10-13 09:00:14,311 - music_tracker - INFO - Fetched 79 songs from database
2025-10-13 09:00:14,314 - music_tracker - INFO - Found 79 songs to analyze
2025-10-13 09:00:14,314 - music_tracker - INFO - Running analysis...
2025-10-13 09:00:14,325 - music_tracker - INFO - Sending daily summary to Slack...
2025-10-13 09:00:15,159 - music_tracker - INFO - Message sent successfully to Slack
2025-10-13 09:00:15,160 - music_tracker - INFO - Daily analysis completed successfully!
2025-10-13 09:00:15,160 - music_tracker - INFO - SpotiSpy completed successfully
2025-10-13 09:58:04,266 - music_tracker - INFO - SpotiSpy song collection starting...
2025-10-13 09:58:04,267 - music_tracker - INFO - Starting song collection (last 1 hours)
2025-10-13 09:58:04,268 - music_tracker - INFO - Fetching recent tracks from Spotify...
2025-10-13 09:58:04,749 - music_tracker - INFO - Fetched 7 songs from Spotify
2025-10-13 09:58:04,752 - music_tracker - INFO - Found 7 songs from Spotify API
2025-10-13 09:58:04,753 - music_tracker - INFO - Checking for duplicates in database...
2025-10-13 09:58:06,035 - music_tracker - INFO - Found 7 new songs out of 7 total
2025-10-13 09:58:06,037 - music_tracker - INFO - Found 7 new songs to save
2025-10-13 09:58:06,038 - music_tracker - INFO - Saving songs to database...
2025-10-13 09:58:06,409 - music_tracker - INFO - Successfully saved 7 songs to database
2025-10-13 09:58:06,411 - music_tracker - INFO - Successfully saved 7 songs to database
2025-10-13 09:58:06,412 - music_tracker - INFO - Song collection completed successfully
2025-10-13 10:58:03,364 - music_tracker - INFO - SpotiSpy song collection starting...
2025-10-13 10:58:03,364 - music_tracker - INFO - Starting song collection (last 1 hours)
2025-10-13 10:58:03,365 - music_tracker - INFO - Fetching recent tracks from Spotify...
2025-10-13 10:58:03,871 - music_tracker - INFO - Fetched 6 songs from Spotify
2025-10-13 10:58:03,874 - music_tracker - INFO - Found 6 songs from Spotify API
2025-10-13 10:58:03,875 - music_tracker - INFO - Checking for duplicates in database...
2025-10-13 10:58:05,205 - music_tracker - INFO - Found 6 new songs out of 6 total
2025-10-13 10:58:05,207 - music_tracker - INFO - Found 6 new songs to save
2025-10-13 10:58:05,208 - music_tracker - INFO - Saving songs to database...
2025-10-13 10:58:05,607 - music_tracker - INFO - Successfully saved 6 songs to database
2025-10-13 10:58:05,609 - music_tracker - INFO - Successfully saved 6 songs to database
2025-10-13 10:58:05,610 - music_tracker - INFO - Song collection completed successfully
2025-10-13 11:58:03,543 - music_tracker - INFO - SpotiSpy song collection starting...
2025-10-13 11:58:03,543 - music_tracker - INFO - Starting song collection (last 1 hours)
2025-10-13 11:58:03,544 - music_tracker - INFO - Fetching recent tracks from Spotify...
2025-10-13 11:58:09,025 - music_tracker - INFO - Fetched 11 songs from Spotify
2025-10-13 11:58:09,030 - music_tracker - INFO - Found 11 songs from Spotify API
2025-10-13 11:58:09,031 - music_tracker - INFO - Checking for duplicates in database...
2025-10-13 11:58:10,411 - music_tracker - INFO - Found 11 new songs out of 11 total
2025-10-13 11:58:10,413 - music_tracker - INFO - Found 11 new songs to save
2025-10-13 11:58:10,414 - music_tracker - INFO - Saving songs to database...
2025-10-13 11:58:10,728 - music_tracker - INFO - Successfully saved 11 songs to database
2025-10-13 11:58:10,730 - music_tracker - INFO - Successfully saved 11 songs to database
2025-10-13 11:58:10,731 - music_tracker - INFO - Song collection completed successfully
2025-10-13 12:58:02,625 - music_tracker - INFO - SpotiSpy song collection starting...
2025-10-13 12:58:02,626 - music_tracker - INFO - Starting song collection (last 1 hours)
2025-10-13 12:58:02,627 - music_tracker - INFO - Fetching recent tracks from Spotify...
2025-10-13 12:58:03,143 - music_tracker - INFO - Fetched 17 songs from Spotify
2025-10-13 12:58:03,146 - music_tracker - INFO - Found 17 songs from Spotify API
2025-10-13 12:58:03,147 - music_tracker - INFO - Checking for duplicates in database...
2025-10-13 12:58:04,545 - music_tracker - INFO - Found 17 new songs out of 17 total
2025-10-13 12:58:04,547 - music_tracker - INFO - Found 17 new songs to save
2025-10-13 12:58:04,548 - music_tracker - INFO - Saving songs to database...
2025-10-13 12:58:04,841 - music_tracker - INFO - Successfully saved 17 songs to database
2025-10-13 12:58:04,843 - music_tracker - INFO - Successfully saved 17 songs to database
2025-10-13 12:58:04,844 - music_tracker - INFO - Song collection completed successfully
2025-10-13 13:58:02,768 - music_tracker - INFO - SpotiSpy song collection starting...
2025-10-13 13:58:02,768 - music_tracker - INFO - Starting song collection (last 1 hours)
2025-10-13 13:58:02,769 - music_tracker - INFO - Fetching recent tracks from Spotify...
2025-10-13 13:58:03,324 - music_tracker - INFO - Fetched 5 songs from Spotify
2025-10-13 13:58:03,327 - music_tracker - INFO - Found 5 songs from Spotify API
2025-10-13 13:58:03,327 - music_tracker - INFO - Checking for duplicates in database...
2025-10-13 13:58:04,746 - music_tracker - INFO - Found 5 new songs out of 5 total
2025-10-13 13:58:04,748 - music_tracker - INFO - Found 5 new songs to save
2025-10-13 13:58:04,749 - music_tracker - INFO - Saving songs to database...
2025-10-13 13:58:05,062 - music_tracker - INFO - Successfully saved 5 songs to database
2025-10-13 13:58:05,064 - music_tracker - INFO - Successfully saved 5 songs to database
2025-10-13 13:58:05,065 - music_tracker - INFO - Song collection completed successfully
2025-10-13 14:58:02,971 - music_tracker - INFO - SpotiSpy song collection starting...
2025-10-13 14:58:02,972 - music_tracker - INFO - Starting song collection (last 1 hours)
2025-10-13 14:58:02,972 - music_tracker - INFO - Fetching recent tracks from Spotify...
2025-10-13 14:58:03,554 - music_tracker - INFO - Fetched 13 songs from Spotify
2025-10-13 14:58:03,557 - music_tracker - INFO - Found 13 songs from Spotify API
2025-10-13 14:58:03,557 - music_tracker - INFO - Checking for duplicates in database...
2025-10-13 14:58:05,093 - music_tracker - INFO - Found 13 new songs out of 13 total
2025-10-13 14:58:05,095 - music_tracker - INFO - Found 13 new songs to save
2025-10-13 14:58:05,096 - music_tracker - INFO - Saving songs to database...
2025-10-13 14:58:05,526 - music_tracker - INFO - Successfully saved 13 songs to database
2025-10-13 14:58:05,528 - music_tracker - INFO - Successfully saved 13 songs to database
2025-10-13 14:58:05,529 - music_tracker - INFO - Song collection completed successfully
2025-10-13 15:58:03,463 - music_tracker - INFO - SpotiSpy song collection starting...
2025-10-13 15:58:03,464 - music_tracker - INFO - Starting song collection (last 1 hours)
2025-10-13 15:58:03,465 - music_tracker - INFO - Fetching recent tracks from Spotify...
2025-10-13 15:58:04,111 - music_tracker - INFO - Fetched 16 songs from Spotify
2025-10-13 15:58:04,114 - music_tracker - INFO - Found 16 songs from Spotify API
2025-10-13 15:58:04,115 - music_tracker - INFO - Checking for duplicates in database...
2025-10-13 15:58:05,610 - music_tracker - INFO - Found 16 new songs out of 16 total
2025-10-13 15:58:05,612 - music_tracker - INFO - Found 16 new songs to save
2025-10-13 15:58:05,613 - music_tracker - INFO - Saving songs to database...
2025-10-13 15:58:05,943 - music_tracker - INFO - Successfully saved 16 songs to database
2025-10-13 15:58:05,945 - music_tracker - INFO - Successfully saved 16 songs to database
2025-10-13 15:58:05,946 - music_tracker - INFO - Song collection completed successfully
2025-10-13 16:58:02,878 - music_tracker - INFO - SpotiSpy song collection starting...
2025-10-13 16:58:02,879 - music_tracker - INFO - Starting song collection (last 1 hours)
2025-10-13 16:58:02,880 - music_tracker - INFO - Fetching recent tracks from Spotify...
2025-10-13 16:58:03,507 - music_tracker - INFO - Fetched 18 songs from Spotify
2025-10-13 16:58:03,510 - music_tracker - INFO - Found 18 songs from Spotify API
2025-10-13 16:58:03,511 - music_tracker - INFO - Checking for duplicates in database...
2025-10-13 16:58:04,941 - music_tracker - INFO - Found 18 new songs out of 18 total
2025-10-13 16:58:04,943 - music_tracker - INFO - Found 18 new songs to save
2025-10-13 16:58:04,944 - music_tracker - INFO - Saving songs to database...
2025-10-13 16:58:05,244 - music_tracker - INFO - Successfully saved 18 songs to database
2025-10-13 16:58:05,246 - music_tracker - INFO - Successfully saved 18 songs to database
2025-10-13 16:58:05,247 - music_tracker - INFO - Song collection completed successfully
2025-10-13 17:58:03,174 - music_tracker - INFO - SpotiSpy song collection starting...
2025-10-13 17:58:03,175 - music_tracker - INFO - Starting song collection (last 1 hours)
2025-10-13 17:58:03,176 - music_tracker - INFO - Fetching recent tracks from Spotify...
2025-10-13 17:58:03,813 - music_tracker - INFO - Fetched 18 songs from Spotify
2025-10-13 17:58:03,816 - music_tracker - INFO - Found 18 songs from Spotify API
2025-10-13 17:58:03,816 - music_tracker - INFO - Checking for duplicates in database...
2025-10-13 17:58:05,196 - music_tracker - INFO - Found 18 new songs out of 18 total
2025-10-13 17:58:05,199 - music_tracker - INFO - Found 18 new songs to save
2025-10-13 17:58:05,199 - music_tracker - INFO - Saving songs to database...
2025-10-13 17:58:05,567 - music_tracker - INFO - Successfully saved 18 songs to database
2025-10-13 17:58:05,569 - music_tracker - INFO - Successfully saved 18 songs to database
2025-10-13 17:58:05,570 - music_tracker - INFO - Song collection completed successfully
2025-10-13 18:58:03,492 - music_tracker - INFO - SpotiSpy song collection starting...
2025-10-13 18:58:03,493 - music_tracker - INFO - Starting song collection (last 1 hours)
2025-10-13 18:58:03,493 - music_tracker - INFO - Fetching recent tracks from Spotify...
2025-10-13 18:58:04,024 - music_tracker - INFO - Fetched 1 songs from Spotify
2025-10-13 18:58:04,026 - music_tracker - INFO - Found 1 songs from Spotify API
2025-10-13 18:58:04,027 - music_tracker - INFO - Checking for duplicates in database...
2025-10-13 18:58:05,311 - music_tracker - INFO - Found 1 new songs out of 1 total
2025-10-13 18:58:05,314 - music_tracker - INFO - Found 1 new songs to save
2025-10-13 18:58:05,314 - music_tracker - INFO - Saving songs to database...
2025-10-13 18:58:05,667 - music_tracker - INFO - Successfully saved 1 songs to database
2025-10-13 18:58:05,669 - music_tracker - INFO - Successfully saved 1 songs to database
2025-10-13 18:58:05,670 - music_tracker - INFO - Song collection completed successfully
2025-10-13 19:58:03,574 - music_tracker - INFO - SpotiSpy song collection starting...
2025-10-13 19:58:03,574 - music_tracker - INFO - Starting song collection (last 1 hours)
2025-10-13 19:58:03,575 - music_tracker - INFO - Fetching recent tracks from Spotify...
2025-10-13 19:58:04,404 - music_tracker - INFO - Fetched 1 songs from Spotify
2025-10-13 19:58:04,407 - music_tracker - INFO - Found 1 songs from Spotify API
2025-10-13 19:58:04,408 - music_tracker - INFO - Checking for duplicates in database...
2025-10-13 19:58:05,472 - music_tracker - INFO - Found 1 new songs out of 1 total
2025-10-13 19:58:05,474 - music_tracker - INFO - Found 1 new songs to save
2025-10-13 19:58:05,475 - music_tracker - INFO - Saving songs to database...
2025-10-13 19:58:05,817 - music_tracker - INFO - Successfully saved 1 songs to database
2025-10-13 19:58:05,820 - music_tracker - INFO - Successfully saved 1 songs to database
2025-10-13 19:58:05,820 - music_tracker - INFO - Song collection completed successfully
2025-10-13 20:58:02,723 - music_tracker - INFO - SpotiSpy song collection starting...
2025-10-13 20:58:02,724 - music_tracker - INFO - Starting song collection (last 1 hours)
2025-10-13 20:58:02,725 - music_tracker - INFO - Fetching recent tracks from Spotify...
2025-10-13 20:58:03,176 - music_tracker - INFO - Fetched 1 songs from Spotify
2025-10-13 20:58:03,178 - music_tracker - INFO - Found 1 songs from Spotify API
2025-10-13 20:58:03,178 - music_tracker - INFO - Checking for duplicates in database...
2025-10-13 20:58:04,580 - music_tracker - INFO - Found 1 new songs out of 1 total
2025-10-13 20:58:04,582 - music_tracker - INFO - Found 1 new songs to save
2025-10-13 20:58:04,583 - music_tracker - INFO - Saving songs to database...
2025-10-13 20:58:04,889 - music_tracker - INFO - Successfully saved 1 songs to database
2025-10-13 20:58:04,892 - music_tracker - INFO - Successfully saved 1 songs to database
2025-10-13 20:58:04,892 - music_tracker - INFO - Song collection completed successfully
2025-10-13 21:58:02,780 - music_tracker - INFO - SpotiSpy song collection starting...
2025-10-13 21:58:02,781 - music_tracker - INFO - Starting song collection (last 1 hours)
2025-10-13 21:58:02,782 - music_tracker - INFO - Fetching recent tracks from Spotify...
2025-10-13 21:58:03,233 - music_tracker - INFO - Fetched 3 songs from Spotify
2025-10-13 21:58:03,235 - music_tracker - INFO - Found 3 songs from Spotify API
2025-10-13 21:58:03,236 - music_tracker - INFO - Checking for duplicates in database...
2025-10-13 21:58:04,579 - music_tracker - INFO - Found 3 new songs out of 3 total
2025-10-13 21:58:04,581 - music_tracker - INFO - Found 3 new songs to save
2025-10-13 21:58:04,582 - music_tracker - INFO - Saving songs to database...
2025-10-13 21:58:04,859 - music_tracker - INFO - Successfully saved 3 songs to database
2025-10-13 21:58:04,861 - music_tracker - INFO - Successfully saved 3 songs to database
2025-10-13 21:58:04,862 - music_tracker - INFO - Song collection completed successfully
2025-10-13 22:58:02,777 - music_tracker - INFO - SpotiSpy song collection starting...
2025-10-13 22:58:02,777 - music_tracker - INFO - Starting song collection (last 1 hours)
2025-10-13 22:58:02,778 - music_tracker - INFO - Fetching recent tracks from Spotify...
2025-10-13 22:58:03,243 - music_tracker - INFO - Fetched 10 songs from Spotify
2025-10-13 22:58:03,245 - music_tracker - INFO - Found 10 songs from Spotify API
2025-10-13 22:58:03,246 - music_tracker - INFO - Checking for duplicates in database...
2025-10-13 22:58:04,288 - music_tracker - INFO - Found 10 new songs out of 10 total
2025-10-13 22:58:04,290 - music_tracker - INFO - Found 10 new songs to save
2025-10-13 22:58:04,291 - music_tracker - INFO - Saving songs to database...
2025-10-13 22:58:04,682 - music_tracker - INFO - Successfully saved 10 songs to database
2025-10-13 22:58:04,684 - music_tracker - INFO - Successfully saved 10 songs to database
2025-10-13 22:58:04,685 - music_tracker - INFO - Song collection completed successfully
2025-10-13 23:58:02,613 - music_tracker - INFO - SpotiSpy song collection starting...
2025-10-13 23:58:02,613 - music_tracker - INFO - Starting song collection (last 1 hours)
2025-10-13 23:58:02,614 - music_tracker - INFO - Fetching recent tracks from Spotify...
2025-10-13 23:58:03,176 - music_tracker - INFO - Fetched 17 songs from Spotify
2025-10-13 23:58:03,179 - music_tracker - INFO - Found 17 songs from Spotify API
2025-10-13 23:58:03,179 - music_tracker - INFO - Checking for duplicates in database...
2025-10-13 23:58:04,438 - music_tracker - INFO - Found 17 new songs out of 17 total
2025-10-13 23:58:04,440 - music_tracker - INFO - Found 17 new songs to save
2025-10-13 23:58:04,441 - music_tracker - INFO - Saving songs to database...
2025-10-13 23:58:04,748 - music_tracker - INFO - Successfully saved 17 songs to database
2025-10-13 23:58:04,750 - music_tracker - INFO - Successfully saved 17 songs to database
2025-10-13 23:58:04,751 - music_tracker - INFO - Song collection completed successfully
