2025-05-16 00:58:06,607 - music_tracker - INFO - Zero songs listened to
2025-05-16 00:58:06,607 - music_tracker - INFO - No songs uploaded.
2025-05-16 01:58:07,308 - music_tracker - INFO - Zero songs listened to
2025-05-16 01:58:07,309 - music_tracker - INFO - No songs uploaded.
2025-05-16 02:58:07,040 - music_tracker - INFO - Zero songs listened to
2025-05-16 02:58:07,041 - music_tracker - INFO - No songs uploaded.
2025-05-16 03:58:06,781 - music_tracker - INFO - Zero songs listened to
2025-05-16 03:58:06,781 - music_tracker - INFO - No songs uploaded.
2025-05-16 04:58:06,497 - music_tracker - INFO - Zero songs listened to
2025-05-16 04:58:06,498 - music_tracker - INFO - No songs uploaded.
2025-05-16 05:58:07,210 - music_tracker - INFO - Zero songs listened to
2025-05-16 05:58:07,210 - music_tracker - INFO - No songs uploaded.
2025-05-16 06:58:07,114 - music_tracker - INFO - Zero songs listened to
2025-05-16 06:58:07,115 - music_tracker - INFO - No songs uploaded.
2025-05-16 07:58:06,845 - music_tracker - INFO - Zero songs listened to
2025-05-16 07:58:06,846 - music_tracker - INFO - No songs uploaded.
2025-05-16 08:58:06,560 - music_tracker - INFO - Zero songs listened to
2025-05-16 08:58:06,561 - music_tracker - INFO - No songs uploaded.
2025-05-16 09:00:11,989 - music_tracker - INFO - Starting music tracker analysis
2025-05-16 09:00:11,989 - music_tracker - INFO - Fetching data
2025-05-16 09:00:12,789 - music_tracker - INFO - Fetched 69 recent songs
2025-05-16 09:00:12,796 - music_tracker - INFO - Running top listens analysis
2025-05-16 09:00:12,796 - music_tracker - INFO - Calculating top songs listens
2025-05-16 09:00:12,797 - music_tracker - INFO - Sending message with top 3 songs
2025-05-16 09:00:13,562 - music_tracker - INFO - Message successfully sent!
2025-05-16 09:00:13,562 - music_tracker - INFO - Calculating top albums listens
2025-05-16 09:00:13,563 - music_tracker - INFO - Sending message with top 3 albums
2025-05-16 09:00:14,672 - music_tracker - INFO - Message successfully sent!
2025-05-16 09:00:14,673 - music_tracker - INFO - Calculating top artists listens
2025-05-16 09:00:14,673 - music_tracker - INFO - Sending message with top 3 artists
2025-05-16 09:00:15,490 - music_tracker - INFO - Message successfully sent!
2025-05-16 09:00:15,491 - music_tracker - INFO - Running popularity and listening hours analysis
2025-05-16 09:00:15,491 - music_tracker - INFO - Finding most popular track
2025-05-16 09:00:15,491 - music_tracker - INFO - Most popular song found: Good Luck, Babe! with score 95
2025-05-16 09:00:16,281 - music_tracker - INFO - Message successfully sent!
2025-05-16 09:00:16,282 - music_tracker - INFO - Calculating most listened hour
2025-05-16 09:00:16,282 - music_tracker - INFO - Most listened hour: 15:00 with 47:27
2025-05-16 09:00:17,026 - music_tracker - INFO - Message successfully sent!
2025-05-16 09:00:17,026 - music_tracker - INFO - Analysis completed successfully

2025-05-16 09:58:08,420 - music_tracker - INFO -   Supabase error: Status 400, {"code":"22007","details":null,"hint":null,"message":"invalid input syntax for type date: \"2001\""}
2025-05-16 09:58:08,422 - music_tracker - INFO - No songs uploaded.
2025-05-16 10:58:10,825 - music_tracker - INFO - Uploading 15 songs
2025-05-16 11:58:08,452 - music_tracker - INFO - Uploading 7 songs
2025-05-16 12:58:07,184 - music_tracker - INFO - Zero songs listened to
2025-05-16 12:58:07,184 - music_tracker - INFO - No songs uploaded.
2025-05-16 13:58:08,105 - music_tracker - INFO - Uploading 4 songs
2025-05-16 14:58:06,843 - music_tracker - INFO - Zero songs listened to
2025-05-16 14:58:06,844 - music_tracker - INFO - No songs uploaded.
2025-05-16 15:58:09,526 - music_tracker - INFO -   Supabase error: Status 400, {"code":"22007","details":null,"hint":null,"message":"invalid input syntax for type date: \"2012\""}
2025-05-16 15:58:09,528 - music_tracker - INFO - No songs uploaded.
2025-05-16 16:58:10,908 - music_tracker - INFO - Uploading 14 songs
2025-05-16 17:58:10,088 - music_tracker - INFO - Uploading 15 songs
2025-05-16 18:58:10,797 - music_tracker - INFO -   Supabase error: Status 400, {"code":"22007","details":null,"hint":null,"message":"invalid input syntax for type date: \"2012\""}
2025-05-16 18:58:10,799 - music_tracker - INFO - No songs uploaded.
2025-05-16 19:58:09,140 - music_tracker - INFO - Uploading 10 songs
2025-05-16 20:58:06,964 - music_tracker - INFO - Zero songs listened to
2025-05-16 20:58:06,965 - music_tracker - INFO - No songs uploaded.
2025-05-16 21:58:08,469 - music_tracker - INFO -   Supabase error: Status 400, {"code":"22007","details":null,"hint":null,"message":"invalid input syntax for type date: \"2006\""}
2025-05-16 21:58:08,470 - music_tracker - INFO - No songs uploaded.
2025-05-16 22:58:07,424 - music_tracker - INFO - Zero songs listened to
2025-05-16 22:58:07,426 - music_tracker - INFO - No songs uploaded.
2025-05-16 23:58:08,077 - music_tracker - INFO - Zero songs listened to
2025-05-16 23:58:08,077 - music_tracker - INFO - No songs uploaded.
