2025-12-15 00:58:03,409 - music_tracker - INFO - SpotiSpy song collection starting...
2025-12-15 00:58:03,410 - music_tracker - INFO - Starting song collection (last 1 hours)
2025-12-15 00:58:03,411 - music_tracker - INFO - Fetching recent tracks from Spotify...
2025-12-15 00:58:04,758 - music_tracker - INFO - No recent songs found from Spotify
2025-12-15 00:58:04,761 - music_tracker - INFO - No new songs found from Spotify API
2025-12-15 00:58:04,762 - music_tracker - INFO - Song collection completed successfully
2025-12-15 01:58:02,651 - music_tracker - INFO - SpotiSpy song collection starting...
2025-12-15 01:58:02,652 - music_tracker - INFO - Starting song collection (last 1 hours)
2025-12-15 01:58:02,653 - music_tracker - INFO - Fetching recent tracks from Spotify...
2025-12-15 01:58:03,015 - music_tracker - INFO - No recent songs found from Spotify
2025-12-15 01:58:03,017 - music_tracker - INFO - No new songs found from Spotify API
2025-12-15 01:58:03,018 - music_tracker - INFO - Song collection completed successfully
2025-12-15 02:58:02,855 - music_tracker - INFO - SpotiSpy song collection starting...
2025-12-15 02:58:02,855 - music_tracker - INFO - Starting song collection (last 1 hours)
2025-12-15 02:58:02,856 - music_tracker - INFO - Fetching recent tracks from Spotify...
2025-12-15 02:58:03,201 - music_tracker - INFO - No recent songs found from Spotify
2025-12-15 02:58:03,204 - music_tracker - INFO - No new songs found from Spotify API
2025-12-15 02:58:03,204 - music_tracker - INFO - Song collection completed successfully
2025-12-15 03:58:03,046 - music_tracker - INFO - SpotiSpy song collection starting...
2025-12-15 03:58:03,047 - music_tracker - INFO - Starting song collection (last 1 hours)
2025-12-15 03:58:03,048 - music_tracker - INFO - Fetching recent tracks from Spotify...
2025-12-15 03:58:03,406 - music_tracker - INFO - No recent songs found from Spotify
2025-12-15 03:58:03,408 - music_tracker - INFO - No new songs found from Spotify API
2025-12-15 03:58:03,408 - music_tracker - INFO - Song collection completed successfully
2025-12-15 04:58:03,237 - music_tracker - INFO - SpotiSpy song collection starting...
2025-12-15 04:58:03,237 - music_tracker - INFO - Starting song collection (last 1 hours)
2025-12-15 04:58:03,238 - music_tracker - INFO - Fetching recent tracks from Spotify...
2025-12-15 04:58:03,567 - music_tracker - INFO - No recent songs found from Spotify
2025-12-15 04:58:03,570 - music_tracker - INFO - No new songs found from Spotify API
2025-12-15 04:58:03,570 - music_tracker - INFO - Song collection completed successfully
2025-12-15 05:58:03,434 - music_tracker - INFO - SpotiSpy song collection starting...
2025-12-15 05:58:03,435 - music_tracker - INFO - Starting song collection (last 1 hours)
2025-12-15 05:58:03,435 - music_tracker - INFO - Fetching recent tracks from Spotify...
2025-12-15 05:58:03,798 - music_tracker - INFO - No recent songs found from Spotify
2025-12-15 05:58:03,800 - music_tracker - INFO - No new songs found from Spotify API
2025-12-15 05:58:03,800 - music_tracker - INFO - Song collection completed successfully
2025-12-15 06:58:02,733 - music_tracker - INFO - SpotiSpy song collection starting...
2025-12-15 06:58:02,734 - music_tracker - INFO - Starting song collection (last 1 hours)
2025-12-15 06:58:02,734 - music_tracker - INFO - Fetching recent tracks from Spotify...
2025-12-15 06:58:03,144 - music_tracker - INFO - No recent songs found from Spotify
2025-12-15 06:58:03,146 - music_tracker - INFO - No new songs found from Spotify API
2025-12-15 06:58:03,146 - music_tracker - INFO - Song collection completed successfully
2025-12-15 07:58:02,985 - music_tracker - INFO - SpotiSpy song collection starting...
2025-12-15 07:58:02,986 - music_tracker - INFO - Starting song collection (last 1 hours)
2025-12-15 07:58:02,987 - music_tracker - INFO - Fetching recent tracks from Spotify...
2025-12-15 07:58:03,377 - music_tracker - INFO - No recent songs found from Spotify
2025-12-15 07:58:03,379 - music_tracker - INFO - No new songs found from Spotify API
2025-12-15 07:58:03,380 - music_tracker - INFO - Song collection completed successfully
2025-12-15 08:58:03,216 - music_tracker - INFO - SpotiSpy song collection starting...
2025-12-15 08:58:03,217 - music_tracker - INFO - Starting song collection (last 1 hours)
2025-12-15 08:58:03,218 - music_tracker - INFO - Fetching recent tracks from Spotify...
2025-12-15 08:58:03,543 - music_tracker - INFO - No recent songs found from Spotify
2025-12-15 08:58:03,545 - music_tracker - INFO - No new songs found from Spotify API
2025-12-15 08:58:03,545 - music_tracker - INFO - Song collection completed successfully
2025-12-15 09:00:15,487 - music_tracker - INFO - SpotiSpy starting...
2025-12-15 09:00:15,487 - music_tracker - INFO - Starting daily SpotiSpy analysis
2025-12-15 09:00:15,488 - music_tracker - INFO - Fetching yesterday's listening data...
2025-12-15 09:00:17,105 - music_tracker - INFO - Fetched 0 songs from database
2025-12-15 09:00:17,107 - music_tracker - WARNING - No songs found for yesterday
2025-12-15 09:00:17,108 - music_tracker - INFO - SpotiSpy completed successfully
2025-12-15 09:58:03,281 - music_tracker - INFO - SpotiSpy song collection starting...
2025-12-15 09:58:03,282 - music_tracker - INFO - Starting song collection (last 1 hours)
2025-12-15 09:58:03,283 - music_tracker - INFO - Fetching recent tracks from Spotify...
2025-12-15 09:58:03,662 - music_tracker - INFO - No recent songs found from Spotify
2025-12-15 09:58:03,664 - music_tracker - INFO - No new songs found from Spotify API
2025-12-15 09:58:03,665 - music_tracker - INFO - Song collection completed successfully
2025-12-15 10:58:03,613 - music_tracker - INFO - SpotiSpy song collection starting...
2025-12-15 10:58:03,614 - music_tracker - INFO - Starting song collection (last 1 hours)
2025-12-15 10:58:03,614 - music_tracker - INFO - Fetching recent tracks from Spotify...
2025-12-15 10:58:04,117 - music_tracker - INFO - Fetched 12 songs from Spotify
2025-12-15 10:58:04,120 - music_tracker - INFO - Found 12 songs from Spotify API
2025-12-15 10:58:04,121 - music_tracker - INFO - Checking for duplicates in database...
2025-12-15 10:58:05,648 - music_tracker - INFO - Found 12 new songs out of 12 total
2025-12-15 10:58:05,650 - music_tracker - INFO - Found 12 new songs to save
2025-12-15 10:58:05,651 - music_tracker - INFO - Saving songs to database...
2025-12-15 10:58:05,980 - music_tracker - INFO - Successfully saved 12 songs to database
2025-12-15 10:58:05,982 - music_tracker - INFO - Successfully saved 12 songs to database
2025-12-15 10:58:05,983 - music_tracker - INFO - Song collection completed successfully
2025-12-15 11:58:03,972 - music_tracker - INFO - SpotiSpy song collection starting...
2025-12-15 11:58:03,973 - music_tracker - INFO - Starting song collection (last 1 hours)
2025-12-15 11:58:03,974 - music_tracker - INFO - Fetching recent tracks from Spotify...
2025-12-15 11:58:04,381 - music_tracker - INFO - No recent songs found from Spotify
2025-12-15 11:58:04,383 - music_tracker - INFO - No new songs found from Spotify API
2025-12-15 11:58:04,383 - music_tracker - INFO - Song collection completed successfully
2025-12-15 12:58:03,306 - music_tracker - INFO - SpotiSpy song collection starting...
2025-12-15 12:58:03,306 - music_tracker - INFO - Starting song collection (last 1 hours)
2025-12-15 12:58:03,307 - music_tracker - INFO - Fetching recent tracks from Spotify...
2025-12-15 12:58:03,718 - music_tracker - INFO - No recent songs found from Spotify
2025-12-15 12:58:03,720 - music_tracker - INFO - No new songs found from Spotify API
2025-12-15 12:58:03,721 - music_tracker - INFO - Song collection completed successfully
2025-12-15 13:58:02,622 - music_tracker - INFO - SpotiSpy song collection starting...
2025-12-15 13:58:02,623 - music_tracker - INFO - Starting song collection (last 1 hours)
2025-12-15 13:58:02,623 - music_tracker - INFO - Fetching recent tracks from Spotify...
2025-12-15 13:58:03,341 - music_tracker - INFO - Fetched 11 songs from Spotify
2025-12-15 13:58:03,345 - music_tracker - INFO - Found 11 songs from Spotify API
2025-12-15 13:58:03,346 - music_tracker - INFO - Checking for duplicates in database...
2025-12-15 13:58:04,842 - music_tracker - INFO - Found 11 new songs out of 11 total
2025-12-15 13:58:04,844 - music_tracker - INFO - Found 11 new songs to save
2025-12-15 13:58:04,845 - music_tracker - INFO - Saving songs to database...
2025-12-15 13:58:05,217 - music_tracker - INFO - Successfully saved 11 songs to database
2025-12-15 13:58:05,219 - music_tracker - INFO - Successfully saved 11 songs to database
2025-12-15 13:58:05,219 - music_tracker - INFO - Song collection completed successfully
2025-12-15 14:58:03,127 - music_tracker - INFO - SpotiSpy song collection starting...
2025-12-15 14:58:03,128 - music_tracker - INFO - Starting song collection (last 1 hours)
2025-12-15 14:58:03,129 - music_tracker - INFO - Fetching recent tracks from Spotify...
2025-12-15 14:58:03,735 - music_tracker - INFO - Fetched 19 songs from Spotify
2025-12-15 14:58:03,738 - music_tracker - INFO - Found 19 songs from Spotify API
2025-12-15 14:58:03,738 - music_tracker - INFO - Checking for duplicates in database...
2025-12-15 14:58:05,261 - music_tracker - INFO - Found 19 new songs out of 19 total
2025-12-15 14:58:05,263 - music_tracker - INFO - Found 19 new songs to save
2025-12-15 14:58:05,264 - music_tracker - INFO - Saving songs to database...
2025-12-15 14:58:05,665 - music_tracker - INFO - Successfully saved 19 songs to database
2025-12-15 14:58:05,667 - music_tracker - INFO - Successfully saved 19 songs to database
2025-12-15 14:58:05,668 - music_tracker - INFO - Song collection completed successfully
2025-12-15 15:58:03,585 - music_tracker - INFO - SpotiSpy song collection starting...
2025-12-15 15:58:03,586 - music_tracker - INFO - Starting song collection (last 1 hours)
2025-12-15 15:58:03,587 - music_tracker - INFO - Fetching recent tracks from Spotify...
2025-12-15 15:58:04,335 - music_tracker - INFO - Fetched 14 songs from Spotify
2025-12-15 15:58:04,339 - music_tracker - INFO - Found 14 songs from Spotify API
2025-12-15 15:58:04,340 - music_tracker - INFO - Checking for duplicates in database...
2025-12-15 15:58:05,647 - music_tracker - INFO - Found 14 new songs out of 14 total
2025-12-15 15:58:05,649 - music_tracker - INFO - Found 14 new songs to save
2025-12-15 15:58:05,650 - music_tracker - INFO - Saving songs to database...
2025-12-15 15:58:05,940 - music_tracker - INFO - Successfully saved 14 songs to database
2025-12-15 15:58:05,942 - music_tracker - INFO - Successfully saved 14 songs to database
2025-12-15 15:58:05,943 - music_tracker - INFO - Song collection completed successfully
2025-12-15 16:58:02,853 - music_tracker - INFO - SpotiSpy song collection starting...
2025-12-15 16:58:02,854 - music_tracker - INFO - Starting song collection (last 1 hours)
2025-12-15 16:58:02,855 - music_tracker - INFO - Fetching recent tracks from Spotify...
2025-12-15 16:58:03,385 - music_tracker - INFO - Fetched 4 songs from Spotify
2025-12-15 16:58:03,388 - music_tracker - INFO - Found 4 songs from Spotify API
2025-12-15 16:58:03,388 - music_tracker - INFO - Checking for duplicates in database...
2025-12-15 16:58:04,817 - music_tracker - INFO - Found 4 new songs out of 4 total
2025-12-15 16:58:04,819 - music_tracker - INFO - Found 4 new songs to save
2025-12-15 16:58:04,820 - music_tracker - INFO - Saving songs to database...
2025-12-15 16:58:05,183 - music_tracker - INFO - Successfully saved 4 songs to database
2025-12-15 16:58:05,185 - music_tracker - INFO - Successfully saved 4 songs to database
2025-12-15 16:58:05,185 - music_tracker - INFO - Song collection completed successfully
2025-12-15 17:58:03,160 - music_tracker - INFO - SpotiSpy song collection starting...
2025-12-15 17:58:03,160 - music_tracker - INFO - Starting song collection (last 1 hours)
2025-12-15 17:58:03,161 - music_tracker - INFO - Fetching recent tracks from Spotify...
2025-12-15 17:58:03,673 - music_tracker - INFO - Fetched 1 songs from Spotify
2025-12-15 17:58:03,676 - music_tracker - INFO - Found 1 songs from Spotify API
2025-12-15 17:58:03,676 - music_tracker - INFO - Checking for duplicates in database...
2025-12-15 17:58:05,135 - music_tracker - INFO - Found 1 new songs out of 1 total
2025-12-15 17:58:05,138 - music_tracker - INFO - Found 1 new songs to save
2025-12-15 17:58:05,138 - music_tracker - INFO - Saving songs to database...
2025-12-15 17:58:05,585 - music_tracker - INFO - Successfully saved 1 songs to database
2025-12-15 17:58:05,587 - music_tracker - INFO - Successfully saved 1 songs to database
2025-12-15 17:58:05,587 - music_tracker - INFO - Song collection completed successfully
2025-12-15 18:58:03,486 - music_tracker - INFO - SpotiSpy song collection starting...
2025-12-15 18:58:03,487 - music_tracker - INFO - Starting song collection (last 1 hours)
2025-12-15 18:58:03,487 - music_tracker - INFO - Fetching recent tracks from Spotify...
2025-12-15 18:58:03,874 - music_tracker - INFO - No recent songs found from Spotify
2025-12-15 18:58:03,876 - music_tracker - INFO - No new songs found from Spotify API
2025-12-15 18:58:03,877 - music_tracker - INFO - Song collection completed successfully
2025-12-15 19:58:02,772 - music_tracker - INFO - SpotiSpy song collection starting...
2025-12-15 19:58:02,772 - music_tracker - INFO - Starting song collection (last 1 hours)
2025-12-15 19:58:02,773 - music_tracker - INFO - Fetching recent tracks from Spotify...
2025-12-15 19:58:03,256 - music_tracker - INFO - No recent songs found from Spotify
2025-12-15 19:58:03,258 - music_tracker - INFO - No new songs found from Spotify API
2025-12-15 19:58:03,259 - music_tracker - INFO - Song collection completed successfully
2025-12-15 20:58:04,034 - music_tracker - INFO - SpotiSpy song collection starting...
2025-12-15 20:58:04,036 - music_tracker - INFO - Starting song collection (last 1 hours)
2025-12-15 20:58:04,037 - music_tracker - INFO - Fetching recent tracks from Spotify...
2025-12-15 20:58:04,468 - music_tracker - INFO - No recent songs found from Spotify
2025-12-15 20:58:04,470 - music_tracker - INFO - No new songs found from Spotify API
2025-12-15 20:58:04,470 - music_tracker - INFO - Song collection completed successfully
2025-12-15 21:58:03,402 - music_tracker - INFO - SpotiSpy song collection starting...
2025-12-15 21:58:03,403 - music_tracker - INFO - Starting song collection (last 1 hours)
2025-12-15 21:58:03,403 - music_tracker - INFO - Fetching recent tracks from Spotify...
2025-12-15 21:58:03,859 - music_tracker - INFO - No recent songs found from Spotify
2025-12-15 21:58:03,861 - music_tracker - INFO - No new songs found from Spotify API
2025-12-15 21:58:03,861 - music_tracker - INFO - Song collection completed successfully
2025-12-15 22:58:02,761 - music_tracker - INFO - SpotiSpy song collection starting...
2025-12-15 22:58:02,762 - music_tracker - INFO - Starting song collection (last 1 hours)
2025-12-15 22:58:02,763 - music_tracker - INFO - Fetching recent tracks from Spotify...
2025-12-15 22:58:03,162 - music_tracker - INFO - No recent songs found from Spotify
2025-12-15 22:58:03,164 - music_tracker - INFO - No new songs found from Spotify API
2025-12-15 22:58:03,165 - music_tracker - INFO - Song collection completed successfully
2025-12-15 23:58:03,068 - music_tracker - INFO - SpotiSpy song collection starting...
2025-12-15 23:58:03,068 - music_tracker - INFO - Starting song collection (last 1 hours)
2025-12-15 23:58:03,069 - music_tracker - INFO - Fetching recent tracks from Spotify...
2025-12-15 23:58:03,429 - music_tracker - INFO - No recent songs found from Spotify
2025-12-15 23:58:03,431 - music_tracker - INFO - No new songs found from Spotify API
2025-12-15 23:58:03,432 - music_tracker - INFO - Song collection completed successfully
