2025-10-26 00:58:03,420 - music_tracker - INFO - SpotiSpy song collection starting...
2025-10-26 00:58:03,421 - music_tracker - INFO - Starting song collection (last 1 hours)
2025-10-26 00:58:03,422 - music_tracker - INFO - Fetching recent tracks from Spotify...
2025-10-26 00:58:03,824 - music_tracker - INFO - Fetched 2 songs from Spotify
2025-10-26 00:58:03,826 - music_tracker - INFO - Found 2 songs from Spotify API
2025-10-26 00:58:03,827 - music_tracker - INFO - Checking for duplicates in database...
2025-10-26 00:58:05,314 - music_tracker - INFO - Found 2 new songs out of 2 total
2025-10-26 00:58:05,316 - music_tracker - INFO - Found 2 new songs to save
2025-10-26 00:58:05,317 - music_tracker - INFO - Saving songs to database...
2025-10-26 00:58:05,698 - music_tracker - INFO - Successfully saved 2 songs to database
2025-10-26 00:58:05,700 - music_tracker - INFO - Successfully saved 2 songs to database
2025-10-26 00:58:05,701 - music_tracker - INFO - Song collection completed successfully
2025-10-26 01:58:02,608 - music_tracker - INFO - SpotiSpy song collection starting...
2025-10-26 01:58:02,609 - music_tracker - INFO - Starting song collection (last 1 hours)
2025-10-26 01:58:02,609 - music_tracker - INFO - Fetching recent tracks from Spotify...
2025-10-26 01:58:02,973 - music_tracker - INFO - No recent songs found from Spotify
2025-10-26 01:58:02,975 - music_tracker - INFO - No new songs found from Spotify API
2025-10-26 01:58:02,976 - music_tracker - INFO - Song collection completed successfully
2025-10-26 02:58:02,867 - music_tracker - INFO - SpotiSpy song collection starting...
2025-10-26 02:58:02,867 - music_tracker - INFO - Starting song collection (last 1 hours)
2025-10-26 02:58:02,868 - music_tracker - INFO - Fetching recent tracks from Spotify...
2025-10-26 02:58:03,212 - music_tracker - INFO - No recent songs found from Spotify
2025-10-26 02:58:03,214 - music_tracker - INFO - No new songs found from Spotify API
2025-10-26 02:58:03,215 - music_tracker - INFO - Song collection completed successfully
2025-10-26 03:58:03,150 - music_tracker - INFO - SpotiSpy song collection starting...
2025-10-26 03:58:03,150 - music_tracker - INFO - Starting song collection (last 1 hours)
2025-10-26 03:58:03,151 - music_tracker - INFO - Fetching recent tracks from Spotify...
2025-10-26 03:58:03,538 - music_tracker - INFO - No recent songs found from Spotify
2025-10-26 03:58:03,541 - music_tracker - INFO - No new songs found from Spotify API
2025-10-26 03:58:03,541 - music_tracker - INFO - Song collection completed successfully
2025-10-26 04:58:03,447 - music_tracker - INFO - SpotiSpy song collection starting...
2025-10-26 04:58:03,448 - music_tracker - INFO - Starting song collection (last 1 hours)
2025-10-26 04:58:03,448 - music_tracker - INFO - Fetching recent tracks from Spotify...
2025-10-26 04:58:03,828 - music_tracker - INFO - No recent songs found from Spotify
2025-10-26 04:58:03,830 - music_tracker - INFO - No new songs found from Spotify API
2025-10-26 04:58:03,831 - music_tracker - INFO - Song collection completed successfully
2025-10-26 05:58:02,765 - music_tracker - INFO - SpotiSpy song collection starting...
2025-10-26 05:58:02,765 - music_tracker - INFO - Starting song collection (last 1 hours)
2025-10-26 05:58:02,766 - music_tracker - INFO - Fetching recent tracks from Spotify...
2025-10-26 05:58:03,153 - music_tracker - INFO - No recent songs found from Spotify
2025-10-26 05:58:03,155 - music_tracker - INFO - No new songs found from Spotify API
2025-10-26 05:58:03,156 - music_tracker - INFO - Song collection completed successfully
2025-10-26 06:58:03,131 - music_tracker - INFO - SpotiSpy song collection starting...
2025-10-26 06:58:03,132 - music_tracker - INFO - Starting song collection (last 1 hours)
2025-10-26 06:58:03,132 - music_tracker - INFO - Fetching recent tracks from Spotify...
2025-10-26 06:58:03,546 - music_tracker - INFO - No recent songs found from Spotify
2025-10-26 06:58:03,548 - music_tracker - INFO - No new songs found from Spotify API
2025-10-26 06:58:03,548 - music_tracker - INFO - Song collection completed successfully
2025-10-26 07:58:03,445 - music_tracker - INFO - SpotiSpy song collection starting...
2025-10-26 07:58:03,446 - music_tracker - INFO - Starting song collection (last 1 hours)
2025-10-26 07:58:03,447 - music_tracker - INFO - Fetching recent tracks from Spotify...
2025-10-26 07:58:03,859 - music_tracker - INFO - No recent songs found from Spotify
2025-10-26 07:58:03,861 - music_tracker - INFO - No new songs found from Spotify API
2025-10-26 07:58:03,862 - music_tracker - INFO - Song collection completed successfully
2025-10-26 08:58:02,749 - music_tracker - INFO - SpotiSpy song collection starting...
2025-10-26 08:58:02,749 - music_tracker - INFO - Starting song collection (last 1 hours)
2025-10-26 08:58:02,750 - music_tracker - INFO - Fetching recent tracks from Spotify...
2025-10-26 08:58:03,112 - music_tracker - INFO - No recent songs found from Spotify
2025-10-26 08:58:03,114 - music_tracker - INFO - No new songs found from Spotify API
2025-10-26 08:58:03,115 - music_tracker - INFO - Song collection completed successfully
2025-10-26 09:00:12,354 - music_tracker - INFO - SpotiSpy starting...
2025-10-26 09:00:12,354 - music_tracker - INFO - Starting daily SpotiSpy analysis
2025-10-26 09:00:12,359 - music_tracker - INFO - Fetching yesterday's listening data...
2025-10-26 09:00:13,372 - music_tracker - INFO - Fetched 11 songs from database
2025-10-26 09:00:13,375 - music_tracker - INFO - Found 11 songs to analyze
2025-10-26 09:00:13,376 - music_tracker - INFO - Running analysis...
2025-10-26 09:00:13,378 - music_tracker - INFO - Sending daily summary to Slack...
2025-10-26 09:00:14,308 - music_tracker - INFO - Message sent successfully to Slack
2025-10-26 09:00:14,309 - music_tracker - INFO - Daily analysis completed successfully!
2025-10-26 09:00:14,309 - music_tracker - INFO - Running weekly summary...
2025-10-26 09:00:14,309 - music_tracker - INFO - Generating weekly summary...
2025-10-26 09:00:14,313 - music_tracker - INFO - Starting comprehensive weekly analysis
2025-10-26 09:00:14,551 - music_tracker - INFO - Fetched 2 songs for date 2025-10-26
2025-10-26 09:00:14,553 - music_tracker - INFO - Date 2025-10-26: 2 songs
2025-10-26 09:00:14,823 - music_tracker - INFO - Fetched 24 songs for date 2025-10-25
2025-10-26 09:00:14,825 - music_tracker - INFO - Date 2025-10-25: 24 songs
2025-10-26 09:00:15,120 - music_tracker - INFO - Fetched 114 songs for date 2025-10-24
2025-10-26 09:00:15,123 - music_tracker - INFO - Date 2025-10-24: 114 songs
2025-10-26 09:00:15,371 - music_tracker - INFO - Fetched 79 songs for date 2025-10-23
2025-10-26 09:00:15,373 - music_tracker - INFO - Date 2025-10-23: 79 songs
2025-10-26 09:00:15,648 - music_tracker - INFO - Fetched 108 songs for date 2025-10-22
2025-10-26 09:00:15,651 - music_tracker - INFO - Date 2025-10-22: 108 songs
2025-10-26 09:00:15,908 - music_tracker - INFO - Fetched 65 songs for date 2025-10-21
2025-10-26 09:00:15,910 - music_tracker - INFO - Date 2025-10-21: 65 songs
2025-10-26 09:00:16,139 - music_tracker - INFO - Fetched 64 songs for date 2025-10-20
2025-10-26 09:00:16,141 - music_tracker - INFO - Date 2025-10-20: 64 songs
2025-10-26 09:00:16,993 - music_tracker - INFO - Message sent successfully to Slack
2025-10-26 09:00:16,995 - music_tracker - INFO - SpotiSpy completed successfully
2025-10-26 09:58:03,747 - music_tracker - INFO - SpotiSpy song collection starting...
2025-10-26 09:58:03,749 - music_tracker - INFO - Starting song collection (last 1 hours)
2025-10-26 09:58:03,749 - music_tracker - INFO - Fetching recent tracks from Spotify...
2025-10-26 09:58:04,217 - music_tracker - INFO - Fetched 4 songs from Spotify
2025-10-26 09:58:04,219 - music_tracker - INFO - Found 4 songs from Spotify API
2025-10-26 09:58:04,220 - music_tracker - INFO - Checking for duplicates in database...
2025-10-26 09:58:05,734 - music_tracker - INFO - Found 4 new songs out of 4 total
2025-10-26 09:58:05,736 - music_tracker - INFO - Found 4 new songs to save
2025-10-26 09:58:05,737 - music_tracker - INFO - Saving songs to database...
2025-10-26 09:58:06,128 - music_tracker - INFO - Successfully saved 4 songs to database
2025-10-26 09:58:06,131 - music_tracker - INFO - Successfully saved 4 songs to database
2025-10-26 09:58:06,131 - music_tracker - INFO - Song collection completed successfully
2025-10-26 10:58:03,065 - music_tracker - INFO - SpotiSpy song collection starting...
2025-10-26 10:58:03,066 - music_tracker - INFO - Starting song collection (last 1 hours)
2025-10-26 10:58:03,067 - music_tracker - INFO - Fetching recent tracks from Spotify...
2025-10-26 10:58:03,743 - music_tracker - INFO - Fetched 15 songs from Spotify
2025-10-26 10:58:03,748 - music_tracker - INFO - Found 15 songs from Spotify API
2025-10-26 10:58:03,748 - music_tracker - INFO - Checking for duplicates in database...
2025-10-26 10:58:05,199 - music_tracker - INFO - Found 15 new songs out of 15 total
2025-10-26 10:58:05,201 - music_tracker - INFO - Found 15 new songs to save
2025-10-26 10:58:05,202 - music_tracker - INFO - Saving songs to database...
2025-10-26 10:58:05,626 - music_tracker - INFO - Successfully saved 15 songs to database
2025-10-26 10:58:05,628 - music_tracker - INFO - Successfully saved 15 songs to database
2025-10-26 10:58:05,629 - music_tracker - INFO - Song collection completed successfully
2025-10-26 11:58:03,544 - music_tracker - INFO - SpotiSpy song collection starting...
2025-10-26 11:58:03,545 - music_tracker - INFO - Starting song collection (last 1 hours)
2025-10-26 11:58:03,545 - music_tracker - INFO - Fetching recent tracks from Spotify...
2025-10-26 11:58:04,065 - music_tracker - INFO - Fetched 3 songs from Spotify
2025-10-26 11:58:04,067 - music_tracker - INFO - Found 3 songs from Spotify API
2025-10-26 11:58:04,068 - music_tracker - INFO - Checking for duplicates in database...
2025-10-26 11:58:05,470 - music_tracker - INFO - Found 3 new songs out of 3 total
2025-10-26 11:58:05,472 - music_tracker - INFO - Found 3 new songs to save
2025-10-26 11:58:05,473 - music_tracker - INFO - Saving songs to database...
2025-10-26 11:58:05,852 - music_tracker - INFO - Successfully saved 3 songs to database
2025-10-26 11:58:05,854 - music_tracker - INFO - Successfully saved 3 songs to database
2025-10-26 11:58:05,854 - music_tracker - INFO - Song collection completed successfully
2025-10-26 12:58:02,766 - music_tracker - INFO - SpotiSpy song collection starting...
2025-10-26 12:58:02,767 - music_tracker - INFO - Starting song collection (last 1 hours)
2025-10-26 12:58:02,767 - music_tracker - INFO - Fetching recent tracks from Spotify...
2025-10-26 12:58:03,188 - music_tracker - INFO - No recent songs found from Spotify
2025-10-26 12:58:03,190 - music_tracker - INFO - No new songs found from Spotify API
2025-10-26 12:58:03,191 - music_tracker - INFO - Song collection completed successfully
2025-10-26 13:58:03,074 - music_tracker - INFO - SpotiSpy song collection starting...
2025-10-26 13:58:03,074 - music_tracker - INFO - Starting song collection (last 1 hours)
2025-10-26 13:58:03,075 - music_tracker - INFO - Fetching recent tracks from Spotify...
2025-10-26 13:58:03,565 - music_tracker - INFO - Fetched 4 songs from Spotify
2025-10-26 13:58:03,567 - music_tracker - INFO - Found 4 songs from Spotify API
2025-10-26 13:58:03,568 - music_tracker - INFO - Checking for duplicates in database...
2025-10-26 13:58:05,050 - music_tracker - INFO - Found 4 new songs out of 4 total
2025-10-26 13:58:05,052 - music_tracker - INFO - Found 4 new songs to save
2025-10-26 13:58:05,053 - music_tracker - INFO - Saving songs to database...
2025-10-26 13:58:05,428 - music_tracker - INFO - Successfully saved 4 songs to database
2025-10-26 13:58:05,430 - music_tracker - INFO - Successfully saved 4 songs to database
2025-10-26 13:58:05,431 - music_tracker - INFO - Song collection completed successfully
2025-10-26 14:58:03,332 - music_tracker - INFO - SpotiSpy song collection starting...
2025-10-26 14:58:03,333 - music_tracker - INFO - Starting song collection (last 1 hours)
2025-10-26 14:58:03,333 - music_tracker - INFO - Fetching recent tracks from Spotify...
2025-10-26 14:58:04,096 - music_tracker - INFO - Fetched 11 songs from Spotify
2025-10-26 14:58:04,100 - music_tracker - INFO - Found 11 songs from Spotify API
2025-10-26 14:58:04,101 - music_tracker - INFO - Checking for duplicates in database...
2025-10-26 14:58:08,868 - music_tracker - INFO - Found 11 new songs out of 11 total
2025-10-26 14:58:08,870 - music_tracker - INFO - Found 11 new songs to save
2025-10-26 14:58:08,871 - music_tracker - INFO - Saving songs to database...
2025-10-26 14:58:09,200 - music_tracker - INFO - Successfully saved 11 songs to database
2025-10-26 14:58:09,202 - music_tracker - INFO - Successfully saved 11 songs to database
2025-10-26 14:58:09,203 - music_tracker - INFO - Song collection completed successfully
2025-10-26 15:58:03,131 - music_tracker - INFO - SpotiSpy song collection starting...
2025-10-26 15:58:03,132 - music_tracker - INFO - Starting song collection (last 1 hours)
2025-10-26 15:58:03,133 - music_tracker - INFO - Fetching recent tracks from Spotify...
2025-10-26 15:58:03,623 - music_tracker - INFO - Fetched 4 songs from Spotify
2025-10-26 15:58:03,626 - music_tracker - INFO - Found 4 songs from Spotify API
2025-10-26 15:58:03,626 - music_tracker - INFO - Checking for duplicates in database...
2025-10-26 15:58:04,984 - music_tracker - INFO - Found 4 new songs out of 4 total
2025-10-26 15:58:04,986 - music_tracker - INFO - Found 4 new songs to save
2025-10-26 15:58:04,987 - music_tracker - INFO - Saving songs to database...
2025-10-26 15:58:05,350 - music_tracker - INFO - Successfully saved 4 songs to database
2025-10-26 15:58:05,352 - music_tracker - INFO - Successfully saved 4 songs to database
2025-10-26 15:58:05,353 - music_tracker - INFO - Song collection completed successfully
2025-10-26 16:58:03,268 - music_tracker - INFO - SpotiSpy song collection starting...
2025-10-26 16:58:03,269 - music_tracker - INFO - Starting song collection (last 1 hours)
2025-10-26 16:58:03,269 - music_tracker - INFO - Fetching recent tracks from Spotify...
2025-10-26 16:58:03,645 - music_tracker - INFO - No recent songs found from Spotify
2025-10-26 16:58:03,647 - music_tracker - INFO - No new songs found from Spotify API
2025-10-26 16:58:03,647 - music_tracker - INFO - Song collection completed successfully
2025-10-26 17:58:03,554 - music_tracker - INFO - SpotiSpy song collection starting...
2025-10-26 17:58:03,555 - music_tracker - INFO - Starting song collection (last 1 hours)
2025-10-26 17:58:03,556 - music_tracker - INFO - Fetching recent tracks from Spotify...
2025-10-26 17:58:03,916 - music_tracker - INFO - No recent songs found from Spotify
2025-10-26 17:58:03,918 - music_tracker - INFO - No new songs found from Spotify API
2025-10-26 17:58:03,919 - music_tracker - INFO - Song collection completed successfully
2025-10-26 18:58:02,809 - music_tracker - INFO - SpotiSpy song collection starting...
2025-10-26 18:58:02,810 - music_tracker - INFO - Starting song collection (last 1 hours)
2025-10-26 18:58:02,811 - music_tracker - INFO - Fetching recent tracks from Spotify...
2025-10-26 18:58:03,188 - music_tracker - INFO - No recent songs found from Spotify
2025-10-26 18:58:03,191 - music_tracker - INFO - No new songs found from Spotify API
2025-10-26 18:58:03,191 - music_tracker - INFO - Song collection completed successfully
2025-10-26 19:58:03,085 - music_tracker - INFO - SpotiSpy song collection starting...
2025-10-26 19:58:03,085 - music_tracker - INFO - Starting song collection (last 1 hours)
2025-10-26 19:58:03,086 - music_tracker - INFO - Fetching recent tracks from Spotify...
2025-10-26 19:58:03,472 - music_tracker - INFO - No recent songs found from Spotify
2025-10-26 19:58:03,474 - music_tracker - INFO - No new songs found from Spotify API
2025-10-26 19:58:03,474 - music_tracker - INFO - Song collection completed successfully
2025-10-26 20:58:03,376 - music_tracker - INFO - SpotiSpy song collection starting...
2025-10-26 20:58:03,377 - music_tracker - INFO - Starting song collection (last 1 hours)
2025-10-26 20:58:03,378 - music_tracker - INFO - Fetching recent tracks from Spotify...
2025-10-26 20:58:03,750 - music_tracker - INFO - No recent songs found from Spotify
2025-10-26 20:58:03,752 - music_tracker - INFO - No new songs found from Spotify API
2025-10-26 20:58:03,753 - music_tracker - INFO - Song collection completed successfully
2025-10-26 21:58:02,627 - music_tracker - INFO - SpotiSpy song collection starting...
2025-10-26 21:58:02,628 - music_tracker - INFO - Starting song collection (last 1 hours)
2025-10-26 21:58:02,629 - music_tracker - INFO - Fetching recent tracks from Spotify...
2025-10-26 21:58:02,997 - music_tracker - INFO - No recent songs found from Spotify
2025-10-26 21:58:02,999 - music_tracker - INFO - No new songs found from Spotify API
2025-10-26 21:58:03,000 - music_tracker - INFO - Song collection completed successfully
2025-10-26 22:58:02,898 - music_tracker - INFO - SpotiSpy song collection starting...
2025-10-26 22:58:02,899 - music_tracker - INFO - Starting song collection (last 1 hours)
2025-10-26 22:58:02,900 - music_tracker - INFO - Fetching recent tracks from Spotify...
2025-10-26 22:58:03,337 - music_tracker - INFO - Fetched 4 songs from Spotify
2025-10-26 22:58:03,339 - music_tracker - INFO - Found 4 songs from Spotify API
2025-10-26 22:58:03,340 - music_tracker - INFO - Checking for duplicates in database...
2025-10-26 22:58:04,853 - music_tracker - INFO - Found 4 new songs out of 4 total
2025-10-26 22:58:04,855 - music_tracker - INFO - Found 4 new songs to save
2025-10-26 22:58:04,856 - music_tracker - INFO - Saving songs to database...
2025-10-26 22:58:05,127 - music_tracker - INFO - Successfully saved 4 songs to database
2025-10-26 22:58:05,129 - music_tracker - INFO - Successfully saved 4 songs to database
2025-10-26 22:58:05,129 - music_tracker - INFO - Song collection completed successfully
2025-10-26 23:58:03,042 - music_tracker - INFO - SpotiSpy song collection starting...
2025-10-26 23:58:03,043 - music_tracker - INFO - Starting song collection (last 1 hours)
2025-10-26 23:58:03,044 - music_tracker - INFO - Fetching recent tracks from Spotify...
2025-10-26 23:58:03,506 - music_tracker - INFO - Fetched 2 songs from Spotify
2025-10-26 23:58:03,509 - music_tracker - INFO - Found 2 songs from Spotify API
2025-10-26 23:58:03,509 - music_tracker - INFO - Checking for duplicates in database...
2025-10-26 23:58:04,894 - music_tracker - INFO - Found 2 new songs out of 2 total
2025-10-26 23:58:04,897 - music_tracker - INFO - Found 2 new songs to save
2025-10-26 23:58:04,897 - music_tracker - INFO - Saving songs to database...
2025-10-26 23:58:05,223 - music_tracker - INFO - Successfully saved 2 songs to database
2025-10-26 23:58:05,225 - music_tracker - INFO - Successfully saved 2 songs to database
2025-10-26 23:58:05,226 - music_tracker - INFO - Song collection completed successfully
