2025-05-12 00:58:07,029 - music_tracker - INFO - Zero songs listened to
2025-05-12 00:58:07,030 - music_tracker - INFO - No songs uploaded.
2025-05-12 01:58:06,853 - music_tracker - INFO - Zero songs listened to
2025-05-12 01:58:06,854 - music_tracker - INFO - No songs uploaded.
2025-05-12 02:58:06,557 - music_tracker - INFO - Zero songs listened to
2025-05-12 02:58:06,558 - music_tracker - INFO - No songs uploaded.
2025-05-12 03:58:07,292 - music_tracker - INFO - Zero songs listened to
2025-05-12 03:58:07,293 - music_tracker - INFO - No songs uploaded.
2025-05-12 04:58:07,028 - music_tracker - INFO - Zero songs listened to
2025-05-12 04:58:07,029 - music_tracker - INFO - No songs uploaded.
2025-05-12 05:58:06,849 - music_tracker - INFO - Zero songs listened to
2025-05-12 05:58:06,850 - music_tracker - INFO - No songs uploaded.
2025-05-12 06:58:06,786 - music_tracker - INFO - Zero songs listened to
2025-05-12 06:58:06,787 - music_tracker - INFO - No songs uploaded.
2025-05-12 07:58:06,557 - music_tracker - INFO - Zero songs listened to
2025-05-12 07:58:06,558 - music_tracker - INFO - No songs uploaded.
2025-05-12 08:58:07,282 - music_tracker - INFO - Zero songs listened to
2025-05-12 08:58:07,283 - music_tracker - INFO - No songs uploaded.
2025-05-12 09:00:11,831 - music_tracker - INFO - Starting music tracker analysis
2025-05-12 09:00:11,831 - music_tracker - INFO - Fetching data
2025-05-12 09:00:12,793 - music_tracker - INFO - Fetched 34 recent songs
2025-05-12 09:00:12,797 - music_tracker - INFO - Running top listens analysis
2025-05-12 09:00:12,798 - music_tracker - INFO - Calculating top songs listens
2025-05-12 09:00:12,799 - music_tracker - INFO - Sending message with top 1 songs
2025-05-12 09:00:13,639 - music_tracker - INFO - Message successfully sent!
2025-05-12 09:00:13,640 - music_tracker - INFO - Calculating top albums listens
2025-05-12 09:00:13,640 - music_tracker - INFO - Sending message with top 3 albums
2025-05-12 09:00:14,268 - music_tracker - INFO - Message successfully sent!
2025-05-12 09:00:14,269 - music_tracker - INFO - Calculating top artists listens
2025-05-12 09:00:14,269 - music_tracker - INFO - Sending message with top 1 artists
2025-05-12 09:00:14,877 - music_tracker - INFO - Message successfully sent!
2025-05-12 09:00:14,878 - music_tracker - INFO - Running popularity and listening hours analysis
2025-05-12 09:00:14,878 - music_tracker - INFO - Finding most popular track
2025-05-12 09:00:14,878 - music_tracker - INFO - Most popular song found: Dizzy On the Comedown with score 60
2025-05-12 09:00:15,494 - music_tracker - INFO - Message successfully sent!
2025-05-12 09:00:15,495 - music_tracker - INFO - Calculating most listened hour
2025-05-12 09:00:15,495 - music_tracker - INFO - Most listened hour: 19:00 with 50:19
2025-05-12 09:00:16,135 - music_tracker - INFO - Message successfully sent!
2025-05-12 09:00:16,136 - music_tracker - INFO - Analysis completed successfully

2025-05-12 09:58:06,859 - music_tracker - INFO - Zero songs listened to
2025-05-12 09:58:06,859 - music_tracker - INFO - No songs uploaded.
2025-05-12 10:58:09,122 - music_tracker - INFO -   Supabase error: Status 400, {"code":"22007","details":null,"hint":null,"message":"invalid input syntax for type date: \"2012\""}
2025-05-12 10:58:09,124 - music_tracker - INFO - No songs uploaded.
2025-05-12 11:58:09,206 - music_tracker - INFO - Uploading 8 songs
2025-05-12 12:58:07,793 - music_tracker - INFO - Uploading 2 songs
2025-05-12 13:58:07,658 - music_tracker - INFO - Uploading 3 songs
2025-05-12 14:58:07,453 - music_tracker - INFO - Zero songs listened to
2025-05-12 14:58:07,453 - music_tracker - INFO - No songs uploaded.
2025-05-12 15:58:10,976 - music_tracker - INFO -   Supabase error: Status 400, {"code":"22007","details":null,"hint":null,"message":"invalid input syntax for type date: \"2012\""}
2025-05-12 15:58:10,978 - music_tracker - INFO - No songs uploaded.
2025-05-12 16:58:11,037 - music_tracker - INFO -   Supabase error: Status 400, {"code":"22007","details":null,"hint":null,"message":"invalid input syntax for type date: \"2001\""}
2025-05-12 16:58:11,039 - music_tracker - INFO - No songs uploaded.
2025-05-12 17:58:10,308 - music_tracker - INFO - Uploading 13 songs
2025-05-12 18:58:09,804 - music_tracker - INFO - Uploading 10 songs
2025-05-12 19:58:11,284 - music_tracker - INFO - Uploading 17 songs
2025-05-12 20:58:09,303 - music_tracker - INFO - Uploading 7 songs
2025-05-12 21:58:07,090 - music_tracker - INFO - Zero songs listened to
2025-05-12 21:58:07,090 - music_tracker - INFO - No songs uploaded.
2025-05-12 22:58:07,569 - music_tracker - INFO - Zero songs listened to
2025-05-12 22:58:07,571 - music_tracker - INFO - No songs uploaded.
2025-05-12 23:58:07,286 - music_tracker - INFO - Zero songs listened to
2025-05-12 23:58:07,286 - music_tracker - INFO - No songs uploaded.
