2025-07-22 00:58:07,142 - music_tracker - INFO - Zero songs listened to
2025-07-22 00:58:07,143 - music_tracker - INFO - No songs uploaded.
2025-07-22 01:58:06,846 - music_tracker - INFO - Zero songs listened to
2025-07-22 01:58:06,847 - music_tracker - INFO - No songs uploaded.
2025-07-22 02:58:06,555 - music_tracker - INFO - Zero songs listened to
2025-07-22 02:58:06,556 - music_tracker - INFO - No songs uploaded.
2025-07-22 03:58:07,298 - music_tracker - INFO - Zero songs listened to
2025-07-22 03:58:07,299 - music_tracker - INFO - No songs uploaded.
2025-07-22 04:58:07,015 - music_tracker - INFO - Zero songs listened to
2025-07-22 04:58:07,016 - music_tracker - INFO - No songs uploaded.
2025-07-22 05:58:06,729 - music_tracker - INFO - Zero songs listened to
2025-07-22 05:58:06,730 - music_tracker - INFO - No songs uploaded.
2025-07-22 06:58:06,475 - music_tracker - INFO - Zero songs listened to
2025-07-22 06:58:06,475 - music_tracker - INFO - No songs uploaded.
2025-07-22 07:58:07,276 - music_tracker - INFO - Zero songs listened to
2025-07-22 07:58:07,277 - music_tracker - INFO - No songs uploaded.
2025-07-22 08:58:07,023 - music_tracker - INFO - Zero songs listened to
2025-07-22 08:58:07,024 - music_tracker - INFO - No songs uploaded.
2025-07-22 09:00:11,360 - music_tracker - INFO - Starting music tracker analysis
2025-07-22 09:00:11,361 - music_tracker - INFO - Fetching data
2025-07-22 09:00:11,947 - music_tracker - INFO - Fetched 30 recent songs
2025-07-22 09:00:11,950 - music_tracker - INFO - Running top listens analysis
2025-07-22 09:00:11,950 - music_tracker - INFO - Calculating top songs listens
2025-07-22 09:00:11,951 - music_tracker - INFO - Sending message with top 1 songs
2025-07-22 09:00:13,135 - music_tracker - INFO - Message successfully sent!
2025-07-22 09:00:13,136 - music_tracker - INFO - Calculating top albums listens
2025-07-22 09:00:13,137 - music_tracker - INFO - Sending message with top 3 albums
2025-07-22 09:00:14,046 - music_tracker - INFO - Message successfully sent!
2025-07-22 09:00:14,047 - music_tracker - INFO - Calculating top artists listens
2025-07-22 09:00:14,047 - music_tracker - INFO - Sending message with top 3 artists
2025-07-22 09:00:14,674 - music_tracker - INFO - Message successfully sent!
2025-07-22 09:00:14,674 - music_tracker - INFO - Running popularity and listening hours analysis
2025-07-22 09:00:14,674 - music_tracker - INFO - Finding most popular track
2025-07-22 09:00:14,675 - music_tracker - INFO - Most popular song found: Texas Sun with score 80
2025-07-22 09:00:15,275 - music_tracker - INFO - Message successfully sent!
2025-07-22 09:00:15,276 - music_tracker - INFO - Calculating most listened hour
2025-07-22 09:00:15,276 - music_tracker - INFO - Most listened hour: 00:00 with 47:28
2025-07-22 09:00:15,918 - music_tracker - INFO - Message successfully sent!
2025-07-22 09:00:15,919 - music_tracker - INFO - Calculating duration listened today
2025-07-22 09:00:16,547 - music_tracker - INFO - Message successfully sent!
2025-07-22 09:00:16,547 - music_tracker - INFO - Analysis completed successfully

2025-07-22 09:58:07,281 - music_tracker - INFO - Zero songs listened to
2025-07-22 09:58:07,282 - music_tracker - INFO - No songs uploaded.
2025-07-22 10:58:06,989 - music_tracker - INFO - Zero songs listened to
2025-07-22 10:58:06,990 - music_tracker - INFO - No songs uploaded.
2025-07-22 11:58:06,701 - music_tracker - INFO - Zero songs listened to
2025-07-22 11:58:06,701 - music_tracker - INFO - No songs uploaded.
2025-07-22 12:58:07,470 - music_tracker - INFO - Zero songs listened to
2025-07-22 12:58:07,471 - music_tracker - INFO - No songs uploaded.
2025-07-22 13:58:07,463 - music_tracker - INFO - Zero songs listened to
2025-07-22 13:58:07,464 - music_tracker - INFO - No songs uploaded.
2025-07-22 14:58:07,263 - music_tracker - INFO - Zero songs listened to
2025-07-22 14:58:07,264 - music_tracker - INFO - No songs uploaded.
2025-07-22 15:58:06,971 - music_tracker - INFO - Zero songs listened to
2025-07-22 15:58:06,971 - music_tracker - INFO - No songs uploaded.
2025-07-22 16:58:09,314 - music_tracker - INFO - Uploading 8 songs
2025-07-22 17:58:14,882 - music_tracker - INFO -   Supabase error: Status 400, {"code":"22007","details":null,"hint":null,"message":"invalid input syntax for type date: \"2012\""}
2025-07-22 17:58:14,884 - music_tracker - INFO - No songs uploaded.
2025-07-22 18:58:06,617 - music_tracker - INFO - Zero songs listened to
2025-07-22 18:58:06,618 - music_tracker - INFO - No songs uploaded.
2025-07-22 19:58:08,542 - music_tracker - INFO - Uploading 3 songs
2025-07-22 20:58:08,393 - music_tracker - INFO - Uploading 3 songs
2025-07-22 21:58:09,383 - music_tracker - INFO - Uploading 7 songs
2025-07-22 22:58:07,891 - music_tracker - INFO - Uploading 3 songs
2025-07-22 23:58:16,343 - music_tracker - INFO -   Supabase error: Status 400, {"code":"22007","details":null,"hint":null,"message":"invalid input syntax for type date: \"2007\""}
2025-07-22 23:58:16,345 - music_tracker - INFO - No songs uploaded.
