2025-09-06 00:58:03,496 - music_tracker - INFO - SpotiSpy song collection starting...
2025-09-06 00:58:03,496 - music_tracker - INFO - Starting song collection (last 1 hours)
2025-09-06 00:58:03,497 - music_tracker - INFO - Fetching recent tracks from Spotify...
2025-09-06 00:58:03,950 - music_tracker - INFO - Fetched 10 songs from Spotify
2025-09-06 00:58:03,952 - music_tracker - INFO - Found 10 songs from Spotify API
2025-09-06 00:58:03,953 - music_tracker - INFO - Checking for duplicates in database...
2025-09-06 00:58:05,029 - music_tracker - INFO - Found 10 new songs out of 10 total
2025-09-06 00:58:05,032 - music_tracker - INFO - Found 10 new songs to save
2025-09-06 00:58:05,032 - music_tracker - INFO - Saving songs to database...
2025-09-06 00:58:05,370 - music_tracker - INFO - Successfully saved 10 songs to database
2025-09-06 00:58:05,372 - music_tracker - INFO - Successfully saved 10 songs to database
2025-09-06 00:58:05,372 - music_tracker - INFO - Song collection completed successfully
2025-09-06 01:58:03,838 - music_tracker - INFO - SpotiSpy song collection starting...
2025-09-06 01:58:03,839 - music_tracker - INFO - Starting song collection (last 1 hours)
2025-09-06 01:58:03,839 - music_tracker - INFO - Fetching recent tracks from Spotify...
2025-09-06 01:58:04,214 - music_tracker - INFO - No recent songs found from Spotify
2025-09-06 01:58:04,216 - music_tracker - INFO - No new songs found from Spotify API
2025-09-06 01:58:04,217 - music_tracker - INFO - Song collection completed successfully
2025-09-06 02:58:03,118 - music_tracker - INFO - SpotiSpy song collection starting...
2025-09-06 02:58:03,118 - music_tracker - INFO - Starting song collection (last 1 hours)
2025-09-06 02:58:03,119 - music_tracker - INFO - Fetching recent tracks from Spotify...
2025-09-06 02:58:03,482 - music_tracker - INFO - No recent songs found from Spotify
2025-09-06 02:58:03,484 - music_tracker - INFO - No new songs found from Spotify API
2025-09-06 02:58:03,485 - music_tracker - INFO - Song collection completed successfully
2025-09-06 03:58:03,408 - music_tracker - INFO - SpotiSpy song collection starting...
2025-09-06 03:58:03,408 - music_tracker - INFO - Starting song collection (last 1 hours)
2025-09-06 03:58:03,409 - music_tracker - INFO - Fetching recent tracks from Spotify...
2025-09-06 03:58:03,858 - music_tracker - INFO - Fetched 13 songs from Spotify
2025-09-06 03:58:03,861 - music_tracker - INFO - Found 13 songs from Spotify API
2025-09-06 03:58:03,862 - music_tracker - INFO - Checking for duplicates in database...
2025-09-06 03:58:05,286 - music_tracker - INFO - Found 13 new songs out of 13 total
2025-09-06 03:58:05,288 - music_tracker - INFO - Found 13 new songs to save
2025-09-06 03:58:05,289 - music_tracker - INFO - Saving songs to database...
2025-09-06 03:58:05,664 - music_tracker - INFO - Successfully saved 13 songs to database
2025-09-06 03:58:05,666 - music_tracker - INFO - Successfully saved 13 songs to database
2025-09-06 03:58:05,667 - music_tracker - INFO - Song collection completed successfully
2025-09-06 04:58:03,577 - music_tracker - INFO - SpotiSpy song collection starting...
2025-09-06 04:58:03,578 - music_tracker - INFO - Starting song collection (last 1 hours)
2025-09-06 04:58:03,579 - music_tracker - INFO - Fetching recent tracks from Spotify...
2025-09-06 04:58:04,016 - music_tracker - INFO - Fetched 18 songs from Spotify
2025-09-06 04:58:04,019 - music_tracker - INFO - Found 18 songs from Spotify API
2025-09-06 04:58:04,020 - music_tracker - INFO - Checking for duplicates in database...
2025-09-06 04:58:04,961 - music_tracker - INFO - Found 18 new songs out of 18 total
2025-09-06 04:58:04,963 - music_tracker - INFO - Found 18 new songs to save
2025-09-06 04:58:04,964 - music_tracker - INFO - Saving songs to database...
2025-09-06 04:58:05,331 - music_tracker - INFO - Successfully saved 18 songs to database
2025-09-06 04:58:05,333 - music_tracker - INFO - Successfully saved 18 songs to database
2025-09-06 04:58:05,334 - music_tracker - INFO - Song collection completed successfully
2025-09-06 05:58:03,256 - music_tracker - INFO - SpotiSpy song collection starting...
2025-09-06 05:58:03,257 - music_tracker - INFO - Starting song collection (last 1 hours)
2025-09-06 05:58:03,257 - music_tracker - INFO - Fetching recent tracks from Spotify...
2025-09-06 05:58:03,613 - music_tracker - INFO - No recent songs found from Spotify
2025-09-06 05:58:03,615 - music_tracker - INFO - No new songs found from Spotify API
2025-09-06 05:58:03,616 - music_tracker - INFO - Song collection completed successfully
2025-09-06 06:58:03,669 - music_tracker - INFO - SpotiSpy song collection starting...
2025-09-06 06:58:03,670 - music_tracker - INFO - Starting song collection (last 1 hours)
2025-09-06 06:58:03,670 - music_tracker - INFO - Fetching recent tracks from Spotify...
2025-09-06 06:58:04,023 - music_tracker - INFO - No recent songs found from Spotify
2025-09-06 06:58:04,025 - music_tracker - INFO - No new songs found from Spotify API
2025-09-06 06:58:04,025 - music_tracker - INFO - Song collection completed successfully
2025-09-06 07:58:03,033 - music_tracker - INFO - SpotiSpy song collection starting...
2025-09-06 07:58:03,034 - music_tracker - INFO - Starting song collection (last 1 hours)
2025-09-06 07:58:03,035 - music_tracker - INFO - Fetching recent tracks from Spotify...
2025-09-06 07:58:03,396 - music_tracker - INFO - No recent songs found from Spotify
2025-09-06 07:58:03,398 - music_tracker - INFO - No new songs found from Spotify API
2025-09-06 07:58:03,398 - music_tracker - INFO - Song collection completed successfully
2025-09-06 08:58:03,709 - music_tracker - INFO - SpotiSpy song collection starting...
2025-09-06 08:58:03,711 - music_tracker - INFO - Starting song collection (last 1 hours)
2025-09-06 08:58:03,712 - music_tracker - INFO - Fetching recent tracks from Spotify...
2025-09-06 08:58:04,078 - music_tracker - INFO - No recent songs found from Spotify
2025-09-06 08:58:04,080 - music_tracker - INFO - No new songs found from Spotify API
2025-09-06 08:58:04,081 - music_tracker - INFO - Song collection completed successfully
2025-09-06 09:00:13,187 - music_tracker - INFO - SpotiSpy starting...
2025-09-06 09:00:13,188 - music_tracker - INFO - Starting daily SpotiSpy analysis
2025-09-06 09:00:13,188 - music_tracker - INFO - Fetching yesterday's listening data...
2025-09-06 09:00:14,711 - music_tracker - INFO - Fetched 149 songs from database
2025-09-06 09:00:14,713 - music_tracker - INFO - Found 149 songs to analyze
2025-09-06 09:00:14,714 - music_tracker - INFO - Running analysis...
2025-09-06 09:00:14,730 - music_tracker - INFO - Sending daily summary to Slack...
2025-09-06 09:00:41,419 - music_tracker - INFO - Message sent successfully to Slack
2025-09-06 09:00:41,420 - music_tracker - INFO - Daily analysis completed successfully!
2025-09-06 09:00:41,420 - music_tracker - INFO - SpotiSpy completed successfully
2025-09-06 09:58:03,403 - music_tracker - INFO - SpotiSpy song collection starting...
2025-09-06 09:58:03,404 - music_tracker - INFO - Starting song collection (last 1 hours)
2025-09-06 09:58:03,404 - music_tracker - INFO - Fetching recent tracks from Spotify...
2025-09-06 09:58:03,787 - music_tracker - INFO - No recent songs found from Spotify
2025-09-06 09:58:03,789 - music_tracker - INFO - No new songs found from Spotify API
2025-09-06 09:58:03,790 - music_tracker - INFO - Song collection completed successfully
2025-09-06 10:58:02,984 - music_tracker - INFO - SpotiSpy song collection starting...
2025-09-06 10:58:02,985 - music_tracker - INFO - Starting song collection (last 1 hours)
2025-09-06 10:58:02,986 - music_tracker - INFO - Fetching recent tracks from Spotify...
2025-09-06 10:58:08,467 - music_tracker - INFO - No recent songs found from Spotify
2025-09-06 10:58:08,470 - music_tracker - INFO - No new songs found from Spotify API
2025-09-06 10:58:08,470 - music_tracker - INFO - Song collection completed successfully
2025-09-06 11:58:03,389 - music_tracker - INFO - SpotiSpy song collection starting...
2025-09-06 11:58:03,389 - music_tracker - INFO - Starting song collection (last 1 hours)
2025-09-06 11:58:03,390 - music_tracker - INFO - Fetching recent tracks from Spotify...
2025-09-06 11:58:03,777 - music_tracker - INFO - Fetched 4 songs from Spotify
2025-09-06 11:58:03,779 - music_tracker - INFO - Found 4 songs from Spotify API
2025-09-06 11:58:03,780 - music_tracker - INFO - Checking for duplicates in database...
2025-09-06 11:58:04,740 - music_tracker - INFO - Found 4 new songs out of 4 total
2025-09-06 11:58:04,742 - music_tracker - INFO - Found 4 new songs to save
2025-09-06 11:58:04,743 - music_tracker - INFO - Saving songs to database...
2025-09-06 11:58:05,106 - music_tracker - INFO - Successfully saved 4 songs to database
2025-09-06 11:58:05,109 - music_tracker - INFO - Successfully saved 4 songs to database
2025-09-06 11:58:05,109 - music_tracker - INFO - Song collection completed successfully
2025-09-06 12:58:03,034 - music_tracker - INFO - SpotiSpy song collection starting...
2025-09-06 12:58:03,034 - music_tracker - INFO - Starting song collection (last 1 hours)
2025-09-06 12:58:03,035 - music_tracker - INFO - Fetching recent tracks from Spotify...
2025-09-06 12:58:03,442 - music_tracker - INFO - No recent songs found from Spotify
2025-09-06 12:58:03,444 - music_tracker - INFO - No new songs found from Spotify API
2025-09-06 12:58:03,445 - music_tracker - INFO - Song collection completed successfully
2025-09-06 13:58:03,363 - music_tracker - INFO - SpotiSpy song collection starting...
2025-09-06 13:58:03,364 - music_tracker - INFO - Starting song collection (last 1 hours)
2025-09-06 13:58:03,364 - music_tracker - INFO - Fetching recent tracks from Spotify...
2025-09-06 13:58:03,712 - music_tracker - INFO - No recent songs found from Spotify
2025-09-06 13:58:03,714 - music_tracker - INFO - No new songs found from Spotify API
2025-09-06 13:58:03,714 - music_tracker - INFO - Song collection completed successfully
2025-09-06 14:58:03,870 - music_tracker - INFO - SpotiSpy song collection starting...
2025-09-06 14:58:03,871 - music_tracker - INFO - Starting song collection (last 1 hours)
2025-09-06 14:58:03,872 - music_tracker - INFO - Fetching recent tracks from Spotify...
2025-09-06 14:58:04,293 - music_tracker - INFO - No recent songs found from Spotify
2025-09-06 14:58:04,296 - music_tracker - INFO - No new songs found from Spotify API
2025-09-06 14:58:04,296 - music_tracker - INFO - Song collection completed successfully
2025-09-06 15:58:03,215 - music_tracker - INFO - SpotiSpy song collection starting...
2025-09-06 15:58:03,216 - music_tracker - INFO - Starting song collection (last 1 hours)
2025-09-06 15:58:03,216 - music_tracker - INFO - Fetching recent tracks from Spotify...
2025-09-06 15:58:03,613 - music_tracker - INFO - Fetched 2 songs from Spotify
2025-09-06 15:58:03,615 - music_tracker - INFO - Found 2 songs from Spotify API
2025-09-06 15:58:03,616 - music_tracker - INFO - Checking for duplicates in database...
2025-09-06 15:58:04,774 - music_tracker - INFO - Found 2 new songs out of 2 total
2025-09-06 15:58:04,776 - music_tracker - INFO - Found 2 new songs to save
2025-09-06 15:58:04,777 - music_tracker - INFO - Saving songs to database...
2025-09-06 15:58:05,140 - music_tracker - INFO - Successfully saved 2 songs to database
2025-09-06 15:58:05,142 - music_tracker - INFO - Successfully saved 2 songs to database
2025-09-06 15:58:05,143 - music_tracker - INFO - Song collection completed successfully
2025-09-06 16:58:03,051 - music_tracker - INFO - SpotiSpy song collection starting...
2025-09-06 16:58:03,052 - music_tracker - INFO - Starting song collection (last 1 hours)
2025-09-06 16:58:03,053 - music_tracker - INFO - Fetching recent tracks from Spotify...
2025-09-06 16:58:03,534 - music_tracker - INFO - Fetched 8 songs from Spotify
2025-09-06 16:58:03,536 - music_tracker - INFO - Found 8 songs from Spotify API
2025-09-06 16:58:03,537 - music_tracker - INFO - Checking for duplicates in database...
2025-09-06 16:58:04,448 - music_tracker - INFO - Found 8 new songs out of 8 total
2025-09-06 16:58:04,450 - music_tracker - INFO - Found 8 new songs to save
2025-09-06 16:58:04,451 - music_tracker - INFO - Saving songs to database...
2025-09-06 16:58:04,837 - music_tracker - INFO - Successfully saved 8 songs to database
2025-09-06 16:58:04,839 - music_tracker - INFO - Successfully saved 8 songs to database
2025-09-06 16:58:04,839 - music_tracker - INFO - Song collection completed successfully
2025-09-06 17:58:02,766 - music_tracker - INFO - SpotiSpy song collection starting...
2025-09-06 17:58:02,767 - music_tracker - INFO - Starting song collection (last 1 hours)
2025-09-06 17:58:02,768 - music_tracker - INFO - Fetching recent tracks from Spotify...
2025-09-06 17:58:03,244 - music_tracker - INFO - Fetched 12 songs from Spotify
2025-09-06 17:58:03,246 - music_tracker - INFO - Found 12 songs from Spotify API
2025-09-06 17:58:03,247 - music_tracker - INFO - Checking for duplicates in database...
2025-09-06 17:58:04,433 - music_tracker - INFO - Found 12 new songs out of 12 total
2025-09-06 17:58:04,435 - music_tracker - INFO - Found 12 new songs to save
2025-09-06 17:58:04,436 - music_tracker - INFO - Saving songs to database...
2025-09-06 17:58:04,799 - music_tracker - INFO - Successfully saved 12 songs to database
2025-09-06 17:58:04,801 - music_tracker - INFO - Successfully saved 12 songs to database
2025-09-06 17:58:04,802 - music_tracker - INFO - Song collection completed successfully
2025-09-06 18:58:02,708 - music_tracker - INFO - SpotiSpy song collection starting...
2025-09-06 18:58:02,709 - music_tracker - INFO - Starting song collection (last 1 hours)
2025-09-06 18:58:02,709 - music_tracker - INFO - Fetching recent tracks from Spotify...
2025-09-06 18:58:08,215 - music_tracker - INFO - Fetched 1 songs from Spotify
2025-09-06 18:58:08,218 - music_tracker - INFO - Found 1 songs from Spotify API
2025-09-06 18:58:08,219 - music_tracker - INFO - Checking for duplicates in database...
2025-09-06 18:58:09,471 - music_tracker - INFO - Found 1 new songs out of 1 total
2025-09-06 18:58:09,473 - music_tracker - INFO - Found 1 new songs to save
2025-09-06 18:58:09,474 - music_tracker - INFO - Saving songs to database...
2025-09-06 18:58:09,853 - music_tracker - INFO - Successfully saved 1 songs to database
2025-09-06 18:58:09,856 - music_tracker - INFO - Successfully saved 1 songs to database
2025-09-06 18:58:09,856 - music_tracker - INFO - Song collection completed successfully
2025-09-06 19:58:02,785 - music_tracker - INFO - SpotiSpy song collection starting...
2025-09-06 19:58:02,786 - music_tracker - INFO - Starting song collection (last 1 hours)
2025-09-06 19:58:02,787 - music_tracker - INFO - Fetching recent tracks from Spotify...
2025-09-06 19:58:03,150 - music_tracker - INFO - No recent songs found from Spotify
2025-09-06 19:58:03,152 - music_tracker - INFO - No new songs found from Spotify API
2025-09-06 19:58:03,153 - music_tracker - INFO - Song collection completed successfully
2025-09-06 20:58:03,057 - music_tracker - INFO - SpotiSpy song collection starting...
2025-09-06 20:58:03,058 - music_tracker - INFO - Starting song collection (last 1 hours)
2025-09-06 20:58:03,059 - music_tracker - INFO - Fetching recent tracks from Spotify...
2025-09-06 20:58:03,422 - music_tracker - INFO - No recent songs found from Spotify
2025-09-06 20:58:03,424 - music_tracker - INFO - No new songs found from Spotify API
2025-09-06 20:58:03,425 - music_tracker - INFO - Song collection completed successfully
2025-09-06 21:58:03,554 - music_tracker - INFO - SpotiSpy song collection starting...
2025-09-06 21:58:03,555 - music_tracker - INFO - Starting song collection (last 1 hours)
2025-09-06 21:58:03,556 - music_tracker - INFO - Fetching recent tracks from Spotify...
2025-09-06 21:58:03,938 - music_tracker - INFO - No recent songs found from Spotify
2025-09-06 21:58:03,940 - music_tracker - INFO - No new songs found from Spotify API
2025-09-06 21:58:03,941 - music_tracker - INFO - Song collection completed successfully
2025-09-06 22:58:02,831 - music_tracker - INFO - SpotiSpy song collection starting...
2025-09-06 22:58:02,831 - music_tracker - INFO - Starting song collection (last 1 hours)
2025-09-06 22:58:02,832 - music_tracker - INFO - Fetching recent tracks from Spotify...
2025-09-06 22:58:03,192 - music_tracker - INFO - No recent songs found from Spotify
2025-09-06 22:58:03,194 - music_tracker - INFO - No new songs found from Spotify API
2025-09-06 22:58:03,194 - music_tracker - INFO - Song collection completed successfully
2025-09-06 23:58:03,089 - music_tracker - INFO - SpotiSpy song collection starting...
2025-09-06 23:58:03,090 - music_tracker - INFO - Starting song collection (last 1 hours)
2025-09-06 23:58:03,091 - music_tracker - INFO - Fetching recent tracks from Spotify...
2025-09-06 23:58:13,624 - music_tracker - INFO - No recent songs found from Spotify
2025-09-06 23:58:13,627 - music_tracker - INFO - No new songs found from Spotify API
2025-09-06 23:58:13,627 - music_tracker - INFO - Song collection completed successfully
