2025-10-03 00:58:04,048 - music_tracker - INFO - SpotiSpy song collection starting...
2025-10-03 00:58:04,048 - music_tracker - INFO - Starting song collection (last 1 hours)
2025-10-03 00:58:04,049 - music_tracker - INFO - Fetching recent tracks from Spotify...
2025-10-03 00:58:04,501 - music_tracker - INFO - No recent songs found from Spotify
2025-10-03 00:58:04,504 - music_tracker - INFO - No new songs found from Spotify API
2025-10-03 00:58:04,504 - music_tracker - INFO - Song collection completed successfully
2025-10-03 01:58:03,522 - music_tracker - INFO - SpotiSpy song collection starting...
2025-10-03 01:58:03,522 - music_tracker - INFO - Starting song collection (last 1 hours)
2025-10-03 01:58:03,523 - music_tracker - INFO - Fetching recent tracks from Spotify...
2025-10-03 01:58:03,861 - music_tracker - INFO - No recent songs found from Spotify
2025-10-03 01:58:03,863 - music_tracker - INFO - No new songs found from Spotify API
2025-10-03 01:58:03,864 - music_tracker - INFO - Song collection completed successfully
2025-10-03 02:58:02,745 - music_tracker - INFO - SpotiSpy song collection starting...
2025-10-03 02:58:02,745 - music_tracker - INFO - Starting song collection (last 1 hours)
2025-10-03 02:58:02,746 - music_tracker - INFO - Fetching recent tracks from Spotify...
2025-10-03 02:58:03,093 - music_tracker - INFO - No recent songs found from Spotify
2025-10-03 02:58:03,095 - music_tracker - INFO - No new songs found from Spotify API
2025-10-03 02:58:03,095 - music_tracker - INFO - Song collection completed successfully
2025-10-03 03:58:03,035 - music_tracker - INFO - SpotiSpy song collection starting...
2025-10-03 03:58:03,037 - music_tracker - INFO - Starting song collection (last 1 hours)
2025-10-03 03:58:03,038 - music_tracker - INFO - Fetching recent tracks from Spotify...
2025-10-03 03:58:03,462 - music_tracker - INFO - No recent songs found from Spotify
2025-10-03 03:58:03,465 - music_tracker - INFO - No new songs found from Spotify API
2025-10-03 03:58:03,465 - music_tracker - INFO - Song collection completed successfully
2025-10-03 04:58:03,694 - music_tracker - INFO - SpotiSpy song collection starting...
2025-10-03 04:58:03,695 - music_tracker - INFO - Starting song collection (last 1 hours)
2025-10-03 04:58:03,695 - music_tracker - INFO - Fetching recent tracks from Spotify...
2025-10-03 04:58:04,040 - music_tracker - INFO - No recent songs found from Spotify
2025-10-03 04:58:04,042 - music_tracker - INFO - No new songs found from Spotify API
2025-10-03 04:58:04,043 - music_tracker - INFO - Song collection completed successfully
2025-10-03 05:58:02,950 - music_tracker - INFO - SpotiSpy song collection starting...
2025-10-03 05:58:02,951 - music_tracker - INFO - Starting song collection (last 1 hours)
2025-10-03 05:58:02,952 - music_tracker - INFO - Fetching recent tracks from Spotify...
2025-10-03 05:58:03,336 - music_tracker - INFO - No recent songs found from Spotify
2025-10-03 05:58:03,339 - music_tracker - INFO - No new songs found from Spotify API
2025-10-03 05:58:03,339 - music_tracker - INFO - Song collection completed successfully
2025-10-03 06:58:03,304 - music_tracker - INFO - SpotiSpy song collection starting...
2025-10-03 06:58:03,305 - music_tracker - INFO - Starting song collection (last 1 hours)
2025-10-03 06:58:03,305 - music_tracker - INFO - Fetching recent tracks from Spotify...
2025-10-03 06:58:03,661 - music_tracker - INFO - No recent songs found from Spotify
2025-10-03 06:58:03,663 - music_tracker - INFO - No new songs found from Spotify API
2025-10-03 06:58:03,663 - music_tracker - INFO - Song collection completed successfully
2025-10-03 07:58:03,564 - music_tracker - INFO - SpotiSpy song collection starting...
2025-10-03 07:58:03,564 - music_tracker - INFO - Starting song collection (last 1 hours)
2025-10-03 07:58:03,565 - music_tracker - INFO - Fetching recent tracks from Spotify...
2025-10-03 07:58:03,937 - music_tracker - INFO - No recent songs found from Spotify
2025-10-03 07:58:03,939 - music_tracker - INFO - No new songs found from Spotify API
2025-10-03 07:58:03,939 - music_tracker - INFO - Song collection completed successfully
2025-10-03 08:58:02,825 - music_tracker - INFO - SpotiSpy song collection starting...
2025-10-03 08:58:02,825 - music_tracker - INFO - Starting song collection (last 1 hours)
2025-10-03 08:58:02,826 - music_tracker - INFO - Fetching recent tracks from Spotify...
2025-10-03 08:58:03,326 - music_tracker - INFO - No recent songs found from Spotify
2025-10-03 08:58:03,328 - music_tracker - INFO - No new songs found from Spotify API
2025-10-03 08:58:03,328 - music_tracker - INFO - Song collection completed successfully
2025-10-03 09:00:12,955 - music_tracker - INFO - SpotiSpy starting...
2025-10-03 09:00:12,956 - music_tracker - INFO - Starting daily SpotiSpy analysis
2025-10-03 09:00:12,956 - music_tracker - INFO - Fetching yesterday's listening data...
2025-10-03 09:00:14,510 - music_tracker - INFO - Fetched 50 songs from database
2025-10-03 09:00:14,513 - music_tracker - INFO - Found 50 songs to analyze
2025-10-03 09:00:14,514 - music_tracker - INFO - Running analysis...
2025-10-03 09:00:14,521 - music_tracker - INFO - Sending daily summary to Slack...
2025-10-03 09:00:15,417 - music_tracker - INFO - Message sent successfully to Slack
2025-10-03 09:00:15,418 - music_tracker - INFO - Daily analysis completed successfully!
2025-10-03 09:00:15,418 - music_tracker - INFO - SpotiSpy completed successfully
2025-10-03 09:58:04,547 - music_tracker - INFO - SpotiSpy song collection starting...
2025-10-03 09:58:04,554 - music_tracker - INFO - Starting song collection (last 1 hours)
2025-10-03 09:58:04,555 - music_tracker - INFO - Fetching recent tracks from Spotify...
2025-10-03 09:58:05,054 - music_tracker - INFO - Fetched 8 songs from Spotify
2025-10-03 09:58:05,057 - music_tracker - INFO - Found 8 songs from Spotify API
2025-10-03 09:58:05,058 - music_tracker - INFO - Checking for duplicates in database...
2025-10-03 09:58:06,351 - music_tracker - INFO - Found 8 new songs out of 8 total
2025-10-03 09:58:06,353 - music_tracker - INFO - Found 8 new songs to save
2025-10-03 09:58:06,354 - music_tracker - INFO - Saving songs to database...
2025-10-03 09:58:06,653 - music_tracker - INFO - Successfully saved 8 songs to database
2025-10-03 09:58:06,655 - music_tracker - INFO - Successfully saved 8 songs to database
2025-10-03 09:58:06,655 - music_tracker - INFO - Song collection completed successfully
2025-10-03 10:58:02,623 - music_tracker - INFO - SpotiSpy song collection starting...
2025-10-03 10:58:02,623 - music_tracker - INFO - Starting song collection (last 1 hours)
2025-10-03 10:58:02,624 - music_tracker - INFO - Fetching recent tracks from Spotify...
2025-10-03 10:58:03,170 - music_tracker - INFO - Fetched 14 songs from Spotify
2025-10-03 10:58:03,173 - music_tracker - INFO - Found 14 songs from Spotify API
2025-10-03 10:58:03,173 - music_tracker - INFO - Checking for duplicates in database...
2025-10-03 10:58:04,461 - music_tracker - INFO - Found 14 new songs out of 14 total
2025-10-03 10:58:04,463 - music_tracker - INFO - Found 14 new songs to save
2025-10-03 10:58:04,464 - music_tracker - INFO - Saving songs to database...
2025-10-03 10:58:04,873 - music_tracker - INFO - Successfully saved 14 songs to database
2025-10-03 10:58:04,875 - music_tracker - INFO - Successfully saved 14 songs to database
2025-10-03 10:58:04,876 - music_tracker - INFO - Song collection completed successfully
2025-10-03 11:58:02,816 - music_tracker - INFO - SpotiSpy song collection starting...
2025-10-03 11:58:02,817 - music_tracker - INFO - Starting song collection (last 1 hours)
2025-10-03 11:58:02,817 - music_tracker - INFO - Fetching recent tracks from Spotify...
2025-10-03 11:58:03,289 - music_tracker - INFO - Fetched 9 songs from Spotify
2025-10-03 11:58:03,292 - music_tracker - INFO - Found 9 songs from Spotify API
2025-10-03 11:58:03,293 - music_tracker - INFO - Checking for duplicates in database...
2025-10-03 11:58:04,511 - music_tracker - INFO - Found 9 new songs out of 9 total
2025-10-03 11:58:04,514 - music_tracker - INFO - Found 9 new songs to save
2025-10-03 11:58:04,515 - music_tracker - INFO - Saving songs to database...
2025-10-03 11:58:04,831 - music_tracker - INFO - Successfully saved 9 songs to database
2025-10-03 11:58:04,833 - music_tracker - INFO - Successfully saved 9 songs to database
2025-10-03 11:58:04,834 - music_tracker - INFO - Song collection completed successfully
2025-10-03 12:58:02,752 - music_tracker - INFO - SpotiSpy song collection starting...
2025-10-03 12:58:02,753 - music_tracker - INFO - Starting song collection (last 1 hours)
2025-10-03 12:58:02,753 - music_tracker - INFO - Fetching recent tracks from Spotify...
2025-10-03 12:58:03,238 - music_tracker - INFO - Fetched 4 songs from Spotify
2025-10-03 12:58:03,241 - music_tracker - INFO - Found 4 songs from Spotify API
2025-10-03 12:58:03,241 - music_tracker - INFO - Checking for duplicates in database...
2025-10-03 12:58:04,653 - music_tracker - INFO - Found 4 new songs out of 4 total
2025-10-03 12:58:04,655 - music_tracker - INFO - Found 4 new songs to save
2025-10-03 12:58:04,656 - music_tracker - INFO - Saving songs to database...
2025-10-03 12:58:04,992 - music_tracker - INFO - Successfully saved 4 songs to database
2025-10-03 12:58:04,994 - music_tracker - INFO - Successfully saved 4 songs to database
2025-10-03 12:58:04,995 - music_tracker - INFO - Song collection completed successfully
2025-10-03 13:58:02,917 - music_tracker - INFO - SpotiSpy song collection starting...
2025-10-03 13:58:02,917 - music_tracker - INFO - Starting song collection (last 1 hours)
2025-10-03 13:58:02,918 - music_tracker - INFO - Fetching recent tracks from Spotify...
2025-10-03 13:58:03,462 - music_tracker - INFO - Fetched 12 songs from Spotify
2025-10-03 13:58:03,465 - music_tracker - INFO - Found 12 songs from Spotify API
2025-10-03 13:58:03,465 - music_tracker - INFO - Checking for duplicates in database...
2025-10-03 13:58:04,855 - music_tracker - INFO - Found 12 new songs out of 12 total
2025-10-03 13:58:04,857 - music_tracker - INFO - Found 12 new songs to save
2025-10-03 13:58:04,858 - music_tracker - INFO - Saving songs to database...
2025-10-03 13:58:05,182 - music_tracker - INFO - Successfully saved 12 songs to database
2025-10-03 13:58:05,184 - music_tracker - INFO - Successfully saved 12 songs to database
2025-10-03 13:58:05,185 - music_tracker - INFO - Song collection completed successfully
2025-10-03 14:58:03,118 - music_tracker - INFO - SpotiSpy song collection starting...
2025-10-03 14:58:03,118 - music_tracker - INFO - Starting song collection (last 1 hours)
2025-10-03 14:58:03,119 - music_tracker - INFO - Fetching recent tracks from Spotify...
2025-10-03 14:58:03,731 - music_tracker - INFO - Fetched 17 songs from Spotify
2025-10-03 14:58:03,734 - music_tracker - INFO - Found 17 songs from Spotify API
2025-10-03 14:58:03,734 - music_tracker - INFO - Checking for duplicates in database...
2025-10-03 14:58:05,151 - music_tracker - INFO - Found 17 new songs out of 17 total
2025-10-03 14:58:05,153 - music_tracker - INFO - Found 17 new songs to save
2025-10-03 14:58:05,154 - music_tracker - INFO - Saving songs to database...
2025-10-03 14:58:05,455 - music_tracker - INFO - Successfully saved 17 songs to database
2025-10-03 14:58:05,457 - music_tracker - INFO - Successfully saved 17 songs to database
2025-10-03 14:58:05,458 - music_tracker - INFO - Song collection completed successfully
2025-10-03 15:58:03,376 - music_tracker - INFO - SpotiSpy song collection starting...
2025-10-03 15:58:03,377 - music_tracker - INFO - Starting song collection (last 1 hours)
2025-10-03 15:58:03,378 - music_tracker - INFO - Fetching recent tracks from Spotify...
2025-10-03 15:58:03,896 - music_tracker - INFO - Fetched 12 songs from Spotify
2025-10-03 15:58:03,899 - music_tracker - INFO - Found 12 songs from Spotify API
2025-10-03 15:58:03,899 - music_tracker - INFO - Checking for duplicates in database...
2025-10-03 15:58:05,319 - music_tracker - INFO - Found 12 new songs out of 12 total
2025-10-03 15:58:05,321 - music_tracker - INFO - Found 12 new songs to save
2025-10-03 15:58:05,322 - music_tracker - INFO - Saving songs to database...
2025-10-03 15:58:05,618 - music_tracker - INFO - Successfully saved 12 songs to database
2025-10-03 15:58:05,620 - music_tracker - INFO - Successfully saved 12 songs to database
2025-10-03 15:58:05,621 - music_tracker - INFO - Song collection completed successfully
2025-10-03 16:58:03,543 - music_tracker - INFO - SpotiSpy song collection starting...
2025-10-03 16:58:03,543 - music_tracker - INFO - Starting song collection (last 1 hours)
2025-10-03 16:58:03,544 - music_tracker - INFO - Fetching recent tracks from Spotify...
2025-10-03 16:58:03,891 - music_tracker - INFO - No recent songs found from Spotify
2025-10-03 16:58:03,893 - music_tracker - INFO - No new songs found from Spotify API
2025-10-03 16:58:03,894 - music_tracker - INFO - Song collection completed successfully
2025-10-03 17:58:02,908 - music_tracker - INFO - SpotiSpy song collection starting...
2025-10-03 17:58:02,912 - music_tracker - INFO - Starting song collection (last 1 hours)
2025-10-03 17:58:02,913 - music_tracker - INFO - Fetching recent tracks from Spotify...
2025-10-03 17:58:03,305 - music_tracker - INFO - No recent songs found from Spotify
2025-10-03 17:58:03,307 - music_tracker - INFO - No new songs found from Spotify API
2025-10-03 17:58:03,307 - music_tracker - INFO - Song collection completed successfully
2025-10-03 20:58:03,342 - music_tracker - INFO - SpotiSpy song collection starting...
2025-10-03 20:58:03,343 - music_tracker - INFO - Starting song collection (last 1 hours)
2025-10-03 20:58:03,344 - music_tracker - INFO - Fetching recent tracks from Spotify...
2025-10-03 20:58:03,805 - music_tracker - INFO - Fetched 5 songs from Spotify
2025-10-03 20:58:03,807 - music_tracker - INFO - Found 5 songs from Spotify API
2025-10-03 20:58:03,808 - music_tracker - INFO - Checking for duplicates in database...
2025-10-03 20:58:04,815 - music_tracker - INFO - Found 5 new songs out of 5 total
2025-10-03 20:58:04,817 - music_tracker - INFO - Found 5 new songs to save
2025-10-03 20:58:04,818 - music_tracker - INFO - Saving songs to database...
2025-10-03 20:58:05,108 - music_tracker - INFO - Successfully saved 5 songs to database
2025-10-03 20:58:05,110 - music_tracker - INFO - Successfully saved 5 songs to database
2025-10-03 20:58:05,111 - music_tracker - INFO - Song collection completed successfully
2025-10-03 21:58:03,341 - music_tracker - INFO - SpotiSpy song collection starting...
2025-10-03 21:58:03,342 - music_tracker - INFO - Starting song collection (last 1 hours)
2025-10-03 21:58:03,343 - music_tracker - INFO - Fetching recent tracks from Spotify...
2025-10-03 21:58:03,719 - music_tracker - INFO - No recent songs found from Spotify
2025-10-03 21:58:03,721 - music_tracker - INFO - No new songs found from Spotify API
2025-10-03 21:58:03,722 - music_tracker - INFO - Song collection completed successfully
2025-10-03 22:58:03,184 - music_tracker - INFO - SpotiSpy song collection starting...
2025-10-03 22:58:03,184 - music_tracker - INFO - Starting song collection (last 1 hours)
2025-10-03 22:58:03,185 - music_tracker - INFO - Fetching recent tracks from Spotify...
2025-10-03 22:58:03,647 - music_tracker - INFO - Fetched 1 songs from Spotify
2025-10-03 22:58:03,650 - music_tracker - INFO - Found 1 songs from Spotify API
2025-10-03 22:58:03,651 - music_tracker - INFO - Checking for duplicates in database...
2025-10-03 22:58:04,913 - music_tracker - INFO - Found 1 new songs out of 1 total
2025-10-03 22:58:04,915 - music_tracker - INFO - Found 1 new songs to save
2025-10-03 22:58:04,916 - music_tracker - INFO - Saving songs to database...
2025-10-03 22:58:05,193 - music_tracker - INFO - Successfully saved 1 songs to database
2025-10-03 22:58:05,195 - music_tracker - INFO - Successfully saved 1 songs to database
2025-10-03 22:58:05,196 - music_tracker - INFO - Song collection completed successfully
2025-10-03 23:58:03,117 - music_tracker - INFO - SpotiSpy song collection starting...
2025-10-03 23:58:03,117 - music_tracker - INFO - Starting song collection (last 1 hours)
2025-10-03 23:58:03,118 - music_tracker - INFO - Fetching recent tracks from Spotify...
2025-10-03 23:58:03,567 - music_tracker - INFO - Fetched 1 songs from Spotify
2025-10-03 23:58:03,569 - music_tracker - INFO - Found 1 songs from Spotify API
2025-10-03 23:58:03,569 - music_tracker - INFO - Checking for duplicates in database...
2025-10-03 23:58:04,735 - music_tracker - INFO - Found 1 new songs out of 1 total
2025-10-03 23:58:04,737 - music_tracker - INFO - Found 1 new songs to save
2025-10-03 23:58:04,738 - music_tracker - INFO - Saving songs to database...
2025-10-03 23:58:05,071 - music_tracker - INFO - Successfully saved 1 songs to database
2025-10-03 23:58:05,073 - music_tracker - INFO - Successfully saved 1 songs to database
2025-10-03 23:58:05,074 - music_tracker - INFO - Song collection completed successfully
