2025-12-24 00:58:03,222 - music_tracker - INFO - SpotiSpy song collection starting...
2025-12-24 00:58:03,223 - music_tracker - INFO - Starting song collection (last 1 hours)
2025-12-24 00:58:03,224 - music_tracker - INFO - Fetching recent tracks from Spotify...
2025-12-24 00:58:03,577 - music_tracker - INFO - No recent songs found from Spotify
2025-12-24 00:58:03,579 - music_tracker - INFO - No new songs found from Spotify API
2025-12-24 00:58:03,579 - music_tracker - INFO - Song collection completed successfully
2025-12-24 01:58:03,485 - music_tracker - INFO - SpotiSpy song collection starting...
2025-12-24 01:58:03,486 - music_tracker - INFO - Starting song collection (last 1 hours)
2025-12-24 01:58:03,486 - music_tracker - INFO - Fetching recent tracks from Spotify...
2025-12-24 01:58:03,836 - music_tracker - INFO - No recent songs found from Spotify
2025-12-24 01:58:03,838 - music_tracker - INFO - No new songs found from Spotify API
2025-12-24 01:58:03,839 - music_tracker - INFO - Song collection completed successfully
2025-12-24 02:58:02,720 - music_tracker - INFO - SpotiSpy song collection starting...
2025-12-24 02:58:02,721 - music_tracker - INFO - Starting song collection (last 1 hours)
2025-12-24 02:58:02,721 - music_tracker - INFO - Fetching recent tracks from Spotify...
2025-12-24 02:58:03,133 - music_tracker - INFO - No recent songs found from Spotify
2025-12-24 02:58:03,135 - music_tracker - INFO - No new songs found from Spotify API
2025-12-24 02:58:03,135 - music_tracker - INFO - Song collection completed successfully
2025-12-24 03:58:03,050 - music_tracker - INFO - SpotiSpy song collection starting...
2025-12-24 03:58:03,051 - music_tracker - INFO - Starting song collection (last 1 hours)
2025-12-24 03:58:03,052 - music_tracker - INFO - Fetching recent tracks from Spotify...
2025-12-24 03:58:03,474 - music_tracker - INFO - No recent songs found from Spotify
2025-12-24 03:58:03,476 - music_tracker - INFO - No new songs found from Spotify API
2025-12-24 03:58:03,477 - music_tracker - INFO - Song collection completed successfully
2025-12-24 04:58:03,370 - music_tracker - INFO - SpotiSpy song collection starting...
2025-12-24 04:58:03,371 - music_tracker - INFO - Starting song collection (last 1 hours)
2025-12-24 04:58:03,371 - music_tracker - INFO - Fetching recent tracks from Spotify...
2025-12-24 04:58:03,714 - music_tracker - INFO - No recent songs found from Spotify
2025-12-24 04:58:03,716 - music_tracker - INFO - No new songs found from Spotify API
2025-12-24 04:58:03,717 - music_tracker - INFO - Song collection completed successfully
2025-12-24 05:58:02,617 - music_tracker - INFO - SpotiSpy song collection starting...
2025-12-24 05:58:02,618 - music_tracker - INFO - Starting song collection (last 1 hours)
2025-12-24 05:58:02,618 - music_tracker - INFO - Fetching recent tracks from Spotify...
2025-12-24 05:58:02,976 - music_tracker - INFO - No recent songs found from Spotify
2025-12-24 05:58:02,978 - music_tracker - INFO - No new songs found from Spotify API
2025-12-24 05:58:02,979 - music_tracker - INFO - Song collection completed successfully
2025-12-24 06:58:02,945 - music_tracker - INFO - SpotiSpy song collection starting...
2025-12-24 06:58:02,945 - music_tracker - INFO - Starting song collection (last 1 hours)
2025-12-24 06:58:02,946 - music_tracker - INFO - Fetching recent tracks from Spotify...
2025-12-24 06:58:03,295 - music_tracker - INFO - No recent songs found from Spotify
2025-12-24 06:58:03,297 - music_tracker - INFO - No new songs found from Spotify API
2025-12-24 06:58:03,297 - music_tracker - INFO - Song collection completed successfully
2025-12-24 07:58:03,196 - music_tracker - INFO - SpotiSpy song collection starting...
2025-12-24 07:58:03,196 - music_tracker - INFO - Starting song collection (last 1 hours)
2025-12-24 07:58:03,197 - music_tracker - INFO - Fetching recent tracks from Spotify...
2025-12-24 07:58:03,526 - music_tracker - INFO - No recent songs found from Spotify
2025-12-24 07:58:03,528 - music_tracker - INFO - No new songs found from Spotify API
2025-12-24 07:58:03,529 - music_tracker - INFO - Song collection completed successfully
2025-12-24 08:58:04,217 - music_tracker - INFO - SpotiSpy song collection starting...
2025-12-24 08:58:04,218 - music_tracker - INFO - Starting song collection (last 1 hours)
2025-12-24 08:58:04,219 - music_tracker - INFO - Fetching recent tracks from Spotify...
2025-12-24 08:58:04,598 - music_tracker - INFO - No recent songs found from Spotify
2025-12-24 08:58:04,600 - music_tracker - INFO - No new songs found from Spotify API
2025-12-24 08:58:04,601 - music_tracker - INFO - Song collection completed successfully
2025-12-24 09:00:13,222 - music_tracker - INFO - SpotiSpy starting...
2025-12-24 09:00:13,222 - music_tracker - INFO - Starting daily SpotiSpy analysis
2025-12-24 09:00:13,223 - music_tracker - INFO - Fetching yesterday's listening data...
2025-12-24 09:00:14,994 - music_tracker - INFO - Fetched 79 songs from database
2025-12-24 09:00:14,997 - music_tracker - INFO - Found 79 songs to analyze
2025-12-24 09:00:14,998 - music_tracker - INFO - Running analysis...
2025-12-24 09:00:15,008 - music_tracker - INFO - Sending daily summary to Slack...
2025-12-24 09:00:41,451 - music_tracker - INFO - Message sent successfully to Slack
2025-12-24 09:00:41,452 - music_tracker - INFO - Daily analysis completed successfully!
2025-12-24 09:00:41,452 - music_tracker - INFO - SpotiSpy completed successfully
2025-12-24 09:58:03,357 - music_tracker - INFO - SpotiSpy song collection starting...
2025-12-24 09:58:03,358 - music_tracker - INFO - Starting song collection (last 1 hours)
2025-12-24 09:58:03,358 - music_tracker - INFO - Fetching recent tracks from Spotify...
2025-12-24 09:58:03,756 - music_tracker - INFO - No recent songs found from Spotify
2025-12-24 09:58:03,758 - music_tracker - INFO - No new songs found from Spotify API
2025-12-24 09:58:03,759 - music_tracker - INFO - Song collection completed successfully
2025-12-24 10:58:02,661 - music_tracker - INFO - SpotiSpy song collection starting...
2025-12-24 10:58:02,662 - music_tracker - INFO - Starting song collection (last 1 hours)
2025-12-24 10:58:02,662 - music_tracker - INFO - Fetching recent tracks from Spotify...
2025-12-24 10:58:03,033 - music_tracker - INFO - No recent songs found from Spotify
2025-12-24 10:58:03,035 - music_tracker - INFO - No new songs found from Spotify API
2025-12-24 10:58:03,035 - music_tracker - INFO - Song collection completed successfully
2025-12-24 11:58:04,118 - music_tracker - INFO - SpotiSpy song collection starting...
2025-12-24 11:58:04,119 - music_tracker - INFO - Starting song collection (last 1 hours)
2025-12-24 11:58:04,120 - music_tracker - INFO - Fetching recent tracks from Spotify...
2025-12-24 11:58:04,548 - music_tracker - INFO - No recent songs found from Spotify
2025-12-24 11:58:04,550 - music_tracker - INFO - No new songs found from Spotify API
2025-12-24 11:58:04,550 - music_tracker - INFO - Song collection completed successfully
2025-12-24 12:58:03,513 - music_tracker - INFO - SpotiSpy song collection starting...
2025-12-24 12:58:03,514 - music_tracker - INFO - Starting song collection (last 1 hours)
2025-12-24 12:58:03,514 - music_tracker - INFO - Fetching recent tracks from Spotify...
2025-12-24 12:58:03,861 - music_tracker - INFO - No recent songs found from Spotify
2025-12-24 12:58:03,864 - music_tracker - INFO - No new songs found from Spotify API
2025-12-24 12:58:03,864 - music_tracker - INFO - Song collection completed successfully
2025-12-24 13:58:02,748 - music_tracker - INFO - SpotiSpy song collection starting...
2025-12-24 13:58:02,748 - music_tracker - INFO - Starting song collection (last 1 hours)
2025-12-24 13:58:02,749 - music_tracker - INFO - Fetching recent tracks from Spotify...
2025-12-24 13:58:03,099 - music_tracker - INFO - No recent songs found from Spotify
2025-12-24 13:58:03,101 - music_tracker - INFO - No new songs found from Spotify API
2025-12-24 13:58:03,102 - music_tracker - INFO - Song collection completed successfully
2025-12-24 14:58:03,003 - music_tracker - INFO - SpotiSpy song collection starting...
2025-12-24 14:58:03,004 - music_tracker - INFO - Starting song collection (last 1 hours)
2025-12-24 14:58:03,004 - music_tracker - INFO - Fetching recent tracks from Spotify...
2025-12-24 14:58:03,363 - music_tracker - INFO - No recent songs found from Spotify
2025-12-24 14:58:03,365 - music_tracker - INFO - No new songs found from Spotify API
2025-12-24 14:58:03,365 - music_tracker - INFO - Song collection completed successfully
2025-12-24 15:58:03,267 - music_tracker - INFO - SpotiSpy song collection starting...
2025-12-24 15:58:03,268 - music_tracker - INFO - Starting song collection (last 1 hours)
2025-12-24 15:58:03,268 - music_tracker - INFO - Fetching recent tracks from Spotify...
2025-12-24 15:58:03,630 - music_tracker - INFO - No recent songs found from Spotify
2025-12-24 15:58:03,632 - music_tracker - INFO - No new songs found from Spotify API
2025-12-24 15:58:03,633 - music_tracker - INFO - Song collection completed successfully
2025-12-24 16:58:03,572 - music_tracker - INFO - SpotiSpy song collection starting...
2025-12-24 16:58:03,573 - music_tracker - INFO - Starting song collection (last 1 hours)
2025-12-24 16:58:03,574 - music_tracker - INFO - Fetching recent tracks from Spotify...
2025-12-24 16:58:03,911 - music_tracker - INFO - No recent songs found from Spotify
2025-12-24 16:58:03,913 - music_tracker - INFO - No new songs found from Spotify API
2025-12-24 16:58:03,913 - music_tracker - INFO - Song collection completed successfully
2025-12-24 17:58:02,834 - music_tracker - INFO - SpotiSpy song collection starting...
2025-12-24 17:58:02,835 - music_tracker - INFO - Starting song collection (last 1 hours)
2025-12-24 17:58:02,836 - music_tracker - INFO - Fetching recent tracks from Spotify...
2025-12-24 17:58:03,196 - music_tracker - INFO - No recent songs found from Spotify
2025-12-24 17:58:03,198 - music_tracker - INFO - No new songs found from Spotify API
2025-12-24 17:58:03,199 - music_tracker - INFO - Song collection completed successfully
2025-12-24 18:58:03,098 - music_tracker - INFO - SpotiSpy song collection starting...
2025-12-24 18:58:03,098 - music_tracker - INFO - Starting song collection (last 1 hours)
2025-12-24 18:58:03,099 - music_tracker - INFO - Fetching recent tracks from Spotify...
2025-12-24 18:58:03,441 - music_tracker - INFO - No recent songs found from Spotify
2025-12-24 18:58:03,443 - music_tracker - INFO - No new songs found from Spotify API
2025-12-24 18:58:03,444 - music_tracker - INFO - Song collection completed successfully
2025-12-24 19:58:03,380 - music_tracker - INFO - SpotiSpy song collection starting...
2025-12-24 19:58:03,381 - music_tracker - INFO - Starting song collection (last 1 hours)
2025-12-24 19:58:03,382 - music_tracker - INFO - Fetching recent tracks from Spotify...
2025-12-24 19:58:03,743 - music_tracker - INFO - No recent songs found from Spotify
2025-12-24 19:58:03,745 - music_tracker - INFO - No new songs found from Spotify API
2025-12-24 19:58:03,745 - music_tracker - INFO - Song collection completed successfully
2025-12-24 20:58:02,628 - music_tracker - INFO - SpotiSpy song collection starting...
2025-12-24 20:58:02,629 - music_tracker - INFO - Starting song collection (last 1 hours)
2025-12-24 20:58:02,629 - music_tracker - INFO - Fetching recent tracks from Spotify...
2025-12-24 20:58:03,054 - music_tracker - INFO - No recent songs found from Spotify
2025-12-24 20:58:03,056 - music_tracker - INFO - No new songs found from Spotify API
2025-12-24 20:58:03,056 - music_tracker - INFO - Song collection completed successfully
2025-12-24 21:58:02,955 - music_tracker - INFO - SpotiSpy song collection starting...
2025-12-24 21:58:02,956 - music_tracker - INFO - Starting song collection (last 1 hours)
2025-12-24 21:58:02,956 - music_tracker - INFO - Fetching recent tracks from Spotify...
2025-12-24 21:58:03,334 - music_tracker - INFO - No recent songs found from Spotify
2025-12-24 21:58:03,336 - music_tracker - INFO - No new songs found from Spotify API
2025-12-24 21:58:03,336 - music_tracker - INFO - Song collection completed successfully
2025-12-24 22:58:03,222 - music_tracker - INFO - SpotiSpy song collection starting...
2025-12-24 22:58:03,223 - music_tracker - INFO - Starting song collection (last 1 hours)
2025-12-24 22:58:03,223 - music_tracker - INFO - Fetching recent tracks from Spotify...
2025-12-24 22:58:03,621 - music_tracker - INFO - No recent songs found from Spotify
2025-12-24 22:58:03,623 - music_tracker - INFO - No new songs found from Spotify API
2025-12-24 22:58:03,624 - music_tracker - INFO - Song collection completed successfully
2025-12-24 23:58:03,512 - music_tracker - INFO - SpotiSpy song collection starting...
2025-12-24 23:58:03,513 - music_tracker - INFO - Starting song collection (last 1 hours)
2025-12-24 23:58:03,513 - music_tracker - INFO - Fetching recent tracks from Spotify...
2025-12-24 23:58:03,885 - music_tracker - INFO - No recent songs found from Spotify
2025-12-24 23:58:03,887 - music_tracker - INFO - No new songs found from Spotify API
2025-12-24 23:58:03,887 - music_tracker - INFO - Song collection completed successfully
