2025-12-25 00:58:03,649 - music_tracker - INFO - SpotiSpy song collection starting...
2025-12-25 00:58:03,650 - music_tracker - INFO - Starting song collection (last 1 hours)
2025-12-25 00:58:03,650 - music_tracker - INFO - Fetching recent tracks from Spotify...
2025-12-25 00:58:04,010 - music_tracker - INFO - No recent songs found from Spotify
2025-12-25 00:58:04,012 - music_tracker - INFO - No new songs found from Spotify API
2025-12-25 00:58:04,013 - music_tracker - INFO - Song collection completed successfully
2025-12-25 01:58:02,930 - music_tracker - INFO - SpotiSpy song collection starting...
2025-12-25 01:58:02,931 - music_tracker - INFO - Starting song collection (last 1 hours)
2025-12-25 01:58:02,932 - music_tracker - INFO - Fetching recent tracks from Spotify...
2025-12-25 01:58:03,277 - music_tracker - INFO - No recent songs found from Spotify
2025-12-25 01:58:03,279 - music_tracker - INFO - No new songs found from Spotify API
2025-12-25 01:58:03,279 - music_tracker - INFO - Song collection completed successfully
2025-12-25 02:58:03,205 - music_tracker - INFO - SpotiSpy song collection starting...
2025-12-25 02:58:03,205 - music_tracker - INFO - Starting song collection (last 1 hours)
2025-12-25 02:58:03,206 - music_tracker - INFO - Fetching recent tracks from Spotify...
2025-12-25 02:58:03,550 - music_tracker - INFO - No recent songs found from Spotify
2025-12-25 02:58:03,553 - music_tracker - INFO - No new songs found from Spotify API
2025-12-25 02:58:03,553 - music_tracker - INFO - Song collection completed successfully
2025-12-25 03:58:03,475 - music_tracker - INFO - SpotiSpy song collection starting...
2025-12-25 03:58:03,476 - music_tracker - INFO - Starting song collection (last 1 hours)
2025-12-25 03:58:03,477 - music_tracker - INFO - Fetching recent tracks from Spotify...
2025-12-25 03:58:03,857 - music_tracker - INFO - No recent songs found from Spotify
2025-12-25 03:58:03,859 - music_tracker - INFO - No new songs found from Spotify API
2025-12-25 03:58:03,859 - music_tracker - INFO - Song collection completed successfully
2025-12-25 04:58:02,744 - music_tracker - INFO - SpotiSpy song collection starting...
2025-12-25 04:58:02,745 - music_tracker - INFO - Starting song collection (last 1 hours)
2025-12-25 04:58:02,746 - music_tracker - INFO - Fetching recent tracks from Spotify...
2025-12-25 04:58:03,133 - music_tracker - INFO - No recent songs found from Spotify
2025-12-25 04:58:03,135 - music_tracker - INFO - No new songs found from Spotify API
2025-12-25 04:58:03,135 - music_tracker - INFO - Song collection completed successfully
2025-12-25 05:58:03,048 - music_tracker - INFO - SpotiSpy song collection starting...
2025-12-25 05:58:03,048 - music_tracker - INFO - Starting song collection (last 1 hours)
2025-12-25 05:58:03,049 - music_tracker - INFO - Fetching recent tracks from Spotify...
2025-12-25 05:58:03,436 - music_tracker - INFO - No recent songs found from Spotify
2025-12-25 05:58:03,438 - music_tracker - INFO - No new songs found from Spotify API
2025-12-25 05:58:03,438 - music_tracker - INFO - Song collection completed successfully
2025-12-25 06:58:03,481 - music_tracker - INFO - SpotiSpy song collection starting...
2025-12-25 06:58:03,482 - music_tracker - INFO - Starting song collection (last 1 hours)
2025-12-25 06:58:03,483 - music_tracker - INFO - Fetching recent tracks from Spotify...
2025-12-25 06:58:03,855 - music_tracker - INFO - No recent songs found from Spotify
2025-12-25 06:58:03,857 - music_tracker - INFO - No new songs found from Spotify API
2025-12-25 06:58:03,858 - music_tracker - INFO - Song collection completed successfully
2025-12-25 07:58:02,791 - music_tracker - INFO - SpotiSpy song collection starting...
2025-12-25 07:58:02,791 - music_tracker - INFO - Starting song collection (last 1 hours)
2025-12-25 07:58:02,792 - music_tracker - INFO - Fetching recent tracks from Spotify...
2025-12-25 07:58:03,154 - music_tracker - INFO - No recent songs found from Spotify
2025-12-25 07:58:03,156 - music_tracker - INFO - No new songs found from Spotify API
2025-12-25 07:58:03,157 - music_tracker - INFO - Song collection completed successfully
2025-12-25 08:58:03,051 - music_tracker - INFO - SpotiSpy song collection starting...
2025-12-25 08:58:03,052 - music_tracker - INFO - Starting song collection (last 1 hours)
2025-12-25 08:58:03,052 - music_tracker - INFO - Fetching recent tracks from Spotify...
2025-12-25 08:58:03,472 - music_tracker - INFO - No recent songs found from Spotify
2025-12-25 08:58:03,474 - music_tracker - INFO - No new songs found from Spotify API
2025-12-25 08:58:03,474 - music_tracker - INFO - Song collection completed successfully
2025-12-25 09:00:12,989 - music_tracker - INFO - SpotiSpy starting...
2025-12-25 09:00:12,995 - music_tracker - INFO - Starting daily SpotiSpy analysis
2025-12-25 09:00:12,995 - music_tracker - INFO - Fetching yesterday's listening data...
2025-12-25 09:00:14,619 - music_tracker - INFO - Fetched 0 songs from database
2025-12-25 09:00:14,622 - music_tracker - WARNING - No songs found for yesterday
2025-12-25 09:00:14,622 - music_tracker - INFO - SpotiSpy completed successfully
2025-12-25 09:58:03,520 - music_tracker - INFO - SpotiSpy song collection starting...
2025-12-25 09:58:03,521 - music_tracker - INFO - Starting song collection (last 1 hours)
2025-12-25 09:58:03,521 - music_tracker - INFO - Fetching recent tracks from Spotify...
2025-12-25 09:58:03,872 - music_tracker - INFO - No recent songs found from Spotify
2025-12-25 09:58:03,874 - music_tracker - INFO - No new songs found from Spotify API
2025-12-25 09:58:03,874 - music_tracker - INFO - Song collection completed successfully
2025-12-25 10:58:02,759 - music_tracker - INFO - SpotiSpy song collection starting...
2025-12-25 10:58:02,759 - music_tracker - INFO - Starting song collection (last 1 hours)
2025-12-25 10:58:02,760 - music_tracker - INFO - Fetching recent tracks from Spotify...
2025-12-25 10:58:03,160 - music_tracker - INFO - No recent songs found from Spotify
2025-12-25 10:58:03,162 - music_tracker - INFO - No new songs found from Spotify API
2025-12-25 10:58:03,162 - music_tracker - INFO - Song collection completed successfully
2025-12-25 11:58:04,257 - music_tracker - INFO - SpotiSpy song collection starting...
2025-12-25 11:58:04,258 - music_tracker - INFO - Starting song collection (last 1 hours)
2025-12-25 11:58:04,259 - music_tracker - INFO - Fetching recent tracks from Spotify...
2025-12-25 11:58:04,632 - music_tracker - INFO - No recent songs found from Spotify
2025-12-25 11:58:04,634 - music_tracker - INFO - No new songs found from Spotify API
2025-12-25 11:58:04,634 - music_tracker - INFO - Song collection completed successfully
2025-12-25 12:58:03,576 - music_tracker - INFO - SpotiSpy song collection starting...
2025-12-25 12:58:03,577 - music_tracker - INFO - Starting song collection (last 1 hours)
2025-12-25 12:58:03,578 - music_tracker - INFO - Fetching recent tracks from Spotify...
2025-12-25 12:58:03,915 - music_tracker - INFO - No recent songs found from Spotify
2025-12-25 12:58:03,917 - music_tracker - INFO - No new songs found from Spotify API
2025-12-25 12:58:03,917 - music_tracker - INFO - Song collection completed successfully
2025-12-25 13:58:02,809 - music_tracker - INFO - SpotiSpy song collection starting...
2025-12-25 13:58:02,810 - music_tracker - INFO - Starting song collection (last 1 hours)
2025-12-25 13:58:02,810 - music_tracker - INFO - Fetching recent tracks from Spotify...
2025-12-25 13:58:03,165 - music_tracker - INFO - No recent songs found from Spotify
2025-12-25 13:58:03,168 - music_tracker - INFO - No new songs found from Spotify API
2025-12-25 13:58:03,168 - music_tracker - INFO - Song collection completed successfully
2025-12-25 14:58:03,058 - music_tracker - INFO - SpotiSpy song collection starting...
2025-12-25 14:58:03,059 - music_tracker - INFO - Starting song collection (last 1 hours)
2025-12-25 14:58:03,059 - music_tracker - INFO - Fetching recent tracks from Spotify...
2025-12-25 14:58:03,421 - music_tracker - INFO - No recent songs found from Spotify
2025-12-25 14:58:03,423 - music_tracker - INFO - No new songs found from Spotify API
2025-12-25 14:58:03,424 - music_tracker - INFO - Song collection completed successfully
2025-12-25 15:58:03,315 - music_tracker - INFO - SpotiSpy song collection starting...
2025-12-25 15:58:03,315 - music_tracker - INFO - Starting song collection (last 1 hours)
2025-12-25 15:58:03,316 - music_tracker - INFO - Fetching recent tracks from Spotify...
2025-12-25 15:58:03,690 - music_tracker - INFO - No recent songs found from Spotify
2025-12-25 15:58:03,692 - music_tracker - INFO - No new songs found from Spotify API
2025-12-25 15:58:03,693 - music_tracker - INFO - Song collection completed successfully
2025-12-25 16:58:03,601 - music_tracker - INFO - SpotiSpy song collection starting...
2025-12-25 16:58:03,602 - music_tracker - INFO - Starting song collection (last 1 hours)
2025-12-25 16:58:03,602 - music_tracker - INFO - Fetching recent tracks from Spotify...
2025-12-25 16:58:03,955 - music_tracker - INFO - No recent songs found from Spotify
2025-12-25 16:58:03,957 - music_tracker - INFO - No new songs found from Spotify API
2025-12-25 16:58:03,957 - music_tracker - INFO - Song collection completed successfully
2025-12-25 17:58:02,859 - music_tracker - INFO - SpotiSpy song collection starting...
2025-12-25 17:58:02,860 - music_tracker - INFO - Starting song collection (last 1 hours)
2025-12-25 17:58:02,860 - music_tracker - INFO - Fetching recent tracks from Spotify...
2025-12-25 17:58:03,299 - music_tracker - INFO - No recent songs found from Spotify
2025-12-25 17:58:03,301 - music_tracker - INFO - No new songs found from Spotify API
2025-12-25 17:58:03,301 - music_tracker - INFO - Song collection completed successfully
2025-12-25 18:58:03,194 - music_tracker - INFO - SpotiSpy song collection starting...
2025-12-25 18:58:03,195 - music_tracker - INFO - Starting song collection (last 1 hours)
2025-12-25 18:58:03,195 - music_tracker - INFO - Fetching recent tracks from Spotify...
2025-12-25 18:58:03,599 - music_tracker - INFO - No recent songs found from Spotify
2025-12-25 18:58:03,601 - music_tracker - INFO - No new songs found from Spotify API
2025-12-25 18:58:03,602 - music_tracker - INFO - Song collection completed successfully
2025-12-25 19:58:03,519 - music_tracker - INFO - SpotiSpy song collection starting...
2025-12-25 19:58:03,520 - music_tracker - INFO - Starting song collection (last 1 hours)
2025-12-25 19:58:03,520 - music_tracker - INFO - Fetching recent tracks from Spotify...
2025-12-25 19:58:04,022 - music_tracker - INFO - No recent songs found from Spotify
2025-12-25 19:58:04,024 - music_tracker - INFO - No new songs found from Spotify API
2025-12-25 19:58:04,025 - music_tracker - INFO - Song collection completed successfully
2025-12-25 20:58:02,945 - music_tracker - INFO - SpotiSpy song collection starting...
2025-12-25 20:58:02,945 - music_tracker - INFO - Starting song collection (last 1 hours)
2025-12-25 20:58:02,946 - music_tracker - INFO - Fetching recent tracks from Spotify...
2025-12-25 20:58:03,538 - music_tracker - INFO - No recent songs found from Spotify
2025-12-25 20:58:03,540 - music_tracker - INFO - No new songs found from Spotify API
2025-12-25 20:58:03,541 - music_tracker - INFO - Song collection completed successfully
2025-12-25 21:58:03,459 - music_tracker - INFO - SpotiSpy song collection starting...
2025-12-25 21:58:03,460 - music_tracker - INFO - Starting song collection (last 1 hours)
2025-12-25 21:58:03,460 - music_tracker - INFO - Fetching recent tracks from Spotify...
2025-12-25 21:58:03,873 - music_tracker - INFO - No recent songs found from Spotify
2025-12-25 21:58:03,876 - music_tracker - INFO - No new songs found from Spotify API
2025-12-25 21:58:03,876 - music_tracker - INFO - Song collection completed successfully
2025-12-25 22:58:02,765 - music_tracker - INFO - SpotiSpy song collection starting...
2025-12-25 22:58:02,766 - music_tracker - INFO - Starting song collection (last 1 hours)
2025-12-25 22:58:02,766 - music_tracker - INFO - Fetching recent tracks from Spotify...
2025-12-25 22:58:03,166 - music_tracker - INFO - No recent songs found from Spotify
2025-12-25 22:58:03,168 - music_tracker - INFO - No new songs found from Spotify API
2025-12-25 22:58:03,168 - music_tracker - INFO - Song collection completed successfully
2025-12-25 23:58:03,066 - music_tracker - INFO - SpotiSpy song collection starting...
2025-12-25 23:58:03,066 - music_tracker - INFO - Starting song collection (last 1 hours)
2025-12-25 23:58:03,067 - music_tracker - INFO - Fetching recent tracks from Spotify...
2025-12-25 23:58:03,496 - music_tracker - INFO - No recent songs found from Spotify
2025-12-25 23:58:03,498 - music_tracker - INFO - No new songs found from Spotify API
2025-12-25 23:58:03,498 - music_tracker - INFO - Song collection completed successfully
