2025-09-02 00:58:03,488 - music_tracker - INFO - SpotiSpy song collection starting...
2025-09-02 00:58:03,488 - music_tracker - INFO - Starting song collection (last 1 hours)
2025-09-02 00:58:03,489 - music_tracker - INFO - Fetching recent tracks from Spotify...
2025-09-02 00:58:03,856 - music_tracker - INFO - No recent songs found from Spotify
2025-09-02 00:58:03,858 - music_tracker - INFO - No new songs found from Spotify API
2025-09-02 00:58:03,858 - music_tracker - INFO - Song collection completed successfully
2025-09-02 01:58:03,233 - music_tracker - INFO - SpotiSpy song collection starting...
2025-09-02 01:58:03,233 - music_tracker - INFO - Starting song collection (last 1 hours)
2025-09-02 01:58:03,234 - music_tracker - INFO - Fetching recent tracks from Spotify...
2025-09-02 01:58:03,598 - music_tracker - INFO - No recent songs found from Spotify
2025-09-02 01:58:03,600 - music_tracker - INFO - No new songs found from Spotify API
2025-09-02 01:58:03,601 - music_tracker - INFO - Song collection completed successfully
2025-09-02 02:58:03,697 - music_tracker - INFO - SpotiSpy song collection starting...
2025-09-02 02:58:03,697 - music_tracker - INFO - Starting song collection (last 1 hours)
2025-09-02 02:58:03,698 - music_tracker - INFO - Fetching recent tracks from Spotify...
2025-09-02 02:58:04,077 - music_tracker - INFO - No recent songs found from Spotify
2025-09-02 02:58:04,079 - music_tracker - INFO - No new songs found from Spotify API
2025-09-02 02:58:04,079 - music_tracker - INFO - Song collection completed successfully
2025-09-02 03:58:03,001 - music_tracker - INFO - SpotiSpy song collection starting...
2025-09-02 03:58:03,002 - music_tracker - INFO - Starting song collection (last 1 hours)
2025-09-02 03:58:03,002 - music_tracker - INFO - Fetching recent tracks from Spotify...
2025-09-02 03:58:03,355 - music_tracker - INFO - No recent songs found from Spotify
2025-09-02 03:58:03,357 - music_tracker - INFO - No new songs found from Spotify API
2025-09-02 03:58:03,357 - music_tracker - INFO - Song collection completed successfully
2025-09-02 04:58:03,257 - music_tracker - INFO - SpotiSpy song collection starting...
2025-09-02 04:58:03,258 - music_tracker - INFO - Starting song collection (last 1 hours)
2025-09-02 04:58:03,258 - music_tracker - INFO - Fetching recent tracks from Spotify...
2025-09-02 04:58:03,617 - music_tracker - INFO - No recent songs found from Spotify
2025-09-02 04:58:03,619 - music_tracker - INFO - No new songs found from Spotify API
2025-09-02 04:58:03,620 - music_tracker - INFO - Song collection completed successfully
2025-09-02 05:58:03,513 - music_tracker - INFO - SpotiSpy song collection starting...
2025-09-02 05:58:03,514 - music_tracker - INFO - Starting song collection (last 1 hours)
2025-09-02 05:58:03,515 - music_tracker - INFO - Fetching recent tracks from Spotify...
2025-09-02 05:58:04,453 - music_tracker - INFO - No recent songs found from Spotify
2025-09-02 05:58:04,455 - music_tracker - INFO - No new songs found from Spotify API
2025-09-02 05:58:04,456 - music_tracker - INFO - Song collection completed successfully
2025-09-02 06:58:03,480 - music_tracker - INFO - SpotiSpy song collection starting...
2025-09-02 06:58:03,482 - music_tracker - INFO - Starting song collection (last 1 hours)
2025-09-02 06:58:03,483 - music_tracker - INFO - Fetching recent tracks from Spotify...
2025-09-02 06:58:03,832 - music_tracker - INFO - No recent songs found from Spotify
2025-09-02 06:58:03,834 - music_tracker - INFO - No new songs found from Spotify API
2025-09-02 06:58:03,835 - music_tracker - INFO - Song collection completed successfully
2025-09-02 07:58:02,765 - music_tracker - INFO - SpotiSpy song collection starting...
2025-09-02 07:58:02,765 - music_tracker - INFO - Starting song collection (last 1 hours)
2025-09-02 07:58:02,766 - music_tracker - INFO - Fetching recent tracks from Spotify...
2025-09-02 07:58:03,151 - music_tracker - INFO - No recent songs found from Spotify
2025-09-02 07:58:03,153 - music_tracker - INFO - No new songs found from Spotify API
2025-09-02 07:58:03,153 - music_tracker - INFO - Song collection completed successfully
2025-09-02 08:58:03,668 - music_tracker - INFO - SpotiSpy song collection starting...
2025-09-02 08:58:03,669 - music_tracker - INFO - Starting song collection (last 1 hours)
2025-09-02 08:58:03,669 - music_tracker - INFO - Fetching recent tracks from Spotify...
2025-09-02 08:58:04,100 - music_tracker - INFO - No recent songs found from Spotify
2025-09-02 08:58:04,103 - music_tracker - INFO - No new songs found from Spotify API
2025-09-02 08:58:04,103 - music_tracker - INFO - Song collection completed successfully
2025-09-02 09:00:12,459 - music_tracker - INFO - SpotiSpy starting...
2025-09-02 09:00:12,460 - music_tracker - INFO - Starting daily SpotiSpy analysis
2025-09-02 09:00:12,461 - music_tracker - INFO - Fetching yesterday's listening data...
2025-09-02 09:00:13,994 - music_tracker - INFO - Fetched 46 songs from database
2025-09-02 09:00:13,996 - music_tracker - INFO - Found 46 songs to analyze
2025-09-02 09:00:13,997 - music_tracker - INFO - Running analysis...
2025-09-02 09:00:14,004 - music_tracker - INFO - Sending daily summary to Slack...
2025-09-02 09:00:14,932 - music_tracker - INFO - Message sent successfully to Slack
2025-09-02 09:00:14,932 - music_tracker - INFO - Daily analysis completed successfully!
2025-09-02 09:00:14,933 - music_tracker - INFO - SpotiSpy completed successfully
2025-09-02 09:58:02,806 - music_tracker - INFO - SpotiSpy song collection starting...
2025-09-02 09:58:02,807 - music_tracker - INFO - Starting song collection (last 1 hours)
2025-09-02 09:58:02,808 - music_tracker - INFO - Fetching recent tracks from Spotify...
2025-09-02 09:58:03,187 - music_tracker - INFO - No recent songs found from Spotify
2025-09-02 09:58:03,190 - music_tracker - INFO - No new songs found from Spotify API
2025-09-02 09:58:03,190 - music_tracker - INFO - Song collection completed successfully
2025-09-02 10:58:03,095 - music_tracker - INFO - SpotiSpy song collection starting...
2025-09-02 10:58:03,095 - music_tracker - INFO - Starting song collection (last 1 hours)
2025-09-02 10:58:03,096 - music_tracker - INFO - Fetching recent tracks from Spotify...
2025-09-02 10:58:03,521 - music_tracker - INFO - Fetched 3 songs from Spotify
2025-09-02 10:58:03,523 - music_tracker - INFO - Found 3 songs from Spotify API
2025-09-02 10:58:03,524 - music_tracker - INFO - Checking for duplicates in database...
2025-09-02 10:58:04,988 - music_tracker - INFO - Found 3 new songs out of 3 total
2025-09-02 10:58:04,990 - music_tracker - INFO - Found 3 new songs to save
2025-09-02 10:58:04,991 - music_tracker - INFO - Saving songs to database...
2025-09-02 10:58:05,396 - music_tracker - INFO - Successfully saved 3 songs to database
2025-09-02 10:58:05,398 - music_tracker - INFO - Successfully saved 3 songs to database
2025-09-02 10:58:05,399 - music_tracker - INFO - Song collection completed successfully
2025-09-02 11:58:03,324 - music_tracker - INFO - SpotiSpy song collection starting...
2025-09-02 11:58:03,325 - music_tracker - INFO - Starting song collection (last 1 hours)
2025-09-02 11:58:03,326 - music_tracker - INFO - Fetching recent tracks from Spotify...
2025-09-02 11:58:03,756 - music_tracker - INFO - Fetched 3 songs from Spotify
2025-09-02 11:58:03,758 - music_tracker - INFO - Found 3 songs from Spotify API
2025-09-02 11:58:03,759 - music_tracker - INFO - Checking for duplicates in database...
2025-09-02 11:58:05,054 - music_tracker - INFO - Found 3 new songs out of 3 total
2025-09-02 11:58:05,056 - music_tracker - INFO - Found 3 new songs to save
2025-09-02 11:58:05,057 - music_tracker - INFO - Saving songs to database...
2025-09-02 11:58:05,441 - music_tracker - INFO - Successfully saved 3 songs to database
2025-09-02 11:58:05,443 - music_tracker - INFO - Successfully saved 3 songs to database
2025-09-02 11:58:05,443 - music_tracker - INFO - Song collection completed successfully
2025-09-02 12:58:03,342 - music_tracker - INFO - SpotiSpy song collection starting...
2025-09-02 12:58:03,343 - music_tracker - INFO - Starting song collection (last 1 hours)
2025-09-02 12:58:03,343 - music_tracker - INFO - Fetching recent tracks from Spotify...
2025-09-02 12:58:03,716 - music_tracker - INFO - No recent songs found from Spotify
2025-09-02 12:58:03,718 - music_tracker - INFO - No new songs found from Spotify API
2025-09-02 12:58:03,719 - music_tracker - INFO - Song collection completed successfully
2025-09-02 13:58:02,629 - music_tracker - INFO - SpotiSpy song collection starting...
2025-09-02 13:58:02,629 - music_tracker - INFO - Starting song collection (last 1 hours)
2025-09-02 13:58:02,630 - music_tracker - INFO - Fetching recent tracks from Spotify...
2025-09-02 13:58:03,079 - music_tracker - INFO - Fetched 9 songs from Spotify
2025-09-02 13:58:03,082 - music_tracker - INFO - Found 9 songs from Spotify API
2025-09-02 13:58:03,082 - music_tracker - INFO - Checking for duplicates in database...
2025-09-02 13:58:04,032 - music_tracker - INFO - Found 9 new songs out of 9 total
2025-09-02 13:58:04,034 - music_tracker - INFO - Found 9 new songs to save
2025-09-02 13:58:04,035 - music_tracker - INFO - Saving songs to database...
2025-09-02 13:58:04,422 - music_tracker - INFO - Successfully saved 9 songs to database
2025-09-02 13:58:04,424 - music_tracker - INFO - Successfully saved 9 songs to database
2025-09-02 13:58:04,425 - music_tracker - INFO - Song collection completed successfully
2025-09-02 14:58:04,847 - music_tracker - INFO - SpotiSpy song collection starting...
2025-09-02 14:58:04,848 - music_tracker - INFO - Starting song collection (last 1 hours)
2025-09-02 14:58:04,849 - music_tracker - INFO - Fetching recent tracks from Spotify...
2025-09-02 14:58:51,171 - music_tracker - INFO - Fetched 2 songs from Spotify
2025-09-02 14:58:51,172 - music_tracker - INFO - Found 2 songs from Spotify API
2025-09-02 14:58:51,172 - music_tracker - INFO - Checking for duplicates in database...
2025-09-02 14:59:11,201 - music_tracker - ERROR - Error checking for duplicates: HTTPSConnectionPool(host='wpbsuyhjgwjugsqkriqe.supabase.co', port=443): Max retries exceeded with url: /rest/v1/songs?played_at=in.(%222025-09-02T19%3A18%3A03.747000Z%22,%222025-09-02T19%3A00%3A14.287000Z%22)&select=played_at (Caused by NameResolutionError("<urllib3.connection.HTTPSConnection object at 0x75922370>: Failed to resolve 'wpbsuyhjgwjugsqkriqe.supabase.co' ([Errno -3] Temporary failure in name resolution)"))
2025-09-02 14:59:11,207 - music_tracker - INFO - Found 2 new songs to save
2025-09-02 14:59:11,208 - music_tracker - INFO - Saving songs to database...
2025-09-02 14:59:12,288 - music_tracker - INFO - Successfully saved 2 songs to database
2025-09-02 14:59:12,290 - music_tracker - INFO - Successfully saved 2 songs to database
2025-09-02 14:59:12,291 - music_tracker - INFO - Song collection completed successfully
2025-09-02 15:58:03,246 - music_tracker - INFO - SpotiSpy song collection starting...
2025-09-02 15:58:03,246 - music_tracker - INFO - Starting song collection (last 1 hours)
2025-09-02 15:58:03,247 - music_tracker - INFO - Fetching recent tracks from Spotify...
2025-09-02 15:58:03,627 - music_tracker - INFO - No recent songs found from Spotify
2025-09-02 15:58:03,629 - music_tracker - INFO - No new songs found from Spotify API
2025-09-02 15:58:03,629 - music_tracker - INFO - Song collection completed successfully
2025-09-02 16:58:03,533 - music_tracker - INFO - SpotiSpy song collection starting...
2025-09-02 16:58:03,534 - music_tracker - INFO - Starting song collection (last 1 hours)
2025-09-02 16:58:03,535 - music_tracker - INFO - Fetching recent tracks from Spotify...
2025-09-02 16:58:14,071 - music_tracker - INFO - Fetched 13 songs from Spotify
2025-09-02 16:58:14,076 - music_tracker - INFO - Found 13 songs from Spotify API
2025-09-02 16:58:14,077 - music_tracker - INFO - Checking for duplicates in database...
2025-09-02 16:58:34,114 - music_tracker - ERROR - Error checking for duplicates: HTTPSConnectionPool(host='wpbsuyhjgwjugsqkriqe.supabase.co', port=443): Max retries exceeded with url: /rest/v1/songs?played_at=in.(%222025-09-02T21%3A56%3A24.671000Z%22,%222025-09-02T21%3A52%3A48.732000Z%22,%222025-09-02T21%3A48%3A36.629000Z%22,%222025-09-02T21%3A43%3A45.712000Z%22,%222025-09-02T21%3A41%3A13.369000Z%22,%222025-09-02T21%3A36%3A28.592000Z%22,%222025-09-02T21%3A31%3A00.750000Z%22,%222025-09-02T21%3A27%3A44.894000Z%22,%222025-09-02T21%3A25%3A19.553000Z%22,%222025-09-02T21%3A22%3A07.129000Z%22,%222025-09-02T21%3A20%3A09.932000Z%22,%222025-09-02T21%3A13%3A15.571000Z%22,%222025-09-02T21%3A11%3A04.885000Z%22)&select=played_at (Caused by NameResolutionError("<urllib3.connection.HTTPSConnection object at 0x7598c850>: Failed to resolve 'wpbsuyhjgwjugsqkriqe.supabase.co' ([Errno -3] Temporary failure in name resolution)"))
2025-09-02 16:58:34,115 - music_tracker - INFO - Found 13 new songs to save
2025-09-02 16:58:34,116 - music_tracker - INFO - Saving songs to database...
2025-09-02 16:58:34,908 - music_tracker - INFO - Successfully saved 13 songs to database
2025-09-02 16:58:34,910 - music_tracker - INFO - Successfully saved 13 songs to database
2025-09-02 16:58:34,911 - music_tracker - INFO - Song collection completed successfully
2025-09-02 17:58:02,826 - music_tracker - INFO - SpotiSpy song collection starting...
2025-09-02 17:58:02,826 - music_tracker - INFO - Starting song collection (last 1 hours)
2025-09-02 17:58:02,827 - music_tracker - INFO - Fetching recent tracks from Spotify...
2025-09-02 17:58:03,372 - music_tracker - INFO - Fetched 12 songs from Spotify
2025-09-02 17:58:03,375 - music_tracker - INFO - Found 12 songs from Spotify API
2025-09-02 17:58:03,376 - music_tracker - INFO - Checking for duplicates in database...
2025-09-02 17:58:04,639 - music_tracker - INFO - Found 12 new songs out of 12 total
2025-09-02 17:58:04,641 - music_tracker - INFO - Found 12 new songs to save
2025-09-02 17:58:04,642 - music_tracker - INFO - Saving songs to database...
2025-09-02 17:58:04,948 - music_tracker - INFO - Successfully saved 12 songs to database
2025-09-02 17:58:04,950 - music_tracker - INFO - Successfully saved 12 songs to database
2025-09-02 17:58:04,951 - music_tracker - INFO - Song collection completed successfully
2025-09-02 18:58:02,897 - music_tracker - INFO - SpotiSpy song collection starting...
2025-09-02 18:58:02,898 - music_tracker - INFO - Starting song collection (last 1 hours)
2025-09-02 18:58:02,899 - music_tracker - INFO - Fetching recent tracks from Spotify...
2025-09-02 18:58:03,260 - music_tracker - INFO - No recent songs found from Spotify
2025-09-02 18:58:03,262 - music_tracker - INFO - No new songs found from Spotify API
2025-09-02 18:58:03,262 - music_tracker - INFO - Song collection completed successfully
2025-09-02 19:58:03,156 - music_tracker - INFO - SpotiSpy song collection starting...
2025-09-02 19:58:03,157 - music_tracker - INFO - Starting song collection (last 1 hours)
2025-09-02 19:58:03,158 - music_tracker - INFO - Fetching recent tracks from Spotify...
2025-09-02 19:58:03,646 - music_tracker - INFO - Fetched 6 songs from Spotify
2025-09-02 19:58:03,648 - music_tracker - INFO - Found 6 songs from Spotify API
2025-09-02 19:58:03,649 - music_tracker - INFO - Checking for duplicates in database...
2025-09-02 19:58:04,651 - music_tracker - INFO - Found 6 new songs out of 6 total
2025-09-02 19:58:04,653 - music_tracker - INFO - Found 6 new songs to save
2025-09-02 19:58:04,654 - music_tracker - INFO - Saving songs to database...
2025-09-02 19:58:05,039 - music_tracker - INFO - Successfully saved 6 songs to database
2025-09-02 19:58:05,041 - music_tracker - INFO - Successfully saved 6 songs to database
2025-09-02 19:58:05,042 - music_tracker - INFO - Song collection completed successfully
2025-09-02 20:58:02,986 - music_tracker - INFO - SpotiSpy song collection starting...
2025-09-02 20:58:02,987 - music_tracker - INFO - Starting song collection (last 1 hours)
2025-09-02 20:58:02,987 - music_tracker - INFO - Fetching recent tracks from Spotify...
2025-09-02 20:58:03,473 - music_tracker - INFO - Fetched 3 songs from Spotify
2025-09-02 20:58:03,475 - music_tracker - INFO - Found 3 songs from Spotify API
2025-09-02 20:58:03,476 - music_tracker - INFO - Checking for duplicates in database...
2025-09-02 20:58:04,266 - music_tracker - INFO - Found 3 new songs out of 3 total
2025-09-02 20:58:04,268 - music_tracker - INFO - Found 3 new songs to save
2025-09-02 20:58:04,269 - music_tracker - INFO - Saving songs to database...
2025-09-02 20:58:04,648 - music_tracker - INFO - Successfully saved 3 songs to database
2025-09-02 20:58:04,650 - music_tracker - INFO - Successfully saved 3 songs to database
2025-09-02 20:58:04,650 - music_tracker - INFO - Song collection completed successfully
2025-09-02 21:58:03,575 - music_tracker - INFO - SpotiSpy song collection starting...
2025-09-02 21:58:03,575 - music_tracker - INFO - Starting song collection (last 1 hours)
2025-09-02 21:58:03,576 - music_tracker - INFO - Fetching recent tracks from Spotify...
2025-09-02 21:58:04,460 - music_tracker - INFO - No recent songs found from Spotify
2025-09-02 21:58:04,463 - music_tracker - INFO - No new songs found from Spotify API
2025-09-02 21:58:04,464 - music_tracker - INFO - Song collection completed successfully
2025-09-02 22:58:03,380 - music_tracker - INFO - SpotiSpy song collection starting...
2025-09-02 22:58:03,380 - music_tracker - INFO - Starting song collection (last 1 hours)
2025-09-02 22:58:03,381 - music_tracker - INFO - Fetching recent tracks from Spotify...
2025-09-02 22:58:04,268 - music_tracker - INFO - No recent songs found from Spotify
2025-09-02 22:58:04,271 - music_tracker - INFO - No new songs found from Spotify API
2025-09-02 22:58:04,272 - music_tracker - INFO - Song collection completed successfully
2025-09-02 23:58:03,201 - music_tracker - INFO - SpotiSpy song collection starting...
2025-09-02 23:58:03,202 - music_tracker - INFO - Starting song collection (last 1 hours)
2025-09-02 23:58:03,202 - music_tracker - INFO - Fetching recent tracks from Spotify...
2025-09-02 23:58:03,965 - music_tracker - INFO - No recent songs found from Spotify
2025-09-02 23:58:03,969 - music_tracker - INFO - No new songs found from Spotify API
2025-09-02 23:58:03,969 - music_tracker - INFO - Song collection completed successfully
