2026-01-14 00:58:02,896 - music_tracker - INFO - SpotiSpy song collection starting...
2026-01-14 00:58:02,896 - music_tracker - INFO - Starting song collection (last 1 hours)
2026-01-14 00:58:02,897 - music_tracker - INFO - Fetching recent tracks from Spotify...
2026-01-14 00:58:03,255 - music_tracker - INFO - No recent songs found from Spotify
2026-01-14 00:58:03,257 - music_tracker - INFO - No new songs found from Spotify API
2026-01-14 00:58:03,257 - music_tracker - INFO - Song collection completed successfully
2026-01-14 01:58:03,157 - music_tracker - INFO - SpotiSpy song collection starting...
2026-01-14 01:58:03,157 - music_tracker - INFO - Starting song collection (last 1 hours)
2026-01-14 01:58:03,158 - music_tracker - INFO - Fetching recent tracks from Spotify...
2026-01-14 01:58:03,528 - music_tracker - INFO - No recent songs found from Spotify
2026-01-14 01:58:03,530 - music_tracker - INFO - No new songs found from Spotify API
2026-01-14 01:58:03,531 - music_tracker - INFO - Song collection completed successfully
2026-01-14 02:58:03,455 - music_tracker - INFO - SpotiSpy song collection starting...
2026-01-14 02:58:03,455 - music_tracker - INFO - Starting song collection (last 1 hours)
2026-01-14 02:58:03,456 - music_tracker - INFO - Fetching recent tracks from Spotify...
2026-01-14 02:58:03,858 - music_tracker - INFO - No recent songs found from Spotify
2026-01-14 02:58:03,860 - music_tracker - INFO - No new songs found from Spotify API
2026-01-14 02:58:03,861 - music_tracker - INFO - Song collection completed successfully
2026-01-14 03:58:02,778 - music_tracker - INFO - SpotiSpy song collection starting...
2026-01-14 03:58:02,778 - music_tracker - INFO - Starting song collection (last 1 hours)
2026-01-14 03:58:02,779 - music_tracker - INFO - Fetching recent tracks from Spotify...
2026-01-14 03:58:03,268 - music_tracker - INFO - No recent songs found from Spotify
2026-01-14 03:58:03,270 - music_tracker - INFO - No new songs found from Spotify API
2026-01-14 03:58:03,270 - music_tracker - INFO - Song collection completed successfully
2026-01-14 04:58:03,165 - music_tracker - INFO - SpotiSpy song collection starting...
2026-01-14 04:58:03,166 - music_tracker - INFO - Starting song collection (last 1 hours)
2026-01-14 04:58:03,166 - music_tracker - INFO - Fetching recent tracks from Spotify...
2026-01-14 04:58:03,532 - music_tracker - INFO - No recent songs found from Spotify
2026-01-14 04:58:03,534 - music_tracker - INFO - No new songs found from Spotify API
2026-01-14 04:58:03,535 - music_tracker - INFO - Song collection completed successfully
2026-01-14 05:58:03,413 - music_tracker - INFO - SpotiSpy song collection starting...
2026-01-14 05:58:03,414 - music_tracker - INFO - Starting song collection (last 1 hours)
2026-01-14 05:58:03,414 - music_tracker - INFO - Fetching recent tracks from Spotify...
2026-01-14 05:58:03,794 - music_tracker - INFO - No recent songs found from Spotify
2026-01-14 05:58:03,796 - music_tracker - INFO - No new songs found from Spotify API
2026-01-14 05:58:03,797 - music_tracker - INFO - Song collection completed successfully
2026-01-14 06:58:02,736 - music_tracker - INFO - SpotiSpy song collection starting...
2026-01-14 06:58:02,737 - music_tracker - INFO - Starting song collection (last 1 hours)
2026-01-14 06:58:02,737 - music_tracker - INFO - Fetching recent tracks from Spotify...
2026-01-14 06:58:03,148 - music_tracker - INFO - No recent songs found from Spotify
2026-01-14 06:58:03,150 - music_tracker - INFO - No new songs found from Spotify API
2026-01-14 06:58:03,151 - music_tracker - INFO - Song collection completed successfully
2026-01-14 07:58:03,261 - music_tracker - INFO - SpotiSpy song collection starting...
2026-01-14 07:58:03,262 - music_tracker - INFO - Starting song collection (last 1 hours)
2026-01-14 07:58:03,263 - music_tracker - INFO - Fetching recent tracks from Spotify...
2026-01-14 07:58:03,649 - music_tracker - INFO - No recent songs found from Spotify
2026-01-14 07:58:03,651 - music_tracker - INFO - No new songs found from Spotify API
2026-01-14 07:58:03,651 - music_tracker - INFO - Song collection completed successfully
2026-01-14 08:58:03,485 - music_tracker - INFO - SpotiSpy song collection starting...
2026-01-14 08:58:03,485 - music_tracker - INFO - Starting song collection (last 1 hours)
2026-01-14 08:58:03,486 - music_tracker - INFO - Fetching recent tracks from Spotify...
2026-01-14 08:58:03,919 - music_tracker - INFO - No recent songs found from Spotify
2026-01-14 08:58:03,921 - music_tracker - INFO - No new songs found from Spotify API
2026-01-14 08:58:03,921 - music_tracker - INFO - Song collection completed successfully
2026-01-14 09:00:12,396 - music_tracker - INFO - SpotiSpy starting...
2026-01-14 09:00:12,396 - music_tracker - INFO - Starting daily SpotiSpy analysis
2026-01-14 09:00:12,401 - music_tracker - INFO - Fetching yesterday's listening data...
2026-01-14 09:00:14,191 - music_tracker - INFO - Fetched 124 songs from database
2026-01-14 09:00:14,193 - music_tracker - INFO - Found 124 songs to analyze
2026-01-14 09:00:14,194 - music_tracker - INFO - Running analysis...
2026-01-14 09:00:14,210 - music_tracker - INFO - Sending daily summary to Slack...
2026-01-14 09:00:48,595 - music_tracker - INFO - Message sent successfully to Slack
2026-01-14 09:00:48,596 - music_tracker - INFO - Daily analysis completed successfully!
2026-01-14 09:00:48,596 - music_tracker - INFO - SpotiSpy completed successfully
2026-01-14 09:58:03,467 - music_tracker - INFO - SpotiSpy song collection starting...
2026-01-14 09:58:03,468 - music_tracker - INFO - Starting song collection (last 1 hours)
2026-01-14 09:58:03,469 - music_tracker - INFO - Fetching recent tracks from Spotify...
2026-01-14 09:58:03,992 - music_tracker - INFO - Fetched 8 songs from Spotify
2026-01-14 09:58:03,995 - music_tracker - INFO - Found 8 songs from Spotify API
2026-01-14 09:58:03,995 - music_tracker - INFO - Checking for duplicates in database...
2026-01-14 09:58:05,581 - music_tracker - INFO - Found 8 new songs out of 8 total
2026-01-14 09:58:05,583 - music_tracker - INFO - Found 8 new songs to save
2026-01-14 09:58:05,584 - music_tracker - INFO - Saving songs to database...
2026-01-14 09:58:06,007 - music_tracker - INFO - Successfully saved 8 songs to database
2026-01-14 09:58:06,009 - music_tracker - INFO - Successfully saved 8 songs to database
2026-01-14 09:58:06,010 - music_tracker - INFO - Song collection completed successfully
2026-01-14 10:58:02,946 - music_tracker - INFO - SpotiSpy song collection starting...
2026-01-14 10:58:02,947 - music_tracker - INFO - Starting song collection (last 1 hours)
2026-01-14 10:58:02,948 - music_tracker - INFO - Fetching recent tracks from Spotify...
2026-01-14 10:58:03,734 - music_tracker - INFO - Fetched 19 songs from Spotify
2026-01-14 10:58:03,739 - music_tracker - INFO - Found 19 songs from Spotify API
2026-01-14 10:58:03,740 - music_tracker - INFO - Checking for duplicates in database...
2026-01-14 10:58:05,335 - music_tracker - INFO - Found 19 new songs out of 19 total
2026-01-14 10:58:05,338 - music_tracker - INFO - Found 19 new songs to save
2026-01-14 10:58:05,338 - music_tracker - INFO - Saving songs to database...
2026-01-14 10:58:05,794 - music_tracker - INFO - Successfully saved 19 songs to database
2026-01-14 10:58:05,796 - music_tracker - INFO - Successfully saved 19 songs to database
2026-01-14 10:58:05,797 - music_tracker - INFO - Song collection completed successfully
2026-01-14 11:58:02,689 - music_tracker - INFO - SpotiSpy song collection starting...
2026-01-14 11:58:02,689 - music_tracker - INFO - Starting song collection (last 1 hours)
2026-01-14 11:58:02,690 - music_tracker - INFO - Fetching recent tracks from Spotify...
2026-01-14 11:58:03,396 - music_tracker - INFO - Fetched 14 songs from Spotify
2026-01-14 11:58:03,400 - music_tracker - INFO - Found 14 songs from Spotify API
2026-01-14 11:58:03,401 - music_tracker - INFO - Checking for duplicates in database...
2026-01-14 11:58:04,826 - music_tracker - INFO - Found 14 new songs out of 14 total
2026-01-14 11:58:04,828 - music_tracker - INFO - Found 14 new songs to save
2026-01-14 11:58:04,829 - music_tracker - INFO - Saving songs to database...
2026-01-14 11:58:05,224 - music_tracker - INFO - Successfully saved 14 songs to database
2026-01-14 11:58:05,226 - music_tracker - INFO - Successfully saved 14 songs to database
2026-01-14 11:58:05,227 - music_tracker - INFO - Song collection completed successfully
2026-01-14 12:58:04,307 - music_tracker - INFO - SpotiSpy song collection starting...
2026-01-14 12:58:04,308 - music_tracker - INFO - Starting song collection (last 1 hours)
2026-01-14 12:58:04,309 - music_tracker - INFO - Fetching recent tracks from Spotify...
2026-01-14 12:58:04,728 - music_tracker - INFO - No recent songs found from Spotify
2026-01-14 12:58:04,730 - music_tracker - INFO - No new songs found from Spotify API
2026-01-14 12:58:04,731 - music_tracker - INFO - Song collection completed successfully
2026-01-14 13:58:02,657 - music_tracker - INFO - SpotiSpy song collection starting...
2026-01-14 13:58:02,658 - music_tracker - INFO - Starting song collection (last 1 hours)
2026-01-14 13:58:02,658 - music_tracker - INFO - Fetching recent tracks from Spotify...
2026-01-14 13:58:03,247 - music_tracker - INFO - Fetched 16 songs from Spotify
2026-01-14 13:58:03,250 - music_tracker - INFO - Found 16 songs from Spotify API
2026-01-14 13:58:03,251 - music_tracker - INFO - Checking for duplicates in database...
2026-01-14 13:58:04,963 - music_tracker - INFO - Found 16 new songs out of 16 total
2026-01-14 13:58:04,965 - music_tracker - INFO - Found 16 new songs to save
2026-01-14 13:58:04,966 - music_tracker - INFO - Saving songs to database...
2026-01-14 13:58:05,398 - music_tracker - INFO - Successfully saved 16 songs to database
2026-01-14 13:58:05,401 - music_tracker - INFO - Successfully saved 16 songs to database
2026-01-14 13:58:05,401 - music_tracker - INFO - Song collection completed successfully
2026-01-14 14:58:03,335 - music_tracker - INFO - SpotiSpy song collection starting...
2026-01-14 14:58:03,336 - music_tracker - INFO - Starting song collection (last 1 hours)
2026-01-14 14:58:03,337 - music_tracker - INFO - Fetching recent tracks from Spotify...
2026-01-14 14:58:03,844 - music_tracker - INFO - Fetched 6 songs from Spotify
2026-01-14 14:58:03,846 - music_tracker - INFO - Found 6 songs from Spotify API
2026-01-14 14:58:03,847 - music_tracker - INFO - Checking for duplicates in database...
2026-01-14 14:58:05,477 - music_tracker - INFO - Found 6 new songs out of 6 total
2026-01-14 14:58:05,479 - music_tracker - INFO - Found 6 new songs to save
2026-01-14 14:58:05,480 - music_tracker - INFO - Saving songs to database...
2026-01-14 14:58:05,733 - music_tracker - INFO - Successfully saved 6 songs to database
2026-01-14 14:58:05,735 - music_tracker - INFO - Successfully saved 6 songs to database
2026-01-14 14:58:05,735 - music_tracker - INFO - Song collection completed successfully
2026-01-14 15:58:02,658 - music_tracker - INFO - SpotiSpy song collection starting...
2026-01-14 15:58:02,659 - music_tracker - INFO - Starting song collection (last 1 hours)
2026-01-14 15:58:02,659 - music_tracker - INFO - Fetching recent tracks from Spotify...
2026-01-14 15:58:03,284 - music_tracker - INFO - Fetched 17 songs from Spotify
2026-01-14 15:58:03,287 - music_tracker - INFO - Found 17 songs from Spotify API
2026-01-14 15:58:03,288 - music_tracker - INFO - Checking for duplicates in database...
2026-01-14 15:58:04,891 - music_tracker - INFO - Found 17 new songs out of 17 total
2026-01-14 15:58:04,893 - music_tracker - INFO - Found 17 new songs to save
2026-01-14 15:58:04,894 - music_tracker - INFO - Saving songs to database...
2026-01-14 15:58:05,329 - music_tracker - INFO - Successfully saved 17 songs to database
2026-01-14 15:58:05,331 - music_tracker - INFO - Successfully saved 17 songs to database
2026-01-14 15:58:05,332 - music_tracker - INFO - Song collection completed successfully
2026-01-14 16:58:03,243 - music_tracker - INFO - SpotiSpy song collection starting...
2026-01-14 16:58:03,244 - music_tracker - INFO - Starting song collection (last 1 hours)
2026-01-14 16:58:03,245 - music_tracker - INFO - Fetching recent tracks from Spotify...
2026-01-14 16:58:03,923 - music_tracker - INFO - Fetched 15 songs from Spotify
2026-01-14 16:58:03,927 - music_tracker - INFO - Found 15 songs from Spotify API
2026-01-14 16:58:03,928 - music_tracker - INFO - Checking for duplicates in database...
2026-01-14 16:58:05,450 - music_tracker - INFO - Found 15 new songs out of 15 total
2026-01-14 16:58:05,452 - music_tracker - INFO - Found 15 new songs to save
2026-01-14 16:58:05,453 - music_tracker - INFO - Saving songs to database...
2026-01-14 16:58:05,854 - music_tracker - INFO - Successfully saved 15 songs to database
2026-01-14 16:58:05,856 - music_tracker - INFO - Successfully saved 15 songs to database
2026-01-14 16:58:05,857 - music_tracker - INFO - Song collection completed successfully
2026-01-14 17:58:02,756 - music_tracker - INFO - SpotiSpy song collection starting...
2026-01-14 17:58:02,756 - music_tracker - INFO - Starting song collection (last 1 hours)
2026-01-14 17:58:02,757 - music_tracker - INFO - Fetching recent tracks from Spotify...
2026-01-14 17:58:03,383 - music_tracker - INFO - Fetched 16 songs from Spotify
2026-01-14 17:58:03,387 - music_tracker - INFO - Found 16 songs from Spotify API
2026-01-14 17:58:03,388 - music_tracker - INFO - Checking for duplicates in database...
2026-01-14 17:58:04,957 - music_tracker - INFO - Found 16 new songs out of 16 total
2026-01-14 17:58:04,959 - music_tracker - INFO - Found 16 new songs to save
2026-01-14 17:58:04,961 - music_tracker - INFO - Saving songs to database...
2026-01-14 17:58:05,427 - music_tracker - INFO - Successfully saved 16 songs to database
2026-01-14 17:58:05,429 - music_tracker - INFO - Successfully saved 16 songs to database
2026-01-14 17:58:05,430 - music_tracker - INFO - Song collection completed successfully
2026-01-14 18:58:03,412 - music_tracker - INFO - SpotiSpy song collection starting...
2026-01-14 18:58:03,413 - music_tracker - INFO - Starting song collection (last 1 hours)
2026-01-14 18:58:03,413 - music_tracker - INFO - Fetching recent tracks from Spotify...
2026-01-14 18:58:03,785 - music_tracker - INFO - No recent songs found from Spotify
2026-01-14 18:58:03,787 - music_tracker - INFO - No new songs found from Spotify API
2026-01-14 18:58:03,787 - music_tracker - INFO - Song collection completed successfully
2026-01-14 19:58:02,661 - music_tracker - INFO - SpotiSpy song collection starting...
2026-01-14 19:58:02,662 - music_tracker - INFO - Starting song collection (last 1 hours)
2026-01-14 19:58:02,662 - music_tracker - INFO - Fetching recent tracks from Spotify...
2026-01-14 19:58:03,033 - music_tracker - INFO - No recent songs found from Spotify
2026-01-14 19:58:03,035 - music_tracker - INFO - No new songs found from Spotify API
2026-01-14 19:58:03,036 - music_tracker - INFO - Song collection completed successfully
2026-01-14 20:58:02,926 - music_tracker - INFO - SpotiSpy song collection starting...
2026-01-14 20:58:02,927 - music_tracker - INFO - Starting song collection (last 1 hours)
2026-01-14 20:58:02,927 - music_tracker - INFO - Fetching recent tracks from Spotify...
2026-01-14 20:58:03,307 - music_tracker - INFO - No recent songs found from Spotify
2026-01-14 20:58:03,309 - music_tracker - INFO - No new songs found from Spotify API
2026-01-14 20:58:03,310 - music_tracker - INFO - Song collection completed successfully
2026-01-14 21:58:03,210 - music_tracker - INFO - SpotiSpy song collection starting...
2026-01-14 21:58:03,211 - music_tracker - INFO - Starting song collection (last 1 hours)
2026-01-14 21:58:03,211 - music_tracker - INFO - Fetching recent tracks from Spotify...
2026-01-14 21:58:03,696 - music_tracker - INFO - No recent songs found from Spotify
2026-01-14 21:58:03,698 - music_tracker - INFO - No new songs found from Spotify API
2026-01-14 21:58:03,699 - music_tracker - INFO - Song collection completed successfully
2026-01-14 22:58:02,599 - music_tracker - INFO - SpotiSpy song collection starting...
2026-01-14 22:58:02,600 - music_tracker - INFO - Starting song collection (last 1 hours)
2026-01-14 22:58:02,601 - music_tracker - INFO - Fetching recent tracks from Spotify...
2026-01-14 22:58:03,045 - music_tracker - INFO - No recent songs found from Spotify
2026-01-14 22:58:03,047 - music_tracker - INFO - No new songs found from Spotify API
2026-01-14 22:58:03,048 - music_tracker - INFO - Song collection completed successfully
2026-01-14 23:58:02,939 - music_tracker - INFO - SpotiSpy song collection starting...
2026-01-14 23:58:02,939 - music_tracker - INFO - Starting song collection (last 1 hours)
2026-01-14 23:58:02,940 - music_tracker - INFO - Fetching recent tracks from Spotify...
2026-01-14 23:58:03,319 - music_tracker - INFO - No recent songs found from Spotify
2026-01-14 23:58:03,321 - music_tracker - INFO - No new songs found from Spotify API
2026-01-14 23:58:03,322 - music_tracker - INFO - Song collection completed successfully
