2025-09-13 00:58:03,199 - music_tracker - INFO - SpotiSpy song collection starting...
2025-09-13 00:58:03,199 - music_tracker - INFO - Starting song collection (last 1 hours)
2025-09-13 00:58:03,200 - music_tracker - INFO - Fetching recent tracks from Spotify...
2025-09-13 00:58:03,608 - music_tracker - INFO - Fetched 4 songs from Spotify
2025-09-13 00:58:03,610 - music_tracker - INFO - Found 4 songs from Spotify API
2025-09-13 00:58:03,611 - music_tracker - INFO - Checking for duplicates in database...
2025-09-13 00:58:04,903 - music_tracker - INFO - Found 4 new songs out of 4 total
2025-09-13 00:58:04,905 - music_tracker - INFO - Found 4 new songs to save
2025-09-13 00:58:04,906 - music_tracker - INFO - Saving songs to database...
2025-09-13 00:58:05,275 - music_tracker - INFO - Successfully saved 4 songs to database
2025-09-13 00:58:05,277 - music_tracker - INFO - Successfully saved 4 songs to database
2025-09-13 00:58:05,278 - music_tracker - INFO - Song collection completed successfully
2025-09-13 01:58:03,216 - music_tracker - INFO - SpotiSpy song collection starting...
2025-09-13 01:58:03,216 - music_tracker - INFO - Starting song collection (last 1 hours)
2025-09-13 01:58:03,217 - music_tracker - INFO - Fetching recent tracks from Spotify...
2025-09-13 01:58:03,579 - music_tracker - INFO - No recent songs found from Spotify
2025-09-13 01:58:03,581 - music_tracker - INFO - No new songs found from Spotify API
2025-09-13 01:58:03,582 - music_tracker - INFO - Song collection completed successfully
2025-09-13 02:58:03,719 - music_tracker - INFO - SpotiSpy song collection starting...
2025-09-13 02:58:03,720 - music_tracker - INFO - Starting song collection (last 1 hours)
2025-09-13 02:58:03,720 - music_tracker - INFO - Fetching recent tracks from Spotify...
2025-09-13 02:58:04,084 - music_tracker - INFO - No recent songs found from Spotify
2025-09-13 02:58:04,086 - music_tracker - INFO - No new songs found from Spotify API
2025-09-13 02:58:04,087 - music_tracker - INFO - Song collection completed successfully
2025-09-13 03:58:03,007 - music_tracker - INFO - SpotiSpy song collection starting...
2025-09-13 03:58:03,008 - music_tracker - INFO - Starting song collection (last 1 hours)
2025-09-13 03:58:03,009 - music_tracker - INFO - Fetching recent tracks from Spotify...
2025-09-13 03:58:03,353 - music_tracker - INFO - No recent songs found from Spotify
2025-09-13 03:58:03,355 - music_tracker - INFO - No new songs found from Spotify API
2025-09-13 03:58:03,356 - music_tracker - INFO - Song collection completed successfully
2025-09-13 04:58:03,255 - music_tracker - INFO - SpotiSpy song collection starting...
2025-09-13 04:58:03,255 - music_tracker - INFO - Starting song collection (last 1 hours)
2025-09-13 04:58:03,256 - music_tracker - INFO - Fetching recent tracks from Spotify...
2025-09-13 04:58:03,593 - music_tracker - INFO - No recent songs found from Spotify
2025-09-13 04:58:03,595 - music_tracker - INFO - No new songs found from Spotify API
2025-09-13 04:58:03,595 - music_tracker - INFO - Song collection completed successfully
2025-09-13 05:58:03,480 - music_tracker - INFO - SpotiSpy song collection starting...
2025-09-13 05:58:03,481 - music_tracker - INFO - Starting song collection (last 1 hours)
2025-09-13 05:58:03,481 - music_tracker - INFO - Fetching recent tracks from Spotify...
2025-09-13 05:58:03,842 - music_tracker - INFO - No recent songs found from Spotify
2025-09-13 05:58:03,844 - music_tracker - INFO - No new songs found from Spotify API
2025-09-13 05:58:03,845 - music_tracker - INFO - Song collection completed successfully
2025-09-13 06:58:02,780 - music_tracker - INFO - SpotiSpy song collection starting...
2025-09-13 06:58:02,780 - music_tracker - INFO - Starting song collection (last 1 hours)
2025-09-13 06:58:02,781 - music_tracker - INFO - Fetching recent tracks from Spotify...
2025-09-13 06:58:03,129 - music_tracker - INFO - No recent songs found from Spotify
2025-09-13 06:58:03,131 - music_tracker - INFO - No new songs found from Spotify API
2025-09-13 06:58:03,132 - music_tracker - INFO - Song collection completed successfully
2025-09-13 07:58:03,020 - music_tracker - INFO - SpotiSpy song collection starting...
2025-09-13 07:58:03,020 - music_tracker - INFO - Starting song collection (last 1 hours)
2025-09-13 07:58:03,021 - music_tracker - INFO - Fetching recent tracks from Spotify...
2025-09-13 07:58:03,417 - music_tracker - INFO - No recent songs found from Spotify
2025-09-13 07:58:03,419 - music_tracker - INFO - No new songs found from Spotify API
2025-09-13 07:58:03,419 - music_tracker - INFO - Song collection completed successfully
2025-09-13 08:58:03,317 - music_tracker - INFO - SpotiSpy song collection starting...
2025-09-13 08:58:03,318 - music_tracker - INFO - Starting song collection (last 1 hours)
2025-09-13 08:58:03,319 - music_tracker - INFO - Fetching recent tracks from Spotify...
2025-09-13 08:58:03,673 - music_tracker - INFO - No recent songs found from Spotify
2025-09-13 08:58:03,675 - music_tracker - INFO - No new songs found from Spotify API
2025-09-13 08:58:03,675 - music_tracker - INFO - Song collection completed successfully
2025-09-13 09:00:12,970 - music_tracker - INFO - SpotiSpy starting...
2025-09-13 09:00:12,971 - music_tracker - INFO - Starting daily SpotiSpy analysis
2025-09-13 09:00:12,971 - music_tracker - INFO - Fetching yesterday's listening data...
2025-09-13 09:00:14,514 - music_tracker - INFO - Fetched 84 songs from database
2025-09-13 09:00:14,517 - music_tracker - INFO - Found 84 songs to analyze
2025-09-13 09:00:14,517 - music_tracker - INFO - Running analysis...
2025-09-13 09:00:14,528 - music_tracker - INFO - Sending daily summary to Slack...
2025-09-13 09:00:32,445 - music_tracker - INFO - Message sent successfully to Slack
2025-09-13 09:00:32,446 - music_tracker - INFO - Daily analysis completed successfully!
2025-09-13 09:00:32,447 - music_tracker - INFO - SpotiSpy completed successfully
2025-09-13 09:58:04,478 - music_tracker - INFO - SpotiSpy song collection starting...
2025-09-13 09:58:04,479 - music_tracker - INFO - Starting song collection (last 1 hours)
2025-09-13 09:58:04,480 - music_tracker - INFO - Fetching recent tracks from Spotify...
2025-09-13 09:58:04,866 - music_tracker - INFO - No recent songs found from Spotify
2025-09-13 09:58:04,868 - music_tracker - INFO - No new songs found from Spotify API
2025-09-13 09:58:04,869 - music_tracker - INFO - Song collection completed successfully
2025-09-13 10:58:02,818 - music_tracker - INFO - SpotiSpy song collection starting...
2025-09-13 10:58:02,819 - music_tracker - INFO - Starting song collection (last 1 hours)
2025-09-13 10:58:02,819 - music_tracker - INFO - Fetching recent tracks from Spotify...
2025-09-13 10:58:03,177 - music_tracker - INFO - No recent songs found from Spotify
2025-09-13 10:58:03,179 - music_tracker - INFO - No new songs found from Spotify API
2025-09-13 10:58:03,180 - music_tracker - INFO - Song collection completed successfully
2025-09-13 11:58:03,092 - music_tracker - INFO - SpotiSpy song collection starting...
2025-09-13 11:58:03,092 - music_tracker - INFO - Starting song collection (last 1 hours)
2025-09-13 11:58:03,093 - music_tracker - INFO - Fetching recent tracks from Spotify...
2025-09-13 11:58:03,454 - music_tracker - INFO - No recent songs found from Spotify
2025-09-13 11:58:03,456 - music_tracker - INFO - No new songs found from Spotify API
2025-09-13 11:58:03,457 - music_tracker - INFO - Song collection completed successfully
2025-09-13 12:58:03,354 - music_tracker - INFO - SpotiSpy song collection starting...
2025-09-13 12:58:03,354 - music_tracker - INFO - Starting song collection (last 1 hours)
2025-09-13 12:58:03,355 - music_tracker - INFO - Fetching recent tracks from Spotify...
2025-09-13 12:58:03,832 - music_tracker - INFO - Fetched 14 songs from Spotify
2025-09-13 12:58:03,834 - music_tracker - INFO - Found 14 songs from Spotify API
2025-09-13 12:58:03,835 - music_tracker - INFO - Checking for duplicates in database...
2025-09-13 12:58:05,273 - music_tracker - INFO - Found 14 new songs out of 14 total
2025-09-13 12:58:05,275 - music_tracker - INFO - Found 14 new songs to save
2025-09-13 12:58:05,276 - music_tracker - INFO - Saving songs to database...
2025-09-13 12:58:05,665 - music_tracker - INFO - Successfully saved 14 songs to database
2025-09-13 12:58:05,667 - music_tracker - INFO - Successfully saved 14 songs to database
2025-09-13 12:58:05,668 - music_tracker - INFO - Song collection completed successfully
2025-09-13 13:58:03,592 - music_tracker - INFO - SpotiSpy song collection starting...
2025-09-13 13:58:03,592 - music_tracker - INFO - Starting song collection (last 1 hours)
2025-09-13 13:58:03,593 - music_tracker - INFO - Fetching recent tracks from Spotify...
2025-09-13 13:58:03,944 - music_tracker - INFO - No recent songs found from Spotify
2025-09-13 13:58:03,946 - music_tracker - INFO - No new songs found from Spotify API
2025-09-13 13:58:03,947 - music_tracker - INFO - Song collection completed successfully
2025-09-13 14:58:02,848 - music_tracker - INFO - SpotiSpy song collection starting...
2025-09-13 14:58:02,849 - music_tracker - INFO - Starting song collection (last 1 hours)
2025-09-13 14:58:02,849 - music_tracker - INFO - Fetching recent tracks from Spotify...
2025-09-13 14:58:03,364 - music_tracker - INFO - Fetched 2 songs from Spotify
2025-09-13 14:58:03,366 - music_tracker - INFO - Found 2 songs from Spotify API
2025-09-13 14:58:03,367 - music_tracker - INFO - Checking for duplicates in database...
2025-09-13 14:58:04,693 - music_tracker - INFO - Found 2 new songs out of 2 total
2025-09-13 14:58:04,695 - music_tracker - INFO - Found 2 new songs to save
2025-09-13 14:58:04,696 - music_tracker - INFO - Saving songs to database...
2025-09-13 14:58:05,047 - music_tracker - INFO - Successfully saved 2 songs to database
2025-09-13 14:58:05,049 - music_tracker - INFO - Successfully saved 2 songs to database
2025-09-13 14:58:05,050 - music_tracker - INFO - Song collection completed successfully
2025-09-13 15:58:02,994 - music_tracker - INFO - SpotiSpy song collection starting...
2025-09-13 15:58:02,995 - music_tracker - INFO - Starting song collection (last 1 hours)
2025-09-13 15:58:02,996 - music_tracker - INFO - Fetching recent tracks from Spotify...
2025-09-13 15:58:03,469 - music_tracker - INFO - Fetched 2 songs from Spotify
2025-09-13 15:58:03,472 - music_tracker - INFO - Found 2 songs from Spotify API
2025-09-13 15:58:03,472 - music_tracker - INFO - Checking for duplicates in database...
2025-09-13 15:58:04,711 - music_tracker - INFO - Found 2 new songs out of 2 total
2025-09-13 15:58:04,713 - music_tracker - INFO - Found 2 new songs to save
2025-09-13 15:58:04,714 - music_tracker - INFO - Saving songs to database...
2025-09-13 15:58:05,042 - music_tracker - INFO - Successfully saved 2 songs to database
2025-09-13 15:58:05,045 - music_tracker - INFO - Successfully saved 2 songs to database
2025-09-13 15:58:05,045 - music_tracker - INFO - Song collection completed successfully
2025-09-13 16:58:02,989 - music_tracker - INFO - SpotiSpy song collection starting...
2025-09-13 16:58:02,990 - music_tracker - INFO - Starting song collection (last 1 hours)
2025-09-13 16:58:02,990 - music_tracker - INFO - Fetching recent tracks from Spotify...
2025-09-13 16:58:03,381 - music_tracker - INFO - No recent songs found from Spotify
2025-09-13 16:58:03,383 - music_tracker - INFO - No new songs found from Spotify API
2025-09-13 16:58:03,384 - music_tracker - INFO - Song collection completed successfully
2025-09-13 17:58:03,277 - music_tracker - INFO - SpotiSpy song collection starting...
2025-09-13 17:58:03,278 - music_tracker - INFO - Starting song collection (last 1 hours)
2025-09-13 17:58:03,278 - music_tracker - INFO - Fetching recent tracks from Spotify...
2025-09-13 17:58:03,634 - music_tracker - INFO - No recent songs found from Spotify
2025-09-13 17:58:03,636 - music_tracker - INFO - No new songs found from Spotify API
2025-09-13 17:58:03,636 - music_tracker - INFO - Song collection completed successfully
2025-09-13 18:58:03,551 - music_tracker - INFO - SpotiSpy song collection starting...
2025-09-13 18:58:03,552 - music_tracker - INFO - Starting song collection (last 1 hours)
2025-09-13 18:58:03,553 - music_tracker - INFO - Fetching recent tracks from Spotify...
2025-09-13 18:58:04,053 - music_tracker - INFO - Fetched 4 songs from Spotify
2025-09-13 18:58:04,055 - music_tracker - INFO - Found 4 songs from Spotify API
2025-09-13 18:58:04,056 - music_tracker - INFO - Checking for duplicates in database...
2025-09-13 18:58:05,424 - music_tracker - INFO - Found 4 new songs out of 4 total
2025-09-13 18:58:05,426 - music_tracker - INFO - Found 4 new songs to save
2025-09-13 18:58:05,427 - music_tracker - INFO - Saving songs to database...
2025-09-13 18:58:05,759 - music_tracker - INFO - Successfully saved 4 songs to database
2025-09-13 18:58:05,761 - music_tracker - INFO - Successfully saved 4 songs to database
2025-09-13 18:58:05,762 - music_tracker - INFO - Song collection completed successfully
2025-09-13 19:58:02,707 - music_tracker - INFO - SpotiSpy song collection starting...
2025-09-13 19:58:02,707 - music_tracker - INFO - Starting song collection (last 1 hours)
2025-09-13 19:58:02,708 - music_tracker - INFO - Fetching recent tracks from Spotify...
2025-09-13 19:58:03,097 - music_tracker - INFO - No recent songs found from Spotify
2025-09-13 19:58:03,099 - music_tracker - INFO - No new songs found from Spotify API
2025-09-13 19:58:03,099 - music_tracker - INFO - Song collection completed successfully
2025-09-13 20:58:02,995 - music_tracker - INFO - SpotiSpy song collection starting...
2025-09-13 20:58:02,996 - music_tracker - INFO - Starting song collection (last 1 hours)
2025-09-13 20:58:02,996 - music_tracker - INFO - Fetching recent tracks from Spotify...
2025-09-13 20:58:03,475 - music_tracker - INFO - Fetched 1 songs from Spotify
2025-09-13 20:58:03,477 - music_tracker - INFO - Found 1 songs from Spotify API
2025-09-13 20:58:03,478 - music_tracker - INFO - Checking for duplicates in database...
2025-09-13 20:58:04,808 - music_tracker - INFO - Found 1 new songs out of 1 total
2025-09-13 20:58:04,810 - music_tracker - INFO - Found 1 new songs to save
2025-09-13 20:58:04,811 - music_tracker - INFO - Saving songs to database...
2025-09-13 20:58:05,129 - music_tracker - INFO - Successfully saved 1 songs to database
2025-09-13 20:58:05,131 - music_tracker - INFO - Successfully saved 1 songs to database
2025-09-13 20:58:05,132 - music_tracker - INFO - Song collection completed successfully
2025-09-13 21:58:03,054 - music_tracker - INFO - SpotiSpy song collection starting...
2025-09-13 21:58:03,054 - music_tracker - INFO - Starting song collection (last 1 hours)
2025-09-13 21:58:03,055 - music_tracker - INFO - Fetching recent tracks from Spotify...
2025-09-13 21:58:03,469 - music_tracker - INFO - No recent songs found from Spotify
2025-09-13 21:58:03,471 - music_tracker - INFO - No new songs found from Spotify API
2025-09-13 21:58:03,472 - music_tracker - INFO - Song collection completed successfully
2025-09-13 22:58:03,380 - music_tracker - INFO - SpotiSpy song collection starting...
2025-09-13 22:58:03,380 - music_tracker - INFO - Starting song collection (last 1 hours)
2025-09-13 22:58:03,381 - music_tracker - INFO - Fetching recent tracks from Spotify...
2025-09-13 22:58:03,726 - music_tracker - INFO - No recent songs found from Spotify
2025-09-13 22:58:03,728 - music_tracker - INFO - No new songs found from Spotify API
2025-09-13 22:58:03,728 - music_tracker - INFO - Song collection completed successfully
2025-09-13 23:58:02,622 - music_tracker - INFO - SpotiSpy song collection starting...
2025-09-13 23:58:02,622 - music_tracker - INFO - Starting song collection (last 1 hours)
2025-09-13 23:58:02,623 - music_tracker - INFO - Fetching recent tracks from Spotify...
2025-09-13 23:58:02,974 - music_tracker - INFO - No recent songs found from Spotify
2025-09-13 23:58:02,976 - music_tracker - INFO - No new songs found from Spotify API
2025-09-13 23:58:02,976 - music_tracker - INFO - Song collection completed successfully
