2025-09-05 00:58:03,414 - music_tracker - INFO - SpotiSpy song collection starting...
2025-09-05 00:58:03,414 - music_tracker - INFO - Starting song collection (last 1 hours)
2025-09-05 00:58:03,415 - music_tracker - INFO - Fetching recent tracks from Spotify...
2025-09-05 00:58:03,847 - music_tracker - INFO - Fetched 2 songs from Spotify
2025-09-05 00:58:03,850 - music_tracker - INFO - Found 2 songs from Spotify API
2025-09-05 00:58:03,850 - music_tracker - INFO - Checking for duplicates in database...
2025-09-05 00:58:05,053 - music_tracker - INFO - Found 2 new songs out of 2 total
2025-09-05 00:58:05,055 - music_tracker - INFO - Found 2 new songs to save
2025-09-05 00:58:05,056 - music_tracker - INFO - Saving songs to database...
2025-09-05 00:58:05,462 - music_tracker - INFO - Successfully saved 2 songs to database
2025-09-05 00:58:05,464 - music_tracker - INFO - Successfully saved 2 songs to database
2025-09-05 00:58:05,465 - music_tracker - INFO - Song collection completed successfully
2025-09-05 01:58:03,365 - music_tracker - INFO - SpotiSpy song collection starting...
2025-09-05 01:58:03,366 - music_tracker - INFO - Starting song collection (last 1 hours)
2025-09-05 01:58:03,367 - music_tracker - INFO - Fetching recent tracks from Spotify...
2025-09-05 01:58:03,724 - music_tracker - INFO - No recent songs found from Spotify
2025-09-05 01:58:03,726 - music_tracker - INFO - No new songs found from Spotify API
2025-09-05 01:58:03,726 - music_tracker - INFO - Song collection completed successfully
2025-09-05 02:58:02,609 - music_tracker - INFO - SpotiSpy song collection starting...
2025-09-05 02:58:02,610 - music_tracker - INFO - Starting song collection (last 1 hours)
2025-09-05 02:58:02,611 - music_tracker - INFO - Fetching recent tracks from Spotify...
2025-09-05 02:58:02,985 - music_tracker - INFO - No recent songs found from Spotify
2025-09-05 02:58:02,987 - music_tracker - INFO - No new songs found from Spotify API
2025-09-05 02:58:02,988 - music_tracker - INFO - Song collection completed successfully
2025-09-05 03:58:03,503 - music_tracker - INFO - SpotiSpy song collection starting...
2025-09-05 03:58:03,503 - music_tracker - INFO - Starting song collection (last 1 hours)
2025-09-05 03:58:03,504 - music_tracker - INFO - Fetching recent tracks from Spotify...
2025-09-05 03:58:03,869 - music_tracker - INFO - No recent songs found from Spotify
2025-09-05 03:58:03,871 - music_tracker - INFO - No new songs found from Spotify API
2025-09-05 03:58:03,872 - music_tracker - INFO - Song collection completed successfully
2025-09-05 04:58:02,896 - music_tracker - INFO - SpotiSpy song collection starting...
2025-09-05 04:58:02,896 - music_tracker - INFO - Starting song collection (last 1 hours)
2025-09-05 04:58:02,897 - music_tracker - INFO - Fetching recent tracks from Spotify...
2025-09-05 04:58:03,268 - music_tracker - INFO - No recent songs found from Spotify
2025-09-05 04:58:03,270 - music_tracker - INFO - No new songs found from Spotify API
2025-09-05 04:58:03,271 - music_tracker - INFO - Song collection completed successfully
2025-09-05 05:58:03,171 - music_tracker - INFO - SpotiSpy song collection starting...
2025-09-05 05:58:03,173 - music_tracker - INFO - Starting song collection (last 1 hours)
2025-09-05 05:58:03,173 - music_tracker - INFO - Fetching recent tracks from Spotify...
2025-09-05 05:58:08,645 - music_tracker - INFO - No recent songs found from Spotify
2025-09-05 05:58:08,648 - music_tracker - INFO - No new songs found from Spotify API
2025-09-05 05:58:08,649 - music_tracker - INFO - Song collection completed successfully
2025-09-05 06:58:02,917 - music_tracker - INFO - SpotiSpy song collection starting...
2025-09-05 06:58:02,918 - music_tracker - INFO - Starting song collection (last 1 hours)
2025-09-05 06:58:02,919 - music_tracker - INFO - Fetching recent tracks from Spotify...
2025-09-05 06:58:03,291 - music_tracker - INFO - No recent songs found from Spotify
2025-09-05 06:58:03,293 - music_tracker - INFO - No new songs found from Spotify API
2025-09-05 06:58:03,293 - music_tracker - INFO - Song collection completed successfully
2025-09-05 07:58:03,505 - music_tracker - INFO - SpotiSpy song collection starting...
2025-09-05 07:58:03,506 - music_tracker - INFO - Starting song collection (last 1 hours)
2025-09-05 07:58:03,507 - music_tracker - INFO - Fetching recent tracks from Spotify...
2025-09-05 07:58:03,924 - music_tracker - INFO - Fetched 3 songs from Spotify
2025-09-05 07:58:03,927 - music_tracker - INFO - Found 3 songs from Spotify API
2025-09-05 07:58:03,927 - music_tracker - INFO - Checking for duplicates in database...
2025-09-05 07:58:05,393 - music_tracker - INFO - Found 3 new songs out of 3 total
2025-09-05 07:58:05,395 - music_tracker - INFO - Found 3 new songs to save
2025-09-05 07:58:05,396 - music_tracker - INFO - Saving songs to database...
2025-09-05 07:58:05,784 - music_tracker - INFO - Successfully saved 3 songs to database
2025-09-05 07:58:05,786 - music_tracker - INFO - Successfully saved 3 songs to database
2025-09-05 07:58:05,787 - music_tracker - INFO - Song collection completed successfully
2025-09-05 08:58:02,724 - music_tracker - INFO - SpotiSpy song collection starting...
2025-09-05 08:58:02,725 - music_tracker - INFO - Starting song collection (last 1 hours)
2025-09-05 08:58:02,726 - music_tracker - INFO - Fetching recent tracks from Spotify...
2025-09-05 08:58:03,163 - music_tracker - INFO - Fetched 12 songs from Spotify
2025-09-05 08:58:03,166 - music_tracker - INFO - Found 12 songs from Spotify API
2025-09-05 08:58:03,167 - music_tracker - INFO - Checking for duplicates in database...
2025-09-05 08:58:04,326 - music_tracker - INFO - Found 12 new songs out of 12 total
2025-09-05 08:58:04,328 - music_tracker - INFO - Found 12 new songs to save
2025-09-05 08:58:04,329 - music_tracker - INFO - Saving songs to database...
2025-09-05 08:58:04,629 - music_tracker - INFO - Successfully saved 12 songs to database
2025-09-05 08:58:04,631 - music_tracker - INFO - Successfully saved 12 songs to database
2025-09-05 08:58:04,632 - music_tracker - INFO - Song collection completed successfully
2025-09-05 09:00:15,210 - music_tracker - INFO - SpotiSpy starting...
2025-09-05 09:00:15,211 - music_tracker - INFO - Starting daily SpotiSpy analysis
2025-09-05 09:00:15,211 - music_tracker - INFO - Fetching yesterday's listening data...
2025-09-05 09:00:15,685 - music_tracker - INFO - Fetched 114 songs from database
2025-09-05 09:00:15,687 - music_tracker - INFO - Found 114 songs to analyze
2025-09-05 09:00:15,687 - music_tracker - INFO - Running analysis...
2025-09-05 09:00:15,696 - music_tracker - INFO - Sending daily summary to Slack...
2025-09-05 09:00:42,821 - music_tracker - INFO - Message sent successfully to Slack
2025-09-05 09:00:42,822 - music_tracker - INFO - Daily analysis completed successfully!
2025-09-05 09:00:42,822 - music_tracker - INFO - SpotiSpy completed successfully
2025-09-05 09:58:02,750 - music_tracker - INFO - SpotiSpy song collection starting...
2025-09-05 09:58:02,750 - music_tracker - INFO - Starting song collection (last 1 hours)
2025-09-05 09:58:02,751 - music_tracker - INFO - Fetching recent tracks from Spotify...
2025-09-05 09:58:03,179 - music_tracker - INFO - Fetched 12 songs from Spotify
2025-09-05 09:58:03,182 - music_tracker - INFO - Found 12 songs from Spotify API
2025-09-05 09:58:03,183 - music_tracker - INFO - Checking for duplicates in database...
2025-09-05 09:58:04,316 - music_tracker - INFO - Found 12 new songs out of 12 total
2025-09-05 09:58:04,318 - music_tracker - INFO - Found 12 new songs to save
2025-09-05 09:58:04,319 - music_tracker - INFO - Saving songs to database...
2025-09-05 09:58:04,671 - music_tracker - INFO - Successfully saved 12 songs to database
2025-09-05 09:58:04,673 - music_tracker - INFO - Successfully saved 12 songs to database
2025-09-05 09:58:04,674 - music_tracker - INFO - Song collection completed successfully
2025-09-05 10:58:03,592 - music_tracker - INFO - SpotiSpy song collection starting...
2025-09-05 10:58:03,593 - music_tracker - INFO - Starting song collection (last 1 hours)
2025-09-05 10:58:03,594 - music_tracker - INFO - Fetching recent tracks from Spotify...
2025-09-05 10:58:04,022 - music_tracker - INFO - Fetched 5 songs from Spotify
2025-09-05 10:58:04,024 - music_tracker - INFO - Found 5 songs from Spotify API
2025-09-05 10:58:04,025 - music_tracker - INFO - Checking for duplicates in database...
2025-09-05 10:58:05,388 - music_tracker - INFO - Found 5 new songs out of 5 total
2025-09-05 10:58:05,390 - music_tracker - INFO - Found 5 new songs to save
2025-09-05 10:58:05,390 - music_tracker - INFO - Saving songs to database...
2025-09-05 10:58:05,721 - music_tracker - INFO - Successfully saved 5 songs to database
2025-09-05 10:58:05,723 - music_tracker - INFO - Successfully saved 5 songs to database
2025-09-05 10:58:05,724 - music_tracker - INFO - Song collection completed successfully
2025-09-05 11:58:02,637 - music_tracker - INFO - SpotiSpy song collection starting...
2025-09-05 11:58:02,637 - music_tracker - INFO - Starting song collection (last 1 hours)
2025-09-05 11:58:02,638 - music_tracker - INFO - Fetching recent tracks from Spotify...
2025-09-05 11:58:03,139 - music_tracker - INFO - Fetched 21 songs from Spotify
2025-09-05 11:58:03,143 - music_tracker - INFO - Found 21 songs from Spotify API
2025-09-05 11:58:03,144 - music_tracker - INFO - Checking for duplicates in database...
2025-09-05 11:58:04,619 - music_tracker - INFO - Found 21 new songs out of 21 total
2025-09-05 11:58:04,621 - music_tracker - INFO - Found 21 new songs to save
2025-09-05 11:58:04,622 - music_tracker - INFO - Saving songs to database...
2025-09-05 11:58:05,016 - music_tracker - INFO - Successfully saved 21 songs to database
2025-09-05 11:58:05,018 - music_tracker - INFO - Successfully saved 21 songs to database
2025-09-05 11:58:05,019 - music_tracker - INFO - Song collection completed successfully
2025-09-05 12:58:02,935 - music_tracker - INFO - SpotiSpy song collection starting...
2025-09-05 12:58:02,936 - music_tracker - INFO - Starting song collection (last 1 hours)
2025-09-05 12:58:02,937 - music_tracker - INFO - Fetching recent tracks from Spotify...
2025-09-05 12:58:03,403 - music_tracker - INFO - Fetched 10 songs from Spotify
2025-09-05 12:58:03,405 - music_tracker - INFO - Found 10 songs from Spotify API
2025-09-05 12:58:03,406 - music_tracker - INFO - Checking for duplicates in database...
2025-09-05 12:58:04,842 - music_tracker - INFO - Found 10 new songs out of 10 total
2025-09-05 12:58:04,844 - music_tracker - INFO - Found 10 new songs to save
2025-09-05 12:58:04,845 - music_tracker - INFO - Saving songs to database...
2025-09-05 12:58:05,242 - music_tracker - INFO - Successfully saved 10 songs to database
2025-09-05 12:58:05,244 - music_tracker - INFO - Successfully saved 10 songs to database
2025-09-05 12:58:05,245 - music_tracker - INFO - Song collection completed successfully
2025-09-05 13:58:03,171 - music_tracker - INFO - SpotiSpy song collection starting...
2025-09-05 13:58:03,171 - music_tracker - INFO - Starting song collection (last 1 hours)
2025-09-05 13:58:03,172 - music_tracker - INFO - Fetching recent tracks from Spotify...
2025-09-05 13:58:03,514 - music_tracker - INFO - No recent songs found from Spotify
2025-09-05 13:58:03,516 - music_tracker - INFO - No new songs found from Spotify API
2025-09-05 13:58:03,517 - music_tracker - INFO - Song collection completed successfully
2025-09-05 14:58:04,724 - music_tracker - INFO - SpotiSpy song collection starting...
2025-09-05 14:58:04,725 - music_tracker - INFO - Starting song collection (last 1 hours)
2025-09-05 14:58:04,726 - music_tracker - INFO - Fetching recent tracks from Spotify...
2025-09-05 14:58:05,132 - music_tracker - INFO - No recent songs found from Spotify
2025-09-05 14:58:05,134 - music_tracker - INFO - No new songs found from Spotify API
2025-09-05 14:58:05,135 - music_tracker - INFO - Song collection completed successfully
2025-09-05 15:58:03,068 - music_tracker - INFO - SpotiSpy song collection starting...
2025-09-05 15:58:03,068 - music_tracker - INFO - Starting song collection (last 1 hours)
2025-09-05 15:58:03,069 - music_tracker - INFO - Fetching recent tracks from Spotify...
2025-09-05 15:58:03,448 - music_tracker - INFO - No recent songs found from Spotify
2025-09-05 15:58:03,450 - music_tracker - INFO - No new songs found from Spotify API
2025-09-05 15:58:03,451 - music_tracker - INFO - Song collection completed successfully
2025-09-05 16:58:03,349 - music_tracker - INFO - SpotiSpy song collection starting...
2025-09-05 16:58:03,349 - music_tracker - INFO - Starting song collection (last 1 hours)
2025-09-05 16:58:03,350 - music_tracker - INFO - Fetching recent tracks from Spotify...
2025-09-05 16:58:03,712 - music_tracker - INFO - No recent songs found from Spotify
2025-09-05 16:58:03,714 - music_tracker - INFO - No new songs found from Spotify API
2025-09-05 16:58:03,715 - music_tracker - INFO - Song collection completed successfully
2025-09-05 17:58:02,638 - music_tracker - INFO - SpotiSpy song collection starting...
2025-09-05 17:58:02,638 - music_tracker - INFO - Starting song collection (last 1 hours)
2025-09-05 17:58:02,639 - music_tracker - INFO - Fetching recent tracks from Spotify...
2025-09-05 17:58:03,141 - music_tracker - INFO - Fetched 17 songs from Spotify
2025-09-05 17:58:03,144 - music_tracker - INFO - Found 17 songs from Spotify API
2025-09-05 17:58:03,145 - music_tracker - INFO - Checking for duplicates in database...
2025-09-05 17:58:04,513 - music_tracker - INFO - Found 17 new songs out of 17 total
2025-09-05 17:58:04,515 - music_tracker - INFO - Found 17 new songs to save
2025-09-05 17:58:04,516 - music_tracker - INFO - Saving songs to database...
2025-09-05 17:58:04,915 - music_tracker - INFO - Successfully saved 17 songs to database
2025-09-05 17:58:04,917 - music_tracker - INFO - Successfully saved 17 songs to database
2025-09-05 17:58:04,918 - music_tracker - INFO - Song collection completed successfully
2025-09-05 18:58:02,860 - music_tracker - INFO - SpotiSpy song collection starting...
2025-09-05 18:58:02,860 - music_tracker - INFO - Starting song collection (last 1 hours)
2025-09-05 18:58:02,861 - music_tracker - INFO - Fetching recent tracks from Spotify...
2025-09-05 18:58:03,326 - music_tracker - INFO - Fetched 15 songs from Spotify
2025-09-05 18:58:03,330 - music_tracker - INFO - Found 15 songs from Spotify API
2025-09-05 18:58:03,330 - music_tracker - INFO - Checking for duplicates in database...
2025-09-05 18:58:04,701 - music_tracker - INFO - Found 15 new songs out of 15 total
2025-09-05 18:58:04,703 - music_tracker - INFO - Found 15 new songs to save
2025-09-05 18:58:04,704 - music_tracker - INFO - Saving songs to database...
2025-09-05 18:58:05,178 - music_tracker - INFO - Successfully saved 15 songs to database
2025-09-05 18:58:05,180 - music_tracker - INFO - Successfully saved 15 songs to database
2025-09-05 18:58:05,181 - music_tracker - INFO - Song collection completed successfully
2025-09-05 19:58:03,117 - music_tracker - INFO - SpotiSpy song collection starting...
2025-09-05 19:58:03,118 - music_tracker - INFO - Starting song collection (last 1 hours)
2025-09-05 19:58:03,118 - music_tracker - INFO - Fetching recent tracks from Spotify...
2025-09-05 19:58:03,583 - music_tracker - INFO - Fetched 5 songs from Spotify
2025-09-05 19:58:03,586 - music_tracker - INFO - Found 5 songs from Spotify API
2025-09-05 19:58:03,586 - music_tracker - INFO - Checking for duplicates in database...
2025-09-05 19:58:04,446 - music_tracker - INFO - Found 5 new songs out of 5 total
2025-09-05 19:58:04,448 - music_tracker - INFO - Found 5 new songs to save
2025-09-05 19:58:04,449 - music_tracker - INFO - Saving songs to database...
2025-09-05 19:58:04,778 - music_tracker - INFO - Successfully saved 5 songs to database
2025-09-05 19:58:04,780 - music_tracker - INFO - Successfully saved 5 songs to database
2025-09-05 19:58:04,781 - music_tracker - INFO - Song collection completed successfully
2025-09-05 20:58:02,720 - music_tracker - INFO - SpotiSpy song collection starting...
2025-09-05 20:58:02,720 - music_tracker - INFO - Starting song collection (last 1 hours)
2025-09-05 20:58:02,721 - music_tracker - INFO - Fetching recent tracks from Spotify...
2025-09-05 20:58:03,185 - music_tracker - INFO - Fetched 1 songs from Spotify
2025-09-05 20:58:03,188 - music_tracker - INFO - Found 1 songs from Spotify API
2025-09-05 20:58:03,188 - music_tracker - INFO - Checking for duplicates in database...
2025-09-05 20:58:04,420 - music_tracker - INFO - Found 1 new songs out of 1 total
2025-09-05 20:58:04,422 - music_tracker - INFO - Found 1 new songs to save
2025-09-05 20:58:04,423 - music_tracker - INFO - Saving songs to database...
2025-09-05 20:58:04,795 - music_tracker - INFO - Successfully saved 1 songs to database
2025-09-05 20:58:04,797 - music_tracker - INFO - Successfully saved 1 songs to database
2025-09-05 20:58:04,797 - music_tracker - INFO - Song collection completed successfully
2025-09-05 21:58:02,732 - music_tracker - INFO - SpotiSpy song collection starting...
2025-09-05 21:58:02,732 - music_tracker - INFO - Starting song collection (last 1 hours)
2025-09-05 21:58:02,733 - music_tracker - INFO - Fetching recent tracks from Spotify...
2025-09-05 21:58:03,206 - music_tracker - INFO - Fetched 8 songs from Spotify
2025-09-05 21:58:03,208 - music_tracker - INFO - Found 8 songs from Spotify API
2025-09-05 21:58:03,209 - music_tracker - INFO - Checking for duplicates in database...
2025-09-05 21:58:04,207 - music_tracker - INFO - Found 8 new songs out of 8 total
2025-09-05 21:58:04,209 - music_tracker - INFO - Found 8 new songs to save
2025-09-05 21:58:04,210 - music_tracker - INFO - Saving songs to database...
2025-09-05 21:58:04,490 - music_tracker - INFO - Successfully saved 8 songs to database
2025-09-05 21:58:04,492 - music_tracker - INFO - Successfully saved 8 songs to database
2025-09-05 21:58:04,493 - music_tracker - INFO - Song collection completed successfully
2025-09-05 22:58:03,404 - music_tracker - INFO - SpotiSpy song collection starting...
2025-09-05 22:58:03,405 - music_tracker - INFO - Starting song collection (last 1 hours)
2025-09-05 22:58:03,405 - music_tracker - INFO - Fetching recent tracks from Spotify...
2025-09-05 22:58:03,865 - music_tracker - INFO - Fetched 12 songs from Spotify
2025-09-05 22:58:03,868 - music_tracker - INFO - Found 12 songs from Spotify API
2025-09-05 22:58:03,869 - music_tracker - INFO - Checking for duplicates in database...
2025-09-05 22:58:04,765 - music_tracker - INFO - Found 12 new songs out of 12 total
2025-09-05 22:58:04,767 - music_tracker - INFO - Found 12 new songs to save
2025-09-05 22:58:04,768 - music_tracker - INFO - Saving songs to database...
2025-09-05 22:58:05,086 - music_tracker - INFO - Successfully saved 12 songs to database
2025-09-05 22:58:05,088 - music_tracker - INFO - Successfully saved 12 songs to database
2025-09-05 22:58:05,089 - music_tracker - INFO - Song collection completed successfully
2025-09-05 23:58:02,988 - music_tracker - INFO - SpotiSpy song collection starting...
2025-09-05 23:58:02,989 - music_tracker - INFO - Starting song collection (last 1 hours)
2025-09-05 23:58:02,990 - music_tracker - INFO - Fetching recent tracks from Spotify...
2025-09-05 23:58:03,379 - music_tracker - INFO - Fetched 3 songs from Spotify
2025-09-05 23:58:03,382 - music_tracker - INFO - Found 3 songs from Spotify API
2025-09-05 23:58:03,382 - music_tracker - INFO - Checking for duplicates in database...
2025-09-05 23:58:04,177 - music_tracker - INFO - Found 3 new songs out of 3 total
2025-09-05 23:58:04,179 - music_tracker - INFO - Found 3 new songs to save
2025-09-05 23:58:04,180 - music_tracker - INFO - Saving songs to database...
2025-09-05 23:58:04,482 - music_tracker - INFO - Successfully saved 3 songs to database
2025-09-05 23:58:04,484 - music_tracker - INFO - Successfully saved 3 songs to database
2025-09-05 23:58:04,485 - music_tracker - INFO - Song collection completed successfully
