2025-12-06 00:58:03,432 - music_tracker - INFO - SpotiSpy song collection starting...
2025-12-06 00:58:03,433 - music_tracker - INFO - Starting song collection (last 1 hours)
2025-12-06 00:58:03,433 - music_tracker - INFO - Fetching recent tracks from Spotify...
2025-12-06 00:58:03,782 - music_tracker - INFO - No recent songs found from Spotify
2025-12-06 00:58:03,784 - music_tracker - INFO - No new songs found from Spotify API
2025-12-06 00:58:03,785 - music_tracker - INFO - Song collection completed successfully
2025-12-06 01:58:02,700 - music_tracker - INFO - SpotiSpy song collection starting...
2025-12-06 01:58:02,701 - music_tracker - INFO - Starting song collection (last 1 hours)
2025-12-06 01:58:02,702 - music_tracker - INFO - Fetching recent tracks from Spotify...
2025-12-06 01:58:03,056 - music_tracker - INFO - No recent songs found from Spotify
2025-12-06 01:58:03,058 - music_tracker - INFO - No new songs found from Spotify API
2025-12-06 01:58:03,058 - music_tracker - INFO - Song collection completed successfully
2025-12-06 02:58:02,958 - music_tracker - INFO - SpotiSpy song collection starting...
2025-12-06 02:58:02,959 - music_tracker - INFO - Starting song collection (last 1 hours)
2025-12-06 02:58:02,959 - music_tracker - INFO - Fetching recent tracks from Spotify...
2025-12-06 02:58:03,348 - music_tracker - INFO - No recent songs found from Spotify
2025-12-06 02:58:03,350 - music_tracker - INFO - No new songs found from Spotify API
2025-12-06 02:58:03,351 - music_tracker - INFO - Song collection completed successfully
2025-12-06 03:58:03,271 - music_tracker - INFO - SpotiSpy song collection starting...
2025-12-06 03:58:03,271 - music_tracker - INFO - Starting song collection (last 1 hours)
2025-12-06 03:58:03,272 - music_tracker - INFO - Fetching recent tracks from Spotify...
2025-12-06 03:58:03,630 - music_tracker - INFO - No recent songs found from Spotify
2025-12-06 03:58:03,632 - music_tracker - INFO - No new songs found from Spotify API
2025-12-06 03:58:03,633 - music_tracker - INFO - Song collection completed successfully
2025-12-06 04:58:03,523 - music_tracker - INFO - SpotiSpy song collection starting...
2025-12-06 04:58:03,524 - music_tracker - INFO - Starting song collection (last 1 hours)
2025-12-06 04:58:03,524 - music_tracker - INFO - Fetching recent tracks from Spotify...
2025-12-06 04:58:03,910 - music_tracker - INFO - No recent songs found from Spotify
2025-12-06 04:58:03,912 - music_tracker - INFO - No new songs found from Spotify API
2025-12-06 04:58:03,913 - music_tracker - INFO - Song collection completed successfully
2025-12-06 05:58:03,459 - music_tracker - INFO - SpotiSpy song collection starting...
2025-12-06 05:58:03,460 - music_tracker - INFO - Starting song collection (last 1 hours)
2025-12-06 05:58:03,461 - music_tracker - INFO - Fetching recent tracks from Spotify...
2025-12-06 05:58:03,806 - music_tracker - INFO - No recent songs found from Spotify
2025-12-06 05:58:03,808 - music_tracker - INFO - No new songs found from Spotify API
2025-12-06 05:58:03,809 - music_tracker - INFO - Song collection completed successfully
2025-12-06 06:58:02,752 - music_tracker - INFO - SpotiSpy song collection starting...
2025-12-06 06:58:02,753 - music_tracker - INFO - Starting song collection (last 1 hours)
2025-12-06 06:58:02,753 - music_tracker - INFO - Fetching recent tracks from Spotify...
2025-12-06 06:58:03,128 - music_tracker - INFO - No recent songs found from Spotify
2025-12-06 06:58:03,130 - music_tracker - INFO - No new songs found from Spotify API
2025-12-06 06:58:03,131 - music_tracker - INFO - Song collection completed successfully
2025-12-06 07:58:03,030 - music_tracker - INFO - SpotiSpy song collection starting...
2025-12-06 07:58:03,030 - music_tracker - INFO - Starting song collection (last 1 hours)
2025-12-06 07:58:03,031 - music_tracker - INFO - Fetching recent tracks from Spotify...
2025-12-06 07:58:03,384 - music_tracker - INFO - No recent songs found from Spotify
2025-12-06 07:58:03,386 - music_tracker - INFO - No new songs found from Spotify API
2025-12-06 07:58:03,387 - music_tracker - INFO - Song collection completed successfully
2025-12-06 08:58:03,280 - music_tracker - INFO - SpotiSpy song collection starting...
2025-12-06 08:58:03,281 - music_tracker - INFO - Starting song collection (last 1 hours)
2025-12-06 08:58:03,282 - music_tracker - INFO - Fetching recent tracks from Spotify...
2025-12-06 08:58:03,623 - music_tracker - INFO - No recent songs found from Spotify
2025-12-06 08:58:03,626 - music_tracker - INFO - No new songs found from Spotify API
2025-12-06 08:58:03,626 - music_tracker - INFO - Song collection completed successfully
2025-12-06 09:00:13,335 - music_tracker - INFO - SpotiSpy starting...
2025-12-06 09:00:13,335 - music_tracker - INFO - Starting daily SpotiSpy analysis
2025-12-06 09:00:13,336 - music_tracker - INFO - Fetching yesterday's listening data...
2025-12-06 09:00:15,006 - music_tracker - INFO - Fetched 41 songs from database
2025-12-06 09:00:15,009 - music_tracker - INFO - Found 41 songs to analyze
2025-12-06 09:00:15,010 - music_tracker - INFO - Running analysis...
2025-12-06 09:00:15,015 - music_tracker - INFO - Sending daily summary to Slack...
2025-12-06 09:00:15,790 - music_tracker - INFO - Message sent successfully to Slack
2025-12-06 09:00:15,790 - music_tracker - INFO - Daily analysis completed successfully!
2025-12-06 09:00:15,791 - music_tracker - INFO - SpotiSpy completed successfully
2025-12-06 09:58:02,690 - music_tracker - INFO - SpotiSpy song collection starting...
2025-12-06 09:58:02,690 - music_tracker - INFO - Starting song collection (last 1 hours)
2025-12-06 09:58:02,691 - music_tracker - INFO - Fetching recent tracks from Spotify...
2025-12-06 09:58:03,088 - music_tracker - INFO - No recent songs found from Spotify
2025-12-06 09:58:03,090 - music_tracker - INFO - No new songs found from Spotify API
2025-12-06 09:58:03,090 - music_tracker - INFO - Song collection completed successfully
2025-12-06 10:58:02,981 - music_tracker - INFO - SpotiSpy song collection starting...
2025-12-06 10:58:02,981 - music_tracker - INFO - Starting song collection (last 1 hours)
2025-12-06 10:58:02,982 - music_tracker - INFO - Fetching recent tracks from Spotify...
2025-12-06 10:58:03,404 - music_tracker - INFO - No recent songs found from Spotify
2025-12-06 10:58:03,406 - music_tracker - INFO - No new songs found from Spotify API
2025-12-06 10:58:03,407 - music_tracker - INFO - Song collection completed successfully
2025-12-06 11:58:04,608 - music_tracker - INFO - SpotiSpy song collection starting...
2025-12-06 11:58:04,609 - music_tracker - INFO - Starting song collection (last 1 hours)
2025-12-06 11:58:04,610 - music_tracker - INFO - Fetching recent tracks from Spotify...
2025-12-06 11:58:04,963 - music_tracker - INFO - No recent songs found from Spotify
2025-12-06 11:58:04,966 - music_tracker - INFO - No new songs found from Spotify API
2025-12-06 11:58:04,966 - music_tracker - INFO - Song collection completed successfully
2025-12-06 12:58:02,899 - music_tracker - INFO - SpotiSpy song collection starting...
2025-12-06 12:58:02,900 - music_tracker - INFO - Starting song collection (last 1 hours)
2025-12-06 12:58:02,900 - music_tracker - INFO - Fetching recent tracks from Spotify...
2025-12-06 12:58:03,265 - music_tracker - INFO - No recent songs found from Spotify
2025-12-06 12:58:03,267 - music_tracker - INFO - No new songs found from Spotify API
2025-12-06 12:58:03,267 - music_tracker - INFO - Song collection completed successfully
2025-12-06 13:58:03,162 - music_tracker - INFO - SpotiSpy song collection starting...
2025-12-06 13:58:03,162 - music_tracker - INFO - Starting song collection (last 1 hours)
2025-12-06 13:58:03,163 - music_tracker - INFO - Fetching recent tracks from Spotify...
2025-12-06 13:58:03,557 - music_tracker - INFO - No recent songs found from Spotify
2025-12-06 13:58:03,559 - music_tracker - INFO - No new songs found from Spotify API
2025-12-06 13:58:03,559 - music_tracker - INFO - Song collection completed successfully
2025-12-06 14:58:03,463 - music_tracker - INFO - SpotiSpy song collection starting...
2025-12-06 14:58:03,464 - music_tracker - INFO - Starting song collection (last 1 hours)
2025-12-06 14:58:03,464 - music_tracker - INFO - Fetching recent tracks from Spotify...
2025-12-06 14:58:03,861 - music_tracker - INFO - No recent songs found from Spotify
2025-12-06 14:58:03,863 - music_tracker - INFO - No new songs found from Spotify API
2025-12-06 14:58:03,864 - music_tracker - INFO - Song collection completed successfully
2025-12-06 15:58:02,758 - music_tracker - INFO - SpotiSpy song collection starting...
2025-12-06 15:58:02,759 - music_tracker - INFO - Starting song collection (last 1 hours)
2025-12-06 15:58:02,759 - music_tracker - INFO - Fetching recent tracks from Spotify...
2025-12-06 15:58:03,100 - music_tracker - INFO - No recent songs found from Spotify
2025-12-06 15:58:03,102 - music_tracker - INFO - No new songs found from Spotify API
2025-12-06 15:58:03,103 - music_tracker - INFO - Song collection completed successfully
2025-12-06 16:58:02,986 - music_tracker - INFO - SpotiSpy song collection starting...
2025-12-06 16:58:02,986 - music_tracker - INFO - Starting song collection (last 1 hours)
2025-12-06 16:58:02,987 - music_tracker - INFO - Fetching recent tracks from Spotify...
2025-12-06 16:58:03,354 - music_tracker - INFO - No recent songs found from Spotify
2025-12-06 16:58:03,356 - music_tracker - INFO - No new songs found from Spotify API
2025-12-06 16:58:03,356 - music_tracker - INFO - Song collection completed successfully
2025-12-06 17:58:03,259 - music_tracker - INFO - SpotiSpy song collection starting...
2025-12-06 17:58:03,259 - music_tracker - INFO - Starting song collection (last 1 hours)
2025-12-06 17:58:03,260 - music_tracker - INFO - Fetching recent tracks from Spotify...
2025-12-06 17:58:03,630 - music_tracker - INFO - No recent songs found from Spotify
2025-12-06 17:58:03,632 - music_tracker - INFO - No new songs found from Spotify API
2025-12-06 17:58:03,632 - music_tracker - INFO - Song collection completed successfully
2025-12-06 18:58:03,526 - music_tracker - INFO - SpotiSpy song collection starting...
2025-12-06 18:58:03,527 - music_tracker - INFO - Starting song collection (last 1 hours)
2025-12-06 18:58:03,527 - music_tracker - INFO - Fetching recent tracks from Spotify...
2025-12-06 18:58:03,918 - music_tracker - INFO - No recent songs found from Spotify
2025-12-06 18:58:03,921 - music_tracker - INFO - No new songs found from Spotify API
2025-12-06 18:58:03,921 - music_tracker - INFO - Song collection completed successfully
2025-12-06 19:58:02,808 - music_tracker - INFO - SpotiSpy song collection starting...
2025-12-06 19:58:02,809 - music_tracker - INFO - Starting song collection (last 1 hours)
2025-12-06 19:58:02,809 - music_tracker - INFO - Fetching recent tracks from Spotify...
2025-12-06 19:58:03,171 - music_tracker - INFO - No recent songs found from Spotify
2025-12-06 19:58:03,173 - music_tracker - INFO - No new songs found from Spotify API
2025-12-06 19:58:03,174 - music_tracker - INFO - Song collection completed successfully
2025-12-06 20:58:03,059 - music_tracker - INFO - SpotiSpy song collection starting...
2025-12-06 20:58:03,060 - music_tracker - INFO - Starting song collection (last 1 hours)
2025-12-06 20:58:03,060 - music_tracker - INFO - Fetching recent tracks from Spotify...
2025-12-06 20:58:03,470 - music_tracker - INFO - No recent songs found from Spotify
2025-12-06 20:58:03,472 - music_tracker - INFO - No new songs found from Spotify API
2025-12-06 20:58:03,473 - music_tracker - INFO - Song collection completed successfully
2025-12-06 21:58:03,360 - music_tracker - INFO - SpotiSpy song collection starting...
2025-12-06 21:58:03,360 - music_tracker - INFO - Starting song collection (last 1 hours)
2025-12-06 21:58:03,361 - music_tracker - INFO - Fetching recent tracks from Spotify...
2025-12-06 21:58:03,765 - music_tracker - INFO - No recent songs found from Spotify
2025-12-06 21:58:03,768 - music_tracker - INFO - No new songs found from Spotify API
2025-12-06 21:58:03,768 - music_tracker - INFO - Song collection completed successfully
2025-12-06 22:58:02,647 - music_tracker - INFO - SpotiSpy song collection starting...
2025-12-06 22:58:02,648 - music_tracker - INFO - Starting song collection (last 1 hours)
2025-12-06 22:58:02,648 - music_tracker - INFO - Fetching recent tracks from Spotify...
2025-12-06 22:58:03,012 - music_tracker - INFO - No recent songs found from Spotify
2025-12-06 22:58:03,014 - music_tracker - INFO - No new songs found from Spotify API
2025-12-06 22:58:03,015 - music_tracker - INFO - Song collection completed successfully
2025-12-06 23:58:02,908 - music_tracker - INFO - SpotiSpy song collection starting...
2025-12-06 23:58:02,909 - music_tracker - INFO - Starting song collection (last 1 hours)
2025-12-06 23:58:02,910 - music_tracker - INFO - Fetching recent tracks from Spotify...
2025-12-06 23:58:03,326 - music_tracker - INFO - No recent songs found from Spotify
2025-12-06 23:58:03,328 - music_tracker - INFO - No new songs found from Spotify API
2025-12-06 23:58:03,329 - music_tracker - INFO - Song collection completed successfully
