2025-05-18 00:58:07,049 - music_tracker - INFO - Zero songs listened to
2025-05-18 00:58:07,050 - music_tracker - INFO - No songs uploaded.
2025-05-18 01:58:07,342 - music_tracker - INFO - Zero songs listened to
2025-05-18 01:58:07,342 - music_tracker - INFO - No songs uploaded.
2025-05-18 02:58:07,121 - music_tracker - INFO - Zero songs listened to
2025-05-18 02:58:07,121 - music_tracker - INFO - No songs uploaded.
2025-05-18 03:58:06,882 - music_tracker - INFO - Zero songs listened to
2025-05-18 03:58:06,882 - music_tracker - INFO - No songs uploaded.
2025-05-18 04:58:06,581 - music_tracker - INFO - Zero songs listened to
2025-05-18 04:58:06,582 - music_tracker - INFO - No songs uploaded.
2025-05-18 05:58:07,322 - music_tracker - INFO - Zero songs listened to
2025-05-18 05:58:07,322 - music_tracker - INFO - No songs uploaded.
2025-05-18 06:58:07,165 - music_tracker - INFO - Zero songs listened to
2025-05-18 06:58:07,165 - music_tracker - INFO - No songs uploaded.
2025-05-18 07:58:06,903 - music_tracker - INFO - Zero songs listened to
2025-05-18 07:58:06,904 - music_tracker - INFO - No songs uploaded.
2025-05-18 08:58:06,621 - music_tracker - INFO - Zero songs listened to
2025-05-18 08:58:06,622 - music_tracker - INFO - No songs uploaded.
2025-05-18 09:00:11,992 - music_tracker - INFO - Starting music tracker analysis
2025-05-18 09:00:11,993 - music_tracker - INFO - Fetching data
2025-05-18 09:00:12,766 - music_tracker - INFO - Fetched 0 recent songs
2025-05-18 09:00:12,767 - music_tracker - INFO - No recent songs found
2025-05-18 09:00:12,767 - music_tracker - INFO - Running top listens analysis
2025-05-18 09:00:12,768 - music_tracker - INFO - Calculating top songs listens
2025-05-18 09:00:12,768 - music_tracker - ERROR - Key error in top_listens for songs: 'multiple_listened_songs'
2025-05-18 09:00:12,769 - music_tracker - ERROR - Missing key in data structure: 'multiple_listened_songs'
Traceback (most recent call last):
  File "/home/justinreynolds/Documents/SpotiSpy/scripts/message/send_analysis.py", line 126, in <module>
    top_listens(data, 'songs', 'listens')
  File "/home/justinreynolds/Documents/SpotiSpy/scripts/message/send_analysis.py", line 12, in top_listens
    music_list[f'multiple_listened_{item}'].items(), key=lambda x: x[1], reverse=True)
    ~~~~~~~~~~^^^^^^^^^^^^^^^^^^^^^^^^^^^^^
KeyError: 'multiple_listened_songs'
2025-05-18 09:58:06,490 - music_tracker - INFO - Zero songs listened to
2025-05-18 09:58:06,490 - music_tracker - INFO - No songs uploaded.
2025-05-18 10:58:07,211 - music_tracker - INFO - Zero songs listened to
2025-05-18 10:58:07,212 - music_tracker - INFO - No songs uploaded.
2025-05-18 11:58:10,660 - music_tracker - INFO -   Supabase error: Status 400, {"code":"22007","details":null,"hint":null,"message":"invalid input syntax for type date: \"2006\""}
2025-05-18 11:58:10,662 - music_tracker - INFO - No songs uploaded.
2025-05-18 12:58:11,911 - music_tracker - INFO - Uploading 20 songs
2025-05-18 13:58:11,400 - music_tracker - INFO - Uploading 17 songs
2025-05-18 14:58:10,556 - music_tracker - INFO - Uploading 14 songs
2025-05-18 15:58:08,552 - music_tracker - INFO - Uploading 4 songs
2025-05-18 16:58:07,303 - music_tracker - INFO - Zero songs listened to
2025-05-18 16:58:07,303 - music_tracker - INFO - No songs uploaded.
2025-05-18 17:58:07,056 - music_tracker - INFO - Zero songs listened to
2025-05-18 17:58:07,056 - music_tracker - INFO - No songs uploaded.
2025-05-18 18:58:06,808 - music_tracker - INFO - Zero songs listened to
2025-05-18 18:58:06,809 - music_tracker - INFO - No songs uploaded.
2025-05-18 19:58:09,480 - music_tracker - INFO - Uploading 10 songs
2025-05-18 20:58:10,328 - music_tracker - INFO -   Supabase error: Status 400, {"code":"22007","details":null,"hint":null,"message":"invalid input syntax for type date: \"2001\""}
2025-05-18 20:58:10,330 - music_tracker - INFO - No songs uploaded.
2025-05-18 21:58:07,094 - music_tracker - INFO - Zero songs listened to
2025-05-18 21:58:07,095 - music_tracker - INFO - No songs uploaded.
2025-05-18 22:58:08,382 - music_tracker - INFO - Uploading 3 songs
2025-05-18 23:58:07,463 - music_tracker - INFO - Zero songs listened to
2025-05-18 23:58:07,463 - music_tracker - INFO - No songs uploaded.
