2025-09-16 00:58:02,866 - music_tracker - INFO - SpotiSpy song collection starting...
2025-09-16 00:58:02,866 - music_tracker - INFO - Starting song collection (last 1 hours)
2025-09-16 00:58:02,867 - music_tracker - INFO - Fetching recent tracks from Spotify...
2025-09-16 00:58:03,271 - music_tracker - INFO - No recent songs found from Spotify
2025-09-16 00:58:03,274 - music_tracker - INFO - No new songs found from Spotify API
2025-09-16 00:58:03,274 - music_tracker - INFO - Song collection completed successfully
2025-09-16 01:58:03,418 - music_tracker - INFO - SpotiSpy song collection starting...
2025-09-16 01:58:03,419 - music_tracker - INFO - Starting song collection (last 1 hours)
2025-09-16 01:58:03,419 - music_tracker - INFO - Fetching recent tracks from Spotify...
2025-09-16 01:58:03,842 - music_tracker - INFO - No recent songs found from Spotify
2025-09-16 01:58:03,844 - music_tracker - INFO - No new songs found from Spotify API
2025-09-16 01:58:03,844 - music_tracker - INFO - Song collection completed successfully
2025-09-16 02:58:02,768 - music_tracker - INFO - SpotiSpy song collection starting...
2025-09-16 02:58:02,769 - music_tracker - INFO - Starting song collection (last 1 hours)
2025-09-16 02:58:02,769 - music_tracker - INFO - Fetching recent tracks from Spotify...
2025-09-16 02:58:03,140 - music_tracker - INFO - No recent songs found from Spotify
2025-09-16 02:58:03,142 - music_tracker - INFO - No new songs found from Spotify API
2025-09-16 02:58:03,143 - music_tracker - INFO - Song collection completed successfully
2025-09-16 03:58:03,054 - music_tracker - INFO - SpotiSpy song collection starting...
2025-09-16 03:58:03,054 - music_tracker - INFO - Starting song collection (last 1 hours)
2025-09-16 03:58:03,055 - music_tracker - INFO - Fetching recent tracks from Spotify...
2025-09-16 03:58:03,434 - music_tracker - INFO - No recent songs found from Spotify
2025-09-16 03:58:03,437 - music_tracker - INFO - No new songs found from Spotify API
2025-09-16 03:58:03,437 - music_tracker - INFO - Song collection completed successfully
2025-09-16 04:58:03,606 - music_tracker - INFO - SpotiSpy song collection starting...
2025-09-16 04:58:03,607 - music_tracker - INFO - Starting song collection (last 1 hours)
2025-09-16 04:58:03,607 - music_tracker - INFO - Fetching recent tracks from Spotify...
2025-09-16 04:58:04,018 - music_tracker - INFO - No recent songs found from Spotify
2025-09-16 04:58:04,020 - music_tracker - INFO - No new songs found from Spotify API
2025-09-16 04:58:04,021 - music_tracker - INFO - Song collection completed successfully
2025-09-16 05:58:02,909 - music_tracker - INFO - SpotiSpy song collection starting...
2025-09-16 05:58:02,910 - music_tracker - INFO - Starting song collection (last 1 hours)
2025-09-16 05:58:02,911 - music_tracker - INFO - Fetching recent tracks from Spotify...
2025-09-16 05:58:03,354 - music_tracker - INFO - No recent songs found from Spotify
2025-09-16 05:58:03,356 - music_tracker - INFO - No new songs found from Spotify API
2025-09-16 05:58:03,357 - music_tracker - INFO - Song collection completed successfully
2025-09-16 06:58:03,317 - music_tracker - INFO - SpotiSpy song collection starting...
2025-09-16 06:58:03,318 - music_tracker - INFO - Starting song collection (last 1 hours)
2025-09-16 06:58:03,318 - music_tracker - INFO - Fetching recent tracks from Spotify...
2025-09-16 06:58:03,694 - music_tracker - INFO - No recent songs found from Spotify
2025-09-16 06:58:03,696 - music_tracker - INFO - No new songs found from Spotify API
2025-09-16 06:58:03,697 - music_tracker - INFO - Song collection completed successfully
2025-09-16 07:58:03,582 - music_tracker - INFO - SpotiSpy song collection starting...
2025-09-16 07:58:03,582 - music_tracker - INFO - Starting song collection (last 1 hours)
2025-09-16 07:58:03,583 - music_tracker - INFO - Fetching recent tracks from Spotify...
2025-09-16 07:58:03,996 - music_tracker - INFO - No recent songs found from Spotify
2025-09-16 07:58:03,998 - music_tracker - INFO - No new songs found from Spotify API
2025-09-16 07:58:03,998 - music_tracker - INFO - Song collection completed successfully
2025-09-16 08:58:02,900 - music_tracker - INFO - SpotiSpy song collection starting...
2025-09-16 08:58:02,901 - music_tracker - INFO - Starting song collection (last 1 hours)
2025-09-16 08:58:02,902 - music_tracker - INFO - Fetching recent tracks from Spotify...
2025-09-16 08:58:03,332 - music_tracker - INFO - No recent songs found from Spotify
2025-09-16 08:58:03,334 - music_tracker - INFO - No new songs found from Spotify API
2025-09-16 08:58:03,334 - music_tracker - INFO - Song collection completed successfully
2025-09-16 09:00:12,909 - music_tracker - INFO - SpotiSpy starting...
2025-09-16 09:00:12,910 - music_tracker - INFO - Starting daily SpotiSpy analysis
2025-09-16 09:00:12,910 - music_tracker - INFO - Fetching yesterday's listening data...
2025-09-16 09:00:14,541 - music_tracker - INFO - Fetched 114 songs from database
2025-09-16 09:00:14,544 - music_tracker - INFO - Found 114 songs to analyze
2025-09-16 09:00:14,544 - music_tracker - INFO - Running analysis...
2025-09-16 09:00:14,558 - music_tracker - INFO - Sending daily summary to Slack...
2025-09-16 09:00:15,599 - music_tracker - INFO - Message sent successfully to Slack
2025-09-16 09:00:15,599 - music_tracker - INFO - Daily analysis completed successfully!
2025-09-16 09:00:15,600 - music_tracker - INFO - SpotiSpy completed successfully
2025-09-16 09:58:04,640 - music_tracker - INFO - SpotiSpy song collection starting...
2025-09-16 09:58:04,641 - music_tracker - INFO - Starting song collection (last 1 hours)
2025-09-16 09:58:04,642 - music_tracker - INFO - Fetching recent tracks from Spotify...
2025-09-16 09:58:05,444 - music_tracker - INFO - Fetched 2 songs from Spotify
2025-09-16 09:58:05,447 - music_tracker - INFO - Found 2 songs from Spotify API
2025-09-16 09:58:05,448 - music_tracker - INFO - Checking for duplicates in database...
2025-09-16 09:58:06,877 - music_tracker - INFO - Found 2 new songs out of 2 total
2025-09-16 09:58:06,879 - music_tracker - INFO - Found 2 new songs to save
2025-09-16 09:58:06,880 - music_tracker - INFO - Saving songs to database...
2025-09-16 09:58:07,325 - music_tracker - INFO - Successfully saved 2 songs to database
2025-09-16 09:58:07,327 - music_tracker - INFO - Successfully saved 2 songs to database
2025-09-16 09:58:07,327 - music_tracker - INFO - Song collection completed successfully
2025-09-16 10:58:03,259 - music_tracker - INFO - SpotiSpy song collection starting...
2025-09-16 10:58:03,259 - music_tracker - INFO - Starting song collection (last 1 hours)
2025-09-16 10:58:03,260 - music_tracker - INFO - Fetching recent tracks from Spotify...
2025-09-16 10:58:03,623 - music_tracker - INFO - No recent songs found from Spotify
2025-09-16 10:58:03,625 - music_tracker - INFO - No new songs found from Spotify API
2025-09-16 10:58:03,626 - music_tracker - INFO - Song collection completed successfully
2025-09-16 11:58:03,661 - music_tracker - INFO - SpotiSpy song collection starting...
2025-09-16 11:58:03,661 - music_tracker - INFO - Starting song collection (last 1 hours)
2025-09-16 11:58:03,662 - music_tracker - INFO - Fetching recent tracks from Spotify...
2025-09-16 11:58:04,148 - music_tracker - INFO - Fetched 15 songs from Spotify
2025-09-16 11:58:04,151 - music_tracker - INFO - Found 15 songs from Spotify API
2025-09-16 11:58:04,152 - music_tracker - INFO - Checking for duplicates in database...
2025-09-16 11:58:05,706 - music_tracker - INFO - Found 15 new songs out of 15 total
2025-09-16 11:58:05,708 - music_tracker - INFO - Found 15 new songs to save
2025-09-16 11:58:05,709 - music_tracker - INFO - Saving songs to database...
2025-09-16 11:58:06,016 - music_tracker - INFO - Successfully saved 15 songs to database
2025-09-16 11:58:06,018 - music_tracker - INFO - Successfully saved 15 songs to database
2025-09-16 11:58:06,019 - music_tracker - INFO - Song collection completed successfully
2025-09-16 12:58:02,954 - music_tracker - INFO - SpotiSpy song collection starting...
2025-09-16 12:58:02,955 - music_tracker - INFO - Starting song collection (last 1 hours)
2025-09-16 12:58:02,956 - music_tracker - INFO - Fetching recent tracks from Spotify...
2025-09-16 12:58:03,380 - music_tracker - INFO - Fetched 1 songs from Spotify
2025-09-16 12:58:03,382 - music_tracker - INFO - Found 1 songs from Spotify API
2025-09-16 12:58:03,383 - music_tracker - INFO - Checking for duplicates in database...
2025-09-16 12:58:04,630 - music_tracker - INFO - Found 1 new songs out of 1 total
2025-09-16 12:58:04,632 - music_tracker - INFO - Found 1 new songs to save
2025-09-16 12:58:04,633 - music_tracker - INFO - Saving songs to database...
2025-09-16 12:58:05,020 - music_tracker - INFO - Successfully saved 1 songs to database
2025-09-16 12:58:05,022 - music_tracker - INFO - Successfully saved 1 songs to database
2025-09-16 12:58:05,022 - music_tracker - INFO - Song collection completed successfully
2025-09-16 13:58:02,952 - music_tracker - INFO - SpotiSpy song collection starting...
2025-09-16 13:58:02,953 - music_tracker - INFO - Starting song collection (last 1 hours)
2025-09-16 13:58:02,954 - music_tracker - INFO - Fetching recent tracks from Spotify...
2025-09-16 13:58:03,594 - music_tracker - INFO - Fetched 2 songs from Spotify
2025-09-16 13:58:03,597 - music_tracker - INFO - Found 2 songs from Spotify API
2025-09-16 13:58:03,597 - music_tracker - INFO - Checking for duplicates in database...
2025-09-16 13:58:04,933 - music_tracker - INFO - Found 2 new songs out of 2 total
2025-09-16 13:58:04,936 - music_tracker - INFO - Found 2 new songs to save
2025-09-16 13:58:04,937 - music_tracker - INFO - Saving songs to database...
2025-09-16 13:58:05,280 - music_tracker - INFO - Successfully saved 2 songs to database
2025-09-16 13:58:05,282 - music_tracker - INFO - Successfully saved 2 songs to database
2025-09-16 13:58:05,283 - music_tracker - INFO - Song collection completed successfully
2025-09-16 14:58:03,223 - music_tracker - INFO - SpotiSpy song collection starting...
2025-09-16 14:58:03,223 - music_tracker - INFO - Starting song collection (last 1 hours)
2025-09-16 14:58:03,224 - music_tracker - INFO - Fetching recent tracks from Spotify...
2025-09-16 14:58:03,692 - music_tracker - INFO - Fetched 2 songs from Spotify
2025-09-16 14:58:03,694 - music_tracker - INFO - Found 2 songs from Spotify API
2025-09-16 14:58:03,695 - music_tracker - INFO - Checking for duplicates in database...
2025-09-16 14:58:04,968 - music_tracker - INFO - Found 2 new songs out of 2 total
2025-09-16 14:58:04,970 - music_tracker - INFO - Found 2 new songs to save
2025-09-16 14:58:04,971 - music_tracker - INFO - Saving songs to database...
2025-09-16 14:58:05,311 - music_tracker - INFO - Successfully saved 2 songs to database
2025-09-16 14:58:05,313 - music_tracker - INFO - Successfully saved 2 songs to database
2025-09-16 14:58:05,313 - music_tracker - INFO - Song collection completed successfully
2025-09-16 15:58:03,231 - music_tracker - INFO - SpotiSpy song collection starting...
2025-09-16 15:58:03,232 - music_tracker - INFO - Starting song collection (last 1 hours)
2025-09-16 15:58:03,232 - music_tracker - INFO - Fetching recent tracks from Spotify...
2025-09-16 15:58:03,771 - music_tracker - INFO - Fetched 16 songs from Spotify
2025-09-16 15:58:03,774 - music_tracker - INFO - Found 16 songs from Spotify API
2025-09-16 15:58:03,775 - music_tracker - INFO - Checking for duplicates in database...
2025-09-16 15:58:05,191 - music_tracker - INFO - Found 16 new songs out of 16 total
2025-09-16 15:58:05,193 - music_tracker - INFO - Found 16 new songs to save
2025-09-16 15:58:05,194 - music_tracker - INFO - Saving songs to database...
2025-09-16 15:58:05,569 - music_tracker - INFO - Successfully saved 16 songs to database
2025-09-16 15:58:05,572 - music_tracker - INFO - Successfully saved 16 songs to database
2025-09-16 15:58:05,572 - music_tracker - INFO - Song collection completed successfully
2025-09-16 16:58:03,487 - music_tracker - INFO - SpotiSpy song collection starting...
2025-09-16 16:58:03,487 - music_tracker - INFO - Starting song collection (last 1 hours)
2025-09-16 16:58:03,488 - music_tracker - INFO - Fetching recent tracks from Spotify...
2025-09-16 16:58:04,042 - music_tracker - INFO - Fetched 17 songs from Spotify
2025-09-16 16:58:04,046 - music_tracker - INFO - Found 17 songs from Spotify API
2025-09-16 16:58:04,046 - music_tracker - INFO - Checking for duplicates in database...
2025-09-16 16:58:05,511 - music_tracker - INFO - Found 17 new songs out of 17 total
2025-09-16 16:58:05,513 - music_tracker - INFO - Found 17 new songs to save
2025-09-16 16:58:05,514 - music_tracker - INFO - Saving songs to database...
2025-09-16 16:58:05,967 - music_tracker - INFO - Successfully saved 17 songs to database
2025-09-16 16:58:05,969 - music_tracker - INFO - Successfully saved 17 songs to database
2025-09-16 16:58:05,970 - music_tracker - INFO - Song collection completed successfully
2025-09-16 17:58:02,920 - music_tracker - INFO - SpotiSpy song collection starting...
2025-09-16 17:58:02,921 - music_tracker - INFO - Starting song collection (last 1 hours)
2025-09-16 17:58:02,922 - music_tracker - INFO - Fetching recent tracks from Spotify...
2025-09-16 17:58:03,466 - music_tracker - INFO - Fetched 17 songs from Spotify
2025-09-16 17:58:03,469 - music_tracker - INFO - Found 17 songs from Spotify API
2025-09-16 17:58:03,469 - music_tracker - INFO - Checking for duplicates in database...
2025-09-16 17:58:04,646 - music_tracker - INFO - Found 17 new songs out of 17 total
2025-09-16 17:58:04,648 - music_tracker - INFO - Found 17 new songs to save
2025-09-16 17:58:04,649 - music_tracker - INFO - Saving songs to database...
2025-09-16 17:58:05,048 - music_tracker - INFO - Successfully saved 17 songs to database
2025-09-16 17:58:05,050 - music_tracker - INFO - Successfully saved 17 songs to database
2025-09-16 17:58:05,051 - music_tracker - INFO - Song collection completed successfully
2025-09-16 18:58:03,013 - music_tracker - INFO - SpotiSpy song collection starting...
2025-09-16 18:58:03,014 - music_tracker - INFO - Starting song collection (last 1 hours)
2025-09-16 18:58:03,014 - music_tracker - INFO - Fetching recent tracks from Spotify...
2025-09-16 18:58:03,786 - music_tracker - INFO - Fetched 14 songs from Spotify
2025-09-16 18:58:03,790 - music_tracker - INFO - Found 14 songs from Spotify API
2025-09-16 18:58:03,791 - music_tracker - INFO - Checking for duplicates in database...
2025-09-16 18:58:05,427 - music_tracker - INFO - Found 14 new songs out of 14 total
2025-09-16 18:58:05,429 - music_tracker - INFO - Found 14 new songs to save
2025-09-16 18:58:05,430 - music_tracker - INFO - Saving songs to database...
2025-09-16 18:58:05,995 - music_tracker - INFO - Successfully saved 14 songs to database
2025-09-16 18:58:05,997 - music_tracker - INFO - Successfully saved 14 songs to database
2025-09-16 18:58:05,998 - music_tracker - INFO - Song collection completed successfully
2025-09-16 19:58:02,917 - music_tracker - INFO - SpotiSpy song collection starting...
2025-09-16 19:58:02,918 - music_tracker - INFO - Starting song collection (last 1 hours)
2025-09-16 19:58:02,919 - music_tracker - INFO - Fetching recent tracks from Spotify...
2025-09-16 19:58:03,431 - music_tracker - INFO - Fetched 15 songs from Spotify
2025-09-16 19:58:03,434 - music_tracker - INFO - Found 15 songs from Spotify API
2025-09-16 19:58:03,435 - music_tracker - INFO - Checking for duplicates in database...
2025-09-16 19:58:04,415 - music_tracker - INFO - Found 15 new songs out of 15 total
2025-09-16 19:58:04,417 - music_tracker - INFO - Found 15 new songs to save
2025-09-16 19:58:04,418 - music_tracker - INFO - Saving songs to database...
2025-09-16 19:58:04,799 - music_tracker - INFO - Successfully saved 15 songs to database
2025-09-16 19:58:04,801 - music_tracker - INFO - Successfully saved 15 songs to database
2025-09-16 19:58:04,802 - music_tracker - INFO - Song collection completed successfully
2025-09-16 20:58:02,712 - music_tracker - INFO - SpotiSpy song collection starting...
2025-09-16 20:58:02,712 - music_tracker - INFO - Starting song collection (last 1 hours)
2025-09-16 20:58:02,713 - music_tracker - INFO - Fetching recent tracks from Spotify...
2025-09-16 20:58:03,379 - music_tracker - INFO - Fetched 16 songs from Spotify
2025-09-16 20:58:03,382 - music_tracker - INFO - Found 16 songs from Spotify API
2025-09-16 20:58:03,383 - music_tracker - INFO - Checking for duplicates in database...
2025-09-16 20:58:04,666 - music_tracker - INFO - Found 16 new songs out of 16 total
2025-09-16 20:58:04,668 - music_tracker - INFO - Found 16 new songs to save
2025-09-16 20:58:04,669 - music_tracker - INFO - Saving songs to database...
2025-09-16 20:58:05,111 - music_tracker - INFO - Successfully saved 16 songs to database
2025-09-16 20:58:05,112 - music_tracker - INFO - Successfully saved 16 songs to database
2025-09-16 20:58:05,112 - music_tracker - INFO - Song collection completed successfully
2025-09-16 21:58:03,009 - music_tracker - INFO - SpotiSpy song collection starting...
2025-09-16 21:58:03,010 - music_tracker - INFO - Starting song collection (last 1 hours)
2025-09-16 21:58:03,010 - music_tracker - INFO - Fetching recent tracks from Spotify...
2025-09-16 21:58:03,561 - music_tracker - INFO - Fetched 15 songs from Spotify
2025-09-16 21:58:03,564 - music_tracker - INFO - Found 15 songs from Spotify API
2025-09-16 21:58:03,565 - music_tracker - INFO - Checking for duplicates in database...
2025-09-16 21:58:04,638 - music_tracker - INFO - Found 15 new songs out of 15 total
2025-09-16 21:58:04,640 - music_tracker - INFO - Found 15 new songs to save
2025-09-16 21:58:04,641 - music_tracker - INFO - Saving songs to database...
2025-09-16 21:58:04,978 - music_tracker - INFO - Successfully saved 15 songs to database
2025-09-16 21:58:04,980 - music_tracker - INFO - Successfully saved 15 songs to database
2025-09-16 21:58:04,981 - music_tracker - INFO - Song collection completed successfully
2025-09-16 22:58:02,910 - music_tracker - INFO - SpotiSpy song collection starting...
2025-09-16 22:58:02,910 - music_tracker - INFO - Starting song collection (last 1 hours)
2025-09-16 22:58:02,911 - music_tracker - INFO - Fetching recent tracks from Spotify...
2025-09-16 22:58:03,283 - music_tracker - INFO - No recent songs found from Spotify
2025-09-16 22:58:03,285 - music_tracker - INFO - No new songs found from Spotify API
2025-09-16 22:58:03,286 - music_tracker - INFO - Song collection completed successfully
2025-09-16 23:58:03,449 - music_tracker - INFO - SpotiSpy song collection starting...
2025-09-16 23:58:03,450 - music_tracker - INFO - Starting song collection (last 1 hours)
2025-09-16 23:58:03,450 - music_tracker - INFO - Fetching recent tracks from Spotify...
2025-09-16 23:58:03,793 - music_tracker - INFO - No recent songs found from Spotify
2025-09-16 23:58:03,795 - music_tracker - INFO - No new songs found from Spotify API
2025-09-16 23:58:03,796 - music_tracker - INFO - Song collection completed successfully
