2025-05-24 00:58:06,551 - music_tracker - INFO - Zero songs listened to
2025-05-24 00:58:06,552 - music_tracker - INFO - No songs uploaded.
2025-05-24 01:58:07,270 - music_tracker - INFO - Zero songs listened to
2025-05-24 01:58:07,271 - music_tracker - INFO - No songs uploaded.
2025-05-24 02:58:06,983 - music_tracker - INFO - Zero songs listened to
2025-05-24 02:58:06,984 - music_tracker - INFO - No songs uploaded.
2025-05-24 03:58:06,706 - music_tracker - INFO - Zero songs listened to
2025-05-24 03:58:06,706 - music_tracker - INFO - No songs uploaded.
2025-05-24 04:58:06,418 - music_tracker - INFO - Zero songs listened to
2025-05-24 04:58:06,418 - music_tracker - INFO - No songs uploaded.
2025-05-24 05:58:07,127 - music_tracker - INFO - Zero songs listened to
2025-05-24 05:58:07,128 - music_tracker - INFO - No songs uploaded.
2025-05-24 06:58:06,880 - music_tracker - INFO - Zero songs listened to
2025-05-24 06:58:06,880 - music_tracker - INFO - No songs uploaded.
2025-05-24 07:58:06,588 - music_tracker - INFO - Zero songs listened to
2025-05-24 07:58:06,589 - music_tracker - INFO - No songs uploaded.
2025-05-24 08:58:07,294 - music_tracker - INFO - Zero songs listened to
2025-05-24 08:58:07,294 - music_tracker - INFO - No songs uploaded.
2025-05-24 09:00:11,722 - music_tracker - INFO - Starting music tracker analysis
2025-05-24 09:00:11,722 - music_tracker - INFO - Fetching data
2025-05-24 09:00:12,122 - music_tracker - INFO - Fetched 69 recent songs
2025-05-24 09:00:12,127 - music_tracker - INFO - Running top listens analysis
2025-05-24 09:00:12,127 - music_tracker - INFO - Calculating top songs listens
2025-05-24 09:00:12,128 - music_tracker - INFO - Sending message with top 3 songs
2025-05-24 09:00:12,741 - music_tracker - INFO - Message successfully sent!
2025-05-24 09:00:12,742 - music_tracker - INFO - Calculating top albums listens
2025-05-24 09:00:12,742 - music_tracker - INFO - Sending message with top 3 albums
2025-05-24 09:00:13,348 - music_tracker - INFO - Message successfully sent!
2025-05-24 09:00:13,348 - music_tracker - INFO - Calculating top artists listens
2025-05-24 09:00:13,349 - music_tracker - INFO - Sending message with top 3 artists
2025-05-24 09:00:13,943 - music_tracker - INFO - Message successfully sent!
2025-05-24 09:00:13,943 - music_tracker - INFO - Running popularity and listening hours analysis
2025-05-24 09:00:13,944 - music_tracker - INFO - Finding most popular track
2025-05-24 09:00:13,944 - music_tracker - INFO - Most popular song found: No One Noticed with score 93
2025-05-24 09:00:14,547 - music_tracker - INFO - Message successfully sent!
2025-05-24 09:00:14,548 - music_tracker - INFO - Calculating most listened hour
2025-05-24 09:00:14,549 - music_tracker - INFO - Most listened hour: 14:00 with 50:52
2025-05-24 09:00:15,165 - music_tracker - INFO - Message successfully sent!
2025-05-24 09:00:15,166 - music_tracker - INFO - Analysis completed successfully

2025-05-24 09:58:06,838 - music_tracker - INFO - Zero songs listened to
2025-05-24 09:58:06,839 - music_tracker - INFO - No songs uploaded.
2025-05-24 10:58:09,051 - music_tracker - INFO - Uploading 9 songs
2025-05-24 11:58:06,817 - music_tracker - INFO - Zero songs listened to
2025-05-24 11:58:06,817 - music_tracker - INFO - No songs uploaded.
2025-05-24 12:58:06,542 - music_tracker - INFO - Zero songs listened to
2025-05-24 12:58:06,542 - music_tracker - INFO - No songs uploaded.
2025-05-24 13:58:07,260 - music_tracker - INFO - Zero songs listened to
2025-05-24 13:58:07,261 - music_tracker - INFO - No songs uploaded.
2025-05-24 14:58:09,384 - music_tracker - INFO - Uploading 9 songs
2025-05-24 15:58:08,467 - music_tracker - INFO - Uploading 4 songs
2025-05-24 16:58:07,221 - music_tracker - INFO - Zero songs listened to
2025-05-24 16:58:07,222 - music_tracker - INFO - No songs uploaded.
2025-05-24 17:58:09,094 - music_tracker - INFO -   Supabase error: Status 400, {"code":"22007","details":null,"hint":null,"message":"invalid input syntax for type date: \"2001\""}
2025-05-24 17:58:09,096 - music_tracker - INFO - No songs uploaded.
2025-05-24 18:58:10,729 - music_tracker - INFO - Uploading 18 songs
2025-05-24 19:58:09,310 - music_tracker - INFO - Uploading 12 songs
2025-05-24 20:58:07,042 - music_tracker - INFO - Zero songs listened to
2025-05-24 20:58:07,042 - music_tracker - INFO - No songs uploaded.
2025-05-24 21:58:06,799 - music_tracker - INFO - Zero songs listened to
2025-05-24 21:58:06,800 - music_tracker - INFO - No songs uploaded.
2025-05-24 22:58:09,483 - music_tracker - INFO - Uploading 2 songs
2025-05-24 23:58:07,320 - music_tracker - INFO - Zero songs listened to
2025-05-24 23:58:07,321 - music_tracker - INFO - No songs uploaded.
