2025-10-06 00:58:03,302 - music_tracker - INFO - SpotiSpy song collection starting...
2025-10-06 00:58:03,303 - music_tracker - INFO - Starting song collection (last 1 hours)
2025-10-06 00:58:03,304 - music_tracker - INFO - Fetching recent tracks from Spotify...
2025-10-06 00:58:03,818 - music_tracker - INFO - Fetched 3 songs from Spotify
2025-10-06 00:58:03,820 - music_tracker - INFO - Found 3 songs from Spotify API
2025-10-06 00:58:03,821 - music_tracker - INFO - Checking for duplicates in database...
2025-10-06 00:58:05,157 - music_tracker - INFO - Found 3 new songs out of 3 total
2025-10-06 00:58:05,159 - music_tracker - INFO - Found 3 new songs to save
2025-10-06 00:58:05,160 - music_tracker - INFO - Saving songs to database...
2025-10-06 00:58:05,536 - music_tracker - INFO - Successfully saved 3 songs to database
2025-10-06 00:58:05,538 - music_tracker - INFO - Successfully saved 3 songs to database
2025-10-06 00:58:05,539 - music_tracker - INFO - Song collection completed successfully
2025-10-06 01:58:04,219 - music_tracker - INFO - SpotiSpy song collection starting...
2025-10-06 01:58:04,220 - music_tracker - INFO - Starting song collection (last 1 hours)
2025-10-06 01:58:04,221 - music_tracker - INFO - Fetching recent tracks from Spotify...
2025-10-06 01:58:04,991 - music_tracker - INFO - Fetched 13 songs from Spotify
2025-10-06 01:58:04,995 - music_tracker - INFO - Found 13 songs from Spotify API
2025-10-06 01:58:04,996 - music_tracker - INFO - Checking for duplicates in database...
2025-10-06 01:58:06,304 - music_tracker - INFO - Found 13 new songs out of 13 total
2025-10-06 01:58:06,307 - music_tracker - INFO - Found 13 new songs to save
2025-10-06 01:58:06,307 - music_tracker - INFO - Saving songs to database...
2025-10-06 01:58:06,677 - music_tracker - INFO - Successfully saved 13 songs to database
2025-10-06 01:58:06,679 - music_tracker - INFO - Successfully saved 13 songs to database
2025-10-06 01:58:06,679 - music_tracker - INFO - Song collection completed successfully
2025-10-06 02:58:03,592 - music_tracker - INFO - SpotiSpy song collection starting...
2025-10-06 02:58:03,592 - music_tracker - INFO - Starting song collection (last 1 hours)
2025-10-06 02:58:03,593 - music_tracker - INFO - Fetching recent tracks from Spotify...
2025-10-06 02:58:04,058 - music_tracker - INFO - Fetched 9 songs from Spotify
2025-10-06 02:58:04,061 - music_tracker - INFO - Found 9 songs from Spotify API
2025-10-06 02:58:04,062 - music_tracker - INFO - Checking for duplicates in database...
2025-10-06 02:58:05,323 - music_tracker - INFO - Found 9 new songs out of 9 total
2025-10-06 02:58:05,325 - music_tracker - INFO - Found 9 new songs to save
2025-10-06 02:58:05,326 - music_tracker - INFO - Saving songs to database...
2025-10-06 02:58:05,679 - music_tracker - INFO - Successfully saved 9 songs to database
2025-10-06 02:58:05,681 - music_tracker - INFO - Successfully saved 9 songs to database
2025-10-06 02:58:05,682 - music_tracker - INFO - Song collection completed successfully
2025-10-06 03:58:02,743 - music_tracker - INFO - SpotiSpy song collection starting...
2025-10-06 03:58:02,744 - music_tracker - INFO - Starting song collection (last 1 hours)
2025-10-06 03:58:02,745 - music_tracker - INFO - Fetching recent tracks from Spotify...
2025-10-06 03:58:03,134 - music_tracker - INFO - No recent songs found from Spotify
2025-10-06 03:58:03,136 - music_tracker - INFO - No new songs found from Spotify API
2025-10-06 03:58:03,137 - music_tracker - INFO - Song collection completed successfully
2025-10-06 04:58:03,037 - music_tracker - INFO - SpotiSpy song collection starting...
2025-10-06 04:58:03,037 - music_tracker - INFO - Starting song collection (last 1 hours)
2025-10-06 04:58:03,038 - music_tracker - INFO - Fetching recent tracks from Spotify...
2025-10-06 04:58:03,389 - music_tracker - INFO - No recent songs found from Spotify
2025-10-06 04:58:03,391 - music_tracker - INFO - No new songs found from Spotify API
2025-10-06 04:58:03,392 - music_tracker - INFO - Song collection completed successfully
2025-10-06 05:58:03,291 - music_tracker - INFO - SpotiSpy song collection starting...
2025-10-06 05:58:03,291 - music_tracker - INFO - Starting song collection (last 1 hours)
2025-10-06 05:58:03,292 - music_tracker - INFO - Fetching recent tracks from Spotify...
2025-10-06 05:58:03,699 - music_tracker - INFO - No recent songs found from Spotify
2025-10-06 05:58:03,701 - music_tracker - INFO - No new songs found from Spotify API
2025-10-06 05:58:03,701 - music_tracker - INFO - Song collection completed successfully
2025-10-06 06:58:02,647 - music_tracker - INFO - SpotiSpy song collection starting...
2025-10-06 06:58:02,648 - music_tracker - INFO - Starting song collection (last 1 hours)
2025-10-06 06:58:02,648 - music_tracker - INFO - Fetching recent tracks from Spotify...
2025-10-06 06:58:02,993 - music_tracker - INFO - No recent songs found from Spotify
2025-10-06 06:58:02,996 - music_tracker - INFO - No new songs found from Spotify API
2025-10-06 06:58:02,996 - music_tracker - INFO - Song collection completed successfully
2025-10-06 07:58:02,894 - music_tracker - INFO - SpotiSpy song collection starting...
2025-10-06 07:58:02,894 - music_tracker - INFO - Starting song collection (last 1 hours)
2025-10-06 07:58:02,895 - music_tracker - INFO - Fetching recent tracks from Spotify...
2025-10-06 07:58:03,271 - music_tracker - INFO - No recent songs found from Spotify
2025-10-06 07:58:03,274 - music_tracker - INFO - No new songs found from Spotify API
2025-10-06 07:58:03,274 - music_tracker - INFO - Song collection completed successfully
2025-10-06 08:58:03,176 - music_tracker - INFO - SpotiSpy song collection starting...
2025-10-06 08:58:03,177 - music_tracker - INFO - Starting song collection (last 1 hours)
2025-10-06 08:58:03,178 - music_tracker - INFO - Fetching recent tracks from Spotify...
2025-10-06 08:58:03,558 - music_tracker - INFO - No recent songs found from Spotify
2025-10-06 08:58:03,560 - music_tracker - INFO - No new songs found from Spotify API
2025-10-06 08:58:03,560 - music_tracker - INFO - Song collection completed successfully
2025-10-06 09:00:13,355 - music_tracker - INFO - SpotiSpy starting...
2025-10-06 09:00:13,355 - music_tracker - INFO - Starting daily SpotiSpy analysis
2025-10-06 09:00:13,356 - music_tracker - INFO - Fetching yesterday's listening data...
2025-10-06 09:00:14,879 - music_tracker - INFO - Fetched 26 songs from database
2025-10-06 09:00:14,882 - music_tracker - INFO - Found 26 songs to analyze
2025-10-06 09:00:14,883 - music_tracker - INFO - Running analysis...
2025-10-06 09:00:14,887 - music_tracker - INFO - Sending daily summary to Slack...
2025-10-06 09:00:15,919 - music_tracker - INFO - Message sent successfully to Slack
2025-10-06 09:00:15,919 - music_tracker - INFO - Daily analysis completed successfully!
2025-10-06 09:00:15,920 - music_tracker - INFO - SpotiSpy completed successfully
2025-10-06 09:58:03,919 - music_tracker - INFO - SpotiSpy song collection starting...
2025-10-06 09:58:03,920 - music_tracker - INFO - Starting song collection (last 1 hours)
2025-10-06 09:58:03,921 - music_tracker - INFO - Fetching recent tracks from Spotify...
2025-10-06 09:58:04,291 - music_tracker - INFO - No recent songs found from Spotify
2025-10-06 09:58:04,293 - music_tracker - INFO - No new songs found from Spotify API
2025-10-06 09:58:04,294 - music_tracker - INFO - Song collection completed successfully
2025-10-06 10:58:03,225 - music_tracker - INFO - SpotiSpy song collection starting...
2025-10-06 10:58:03,225 - music_tracker - INFO - Starting song collection (last 1 hours)
2025-10-06 10:58:03,226 - music_tracker - INFO - Fetching recent tracks from Spotify...
2025-10-06 10:58:03,750 - music_tracker - INFO - Fetched 12 songs from Spotify
2025-10-06 10:58:03,753 - music_tracker - INFO - Found 12 songs from Spotify API
2025-10-06 10:58:03,754 - music_tracker - INFO - Checking for duplicates in database...
2025-10-06 10:58:05,234 - music_tracker - INFO - Found 12 new songs out of 12 total
2025-10-06 10:58:05,236 - music_tracker - INFO - Found 12 new songs to save
2025-10-06 10:58:05,237 - music_tracker - INFO - Saving songs to database...
2025-10-06 10:58:05,644 - music_tracker - INFO - Successfully saved 12 songs to database
2025-10-06 10:58:05,646 - music_tracker - INFO - Successfully saved 12 songs to database
2025-10-06 10:58:05,647 - music_tracker - INFO - Song collection completed successfully
2025-10-06 11:58:03,573 - music_tracker - INFO - SpotiSpy song collection starting...
2025-10-06 11:58:03,574 - music_tracker - INFO - Starting song collection (last 1 hours)
2025-10-06 11:58:03,575 - music_tracker - INFO - Fetching recent tracks from Spotify...
2025-10-06 11:58:04,132 - music_tracker - INFO - Fetched 15 songs from Spotify
2025-10-06 11:58:04,136 - music_tracker - INFO - Found 15 songs from Spotify API
2025-10-06 11:58:04,136 - music_tracker - INFO - Checking for duplicates in database...
2025-10-06 11:58:05,507 - music_tracker - INFO - Found 15 new songs out of 15 total
2025-10-06 11:58:05,510 - music_tracker - INFO - Found 15 new songs to save
2025-10-06 11:58:05,511 - music_tracker - INFO - Saving songs to database...
2025-10-06 11:58:05,861 - music_tracker - INFO - Successfully saved 15 songs to database
2025-10-06 11:58:05,863 - music_tracker - INFO - Successfully saved 15 songs to database
2025-10-06 11:58:05,864 - music_tracker - INFO - Song collection completed successfully
2025-10-06 12:58:02,847 - music_tracker - INFO - SpotiSpy song collection starting...
2025-10-06 12:58:02,848 - music_tracker - INFO - Starting song collection (last 1 hours)
2025-10-06 12:58:02,848 - music_tracker - INFO - Fetching recent tracks from Spotify...
2025-10-06 12:58:03,355 - music_tracker - INFO - Fetched 5 songs from Spotify
2025-10-06 12:58:03,358 - music_tracker - INFO - Found 5 songs from Spotify API
2025-10-06 12:58:03,359 - music_tracker - INFO - Checking for duplicates in database...
2025-10-06 12:58:04,769 - music_tracker - INFO - Found 5 new songs out of 5 total
2025-10-06 12:58:04,772 - music_tracker - INFO - Found 5 new songs to save
2025-10-06 12:58:04,772 - music_tracker - INFO - Saving songs to database...
2025-10-06 12:58:05,118 - music_tracker - INFO - Successfully saved 5 songs to database
2025-10-06 12:58:05,120 - music_tracker - INFO - Successfully saved 5 songs to database
2025-10-06 12:58:05,121 - music_tracker - INFO - Song collection completed successfully
2025-10-06 13:58:03,096 - music_tracker - INFO - SpotiSpy song collection starting...
2025-10-06 13:58:03,096 - music_tracker - INFO - Starting song collection (last 1 hours)
2025-10-06 13:58:03,097 - music_tracker - INFO - Fetching recent tracks from Spotify...
2025-10-06 13:58:03,708 - music_tracker - INFO - Fetched 6 songs from Spotify
2025-10-06 13:58:03,711 - music_tracker - INFO - Found 6 songs from Spotify API
2025-10-06 13:58:03,711 - music_tracker - INFO - Checking for duplicates in database...
2025-10-06 13:58:05,106 - music_tracker - INFO - Found 6 new songs out of 6 total
2025-10-06 13:58:05,109 - music_tracker - INFO - Found 6 new songs to save
2025-10-06 13:58:05,109 - music_tracker - INFO - Saving songs to database...
2025-10-06 13:58:05,446 - music_tracker - INFO - Successfully saved 6 songs to database
2025-10-06 13:58:05,448 - music_tracker - INFO - Successfully saved 6 songs to database
2025-10-06 13:58:05,449 - music_tracker - INFO - Song collection completed successfully
2025-10-06 14:58:03,364 - music_tracker - INFO - SpotiSpy song collection starting...
2025-10-06 14:58:03,365 - music_tracker - INFO - Starting song collection (last 1 hours)
2025-10-06 14:58:03,365 - music_tracker - INFO - Fetching recent tracks from Spotify...
2025-10-06 14:58:04,019 - music_tracker - INFO - Fetched 14 songs from Spotify
2025-10-06 14:58:04,023 - music_tracker - INFO - Found 14 songs from Spotify API
2025-10-06 14:58:04,024 - music_tracker - INFO - Checking for duplicates in database...
2025-10-06 14:58:06,468 - music_tracker - INFO - Found 14 new songs out of 14 total
2025-10-06 14:58:06,470 - music_tracker - INFO - Found 14 new songs to save
2025-10-06 14:58:06,471 - music_tracker - INFO - Saving songs to database...
2025-10-06 14:58:06,785 - music_tracker - INFO - Successfully saved 14 songs to database
2025-10-06 14:58:06,787 - music_tracker - INFO - Successfully saved 14 songs to database
2025-10-06 14:58:06,788 - music_tracker - INFO - Song collection completed successfully
2025-10-06 15:58:02,697 - music_tracker - INFO - SpotiSpy song collection starting...
2025-10-06 15:58:02,697 - music_tracker - INFO - Starting song collection (last 1 hours)
2025-10-06 15:58:02,698 - music_tracker - INFO - Fetching recent tracks from Spotify...
2025-10-06 15:58:03,047 - music_tracker - INFO - No recent songs found from Spotify
2025-10-06 15:58:03,049 - music_tracker - INFO - No new songs found from Spotify API
2025-10-06 15:58:03,050 - music_tracker - INFO - Song collection completed successfully
2025-10-06 16:58:03,007 - music_tracker - INFO - SpotiSpy song collection starting...
2025-10-06 16:58:03,008 - music_tracker - INFO - Starting song collection (last 1 hours)
2025-10-06 16:58:03,009 - music_tracker - INFO - Fetching recent tracks from Spotify...
2025-10-06 16:58:03,647 - music_tracker - INFO - Fetched 17 songs from Spotify
2025-10-06 16:58:03,651 - music_tracker - INFO - Found 17 songs from Spotify API
2025-10-06 16:58:03,652 - music_tracker - INFO - Checking for duplicates in database...
2025-10-06 16:58:05,177 - music_tracker - INFO - Found 17 new songs out of 17 total
2025-10-06 16:58:05,180 - music_tracker - INFO - Found 17 new songs to save
2025-10-06 16:58:05,181 - music_tracker - INFO - Saving songs to database...
2025-10-06 16:58:05,612 - music_tracker - INFO - Successfully saved 17 songs to database
2025-10-06 16:58:05,614 - music_tracker - INFO - Successfully saved 17 songs to database
2025-10-06 16:58:05,615 - music_tracker - INFO - Song collection completed successfully
2025-10-06 17:58:04,091 - music_tracker - INFO - SpotiSpy song collection starting...
2025-10-06 17:58:04,092 - music_tracker - INFO - Starting song collection (last 1 hours)
2025-10-06 17:58:04,092 - music_tracker - INFO - Fetching recent tracks from Spotify...
2025-10-06 17:58:04,528 - music_tracker - INFO - No recent songs found from Spotify
2025-10-06 17:58:04,530 - music_tracker - INFO - No new songs found from Spotify API
2025-10-06 17:58:04,531 - music_tracker - INFO - Song collection completed successfully
2025-10-06 18:58:03,441 - music_tracker - INFO - SpotiSpy song collection starting...
2025-10-06 18:58:03,442 - music_tracker - INFO - Starting song collection (last 1 hours)
2025-10-06 18:58:03,442 - music_tracker - INFO - Fetching recent tracks from Spotify...
2025-10-06 18:58:03,828 - music_tracker - INFO - No recent songs found from Spotify
2025-10-06 18:58:03,830 - music_tracker - INFO - No new songs found from Spotify API
2025-10-06 18:58:03,831 - music_tracker - INFO - Song collection completed successfully
2025-10-06 19:58:02,795 - music_tracker - INFO - SpotiSpy song collection starting...
2025-10-06 19:58:02,796 - music_tracker - INFO - Starting song collection (last 1 hours)
2025-10-06 19:58:02,796 - music_tracker - INFO - Fetching recent tracks from Spotify...
2025-10-06 19:58:03,637 - music_tracker - INFO - Fetched 14 songs from Spotify
2025-10-06 19:58:03,641 - music_tracker - INFO - Found 14 songs from Spotify API
2025-10-06 19:58:03,642 - music_tracker - INFO - Checking for duplicates in database...
2025-10-06 19:58:05,043 - music_tracker - INFO - Found 14 new songs out of 14 total
2025-10-06 19:58:05,045 - music_tracker - INFO - Found 14 new songs to save
2025-10-06 19:58:05,046 - music_tracker - INFO - Saving songs to database...
2025-10-06 19:58:05,628 - music_tracker - INFO - Successfully saved 14 songs to database
2025-10-06 19:58:05,629 - music_tracker - INFO - Successfully saved 14 songs to database
2025-10-06 19:58:05,629 - music_tracker - INFO - Song collection completed successfully
2025-10-06 20:58:03,767 - music_tracker - INFO - SpotiSpy song collection starting...
2025-10-06 20:58:03,768 - music_tracker - INFO - Starting song collection (last 1 hours)
2025-10-06 20:58:03,768 - music_tracker - INFO - Fetching recent tracks from Spotify...
2025-10-06 20:58:04,384 - music_tracker - INFO - Fetched 13 songs from Spotify
2025-10-06 20:58:04,388 - music_tracker - INFO - Found 13 songs from Spotify API
2025-10-06 20:58:04,389 - music_tracker - INFO - Checking for duplicates in database...
2025-10-06 20:58:05,816 - music_tracker - INFO - Found 13 new songs out of 13 total
2025-10-06 20:58:05,819 - music_tracker - INFO - Found 13 new songs to save
2025-10-06 20:58:05,819 - music_tracker - INFO - Saving songs to database...
2025-10-06 20:58:06,264 - music_tracker - INFO - Successfully saved 13 songs to database
2025-10-06 20:58:06,266 - music_tracker - INFO - Successfully saved 13 songs to database
2025-10-06 20:58:06,266 - music_tracker - INFO - Song collection completed successfully
2025-10-06 21:58:03,166 - music_tracker - INFO - SpotiSpy song collection starting...
2025-10-06 21:58:03,166 - music_tracker - INFO - Starting song collection (last 1 hours)
2025-10-06 21:58:03,167 - music_tracker - INFO - Fetching recent tracks from Spotify...
2025-10-06 21:58:03,589 - music_tracker - INFO - No recent songs found from Spotify
2025-10-06 21:58:03,592 - music_tracker - INFO - No new songs found from Spotify API
2025-10-06 21:58:03,592 - music_tracker - INFO - Song collection completed successfully
2025-10-06 22:58:03,475 - music_tracker - INFO - SpotiSpy song collection starting...
2025-10-06 22:58:03,475 - music_tracker - INFO - Starting song collection (last 1 hours)
2025-10-06 22:58:03,476 - music_tracker - INFO - Fetching recent tracks from Spotify...
2025-10-06 22:58:03,947 - music_tracker - INFO - Fetched 7 songs from Spotify
2025-10-06 22:58:03,949 - music_tracker - INFO - Found 7 songs from Spotify API
2025-10-06 22:58:03,950 - music_tracker - INFO - Checking for duplicates in database...
2025-10-06 22:58:05,307 - music_tracker - INFO - Found 7 new songs out of 7 total
2025-10-06 22:58:05,309 - music_tracker - INFO - Found 7 new songs to save
2025-10-06 22:58:05,310 - music_tracker - INFO - Saving songs to database...
2025-10-06 22:58:05,600 - music_tracker - INFO - Successfully saved 7 songs to database
2025-10-06 22:58:05,602 - music_tracker - INFO - Successfully saved 7 songs to database
2025-10-06 22:58:05,603 - music_tracker - INFO - Song collection completed successfully
2025-10-06 23:58:03,522 - music_tracker - INFO - SpotiSpy song collection starting...
2025-10-06 23:58:03,522 - music_tracker - INFO - Starting song collection (last 1 hours)
2025-10-06 23:58:03,523 - music_tracker - INFO - Fetching recent tracks from Spotify...
2025-10-06 23:58:03,875 - music_tracker - INFO - No recent songs found from Spotify
2025-10-06 23:58:03,877 - music_tracker - INFO - No new songs found from Spotify API
2025-10-06 23:58:03,877 - music_tracker - INFO - Song collection completed successfully
