2025-08-20 00:58:03,315 - music_tracker - INFO - SpotiSpy song collection starting...
2025-08-20 00:58:03,316 - music_tracker - INFO - Starting song collection (last 1 hours)
2025-08-20 00:58:03,317 - music_tracker - INFO - Fetching recent tracks from Spotify...
2025-08-20 00:58:03,658 - music_tracker - INFO - No recent songs found from Spotify
2025-08-20 00:58:03,660 - music_tracker - INFO - No new songs found from Spotify API
2025-08-20 00:58:03,660 - music_tracker - INFO - Song collection completed successfully
2025-08-20 01:58:03,592 - music_tracker - INFO - SpotiSpy song collection starting...
2025-08-20 01:58:03,593 - music_tracker - INFO - Starting song collection (last 1 hours)
2025-08-20 01:58:03,593 - music_tracker - INFO - Fetching recent tracks from Spotify...
2025-08-20 01:58:03,974 - music_tracker - INFO - No recent songs found from Spotify
2025-08-20 01:58:03,976 - music_tracker - INFO - No new songs found from Spotify API
2025-08-20 01:58:03,977 - music_tracker - INFO - Song collection completed successfully
2025-08-20 02:58:03,124 - music_tracker - INFO - SpotiSpy song collection starting...
2025-08-20 02:58:03,125 - music_tracker - INFO - Starting song collection (last 1 hours)
2025-08-20 02:58:03,126 - music_tracker - INFO - Fetching recent tracks from Spotify...
2025-08-20 02:58:03,510 - music_tracker - INFO - No recent songs found from Spotify
2025-08-20 02:58:03,513 - music_tracker - INFO - No new songs found from Spotify API
2025-08-20 02:58:03,513 - music_tracker - INFO - Song collection completed successfully
2025-08-20 03:58:04,045 - music_tracker - INFO - SpotiSpy song collection starting...
2025-08-20 03:58:04,046 - music_tracker - INFO - Starting song collection (last 1 hours)
2025-08-20 03:58:04,047 - music_tracker - INFO - Fetching recent tracks from Spotify...
2025-08-20 03:58:04,434 - music_tracker - INFO - No recent songs found from Spotify
2025-08-20 03:58:04,436 - music_tracker - INFO - No new songs found from Spotify API
2025-08-20 03:58:04,437 - music_tracker - INFO - Song collection completed successfully
2025-08-20 04:58:03,307 - music_tracker - INFO - SpotiSpy song collection starting...
2025-08-20 04:58:03,308 - music_tracker - INFO - Starting song collection (last 1 hours)
2025-08-20 04:58:03,309 - music_tracker - INFO - Fetching recent tracks from Spotify...
2025-08-20 04:58:03,656 - music_tracker - INFO - No recent songs found from Spotify
2025-08-20 04:58:03,658 - music_tracker - INFO - No new songs found from Spotify API
2025-08-20 04:58:03,659 - music_tracker - INFO - Song collection completed successfully
2025-08-20 05:58:03,549 - music_tracker - INFO - SpotiSpy song collection starting...
2025-08-20 05:58:03,549 - music_tracker - INFO - Starting song collection (last 1 hours)
2025-08-20 05:58:03,550 - music_tracker - INFO - Fetching recent tracks from Spotify...
2025-08-20 05:58:03,955 - music_tracker - INFO - No recent songs found from Spotify
2025-08-20 05:58:03,957 - music_tracker - INFO - No new songs found from Spotify API
2025-08-20 05:58:03,958 - music_tracker - INFO - Song collection completed successfully
2025-08-20 06:58:02,902 - music_tracker - INFO - SpotiSpy song collection starting...
2025-08-20 06:58:02,903 - music_tracker - INFO - Starting song collection (last 1 hours)
2025-08-20 06:58:02,904 - music_tracker - INFO - Fetching recent tracks from Spotify...
2025-08-20 06:58:03,249 - music_tracker - INFO - No recent songs found from Spotify
2025-08-20 06:58:03,251 - music_tracker - INFO - No new songs found from Spotify API
2025-08-20 06:58:03,251 - music_tracker - INFO - Song collection completed successfully
2025-08-20 07:58:03,312 - music_tracker - INFO - SpotiSpy song collection starting...
2025-08-20 07:58:03,313 - music_tracker - INFO - Starting song collection (last 1 hours)
2025-08-20 07:58:03,314 - music_tracker - INFO - Fetching recent tracks from Spotify...
2025-08-20 07:58:03,785 - music_tracker - INFO - Fetched 11 songs from Spotify
2025-08-20 07:58:03,787 - music_tracker - INFO - Found 11 songs from Spotify API
2025-08-20 07:58:03,788 - music_tracker - INFO - Checking for duplicates in database...
2025-08-20 07:58:05,416 - music_tracker - INFO - Found 11 new songs out of 11 total
2025-08-20 07:58:05,418 - music_tracker - INFO - Found 11 new songs to save
2025-08-20 07:58:05,419 - music_tracker - INFO - Saving songs to database...
2025-08-20 07:58:05,817 - music_tracker - INFO - Successfully saved 11 songs to database
2025-08-20 07:58:05,819 - music_tracker - INFO - Successfully saved 11 songs to database
2025-08-20 07:58:05,820 - music_tracker - INFO - Song collection completed successfully
2025-08-20 08:58:02,876 - music_tracker - INFO - SpotiSpy song collection starting...
2025-08-20 08:58:02,876 - music_tracker - INFO - Starting song collection (last 1 hours)
2025-08-20 08:58:02,877 - music_tracker - INFO - Fetching recent tracks from Spotify...
2025-08-20 08:58:03,299 - music_tracker - INFO - Fetched 11 songs from Spotify
2025-08-20 08:58:03,302 - music_tracker - INFO - Found 11 songs from Spotify API
2025-08-20 08:58:03,303 - music_tracker - INFO - Checking for duplicates in database...
2025-08-20 08:58:04,515 - music_tracker - INFO - Found 11 new songs out of 11 total
2025-08-20 08:58:04,517 - music_tracker - INFO - Found 11 new songs to save
2025-08-20 08:58:04,518 - music_tracker - INFO - Saving songs to database...
2025-08-20 08:58:04,913 - music_tracker - INFO - Successfully saved 11 songs to database
2025-08-20 08:58:04,915 - music_tracker - INFO - Successfully saved 11 songs to database
2025-08-20 08:58:04,916 - music_tracker - INFO - Song collection completed successfully
2025-08-20 09:00:13,131 - music_tracker - INFO - SpotiSpy starting...
2025-08-20 09:00:13,131 - music_tracker - INFO - Starting daily SpotiSpy analysis
2025-08-20 09:00:13,132 - music_tracker - INFO - Fetching yesterday's listening data...
2025-08-20 09:00:18,608 - music_tracker - INFO - Fetched 97 songs from database
2025-08-20 09:00:18,612 - music_tracker - INFO - Found 97 songs to analyze
2025-08-20 09:00:18,612 - music_tracker - INFO - Running analysis...
2025-08-20 09:00:18,620 - music_tracker - INFO - Sending daily summary to Slack...
2025-08-20 09:00:19,542 - music_tracker - INFO - Message sent successfully to Slack
2025-08-20 09:00:19,542 - music_tracker - INFO - Daily analysis completed successfully!
2025-08-20 09:00:19,543 - music_tracker - INFO - SpotiSpy completed successfully
2025-08-20 09:58:03,546 - music_tracker - INFO - SpotiSpy song collection starting...
2025-08-20 09:58:03,546 - music_tracker - INFO - Starting song collection (last 1 hours)
2025-08-20 09:58:03,547 - music_tracker - INFO - Fetching recent tracks from Spotify...
2025-08-20 09:58:03,904 - music_tracker - INFO - No recent songs found from Spotify
2025-08-20 09:58:03,906 - music_tracker - INFO - No new songs found from Spotify API
2025-08-20 09:58:03,906 - music_tracker - INFO - Song collection completed successfully
2025-08-20 10:58:02,855 - music_tracker - INFO - SpotiSpy song collection starting...
2025-08-20 10:58:02,856 - music_tracker - INFO - Starting song collection (last 1 hours)
2025-08-20 10:58:02,857 - music_tracker - INFO - Fetching recent tracks from Spotify...
2025-08-20 10:58:03,289 - music_tracker - INFO - Fetched 3 songs from Spotify
2025-08-20 10:58:03,291 - music_tracker - INFO - Found 3 songs from Spotify API
2025-08-20 10:58:03,292 - music_tracker - INFO - Checking for duplicates in database...
2025-08-20 10:58:04,394 - music_tracker - INFO - Found 3 new songs out of 3 total
2025-08-20 10:58:04,396 - music_tracker - INFO - Found 3 new songs to save
2025-08-20 10:58:04,397 - music_tracker - INFO - Saving songs to database...
2025-08-20 10:58:04,728 - music_tracker - INFO - Successfully saved 3 songs to database
2025-08-20 10:58:04,730 - music_tracker - INFO - Successfully saved 3 songs to database
2025-08-20 10:58:04,731 - music_tracker - INFO - Song collection completed successfully
2025-08-20 11:58:02,638 - music_tracker - INFO - SpotiSpy song collection starting...
2025-08-20 11:58:02,638 - music_tracker - INFO - Starting song collection (last 1 hours)
2025-08-20 11:58:02,639 - music_tracker - INFO - Fetching recent tracks from Spotify...
2025-08-20 11:58:03,085 - music_tracker - INFO - Fetched 7 songs from Spotify
2025-08-20 11:58:03,088 - music_tracker - INFO - Found 7 songs from Spotify API
2025-08-20 11:58:03,088 - music_tracker - INFO - Checking for duplicates in database...
2025-08-20 11:58:04,228 - music_tracker - INFO - Found 7 new songs out of 7 total
2025-08-20 11:58:04,231 - music_tracker - INFO - Found 7 new songs to save
2025-08-20 11:58:04,231 - music_tracker - INFO - Saving songs to database...
2025-08-20 11:58:04,532 - music_tracker - INFO - Successfully saved 7 songs to database
2025-08-20 11:58:04,534 - music_tracker - INFO - Successfully saved 7 songs to database
2025-08-20 11:58:04,535 - music_tracker - INFO - Song collection completed successfully
2025-08-20 12:58:03,467 - music_tracker - INFO - SpotiSpy song collection starting...
2025-08-20 12:58:03,468 - music_tracker - INFO - Starting song collection (last 1 hours)
2025-08-20 12:58:03,469 - music_tracker - INFO - Fetching recent tracks from Spotify...
2025-08-20 12:58:03,827 - music_tracker - INFO - No recent songs found from Spotify
2025-08-20 12:58:03,829 - music_tracker - INFO - No new songs found from Spotify API
2025-08-20 12:58:03,829 - music_tracker - INFO - Song collection completed successfully
2025-08-20 13:58:03,665 - music_tracker - INFO - SpotiSpy song collection starting...
2025-08-20 13:58:03,666 - music_tracker - INFO - Starting song collection (last 1 hours)
2025-08-20 13:58:03,667 - music_tracker - INFO - Fetching recent tracks from Spotify...
2025-08-20 13:58:04,094 - music_tracker - INFO - Fetched 1 songs from Spotify
2025-08-20 13:58:04,097 - music_tracker - INFO - Found 1 songs from Spotify API
2025-08-20 13:58:04,097 - music_tracker - INFO - Checking for duplicates in database...
2025-08-20 13:58:04,708 - music_tracker - INFO - Found 1 new songs out of 1 total
2025-08-20 13:58:04,711 - music_tracker - INFO - Found 1 new songs to save
2025-08-20 13:58:04,712 - music_tracker - INFO - Saving songs to database...
2025-08-20 13:58:04,993 - music_tracker - INFO - Successfully saved 1 songs to database
2025-08-20 13:58:04,995 - music_tracker - INFO - Successfully saved 1 songs to database
2025-08-20 13:58:04,996 - music_tracker - INFO - Song collection completed successfully
2025-08-20 14:58:04,066 - music_tracker - INFO - SpotiSpy song collection starting...
2025-08-20 14:58:04,068 - music_tracker - INFO - Starting song collection (last 1 hours)
2025-08-20 14:58:04,068 - music_tracker - INFO - Fetching recent tracks from Spotify...
2025-08-20 14:58:04,660 - music_tracker - INFO - Fetched 16 songs from Spotify
2025-08-20 14:58:04,664 - music_tracker - INFO - Found 16 songs from Spotify API
2025-08-20 14:58:04,665 - music_tracker - INFO - Checking for duplicates in database...
2025-08-20 14:58:05,660 - music_tracker - INFO - Found 16 new songs out of 16 total
2025-08-20 14:58:05,661 - music_tracker - INFO - Found 16 new songs to save
2025-08-20 14:58:05,662 - music_tracker - INFO - Saving songs to database...
2025-08-20 14:58:06,008 - music_tracker - INFO - Successfully saved 16 songs to database
2025-08-20 14:58:06,009 - music_tracker - INFO - Successfully saved 16 songs to database
2025-08-20 14:58:06,010 - music_tracker - INFO - Song collection completed successfully
2025-08-20 15:58:02,885 - music_tracker - INFO - SpotiSpy song collection starting...
2025-08-20 15:58:02,886 - music_tracker - INFO - Starting song collection (last 1 hours)
2025-08-20 15:58:02,887 - music_tracker - INFO - Fetching recent tracks from Spotify...
2025-08-20 15:58:03,402 - music_tracker - INFO - Fetched 2 songs from Spotify
2025-08-20 15:58:03,404 - music_tracker - INFO - Found 2 songs from Spotify API
2025-08-20 15:58:03,405 - music_tracker - INFO - Checking for duplicates in database...
2025-08-20 15:58:04,829 - music_tracker - INFO - Found 2 new songs out of 2 total
2025-08-20 15:58:04,831 - music_tracker - INFO - Found 2 new songs to save
2025-08-20 15:58:04,831 - music_tracker - INFO - Saving songs to database...
2025-08-20 15:58:05,161 - music_tracker - INFO - Successfully saved 2 songs to database
2025-08-20 15:58:05,163 - music_tracker - INFO - Successfully saved 2 songs to database
2025-08-20 15:58:05,163 - music_tracker - INFO - Song collection completed successfully
2025-08-20 16:58:02,996 - music_tracker - INFO - SpotiSpy song collection starting...
2025-08-20 16:58:02,996 - music_tracker - INFO - Starting song collection (last 1 hours)
2025-08-20 16:58:02,997 - music_tracker - INFO - Fetching recent tracks from Spotify...
2025-08-20 16:58:03,384 - music_tracker - INFO - No recent songs found from Spotify
2025-08-20 16:58:03,387 - music_tracker - INFO - No new songs found from Spotify API
2025-08-20 16:58:03,387 - music_tracker - INFO - Song collection completed successfully
2025-08-20 17:58:03,246 - music_tracker - INFO - SpotiSpy song collection starting...
2025-08-20 17:58:03,246 - music_tracker - INFO - Starting song collection (last 1 hours)
2025-08-20 17:58:03,247 - music_tracker - INFO - Fetching recent tracks from Spotify...
2025-08-20 17:58:03,682 - music_tracker - INFO - Fetched 10 songs from Spotify
2025-08-20 17:58:03,684 - music_tracker - INFO - Found 10 songs from Spotify API
2025-08-20 17:58:03,685 - music_tracker - INFO - Checking for duplicates in database...
2025-08-20 17:58:04,612 - music_tracker - INFO - Found 10 new songs out of 10 total
2025-08-20 17:58:04,613 - music_tracker - INFO - Found 10 new songs to save
2025-08-20 17:58:04,614 - music_tracker - INFO - Saving songs to database...
2025-08-20 17:58:04,973 - music_tracker - INFO - Successfully saved 10 songs to database
2025-08-20 17:58:04,975 - music_tracker - INFO - Successfully saved 10 songs to database
2025-08-20 17:58:04,975 - music_tracker - INFO - Song collection completed successfully
2025-08-20 18:58:02,816 - music_tracker - INFO - SpotiSpy song collection starting...
2025-08-20 18:58:02,817 - music_tracker - INFO - Starting song collection (last 1 hours)
2025-08-20 18:58:02,817 - music_tracker - INFO - Fetching recent tracks from Spotify...
2025-08-20 18:58:03,196 - music_tracker - INFO - No recent songs found from Spotify
2025-08-20 18:58:03,199 - music_tracker - INFO - No new songs found from Spotify API
2025-08-20 18:58:03,199 - music_tracker - INFO - Song collection completed successfully
2025-08-20 19:58:03,029 - music_tracker - INFO - SpotiSpy song collection starting...
2025-08-20 19:58:03,030 - music_tracker - INFO - Starting song collection (last 1 hours)
2025-08-20 19:58:03,030 - music_tracker - INFO - Fetching recent tracks from Spotify...
2025-08-20 19:58:03,412 - music_tracker - INFO - No recent songs found from Spotify
2025-08-20 19:58:03,414 - music_tracker - INFO - No new songs found from Spotify API
2025-08-20 19:58:03,415 - music_tracker - INFO - Song collection completed successfully
2025-08-20 20:58:03,432 - music_tracker - INFO - SpotiSpy song collection starting...
2025-08-20 20:58:03,434 - music_tracker - INFO - Starting song collection (last 1 hours)
2025-08-20 20:58:03,434 - music_tracker - INFO - Fetching recent tracks from Spotify...
2025-08-20 20:58:03,906 - music_tracker - INFO - Fetched 3 songs from Spotify
2025-08-20 20:58:03,909 - music_tracker - INFO - Found 3 songs from Spotify API
2025-08-20 20:58:03,909 - music_tracker - INFO - Checking for duplicates in database...
2025-08-20 20:58:04,838 - music_tracker - INFO - Found 3 new songs out of 3 total
2025-08-20 20:58:04,839 - music_tracker - INFO - Found 3 new songs to save
2025-08-20 20:58:04,840 - music_tracker - INFO - Saving songs to database...
2025-08-20 20:58:05,237 - music_tracker - INFO - Successfully saved 3 songs to database
2025-08-20 20:58:05,238 - music_tracker - INFO - Successfully saved 3 songs to database
2025-08-20 20:58:05,239 - music_tracker - INFO - Song collection completed successfully
2025-08-20 21:58:03,092 - music_tracker - INFO - SpotiSpy song collection starting...
2025-08-20 21:58:03,093 - music_tracker - INFO - Starting song collection (last 1 hours)
2025-08-20 21:58:03,094 - music_tracker - INFO - Fetching recent tracks from Spotify...
2025-08-20 21:58:03,474 - music_tracker - INFO - No recent songs found from Spotify
2025-08-20 21:58:03,476 - music_tracker - INFO - No new songs found from Spotify API
2025-08-20 21:58:03,476 - music_tracker - INFO - Song collection completed successfully
2025-08-20 22:58:03,308 - music_tracker - INFO - SpotiSpy song collection starting...
2025-08-20 22:58:03,309 - music_tracker - INFO - Starting song collection (last 1 hours)
2025-08-20 22:58:03,309 - music_tracker - INFO - Fetching recent tracks from Spotify...
2025-08-20 22:58:03,679 - music_tracker - INFO - No recent songs found from Spotify
2025-08-20 22:58:03,681 - music_tracker - INFO - No new songs found from Spotify API
2025-08-20 22:58:03,681 - music_tracker - INFO - Song collection completed successfully
2025-08-20 23:58:03,517 - music_tracker - INFO - SpotiSpy song collection starting...
2025-08-20 23:58:03,518 - music_tracker - INFO - Starting song collection (last 1 hours)
2025-08-20 23:58:03,518 - music_tracker - INFO - Fetching recent tracks from Spotify...
2025-08-20 23:58:03,934 - music_tracker - INFO - No recent songs found from Spotify
2025-08-20 23:58:03,936 - music_tracker - INFO - No new songs found from Spotify API
2025-08-20 23:58:03,937 - music_tracker - INFO - Song collection completed successfully
