2025-05-23 00:58:06,573 - music_tracker - INFO - Zero songs listened to
2025-05-23 00:58:06,574 - music_tracker - INFO - No songs uploaded.
2025-05-23 01:58:08,188 - music_tracker - INFO - Uploading 1 song
2025-05-23 02:58:06,944 - music_tracker - INFO - Zero songs listened to
2025-05-23 02:58:06,945 - music_tracker - INFO - No songs uploaded.
2025-05-23 03:58:06,674 - music_tracker - INFO - Zero songs listened to
2025-05-23 03:58:06,674 - music_tracker - INFO - No songs uploaded.
2025-05-23 04:58:07,404 - music_tracker - INFO - Zero songs listened to
2025-05-23 04:58:07,404 - music_tracker - INFO - No songs uploaded.
2025-05-23 05:58:07,161 - music_tracker - INFO - Zero songs listened to
2025-05-23 05:58:07,162 - music_tracker - INFO - No songs uploaded.
2025-05-23 06:58:06,972 - music_tracker - INFO - Zero songs listened to
2025-05-23 06:58:06,973 - music_tracker - INFO - No songs uploaded.
2025-05-23 07:58:06,696 - music_tracker - INFO - Zero songs listened to
2025-05-23 07:58:06,697 - music_tracker - INFO - No songs uploaded.
2025-05-23 08:58:10,863 - music_tracker - INFO -   Supabase error: Status 400, {"code":"22007","details":null,"hint":null,"message":"invalid input syntax for type date: \"2003\""}
2025-05-23 08:58:10,865 - music_tracker - INFO - No songs uploaded.
2025-05-23 09:00:11,373 - music_tracker - INFO - Starting music tracker analysis
2025-05-23 09:00:11,374 - music_tracker - INFO - Fetching data
2025-05-23 09:00:11,731 - music_tracker - INFO - Fetched 73 recent songs
2025-05-23 09:00:11,736 - music_tracker - INFO - Running top listens analysis
2025-05-23 09:00:11,736 - music_tracker - INFO - Calculating top songs listens
2025-05-23 09:00:11,737 - music_tracker - INFO - Sending message with top 3 songs
2025-05-23 09:00:12,496 - music_tracker - INFO - Message successfully sent!
2025-05-23 09:00:12,496 - music_tracker - INFO - Calculating top albums listens
2025-05-23 09:00:12,497 - music_tracker - INFO - Sending message with top 3 albums
2025-05-23 09:00:13,514 - music_tracker - INFO - Message successfully sent!
2025-05-23 09:00:13,514 - music_tracker - INFO - Calculating top artists listens
2025-05-23 09:00:13,515 - music_tracker - INFO - Sending message with top 3 artists
2025-05-23 09:00:14,155 - music_tracker - INFO - Message successfully sent!
2025-05-23 09:00:14,156 - music_tracker - INFO - Running popularity and listening hours analysis
2025-05-23 09:00:14,156 - music_tracker - INFO - Finding most popular track
2025-05-23 09:00:14,156 - music_tracker - INFO - Most popular song found: squabble up with score 88
2025-05-23 09:00:14,760 - music_tracker - INFO - Message successfully sent!
2025-05-23 09:00:14,760 - music_tracker - INFO - Calculating most listened hour
2025-05-23 09:00:14,761 - music_tracker - INFO - Most listened hour: 18:00 with 58:40
2025-05-23 09:00:15,421 - music_tracker - INFO - Message successfully sent!
2025-05-23 09:00:15,422 - music_tracker - INFO - Analysis completed successfully

2025-05-23 09:58:10,317 - music_tracker - INFO - Uploading 13 songs
2025-05-23 10:58:08,449 - music_tracker - INFO - Uploading 5 songs
2025-05-23 11:58:09,861 - music_tracker - INFO - Uploading 10 songs
2025-05-23 12:58:06,586 - music_tracker - INFO - Zero songs listened to
2025-05-23 12:58:06,586 - music_tracker - INFO - No songs uploaded.
2025-05-23 13:58:07,922 - music_tracker - INFO - Uploading 1 song
2025-05-23 14:58:09,579 - music_tracker - INFO - Uploading 11 songs
2025-05-23 15:58:10,094 - music_tracker - INFO - Uploading 8 songs
2025-05-23 16:58:10,333 - music_tracker - INFO - Uploading 15 songs
2025-05-23 17:58:10,058 - music_tracker - INFO -   Supabase error: Status 400, {"code":"22007","details":null,"hint":null,"message":"invalid input syntax for type date: \"2005\""}
2025-05-23 17:58:10,060 - music_tracker - INFO - No songs uploaded.
2025-05-23 18:58:08,282 - music_tracker - INFO - Uploading 5 songs
2025-05-23 19:58:07,056 - music_tracker - INFO - Zero songs listened to
2025-05-23 19:58:07,057 - music_tracker - INFO - No songs uploaded.
2025-05-23 20:58:06,815 - music_tracker - INFO - Zero songs listened to
2025-05-23 20:58:06,815 - music_tracker - INFO - No songs uploaded.
2025-05-23 21:58:06,583 - music_tracker - INFO - Zero songs listened to
2025-05-23 21:58:06,584 - music_tracker - INFO - No songs uploaded.
2025-05-23 22:58:09,842 - music_tracker - INFO - Uploading 1 song
2025-05-23 23:58:07,819 - music_tracker - INFO - Zero songs listened to
2025-05-23 23:58:07,820 - music_tracker - INFO - No songs uploaded.
