2025-05-25 00:58:07,059 - music_tracker - INFO - Zero songs listened to
2025-05-25 00:58:07,060 - music_tracker - INFO - No songs uploaded.
2025-05-25 01:58:06,785 - music_tracker - INFO - Zero songs listened to
2025-05-25 01:58:06,785 - music_tracker - INFO - No songs uploaded.
2025-05-25 02:58:06,490 - music_tracker - INFO - Zero songs listened to
2025-05-25 02:58:06,490 - music_tracker - INFO - No songs uploaded.
2025-05-25 03:58:07,282 - music_tracker - INFO - Zero songs listened to
2025-05-25 03:58:07,283 - music_tracker - INFO - No songs uploaded.
2025-05-25 04:58:07,010 - music_tracker - INFO - Zero songs listened to
2025-05-25 04:58:07,010 - music_tracker - INFO - No songs uploaded.
2025-05-25 05:58:06,713 - music_tracker - INFO - Zero songs listened to
2025-05-25 05:58:06,714 - music_tracker - INFO - No songs uploaded.
2025-05-25 06:58:06,517 - music_tracker - INFO - Zero songs listened to
2025-05-25 06:58:06,517 - music_tracker - INFO - No songs uploaded.
2025-05-25 07:58:07,210 - music_tracker - INFO - Zero songs listened to
2025-05-25 07:58:07,210 - music_tracker - INFO - No songs uploaded.
2025-05-25 08:58:06,900 - music_tracker - INFO - Zero songs listened to
2025-05-25 08:58:06,901 - music_tracker - INFO - No songs uploaded.
2025-05-25 09:00:11,454 - music_tracker - INFO - Starting music tracker analysis
2025-05-25 09:00:11,455 - music_tracker - INFO - Fetching data
2025-05-25 09:00:12,046 - music_tracker - INFO - Fetched 54 recent songs
2025-05-25 09:00:12,051 - music_tracker - INFO - Running top listens analysis
2025-05-25 09:00:12,051 - music_tracker - INFO - Calculating top songs listens
2025-05-25 09:00:12,052 - music_tracker - INFO - Sending message with top 1 songs
2025-05-25 09:00:12,769 - music_tracker - INFO - Message successfully sent!
2025-05-25 09:00:12,769 - music_tracker - INFO - Calculating top albums listens
2025-05-25 09:00:12,770 - music_tracker - INFO - Sending message with top 3 albums
2025-05-25 09:00:13,371 - music_tracker - INFO - Message successfully sent!
2025-05-25 09:00:13,372 - music_tracker - INFO - Calculating top artists listens
2025-05-25 09:00:13,372 - music_tracker - INFO - Sending message with top 3 artists
2025-05-25 09:00:13,963 - music_tracker - INFO - Message successfully sent!
2025-05-25 09:00:13,963 - music_tracker - INFO - Running popularity and listening hours analysis
2025-05-25 09:00:13,964 - music_tracker - INFO - Finding most popular track
2025-05-25 09:00:13,964 - music_tracker - INFO - Most popular song found: Good Luck, Babe! with score 94
2025-05-25 09:00:14,583 - music_tracker - INFO - Message successfully sent!
2025-05-25 09:00:14,584 - music_tracker - INFO - Calculating most listened hour
2025-05-25 09:00:14,585 - music_tracker - INFO - Most listened hour: 23:00 with 56:55
2025-05-25 09:00:15,234 - music_tracker - INFO - Message successfully sent!
2025-05-25 09:00:15,234 - music_tracker - INFO - Analysis completed successfully

2025-05-25 09:58:06,929 - music_tracker - INFO - Zero songs listened to
2025-05-25 09:58:06,929 - music_tracker - INFO - No songs uploaded.
2025-05-25 10:58:08,506 - music_tracker - INFO - Uploading 6 songs
2025-05-25 11:58:11,969 - music_tracker - INFO - Uploading 19 songs
2025-05-25 12:58:11,032 - music_tracker - INFO - Uploading 19 songs
2025-05-25 13:58:10,288 - music_tracker - INFO - Uploading 15 songs
2025-05-25 14:58:09,535 - music_tracker - INFO - Uploading 10 songs
2025-05-25 15:58:08,077 - music_tracker - INFO - Uploading 2 songs
2025-05-25 16:58:09,645 - music_tracker - INFO -   Supabase error: Status 400, {"code":"22007","details":null,"hint":null,"message":"invalid input syntax for type date: \"2005\""}
2025-05-25 16:58:09,647 - music_tracker - INFO - No songs uploaded.
2025-05-25 17:58:10,646 - music_tracker - INFO -   Supabase error: Status 400, {"code":"22007","details":null,"hint":null,"message":"invalid input syntax for type date: \"2003\""}
2025-05-25 17:58:10,647 - music_tracker - INFO - No songs uploaded.
2025-05-25 18:58:10,528 - music_tracker - INFO -   Supabase error: Status 400, {"code":"22007","details":null,"hint":null,"message":"invalid input syntax for type date: \"2003\""}
2025-05-25 18:58:10,530 - music_tracker - INFO - No songs uploaded.
2025-05-25 19:58:07,630 - music_tracker - INFO - Zero songs listened to
2025-05-25 19:58:07,631 - music_tracker - INFO - No songs uploaded.
2025-05-25 20:58:07,788 - music_tracker - INFO - Zero songs listened to
2025-05-25 20:58:07,789 - music_tracker - INFO - No songs uploaded.
2025-05-25 21:58:06,618 - music_tracker - INFO - Zero songs listened to
2025-05-25 21:58:06,619 - music_tracker - INFO - No songs uploaded.
2025-05-25 22:58:08,272 - music_tracker - INFO - Uploading 1 song
2025-05-25 23:58:07,618 - music_tracker - INFO - Uploading 1 song
