2026-01-01 00:58:03,081 - music_tracker - INFO - SpotiSpy song collection starting...
2026-01-01 00:58:03,081 - music_tracker - INFO - Starting song collection (last 1 hours)
2026-01-01 00:58:03,082 - music_tracker - INFO - Fetching recent tracks from Spotify...
2026-01-01 00:58:03,457 - music_tracker - INFO - No recent songs found from Spotify
2026-01-01 00:58:03,459 - music_tracker - INFO - No new songs found from Spotify API
2026-01-01 00:58:03,459 - music_tracker - INFO - Song collection completed successfully
2026-01-01 01:58:03,388 - music_tracker - INFO - SpotiSpy song collection starting...
2026-01-01 01:58:03,389 - music_tracker - INFO - Starting song collection (last 1 hours)
2026-01-01 01:58:03,389 - music_tracker - INFO - Fetching recent tracks from Spotify...
2026-01-01 01:58:03,760 - music_tracker - INFO - No recent songs found from Spotify
2026-01-01 01:58:03,763 - music_tracker - INFO - No new songs found from Spotify API
2026-01-01 01:58:03,763 - music_tracker - INFO - Song collection completed successfully
2026-01-01 02:58:02,694 - music_tracker - INFO - SpotiSpy song collection starting...
2026-01-01 02:58:02,695 - music_tracker - INFO - Starting song collection (last 1 hours)
2026-01-01 02:58:02,696 - music_tracker - INFO - Fetching recent tracks from Spotify...
2026-01-01 02:58:03,041 - music_tracker - INFO - No recent songs found from Spotify
2026-01-01 02:58:03,043 - music_tracker - INFO - No new songs found from Spotify API
2026-01-01 02:58:03,044 - music_tracker - INFO - Song collection completed successfully
2026-01-01 03:58:02,979 - music_tracker - INFO - SpotiSpy song collection starting...
2026-01-01 03:58:02,979 - music_tracker - INFO - Starting song collection (last 1 hours)
2026-01-01 03:58:02,980 - music_tracker - INFO - Fetching recent tracks from Spotify...
2026-01-01 03:58:03,338 - music_tracker - INFO - No recent songs found from Spotify
2026-01-01 03:58:03,340 - music_tracker - INFO - No new songs found from Spotify API
2026-01-01 03:58:03,340 - music_tracker - INFO - Song collection completed successfully
2026-01-01 04:58:04,087 - music_tracker - INFO - SpotiSpy song collection starting...
2026-01-01 04:58:04,088 - music_tracker - INFO - Starting song collection (last 1 hours)
2026-01-01 04:58:04,091 - music_tracker - INFO - Fetching recent tracks from Spotify...
2026-01-01 04:58:04,450 - music_tracker - INFO - No recent songs found from Spotify
2026-01-01 04:58:04,452 - music_tracker - INFO - No new songs found from Spotify API
2026-01-01 04:58:04,452 - music_tracker - INFO - Song collection completed successfully
2026-01-01 05:58:03,336 - music_tracker - INFO - SpotiSpy song collection starting...
2026-01-01 05:58:03,336 - music_tracker - INFO - Starting song collection (last 1 hours)
2026-01-01 05:58:03,337 - music_tracker - INFO - Fetching recent tracks from Spotify...
2026-01-01 05:58:03,703 - music_tracker - INFO - No recent songs found from Spotify
2026-01-01 05:58:03,705 - music_tracker - INFO - No new songs found from Spotify API
2026-01-01 05:58:03,706 - music_tracker - INFO - Song collection completed successfully
2026-01-01 06:58:02,662 - music_tracker - INFO - SpotiSpy song collection starting...
2026-01-01 06:58:02,663 - music_tracker - INFO - Starting song collection (last 1 hours)
2026-01-01 06:58:02,663 - music_tracker - INFO - Fetching recent tracks from Spotify...
2026-01-01 06:58:03,018 - music_tracker - INFO - No recent songs found from Spotify
2026-01-01 06:58:03,021 - music_tracker - INFO - No new songs found from Spotify API
2026-01-01 06:58:03,021 - music_tracker - INFO - Song collection completed successfully
2026-01-01 07:58:02,902 - music_tracker - INFO - SpotiSpy song collection starting...
2026-01-01 07:58:02,902 - music_tracker - INFO - Starting song collection (last 1 hours)
2026-01-01 07:58:02,903 - music_tracker - INFO - Fetching recent tracks from Spotify...
2026-01-01 07:58:03,281 - music_tracker - INFO - No recent songs found from Spotify
2026-01-01 07:58:03,283 - music_tracker - INFO - No new songs found from Spotify API
2026-01-01 07:58:03,283 - music_tracker - INFO - Song collection completed successfully
2026-01-01 08:58:03,170 - music_tracker - INFO - SpotiSpy song collection starting...
2026-01-01 08:58:03,171 - music_tracker - INFO - Starting song collection (last 1 hours)
2026-01-01 08:58:03,172 - music_tracker - INFO - Fetching recent tracks from Spotify...
2026-01-01 08:58:03,542 - music_tracker - INFO - No recent songs found from Spotify
2026-01-01 08:58:03,544 - music_tracker - INFO - No new songs found from Spotify API
2026-01-01 08:58:03,544 - music_tracker - INFO - Song collection completed successfully
2026-01-01 09:00:12,985 - music_tracker - INFO - SpotiSpy starting...
2026-01-01 09:00:12,985 - music_tracker - INFO - Starting daily SpotiSpy analysis
2026-01-01 09:00:12,986 - music_tracker - INFO - Fetching yesterday's listening data...
2026-01-01 09:00:14,647 - music_tracker - INFO - Fetched 57 songs from database
2026-01-01 09:00:14,649 - music_tracker - INFO - Found 57 songs to analyze
2026-01-01 09:00:14,650 - music_tracker - INFO - Running analysis...
2026-01-01 09:00:14,658 - music_tracker - INFO - Sending daily summary to Slack...
2026-01-01 09:00:15,603 - music_tracker - INFO - Message sent successfully to Slack
2026-01-01 09:00:15,603 - music_tracker - INFO - Daily analysis completed successfully!
2026-01-01 09:00:15,604 - music_tracker - INFO - SpotiSpy completed successfully
2026-01-01 09:58:03,498 - music_tracker - INFO - SpotiSpy song collection starting...
2026-01-01 09:58:03,499 - music_tracker - INFO - Starting song collection (last 1 hours)
2026-01-01 09:58:03,500 - music_tracker - INFO - Fetching recent tracks from Spotify...
2026-01-01 09:58:03,982 - music_tracker - INFO - No recent songs found from Spotify
2026-01-01 09:58:03,984 - music_tracker - INFO - No new songs found from Spotify API
2026-01-01 09:58:03,985 - music_tracker - INFO - Song collection completed successfully
2026-01-01 10:58:04,022 - music_tracker - INFO - SpotiSpy song collection starting...
2026-01-01 10:58:04,023 - music_tracker - INFO - Starting song collection (last 1 hours)
2026-01-01 10:58:04,024 - music_tracker - INFO - Fetching recent tracks from Spotify...
2026-01-01 10:58:04,378 - music_tracker - INFO - No recent songs found from Spotify
2026-01-01 10:58:04,380 - music_tracker - INFO - No new songs found from Spotify API
2026-01-01 10:58:04,380 - music_tracker - INFO - Song collection completed successfully
2026-01-01 11:58:03,301 - music_tracker - INFO - SpotiSpy song collection starting...
2026-01-01 11:58:03,301 - music_tracker - INFO - Starting song collection (last 1 hours)
2026-01-01 11:58:03,302 - music_tracker - INFO - Fetching recent tracks from Spotify...
2026-01-01 11:58:03,716 - music_tracker - INFO - No recent songs found from Spotify
2026-01-01 11:58:03,718 - music_tracker - INFO - No new songs found from Spotify API
2026-01-01 11:58:03,719 - music_tracker - INFO - Song collection completed successfully
2026-01-01 12:58:02,608 - music_tracker - INFO - SpotiSpy song collection starting...
2026-01-01 12:58:02,609 - music_tracker - INFO - Starting song collection (last 1 hours)
2026-01-01 12:58:02,610 - music_tracker - INFO - Fetching recent tracks from Spotify...
2026-01-01 12:58:02,955 - music_tracker - INFO - No recent songs found from Spotify
2026-01-01 12:58:02,957 - music_tracker - INFO - No new songs found from Spotify API
2026-01-01 12:58:02,957 - music_tracker - INFO - Song collection completed successfully
2026-01-01 13:58:02,846 - music_tracker - INFO - SpotiSpy song collection starting...
2026-01-01 13:58:02,847 - music_tracker - INFO - Starting song collection (last 1 hours)
2026-01-01 13:58:02,848 - music_tracker - INFO - Fetching recent tracks from Spotify...
2026-01-01 13:58:03,206 - music_tracker - INFO - No recent songs found from Spotify
2026-01-01 13:58:03,208 - music_tracker - INFO - No new songs found from Spotify API
2026-01-01 13:58:03,208 - music_tracker - INFO - Song collection completed successfully
2026-01-01 14:58:03,104 - music_tracker - INFO - SpotiSpy song collection starting...
2026-01-01 14:58:03,104 - music_tracker - INFO - Starting song collection (last 1 hours)
2026-01-01 14:58:03,105 - music_tracker - INFO - Fetching recent tracks from Spotify...
2026-01-01 14:58:03,467 - music_tracker - INFO - No recent songs found from Spotify
2026-01-01 14:58:03,469 - music_tracker - INFO - No new songs found from Spotify API
2026-01-01 14:58:03,470 - music_tracker - INFO - Song collection completed successfully
2026-01-01 15:58:03,359 - music_tracker - INFO - SpotiSpy song collection starting...
2026-01-01 15:58:03,359 - music_tracker - INFO - Starting song collection (last 1 hours)
2026-01-01 15:58:03,360 - music_tracker - INFO - Fetching recent tracks from Spotify...
2026-01-01 15:58:03,754 - music_tracker - INFO - No recent songs found from Spotify
2026-01-01 15:58:03,756 - music_tracker - INFO - No new songs found from Spotify API
2026-01-01 15:58:03,756 - music_tracker - INFO - Song collection completed successfully
2026-01-01 16:58:02,635 - music_tracker - INFO - SpotiSpy song collection starting...
2026-01-01 16:58:02,635 - music_tracker - INFO - Starting song collection (last 1 hours)
2026-01-01 16:58:02,636 - music_tracker - INFO - Fetching recent tracks from Spotify...
2026-01-01 16:58:02,994 - music_tracker - INFO - No recent songs found from Spotify
2026-01-01 16:58:02,996 - music_tracker - INFO - No new songs found from Spotify API
2026-01-01 16:58:02,997 - music_tracker - INFO - Song collection completed successfully
2026-01-01 17:58:02,878 - music_tracker - INFO - SpotiSpy song collection starting...
2026-01-01 17:58:02,879 - music_tracker - INFO - Starting song collection (last 1 hours)
2026-01-01 17:58:02,879 - music_tracker - INFO - Fetching recent tracks from Spotify...
2026-01-01 17:58:03,261 - music_tracker - INFO - No recent songs found from Spotify
2026-01-01 17:58:03,263 - music_tracker - INFO - No new songs found from Spotify API
2026-01-01 17:58:03,264 - music_tracker - INFO - Song collection completed successfully
2026-01-01 18:58:03,160 - music_tracker - INFO - SpotiSpy song collection starting...
2026-01-01 18:58:03,161 - music_tracker - INFO - Starting song collection (last 1 hours)
2026-01-01 18:58:03,161 - music_tracker - INFO - Fetching recent tracks from Spotify...
2026-01-01 18:58:03,525 - music_tracker - INFO - No recent songs found from Spotify
2026-01-01 18:58:03,527 - music_tracker - INFO - No new songs found from Spotify API
2026-01-01 18:58:03,528 - music_tracker - INFO - Song collection completed successfully
2026-01-01 19:58:03,417 - music_tracker - INFO - SpotiSpy song collection starting...
2026-01-01 19:58:03,418 - music_tracker - INFO - Starting song collection (last 1 hours)
2026-01-01 19:58:03,419 - music_tracker - INFO - Fetching recent tracks from Spotify...
2026-01-01 19:58:03,813 - music_tracker - INFO - No recent songs found from Spotify
2026-01-01 19:58:03,815 - music_tracker - INFO - No new songs found from Spotify API
2026-01-01 19:58:03,815 - music_tracker - INFO - Song collection completed successfully
2026-01-01 20:58:02,714 - music_tracker - INFO - SpotiSpy song collection starting...
2026-01-01 20:58:02,715 - music_tracker - INFO - Starting song collection (last 1 hours)
2026-01-01 20:58:02,716 - music_tracker - INFO - Fetching recent tracks from Spotify...
2026-01-01 20:58:03,163 - music_tracker - INFO - No recent songs found from Spotify
2026-01-01 20:58:03,165 - music_tracker - INFO - No new songs found from Spotify API
2026-01-01 20:58:03,165 - music_tracker - INFO - Song collection completed successfully
2026-01-01 21:58:03,097 - music_tracker - INFO - SpotiSpy song collection starting...
2026-01-01 21:58:03,097 - music_tracker - INFO - Starting song collection (last 1 hours)
2026-01-01 21:58:03,098 - music_tracker - INFO - Fetching recent tracks from Spotify...
2026-01-01 21:58:03,460 - music_tracker - INFO - No recent songs found from Spotify
2026-01-01 21:58:03,462 - music_tracker - INFO - No new songs found from Spotify API
2026-01-01 21:58:03,463 - music_tracker - INFO - Song collection completed successfully
2026-01-01 22:58:03,341 - music_tracker - INFO - SpotiSpy song collection starting...
2026-01-01 22:58:03,342 - music_tracker - INFO - Starting song collection (last 1 hours)
2026-01-01 22:58:03,343 - music_tracker - INFO - Fetching recent tracks from Spotify...
2026-01-01 22:58:03,737 - music_tracker - INFO - No recent songs found from Spotify
2026-01-01 22:58:03,739 - music_tracker - INFO - No new songs found from Spotify API
2026-01-01 22:58:03,739 - music_tracker - INFO - Song collection completed successfully
2026-01-01 23:58:02,675 - music_tracker - INFO - SpotiSpy song collection starting...
2026-01-01 23:58:02,675 - music_tracker - INFO - Starting song collection (last 1 hours)
2026-01-01 23:58:02,676 - music_tracker - INFO - Fetching recent tracks from Spotify...
2026-01-01 23:58:03,015 - music_tracker - INFO - No recent songs found from Spotify
2026-01-01 23:58:03,017 - music_tracker - INFO - No new songs found from Spotify API
2026-01-01 23:58:03,017 - music_tracker - INFO - Song collection completed successfully
