2025-12-03 00:58:03,496 - music_tracker - INFO - SpotiSpy song collection starting...
2025-12-03 00:58:03,497 - music_tracker - INFO - Starting song collection (last 1 hours)
2025-12-03 00:58:03,498 - music_tracker - INFO - Fetching recent tracks from Spotify...
2025-12-03 00:58:03,880 - music_tracker - INFO - No recent songs found from Spotify
2025-12-03 00:58:03,882 - music_tracker - INFO - No new songs found from Spotify API
2025-12-03 00:58:03,883 - music_tracker - INFO - Song collection completed successfully
2025-12-03 01:58:02,764 - music_tracker - INFO - SpotiSpy song collection starting...
2025-12-03 01:58:02,765 - music_tracker - INFO - Starting song collection (last 1 hours)
2025-12-03 01:58:02,765 - music_tracker - INFO - Fetching recent tracks from Spotify...
2025-12-03 01:58:03,211 - music_tracker - INFO - No recent songs found from Spotify
2025-12-03 01:58:03,213 - music_tracker - INFO - No new songs found from Spotify API
2025-12-03 01:58:03,214 - music_tracker - INFO - Song collection completed successfully
2025-12-03 02:58:03,465 - music_tracker - INFO - SpotiSpy song collection starting...
2025-12-03 02:58:03,466 - music_tracker - INFO - Starting song collection (last 1 hours)
2025-12-03 02:58:03,467 - music_tracker - INFO - Fetching recent tracks from Spotify...
2025-12-03 02:58:03,851 - music_tracker - INFO - No recent songs found from Spotify
2025-12-03 02:58:03,853 - music_tracker - INFO - No new songs found from Spotify API
2025-12-03 02:58:03,854 - music_tracker - INFO - Song collection completed successfully
2025-12-03 03:58:03,350 - music_tracker - INFO - SpotiSpy song collection starting...
2025-12-03 03:58:03,351 - music_tracker - INFO - Starting song collection (last 1 hours)
2025-12-03 03:58:03,352 - music_tracker - INFO - Fetching recent tracks from Spotify...
2025-12-03 03:58:03,717 - music_tracker - INFO - No recent songs found from Spotify
2025-12-03 03:58:03,719 - music_tracker - INFO - No new songs found from Spotify API
2025-12-03 03:58:03,719 - music_tracker - INFO - Song collection completed successfully
2025-12-03 04:58:02,613 - music_tracker - INFO - SpotiSpy song collection starting...
2025-12-03 04:58:02,613 - music_tracker - INFO - Starting song collection (last 1 hours)
2025-12-03 04:58:02,614 - music_tracker - INFO - Fetching recent tracks from Spotify...
2025-12-03 04:58:02,978 - music_tracker - INFO - No recent songs found from Spotify
2025-12-03 04:58:02,981 - music_tracker - INFO - No new songs found from Spotify API
2025-12-03 04:58:02,981 - music_tracker - INFO - Song collection completed successfully
2025-12-03 05:58:02,873 - music_tracker - INFO - SpotiSpy song collection starting...
2025-12-03 05:58:02,873 - music_tracker - INFO - Starting song collection (last 1 hours)
2025-12-03 05:58:02,874 - music_tracker - INFO - Fetching recent tracks from Spotify...
2025-12-03 05:58:03,294 - music_tracker - INFO - No recent songs found from Spotify
2025-12-03 05:58:03,296 - music_tracker - INFO - No new songs found from Spotify API
2025-12-03 05:58:03,297 - music_tracker - INFO - Song collection completed successfully
2025-12-03 06:58:03,259 - music_tracker - INFO - SpotiSpy song collection starting...
2025-12-03 06:58:03,259 - music_tracker - INFO - Starting song collection (last 1 hours)
2025-12-03 06:58:03,260 - music_tracker - INFO - Fetching recent tracks from Spotify...
2025-12-03 06:58:03,616 - music_tracker - INFO - No recent songs found from Spotify
2025-12-03 06:58:03,618 - music_tracker - INFO - No new songs found from Spotify API
2025-12-03 06:58:03,619 - music_tracker - INFO - Song collection completed successfully
2025-12-03 07:58:03,610 - music_tracker - INFO - SpotiSpy song collection starting...
2025-12-03 07:58:03,612 - music_tracker - INFO - Starting song collection (last 1 hours)
2025-12-03 07:58:03,612 - music_tracker - INFO - Fetching recent tracks from Spotify...
2025-12-03 07:58:04,004 - music_tracker - INFO - No recent songs found from Spotify
2025-12-03 07:58:04,006 - music_tracker - INFO - No new songs found from Spotify API
2025-12-03 07:58:04,007 - music_tracker - INFO - Song collection completed successfully
2025-12-03 08:58:02,909 - music_tracker - INFO - SpotiSpy song collection starting...
2025-12-03 08:58:02,909 - music_tracker - INFO - Starting song collection (last 1 hours)
2025-12-03 08:58:02,910 - music_tracker - INFO - Fetching recent tracks from Spotify...
2025-12-03 08:58:03,338 - music_tracker - INFO - No recent songs found from Spotify
2025-12-03 08:58:03,340 - music_tracker - INFO - No new songs found from Spotify API
2025-12-03 08:58:03,341 - music_tracker - INFO - Song collection completed successfully
2025-12-03 09:00:13,140 - music_tracker - INFO - SpotiSpy starting...
2025-12-03 09:00:13,141 - music_tracker - INFO - Starting daily SpotiSpy analysis
2025-12-03 09:00:13,145 - music_tracker - INFO - Fetching yesterday's listening data...
2025-12-03 09:00:14,723 - music_tracker - INFO - Fetched 41 songs from database
2025-12-03 09:00:14,725 - music_tracker - INFO - Found 41 songs to analyze
2025-12-03 09:00:14,726 - music_tracker - INFO - Running analysis...
2025-12-03 09:00:14,732 - music_tracker - INFO - Sending daily summary to Slack...
2025-12-03 09:00:15,700 - music_tracker - INFO - Message sent successfully to Slack
2025-12-03 09:00:15,700 - music_tracker - INFO - Daily analysis completed successfully!
2025-12-03 09:00:15,701 - music_tracker - INFO - SpotiSpy completed successfully
2025-12-03 09:58:03,734 - music_tracker - INFO - SpotiSpy song collection starting...
2025-12-03 09:58:03,735 - music_tracker - INFO - Starting song collection (last 1 hours)
2025-12-03 09:58:03,735 - music_tracker - INFO - Fetching recent tracks from Spotify...
2025-12-03 09:58:04,140 - music_tracker - INFO - No recent songs found from Spotify
2025-12-03 09:58:04,142 - music_tracker - INFO - No new songs found from Spotify API
2025-12-03 09:58:04,142 - music_tracker - INFO - Song collection completed successfully
2025-12-03 10:58:03,049 - music_tracker - INFO - SpotiSpy song collection starting...
2025-12-03 10:58:03,050 - music_tracker - INFO - Starting song collection (last 1 hours)
2025-12-03 10:58:03,051 - music_tracker - INFO - Fetching recent tracks from Spotify...
2025-12-03 10:58:03,403 - music_tracker - INFO - No recent songs found from Spotify
2025-12-03 10:58:03,405 - music_tracker - INFO - No new songs found from Spotify API
2025-12-03 10:58:03,405 - music_tracker - INFO - Song collection completed successfully
2025-12-03 11:58:04,554 - music_tracker - INFO - SpotiSpy song collection starting...
2025-12-03 11:58:04,555 - music_tracker - INFO - Starting song collection (last 1 hours)
2025-12-03 11:58:04,556 - music_tracker - INFO - Fetching recent tracks from Spotify...
2025-12-03 11:58:05,077 - music_tracker - INFO - Fetched 6 songs from Spotify
2025-12-03 11:58:05,080 - music_tracker - INFO - Found 6 songs from Spotify API
2025-12-03 11:58:05,080 - music_tracker - INFO - Checking for duplicates in database...
2025-12-03 11:58:06,674 - music_tracker - INFO - Found 6 new songs out of 6 total
2025-12-03 11:58:06,676 - music_tracker - INFO - Found 6 new songs to save
2025-12-03 11:58:06,677 - music_tracker - INFO - Saving songs to database...
2025-12-03 11:58:07,082 - music_tracker - INFO - Successfully saved 6 songs to database
2025-12-03 11:58:07,084 - music_tracker - INFO - Successfully saved 6 songs to database
2025-12-03 11:58:07,084 - music_tracker - INFO - Song collection completed successfully
2025-12-03 12:58:03,026 - music_tracker - INFO - SpotiSpy song collection starting...
2025-12-03 12:58:03,027 - music_tracker - INFO - Starting song collection (last 1 hours)
2025-12-03 12:58:03,027 - music_tracker - INFO - Fetching recent tracks from Spotify...
2025-12-03 12:58:03,498 - music_tracker - INFO - Fetched 6 songs from Spotify
2025-12-03 12:58:03,501 - music_tracker - INFO - Found 6 songs from Spotify API
2025-12-03 12:58:03,501 - music_tracker - INFO - Checking for duplicates in database...
2025-12-03 12:58:04,911 - music_tracker - INFO - Found 6 new songs out of 6 total
2025-12-03 12:58:04,914 - music_tracker - INFO - Found 6 new songs to save
2025-12-03 12:58:04,915 - music_tracker - INFO - Saving songs to database...
2025-12-03 12:58:05,311 - music_tracker - INFO - Successfully saved 6 songs to database
2025-12-03 12:58:05,313 - music_tracker - INFO - Successfully saved 6 songs to database
2025-12-03 12:58:05,314 - music_tracker - INFO - Song collection completed successfully
2025-12-03 13:58:03,241 - music_tracker - INFO - SpotiSpy song collection starting...
2025-12-03 13:58:03,241 - music_tracker - INFO - Starting song collection (last 1 hours)
2025-12-03 13:58:03,242 - music_tracker - INFO - Fetching recent tracks from Spotify...
2025-12-03 13:58:03,832 - music_tracker - INFO - Fetched 18 songs from Spotify
2025-12-03 13:58:03,835 - music_tracker - INFO - Found 18 songs from Spotify API
2025-12-03 13:58:03,836 - music_tracker - INFO - Checking for duplicates in database...
2025-12-03 13:58:05,192 - music_tracker - INFO - Found 18 new songs out of 18 total
2025-12-03 13:58:05,194 - music_tracker - INFO - Found 18 new songs to save
2025-12-03 13:58:05,195 - music_tracker - INFO - Saving songs to database...
2025-12-03 13:58:05,507 - music_tracker - INFO - Successfully saved 18 songs to database
2025-12-03 13:58:05,509 - music_tracker - INFO - Successfully saved 18 songs to database
2025-12-03 13:58:05,510 - music_tracker - INFO - Song collection completed successfully
2025-12-03 14:58:03,422 - music_tracker - INFO - SpotiSpy song collection starting...
2025-12-03 14:58:03,423 - music_tracker - INFO - Starting song collection (last 1 hours)
2025-12-03 14:58:03,423 - music_tracker - INFO - Fetching recent tracks from Spotify...
2025-12-03 14:58:03,998 - music_tracker - INFO - Fetched 14 songs from Spotify
2025-12-03 14:58:04,001 - music_tracker - INFO - Found 14 songs from Spotify API
2025-12-03 14:58:04,002 - music_tracker - INFO - Checking for duplicates in database...
2025-12-03 14:58:05,427 - music_tracker - INFO - Found 14 new songs out of 14 total
2025-12-03 14:58:05,429 - music_tracker - INFO - Found 14 new songs to save
2025-12-03 14:58:05,430 - music_tracker - INFO - Saving songs to database...
2025-12-03 14:58:05,791 - music_tracker - INFO - Successfully saved 14 songs to database
2025-12-03 14:58:05,792 - music_tracker - INFO - Successfully saved 14 songs to database
2025-12-03 14:58:05,793 - music_tracker - INFO - Song collection completed successfully
2025-12-03 15:58:02,700 - music_tracker - INFO - SpotiSpy song collection starting...
2025-12-03 15:58:02,701 - music_tracker - INFO - Starting song collection (last 1 hours)
2025-12-03 15:58:02,702 - music_tracker - INFO - Fetching recent tracks from Spotify...
2025-12-03 15:58:03,338 - music_tracker - INFO - Fetched 15 songs from Spotify
2025-12-03 15:58:03,341 - music_tracker - INFO - Found 15 songs from Spotify API
2025-12-03 15:58:03,342 - music_tracker - INFO - Checking for duplicates in database...
2025-12-03 15:58:04,922 - music_tracker - INFO - Found 15 new songs out of 15 total
2025-12-03 15:58:04,924 - music_tracker - INFO - Found 15 new songs to save
2025-12-03 15:58:04,925 - music_tracker - INFO - Saving songs to database...
2025-12-03 15:58:05,332 - music_tracker - INFO - Successfully saved 15 songs to database
2025-12-03 15:58:05,334 - music_tracker - INFO - Successfully saved 15 songs to database
2025-12-03 15:58:05,335 - music_tracker - INFO - Song collection completed successfully
2025-12-03 16:58:03,247 - music_tracker - INFO - SpotiSpy song collection starting...
2025-12-03 16:58:03,247 - music_tracker - INFO - Starting song collection (last 1 hours)
2025-12-03 16:58:03,248 - music_tracker - INFO - Fetching recent tracks from Spotify...
2025-12-03 16:58:03,771 - music_tracker - INFO - Fetched 15 songs from Spotify
2025-12-03 16:58:03,774 - music_tracker - INFO - Found 15 songs from Spotify API
2025-12-03 16:58:03,775 - music_tracker - INFO - Checking for duplicates in database...
2025-12-03 16:58:05,092 - music_tracker - INFO - Found 15 new songs out of 15 total
2025-12-03 16:58:05,094 - music_tracker - INFO - Found 15 new songs to save
2025-12-03 16:58:05,095 - music_tracker - INFO - Saving songs to database...
2025-12-03 16:58:05,395 - music_tracker - INFO - Successfully saved 15 songs to database
2025-12-03 16:58:05,397 - music_tracker - INFO - Successfully saved 15 songs to database
2025-12-03 16:58:05,397 - music_tracker - INFO - Song collection completed successfully
2025-12-03 17:58:03,317 - music_tracker - INFO - SpotiSpy song collection starting...
2025-12-03 17:58:03,317 - music_tracker - INFO - Starting song collection (last 1 hours)
2025-12-03 17:58:03,318 - music_tracker - INFO - Fetching recent tracks from Spotify...
2025-12-03 17:58:03,792 - music_tracker - INFO - No recent songs found from Spotify
2025-12-03 17:58:03,795 - music_tracker - INFO - No new songs found from Spotify API
2025-12-03 17:58:03,795 - music_tracker - INFO - Song collection completed successfully
2025-12-03 18:58:02,687 - music_tracker - INFO - SpotiSpy song collection starting...
2025-12-03 18:58:02,687 - music_tracker - INFO - Starting song collection (last 1 hours)
2025-12-03 18:58:02,688 - music_tracker - INFO - Fetching recent tracks from Spotify...
2025-12-03 18:58:03,047 - music_tracker - INFO - No recent songs found from Spotify
2025-12-03 18:58:03,049 - music_tracker - INFO - No new songs found from Spotify API
2025-12-03 18:58:03,050 - music_tracker - INFO - Song collection completed successfully
2025-12-03 19:58:02,937 - music_tracker - INFO - SpotiSpy song collection starting...
2025-12-03 19:58:02,938 - music_tracker - INFO - Starting song collection (last 1 hours)
2025-12-03 19:58:02,938 - music_tracker - INFO - Fetching recent tracks from Spotify...
2025-12-03 19:58:08,292 - music_tracker - INFO - No recent songs found from Spotify
2025-12-03 19:58:08,295 - music_tracker - INFO - No new songs found from Spotify API
2025-12-03 19:58:08,296 - music_tracker - INFO - Song collection completed successfully
2025-12-03 20:58:03,200 - music_tracker - INFO - SpotiSpy song collection starting...
2025-12-03 20:58:03,201 - music_tracker - INFO - Starting song collection (last 1 hours)
2025-12-03 20:58:03,202 - music_tracker - INFO - Fetching recent tracks from Spotify...
2025-12-03 20:58:03,613 - music_tracker - INFO - No recent songs found from Spotify
2025-12-03 20:58:03,615 - music_tracker - INFO - No new songs found from Spotify API
2025-12-03 20:58:03,616 - music_tracker - INFO - Song collection completed successfully
2025-12-03 21:58:03,551 - music_tracker - INFO - SpotiSpy song collection starting...
2025-12-03 21:58:03,551 - music_tracker - INFO - Starting song collection (last 1 hours)
2025-12-03 21:58:03,552 - music_tracker - INFO - Fetching recent tracks from Spotify...
2025-12-03 21:58:04,204 - music_tracker - INFO - No recent songs found from Spotify
2025-12-03 21:58:04,207 - music_tracker - INFO - No new songs found from Spotify API
2025-12-03 21:58:04,208 - music_tracker - INFO - Song collection completed successfully
2025-12-03 22:58:03,130 - music_tracker - INFO - SpotiSpy song collection starting...
2025-12-03 22:58:03,131 - music_tracker - INFO - Starting song collection (last 1 hours)
2025-12-03 22:58:03,131 - music_tracker - INFO - Fetching recent tracks from Spotify...
2025-12-03 22:58:03,494 - music_tracker - INFO - No recent songs found from Spotify
2025-12-03 22:58:03,496 - music_tracker - INFO - No new songs found from Spotify API
2025-12-03 22:58:03,497 - music_tracker - INFO - Song collection completed successfully
2025-12-03 23:58:03,385 - music_tracker - INFO - SpotiSpy song collection starting...
2025-12-03 23:58:03,386 - music_tracker - INFO - Starting song collection (last 1 hours)
2025-12-03 23:58:03,386 - music_tracker - INFO - Fetching recent tracks from Spotify...
2025-12-03 23:58:03,759 - music_tracker - INFO - No recent songs found from Spotify
2025-12-03 23:58:03,761 - music_tracker - INFO - No new songs found from Spotify API
2025-12-03 23:58:03,762 - music_tracker - INFO - Song collection completed successfully
