2025-09-18 00:58:03,511 - music_tracker - INFO - SpotiSpy song collection starting...
2025-09-18 00:58:03,512 - music_tracker - INFO - Starting song collection (last 1 hours)
2025-09-18 00:58:03,513 - music_tracker - INFO - Fetching recent tracks from Spotify...
2025-09-18 00:58:04,254 - music_tracker - INFO - Fetched 20 songs from Spotify
2025-09-18 00:58:04,259 - music_tracker - INFO - Found 20 songs from Spotify API
2025-09-18 00:58:04,259 - music_tracker - INFO - Checking for duplicates in database...
2025-09-18 00:58:05,574 - music_tracker - INFO - Found 20 new songs out of 20 total
2025-09-18 00:58:05,576 - music_tracker - INFO - Found 20 new songs to save
2025-09-18 00:58:05,577 - music_tracker - INFO - Saving songs to database...
2025-09-18 00:58:05,997 - music_tracker - INFO - Successfully saved 20 songs to database
2025-09-18 00:58:05,999 - music_tracker - INFO - Successfully saved 20 songs to database
2025-09-18 00:58:05,999 - music_tracker - INFO - Song collection completed successfully
2025-09-18 01:58:02,930 - music_tracker - INFO - SpotiSpy song collection starting...
2025-09-18 01:58:02,930 - music_tracker - INFO - Starting song collection (last 1 hours)
2025-09-18 01:58:02,931 - music_tracker - INFO - Fetching recent tracks from Spotify...
2025-09-18 01:58:03,502 - music_tracker - INFO - Fetched 14 songs from Spotify
2025-09-18 01:58:03,505 - music_tracker - INFO - Found 14 songs from Spotify API
2025-09-18 01:58:03,506 - music_tracker - INFO - Checking for duplicates in database...
2025-09-18 01:58:04,704 - music_tracker - INFO - Found 14 new songs out of 14 total
2025-09-18 01:58:04,706 - music_tracker - INFO - Found 14 new songs to save
2025-09-18 01:58:04,707 - music_tracker - INFO - Saving songs to database...
2025-09-18 01:58:05,003 - music_tracker - INFO - Successfully saved 14 songs to database
2025-09-18 01:58:05,005 - music_tracker - INFO - Successfully saved 14 songs to database
2025-09-18 01:58:05,006 - music_tracker - INFO - Song collection completed successfully
2025-09-18 02:58:02,944 - music_tracker - INFO - SpotiSpy song collection starting...
2025-09-18 02:58:02,945 - music_tracker - INFO - Starting song collection (last 1 hours)
2025-09-18 02:58:02,945 - music_tracker - INFO - Fetching recent tracks from Spotify...
2025-09-18 02:58:03,344 - music_tracker - INFO - No recent songs found from Spotify
2025-09-18 02:58:03,346 - music_tracker - INFO - No new songs found from Spotify API
2025-09-18 02:58:03,347 - music_tracker - INFO - Song collection completed successfully
2025-09-18 03:58:03,318 - music_tracker - INFO - SpotiSpy song collection starting...
2025-09-18 03:58:03,318 - music_tracker - INFO - Starting song collection (last 1 hours)
2025-09-18 03:58:03,319 - music_tracker - INFO - Fetching recent tracks from Spotify...
2025-09-18 03:58:03,729 - music_tracker - INFO - No recent songs found from Spotify
2025-09-18 03:58:03,731 - music_tracker - INFO - No new songs found from Spotify API
2025-09-18 03:58:03,731 - music_tracker - INFO - Song collection completed successfully
2025-09-18 04:58:03,361 - music_tracker - INFO - SpotiSpy song collection starting...
2025-09-18 04:58:03,361 - music_tracker - INFO - Starting song collection (last 1 hours)
2025-09-18 04:58:03,362 - music_tracker - INFO - Fetching recent tracks from Spotify...
2025-09-18 04:58:03,741 - music_tracker - INFO - No recent songs found from Spotify
2025-09-18 04:58:03,743 - music_tracker - INFO - No new songs found from Spotify API
2025-09-18 04:58:03,743 - music_tracker - INFO - Song collection completed successfully
2025-09-18 05:58:02,624 - music_tracker - INFO - SpotiSpy song collection starting...
2025-09-18 05:58:02,624 - music_tracker - INFO - Starting song collection (last 1 hours)
2025-09-18 05:58:02,625 - music_tracker - INFO - Fetching recent tracks from Spotify...
2025-09-18 05:58:03,003 - music_tracker - INFO - No recent songs found from Spotify
2025-09-18 05:58:03,005 - music_tracker - INFO - No new songs found from Spotify API
2025-09-18 05:58:03,005 - music_tracker - INFO - Song collection completed successfully
2025-09-18 06:58:02,975 - music_tracker - INFO - SpotiSpy song collection starting...
2025-09-18 06:58:02,976 - music_tracker - INFO - Starting song collection (last 1 hours)
2025-09-18 06:58:02,977 - music_tracker - INFO - Fetching recent tracks from Spotify...
2025-09-18 06:58:03,396 - music_tracker - INFO - No recent songs found from Spotify
2025-09-18 06:58:03,398 - music_tracker - INFO - No new songs found from Spotify API
2025-09-18 06:58:03,399 - music_tracker - INFO - Song collection completed successfully
2025-09-18 07:58:03,528 - music_tracker - INFO - SpotiSpy song collection starting...
2025-09-18 07:58:03,528 - music_tracker - INFO - Starting song collection (last 1 hours)
2025-09-18 07:58:03,529 - music_tracker - INFO - Fetching recent tracks from Spotify...
2025-09-18 07:58:03,899 - music_tracker - INFO - No recent songs found from Spotify
2025-09-18 07:58:03,901 - music_tracker - INFO - No new songs found from Spotify API
2025-09-18 07:58:03,901 - music_tracker - INFO - Song collection completed successfully
2025-09-18 08:58:03,180 - music_tracker - INFO - SpotiSpy song collection starting...
2025-09-18 08:58:03,181 - music_tracker - INFO - Starting song collection (last 1 hours)
2025-09-18 08:58:03,182 - music_tracker - INFO - Fetching recent tracks from Spotify...
2025-09-18 08:58:03,833 - music_tracker - INFO - Fetched 7 songs from Spotify
2025-09-18 08:58:03,836 - music_tracker - INFO - Found 7 songs from Spotify API
2025-09-18 08:58:03,836 - music_tracker - INFO - Checking for duplicates in database...
2025-09-18 08:58:05,459 - music_tracker - INFO - Found 7 new songs out of 7 total
2025-09-18 08:58:05,461 - music_tracker - INFO - Found 7 new songs to save
2025-09-18 08:58:05,462 - music_tracker - INFO - Saving songs to database...
2025-09-18 08:58:05,945 - music_tracker - INFO - Successfully saved 7 songs to database
2025-09-18 08:58:05,947 - music_tracker - INFO - Successfully saved 7 songs to database
2025-09-18 08:58:05,948 - music_tracker - INFO - Song collection completed successfully
2025-09-18 09:00:12,407 - music_tracker - INFO - SpotiSpy starting...
2025-09-18 09:00:12,408 - music_tracker - INFO - Starting daily SpotiSpy analysis
2025-09-18 09:00:12,408 - music_tracker - INFO - Fetching yesterday's listening data...
2025-09-18 09:00:12,928 - music_tracker - INFO - Fetched 186 songs from database
2025-09-18 09:00:12,930 - music_tracker - INFO - Found 186 songs to analyze
2025-09-18 09:00:12,930 - music_tracker - INFO - Running analysis...
2025-09-18 09:00:12,943 - music_tracker - INFO - Sending daily summary to Slack...
2025-09-18 09:00:44,480 - music_tracker - INFO - Message sent successfully to Slack
2025-09-18 09:00:44,480 - music_tracker - INFO - Daily analysis completed successfully!
2025-09-18 09:00:44,481 - music_tracker - INFO - SpotiSpy completed successfully
2025-09-18 09:58:04,622 - music_tracker - INFO - SpotiSpy song collection starting...
2025-09-18 09:58:04,623 - music_tracker - INFO - Starting song collection (last 1 hours)
2025-09-18 09:58:04,623 - music_tracker - INFO - Fetching recent tracks from Spotify...
2025-09-18 09:58:05,202 - music_tracker - INFO - Fetched 19 songs from Spotify
2025-09-18 09:58:05,206 - music_tracker - INFO - Found 19 songs from Spotify API
2025-09-18 09:58:05,207 - music_tracker - INFO - Checking for duplicates in database...
2025-09-18 09:58:06,479 - music_tracker - INFO - Found 19 new songs out of 19 total
2025-09-18 09:58:06,481 - music_tracker - INFO - Found 19 new songs to save
2025-09-18 09:58:06,482 - music_tracker - INFO - Saving songs to database...
2025-09-18 09:58:06,924 - music_tracker - INFO - Successfully saved 19 songs to database
2025-09-18 09:58:06,926 - music_tracker - INFO - Successfully saved 19 songs to database
2025-09-18 09:58:06,927 - music_tracker - INFO - Song collection completed successfully
2025-09-18 10:58:02,874 - music_tracker - INFO - SpotiSpy song collection starting...
2025-09-18 10:58:02,875 - music_tracker - INFO - Starting song collection (last 1 hours)
2025-09-18 10:58:02,876 - music_tracker - INFO - Fetching recent tracks from Spotify...
2025-09-18 10:58:03,685 - music_tracker - INFO - Fetched 18 songs from Spotify
2025-09-18 10:58:03,689 - music_tracker - INFO - Found 18 songs from Spotify API
2025-09-18 10:58:03,690 - music_tracker - INFO - Checking for duplicates in database...
2025-09-18 10:58:05,103 - music_tracker - INFO - Found 18 new songs out of 18 total
2025-09-18 10:58:05,105 - music_tracker - INFO - Found 18 new songs to save
2025-09-18 10:58:05,106 - music_tracker - INFO - Saving songs to database...
2025-09-18 10:58:05,556 - music_tracker - INFO - Successfully saved 18 songs to database
2025-09-18 10:58:05,558 - music_tracker - INFO - Successfully saved 18 songs to database
2025-09-18 10:58:05,559 - music_tracker - INFO - Song collection completed successfully
2025-09-18 11:58:03,482 - music_tracker - INFO - SpotiSpy song collection starting...
2025-09-18 11:58:03,482 - music_tracker - INFO - Starting song collection (last 1 hours)
2025-09-18 11:58:03,483 - music_tracker - INFO - Fetching recent tracks from Spotify...
2025-09-18 11:58:03,960 - music_tracker - INFO - Fetched 15 songs from Spotify
2025-09-18 11:58:03,963 - music_tracker - INFO - Found 15 songs from Spotify API
2025-09-18 11:58:03,964 - music_tracker - INFO - Checking for duplicates in database...
2025-09-18 11:58:05,272 - music_tracker - INFO - Found 15 new songs out of 15 total
2025-09-18 11:58:05,274 - music_tracker - INFO - Found 15 new songs to save
2025-09-18 11:58:05,275 - music_tracker - INFO - Saving songs to database...
2025-09-18 11:58:05,680 - music_tracker - INFO - Successfully saved 15 songs to database
2025-09-18 11:58:05,682 - music_tracker - INFO - Successfully saved 15 songs to database
2025-09-18 11:58:05,683 - music_tracker - INFO - Song collection completed successfully
2025-09-18 12:58:03,591 - music_tracker - INFO - SpotiSpy song collection starting...
2025-09-18 12:58:03,592 - music_tracker - INFO - Starting song collection (last 1 hours)
2025-09-18 12:58:03,593 - music_tracker - INFO - Fetching recent tracks from Spotify...
2025-09-18 12:58:04,145 - music_tracker - INFO - Fetched 18 songs from Spotify
2025-09-18 12:58:04,148 - music_tracker - INFO - Found 18 songs from Spotify API
2025-09-18 12:58:04,148 - music_tracker - INFO - Checking for duplicates in database...
2025-09-18 12:58:05,479 - music_tracker - INFO - Found 18 new songs out of 18 total
2025-09-18 12:58:05,481 - music_tracker - INFO - Found 18 new songs to save
2025-09-18 12:58:05,482 - music_tracker - INFO - Saving songs to database...
2025-09-18 12:58:05,915 - music_tracker - INFO - Successfully saved 18 songs to database
2025-09-18 12:58:05,917 - music_tracker - INFO - Successfully saved 18 songs to database
2025-09-18 12:58:05,918 - music_tracker - INFO - Song collection completed successfully
2025-09-18 13:58:02,853 - music_tracker - INFO - SpotiSpy song collection starting...
2025-09-18 13:58:02,853 - music_tracker - INFO - Starting song collection (last 1 hours)
2025-09-18 13:58:02,854 - music_tracker - INFO - Fetching recent tracks from Spotify...
2025-09-18 13:58:03,281 - music_tracker - INFO - Fetched 8 songs from Spotify
2025-09-18 13:58:03,284 - music_tracker - INFO - Found 8 songs from Spotify API
2025-09-18 13:58:03,285 - music_tracker - INFO - Checking for duplicates in database...
2025-09-18 13:58:04,594 - music_tracker - INFO - Found 8 new songs out of 8 total
2025-09-18 13:58:04,596 - music_tracker - INFO - Found 8 new songs to save
2025-09-18 13:58:04,597 - music_tracker - INFO - Saving songs to database...
2025-09-18 13:58:04,888 - music_tracker - INFO - Successfully saved 8 songs to database
2025-09-18 13:58:04,890 - music_tracker - INFO - Successfully saved 8 songs to database
2025-09-18 13:58:04,890 - music_tracker - INFO - Song collection completed successfully
2025-09-18 14:58:02,800 - music_tracker - INFO - SpotiSpy song collection starting...
2025-09-18 14:58:02,800 - music_tracker - INFO - Starting song collection (last 1 hours)
2025-09-18 14:58:02,801 - music_tracker - INFO - Fetching recent tracks from Spotify...
2025-09-18 14:58:03,295 - music_tracker - INFO - Fetched 4 songs from Spotify
2025-09-18 14:58:03,298 - music_tracker - INFO - Found 4 songs from Spotify API
2025-09-18 14:58:03,298 - music_tracker - INFO - Checking for duplicates in database...
2025-09-18 14:58:04,781 - music_tracker - INFO - Found 4 new songs out of 4 total
2025-09-18 14:58:04,783 - music_tracker - INFO - Found 4 new songs to save
2025-09-18 14:58:04,784 - music_tracker - INFO - Saving songs to database...
2025-09-18 14:58:05,168 - music_tracker - INFO - Successfully saved 4 songs to database
2025-09-18 14:58:05,170 - music_tracker - INFO - Successfully saved 4 songs to database
2025-09-18 14:58:05,171 - music_tracker - INFO - Song collection completed successfully
2025-09-18 15:58:03,171 - music_tracker - INFO - SpotiSpy song collection starting...
2025-09-18 15:58:03,172 - music_tracker - INFO - Starting song collection (last 1 hours)
2025-09-18 15:58:03,173 - music_tracker - INFO - Fetching recent tracks from Spotify...
2025-09-18 15:58:03,625 - music_tracker - INFO - Fetched 4 songs from Spotify
2025-09-18 15:58:03,627 - music_tracker - INFO - Found 4 songs from Spotify API
2025-09-18 15:58:03,628 - music_tracker - INFO - Checking for duplicates in database...
2025-09-18 15:58:05,027 - music_tracker - INFO - Found 4 new songs out of 4 total
2025-09-18 15:58:05,029 - music_tracker - INFO - Found 4 new songs to save
2025-09-18 15:58:05,030 - music_tracker - INFO - Saving songs to database...
2025-09-18 15:58:05,406 - music_tracker - INFO - Successfully saved 4 songs to database
2025-09-18 15:58:05,408 - music_tracker - INFO - Successfully saved 4 songs to database
2025-09-18 15:58:05,409 - music_tracker - INFO - Song collection completed successfully
2025-09-18 16:58:03,608 - music_tracker - INFO - SpotiSpy song collection starting...
2025-09-18 16:58:03,608 - music_tracker - INFO - Starting song collection (last 1 hours)
2025-09-18 16:58:03,609 - music_tracker - INFO - Fetching recent tracks from Spotify...
2025-09-18 16:58:04,136 - music_tracker - INFO - Fetched 10 songs from Spotify
2025-09-18 16:58:04,138 - music_tracker - INFO - Found 10 songs from Spotify API
2025-09-18 16:58:04,139 - music_tracker - INFO - Checking for duplicates in database...
2025-09-18 16:58:05,513 - music_tracker - INFO - Found 10 new songs out of 10 total
2025-09-18 16:58:05,515 - music_tracker - INFO - Found 10 new songs to save
2025-09-18 16:58:05,516 - music_tracker - INFO - Saving songs to database...
2025-09-18 16:58:05,883 - music_tracker - INFO - Successfully saved 10 songs to database
2025-09-18 16:58:05,885 - music_tracker - INFO - Successfully saved 10 songs to database
2025-09-18 16:58:05,886 - music_tracker - INFO - Song collection completed successfully
2025-09-18 17:58:02,777 - music_tracker - INFO - SpotiSpy song collection starting...
2025-09-18 17:58:02,777 - music_tracker - INFO - Starting song collection (last 1 hours)
2025-09-18 17:58:02,778 - music_tracker - INFO - Fetching recent tracks from Spotify...
2025-09-18 17:58:03,306 - music_tracker - INFO - Fetched 11 songs from Spotify
2025-09-18 17:58:03,309 - music_tracker - INFO - Found 11 songs from Spotify API
2025-09-18 17:58:03,310 - music_tracker - INFO - Checking for duplicates in database...
2025-09-18 17:58:04,056 - music_tracker - INFO - Found 11 new songs out of 11 total
2025-09-18 17:58:04,058 - music_tracker - INFO - Found 11 new songs to save
2025-09-18 17:58:04,059 - music_tracker - INFO - Saving songs to database...
2025-09-18 17:58:04,375 - music_tracker - INFO - Successfully saved 11 songs to database
2025-09-18 17:58:04,378 - music_tracker - INFO - Successfully saved 11 songs to database
2025-09-18 17:58:04,378 - music_tracker - INFO - Song collection completed successfully
2025-09-18 18:58:03,300 - music_tracker - INFO - SpotiSpy song collection starting...
2025-09-18 18:58:03,301 - music_tracker - INFO - Starting song collection (last 1 hours)
2025-09-18 18:58:03,301 - music_tracker - INFO - Fetching recent tracks from Spotify...
2025-09-18 18:58:03,849 - music_tracker - INFO - Fetched 8 songs from Spotify
2025-09-18 18:58:03,852 - music_tracker - INFO - Found 8 songs from Spotify API
2025-09-18 18:58:03,852 - music_tracker - INFO - Checking for duplicates in database...
2025-09-18 18:58:05,150 - music_tracker - INFO - Found 8 new songs out of 8 total
2025-09-18 18:58:05,152 - music_tracker - INFO - Found 8 new songs to save
2025-09-18 18:58:05,153 - music_tracker - INFO - Saving songs to database...
2025-09-18 18:58:05,537 - music_tracker - INFO - Successfully saved 8 songs to database
2025-09-18 18:58:05,539 - music_tracker - INFO - Successfully saved 8 songs to database
2025-09-18 18:58:05,539 - music_tracker - INFO - Song collection completed successfully
2025-09-18 19:58:03,451 - music_tracker - INFO - SpotiSpy song collection starting...
2025-09-18 19:58:03,452 - music_tracker - INFO - Starting song collection (last 1 hours)
2025-09-18 19:58:03,453 - music_tracker - INFO - Fetching recent tracks from Spotify...
2025-09-18 19:58:03,871 - music_tracker - INFO - No recent songs found from Spotify
2025-09-18 19:58:03,873 - music_tracker - INFO - No new songs found from Spotify API
2025-09-18 19:58:03,873 - music_tracker - INFO - Song collection completed successfully
2025-09-18 20:58:02,765 - music_tracker - INFO - SpotiSpy song collection starting...
2025-09-18 20:58:02,765 - music_tracker - INFO - Starting song collection (last 1 hours)
2025-09-18 20:58:02,766 - music_tracker - INFO - Fetching recent tracks from Spotify...
2025-09-18 20:58:03,320 - music_tracker - INFO - Fetched 7 songs from Spotify
2025-09-18 20:58:03,323 - music_tracker - INFO - Found 7 songs from Spotify API
2025-09-18 20:58:03,323 - music_tracker - INFO - Checking for duplicates in database...
2025-09-18 20:58:04,417 - music_tracker - INFO - Found 7 new songs out of 7 total
2025-09-18 20:58:04,419 - music_tracker - INFO - Found 7 new songs to save
2025-09-18 20:58:04,420 - music_tracker - INFO - Saving songs to database...
2025-09-18 20:58:04,868 - music_tracker - INFO - Successfully saved 7 songs to database
2025-09-18 20:58:04,870 - music_tracker - INFO - Successfully saved 7 songs to database
2025-09-18 20:58:04,871 - music_tracker - INFO - Song collection completed successfully
2025-09-18 21:58:02,792 - music_tracker - INFO - SpotiSpy song collection starting...
2025-09-18 21:58:02,792 - music_tracker - INFO - Starting song collection (last 1 hours)
2025-09-18 21:58:02,793 - music_tracker - INFO - Fetching recent tracks from Spotify...
2025-09-18 21:58:03,324 - music_tracker - INFO - Fetched 11 songs from Spotify
2025-09-18 21:58:03,327 - music_tracker - INFO - Found 11 songs from Spotify API
2025-09-18 21:58:03,327 - music_tracker - INFO - Checking for duplicates in database...
2025-09-18 21:58:04,711 - music_tracker - INFO - Found 11 new songs out of 11 total
2025-09-18 21:58:04,713 - music_tracker - INFO - Found 11 new songs to save
2025-09-18 21:58:04,714 - music_tracker - INFO - Saving songs to database...
2025-09-18 21:58:05,120 - music_tracker - INFO - Successfully saved 11 songs to database
2025-09-18 21:58:05,121 - music_tracker - INFO - Successfully saved 11 songs to database
2025-09-18 21:58:05,122 - music_tracker - INFO - Song collection completed successfully
2025-09-18 22:58:03,210 - music_tracker - INFO - SpotiSpy song collection starting...
2025-09-18 22:58:03,211 - music_tracker - INFO - Starting song collection (last 1 hours)
2025-09-18 22:58:03,211 - music_tracker - INFO - Fetching recent tracks from Spotify...
2025-09-18 22:58:03,559 - music_tracker - INFO - No recent songs found from Spotify
2025-09-18 22:58:03,561 - music_tracker - INFO - No new songs found from Spotify API
2025-09-18 22:58:03,562 - music_tracker - INFO - Song collection completed successfully
2025-09-18 23:58:03,449 - music_tracker - INFO - SpotiSpy song collection starting...
2025-09-18 23:58:03,449 - music_tracker - INFO - Starting song collection (last 1 hours)
2025-09-18 23:58:03,450 - music_tracker - INFO - Fetching recent tracks from Spotify...
2025-09-18 23:58:03,924 - music_tracker - INFO - Fetched 10 songs from Spotify
2025-09-18 23:58:03,927 - music_tracker - INFO - Found 10 songs from Spotify API
2025-09-18 23:58:03,928 - music_tracker - INFO - Checking for duplicates in database...
2025-09-18 23:58:05,322 - music_tracker - INFO - Found 10 new songs out of 10 total
2025-09-18 23:58:05,324 - music_tracker - INFO - Found 10 new songs to save
2025-09-18 23:58:05,325 - music_tracker - INFO - Saving songs to database...
2025-09-18 23:58:05,711 - music_tracker - INFO - Successfully saved 10 songs to database
2025-09-18 23:58:05,713 - music_tracker - INFO - Successfully saved 10 songs to database
2025-09-18 23:58:05,714 - music_tracker - INFO - Song collection completed successfully
