2025-09-27 00:58:02,997 - music_tracker - INFO - SpotiSpy song collection starting...
2025-09-27 00:58:02,998 - music_tracker - INFO - Starting song collection (last 1 hours)
2025-09-27 00:58:02,998 - music_tracker - INFO - Fetching recent tracks from Spotify...
2025-09-27 00:58:03,628 - music_tracker - INFO - Fetched 4 songs from Spotify
2025-09-27 00:58:03,632 - music_tracker - INFO - Found 4 songs from Spotify API
2025-09-27 00:58:03,633 - music_tracker - INFO - Checking for duplicates in database...
2025-09-27 00:58:04,940 - music_tracker - INFO - Found 4 new songs out of 4 total
2025-09-27 00:58:04,942 - music_tracker - INFO - Found 4 new songs to save
2025-09-27 00:58:04,943 - music_tracker - INFO - Saving songs to database...
2025-09-27 00:58:05,226 - music_tracker - INFO - Successfully saved 4 songs to database
2025-09-27 00:58:05,228 - music_tracker - INFO - Successfully saved 4 songs to database
2025-09-27 00:58:05,229 - music_tracker - INFO - Song collection completed successfully
2025-09-27 01:58:03,326 - music_tracker - INFO - SpotiSpy song collection starting...
2025-09-27 01:58:03,326 - music_tracker - INFO - Starting song collection (last 1 hours)
2025-09-27 01:58:03,327 - music_tracker - INFO - Fetching recent tracks from Spotify...
2025-09-27 01:58:03,695 - music_tracker - INFO - No recent songs found from Spotify
2025-09-27 01:58:03,697 - music_tracker - INFO - No new songs found from Spotify API
2025-09-27 01:58:03,698 - music_tracker - INFO - Song collection completed successfully
2025-09-27 02:58:03,692 - music_tracker - INFO - SpotiSpy song collection starting...
2025-09-27 02:58:03,693 - music_tracker - INFO - Starting song collection (last 1 hours)
2025-09-27 02:58:03,693 - music_tracker - INFO - Fetching recent tracks from Spotify...
2025-09-27 02:58:04,087 - music_tracker - INFO - No recent songs found from Spotify
2025-09-27 02:58:04,089 - music_tracker - INFO - No new songs found from Spotify API
2025-09-27 02:58:04,090 - music_tracker - INFO - Song collection completed successfully
2025-09-27 03:58:03,359 - music_tracker - INFO - SpotiSpy song collection starting...
2025-09-27 03:58:03,360 - music_tracker - INFO - Starting song collection (last 1 hours)
2025-09-27 03:58:03,361 - music_tracker - INFO - Fetching recent tracks from Spotify...
2025-09-27 03:58:03,707 - music_tracker - INFO - No recent songs found from Spotify
2025-09-27 03:58:03,710 - music_tracker - INFO - No new songs found from Spotify API
2025-09-27 03:58:03,710 - music_tracker - INFO - Song collection completed successfully
2025-09-27 04:58:02,609 - music_tracker - INFO - SpotiSpy song collection starting...
2025-09-27 04:58:02,610 - music_tracker - INFO - Starting song collection (last 1 hours)
2025-09-27 04:58:02,610 - music_tracker - INFO - Fetching recent tracks from Spotify...
2025-09-27 04:58:03,017 - music_tracker - INFO - No recent songs found from Spotify
2025-09-27 04:58:03,019 - music_tracker - INFO - No new songs found from Spotify API
2025-09-27 04:58:03,019 - music_tracker - INFO - Song collection completed successfully
2025-09-27 05:58:02,929 - music_tracker - INFO - SpotiSpy song collection starting...
2025-09-27 05:58:02,936 - music_tracker - INFO - Starting song collection (last 1 hours)
2025-09-27 05:58:02,937 - music_tracker - INFO - Fetching recent tracks from Spotify...
2025-09-27 05:58:03,299 - music_tracker - INFO - No recent songs found from Spotify
2025-09-27 05:58:03,301 - music_tracker - INFO - No new songs found from Spotify API
2025-09-27 05:58:03,302 - music_tracker - INFO - Song collection completed successfully
2025-09-27 06:58:03,360 - music_tracker - INFO - SpotiSpy song collection starting...
2025-09-27 06:58:03,361 - music_tracker - INFO - Starting song collection (last 1 hours)
2025-09-27 06:58:03,362 - music_tracker - INFO - Fetching recent tracks from Spotify...
2025-09-27 06:58:03,743 - music_tracker - INFO - No recent songs found from Spotify
2025-09-27 06:58:03,745 - music_tracker - INFO - No new songs found from Spotify API
2025-09-27 06:58:03,746 - music_tracker - INFO - Song collection completed successfully
2025-09-27 07:58:02,732 - music_tracker - INFO - SpotiSpy song collection starting...
2025-09-27 07:58:02,732 - music_tracker - INFO - Starting song collection (last 1 hours)
2025-09-27 07:58:02,733 - music_tracker - INFO - Fetching recent tracks from Spotify...
2025-09-27 07:58:03,089 - music_tracker - INFO - No recent songs found from Spotify
2025-09-27 07:58:03,091 - music_tracker - INFO - No new songs found from Spotify API
2025-09-27 07:58:03,092 - music_tracker - INFO - Song collection completed successfully
2025-09-27 08:58:02,921 - music_tracker - INFO - SpotiSpy song collection starting...
2025-09-27 08:58:02,922 - music_tracker - INFO - Starting song collection (last 1 hours)
2025-09-27 08:58:02,922 - music_tracker - INFO - Fetching recent tracks from Spotify...
2025-09-27 08:58:03,301 - music_tracker - INFO - No recent songs found from Spotify
2025-09-27 08:58:03,303 - music_tracker - INFO - No new songs found from Spotify API
2025-09-27 08:58:03,304 - music_tracker - INFO - Song collection completed successfully
2025-09-27 09:00:12,845 - music_tracker - INFO - SpotiSpy starting...
2025-09-27 09:00:12,846 - music_tracker - INFO - Starting daily SpotiSpy analysis
2025-09-27 09:00:12,846 - music_tracker - INFO - Fetching yesterday's listening data...
2025-09-27 09:00:14,405 - music_tracker - INFO - Fetched 139 songs from database
2025-09-27 09:00:14,407 - music_tracker - INFO - Found 139 songs to analyze
2025-09-27 09:00:14,408 - music_tracker - INFO - Running analysis...
2025-09-27 09:00:14,425 - music_tracker - INFO - Sending daily summary to Slack...
2025-09-27 09:00:50,925 - music_tracker - INFO - Message sent successfully to Slack
2025-09-27 09:00:50,926 - music_tracker - INFO - Daily analysis completed successfully!
2025-09-27 09:00:50,927 - music_tracker - INFO - SpotiSpy completed successfully
2025-09-27 09:58:03,789 - music_tracker - INFO - SpotiSpy song collection starting...
2025-09-27 09:58:03,790 - music_tracker - INFO - Starting song collection (last 1 hours)
2025-09-27 09:58:03,791 - music_tracker - INFO - Fetching recent tracks from Spotify...
2025-09-27 09:58:04,160 - music_tracker - INFO - No recent songs found from Spotify
2025-09-27 09:58:04,162 - music_tracker - INFO - No new songs found from Spotify API
2025-09-27 09:58:04,163 - music_tracker - INFO - Song collection completed successfully
2025-09-27 10:58:03,106 - music_tracker - INFO - SpotiSpy song collection starting...
2025-09-27 10:58:03,106 - music_tracker - INFO - Starting song collection (last 1 hours)
2025-09-27 10:58:03,107 - music_tracker - INFO - Fetching recent tracks from Spotify...
2025-09-27 10:58:03,469 - music_tracker - INFO - No recent songs found from Spotify
2025-09-27 10:58:03,472 - music_tracker - INFO - No new songs found from Spotify API
2025-09-27 10:58:03,472 - music_tracker - INFO - Song collection completed successfully
2025-09-27 11:58:03,393 - music_tracker - INFO - SpotiSpy song collection starting...
2025-09-27 11:58:03,394 - music_tracker - INFO - Starting song collection (last 1 hours)
2025-09-27 11:58:03,395 - music_tracker - INFO - Fetching recent tracks from Spotify...
2025-09-27 11:58:03,779 - music_tracker - INFO - No recent songs found from Spotify
2025-09-27 11:58:03,781 - music_tracker - INFO - No new songs found from Spotify API
2025-09-27 11:58:03,782 - music_tracker - INFO - Song collection completed successfully
2025-09-27 12:58:02,695 - music_tracker - INFO - SpotiSpy song collection starting...
2025-09-27 12:58:02,696 - music_tracker - INFO - Starting song collection (last 1 hours)
2025-09-27 12:58:02,697 - music_tracker - INFO - Fetching recent tracks from Spotify...
2025-09-27 12:58:03,196 - music_tracker - INFO - Fetched 4 songs from Spotify
2025-09-27 12:58:03,198 - music_tracker - INFO - Found 4 songs from Spotify API
2025-09-27 12:58:03,199 - music_tracker - INFO - Checking for duplicates in database...
2025-09-27 12:58:04,717 - music_tracker - INFO - Found 4 new songs out of 4 total
2025-09-27 12:58:04,720 - music_tracker - INFO - Found 4 new songs to save
2025-09-27 12:58:04,721 - music_tracker - INFO - Saving songs to database...
2025-09-27 12:58:05,139 - music_tracker - INFO - Successfully saved 4 songs to database
2025-09-27 12:58:05,141 - music_tracker - INFO - Successfully saved 4 songs to database
2025-09-27 12:58:05,141 - music_tracker - INFO - Song collection completed successfully
2025-09-27 13:58:03,074 - music_tracker - INFO - SpotiSpy song collection starting...
2025-09-27 13:58:03,074 - music_tracker - INFO - Starting song collection (last 1 hours)
2025-09-27 13:58:03,075 - music_tracker - INFO - Fetching recent tracks from Spotify...
2025-09-27 13:58:03,651 - music_tracker - INFO - Fetched 10 songs from Spotify
2025-09-27 13:58:03,654 - music_tracker - INFO - Found 10 songs from Spotify API
2025-09-27 13:58:03,654 - music_tracker - INFO - Checking for duplicates in database...
2025-09-27 13:58:05,131 - music_tracker - INFO - Found 10 new songs out of 10 total
2025-09-27 13:58:05,133 - music_tracker - INFO - Found 10 new songs to save
2025-09-27 13:58:05,134 - music_tracker - INFO - Saving songs to database...
2025-09-27 13:58:05,413 - music_tracker - INFO - Successfully saved 10 songs to database
2025-09-27 13:58:05,415 - music_tracker - INFO - Successfully saved 10 songs to database
2025-09-27 13:58:05,416 - music_tracker - INFO - Song collection completed successfully
2025-09-27 14:58:03,336 - music_tracker - INFO - SpotiSpy song collection starting...
2025-09-27 14:58:03,337 - music_tracker - INFO - Starting song collection (last 1 hours)
2025-09-27 14:58:03,338 - music_tracker - INFO - Fetching recent tracks from Spotify...
2025-09-27 14:58:03,805 - music_tracker - INFO - Fetched 1 songs from Spotify
2025-09-27 14:58:03,808 - music_tracker - INFO - Found 1 songs from Spotify API
2025-09-27 14:58:03,808 - music_tracker - INFO - Checking for duplicates in database...
2025-09-27 14:58:05,056 - music_tracker - INFO - Found 1 new songs out of 1 total
2025-09-27 14:58:05,058 - music_tracker - INFO - Found 1 new songs to save
2025-09-27 14:58:05,059 - music_tracker - INFO - Saving songs to database...
2025-09-27 14:58:05,480 - music_tracker - INFO - Successfully saved 1 songs to database
2025-09-27 14:58:05,482 - music_tracker - INFO - Successfully saved 1 songs to database
2025-09-27 14:58:05,483 - music_tracker - INFO - Song collection completed successfully
2025-09-27 15:58:03,403 - music_tracker - INFO - SpotiSpy song collection starting...
2025-09-27 15:58:03,404 - music_tracker - INFO - Starting song collection (last 1 hours)
2025-09-27 15:58:03,404 - music_tracker - INFO - Fetching recent tracks from Spotify...
2025-09-27 15:58:03,880 - music_tracker - INFO - No recent songs found from Spotify
2025-09-27 15:58:03,882 - music_tracker - INFO - No new songs found from Spotify API
2025-09-27 15:58:03,883 - music_tracker - INFO - Song collection completed successfully
2025-09-27 16:58:02,786 - music_tracker - INFO - SpotiSpy song collection starting...
2025-09-27 16:58:02,787 - music_tracker - INFO - Starting song collection (last 1 hours)
2025-09-27 16:58:02,787 - music_tracker - INFO - Fetching recent tracks from Spotify...
2025-09-27 16:58:03,158 - music_tracker - INFO - No recent songs found from Spotify
2025-09-27 16:58:03,160 - music_tracker - INFO - No new songs found from Spotify API
2025-09-27 16:58:03,161 - music_tracker - INFO - Song collection completed successfully
2025-09-27 17:58:03,066 - music_tracker - INFO - SpotiSpy song collection starting...
2025-09-27 17:58:03,066 - music_tracker - INFO - Starting song collection (last 1 hours)
2025-09-27 17:58:03,067 - music_tracker - INFO - Fetching recent tracks from Spotify...
2025-09-27 17:58:03,447 - music_tracker - INFO - No recent songs found from Spotify
2025-09-27 17:58:03,449 - music_tracker - INFO - No new songs found from Spotify API
2025-09-27 17:58:03,450 - music_tracker - INFO - Song collection completed successfully
2025-09-27 18:58:03,356 - music_tracker - INFO - SpotiSpy song collection starting...
2025-09-27 18:58:03,356 - music_tracker - INFO - Starting song collection (last 1 hours)
2025-09-27 18:58:03,357 - music_tracker - INFO - Fetching recent tracks from Spotify...
2025-09-27 18:58:03,863 - music_tracker - INFO - Fetched 3 songs from Spotify
2025-09-27 18:58:03,866 - music_tracker - INFO - Found 3 songs from Spotify API
2025-09-27 18:58:03,866 - music_tracker - INFO - Checking for duplicates in database...
2025-09-27 18:58:05,177 - music_tracker - INFO - Found 3 new songs out of 3 total
2025-09-27 18:58:05,179 - music_tracker - INFO - Found 3 new songs to save
2025-09-27 18:58:05,180 - music_tracker - INFO - Saving songs to database...
2025-09-27 18:58:05,660 - music_tracker - INFO - Successfully saved 3 songs to database
2025-09-27 18:58:05,662 - music_tracker - INFO - Successfully saved 3 songs to database
2025-09-27 18:58:05,663 - music_tracker - INFO - Song collection completed successfully
2025-09-27 19:58:03,596 - music_tracker - INFO - SpotiSpy song collection starting...
2025-09-27 19:58:03,597 - music_tracker - INFO - Starting song collection (last 1 hours)
2025-09-27 19:58:03,597 - music_tracker - INFO - Fetching recent tracks from Spotify...
2025-09-27 19:58:04,106 - music_tracker - INFO - Fetched 2 songs from Spotify
2025-09-27 19:58:04,109 - music_tracker - INFO - Found 2 songs from Spotify API
2025-09-27 19:58:04,109 - music_tracker - INFO - Checking for duplicates in database...
2025-09-27 19:58:05,413 - music_tracker - INFO - Found 2 new songs out of 2 total
2025-09-27 19:58:05,415 - music_tracker - INFO - Found 2 new songs to save
2025-09-27 19:58:05,416 - music_tracker - INFO - Saving songs to database...
2025-09-27 19:58:05,813 - music_tracker - INFO - Successfully saved 2 songs to database
2025-09-27 19:58:05,815 - music_tracker - INFO - Successfully saved 2 songs to database
2025-09-27 19:58:05,816 - music_tracker - INFO - Song collection completed successfully
2025-09-27 20:58:02,732 - music_tracker - INFO - SpotiSpy song collection starting...
2025-09-27 20:58:02,733 - music_tracker - INFO - Starting song collection (last 1 hours)
2025-09-27 20:58:02,733 - music_tracker - INFO - Fetching recent tracks from Spotify...
2025-09-27 20:58:03,094 - music_tracker - INFO - No recent songs found from Spotify
2025-09-27 20:58:03,096 - music_tracker - INFO - No new songs found from Spotify API
2025-09-27 20:58:03,096 - music_tracker - INFO - Song collection completed successfully
2025-09-27 21:58:02,998 - music_tracker - INFO - SpotiSpy song collection starting...
2025-09-27 21:58:02,999 - music_tracker - INFO - Starting song collection (last 1 hours)
2025-09-27 21:58:02,999 - music_tracker - INFO - Fetching recent tracks from Spotify...
2025-09-27 21:58:03,377 - music_tracker - INFO - No recent songs found from Spotify
2025-09-27 21:58:03,380 - music_tracker - INFO - No new songs found from Spotify API
2025-09-27 21:58:03,381 - music_tracker - INFO - Song collection completed successfully
2025-09-27 22:58:03,298 - music_tracker - INFO - SpotiSpy song collection starting...
2025-09-27 22:58:03,298 - music_tracker - INFO - Starting song collection (last 1 hours)
2025-09-27 22:58:03,299 - music_tracker - INFO - Fetching recent tracks from Spotify...
2025-09-27 22:58:03,759 - music_tracker - INFO - Fetched 6 songs from Spotify
2025-09-27 22:58:03,762 - music_tracker - INFO - Found 6 songs from Spotify API
2025-09-27 22:58:03,762 - music_tracker - INFO - Checking for duplicates in database...
2025-09-27 22:58:04,758 - music_tracker - INFO - Found 6 new songs out of 6 total
2025-09-27 22:58:04,760 - music_tracker - INFO - Found 6 new songs to save
2025-09-27 22:58:04,761 - music_tracker - INFO - Saving songs to database...
2025-09-27 22:58:05,019 - music_tracker - INFO - Successfully saved 6 songs to database
2025-09-27 22:58:05,021 - music_tracker - INFO - Successfully saved 6 songs to database
2025-09-27 22:58:05,022 - music_tracker - INFO - Song collection completed successfully
2025-09-27 23:58:03,010 - music_tracker - INFO - SpotiSpy song collection starting...
2025-09-27 23:58:03,011 - music_tracker - INFO - Starting song collection (last 1 hours)
2025-09-27 23:58:03,012 - music_tracker - INFO - Fetching recent tracks from Spotify...
2025-09-27 23:58:03,499 - music_tracker - INFO - Fetched 1 songs from Spotify
2025-09-27 23:58:03,502 - music_tracker - INFO - Found 1 songs from Spotify API
2025-09-27 23:58:03,502 - music_tracker - INFO - Checking for duplicates in database...
2025-09-27 23:58:04,746 - music_tracker - INFO - Found 1 new songs out of 1 total
2025-09-27 23:58:04,748 - music_tracker - INFO - Found 1 new songs to save
2025-09-27 23:58:04,749 - music_tracker - INFO - Saving songs to database...
2025-09-27 23:58:05,035 - music_tracker - INFO - Successfully saved 1 songs to database
2025-09-27 23:58:05,037 - music_tracker - INFO - Successfully saved 1 songs to database
2025-09-27 23:58:05,038 - music_tracker - INFO - Song collection completed successfully
