2025-10-23 00:58:03,104 - music_tracker - INFO - SpotiSpy song collection starting...
2025-10-23 00:58:03,104 - music_tracker - INFO - Starting song collection (last 1 hours)
2025-10-23 00:58:03,105 - music_tracker - INFO - Fetching recent tracks from Spotify...
2025-10-23 00:58:03,453 - music_tracker - INFO - No recent songs found from Spotify
2025-10-23 00:58:03,455 - music_tracker - INFO - No new songs found from Spotify API
2025-10-23 00:58:03,456 - music_tracker - INFO - Song collection completed successfully
2025-10-23 01:58:03,393 - music_tracker - INFO - SpotiSpy song collection starting...
2025-10-23 01:58:03,394 - music_tracker - INFO - Starting song collection (last 1 hours)
2025-10-23 01:58:03,394 - music_tracker - INFO - Fetching recent tracks from Spotify...
2025-10-23 01:58:03,736 - music_tracker - INFO - No recent songs found from Spotify
2025-10-23 01:58:03,738 - music_tracker - INFO - No new songs found from Spotify API
2025-10-23 01:58:03,738 - music_tracker - INFO - Song collection completed successfully
2025-10-23 02:58:02,634 - music_tracker - INFO - SpotiSpy song collection starting...
2025-10-23 02:58:02,635 - music_tracker - INFO - Starting song collection (last 1 hours)
2025-10-23 02:58:02,635 - music_tracker - INFO - Fetching recent tracks from Spotify...
2025-10-23 02:58:08,011 - music_tracker - INFO - No recent songs found from Spotify
2025-10-23 02:58:08,013 - music_tracker - INFO - No new songs found from Spotify API
2025-10-23 02:58:08,014 - music_tracker - INFO - Song collection completed successfully
2025-10-23 03:58:02,941 - music_tracker - INFO - SpotiSpy song collection starting...
2025-10-23 03:58:02,942 - music_tracker - INFO - Starting song collection (last 1 hours)
2025-10-23 03:58:02,942 - music_tracker - INFO - Fetching recent tracks from Spotify...
2025-10-23 03:58:03,361 - music_tracker - INFO - No recent songs found from Spotify
2025-10-23 03:58:03,363 - music_tracker - INFO - No new songs found from Spotify API
2025-10-23 03:58:03,364 - music_tracker - INFO - Song collection completed successfully
2025-10-23 04:58:03,268 - music_tracker - INFO - SpotiSpy song collection starting...
2025-10-23 04:58:03,268 - music_tracker - INFO - Starting song collection (last 1 hours)
2025-10-23 04:58:03,269 - music_tracker - INFO - Fetching recent tracks from Spotify...
2025-10-23 04:58:03,671 - music_tracker - INFO - No recent songs found from Spotify
2025-10-23 04:58:03,673 - music_tracker - INFO - No new songs found from Spotify API
2025-10-23 04:58:03,674 - music_tracker - INFO - Song collection completed successfully
2025-10-23 05:58:03,564 - music_tracker - INFO - SpotiSpy song collection starting...
2025-10-23 05:58:03,564 - music_tracker - INFO - Starting song collection (last 1 hours)
2025-10-23 05:58:03,565 - music_tracker - INFO - Fetching recent tracks from Spotify...
2025-10-23 05:58:03,943 - music_tracker - INFO - No recent songs found from Spotify
2025-10-23 05:58:03,945 - music_tracker - INFO - No new songs found from Spotify API
2025-10-23 05:58:03,945 - music_tracker - INFO - Song collection completed successfully
2025-10-23 06:58:02,911 - music_tracker - INFO - SpotiSpy song collection starting...
2025-10-23 06:58:02,912 - music_tracker - INFO - Starting song collection (last 1 hours)
2025-10-23 06:58:02,913 - music_tracker - INFO - Fetching recent tracks from Spotify...
2025-10-23 06:58:03,416 - music_tracker - INFO - No recent songs found from Spotify
2025-10-23 06:58:03,418 - music_tracker - INFO - No new songs found from Spotify API
2025-10-23 06:58:03,418 - music_tracker - INFO - Song collection completed successfully
2025-10-23 07:58:03,324 - music_tracker - INFO - SpotiSpy song collection starting...
2025-10-23 07:58:03,324 - music_tracker - INFO - Starting song collection (last 1 hours)
2025-10-23 07:58:03,325 - music_tracker - INFO - Fetching recent tracks from Spotify...
2025-10-23 07:58:03,798 - music_tracker - INFO - No recent songs found from Spotify
2025-10-23 07:58:03,800 - music_tracker - INFO - No new songs found from Spotify API
2025-10-23 07:58:03,800 - music_tracker - INFO - Song collection completed successfully
2025-10-23 08:58:02,696 - music_tracker - INFO - SpotiSpy song collection starting...
2025-10-23 08:58:02,696 - music_tracker - INFO - Starting song collection (last 1 hours)
2025-10-23 08:58:02,697 - music_tracker - INFO - Fetching recent tracks from Spotify...
2025-10-23 08:58:03,149 - music_tracker - INFO - No recent songs found from Spotify
2025-10-23 08:58:03,151 - music_tracker - INFO - No new songs found from Spotify API
2025-10-23 08:58:03,152 - music_tracker - INFO - Song collection completed successfully
2025-10-23 09:00:14,139 - music_tracker - INFO - SpotiSpy starting...
2025-10-23 09:00:14,140 - music_tracker - INFO - Starting daily SpotiSpy analysis
2025-10-23 09:00:14,140 - music_tracker - INFO - Fetching yesterday's listening data...
2025-10-23 09:00:16,009 - music_tracker - INFO - Fetched 83 songs from database
2025-10-23 09:00:16,012 - music_tracker - INFO - Found 83 songs to analyze
2025-10-23 09:00:16,013 - music_tracker - INFO - Running analysis...
2025-10-23 09:00:16,024 - music_tracker - INFO - Sending daily summary to Slack...
2025-10-23 09:00:16,964 - music_tracker - INFO - Message sent successfully to Slack
2025-10-23 09:00:16,965 - music_tracker - INFO - Daily analysis completed successfully!
2025-10-23 09:00:16,966 - music_tracker - INFO - SpotiSpy completed successfully
2025-10-23 09:58:04,155 - music_tracker - INFO - SpotiSpy song collection starting...
2025-10-23 09:58:04,163 - music_tracker - INFO - Starting song collection (last 1 hours)
2025-10-23 09:58:04,164 - music_tracker - INFO - Fetching recent tracks from Spotify...
2025-10-23 09:58:04,614 - music_tracker - INFO - Fetched 1 songs from Spotify
2025-10-23 09:58:04,616 - music_tracker - INFO - Found 1 songs from Spotify API
2025-10-23 09:58:04,617 - music_tracker - INFO - Checking for duplicates in database...
2025-10-23 09:58:05,649 - music_tracker - INFO - Found 1 new songs out of 1 total
2025-10-23 09:58:05,651 - music_tracker - INFO - Found 1 new songs to save
2025-10-23 09:58:05,652 - music_tracker - INFO - Saving songs to database...
2025-10-23 09:58:06,017 - music_tracker - INFO - Successfully saved 1 songs to database
2025-10-23 09:58:06,019 - music_tracker - INFO - Successfully saved 1 songs to database
2025-10-23 09:58:06,020 - music_tracker - INFO - Song collection completed successfully
2025-10-23 10:58:02,987 - music_tracker - INFO - SpotiSpy song collection starting...
2025-10-23 10:58:02,988 - music_tracker - INFO - Starting song collection (last 1 hours)
2025-10-23 10:58:02,989 - music_tracker - INFO - Fetching recent tracks from Spotify...
2025-10-23 10:58:03,594 - music_tracker - INFO - Fetched 3 songs from Spotify
2025-10-23 10:58:03,596 - music_tracker - INFO - Found 3 songs from Spotify API
2025-10-23 10:58:03,597 - music_tracker - INFO - Checking for duplicates in database...
2025-10-23 10:58:04,926 - music_tracker - INFO - Found 3 new songs out of 3 total
2025-10-23 10:58:04,928 - music_tracker - INFO - Found 3 new songs to save
2025-10-23 10:58:04,929 - music_tracker - INFO - Saving songs to database...
2025-10-23 10:58:05,274 - music_tracker - INFO - Successfully saved 3 songs to database
2025-10-23 10:58:05,276 - music_tracker - INFO - Successfully saved 3 songs to database
2025-10-23 10:58:05,277 - music_tracker - INFO - Song collection completed successfully
2025-10-23 11:58:03,208 - music_tracker - INFO - SpotiSpy song collection starting...
2025-10-23 11:58:03,208 - music_tracker - INFO - Starting song collection (last 1 hours)
2025-10-23 11:58:03,209 - music_tracker - INFO - Fetching recent tracks from Spotify...
2025-10-23 11:58:03,731 - music_tracker - INFO - Fetched 17 songs from Spotify
2025-10-23 11:58:03,734 - music_tracker - INFO - Found 17 songs from Spotify API
2025-10-23 11:58:03,734 - music_tracker - INFO - Checking for duplicates in database...
2025-10-23 11:58:05,256 - music_tracker - INFO - Found 17 new songs out of 17 total
2025-10-23 11:58:05,258 - music_tracker - INFO - Found 17 new songs to save
2025-10-23 11:58:05,259 - music_tracker - INFO - Saving songs to database...
2025-10-23 11:58:05,596 - music_tracker - INFO - Successfully saved 17 songs to database
2025-10-23 11:58:05,598 - music_tracker - INFO - Successfully saved 17 songs to database
2025-10-23 11:58:05,599 - music_tracker - INFO - Song collection completed successfully
2025-10-23 12:58:03,554 - music_tracker - INFO - SpotiSpy song collection starting...
2025-10-23 12:58:03,554 - music_tracker - INFO - Starting song collection (last 1 hours)
2025-10-23 12:58:03,555 - music_tracker - INFO - Fetching recent tracks from Spotify...
2025-10-23 12:58:04,106 - music_tracker - INFO - Fetched 6 songs from Spotify
2025-10-23 12:58:04,108 - music_tracker - INFO - Found 6 songs from Spotify API
2025-10-23 12:58:04,109 - music_tracker - INFO - Checking for duplicates in database...
2025-10-23 12:58:05,388 - music_tracker - INFO - Found 6 new songs out of 6 total
2025-10-23 12:58:05,390 - music_tracker - INFO - Found 6 new songs to save
2025-10-23 12:58:05,391 - music_tracker - INFO - Saving songs to database...
2025-10-23 12:58:05,810 - music_tracker - INFO - Successfully saved 6 songs to database
2025-10-23 12:58:05,812 - music_tracker - INFO - Successfully saved 6 songs to database
2025-10-23 12:58:05,813 - music_tracker - INFO - Song collection completed successfully
2025-10-23 13:58:02,725 - music_tracker - INFO - SpotiSpy song collection starting...
2025-10-23 13:58:02,725 - music_tracker - INFO - Starting song collection (last 1 hours)
2025-10-23 13:58:02,726 - music_tracker - INFO - Fetching recent tracks from Spotify...
2025-10-23 13:58:03,141 - music_tracker - INFO - No recent songs found from Spotify
2025-10-23 13:58:03,143 - music_tracker - INFO - No new songs found from Spotify API
2025-10-23 13:58:03,144 - music_tracker - INFO - Song collection completed successfully
2025-10-23 14:58:03,041 - music_tracker - INFO - SpotiSpy song collection starting...
2025-10-23 14:58:03,042 - music_tracker - INFO - Starting song collection (last 1 hours)
2025-10-23 14:58:03,043 - music_tracker - INFO - Fetching recent tracks from Spotify...
2025-10-23 14:58:03,983 - music_tracker - INFO - Fetched 14 songs from Spotify
2025-10-23 14:58:03,987 - music_tracker - INFO - Found 14 songs from Spotify API
2025-10-23 14:58:03,988 - music_tracker - INFO - Checking for duplicates in database...
2025-10-23 14:58:05,429 - music_tracker - INFO - Found 14 new songs out of 14 total
2025-10-23 14:58:05,431 - music_tracker - INFO - Found 14 new songs to save
2025-10-23 14:58:05,432 - music_tracker - INFO - Saving songs to database...
2025-10-23 14:58:05,872 - music_tracker - INFO - Successfully saved 14 songs to database
2025-10-23 14:58:05,874 - music_tracker - INFO - Successfully saved 14 songs to database
2025-10-23 14:58:05,875 - music_tracker - INFO - Song collection completed successfully
2025-10-23 15:58:02,783 - music_tracker - INFO - SpotiSpy song collection starting...
2025-10-23 15:58:02,784 - music_tracker - INFO - Starting song collection (last 1 hours)
2025-10-23 15:58:02,785 - music_tracker - INFO - Fetching recent tracks from Spotify...
2025-10-23 15:58:03,428 - music_tracker - INFO - Fetched 11 songs from Spotify
2025-10-23 15:58:03,431 - music_tracker - INFO - Found 11 songs from Spotify API
2025-10-23 15:58:03,431 - music_tracker - INFO - Checking for duplicates in database...
2025-10-23 15:58:04,861 - music_tracker - INFO - Found 11 new songs out of 11 total
2025-10-23 15:58:04,864 - music_tracker - INFO - Found 11 new songs to save
2025-10-23 15:58:04,864 - music_tracker - INFO - Saving songs to database...
2025-10-23 15:58:05,242 - music_tracker - INFO - Successfully saved 11 songs to database
2025-10-23 15:58:05,244 - music_tracker - INFO - Successfully saved 11 songs to database
2025-10-23 15:58:05,245 - music_tracker - INFO - Song collection completed successfully
2025-10-23 16:58:03,179 - music_tracker - INFO - SpotiSpy song collection starting...
2025-10-23 16:58:03,179 - music_tracker - INFO - Starting song collection (last 1 hours)
2025-10-23 16:58:03,180 - music_tracker - INFO - Fetching recent tracks from Spotify...
2025-10-23 16:58:03,658 - music_tracker - INFO - Fetched 2 songs from Spotify
2025-10-23 16:58:03,660 - music_tracker - INFO - Found 2 songs from Spotify API
2025-10-23 16:58:03,661 - music_tracker - INFO - Checking for duplicates in database...
2025-10-23 16:58:04,883 - music_tracker - INFO - Found 2 new songs out of 2 total
2025-10-23 16:58:04,885 - music_tracker - INFO - Found 2 new songs to save
2025-10-23 16:58:04,886 - music_tracker - INFO - Saving songs to database...
2025-10-23 16:58:05,246 - music_tracker - INFO - Successfully saved 2 songs to database
2025-10-23 16:58:05,248 - music_tracker - INFO - Successfully saved 2 songs to database
2025-10-23 16:58:05,249 - music_tracker - INFO - Song collection completed successfully
2025-10-23 17:58:03,180 - music_tracker - INFO - SpotiSpy song collection starting...
2025-10-23 17:58:03,181 - music_tracker - INFO - Starting song collection (last 1 hours)
2025-10-23 17:58:03,182 - music_tracker - INFO - Fetching recent tracks from Spotify...
2025-10-23 17:58:03,760 - music_tracker - INFO - Fetched 3 songs from Spotify
2025-10-23 17:58:03,762 - music_tracker - INFO - Found 3 songs from Spotify API
2025-10-23 17:58:03,763 - music_tracker - INFO - Checking for duplicates in database...
2025-10-23 17:58:05,048 - music_tracker - INFO - Found 3 new songs out of 3 total
2025-10-23 17:58:05,051 - music_tracker - INFO - Found 3 new songs to save
2025-10-23 17:58:05,052 - music_tracker - INFO - Saving songs to database...
2025-10-23 17:58:05,402 - music_tracker - INFO - Successfully saved 3 songs to database
2025-10-23 17:58:05,404 - music_tracker - INFO - Successfully saved 3 songs to database
2025-10-23 17:58:05,405 - music_tracker - INFO - Song collection completed successfully
2025-10-23 18:58:03,334 - music_tracker - INFO - SpotiSpy song collection starting...
2025-10-23 18:58:03,335 - music_tracker - INFO - Starting song collection (last 1 hours)
2025-10-23 18:58:03,336 - music_tracker - INFO - Fetching recent tracks from Spotify...
2025-10-23 18:58:03,874 - music_tracker - INFO - Fetched 14 songs from Spotify
2025-10-23 18:58:03,877 - music_tracker - INFO - Found 14 songs from Spotify API
2025-10-23 18:58:03,878 - music_tracker - INFO - Checking for duplicates in database...
2025-10-23 18:58:05,275 - music_tracker - INFO - Found 14 new songs out of 14 total
2025-10-23 18:58:05,277 - music_tracker - INFO - Found 14 new songs to save
2025-10-23 18:58:05,278 - music_tracker - INFO - Saving songs to database...
2025-10-23 18:58:05,629 - music_tracker - INFO - Successfully saved 14 songs to database
2025-10-23 18:58:05,631 - music_tracker - INFO - Successfully saved 14 songs to database
2025-10-23 18:58:05,632 - music_tracker - INFO - Song collection completed successfully
2025-10-23 19:58:03,547 - music_tracker - INFO - SpotiSpy song collection starting...
2025-10-23 19:58:03,548 - music_tracker - INFO - Starting song collection (last 1 hours)
2025-10-23 19:58:03,549 - music_tracker - INFO - Fetching recent tracks from Spotify...
2025-10-23 19:58:03,989 - music_tracker - INFO - No recent songs found from Spotify
2025-10-23 19:58:03,991 - music_tracker - INFO - No new songs found from Spotify API
2025-10-23 19:58:03,992 - music_tracker - INFO - Song collection completed successfully
2025-10-23 20:58:02,887 - music_tracker - INFO - SpotiSpy song collection starting...
2025-10-23 20:58:02,887 - music_tracker - INFO - Starting song collection (last 1 hours)
2025-10-23 20:58:02,888 - music_tracker - INFO - Fetching recent tracks from Spotify...
2025-10-23 20:58:03,575 - music_tracker - INFO - Fetched 7 songs from Spotify
2025-10-23 20:58:03,579 - music_tracker - INFO - Found 7 songs from Spotify API
2025-10-23 20:58:03,580 - music_tracker - INFO - Checking for duplicates in database...
2025-10-23 20:58:04,977 - music_tracker - INFO - Found 7 new songs out of 7 total
2025-10-23 20:58:04,979 - music_tracker - INFO - Found 7 new songs to save
2025-10-23 20:58:04,980 - music_tracker - INFO - Saving songs to database...
2025-10-23 20:58:05,303 - music_tracker - INFO - Successfully saved 7 songs to database
2025-10-23 20:58:05,305 - music_tracker - INFO - Successfully saved 7 songs to database
2025-10-23 20:58:05,306 - music_tracker - INFO - Song collection completed successfully
2025-10-23 21:58:03,219 - music_tracker - INFO - SpotiSpy song collection starting...
2025-10-23 21:58:03,220 - music_tracker - INFO - Starting song collection (last 1 hours)
2025-10-23 21:58:03,220 - music_tracker - INFO - Fetching recent tracks from Spotify...
2025-10-23 21:58:03,588 - music_tracker - INFO - No recent songs found from Spotify
2025-10-23 21:58:03,590 - music_tracker - INFO - No new songs found from Spotify API
2025-10-23 21:58:03,590 - music_tracker - INFO - Song collection completed successfully
2025-10-23 22:58:03,468 - music_tracker - INFO - SpotiSpy song collection starting...
2025-10-23 22:58:03,469 - music_tracker - INFO - Starting song collection (last 1 hours)
2025-10-23 22:58:03,469 - music_tracker - INFO - Fetching recent tracks from Spotify...
2025-10-23 22:58:03,992 - music_tracker - INFO - No recent songs found from Spotify
2025-10-23 22:58:03,994 - music_tracker - INFO - No new songs found from Spotify API
2025-10-23 22:58:03,994 - music_tracker - INFO - Song collection completed successfully
2025-10-23 23:58:02,908 - music_tracker - INFO - SpotiSpy song collection starting...
2025-10-23 23:58:02,909 - music_tracker - INFO - Starting song collection (last 1 hours)
2025-10-23 23:58:02,909 - music_tracker - INFO - Fetching recent tracks from Spotify...
2025-10-23 23:58:03,290 - music_tracker - INFO - No recent songs found from Spotify
2025-10-23 23:58:03,292 - music_tracker - INFO - No new songs found from Spotify API
2025-10-23 23:58:03,292 - music_tracker - INFO - Song collection completed successfully
