2025-12-12 00:58:02,640 - music_tracker - INFO - SpotiSpy song collection starting...
2025-12-12 00:58:02,641 - music_tracker - INFO - Starting song collection (last 1 hours)
2025-12-12 00:58:02,642 - music_tracker - INFO - Fetching recent tracks from Spotify...
2025-12-12 00:58:03,039 - music_tracker - INFO - No recent songs found from Spotify
2025-12-12 00:58:03,042 - music_tracker - INFO - No new songs found from Spotify API
2025-12-12 00:58:03,042 - music_tracker - INFO - Song collection completed successfully
2025-12-12 01:58:02,962 - music_tracker - INFO - SpotiSpy song collection starting...
2025-12-12 01:58:02,963 - music_tracker - INFO - Starting song collection (last 1 hours)
2025-12-12 01:58:02,964 - music_tracker - INFO - Fetching recent tracks from Spotify...
2025-12-12 01:58:03,360 - music_tracker - INFO - No recent songs found from Spotify
2025-12-12 01:58:03,363 - music_tracker - INFO - No new songs found from Spotify API
2025-12-12 01:58:03,363 - music_tracker - INFO - Song collection completed successfully
2025-12-12 02:58:03,265 - music_tracker - INFO - SpotiSpy song collection starting...
2025-12-12 02:58:03,266 - music_tracker - INFO - Starting song collection (last 1 hours)
2025-12-12 02:58:03,267 - music_tracker - INFO - Fetching recent tracks from Spotify...
2025-12-12 02:58:03,620 - music_tracker - INFO - No recent songs found from Spotify
2025-12-12 02:58:03,622 - music_tracker - INFO - No new songs found from Spotify API
2025-12-12 02:58:03,623 - music_tracker - INFO - Song collection completed successfully
2025-12-12 03:58:03,548 - music_tracker - INFO - SpotiSpy song collection starting...
2025-12-12 03:58:03,548 - music_tracker - INFO - Starting song collection (last 1 hours)
2025-12-12 03:58:03,549 - music_tracker - INFO - Fetching recent tracks from Spotify...
2025-12-12 03:58:03,884 - music_tracker - INFO - No recent songs found from Spotify
2025-12-12 03:58:03,886 - music_tracker - INFO - No new songs found from Spotify API
2025-12-12 03:58:03,887 - music_tracker - INFO - Song collection completed successfully
2025-12-12 04:58:02,770 - music_tracker - INFO - SpotiSpy song collection starting...
2025-12-12 04:58:02,770 - music_tracker - INFO - Starting song collection (last 1 hours)
2025-12-12 04:58:02,771 - music_tracker - INFO - Fetching recent tracks from Spotify...
2025-12-12 04:58:03,160 - music_tracker - INFO - No recent songs found from Spotify
2025-12-12 04:58:03,162 - music_tracker - INFO - No new songs found from Spotify API
2025-12-12 04:58:03,163 - music_tracker - INFO - Song collection completed successfully
2025-12-12 05:58:03,057 - music_tracker - INFO - SpotiSpy song collection starting...
2025-12-12 05:58:03,058 - music_tracker - INFO - Starting song collection (last 1 hours)
2025-12-12 05:58:03,059 - music_tracker - INFO - Fetching recent tracks from Spotify...
2025-12-12 05:58:03,392 - music_tracker - INFO - No recent songs found from Spotify
2025-12-12 05:58:03,394 - music_tracker - INFO - No new songs found from Spotify API
2025-12-12 05:58:03,394 - music_tracker - INFO - Song collection completed successfully
2025-12-12 06:58:03,585 - music_tracker - INFO - SpotiSpy song collection starting...
2025-12-12 06:58:03,587 - music_tracker - INFO - Starting song collection (last 1 hours)
2025-12-12 06:58:03,587 - music_tracker - INFO - Fetching recent tracks from Spotify...
2025-12-12 06:58:03,952 - music_tracker - INFO - No recent songs found from Spotify
2025-12-12 06:58:03,954 - music_tracker - INFO - No new songs found from Spotify API
2025-12-12 06:58:03,955 - music_tracker - INFO - Song collection completed successfully
2025-12-12 07:58:02,868 - music_tracker - INFO - SpotiSpy song collection starting...
2025-12-12 07:58:02,868 - music_tracker - INFO - Starting song collection (last 1 hours)
2025-12-12 07:58:02,869 - music_tracker - INFO - Fetching recent tracks from Spotify...
2025-12-12 07:58:03,261 - music_tracker - INFO - No recent songs found from Spotify
2025-12-12 07:58:03,263 - music_tracker - INFO - No new songs found from Spotify API
2025-12-12 07:58:03,263 - music_tracker - INFO - Song collection completed successfully
2025-12-12 08:58:03,155 - music_tracker - INFO - SpotiSpy song collection starting...
2025-12-12 08:58:03,156 - music_tracker - INFO - Starting song collection (last 1 hours)
2025-12-12 08:58:03,157 - music_tracker - INFO - Fetching recent tracks from Spotify...
2025-12-12 08:58:03,505 - music_tracker - INFO - No recent songs found from Spotify
2025-12-12 08:58:03,507 - music_tracker - INFO - No new songs found from Spotify API
2025-12-12 08:58:03,507 - music_tracker - INFO - Song collection completed successfully
2025-12-12 09:00:13,826 - music_tracker - INFO - SpotiSpy starting...
2025-12-12 09:00:13,826 - music_tracker - INFO - Starting daily SpotiSpy analysis
2025-12-12 09:00:13,827 - music_tracker - INFO - Fetching yesterday's listening data...
2025-12-12 09:00:25,622 - music_tracker - INFO - Fetched 0 songs from database
2025-12-12 09:00:25,625 - music_tracker - WARNING - No songs found for yesterday
2025-12-12 09:00:25,626 - music_tracker - INFO - SpotiSpy completed successfully
2025-12-12 09:58:03,679 - music_tracker - INFO - SpotiSpy song collection starting...
2025-12-12 09:58:03,679 - music_tracker - INFO - Starting song collection (last 1 hours)
2025-12-12 09:58:03,680 - music_tracker - INFO - Fetching recent tracks from Spotify...
2025-12-12 09:58:04,045 - music_tracker - INFO - No recent songs found from Spotify
2025-12-12 09:58:04,047 - music_tracker - INFO - No new songs found from Spotify API
2025-12-12 09:58:04,047 - music_tracker - INFO - Song collection completed successfully
2025-12-12 10:58:02,932 - music_tracker - INFO - SpotiSpy song collection starting...
2025-12-12 10:58:02,932 - music_tracker - INFO - Starting song collection (last 1 hours)
2025-12-12 10:58:02,933 - music_tracker - INFO - Fetching recent tracks from Spotify...
2025-12-12 10:58:03,293 - music_tracker - INFO - No recent songs found from Spotify
2025-12-12 10:58:03,296 - music_tracker - INFO - No new songs found from Spotify API
2025-12-12 10:58:03,296 - music_tracker - INFO - Song collection completed successfully
2025-12-12 11:58:04,400 - music_tracker - INFO - SpotiSpy song collection starting...
2025-12-12 11:58:04,401 - music_tracker - INFO - Starting song collection (last 1 hours)
2025-12-12 11:58:04,402 - music_tracker - INFO - Fetching recent tracks from Spotify...
2025-12-12 11:58:04,774 - music_tracker - INFO - No recent songs found from Spotify
2025-12-12 11:58:04,776 - music_tracker - INFO - No new songs found from Spotify API
2025-12-12 11:58:04,776 - music_tracker - INFO - Song collection completed successfully
2025-12-12 12:58:02,678 - music_tracker - INFO - SpotiSpy song collection starting...
2025-12-12 12:58:02,679 - music_tracker - INFO - Starting song collection (last 1 hours)
2025-12-12 12:58:02,680 - music_tracker - INFO - Fetching recent tracks from Spotify...
2025-12-12 12:58:03,054 - music_tracker - INFO - No recent songs found from Spotify
2025-12-12 12:58:03,056 - music_tracker - INFO - No new songs found from Spotify API
2025-12-12 12:58:03,056 - music_tracker - INFO - Song collection completed successfully
2025-12-12 13:58:02,945 - music_tracker - INFO - SpotiSpy song collection starting...
2025-12-12 13:58:02,946 - music_tracker - INFO - Starting song collection (last 1 hours)
2025-12-12 13:58:02,947 - music_tracker - INFO - Fetching recent tracks from Spotify...
2025-12-12 13:58:03,323 - music_tracker - INFO - No recent songs found from Spotify
2025-12-12 13:58:03,325 - music_tracker - INFO - No new songs found from Spotify API
2025-12-12 13:58:03,325 - music_tracker - INFO - Song collection completed successfully
2025-12-12 14:58:03,215 - music_tracker - INFO - SpotiSpy song collection starting...
2025-12-12 14:58:03,215 - music_tracker - INFO - Starting song collection (last 1 hours)
2025-12-12 14:58:03,216 - music_tracker - INFO - Fetching recent tracks from Spotify...
2025-12-12 14:58:03,581 - music_tracker - INFO - No recent songs found from Spotify
2025-12-12 14:58:03,583 - music_tracker - INFO - No new songs found from Spotify API
2025-12-12 14:58:03,583 - music_tracker - INFO - Song collection completed successfully
2025-12-12 15:58:03,472 - music_tracker - INFO - SpotiSpy song collection starting...
2025-12-12 15:58:03,473 - music_tracker - INFO - Starting song collection (last 1 hours)
2025-12-12 15:58:03,474 - music_tracker - INFO - Fetching recent tracks from Spotify...
2025-12-12 15:58:03,826 - music_tracker - INFO - No recent songs found from Spotify
2025-12-12 15:58:03,828 - music_tracker - INFO - No new songs found from Spotify API
2025-12-12 15:58:03,828 - music_tracker - INFO - Song collection completed successfully
2025-12-12 16:58:02,710 - music_tracker - INFO - SpotiSpy song collection starting...
2025-12-12 16:58:02,711 - music_tracker - INFO - Starting song collection (last 1 hours)
2025-12-12 16:58:02,711 - music_tracker - INFO - Fetching recent tracks from Spotify...
2025-12-12 16:58:03,076 - music_tracker - INFO - No recent songs found from Spotify
2025-12-12 16:58:03,078 - music_tracker - INFO - No new songs found from Spotify API
2025-12-12 16:58:03,079 - music_tracker - INFO - Song collection completed successfully
2025-12-12 17:58:02,963 - music_tracker - INFO - SpotiSpy song collection starting...
2025-12-12 17:58:02,964 - music_tracker - INFO - Starting song collection (last 1 hours)
2025-12-12 17:58:02,964 - music_tracker - INFO - Fetching recent tracks from Spotify...
2025-12-12 17:58:03,308 - music_tracker - INFO - No recent songs found from Spotify
2025-12-12 17:58:03,310 - music_tracker - INFO - No new songs found from Spotify API
2025-12-12 17:58:03,310 - music_tracker - INFO - Song collection completed successfully
2025-12-12 18:58:03,218 - music_tracker - INFO - SpotiSpy song collection starting...
2025-12-12 18:58:03,218 - music_tracker - INFO - Starting song collection (last 1 hours)
2025-12-12 18:58:03,219 - music_tracker - INFO - Fetching recent tracks from Spotify...
2025-12-12 18:58:03,568 - music_tracker - INFO - No recent songs found from Spotify
2025-12-12 18:58:03,570 - music_tracker - INFO - No new songs found from Spotify API
2025-12-12 18:58:03,571 - music_tracker - INFO - Song collection completed successfully
2025-12-12 19:58:03,458 - music_tracker - INFO - SpotiSpy song collection starting...
2025-12-12 19:58:03,458 - music_tracker - INFO - Starting song collection (last 1 hours)
2025-12-12 19:58:03,459 - music_tracker - INFO - Fetching recent tracks from Spotify...
2025-12-12 19:58:03,815 - music_tracker - INFO - No recent songs found from Spotify
2025-12-12 19:58:03,817 - music_tracker - INFO - No new songs found from Spotify API
2025-12-12 19:58:03,818 - music_tracker - INFO - Song collection completed successfully
2025-12-12 20:58:02,693 - music_tracker - INFO - SpotiSpy song collection starting...
2025-12-12 20:58:02,693 - music_tracker - INFO - Starting song collection (last 1 hours)
2025-12-12 20:58:02,694 - music_tracker - INFO - Fetching recent tracks from Spotify...
2025-12-12 20:58:03,161 - music_tracker - INFO - No recent songs found from Spotify
2025-12-12 20:58:03,164 - music_tracker - INFO - No new songs found from Spotify API
2025-12-12 20:58:03,164 - music_tracker - INFO - Song collection completed successfully
2025-12-12 21:58:03,071 - music_tracker - INFO - SpotiSpy song collection starting...
2025-12-12 21:58:03,072 - music_tracker - INFO - Starting song collection (last 1 hours)
2025-12-12 21:58:03,072 - music_tracker - INFO - Fetching recent tracks from Spotify...
2025-12-12 21:58:03,422 - music_tracker - INFO - No recent songs found from Spotify
2025-12-12 21:58:03,424 - music_tracker - INFO - No new songs found from Spotify API
2025-12-12 21:58:03,425 - music_tracker - INFO - Song collection completed successfully
2025-12-12 22:58:03,309 - music_tracker - INFO - SpotiSpy song collection starting...
2025-12-12 22:58:03,309 - music_tracker - INFO - Starting song collection (last 1 hours)
2025-12-12 22:58:03,310 - music_tracker - INFO - Fetching recent tracks from Spotify...
2025-12-12 22:58:03,679 - music_tracker - INFO - No recent songs found from Spotify
2025-12-12 22:58:03,681 - music_tracker - INFO - No new songs found from Spotify API
2025-12-12 22:58:03,682 - music_tracker - INFO - Song collection completed successfully
2025-12-12 23:58:03,569 - music_tracker - INFO - SpotiSpy song collection starting...
2025-12-12 23:58:03,570 - music_tracker - INFO - Starting song collection (last 1 hours)
2025-12-12 23:58:03,571 - music_tracker - INFO - Fetching recent tracks from Spotify...
2025-12-12 23:58:03,914 - music_tracker - INFO - No recent songs found from Spotify
2025-12-12 23:58:03,916 - music_tracker - INFO - No new songs found from Spotify API
2025-12-12 23:58:03,917 - music_tracker - INFO - Song collection completed successfully
