2025-09-08 00:58:02,962 - music_tracker - INFO - SpotiSpy song collection starting...
2025-09-08 00:58:02,963 - music_tracker - INFO - Starting song collection (last 1 hours)
2025-09-08 00:58:02,964 - music_tracker - INFO - Fetching recent tracks from Spotify...
2025-09-08 00:58:03,342 - music_tracker - INFO - No recent songs found from Spotify
2025-09-08 00:58:03,344 - music_tracker - INFO - No new songs found from Spotify API
2025-09-08 00:58:03,345 - music_tracker - INFO - Song collection completed successfully
2025-09-08 01:58:03,624 - music_tracker - INFO - SpotiSpy song collection starting...
2025-09-08 01:58:03,625 - music_tracker - INFO - Starting song collection (last 1 hours)
2025-09-08 01:58:03,626 - music_tracker - INFO - Fetching recent tracks from Spotify...
2025-09-08 01:58:03,996 - music_tracker - INFO - No recent songs found from Spotify
2025-09-08 01:58:03,998 - music_tracker - INFO - No new songs found from Spotify API
2025-09-08 01:58:03,999 - music_tracker - INFO - Song collection completed successfully
2025-09-08 02:58:03,180 - music_tracker - INFO - SpotiSpy song collection starting...
2025-09-08 02:58:03,181 - music_tracker - INFO - Starting song collection (last 1 hours)
2025-09-08 02:58:03,182 - music_tracker - INFO - Fetching recent tracks from Spotify...
2025-09-08 02:58:03,561 - music_tracker - INFO - No recent songs found from Spotify
2025-09-08 02:58:03,563 - music_tracker - INFO - No new songs found from Spotify API
2025-09-08 02:58:03,564 - music_tracker - INFO - Song collection completed successfully
2025-09-08 03:58:03,482 - music_tracker - INFO - SpotiSpy song collection starting...
2025-09-08 03:58:03,482 - music_tracker - INFO - Starting song collection (last 1 hours)
2025-09-08 03:58:03,483 - music_tracker - INFO - Fetching recent tracks from Spotify...
2025-09-08 03:58:03,868 - music_tracker - INFO - No recent songs found from Spotify
2025-09-08 03:58:03,870 - music_tracker - INFO - No new songs found from Spotify API
2025-09-08 03:58:03,871 - music_tracker - INFO - Song collection completed successfully
2025-09-08 04:58:02,772 - music_tracker - INFO - SpotiSpy song collection starting...
2025-09-08 04:58:02,773 - music_tracker - INFO - Starting song collection (last 1 hours)
2025-09-08 04:58:02,774 - music_tracker - INFO - Fetching recent tracks from Spotify...
2025-09-08 04:58:03,117 - music_tracker - INFO - No recent songs found from Spotify
2025-09-08 04:58:03,119 - music_tracker - INFO - No new songs found from Spotify API
2025-09-08 04:58:03,119 - music_tracker - INFO - Song collection completed successfully
2025-09-08 05:58:03,007 - music_tracker - INFO - SpotiSpy song collection starting...
2025-09-08 05:58:03,008 - music_tracker - INFO - Starting song collection (last 1 hours)
2025-09-08 05:58:03,009 - music_tracker - INFO - Fetching recent tracks from Spotify...
2025-09-08 05:58:03,353 - music_tracker - INFO - No recent songs found from Spotify
2025-09-08 05:58:03,355 - music_tracker - INFO - No new songs found from Spotify API
2025-09-08 05:58:03,355 - music_tracker - INFO - Song collection completed successfully
2025-09-08 06:58:03,300 - music_tracker - INFO - SpotiSpy song collection starting...
2025-09-08 06:58:03,301 - music_tracker - INFO - Starting song collection (last 1 hours)
2025-09-08 06:58:03,302 - music_tracker - INFO - Fetching recent tracks from Spotify...
2025-09-08 06:58:03,667 - music_tracker - INFO - No recent songs found from Spotify
2025-09-08 06:58:03,669 - music_tracker - INFO - No new songs found from Spotify API
2025-09-08 06:58:03,669 - music_tracker - INFO - Song collection completed successfully
2025-09-08 07:58:03,569 - music_tracker - INFO - SpotiSpy song collection starting...
2025-09-08 07:58:03,570 - music_tracker - INFO - Starting song collection (last 1 hours)
2025-09-08 07:58:03,570 - music_tracker - INFO - Fetching recent tracks from Spotify...
2025-09-08 07:58:03,913 - music_tracker - INFO - No recent songs found from Spotify
2025-09-08 07:58:03,915 - music_tracker - INFO - No new songs found from Spotify API
2025-09-08 07:58:03,916 - music_tracker - INFO - Song collection completed successfully
2025-09-08 08:58:02,806 - music_tracker - INFO - SpotiSpy song collection starting...
2025-09-08 08:58:02,806 - music_tracker - INFO - Starting song collection (last 1 hours)
2025-09-08 08:58:02,807 - music_tracker - INFO - Fetching recent tracks from Spotify...
2025-09-08 08:58:03,187 - music_tracker - INFO - No recent songs found from Spotify
2025-09-08 08:58:03,189 - music_tracker - INFO - No new songs found from Spotify API
2025-09-08 08:58:03,189 - music_tracker - INFO - Song collection completed successfully
2025-09-08 09:00:12,660 - music_tracker - INFO - SpotiSpy starting...
2025-09-08 09:00:12,661 - music_tracker - INFO - Starting daily SpotiSpy analysis
2025-09-08 09:00:12,661 - music_tracker - INFO - Fetching yesterday's listening data...
2025-09-08 09:00:14,238 - music_tracker - INFO - Fetched 15 songs from database
2025-09-08 09:00:14,241 - music_tracker - INFO - Found 15 songs to analyze
2025-09-08 09:00:14,241 - music_tracker - INFO - Running analysis...
2025-09-08 09:00:14,245 - music_tracker - INFO - Sending daily summary to Slack...
2025-09-08 09:00:19,801 - music_tracker - INFO - Message sent successfully to Slack
2025-09-08 09:00:19,801 - music_tracker - INFO - Daily analysis completed successfully!
2025-09-08 09:00:19,802 - music_tracker - INFO - SpotiSpy completed successfully
2025-09-08 09:58:02,686 - music_tracker - INFO - SpotiSpy song collection starting...
2025-09-08 09:58:02,687 - music_tracker - INFO - Starting song collection (last 1 hours)
2025-09-08 09:58:02,687 - music_tracker - INFO - Fetching recent tracks from Spotify...
2025-09-08 09:58:03,114 - music_tracker - INFO - Fetched 1 songs from Spotify
2025-09-08 09:58:03,116 - music_tracker - INFO - Found 1 songs from Spotify API
2025-09-08 09:58:03,116 - music_tracker - INFO - Checking for duplicates in database...
2025-09-08 09:58:04,105 - music_tracker - INFO - Found 1 new songs out of 1 total
2025-09-08 09:58:04,108 - music_tracker - INFO - Found 1 new songs to save
2025-09-08 09:58:04,108 - music_tracker - INFO - Saving songs to database...
2025-09-08 09:58:04,501 - music_tracker - INFO - Successfully saved 1 songs to database
2025-09-08 09:58:04,503 - music_tracker - INFO - Successfully saved 1 songs to database
2025-09-08 09:58:04,504 - music_tracker - INFO - Song collection completed successfully
2025-09-08 10:58:03,520 - music_tracker - INFO - SpotiSpy song collection starting...
2025-09-08 10:58:03,521 - music_tracker - INFO - Starting song collection (last 1 hours)
2025-09-08 10:58:03,522 - music_tracker - INFO - Fetching recent tracks from Spotify...
2025-09-08 10:58:04,055 - music_tracker - INFO - Fetched 5 songs from Spotify
2025-09-08 10:58:04,057 - music_tracker - INFO - Found 5 songs from Spotify API
2025-09-08 10:58:04,058 - music_tracker - INFO - Checking for duplicates in database...
2025-09-08 10:58:05,047 - music_tracker - INFO - Found 5 new songs out of 5 total
2025-09-08 10:58:05,049 - music_tracker - INFO - Found 5 new songs to save
2025-09-08 10:58:05,050 - music_tracker - INFO - Saving songs to database...
2025-09-08 10:58:05,410 - music_tracker - INFO - Successfully saved 5 songs to database
2025-09-08 10:58:05,412 - music_tracker - INFO - Successfully saved 5 songs to database
2025-09-08 10:58:05,413 - music_tracker - INFO - Song collection completed successfully
2025-09-08 11:58:03,375 - music_tracker - INFO - SpotiSpy song collection starting...
2025-09-08 11:58:03,376 - music_tracker - INFO - Starting song collection (last 1 hours)
2025-09-08 11:58:03,377 - music_tracker - INFO - Fetching recent tracks from Spotify...
2025-09-08 11:58:03,827 - music_tracker - INFO - Fetched 11 songs from Spotify
2025-09-08 11:58:03,830 - music_tracker - INFO - Found 11 songs from Spotify API
2025-09-08 11:58:03,831 - music_tracker - INFO - Checking for duplicates in database...
2025-09-08 11:58:05,066 - music_tracker - INFO - Found 11 new songs out of 11 total
2025-09-08 11:58:05,068 - music_tracker - INFO - Found 11 new songs to save
2025-09-08 11:58:05,069 - music_tracker - INFO - Saving songs to database...
2025-09-08 11:58:05,433 - music_tracker - INFO - Successfully saved 11 songs to database
2025-09-08 11:58:05,435 - music_tracker - INFO - Successfully saved 11 songs to database
2025-09-08 11:58:05,436 - music_tracker - INFO - Song collection completed successfully
2025-09-08 12:58:03,572 - music_tracker - INFO - SpotiSpy song collection starting...
2025-09-08 12:58:03,572 - music_tracker - INFO - Starting song collection (last 1 hours)
2025-09-08 12:58:03,573 - music_tracker - INFO - Fetching recent tracks from Spotify...
2025-09-08 12:58:04,042 - music_tracker - INFO - Fetched 12 songs from Spotify
2025-09-08 12:58:04,045 - music_tracker - INFO - Found 12 songs from Spotify API
2025-09-08 12:58:04,046 - music_tracker - INFO - Checking for duplicates in database...
2025-09-08 12:58:05,395 - music_tracker - INFO - Found 12 new songs out of 12 total
2025-09-08 12:58:05,397 - music_tracker - INFO - Found 12 new songs to save
2025-09-08 12:58:05,398 - music_tracker - INFO - Saving songs to database...
2025-09-08 12:58:05,779 - music_tracker - INFO - Successfully saved 12 songs to database
2025-09-08 12:58:05,781 - music_tracker - INFO - Successfully saved 12 songs to database
2025-09-08 12:58:05,782 - music_tracker - INFO - Song collection completed successfully
2025-09-08 13:58:02,911 - music_tracker - INFO - SpotiSpy song collection starting...
2025-09-08 13:58:02,912 - music_tracker - INFO - Starting song collection (last 1 hours)
2025-09-08 13:58:02,913 - music_tracker - INFO - Fetching recent tracks from Spotify...
2025-09-08 13:58:03,374 - music_tracker - INFO - Fetched 12 songs from Spotify
2025-09-08 13:58:03,377 - music_tracker - INFO - Found 12 songs from Spotify API
2025-09-08 13:58:03,378 - music_tracker - INFO - Checking for duplicates in database...
2025-09-08 13:58:04,691 - music_tracker - INFO - Found 12 new songs out of 12 total
2025-09-08 13:58:04,693 - music_tracker - INFO - Found 12 new songs to save
2025-09-08 13:58:04,694 - music_tracker - INFO - Saving songs to database...
2025-09-08 13:58:05,081 - music_tracker - INFO - Successfully saved 12 songs to database
2025-09-08 13:58:05,083 - music_tracker - INFO - Successfully saved 12 songs to database
2025-09-08 13:58:05,084 - music_tracker - INFO - Song collection completed successfully
2025-09-08 14:58:04,309 - music_tracker - INFO - SpotiSpy song collection starting...
2025-09-08 14:58:04,310 - music_tracker - INFO - Starting song collection (last 1 hours)
2025-09-08 14:58:04,311 - music_tracker - INFO - Fetching recent tracks from Spotify...
2025-09-08 14:58:04,787 - music_tracker - INFO - Fetched 4 songs from Spotify
2025-09-08 14:58:04,790 - music_tracker - INFO - Found 4 songs from Spotify API
2025-09-08 14:58:04,790 - music_tracker - INFO - Checking for duplicates in database...
2025-09-08 14:58:06,141 - music_tracker - INFO - Found 4 new songs out of 4 total
2025-09-08 14:58:06,143 - music_tracker - INFO - Found 4 new songs to save
2025-09-08 14:58:06,144 - music_tracker - INFO - Saving songs to database...
2025-09-08 14:58:06,524 - music_tracker - INFO - Successfully saved 4 songs to database
2025-09-08 14:58:06,529 - music_tracker - INFO - Successfully saved 4 songs to database
2025-09-08 14:58:06,530 - music_tracker - INFO - Song collection completed successfully
2025-09-08 15:58:03,486 - music_tracker - INFO - SpotiSpy song collection starting...
2025-09-08 15:58:03,486 - music_tracker - INFO - Starting song collection (last 1 hours)
2025-09-08 15:58:03,487 - music_tracker - INFO - Fetching recent tracks from Spotify...
2025-09-08 15:58:03,849 - music_tracker - INFO - No recent songs found from Spotify
2025-09-08 15:58:03,851 - music_tracker - INFO - No new songs found from Spotify API
2025-09-08 15:58:03,851 - music_tracker - INFO - Song collection completed successfully
2025-09-08 16:58:02,740 - music_tracker - INFO - SpotiSpy song collection starting...
2025-09-08 16:58:02,740 - music_tracker - INFO - Starting song collection (last 1 hours)
2025-09-08 16:58:02,741 - music_tracker - INFO - Fetching recent tracks from Spotify...
2025-09-08 16:58:03,159 - music_tracker - INFO - Fetched 4 songs from Spotify
2025-09-08 16:58:03,162 - music_tracker - INFO - Found 4 songs from Spotify API
2025-09-08 16:58:03,162 - music_tracker - INFO - Checking for duplicates in database...
2025-09-08 16:58:04,492 - music_tracker - INFO - Found 4 new songs out of 4 total
2025-09-08 16:58:04,495 - music_tracker - INFO - Found 4 new songs to save
2025-09-08 16:58:04,496 - music_tracker - INFO - Saving songs to database...
2025-09-08 16:58:04,899 - music_tracker - INFO - Successfully saved 4 songs to database
2025-09-08 16:58:04,901 - music_tracker - INFO - Successfully saved 4 songs to database
2025-09-08 16:58:04,902 - music_tracker - INFO - Song collection completed successfully
2025-09-08 17:58:02,873 - music_tracker - INFO - SpotiSpy song collection starting...
2025-09-08 17:58:02,873 - music_tracker - INFO - Starting song collection (last 1 hours)
2025-09-08 17:58:02,874 - music_tracker - INFO - Fetching recent tracks from Spotify...
2025-09-08 17:58:03,305 - music_tracker - INFO - No recent songs found from Spotify
2025-09-08 17:58:03,307 - music_tracker - INFO - No new songs found from Spotify API
2025-09-08 17:58:03,308 - music_tracker - INFO - Song collection completed successfully
2025-09-08 18:58:03,328 - music_tracker - INFO - SpotiSpy song collection starting...
2025-09-08 18:58:03,329 - music_tracker - INFO - Starting song collection (last 1 hours)
2025-09-08 18:58:03,329 - music_tracker - INFO - Fetching recent tracks from Spotify...
2025-09-08 18:58:03,704 - music_tracker - INFO - No recent songs found from Spotify
2025-09-08 18:58:03,706 - music_tracker - INFO - No new songs found from Spotify API
2025-09-08 18:58:03,706 - music_tracker - INFO - Song collection completed successfully
2025-09-08 19:58:02,669 - music_tracker - INFO - SpotiSpy song collection starting...
2025-09-08 19:58:02,671 - music_tracker - INFO - Starting song collection (last 1 hours)
2025-09-08 19:58:02,672 - music_tracker - INFO - Fetching recent tracks from Spotify...
2025-09-08 19:58:03,039 - music_tracker - INFO - No recent songs found from Spotify
2025-09-08 19:58:03,041 - music_tracker - INFO - No new songs found from Spotify API
2025-09-08 19:58:03,041 - music_tracker - INFO - Song collection completed successfully
2025-09-08 20:58:02,999 - music_tracker - INFO - SpotiSpy song collection starting...
2025-09-08 20:58:03,000 - music_tracker - INFO - Starting song collection (last 1 hours)
2025-09-08 20:58:03,001 - music_tracker - INFO - Fetching recent tracks from Spotify...
2025-09-08 20:58:03,373 - music_tracker - INFO - No recent songs found from Spotify
2025-09-08 20:58:03,375 - music_tracker - INFO - No new songs found from Spotify API
2025-09-08 20:58:03,376 - music_tracker - INFO - Song collection completed successfully
2025-09-08 21:58:03,611 - music_tracker - INFO - SpotiSpy song collection starting...
2025-09-08 21:58:03,611 - music_tracker - INFO - Starting song collection (last 1 hours)
2025-09-08 21:58:03,612 - music_tracker - INFO - Fetching recent tracks from Spotify...
2025-09-08 21:58:04,041 - music_tracker - INFO - No recent songs found from Spotify
2025-09-08 21:58:04,044 - music_tracker - INFO - No new songs found from Spotify API
2025-09-08 21:58:04,044 - music_tracker - INFO - Song collection completed successfully
2025-09-08 22:58:02,921 - music_tracker - INFO - SpotiSpy song collection starting...
2025-09-08 22:58:02,921 - music_tracker - INFO - Starting song collection (last 1 hours)
2025-09-08 22:58:02,922 - music_tracker - INFO - Fetching recent tracks from Spotify...
2025-09-08 22:58:03,281 - music_tracker - INFO - No recent songs found from Spotify
2025-09-08 22:58:03,283 - music_tracker - INFO - No new songs found from Spotify API
2025-09-08 22:58:03,284 - music_tracker - INFO - Song collection completed successfully
2025-09-08 23:58:03,178 - music_tracker - INFO - SpotiSpy song collection starting...
2025-09-08 23:58:03,178 - music_tracker - INFO - Starting song collection (last 1 hours)
2025-09-08 23:58:03,179 - music_tracker - INFO - Fetching recent tracks from Spotify...
2025-09-08 23:58:03,541 - music_tracker - INFO - No recent songs found from Spotify
2025-09-08 23:58:03,543 - music_tracker - INFO - No new songs found from Spotify API
2025-09-08 23:58:03,544 - music_tracker - INFO - Song collection completed successfully
