2025-11-21 00:58:03,081 - music_tracker - INFO - SpotiSpy song collection starting...
2025-11-21 00:58:03,081 - music_tracker - INFO - Starting song collection (last 1 hours)
2025-11-21 00:58:03,082 - music_tracker - INFO - Fetching recent tracks from Spotify...
2025-11-21 00:58:03,439 - music_tracker - INFO - No recent songs found from Spotify
2025-11-21 00:58:03,441 - music_tracker - INFO - No new songs found from Spotify API
2025-11-21 00:58:03,442 - music_tracker - INFO - Song collection completed successfully
2025-11-21 01:58:03,330 - music_tracker - INFO - SpotiSpy song collection starting...
2025-11-21 01:58:03,330 - music_tracker - INFO - Starting song collection (last 1 hours)
2025-11-21 01:58:03,331 - music_tracker - INFO - Fetching recent tracks from Spotify...
2025-11-21 01:58:03,702 - music_tracker - INFO - No recent songs found from Spotify
2025-11-21 01:58:03,705 - music_tracker - INFO - No new songs found from Spotify API
2025-11-21 01:58:03,705 - music_tracker - INFO - Song collection completed successfully
2025-11-21 02:58:03,609 - music_tracker - INFO - SpotiSpy song collection starting...
2025-11-21 02:58:03,610 - music_tracker - INFO - Starting song collection (last 1 hours)
2025-11-21 02:58:03,611 - music_tracker - INFO - Fetching recent tracks from Spotify...
2025-11-21 02:58:03,966 - music_tracker - INFO - No recent songs found from Spotify
2025-11-21 02:58:03,968 - music_tracker - INFO - No new songs found from Spotify API
2025-11-21 02:58:03,969 - music_tracker - INFO - Song collection completed successfully
2025-11-21 03:58:02,890 - music_tracker - INFO - SpotiSpy song collection starting...
2025-11-21 03:58:02,890 - music_tracker - INFO - Starting song collection (last 1 hours)
2025-11-21 03:58:02,891 - music_tracker - INFO - Fetching recent tracks from Spotify...
2025-11-21 03:58:03,309 - music_tracker - INFO - Fetched 1 songs from Spotify
2025-11-21 03:58:03,311 - music_tracker - INFO - Found 1 songs from Spotify API
2025-11-21 03:58:03,311 - music_tracker - INFO - Checking for duplicates in database...
2025-11-21 03:58:05,005 - music_tracker - INFO - Found 1 new songs out of 1 total
2025-11-21 03:58:05,007 - music_tracker - INFO - Found 1 new songs to save
2025-11-21 03:58:05,008 - music_tracker - INFO - Saving songs to database...
2025-11-21 03:58:05,289 - music_tracker - INFO - Successfully saved 1 songs to database
2025-11-21 03:58:05,291 - music_tracker - INFO - Successfully saved 1 songs to database
2025-11-21 03:58:05,292 - music_tracker - INFO - Song collection completed successfully
2025-11-21 04:58:03,239 - music_tracker - INFO - SpotiSpy song collection starting...
2025-11-21 04:58:03,239 - music_tracker - INFO - Starting song collection (last 1 hours)
2025-11-21 04:58:03,240 - music_tracker - INFO - Fetching recent tracks from Spotify...
2025-11-21 04:58:03,593 - music_tracker - INFO - No recent songs found from Spotify
2025-11-21 04:58:03,596 - music_tracker - INFO - No new songs found from Spotify API
2025-11-21 04:58:03,597 - music_tracker - INFO - Song collection completed successfully
2025-11-21 05:58:03,494 - music_tracker - INFO - SpotiSpy song collection starting...
2025-11-21 05:58:03,494 - music_tracker - INFO - Starting song collection (last 1 hours)
2025-11-21 05:58:03,495 - music_tracker - INFO - Fetching recent tracks from Spotify...
2025-11-21 05:58:03,840 - music_tracker - INFO - No recent songs found from Spotify
2025-11-21 05:58:03,842 - music_tracker - INFO - No new songs found from Spotify API
2025-11-21 05:58:03,842 - music_tracker - INFO - Song collection completed successfully
2025-11-21 06:58:02,780 - music_tracker - INFO - SpotiSpy song collection starting...
2025-11-21 06:58:02,781 - music_tracker - INFO - Starting song collection (last 1 hours)
2025-11-21 06:58:02,781 - music_tracker - INFO - Fetching recent tracks from Spotify...
2025-11-21 06:58:03,151 - music_tracker - INFO - No recent songs found from Spotify
2025-11-21 06:58:03,153 - music_tracker - INFO - No new songs found from Spotify API
2025-11-21 06:58:03,154 - music_tracker - INFO - Song collection completed successfully
2025-11-21 07:58:03,041 - music_tracker - INFO - SpotiSpy song collection starting...
2025-11-21 07:58:03,041 - music_tracker - INFO - Starting song collection (last 1 hours)
2025-11-21 07:58:03,042 - music_tracker - INFO - Fetching recent tracks from Spotify...
2025-11-21 07:58:03,436 - music_tracker - INFO - No recent songs found from Spotify
2025-11-21 07:58:03,438 - music_tracker - INFO - No new songs found from Spotify API
2025-11-21 07:58:03,438 - music_tracker - INFO - Song collection completed successfully
2025-11-21 08:58:03,608 - music_tracker - INFO - SpotiSpy song collection starting...
2025-11-21 08:58:03,610 - music_tracker - INFO - Starting song collection (last 1 hours)
2025-11-21 08:58:03,610 - music_tracker - INFO - Fetching recent tracks from Spotify...
2025-11-21 08:58:04,128 - music_tracker - INFO - Fetched 8 songs from Spotify
2025-11-21 08:58:04,131 - music_tracker - INFO - Found 8 songs from Spotify API
2025-11-21 08:58:04,132 - music_tracker - INFO - Checking for duplicates in database...
2025-11-21 08:58:05,723 - music_tracker - INFO - Found 8 new songs out of 8 total
2025-11-21 08:58:05,725 - music_tracker - INFO - Found 8 new songs to save
2025-11-21 08:58:05,726 - music_tracker - INFO - Saving songs to database...
2025-11-21 08:58:06,082 - music_tracker - INFO - Successfully saved 8 songs to database
2025-11-21 08:58:06,084 - music_tracker - INFO - Successfully saved 8 songs to database
2025-11-21 08:58:06,084 - music_tracker - INFO - Song collection completed successfully
2025-11-21 09:00:12,496 - music_tracker - INFO - SpotiSpy starting...
2025-11-21 09:00:12,497 - music_tracker - INFO - Starting daily SpotiSpy analysis
2025-11-21 09:00:12,502 - music_tracker - INFO - Fetching yesterday's listening data...
2025-11-21 09:00:13,048 - music_tracker - INFO - Fetched 89 songs from database
2025-11-21 09:00:13,049 - music_tracker - INFO - Found 89 songs to analyze
2025-11-21 09:00:13,050 - music_tracker - INFO - Running analysis...
2025-11-21 09:00:13,057 - music_tracker - INFO - Sending daily summary to Slack...
2025-11-21 09:00:41,779 - music_tracker - INFO - Message sent successfully to Slack
2025-11-21 09:00:41,780 - music_tracker - INFO - Daily analysis completed successfully!
2025-11-21 09:00:41,781 - music_tracker - INFO - SpotiSpy completed successfully
2025-11-21 09:58:02,641 - music_tracker - INFO - SpotiSpy song collection starting...
2025-11-21 09:58:02,642 - music_tracker - INFO - Starting song collection (last 1 hours)
2025-11-21 09:58:02,642 - music_tracker - INFO - Fetching recent tracks from Spotify...
2025-11-21 09:58:03,209 - music_tracker - INFO - Fetched 9 songs from Spotify
2025-11-21 09:58:03,211 - music_tracker - INFO - Found 9 songs from Spotify API
2025-11-21 09:58:03,212 - music_tracker - INFO - Checking for duplicates in database...
2025-11-21 09:58:04,509 - music_tracker - INFO - Found 9 new songs out of 9 total
2025-11-21 09:58:04,511 - music_tracker - INFO - Found 9 new songs to save
2025-11-21 09:58:04,512 - music_tracker - INFO - Saving songs to database...
2025-11-21 09:58:04,928 - music_tracker - INFO - Successfully saved 9 songs to database
2025-11-21 09:58:04,930 - music_tracker - INFO - Successfully saved 9 songs to database
2025-11-21 09:58:04,930 - music_tracker - INFO - Song collection completed successfully
2025-11-21 10:58:02,807 - music_tracker - INFO - SpotiSpy song collection starting...
2025-11-21 10:58:02,807 - music_tracker - INFO - Starting song collection (last 1 hours)
2025-11-21 10:58:02,808 - music_tracker - INFO - Fetching recent tracks from Spotify...
2025-11-21 10:58:03,348 - music_tracker - INFO - Fetched 11 songs from Spotify
2025-11-21 10:58:03,351 - music_tracker - INFO - Found 11 songs from Spotify API
2025-11-21 10:58:03,352 - music_tracker - INFO - Checking for duplicates in database...
2025-11-21 10:58:04,769 - music_tracker - INFO - Found 11 new songs out of 11 total
2025-11-21 10:58:04,771 - music_tracker - INFO - Found 11 new songs to save
2025-11-21 10:58:04,772 - music_tracker - INFO - Saving songs to database...
2025-11-21 10:58:05,143 - music_tracker - INFO - Successfully saved 11 songs to database
2025-11-21 10:58:05,145 - music_tracker - INFO - Successfully saved 11 songs to database
2025-11-21 10:58:05,146 - music_tracker - INFO - Song collection completed successfully
2025-11-21 11:58:03,073 - music_tracker - INFO - SpotiSpy song collection starting...
2025-11-21 11:58:03,073 - music_tracker - INFO - Starting song collection (last 1 hours)
2025-11-21 11:58:03,074 - music_tracker - INFO - Fetching recent tracks from Spotify...
2025-11-21 11:58:03,448 - music_tracker - INFO - No recent songs found from Spotify
2025-11-21 11:58:03,450 - music_tracker - INFO - No new songs found from Spotify API
2025-11-21 11:58:03,451 - music_tracker - INFO - Song collection completed successfully
2025-11-21 12:58:03,335 - music_tracker - INFO - SpotiSpy song collection starting...
2025-11-21 12:58:03,335 - music_tracker - INFO - Starting song collection (last 1 hours)
2025-11-21 12:58:03,336 - music_tracker - INFO - Fetching recent tracks from Spotify...
2025-11-21 12:58:03,809 - music_tracker - INFO - Fetched 5 songs from Spotify
2025-11-21 12:58:03,812 - music_tracker - INFO - Found 5 songs from Spotify API
2025-11-21 12:58:03,812 - music_tracker - INFO - Checking for duplicates in database...
2025-11-21 12:58:05,183 - music_tracker - INFO - Found 5 new songs out of 5 total
2025-11-21 12:58:05,185 - music_tracker - INFO - Found 5 new songs to save
2025-11-21 12:58:05,186 - music_tracker - INFO - Saving songs to database...
2025-11-21 12:58:05,493 - music_tracker - INFO - Successfully saved 5 songs to database
2025-11-21 12:58:05,495 - music_tracker - INFO - Successfully saved 5 songs to database
2025-11-21 12:58:05,496 - music_tracker - INFO - Song collection completed successfully
2025-11-21 13:58:03,410 - music_tracker - INFO - SpotiSpy song collection starting...
2025-11-21 13:58:03,410 - music_tracker - INFO - Starting song collection (last 1 hours)
2025-11-21 13:58:03,411 - music_tracker - INFO - Fetching recent tracks from Spotify...
2025-11-21 13:58:03,909 - music_tracker - INFO - Fetched 18 songs from Spotify
2025-11-21 13:58:03,912 - music_tracker - INFO - Found 18 songs from Spotify API
2025-11-21 13:58:03,913 - music_tracker - INFO - Checking for duplicates in database...
2025-11-21 13:58:05,400 - music_tracker - INFO - Found 18 new songs out of 18 total
2025-11-21 13:58:05,402 - music_tracker - INFO - Found 18 new songs to save
2025-11-21 13:58:05,403 - music_tracker - INFO - Saving songs to database...
2025-11-21 13:58:05,739 - music_tracker - INFO - Successfully saved 18 songs to database
2025-11-21 13:58:05,741 - music_tracker - INFO - Successfully saved 18 songs to database
2025-11-21 13:58:05,742 - music_tracker - INFO - Song collection completed successfully
2025-11-21 14:58:02,659 - music_tracker - INFO - SpotiSpy song collection starting...
2025-11-21 14:58:02,659 - music_tracker - INFO - Starting song collection (last 1 hours)
2025-11-21 14:58:02,660 - music_tracker - INFO - Fetching recent tracks from Spotify...
2025-11-21 14:58:03,158 - music_tracker - INFO - Fetched 12 songs from Spotify
2025-11-21 14:58:03,161 - music_tracker - INFO - Found 12 songs from Spotify API
2025-11-21 14:58:03,162 - music_tracker - INFO - Checking for duplicates in database...
2025-11-21 14:58:04,648 - music_tracker - INFO - Found 12 new songs out of 12 total
2025-11-21 14:58:04,650 - music_tracker - INFO - Found 12 new songs to save
2025-11-21 14:58:04,651 - music_tracker - INFO - Saving songs to database...
2025-11-21 14:58:05,011 - music_tracker - INFO - Successfully saved 12 songs to database
2025-11-21 14:58:05,013 - music_tracker - INFO - Successfully saved 12 songs to database
2025-11-21 14:58:05,013 - music_tracker - INFO - Song collection completed successfully
2025-11-21 15:58:02,950 - music_tracker - INFO - SpotiSpy song collection starting...
2025-11-21 15:58:02,951 - music_tracker - INFO - Starting song collection (last 1 hours)
2025-11-21 15:58:02,951 - music_tracker - INFO - Fetching recent tracks from Spotify...
2025-11-21 15:58:08,598 - music_tracker - INFO - Fetched 17 songs from Spotify
2025-11-21 15:58:08,603 - music_tracker - INFO - Found 17 songs from Spotify API
2025-11-21 15:58:08,604 - music_tracker - INFO - Checking for duplicates in database...
2025-11-21 15:58:10,124 - music_tracker - INFO - Found 17 new songs out of 17 total
2025-11-21 15:58:10,127 - music_tracker - INFO - Found 17 new songs to save
2025-11-21 15:58:10,128 - music_tracker - INFO - Saving songs to database...
2025-11-21 15:58:10,594 - music_tracker - INFO - Successfully saved 17 songs to database
2025-11-21 15:58:10,596 - music_tracker - INFO - Successfully saved 17 songs to database
2025-11-21 15:58:10,597 - music_tracker - INFO - Song collection completed successfully
2025-11-21 16:58:03,521 - music_tracker - INFO - SpotiSpy song collection starting...
2025-11-21 16:58:03,521 - music_tracker - INFO - Starting song collection (last 1 hours)
2025-11-21 16:58:03,522 - music_tracker - INFO - Fetching recent tracks from Spotify...
2025-11-21 16:58:04,241 - music_tracker - INFO - Fetched 13 songs from Spotify
2025-11-21 16:58:04,246 - music_tracker - INFO - Found 13 songs from Spotify API
2025-11-21 16:58:04,247 - music_tracker - INFO - Checking for duplicates in database...
2025-11-21 16:58:05,666 - music_tracker - INFO - Found 13 new songs out of 13 total
2025-11-21 16:58:05,668 - music_tracker - INFO - Found 13 new songs to save
2025-11-21 16:58:05,669 - music_tracker - INFO - Saving songs to database...
2025-11-21 16:58:06,015 - music_tracker - INFO - Successfully saved 13 songs to database
2025-11-21 16:58:06,017 - music_tracker - INFO - Successfully saved 13 songs to database
2025-11-21 16:58:06,018 - music_tracker - INFO - Song collection completed successfully
2025-11-21 17:58:02,931 - music_tracker - INFO - SpotiSpy song collection starting...
2025-11-21 17:58:02,932 - music_tracker - INFO - Starting song collection (last 1 hours)
2025-11-21 17:58:02,933 - music_tracker - INFO - Fetching recent tracks from Spotify...
2025-11-21 17:58:03,625 - music_tracker - INFO - Fetched 1 songs from Spotify
2025-11-21 17:58:03,628 - music_tracker - INFO - Found 1 songs from Spotify API
2025-11-21 17:58:03,629 - music_tracker - INFO - Checking for duplicates in database...
2025-11-21 17:58:05,060 - music_tracker - INFO - Found 1 new songs out of 1 total
2025-11-21 17:58:05,062 - music_tracker - INFO - Found 1 new songs to save
2025-11-21 17:58:05,063 - music_tracker - INFO - Saving songs to database...
2025-11-21 17:58:05,336 - music_tracker - INFO - Successfully saved 1 songs to database
2025-11-21 17:58:05,338 - music_tracker - INFO - Successfully saved 1 songs to database
2025-11-21 17:58:05,339 - music_tracker - INFO - Song collection completed successfully
2025-11-21 18:58:03,238 - music_tracker - INFO - SpotiSpy song collection starting...
2025-11-21 18:58:03,239 - music_tracker - INFO - Starting song collection (last 1 hours)
2025-11-21 18:58:03,239 - music_tracker - INFO - Fetching recent tracks from Spotify...
2025-11-21 18:58:03,601 - music_tracker - INFO - No recent songs found from Spotify
2025-11-21 18:58:03,603 - music_tracker - INFO - No new songs found from Spotify API
2025-11-21 18:58:03,604 - music_tracker - INFO - Song collection completed successfully
2025-11-21 19:58:03,551 - music_tracker - INFO - SpotiSpy song collection starting...
2025-11-21 19:58:03,552 - music_tracker - INFO - Starting song collection (last 1 hours)
2025-11-21 19:58:03,552 - music_tracker - INFO - Fetching recent tracks from Spotify...
2025-11-21 19:58:03,969 - music_tracker - INFO - No recent songs found from Spotify
2025-11-21 19:58:03,971 - music_tracker - INFO - No new songs found from Spotify API
2025-11-21 19:58:03,972 - music_tracker - INFO - Song collection completed successfully
2025-11-21 20:58:02,896 - music_tracker - INFO - SpotiSpy song collection starting...
2025-11-21 20:58:02,896 - music_tracker - INFO - Starting song collection (last 1 hours)
2025-11-21 20:58:02,897 - music_tracker - INFO - Fetching recent tracks from Spotify...
2025-11-21 20:58:03,272 - music_tracker - INFO - No recent songs found from Spotify
2025-11-21 20:58:03,274 - music_tracker - INFO - No new songs found from Spotify API
2025-11-21 20:58:03,275 - music_tracker - INFO - Song collection completed successfully
2025-11-21 21:58:03,173 - music_tracker - INFO - SpotiSpy song collection starting...
2025-11-21 21:58:03,173 - music_tracker - INFO - Starting song collection (last 1 hours)
2025-11-21 21:58:03,174 - music_tracker - INFO - Fetching recent tracks from Spotify...
2025-11-21 21:58:03,557 - music_tracker - INFO - No recent songs found from Spotify
2025-11-21 21:58:03,559 - music_tracker - INFO - No new songs found from Spotify API
2025-11-21 21:58:03,560 - music_tracker - INFO - Song collection completed successfully
2025-11-21 22:58:03,432 - music_tracker - INFO - SpotiSpy song collection starting...
2025-11-21 22:58:03,433 - music_tracker - INFO - Starting song collection (last 1 hours)
2025-11-21 22:58:03,434 - music_tracker - INFO - Fetching recent tracks from Spotify...
2025-11-21 22:58:03,860 - music_tracker - INFO - No recent songs found from Spotify
2025-11-21 22:58:03,862 - music_tracker - INFO - No new songs found from Spotify API
2025-11-21 22:58:03,862 - music_tracker - INFO - Song collection completed successfully
2025-11-21 23:58:02,744 - music_tracker - INFO - SpotiSpy song collection starting...
2025-11-21 23:58:02,745 - music_tracker - INFO - Starting song collection (last 1 hours)
2025-11-21 23:58:02,745 - music_tracker - INFO - Fetching recent tracks from Spotify...
2025-11-21 23:58:03,144 - music_tracker - INFO - No recent songs found from Spotify
2025-11-21 23:58:03,146 - music_tracker - INFO - No new songs found from Spotify API
2025-11-21 23:58:03,147 - music_tracker - INFO - Song collection completed successfully
