2025-11-14 00:58:02,791 - music_tracker - INFO - SpotiSpy song collection starting...
2025-11-14 00:58:02,791 - music_tracker - INFO - Starting song collection (last 1 hours)
2025-11-14 00:58:02,792 - music_tracker - INFO - Fetching recent tracks from Spotify...
2025-11-14 00:58:03,146 - music_tracker - INFO - No recent songs found from Spotify
2025-11-14 00:58:03,148 - music_tracker - INFO - No new songs found from Spotify API
2025-11-14 00:58:03,149 - music_tracker - INFO - Song collection completed successfully
2025-11-14 01:58:03,034 - music_tracker - INFO - SpotiSpy song collection starting...
2025-11-14 01:58:03,034 - music_tracker - INFO - Starting song collection (last 1 hours)
2025-11-14 01:58:03,035 - music_tracker - INFO - Fetching recent tracks from Spotify...
2025-11-14 01:58:03,383 - music_tracker - INFO - No recent songs found from Spotify
2025-11-14 01:58:03,385 - music_tracker - INFO - No new songs found from Spotify API
2025-11-14 01:58:03,385 - music_tracker - INFO - Song collection completed successfully
2025-11-14 02:58:03,289 - music_tracker - INFO - SpotiSpy song collection starting...
2025-11-14 02:58:03,290 - music_tracker - INFO - Starting song collection (last 1 hours)
2025-11-14 02:58:03,291 - music_tracker - INFO - Fetching recent tracks from Spotify...
2025-11-14 02:58:03,625 - music_tracker - INFO - No recent songs found from Spotify
2025-11-14 02:58:03,627 - music_tracker - INFO - No new songs found from Spotify API
2025-11-14 02:58:03,628 - music_tracker - INFO - Song collection completed successfully
2025-11-14 03:58:03,543 - music_tracker - INFO - SpotiSpy song collection starting...
2025-11-14 03:58:03,543 - music_tracker - INFO - Starting song collection (last 1 hours)
2025-11-14 03:58:03,544 - music_tracker - INFO - Fetching recent tracks from Spotify...
2025-11-14 03:58:03,893 - music_tracker - INFO - No recent songs found from Spotify
2025-11-14 03:58:03,895 - music_tracker - INFO - No new songs found from Spotify API
2025-11-14 03:58:03,896 - music_tracker - INFO - Song collection completed successfully
2025-11-14 04:58:02,774 - music_tracker - INFO - SpotiSpy song collection starting...
2025-11-14 04:58:02,774 - music_tracker - INFO - Starting song collection (last 1 hours)
2025-11-14 04:58:02,775 - music_tracker - INFO - Fetching recent tracks from Spotify...
2025-11-14 04:58:03,142 - music_tracker - INFO - No recent songs found from Spotify
2025-11-14 04:58:03,144 - music_tracker - INFO - No new songs found from Spotify API
2025-11-14 04:58:03,144 - music_tracker - INFO - Song collection completed successfully
2025-11-14 05:58:03,036 - music_tracker - INFO - SpotiSpy song collection starting...
2025-11-14 05:58:03,037 - music_tracker - INFO - Starting song collection (last 1 hours)
2025-11-14 05:58:03,038 - music_tracker - INFO - Fetching recent tracks from Spotify...
2025-11-14 05:58:03,415 - music_tracker - INFO - No recent songs found from Spotify
2025-11-14 05:58:03,417 - music_tracker - INFO - No new songs found from Spotify API
2025-11-14 05:58:03,418 - music_tracker - INFO - Song collection completed successfully
2025-11-14 06:58:03,358 - music_tracker - INFO - SpotiSpy song collection starting...
2025-11-14 06:58:03,358 - music_tracker - INFO - Starting song collection (last 1 hours)
2025-11-14 06:58:03,359 - music_tracker - INFO - Fetching recent tracks from Spotify...
2025-11-14 06:58:03,723 - music_tracker - INFO - No recent songs found from Spotify
2025-11-14 06:58:03,725 - music_tracker - INFO - No new songs found from Spotify API
2025-11-14 06:58:03,725 - music_tracker - INFO - Song collection completed successfully
2025-11-14 07:58:02,607 - music_tracker - INFO - SpotiSpy song collection starting...
2025-11-14 07:58:02,607 - music_tracker - INFO - Starting song collection (last 1 hours)
2025-11-14 07:58:02,608 - music_tracker - INFO - Fetching recent tracks from Spotify...
2025-11-14 07:58:03,122 - music_tracker - INFO - Fetched 13 songs from Spotify
2025-11-14 07:58:03,125 - music_tracker - INFO - Found 13 songs from Spotify API
2025-11-14 07:58:03,126 - music_tracker - INFO - Checking for duplicates in database...
2025-11-14 07:58:04,887 - music_tracker - INFO - Found 13 new songs out of 13 total
2025-11-14 07:58:04,889 - music_tracker - INFO - Found 13 new songs to save
2025-11-14 07:58:04,890 - music_tracker - INFO - Saving songs to database...
2025-11-14 07:58:05,291 - music_tracker - INFO - Successfully saved 13 songs to database
2025-11-14 07:58:05,293 - music_tracker - INFO - Successfully saved 13 songs to database
2025-11-14 07:58:05,294 - music_tracker - INFO - Song collection completed successfully
2025-11-14 08:58:03,420 - music_tracker - INFO - SpotiSpy song collection starting...
2025-11-14 08:58:03,421 - music_tracker - INFO - Starting song collection (last 1 hours)
2025-11-14 08:58:03,422 - music_tracker - INFO - Fetching recent tracks from Spotify...
2025-11-14 08:58:03,898 - music_tracker - INFO - Fetched 8 songs from Spotify
2025-11-14 08:58:03,901 - music_tracker - INFO - Found 8 songs from Spotify API
2025-11-14 08:58:03,901 - music_tracker - INFO - Checking for duplicates in database...
2025-11-14 08:58:05,474 - music_tracker - INFO - Found 8 new songs out of 8 total
2025-11-14 08:58:05,477 - music_tracker - INFO - Found 8 new songs to save
2025-11-14 08:58:05,477 - music_tracker - INFO - Saving songs to database...
2025-11-14 08:58:05,806 - music_tracker - INFO - Successfully saved 8 songs to database
2025-11-14 08:58:05,808 - music_tracker - INFO - Successfully saved 8 songs to database
2025-11-14 08:58:05,809 - music_tracker - INFO - Song collection completed successfully
2025-11-14 09:00:12,270 - music_tracker - INFO - SpotiSpy starting...
2025-11-14 09:00:12,271 - music_tracker - INFO - Starting daily SpotiSpy analysis
2025-11-14 09:00:12,271 - music_tracker - INFO - Fetching yesterday's listening data...
2025-11-14 09:00:12,794 - music_tracker - INFO - Fetched 91 songs from database
2025-11-14 09:00:12,796 - music_tracker - INFO - Found 91 songs to analyze
2025-11-14 09:00:12,797 - music_tracker - INFO - Running analysis...
2025-11-14 09:00:12,809 - music_tracker - INFO - Sending daily summary to Slack...
2025-11-14 09:00:13,595 - music_tracker - INFO - Message sent successfully to Slack
2025-11-14 09:00:13,595 - music_tracker - INFO - Daily analysis completed successfully!
2025-11-14 09:00:13,596 - music_tracker - INFO - SpotiSpy completed successfully
2025-11-14 09:58:03,494 - music_tracker - INFO - SpotiSpy song collection starting...
2025-11-14 09:58:03,495 - music_tracker - INFO - Starting song collection (last 1 hours)
2025-11-14 09:58:03,495 - music_tracker - INFO - Fetching recent tracks from Spotify...
2025-11-14 09:58:03,955 - music_tracker - INFO - No recent songs found from Spotify
2025-11-14 09:58:03,957 - music_tracker - INFO - No new songs found from Spotify API
2025-11-14 09:58:03,957 - music_tracker - INFO - Song collection completed successfully
2025-11-14 10:58:02,873 - music_tracker - INFO - SpotiSpy song collection starting...
2025-11-14 10:58:02,873 - music_tracker - INFO - Starting song collection (last 1 hours)
2025-11-14 10:58:02,874 - music_tracker - INFO - Fetching recent tracks from Spotify...
2025-11-14 10:58:03,229 - music_tracker - INFO - No recent songs found from Spotify
2025-11-14 10:58:03,231 - music_tracker - INFO - No new songs found from Spotify API
2025-11-14 10:58:03,231 - music_tracker - INFO - Song collection completed successfully
2025-11-14 11:58:03,135 - music_tracker - INFO - SpotiSpy song collection starting...
2025-11-14 11:58:03,135 - music_tracker - INFO - Starting song collection (last 1 hours)
2025-11-14 11:58:03,136 - music_tracker - INFO - Fetching recent tracks from Spotify...
2025-11-14 11:58:03,502 - music_tracker - INFO - No recent songs found from Spotify
2025-11-14 11:58:03,504 - music_tracker - INFO - No new songs found from Spotify API
2025-11-14 11:58:03,504 - music_tracker - INFO - Song collection completed successfully
2025-11-14 12:58:03,391 - music_tracker - INFO - SpotiSpy song collection starting...
2025-11-14 12:58:03,392 - music_tracker - INFO - Starting song collection (last 1 hours)
2025-11-14 12:58:03,393 - music_tracker - INFO - Fetching recent tracks from Spotify...
2025-11-14 12:58:03,809 - music_tracker - INFO - No recent songs found from Spotify
2025-11-14 12:58:03,811 - music_tracker - INFO - No new songs found from Spotify API
2025-11-14 12:58:03,812 - music_tracker - INFO - Song collection completed successfully
2025-11-14 13:58:02,707 - music_tracker - INFO - SpotiSpy song collection starting...
2025-11-14 13:58:02,708 - music_tracker - INFO - Starting song collection (last 1 hours)
2025-11-14 13:58:02,709 - music_tracker - INFO - Fetching recent tracks from Spotify...
2025-11-14 13:58:03,303 - music_tracker - INFO - Fetched 1 songs from Spotify
2025-11-14 13:58:03,306 - music_tracker - INFO - Found 1 songs from Spotify API
2025-11-14 13:58:03,306 - music_tracker - INFO - Checking for duplicates in database...
2025-11-14 13:58:04,787 - music_tracker - INFO - Found 1 new songs out of 1 total
2025-11-14 13:58:04,790 - music_tracker - INFO - Found 1 new songs to save
2025-11-14 13:58:04,791 - music_tracker - INFO - Saving songs to database...
2025-11-14 13:58:05,178 - music_tracker - INFO - Successfully saved 1 songs to database
2025-11-14 13:58:05,180 - music_tracker - INFO - Successfully saved 1 songs to database
2025-11-14 13:58:05,181 - music_tracker - INFO - Song collection completed successfully
2025-11-14 14:58:03,105 - music_tracker - INFO - SpotiSpy song collection starting...
2025-11-14 14:58:03,105 - music_tracker - INFO - Starting song collection (last 1 hours)
2025-11-14 14:58:03,106 - music_tracker - INFO - Fetching recent tracks from Spotify...
2025-11-14 14:58:03,714 - music_tracker - INFO - Fetched 14 songs from Spotify
2025-11-14 14:58:03,717 - music_tracker - INFO - Found 14 songs from Spotify API
2025-11-14 14:58:03,717 - music_tracker - INFO - Checking for duplicates in database...
2025-11-14 14:58:05,244 - music_tracker - INFO - Found 14 new songs out of 14 total
2025-11-14 14:58:05,246 - music_tracker - INFO - Found 14 new songs to save
2025-11-14 14:58:05,247 - music_tracker - INFO - Saving songs to database...
2025-11-14 14:58:05,543 - music_tracker - INFO - Successfully saved 14 songs to database
2025-11-14 14:58:05,545 - music_tracker - INFO - Successfully saved 14 songs to database
2025-11-14 14:58:05,546 - music_tracker - INFO - Song collection completed successfully
2025-11-14 15:58:03,467 - music_tracker - INFO - SpotiSpy song collection starting...
2025-11-14 15:58:03,468 - music_tracker - INFO - Starting song collection (last 1 hours)
2025-11-14 15:58:03,468 - music_tracker - INFO - Fetching recent tracks from Spotify...
2025-11-14 15:58:03,859 - music_tracker - INFO - No recent songs found from Spotify
2025-11-14 15:58:03,861 - music_tracker - INFO - No new songs found from Spotify API
2025-11-14 15:58:03,862 - music_tracker - INFO - Song collection completed successfully
2025-11-14 16:58:02,751 - music_tracker - INFO - SpotiSpy song collection starting...
2025-11-14 16:58:02,751 - music_tracker - INFO - Starting song collection (last 1 hours)
2025-11-14 16:58:02,752 - music_tracker - INFO - Fetching recent tracks from Spotify...
2025-11-14 16:58:03,373 - music_tracker - INFO - Fetched 9 songs from Spotify
2025-11-14 16:58:03,375 - music_tracker - INFO - Found 9 songs from Spotify API
2025-11-14 16:58:03,376 - music_tracker - INFO - Checking for duplicates in database...
2025-11-14 16:58:04,914 - music_tracker - INFO - Found 9 new songs out of 9 total
2025-11-14 16:58:04,916 - music_tracker - INFO - Found 9 new songs to save
2025-11-14 16:58:04,917 - music_tracker - INFO - Saving songs to database...
2025-11-14 16:58:05,268 - music_tracker - INFO - Successfully saved 9 songs to database
2025-11-14 16:58:05,270 - music_tracker - INFO - Successfully saved 9 songs to database
2025-11-14 16:58:05,271 - music_tracker - INFO - Song collection completed successfully
2025-11-14 17:58:03,190 - music_tracker - INFO - SpotiSpy song collection starting...
2025-11-14 17:58:03,191 - music_tracker - INFO - Starting song collection (last 1 hours)
2025-11-14 17:58:03,191 - music_tracker - INFO - Fetching recent tracks from Spotify...
2025-11-14 17:58:03,670 - music_tracker - INFO - Fetched 1 songs from Spotify
2025-11-14 17:58:03,672 - music_tracker - INFO - Found 1 songs from Spotify API
2025-11-14 17:58:03,673 - music_tracker - INFO - Checking for duplicates in database...
2025-11-14 17:58:04,978 - music_tracker - INFO - Found 1 new songs out of 1 total
2025-11-14 17:58:04,981 - music_tracker - INFO - Found 1 new songs to save
2025-11-14 17:58:04,982 - music_tracker - INFO - Saving songs to database...
2025-11-14 17:58:05,310 - music_tracker - INFO - Successfully saved 1 songs to database
2025-11-14 17:58:05,312 - music_tracker - INFO - Successfully saved 1 songs to database
2025-11-14 17:58:05,312 - music_tracker - INFO - Song collection completed successfully
2025-11-14 18:58:03,232 - music_tracker - INFO - SpotiSpy song collection starting...
2025-11-14 18:58:03,233 - music_tracker - INFO - Starting song collection (last 1 hours)
2025-11-14 18:58:03,233 - music_tracker - INFO - Fetching recent tracks from Spotify...
2025-11-14 18:58:03,737 - music_tracker - INFO - Fetched 5 songs from Spotify
2025-11-14 18:58:03,739 - music_tracker - INFO - Found 5 songs from Spotify API
2025-11-14 18:58:03,740 - music_tracker - INFO - Checking for duplicates in database...
2025-11-14 18:58:05,205 - music_tracker - INFO - Found 5 new songs out of 5 total
2025-11-14 18:58:05,207 - music_tracker - INFO - Found 5 new songs to save
2025-11-14 18:58:05,208 - music_tracker - INFO - Saving songs to database...
2025-11-14 18:58:05,490 - music_tracker - INFO - Successfully saved 5 songs to database
2025-11-14 18:58:05,492 - music_tracker - INFO - Successfully saved 5 songs to database
2025-11-14 18:58:05,493 - music_tracker - INFO - Song collection completed successfully
2025-11-14 19:58:03,411 - music_tracker - INFO - SpotiSpy song collection starting...
2025-11-14 19:58:03,412 - music_tracker - INFO - Starting song collection (last 1 hours)
2025-11-14 19:58:03,412 - music_tracker - INFO - Fetching recent tracks from Spotify...
2025-11-14 19:58:03,785 - music_tracker - INFO - No recent songs found from Spotify
2025-11-14 19:58:03,787 - music_tracker - INFO - No new songs found from Spotify API
2025-11-14 19:58:03,788 - music_tracker - INFO - Song collection completed successfully
2025-11-14 20:58:02,685 - music_tracker - INFO - SpotiSpy song collection starting...
2025-11-14 20:58:02,685 - music_tracker - INFO - Starting song collection (last 1 hours)
2025-11-14 20:58:02,686 - music_tracker - INFO - Fetching recent tracks from Spotify...
2025-11-14 20:58:03,100 - music_tracker - INFO - No recent songs found from Spotify
2025-11-14 20:58:03,102 - music_tracker - INFO - No new songs found from Spotify API
2025-11-14 20:58:03,103 - music_tracker - INFO - Song collection completed successfully
2025-11-14 21:58:02,994 - music_tracker - INFO - SpotiSpy song collection starting...
2025-11-14 21:58:02,995 - music_tracker - INFO - Starting song collection (last 1 hours)
2025-11-14 21:58:02,995 - music_tracker - INFO - Fetching recent tracks from Spotify...
2025-11-14 21:58:03,380 - music_tracker - INFO - No recent songs found from Spotify
2025-11-14 21:58:03,382 - music_tracker - INFO - No new songs found from Spotify API
2025-11-14 21:58:03,382 - music_tracker - INFO - Song collection completed successfully
2025-11-14 22:58:03,283 - music_tracker - INFO - SpotiSpy song collection starting...
2025-11-14 22:58:03,284 - music_tracker - INFO - Starting song collection (last 1 hours)
2025-11-14 22:58:03,285 - music_tracker - INFO - Fetching recent tracks from Spotify...
2025-11-14 22:58:03,676 - music_tracker - INFO - No recent songs found from Spotify
2025-11-14 22:58:03,678 - music_tracker - INFO - No new songs found from Spotify API
2025-11-14 22:58:03,679 - music_tracker - INFO - Song collection completed successfully
2025-11-14 23:58:03,575 - music_tracker - INFO - SpotiSpy song collection starting...
2025-11-14 23:58:03,576 - music_tracker - INFO - Starting song collection (last 1 hours)
2025-11-14 23:58:03,577 - music_tracker - INFO - Fetching recent tracks from Spotify...
2025-11-14 23:58:04,107 - music_tracker - INFO - Fetched 4 songs from Spotify
2025-11-14 23:58:04,110 - music_tracker - INFO - Found 4 songs from Spotify API
2025-11-14 23:58:04,110 - music_tracker - INFO - Checking for duplicates in database...
2025-11-14 23:58:05,546 - music_tracker - INFO - Found 4 new songs out of 4 total
2025-11-14 23:58:05,548 - music_tracker - INFO - Found 4 new songs to save
2025-11-14 23:58:05,549 - music_tracker - INFO - Saving songs to database...
2025-11-14 23:58:05,856 - music_tracker - INFO - Successfully saved 4 songs to database
2025-11-14 23:58:05,858 - music_tracker - INFO - Successfully saved 4 songs to database
2025-11-14 23:58:05,858 - music_tracker - INFO - Song collection completed successfully
