2025-08-12 00:58:03,386 - music_tracker - INFO - SpotiSpy song collection starting...
2025-08-12 00:58:03,387 - music_tracker - INFO - Starting song collection (last 1 hours)
2025-08-12 00:58:03,387 - music_tracker - INFO - Fetching recent tracks from Spotify...
2025-08-12 00:58:03,747 - music_tracker - INFO - No recent songs found from Spotify
2025-08-12 00:58:03,749 - music_tracker - INFO - No new songs found from Spotify API
2025-08-12 00:58:03,750 - music_tracker - INFO - Song collection completed successfully
2025-08-12 01:58:02,631 - music_tracker - INFO - SpotiSpy song collection starting...
2025-08-12 01:58:02,632 - music_tracker - INFO - Starting song collection (last 1 hours)
2025-08-12 01:58:02,633 - music_tracker - INFO - Fetching recent tracks from Spotify...
2025-08-12 01:58:03,007 - music_tracker - INFO - No recent songs found from Spotify
2025-08-12 01:58:03,009 - music_tracker - INFO - No new songs found from Spotify API
2025-08-12 01:58:03,010 - music_tracker - INFO - Song collection completed successfully
2025-08-12 02:58:02,898 - music_tracker - INFO - SpotiSpy song collection starting...
2025-08-12 02:58:02,899 - music_tracker - INFO - Starting song collection (last 1 hours)
2025-08-12 02:58:02,899 - music_tracker - INFO - Fetching recent tracks from Spotify...
2025-08-12 02:58:03,257 - music_tracker - INFO - No recent songs found from Spotify
2025-08-12 02:58:03,259 - music_tracker - INFO - No new songs found from Spotify API
2025-08-12 02:58:03,260 - music_tracker - INFO - Song collection completed successfully
2025-08-12 03:58:03,184 - music_tracker - INFO - SpotiSpy song collection starting...
2025-08-12 03:58:03,185 - music_tracker - INFO - Starting song collection (last 1 hours)
2025-08-12 03:58:03,186 - music_tracker - INFO - Fetching recent tracks from Spotify...
2025-08-12 03:58:03,552 - music_tracker - INFO - No recent songs found from Spotify
2025-08-12 03:58:03,554 - music_tracker - INFO - No new songs found from Spotify API
2025-08-12 03:58:03,555 - music_tracker - INFO - Song collection completed successfully
2025-08-12 04:58:03,438 - music_tracker - INFO - SpotiSpy song collection starting...
2025-08-12 04:58:03,438 - music_tracker - INFO - Starting song collection (last 1 hours)
2025-08-12 04:58:03,439 - music_tracker - INFO - Fetching recent tracks from Spotify...
2025-08-12 04:58:03,789 - music_tracker - INFO - No recent songs found from Spotify
2025-08-12 04:58:03,791 - music_tracker - INFO - No new songs found from Spotify API
2025-08-12 04:58:03,792 - music_tracker - INFO - Song collection completed successfully
2025-08-12 05:58:02,674 - music_tracker - INFO - SpotiSpy song collection starting...
2025-08-12 05:58:02,675 - music_tracker - INFO - Starting song collection (last 1 hours)
2025-08-12 05:58:02,676 - music_tracker - INFO - Fetching recent tracks from Spotify...
2025-08-12 05:58:03,039 - music_tracker - INFO - No recent songs found from Spotify
2025-08-12 05:58:03,041 - music_tracker - INFO - No new songs found from Spotify API
2025-08-12 05:58:03,042 - music_tracker - INFO - Song collection completed successfully
2025-08-12 06:58:03,051 - music_tracker - INFO - SpotiSpy song collection starting...
2025-08-12 06:58:03,052 - music_tracker - INFO - Starting song collection (last 1 hours)
2025-08-12 06:58:03,053 - music_tracker - INFO - Fetching recent tracks from Spotify...
2025-08-12 06:58:03,405 - music_tracker - INFO - No recent songs found from Spotify
2025-08-12 06:58:03,407 - music_tracker - INFO - No new songs found from Spotify API
2025-08-12 06:58:03,408 - music_tracker - INFO - Song collection completed successfully
2025-08-12 07:58:03,325 - music_tracker - INFO - SpotiSpy song collection starting...
2025-08-12 07:58:03,326 - music_tracker - INFO - Starting song collection (last 1 hours)
2025-08-12 07:58:03,327 - music_tracker - INFO - Fetching recent tracks from Spotify...
2025-08-12 07:58:03,677 - music_tracker - INFO - No recent songs found from Spotify
2025-08-12 07:58:03,679 - music_tracker - INFO - No new songs found from Spotify API
2025-08-12 07:58:03,680 - music_tracker - INFO - Song collection completed successfully
2025-08-12 08:58:03,580 - music_tracker - INFO - SpotiSpy song collection starting...
2025-08-12 08:58:03,581 - music_tracker - INFO - Starting song collection (last 1 hours)
2025-08-12 08:58:03,582 - music_tracker - INFO - Fetching recent tracks from Spotify...
2025-08-12 08:58:03,946 - music_tracker - INFO - No recent songs found from Spotify
2025-08-12 08:58:03,948 - music_tracker - INFO - No new songs found from Spotify API
2025-08-12 08:58:03,949 - music_tracker - INFO - Song collection completed successfully
2025-08-12 09:00:13,534 - music_tracker - INFO - SpotiSpy starting...
2025-08-12 09:00:13,534 - music_tracker - INFO - Starting daily SpotiSpy analysis
2025-08-12 09:00:13,535 - music_tracker - INFO - Fetching yesterday's listening data...
2025-08-12 09:00:14,119 - music_tracker - INFO - Fetched 53 songs from database
2025-08-12 09:00:14,122 - music_tracker - INFO - Found 53 songs to analyze
2025-08-12 09:00:14,123 - music_tracker - INFO - Running analysis...
2025-08-12 09:00:14,129 - music_tracker - INFO - Sending daily summary to Slack...
2025-08-12 09:00:22,826 - music_tracker - INFO - Message sent successfully to Slack
2025-08-12 09:00:22,827 - music_tracker - INFO - Daily analysis completed successfully!
2025-08-12 09:00:22,828 - music_tracker - INFO - SpotiSpy completed successfully
2025-08-12 09:58:02,722 - music_tracker - INFO - SpotiSpy song collection starting...
2025-08-12 09:58:02,722 - music_tracker - INFO - Starting song collection (last 1 hours)
2025-08-12 09:58:02,723 - music_tracker - INFO - Fetching recent tracks from Spotify...
2025-08-12 09:58:03,128 - music_tracker - INFO - Fetched 3 songs from Spotify
2025-08-12 09:58:03,131 - music_tracker - INFO - Found 3 songs from Spotify API
2025-08-12 09:58:03,131 - music_tracker - INFO - Checking for duplicates in database...
2025-08-12 09:58:03,532 - music_tracker - ERROR - Error checking for duplicates: 400 Client Error: Bad Request for url: https://wpbsuyhjgwjugsqkriqe.supabase.co/rest/v1/songs?played_at=in.(%222025-08-12T14:43:03.452000+00:00%22,%222025-08-12T14:40:53.186000+00:00%22,%222025-08-12T14:38:36.797000+00:00%22)&select=played_at
2025-08-12 09:58:03,534 - music_tracker - INFO - Found 3 new songs to save
2025-08-12 09:58:03,535 - music_tracker - INFO - Saving songs to database...
2025-08-12 09:58:03,823 - music_tracker - INFO - Successfully saved 3 songs to database
2025-08-12 09:58:03,825 - music_tracker - INFO - Successfully saved 3 songs to database
2025-08-12 09:58:03,826 - music_tracker - INFO - Song collection completed successfully
2025-08-12 10:58:02,726 - music_tracker - INFO - SpotiSpy song collection starting...
2025-08-12 10:58:02,728 - music_tracker - INFO - Starting song collection (last 1 hours)
2025-08-12 10:58:02,729 - music_tracker - INFO - Fetching recent tracks from Spotify...
2025-08-12 10:58:03,099 - music_tracker - INFO - No recent songs found from Spotify
2025-08-12 10:58:03,101 - music_tracker - INFO - No new songs found from Spotify API
2025-08-12 10:58:03,102 - music_tracker - INFO - Song collection completed successfully
2025-08-12 11:58:03,087 - music_tracker - INFO - SpotiSpy song collection starting...
2025-08-12 11:58:03,088 - music_tracker - INFO - Starting song collection (last 1 hours)
2025-08-12 11:58:03,089 - music_tracker - INFO - Fetching recent tracks from Spotify...
2025-08-12 11:58:03,445 - music_tracker - INFO - No recent songs found from Spotify
2025-08-12 11:58:03,447 - music_tracker - INFO - No new songs found from Spotify API
2025-08-12 11:58:03,448 - music_tracker - INFO - Song collection completed successfully
2025-08-12 12:58:03,667 - music_tracker - INFO - SpotiSpy song collection starting...
2025-08-12 12:58:03,667 - music_tracker - INFO - Starting song collection (last 1 hours)
2025-08-12 12:58:03,668 - music_tracker - INFO - Fetching recent tracks from Spotify...
2025-08-12 12:58:04,162 - music_tracker - INFO - Fetched 10 songs from Spotify
2025-08-12 12:58:04,164 - music_tracker - INFO - Found 10 songs from Spotify API
2025-08-12 12:58:04,165 - music_tracker - INFO - Checking for duplicates in database...
2025-08-12 12:58:04,528 - music_tracker - ERROR - Error checking for duplicates: 400 Client Error: Bad Request for url: https://wpbsuyhjgwjugsqkriqe.supabase.co/rest/v1/songs?played_at=in.(%222025-08-12T17:56:37.082000+00:00%22,%222025-08-12T17:53:04.191000+00:00%22,%222025-08-12T17:49:00.536000+00:00%22,%222025-08-12T17:46:18.356000+00:00%22,%222025-08-12T17:23:09.734000+00:00%22,%222025-08-12T17:20:44.868000+00:00%22,%222025-08-12T17:19:28.810000+00:00%22,%222025-08-12T17:17:40.575000+00:00%22,%222025-08-12T17:14:56.635000+00:00%22,%222025-08-12T17:12:10.930000+00:00%22)&select=played_at
2025-08-12 12:58:04,530 - music_tracker - INFO - Found 10 new songs to save
2025-08-12 12:58:04,530 - music_tracker - INFO - Saving songs to database...
2025-08-12 12:58:04,806 - music_tracker - INFO - Successfully saved 10 songs to database
2025-08-12 12:58:04,808 - music_tracker - INFO - Successfully saved 10 songs to database
2025-08-12 12:58:04,808 - music_tracker - INFO - Song collection completed successfully
2025-08-12 13:58:03,802 - music_tracker - INFO - SpotiSpy song collection starting...
2025-08-12 13:58:03,804 - music_tracker - INFO - Starting song collection (last 1 hours)
2025-08-12 13:58:03,804 - music_tracker - INFO - Fetching recent tracks from Spotify...
2025-08-12 13:58:04,267 - music_tracker - INFO - Fetched 19 songs from Spotify
2025-08-12 13:58:04,270 - music_tracker - INFO - Found 19 songs from Spotify API
2025-08-12 13:58:04,270 - music_tracker - INFO - Checking for duplicates in database...
2025-08-12 13:58:04,547 - music_tracker - ERROR - Error checking for duplicates: 400 Client Error: Bad Request for url: https://wpbsuyhjgwjugsqkriqe.supabase.co/rest/v1/songs?played_at=in.(%222025-08-12T18:57:33.554000+00:00%22,%222025-08-12T18:54:55.807000+00:00%22,%222025-08-12T18:51:14.759000+00:00%22,%222025-08-12T18:48:10.197000+00:00%22,%222025-08-12T18:45:28.827000+00:00%22,%222025-08-12T18:42:47.208000+00:00%22,%222025-08-12T18:39:38.646000+00:00%22,%222025-08-12T18:36:24.569000+00:00%22,%222025-08-12T18:32:40.674000+00:00%22,%222025-08-12T18:28:45.691000+00:00%22,%222025-08-12T18:25:09.018000+00:00%22,%222025-08-12T18:23:05.551000+00:00%22,%222025-08-12T18:19:04.902000+00:00%22,%222025-08-12T18:15:19.936000+00:00%22,%222025-08-12T18:11:55.490000+00:00%22,%222025-08-12T18:09:16.438000+00:00%22,%222025-08-12T18:05:55.563000+00:00%22,%222025-08-12T18:01:55.476000+00:00%22,%222025-08-12T17:59:25.237000+00:00%22)&select=played_at
2025-08-12 13:58:04,549 - music_tracker - INFO - Found 19 new songs to save
2025-08-12 13:58:04,550 - music_tracker - INFO - Saving songs to database...
2025-08-12 13:58:04,787 - music_tracker - ERROR - Error saving to database: 401 Client Error: Unauthorized for url: https://wpbsuyhjgwjugsqkriqe.supabase.co/rest/v1/songs
2025-08-12 13:58:04,789 - music_tracker - ERROR - Failed to save songs to database
2025-08-12 13:58:04,790 - music_tracker - ERROR - Song collection completed with errors
