2025-10-10 00:58:02,755 - music_tracker - INFO - SpotiSpy song collection starting...
2025-10-10 00:58:02,756 - music_tracker - INFO - Starting song collection (last 1 hours)
2025-10-10 00:58:02,757 - music_tracker - INFO - Fetching recent tracks from Spotify...
2025-10-10 00:58:03,135 - music_tracker - INFO - No recent songs found from Spotify
2025-10-10 00:58:03,137 - music_tracker - INFO - No new songs found from Spotify API
2025-10-10 00:58:03,138 - music_tracker - INFO - Song collection completed successfully
2025-10-10 01:58:03,033 - music_tracker - INFO - SpotiSpy song collection starting...
2025-10-10 01:58:03,034 - music_tracker - INFO - Starting song collection (last 1 hours)
2025-10-10 01:58:03,035 - music_tracker - INFO - Fetching recent tracks from Spotify...
2025-10-10 01:58:03,382 - music_tracker - INFO - No recent songs found from Spotify
2025-10-10 01:58:03,384 - music_tracker - INFO - No new songs found from Spotify API
2025-10-10 01:58:03,384 - music_tracker - INFO - Song collection completed successfully
2025-10-10 02:58:03,714 - music_tracker - INFO - SpotiSpy song collection starting...
2025-10-10 02:58:03,714 - music_tracker - INFO - Starting song collection (last 1 hours)
2025-10-10 02:58:03,715 - music_tracker - INFO - Fetching recent tracks from Spotify...
2025-10-10 02:58:04,089 - music_tracker - INFO - No recent songs found from Spotify
2025-10-10 02:58:04,091 - music_tracker - INFO - No new songs found from Spotify API
2025-10-10 02:58:04,092 - music_tracker - INFO - Song collection completed successfully
2025-10-10 03:58:03,409 - music_tracker - INFO - SpotiSpy song collection starting...
2025-10-10 03:58:03,410 - music_tracker - INFO - Starting song collection (last 1 hours)
2025-10-10 03:58:03,411 - music_tracker - INFO - Fetching recent tracks from Spotify...
2025-10-10 03:58:03,757 - music_tracker - INFO - No recent songs found from Spotify
2025-10-10 03:58:03,759 - music_tracker - INFO - No new songs found from Spotify API
2025-10-10 03:58:03,759 - music_tracker - INFO - Song collection completed successfully
2025-10-10 04:58:02,625 - music_tracker - INFO - SpotiSpy song collection starting...
2025-10-10 04:58:02,626 - music_tracker - INFO - Starting song collection (last 1 hours)
2025-10-10 04:58:02,626 - music_tracker - INFO - Fetching recent tracks from Spotify...
2025-10-10 04:58:02,993 - music_tracker - INFO - No recent songs found from Spotify
2025-10-10 04:58:02,995 - music_tracker - INFO - No new songs found from Spotify API
2025-10-10 04:58:02,995 - music_tracker - INFO - Song collection completed successfully
2025-10-10 05:58:02,958 - music_tracker - INFO - SpotiSpy song collection starting...
2025-10-10 05:58:02,959 - music_tracker - INFO - Starting song collection (last 1 hours)
2025-10-10 05:58:02,960 - music_tracker - INFO - Fetching recent tracks from Spotify...
2025-10-10 05:58:03,390 - music_tracker - INFO - Fetched 1 songs from Spotify
2025-10-10 05:58:03,393 - music_tracker - INFO - Found 1 songs from Spotify API
2025-10-10 05:58:03,393 - music_tracker - INFO - Checking for duplicates in database...
2025-10-10 05:58:04,863 - music_tracker - INFO - Found 1 new songs out of 1 total
2025-10-10 05:58:04,865 - music_tracker - INFO - Found 1 new songs to save
2025-10-10 05:58:04,866 - music_tracker - INFO - Saving songs to database...
2025-10-10 05:58:05,267 - music_tracker - INFO - Successfully saved 1 songs to database
2025-10-10 05:58:05,269 - music_tracker - INFO - Successfully saved 1 songs to database
2025-10-10 05:58:05,270 - music_tracker - INFO - Song collection completed successfully
2025-10-10 06:58:03,372 - music_tracker - INFO - SpotiSpy song collection starting...
2025-10-10 06:58:03,373 - music_tracker - INFO - Starting song collection (last 1 hours)
2025-10-10 06:58:03,374 - music_tracker - INFO - Fetching recent tracks from Spotify...
2025-10-10 06:58:03,739 - music_tracker - INFO - No recent songs found from Spotify
2025-10-10 06:58:03,741 - music_tracker - INFO - No new songs found from Spotify API
2025-10-10 06:58:03,742 - music_tracker - INFO - Song collection completed successfully
2025-10-10 07:58:02,616 - music_tracker - INFO - SpotiSpy song collection starting...
2025-10-10 07:58:02,617 - music_tracker - INFO - Starting song collection (last 1 hours)
2025-10-10 07:58:02,617 - music_tracker - INFO - Fetching recent tracks from Spotify...
2025-10-10 07:58:02,983 - music_tracker - INFO - No recent songs found from Spotify
2025-10-10 07:58:02,985 - music_tracker - INFO - No new songs found from Spotify API
2025-10-10 07:58:02,986 - music_tracker - INFO - Song collection completed successfully
2025-10-10 08:58:02,884 - music_tracker - INFO - SpotiSpy song collection starting...
2025-10-10 08:58:02,884 - music_tracker - INFO - Starting song collection (last 1 hours)
2025-10-10 08:58:02,885 - music_tracker - INFO - Fetching recent tracks from Spotify...
2025-10-10 08:58:03,234 - music_tracker - INFO - No recent songs found from Spotify
2025-10-10 08:58:03,237 - music_tracker - INFO - No new songs found from Spotify API
2025-10-10 08:58:03,237 - music_tracker - INFO - Song collection completed successfully
2025-10-10 09:00:13,154 - music_tracker - INFO - SpotiSpy starting...
2025-10-10 09:00:13,155 - music_tracker - INFO - Starting daily SpotiSpy analysis
2025-10-10 09:00:13,155 - music_tracker - INFO - Fetching yesterday's listening data...
2025-10-10 09:00:14,966 - music_tracker - INFO - Fetched 85 songs from database
2025-10-10 09:00:14,968 - music_tracker - INFO - Found 85 songs to analyze
2025-10-10 09:00:14,969 - music_tracker - INFO - Running analysis...
2025-10-10 09:00:14,980 - music_tracker - INFO - Sending daily summary to Slack...
2025-10-10 09:00:43,740 - music_tracker - INFO - Message sent successfully to Slack
2025-10-10 09:00:43,741 - music_tracker - INFO - Daily analysis completed successfully!
2025-10-10 09:00:43,742 - music_tracker - INFO - SpotiSpy completed successfully
2025-10-10 09:58:04,079 - music_tracker - INFO - SpotiSpy song collection starting...
2025-10-10 09:58:04,080 - music_tracker - INFO - Starting song collection (last 1 hours)
2025-10-10 09:58:04,081 - music_tracker - INFO - Fetching recent tracks from Spotify...
2025-10-10 09:58:04,629 - music_tracker - INFO - No recent songs found from Spotify
2025-10-10 09:58:04,631 - music_tracker - INFO - No new songs found from Spotify API
2025-10-10 09:58:04,632 - music_tracker - INFO - Song collection completed successfully
2025-10-10 10:58:03,576 - music_tracker - INFO - SpotiSpy song collection starting...
2025-10-10 10:58:03,576 - music_tracker - INFO - Starting song collection (last 1 hours)
2025-10-10 10:58:03,577 - music_tracker - INFO - Fetching recent tracks from Spotify...
2025-10-10 10:58:04,248 - music_tracker - INFO - Fetched 12 songs from Spotify
2025-10-10 10:58:04,251 - music_tracker - INFO - Found 12 songs from Spotify API
2025-10-10 10:58:04,252 - music_tracker - INFO - Checking for duplicates in database...
2025-10-10 10:58:05,568 - music_tracker - INFO - Found 12 new songs out of 12 total
2025-10-10 10:58:05,570 - music_tracker - INFO - Found 12 new songs to save
2025-10-10 10:58:05,571 - music_tracker - INFO - Saving songs to database...
2025-10-10 10:58:07,109 - music_tracker - INFO - Successfully saved 12 songs to database
2025-10-10 10:58:07,113 - music_tracker - INFO - Successfully saved 12 songs to database
2025-10-10 10:58:07,114 - music_tracker - INFO - Song collection completed successfully
2025-10-10 11:58:03,033 - music_tracker - INFO - SpotiSpy song collection starting...
2025-10-10 11:58:03,033 - music_tracker - INFO - Starting song collection (last 1 hours)
2025-10-10 11:58:03,034 - music_tracker - INFO - Fetching recent tracks from Spotify...
2025-10-10 11:58:03,695 - music_tracker - INFO - Fetched 13 songs from Spotify
2025-10-10 11:58:03,699 - music_tracker - INFO - Found 13 songs from Spotify API
2025-10-10 11:58:03,699 - music_tracker - INFO - Checking for duplicates in database...
2025-10-10 11:58:04,943 - music_tracker - INFO - Found 13 new songs out of 13 total
2025-10-10 11:58:04,945 - music_tracker - INFO - Found 13 new songs to save
2025-10-10 11:58:04,946 - music_tracker - INFO - Saving songs to database...
2025-10-10 11:58:05,289 - music_tracker - INFO - Successfully saved 13 songs to database
2025-10-10 11:58:05,291 - music_tracker - INFO - Successfully saved 13 songs to database
2025-10-10 11:58:05,292 - music_tracker - INFO - Song collection completed successfully
2025-10-10 12:58:03,220 - music_tracker - INFO - SpotiSpy song collection starting...
2025-10-10 12:58:03,220 - music_tracker - INFO - Starting song collection (last 1 hours)
2025-10-10 12:58:03,221 - music_tracker - INFO - Fetching recent tracks from Spotify...
2025-10-10 12:58:03,933 - music_tracker - INFO - No recent songs found from Spotify
2025-10-10 12:58:03,937 - music_tracker - INFO - No new songs found from Spotify API
2025-10-10 12:58:03,937 - music_tracker - INFO - Song collection completed successfully
2025-10-10 13:58:02,848 - music_tracker - INFO - SpotiSpy song collection starting...
2025-10-10 13:58:02,848 - music_tracker - INFO - Starting song collection (last 1 hours)
2025-10-10 13:58:02,849 - music_tracker - INFO - Fetching recent tracks from Spotify...
2025-10-10 13:58:03,292 - music_tracker - INFO - Fetched 5 songs from Spotify
2025-10-10 13:58:03,294 - music_tracker - INFO - Found 5 songs from Spotify API
2025-10-10 13:58:03,295 - music_tracker - INFO - Checking for duplicates in database...
2025-10-10 13:58:04,555 - music_tracker - INFO - Found 5 new songs out of 5 total
2025-10-10 13:58:04,557 - music_tracker - INFO - Found 5 new songs to save
2025-10-10 13:58:04,558 - music_tracker - INFO - Saving songs to database...
2025-10-10 13:58:04,870 - music_tracker - INFO - Successfully saved 5 songs to database
2025-10-10 13:58:04,872 - music_tracker - INFO - Successfully saved 5 songs to database
2025-10-10 13:58:04,873 - music_tracker - INFO - Song collection completed successfully
2025-10-10 14:58:02,787 - music_tracker - INFO - SpotiSpy song collection starting...
2025-10-10 14:58:02,787 - music_tracker - INFO - Starting song collection (last 1 hours)
2025-10-10 14:58:02,788 - music_tracker - INFO - Fetching recent tracks from Spotify...
2025-10-10 14:58:03,329 - music_tracker - INFO - Fetched 17 songs from Spotify
2025-10-10 14:58:03,333 - music_tracker - INFO - Found 17 songs from Spotify API
2025-10-10 14:58:03,333 - music_tracker - INFO - Checking for duplicates in database...
2025-10-10 14:58:04,646 - music_tracker - INFO - Found 17 new songs out of 17 total
2025-10-10 14:58:04,648 - music_tracker - INFO - Found 17 new songs to save
2025-10-10 14:58:04,649 - music_tracker - INFO - Saving songs to database...
2025-10-10 14:58:05,014 - music_tracker - INFO - Successfully saved 17 songs to database
2025-10-10 14:58:05,016 - music_tracker - INFO - Successfully saved 17 songs to database
2025-10-10 14:58:05,017 - music_tracker - INFO - Song collection completed successfully
2025-10-10 15:58:02,924 - music_tracker - INFO - SpotiSpy song collection starting...
2025-10-10 15:58:02,924 - music_tracker - INFO - Starting song collection (last 1 hours)
2025-10-10 15:58:02,925 - music_tracker - INFO - Fetching recent tracks from Spotify...
2025-10-10 15:58:03,517 - music_tracker - INFO - Fetched 18 songs from Spotify
2025-10-10 15:58:03,520 - music_tracker - INFO - Found 18 songs from Spotify API
2025-10-10 15:58:03,521 - music_tracker - INFO - Checking for duplicates in database...
2025-10-10 15:58:04,870 - music_tracker - INFO - Found 18 new songs out of 18 total
2025-10-10 15:58:04,872 - music_tracker - INFO - Found 18 new songs to save
2025-10-10 15:58:04,873 - music_tracker - INFO - Saving songs to database...
2025-10-10 15:58:05,252 - music_tracker - INFO - Successfully saved 18 songs to database
2025-10-10 15:58:05,254 - music_tracker - INFO - Successfully saved 18 songs to database
2025-10-10 15:58:05,255 - music_tracker - INFO - Song collection completed successfully
2025-10-10 16:58:03,192 - music_tracker - INFO - SpotiSpy song collection starting...
2025-10-10 16:58:03,192 - music_tracker - INFO - Starting song collection (last 1 hours)
2025-10-10 16:58:03,193 - music_tracker - INFO - Fetching recent tracks from Spotify...
2025-10-10 16:58:03,750 - music_tracker - INFO - Fetched 18 songs from Spotify
2025-10-10 16:58:03,753 - music_tracker - INFO - Found 18 songs from Spotify API
2025-10-10 16:58:03,754 - music_tracker - INFO - Checking for duplicates in database...
2025-10-10 16:58:05,292 - music_tracker - INFO - Found 18 new songs out of 18 total
2025-10-10 16:58:05,294 - music_tracker - INFO - Found 18 new songs to save
2025-10-10 16:58:05,295 - music_tracker - INFO - Saving songs to database...
2025-10-10 16:58:05,636 - music_tracker - INFO - Successfully saved 18 songs to database
2025-10-10 16:58:05,638 - music_tracker - INFO - Successfully saved 18 songs to database
2025-10-10 16:58:05,639 - music_tracker - INFO - Song collection completed successfully
2025-10-10 17:58:03,577 - music_tracker - INFO - SpotiSpy song collection starting...
2025-10-10 17:58:03,578 - music_tracker - INFO - Starting song collection (last 1 hours)
2025-10-10 17:58:03,578 - music_tracker - INFO - Fetching recent tracks from Spotify...
2025-10-10 17:58:04,157 - music_tracker - INFO - Fetched 9 songs from Spotify
2025-10-10 17:58:04,160 - music_tracker - INFO - Found 9 songs from Spotify API
2025-10-10 17:58:04,161 - music_tracker - INFO - Checking for duplicates in database...
2025-10-10 17:58:05,554 - music_tracker - INFO - Found 9 new songs out of 9 total
2025-10-10 17:58:05,556 - music_tracker - INFO - Found 9 new songs to save
2025-10-10 17:58:05,557 - music_tracker - INFO - Saving songs to database...
2025-10-10 17:58:05,938 - music_tracker - INFO - Successfully saved 9 songs to database
2025-10-10 17:58:05,940 - music_tracker - INFO - Successfully saved 9 songs to database
2025-10-10 17:58:05,941 - music_tracker - INFO - Song collection completed successfully
2025-10-10 18:58:02,878 - music_tracker - INFO - SpotiSpy song collection starting...
2025-10-10 18:58:02,879 - music_tracker - INFO - Starting song collection (last 1 hours)
2025-10-10 18:58:02,879 - music_tracker - INFO - Fetching recent tracks from Spotify...
2025-10-10 18:58:03,293 - music_tracker - INFO - Fetched 4 songs from Spotify
2025-10-10 18:58:03,296 - music_tracker - INFO - Found 4 songs from Spotify API
2025-10-10 18:58:03,296 - music_tracker - INFO - Checking for duplicates in database...
2025-10-10 18:58:03,968 - music_tracker - INFO - Found 4 new songs out of 4 total
2025-10-10 18:58:03,970 - music_tracker - INFO - Found 4 new songs to save
2025-10-10 18:58:03,971 - music_tracker - INFO - Saving songs to database...
2025-10-10 18:58:04,327 - music_tracker - INFO - Successfully saved 4 songs to database
2025-10-10 18:58:04,329 - music_tracker - INFO - Successfully saved 4 songs to database
2025-10-10 18:58:04,330 - music_tracker - INFO - Song collection completed successfully
2025-10-10 19:58:03,269 - music_tracker - INFO - SpotiSpy song collection starting...
2025-10-10 19:58:03,270 - music_tracker - INFO - Starting song collection (last 1 hours)
2025-10-10 19:58:03,271 - music_tracker - INFO - Fetching recent tracks from Spotify...
2025-10-10 19:58:03,795 - music_tracker - INFO - Fetched 4 songs from Spotify
2025-10-10 19:58:03,797 - music_tracker - INFO - Found 4 songs from Spotify API
2025-10-10 19:58:03,798 - music_tracker - INFO - Checking for duplicates in database...
2025-10-10 19:58:05,023 - music_tracker - INFO - Found 4 new songs out of 4 total
2025-10-10 19:58:05,026 - music_tracker - INFO - Found 4 new songs to save
2025-10-10 19:58:05,027 - music_tracker - INFO - Saving songs to database...
2025-10-10 19:58:05,292 - music_tracker - INFO - Successfully saved 4 songs to database
2025-10-10 19:58:05,294 - music_tracker - INFO - Successfully saved 4 songs to database
2025-10-10 19:58:05,295 - music_tracker - INFO - Song collection completed successfully
2025-10-10 20:58:03,214 - music_tracker - INFO - SpotiSpy song collection starting...
2025-10-10 20:58:03,214 - music_tracker - INFO - Starting song collection (last 1 hours)
2025-10-10 20:58:03,215 - music_tracker - INFO - Fetching recent tracks from Spotify...
2025-10-10 20:58:03,787 - music_tracker - INFO - Fetched 2 songs from Spotify
2025-10-10 20:58:03,789 - music_tracker - INFO - Found 2 songs from Spotify API
2025-10-10 20:58:03,790 - music_tracker - INFO - Checking for duplicates in database...
2025-10-10 20:58:05,101 - music_tracker - INFO - Found 2 new songs out of 2 total
2025-10-10 20:58:05,103 - music_tracker - INFO - Found 2 new songs to save
2025-10-10 20:58:05,103 - music_tracker - INFO - Saving songs to database...
2025-10-10 20:58:05,412 - music_tracker - INFO - Successfully saved 2 songs to database
2025-10-10 20:58:05,414 - music_tracker - INFO - Successfully saved 2 songs to database
2025-10-10 20:58:05,415 - music_tracker - INFO - Song collection completed successfully
2025-10-10 21:58:03,651 - music_tracker - INFO - SpotiSpy song collection starting...
2025-10-10 21:58:03,652 - music_tracker - INFO - Starting song collection (last 1 hours)
2025-10-10 21:58:03,653 - music_tracker - INFO - Fetching recent tracks from Spotify...
2025-10-10 21:58:04,532 - music_tracker - INFO - Fetched 13 songs from Spotify
2025-10-10 21:58:04,535 - music_tracker - INFO - Found 13 songs from Spotify API
2025-10-10 21:58:04,536 - music_tracker - INFO - Checking for duplicates in database...
2025-10-10 21:58:05,893 - music_tracker - INFO - Found 13 new songs out of 13 total
2025-10-10 21:58:05,895 - music_tracker - INFO - Found 13 new songs to save
2025-10-10 21:58:05,897 - music_tracker - INFO - Saving songs to database...
2025-10-10 21:58:06,249 - music_tracker - INFO - Successfully saved 13 songs to database
2025-10-10 21:58:06,252 - music_tracker - INFO - Successfully saved 13 songs to database
2025-10-10 21:58:06,253 - music_tracker - INFO - Song collection completed successfully
2025-10-10 22:58:03,812 - music_tracker - INFO - SpotiSpy song collection starting...
2025-10-10 22:58:03,812 - music_tracker - INFO - Starting song collection (last 1 hours)
2025-10-10 22:58:03,813 - music_tracker - INFO - Fetching recent tracks from Spotify...
2025-10-10 22:58:04,314 - music_tracker - INFO - Fetched 12 songs from Spotify
2025-10-10 22:58:04,317 - music_tracker - INFO - Found 12 songs from Spotify API
2025-10-10 22:58:04,318 - music_tracker - INFO - Checking for duplicates in database...
2025-10-10 22:58:05,351 - music_tracker - INFO - Found 12 new songs out of 12 total
2025-10-10 22:58:05,353 - music_tracker - INFO - Found 12 new songs to save
2025-10-10 22:58:05,354 - music_tracker - INFO - Saving songs to database...
2025-10-10 22:58:05,725 - music_tracker - INFO - Successfully saved 12 songs to database
2025-10-10 22:58:05,727 - music_tracker - INFO - Successfully saved 12 songs to database
2025-10-10 22:58:05,728 - music_tracker - INFO - Song collection completed successfully
2025-10-10 23:58:02,644 - music_tracker - INFO - SpotiSpy song collection starting...
2025-10-10 23:58:02,645 - music_tracker - INFO - Starting song collection (last 1 hours)
2025-10-10 23:58:02,646 - music_tracker - INFO - Fetching recent tracks from Spotify...
2025-10-10 23:58:03,353 - music_tracker - INFO - Fetched 9 songs from Spotify
2025-10-10 23:58:03,357 - music_tracker - INFO - Found 9 songs from Spotify API
2025-10-10 23:58:03,358 - music_tracker - INFO - Checking for duplicates in database...
2025-10-10 23:58:04,607 - music_tracker - INFO - Found 9 new songs out of 9 total
2025-10-10 23:58:04,609 - music_tracker - INFO - Found 9 new songs to save
2025-10-10 23:58:04,610 - music_tracker - INFO - Saving songs to database...
2025-10-10 23:58:04,952 - music_tracker - INFO - Successfully saved 9 songs to database
2025-10-10 23:58:04,953 - music_tracker - INFO - Successfully saved 9 songs to database
2025-10-10 23:58:04,954 - music_tracker - INFO - Song collection completed successfully
