2025-06-08 00:58:06,706 - music_tracker - INFO - Zero songs listened to
2025-06-08 00:58:06,707 - music_tracker - INFO - No songs uploaded.
2025-06-08 01:58:07,550 - music_tracker - INFO - Zero songs listened to
2025-06-08 01:58:07,551 - music_tracker - INFO - No songs uploaded.
2025-06-08 02:58:07,253 - music_tracker - INFO - Zero songs listened to
2025-06-08 02:58:07,254 - music_tracker - INFO - No songs uploaded.
2025-06-08 03:58:07,037 - music_tracker - INFO - Zero songs listened to
2025-06-08 03:58:07,038 - music_tracker - INFO - No songs uploaded.
2025-06-08 04:58:06,735 - music_tracker - INFO - Zero songs listened to
2025-06-08 04:58:06,735 - music_tracker - INFO - No songs uploaded.
2025-06-08 05:58:06,415 - music_tracker - INFO - Zero songs listened to
2025-06-08 05:58:06,415 - music_tracker - INFO - No songs uploaded.
2025-06-08 06:58:07,235 - music_tracker - INFO - Zero songs listened to
2025-06-08 06:58:07,236 - music_tracker - INFO - No songs uploaded.
2025-06-08 07:58:06,953 - music_tracker - INFO - Zero songs listened to
2025-06-08 07:58:06,954 - music_tracker - INFO - No songs uploaded.
2025-06-08 08:58:06,660 - music_tracker - INFO - Zero songs listened to
2025-06-08 08:58:06,660 - music_tracker - INFO - No songs uploaded.
2025-06-08 09:00:12,051 - music_tracker - INFO - Starting music tracker analysis
2025-06-08 09:00:12,052 - music_tracker - INFO - Fetching data
2025-06-08 09:00:12,839 - music_tracker - INFO - Fetched 51 recent songs
2025-06-08 09:00:12,844 - music_tracker - INFO - Running top listens analysis
2025-06-08 09:00:12,845 - music_tracker - INFO - Calculating top songs listens
2025-06-08 09:00:12,846 - music_tracker - INFO - Sending message with top 2 songs
2025-06-08 09:00:13,506 - music_tracker - INFO - Message successfully sent!
2025-06-08 09:00:13,506 - music_tracker - INFO - Calculating top albums listens
2025-06-08 09:00:13,507 - music_tracker - INFO - Sending message with top 3 albums
2025-06-08 09:00:14,131 - music_tracker - INFO - Message successfully sent!
2025-06-08 09:00:14,132 - music_tracker - INFO - Calculating top artists listens
2025-06-08 09:00:14,132 - music_tracker - INFO - Sending message with top 3 artists
2025-06-08 09:00:14,731 - music_tracker - INFO - Message successfully sent!
2025-06-08 09:00:14,732 - music_tracker - INFO - Running popularity and listening hours analysis
2025-06-08 09:00:14,732 - music_tracker - INFO - Finding most popular track
2025-06-08 09:00:14,732 - music_tracker - INFO - Most popular song found: squabble up with score 88
2025-06-08 09:00:15,362 - music_tracker - INFO - Message successfully sent!
2025-06-08 09:00:15,363 - music_tracker - INFO - Calculating most listened hour
2025-06-08 09:00:15,364 - music_tracker - INFO - Most listened hour: 16:00 with 54:31
2025-06-08 09:00:16,042 - music_tracker - INFO - Message successfully sent!
2025-06-08 09:00:16,042 - music_tracker - INFO - Analysis completed successfully

2025-06-08 09:58:06,748 - music_tracker - INFO - Zero songs listened to
2025-06-08 09:58:06,749 - music_tracker - INFO - No songs uploaded.
2025-06-08 10:58:07,920 - music_tracker - INFO - Uploading 5 songs
2025-06-08 11:58:07,578 - music_tracker - INFO - Uploading 2 songs
2025-06-08 12:58:11,701 - music_tracker - INFO -   Supabase error: Status 400, {"code":"22007","details":null,"hint":null,"message":"invalid input syntax for type date: \"2001\""}
2025-06-08 12:58:11,702 - music_tracker - INFO - No songs uploaded.
2025-06-08 13:58:10,495 - music_tracker - INFO - Uploading 10 songs
2025-06-08 14:58:11,676 - music_tracker - INFO - Uploading 18 songs
2025-06-08 15:58:10,907 - music_tracker - INFO -   Supabase error: Status 400, {"code":"22007","details":null,"hint":null,"message":"invalid input syntax for type date: \"2007\""}
2025-06-08 15:58:10,909 - music_tracker - INFO - No songs uploaded.
2025-06-08 16:58:11,050 - music_tracker - INFO - Uploading 19 songs
2025-06-08 17:58:11,177 - music_tracker - INFO - Uploading 19 songs
2025-06-08 18:58:10,304 - music_tracker - INFO - Uploading 14 songs
2025-06-08 19:58:07,837 - music_tracker - INFO - Uploading 1 song
2025-06-08 20:58:07,587 - music_tracker - INFO - Uploading 2 songs
2025-06-08 21:58:08,426 - music_tracker - INFO - Uploading 2 songs
2025-06-08 22:58:07,411 - music_tracker - INFO - Zero songs listened to
2025-06-08 22:58:07,413 - music_tracker - INFO - No songs uploaded.
2025-06-08 23:58:07,196 - music_tracker - INFO - Zero songs listened to
2025-06-08 23:58:07,196 - music_tracker - INFO - No songs uploaded.
