2025-11-23 00:58:03,078 - music_tracker - INFO - SpotiSpy song collection starting...
2025-11-23 00:58:03,078 - music_tracker - INFO - Starting song collection (last 1 hours)
2025-11-23 00:58:03,079 - music_tracker - INFO - Fetching recent tracks from Spotify...
2025-11-23 00:58:03,518 - music_tracker - INFO - Fetched 1 songs from Spotify
2025-11-23 00:58:03,521 - music_tracker - INFO - Found 1 songs from Spotify API
2025-11-23 00:58:03,521 - music_tracker - INFO - Checking for duplicates in database...
2025-11-23 00:58:04,847 - music_tracker - INFO - Found 1 new songs out of 1 total
2025-11-23 00:58:04,849 - music_tracker - INFO - Found 1 new songs to save
2025-11-23 00:58:04,850 - music_tracker - INFO - Saving songs to database...
2025-11-23 00:58:05,097 - music_tracker - INFO - Successfully saved 1 songs to database
2025-11-23 00:58:05,099 - music_tracker - INFO - Successfully saved 1 songs to database
2025-11-23 00:58:05,099 - music_tracker - INFO - Song collection completed successfully
2025-11-23 01:58:03,023 - music_tracker - INFO - SpotiSpy song collection starting...
2025-11-23 01:58:03,024 - music_tracker - INFO - Starting song collection (last 1 hours)
2025-11-23 01:58:03,025 - music_tracker - INFO - Fetching recent tracks from Spotify...
2025-11-23 01:58:03,405 - music_tracker - INFO - No recent songs found from Spotify
2025-11-23 01:58:03,407 - music_tracker - INFO - No new songs found from Spotify API
2025-11-23 01:58:03,407 - music_tracker - INFO - Song collection completed successfully
2025-11-23 02:58:03,307 - music_tracker - INFO - SpotiSpy song collection starting...
2025-11-23 02:58:03,308 - music_tracker - INFO - Starting song collection (last 1 hours)
2025-11-23 02:58:03,308 - music_tracker - INFO - Fetching recent tracks from Spotify...
2025-11-23 02:58:03,634 - music_tracker - INFO - No recent songs found from Spotify
2025-11-23 02:58:03,636 - music_tracker - INFO - No new songs found from Spotify API
2025-11-23 02:58:03,636 - music_tracker - INFO - Song collection completed successfully
2025-11-23 03:58:03,582 - music_tracker - INFO - SpotiSpy song collection starting...
2025-11-23 03:58:03,582 - music_tracker - INFO - Starting song collection (last 1 hours)
2025-11-23 03:58:03,583 - music_tracker - INFO - Fetching recent tracks from Spotify...
2025-11-23 03:58:03,946 - music_tracker - INFO - No recent songs found from Spotify
2025-11-23 03:58:03,948 - music_tracker - INFO - No new songs found from Spotify API
2025-11-23 03:58:03,948 - music_tracker - INFO - Song collection completed successfully
2025-11-23 04:58:02,835 - music_tracker - INFO - SpotiSpy song collection starting...
2025-11-23 04:58:02,836 - music_tracker - INFO - Starting song collection (last 1 hours)
2025-11-23 04:58:02,837 - music_tracker - INFO - Fetching recent tracks from Spotify...
2025-11-23 04:58:03,188 - music_tracker - INFO - No recent songs found from Spotify
2025-11-23 04:58:03,191 - music_tracker - INFO - No new songs found from Spotify API
2025-11-23 04:58:03,191 - music_tracker - INFO - Song collection completed successfully
2025-11-23 05:58:03,094 - music_tracker - INFO - SpotiSpy song collection starting...
2025-11-23 05:58:03,095 - music_tracker - INFO - Starting song collection (last 1 hours)
2025-11-23 05:58:03,096 - music_tracker - INFO - Fetching recent tracks from Spotify...
2025-11-23 05:58:03,450 - music_tracker - INFO - No recent songs found from Spotify
2025-11-23 05:58:03,452 - music_tracker - INFO - No new songs found from Spotify API
2025-11-23 05:58:03,453 - music_tracker - INFO - Song collection completed successfully
2025-11-23 06:58:03,434 - music_tracker - INFO - SpotiSpy song collection starting...
2025-11-23 06:58:03,435 - music_tracker - INFO - Starting song collection (last 1 hours)
2025-11-23 06:58:03,436 - music_tracker - INFO - Fetching recent tracks from Spotify...
2025-11-23 06:58:03,794 - music_tracker - INFO - No recent songs found from Spotify
2025-11-23 06:58:03,796 - music_tracker - INFO - No new songs found from Spotify API
2025-11-23 06:58:03,796 - music_tracker - INFO - Song collection completed successfully
2025-11-23 07:58:02,688 - music_tracker - INFO - SpotiSpy song collection starting...
2025-11-23 07:58:02,689 - music_tracker - INFO - Starting song collection (last 1 hours)
2025-11-23 07:58:02,690 - music_tracker - INFO - Fetching recent tracks from Spotify...
2025-11-23 07:58:03,028 - music_tracker - INFO - No recent songs found from Spotify
2025-11-23 07:58:03,030 - music_tracker - INFO - No new songs found from Spotify API
2025-11-23 07:58:03,030 - music_tracker - INFO - Song collection completed successfully
2025-11-23 08:58:03,119 - music_tracker - INFO - SpotiSpy song collection starting...
2025-11-23 08:58:03,120 - music_tracker - INFO - Starting song collection (last 1 hours)
2025-11-23 08:58:03,121 - music_tracker - INFO - Fetching recent tracks from Spotify...
2025-11-23 08:58:03,474 - music_tracker - INFO - No recent songs found from Spotify
2025-11-23 08:58:03,476 - music_tracker - INFO - No new songs found from Spotify API
2025-11-23 08:58:03,477 - music_tracker - INFO - Song collection completed successfully
2025-11-23 09:00:15,503 - music_tracker - INFO - SpotiSpy starting...
2025-11-23 09:00:15,503 - music_tracker - INFO - Starting daily SpotiSpy analysis
2025-11-23 09:00:15,504 - music_tracker - INFO - Fetching yesterday's listening data...
2025-11-23 09:00:16,340 - music_tracker - INFO - Fetched 44 songs from database
2025-11-23 09:00:16,343 - music_tracker - INFO - Found 44 songs to analyze
2025-11-23 09:00:16,344 - music_tracker - INFO - Running analysis...
2025-11-23 09:00:16,350 - music_tracker - INFO - Sending daily summary to Slack...
2025-11-23 09:00:23,822 - music_tracker - INFO - Message sent successfully to Slack
2025-11-23 09:00:23,822 - music_tracker - INFO - Daily analysis completed successfully!
2025-11-23 09:00:23,823 - music_tracker - INFO - Running weekly summary...
2025-11-23 09:00:23,823 - music_tracker - INFO - Generating weekly summary...
2025-11-23 09:00:23,827 - music_tracker - INFO - Starting comprehensive weekly analysis
2025-11-23 09:00:24,091 - music_tracker - INFO - Fetched 40 songs for date 2025-11-23
2025-11-23 09:00:24,093 - music_tracker - INFO - Date 2025-11-23: 40 songs
2025-11-23 09:00:24,314 - music_tracker - INFO - Fetched 4 songs for date 2025-11-22
2025-11-23 09:00:24,316 - music_tracker - INFO - Date 2025-11-22: 4 songs
2025-11-23 09:00:24,584 - music_tracker - INFO - Fetched 100 songs for date 2025-11-21
2025-11-23 09:00:24,586 - music_tracker - INFO - Date 2025-11-21: 100 songs
2025-11-23 09:00:24,824 - music_tracker - INFO - Fetched 81 songs for date 2025-11-20
2025-11-23 09:00:24,826 - music_tracker - INFO - Date 2025-11-20: 81 songs
2025-11-23 09:00:25,048 - music_tracker - INFO - Fetched 104 songs for date 2025-11-19
2025-11-23 09:00:25,050 - music_tracker - INFO - Date 2025-11-19: 104 songs
2025-11-23 09:00:25,301 - music_tracker - INFO - Fetched 102 songs for date 2025-11-18
2025-11-23 09:00:25,302 - music_tracker - INFO - Date 2025-11-18: 102 songs
2025-11-23 09:00:25,527 - music_tracker - INFO - Fetched 85 songs for date 2025-11-17
2025-11-23 09:00:25,529 - music_tracker - INFO - Date 2025-11-17: 85 songs
2025-11-23 09:00:26,255 - music_tracker - INFO - Message sent successfully to Slack
2025-11-23 09:00:26,257 - music_tracker - INFO - SpotiSpy completed successfully
2025-11-23 09:58:03,163 - music_tracker - INFO - SpotiSpy song collection starting...
2025-11-23 09:58:03,163 - music_tracker - INFO - Starting song collection (last 1 hours)
2025-11-23 09:58:03,164 - music_tracker - INFO - Fetching recent tracks from Spotify...
2025-11-23 09:58:03,722 - music_tracker - INFO - No recent songs found from Spotify
2025-11-23 09:58:03,724 - music_tracker - INFO - No new songs found from Spotify API
2025-11-23 09:58:03,724 - music_tracker - INFO - Song collection completed successfully
2025-11-23 10:58:02,676 - music_tracker - INFO - SpotiSpy song collection starting...
2025-11-23 10:58:02,677 - music_tracker - INFO - Starting song collection (last 1 hours)
2025-11-23 10:58:02,677 - music_tracker - INFO - Fetching recent tracks from Spotify...
2025-11-23 10:58:03,179 - music_tracker - INFO - No recent songs found from Spotify
2025-11-23 10:58:03,181 - music_tracker - INFO - No new songs found from Spotify API
2025-11-23 10:58:03,182 - music_tracker - INFO - Song collection completed successfully
2025-11-23 11:58:03,083 - music_tracker - INFO - SpotiSpy song collection starting...
2025-11-23 11:58:03,084 - music_tracker - INFO - Starting song collection (last 1 hours)
2025-11-23 11:58:03,085 - music_tracker - INFO - Fetching recent tracks from Spotify...
2025-11-23 11:58:03,723 - music_tracker - INFO - Fetched 2 songs from Spotify
2025-11-23 11:58:03,726 - music_tracker - INFO - Found 2 songs from Spotify API
2025-11-23 11:58:03,727 - music_tracker - INFO - Checking for duplicates in database...
2025-11-23 11:58:05,359 - music_tracker - INFO - Found 2 new songs out of 2 total
2025-11-23 11:58:05,361 - music_tracker - INFO - Found 2 new songs to save
2025-11-23 11:58:05,362 - music_tracker - INFO - Saving songs to database...
2025-11-23 11:58:05,625 - music_tracker - INFO - Successfully saved 2 songs to database
2025-11-23 11:58:05,627 - music_tracker - INFO - Successfully saved 2 songs to database
2025-11-23 11:58:05,628 - music_tracker - INFO - Song collection completed successfully
2025-11-23 12:58:03,544 - music_tracker - INFO - SpotiSpy song collection starting...
2025-11-23 12:58:03,544 - music_tracker - INFO - Starting song collection (last 1 hours)
2025-11-23 12:58:03,545 - music_tracker - INFO - Fetching recent tracks from Spotify...
2025-11-23 12:58:03,900 - music_tracker - INFO - No recent songs found from Spotify
2025-11-23 12:58:03,902 - music_tracker - INFO - No new songs found from Spotify API
2025-11-23 12:58:03,902 - music_tracker - INFO - Song collection completed successfully
2025-11-23 13:58:02,791 - music_tracker - INFO - SpotiSpy song collection starting...
2025-11-23 13:58:02,792 - music_tracker - INFO - Starting song collection (last 1 hours)
2025-11-23 13:58:02,792 - music_tracker - INFO - Fetching recent tracks from Spotify...
2025-11-23 13:58:03,715 - music_tracker - INFO - Fetched 13 songs from Spotify
2025-11-23 13:58:03,718 - music_tracker - INFO - Found 13 songs from Spotify API
2025-11-23 13:58:03,719 - music_tracker - INFO - Checking for duplicates in database...
2025-11-23 13:58:05,126 - music_tracker - INFO - Found 13 new songs out of 13 total
2025-11-23 13:58:05,128 - music_tracker - INFO - Found 13 new songs to save
2025-11-23 13:58:05,129 - music_tracker - INFO - Saving songs to database...
2025-11-23 13:58:05,510 - music_tracker - INFO - Successfully saved 13 songs to database
2025-11-23 13:58:05,512 - music_tracker - INFO - Successfully saved 13 songs to database
2025-11-23 13:58:05,513 - music_tracker - INFO - Song collection completed successfully
2025-11-23 14:58:03,419 - music_tracker - INFO - SpotiSpy song collection starting...
2025-11-23 14:58:03,419 - music_tracker - INFO - Starting song collection (last 1 hours)
2025-11-23 14:58:03,420 - music_tracker - INFO - Fetching recent tracks from Spotify...
2025-11-23 14:58:03,766 - music_tracker - INFO - No recent songs found from Spotify
2025-11-23 14:58:03,768 - music_tracker - INFO - No new songs found from Spotify API
2025-11-23 14:58:03,769 - music_tracker - INFO - Song collection completed successfully
2025-11-23 15:58:02,674 - music_tracker - INFO - SpotiSpy song collection starting...
2025-11-23 15:58:02,674 - music_tracker - INFO - Starting song collection (last 1 hours)
2025-11-23 15:58:02,675 - music_tracker - INFO - Fetching recent tracks from Spotify...
2025-11-23 15:58:03,738 - music_tracker - INFO - Fetched 11 songs from Spotify
2025-11-23 15:58:03,743 - music_tracker - INFO - Found 11 songs from Spotify API
2025-11-23 15:58:03,744 - music_tracker - INFO - Checking for duplicates in database...
2025-11-23 15:58:05,215 - music_tracker - INFO - Found 11 new songs out of 11 total
2025-11-23 15:58:05,217 - music_tracker - INFO - Found 11 new songs to save
2025-11-23 15:58:05,218 - music_tracker - INFO - Saving songs to database...
2025-11-23 15:58:05,579 - music_tracker - INFO - Successfully saved 11 songs to database
2025-11-23 15:58:05,581 - music_tracker - INFO - Successfully saved 11 songs to database
2025-11-23 15:58:05,582 - music_tracker - INFO - Song collection completed successfully
2025-11-23 16:58:03,480 - music_tracker - INFO - SpotiSpy song collection starting...
2025-11-23 16:58:03,481 - music_tracker - INFO - Starting song collection (last 1 hours)
2025-11-23 16:58:03,482 - music_tracker - INFO - Fetching recent tracks from Spotify...
2025-11-23 16:58:04,171 - music_tracker - INFO - Fetched 11 songs from Spotify
2025-11-23 16:58:04,175 - music_tracker - INFO - Found 11 songs from Spotify API
2025-11-23 16:58:04,176 - music_tracker - INFO - Checking for duplicates in database...
2025-11-23 16:58:05,678 - music_tracker - INFO - Found 11 new songs out of 11 total
2025-11-23 16:58:05,681 - music_tracker - INFO - Found 11 new songs to save
2025-11-23 16:58:05,681 - music_tracker - INFO - Saving songs to database...
2025-11-23 16:58:06,051 - music_tracker - INFO - Successfully saved 11 songs to database
2025-11-23 16:58:06,053 - music_tracker - INFO - Successfully saved 11 songs to database
2025-11-23 16:58:06,054 - music_tracker - INFO - Song collection completed successfully
2025-11-23 17:58:02,975 - music_tracker - INFO - SpotiSpy song collection starting...
2025-11-23 17:58:02,976 - music_tracker - INFO - Starting song collection (last 1 hours)
2025-11-23 17:58:02,976 - music_tracker - INFO - Fetching recent tracks from Spotify...
2025-11-23 17:58:03,456 - music_tracker - INFO - No recent songs found from Spotify
2025-11-23 17:58:03,458 - music_tracker - INFO - No new songs found from Spotify API
2025-11-23 17:58:03,459 - music_tracker - INFO - Song collection completed successfully
2025-11-23 18:58:03,364 - music_tracker - INFO - SpotiSpy song collection starting...
2025-11-23 18:58:03,364 - music_tracker - INFO - Starting song collection (last 1 hours)
2025-11-23 18:58:03,365 - music_tracker - INFO - Fetching recent tracks from Spotify...
2025-11-23 18:58:03,742 - music_tracker - INFO - No recent songs found from Spotify
2025-11-23 18:58:03,744 - music_tracker - INFO - No new songs found from Spotify API
2025-11-23 18:58:03,744 - music_tracker - INFO - Song collection completed successfully
2025-11-23 19:58:02,643 - music_tracker - INFO - SpotiSpy song collection starting...
2025-11-23 19:58:02,643 - music_tracker - INFO - Starting song collection (last 1 hours)
2025-11-23 19:58:02,644 - music_tracker - INFO - Fetching recent tracks from Spotify...
2025-11-23 19:58:03,078 - music_tracker - INFO - No recent songs found from Spotify
2025-11-23 19:58:03,080 - music_tracker - INFO - No new songs found from Spotify API
2025-11-23 19:58:03,081 - music_tracker - INFO - Song collection completed successfully
