2025-08-18 00:58:03,018 - music_tracker - INFO - SpotiSpy song collection starting...
2025-08-18 00:58:03,018 - music_tracker - INFO - Starting song collection (last 1 hours)
2025-08-18 00:58:03,019 - music_tracker - INFO - Fetching recent tracks from Spotify...
2025-08-18 00:58:03,445 - music_tracker - INFO - Fetched 4 songs from Spotify
2025-08-18 00:58:03,448 - music_tracker - INFO - Found 4 songs from Spotify API
2025-08-18 00:58:03,448 - music_tracker - INFO - Checking for duplicates in database...
2025-08-18 00:58:03,759 - music_tracker - INFO - Found 4 new songs out of 4 total
2025-08-18 00:58:03,761 - music_tracker - INFO - Found 4 new songs to save
2025-08-18 00:58:03,762 - music_tracker - INFO - Saving songs to database...
2025-08-18 00:58:03,979 - music_tracker - INFO - Successfully saved 4 songs to database
2025-08-18 00:58:03,980 - music_tracker - INFO - Successfully saved 4 songs to database
2025-08-18 00:58:03,981 - music_tracker - INFO - Song collection completed successfully
2025-08-18 01:58:02,904 - music_tracker - INFO - SpotiSpy song collection starting...
2025-08-18 01:58:02,905 - music_tracker - INFO - Starting song collection (last 1 hours)
2025-08-18 01:58:02,905 - music_tracker - INFO - Fetching recent tracks from Spotify...
2025-08-18 01:58:03,252 - music_tracker - INFO - No recent songs found from Spotify
2025-08-18 01:58:03,254 - music_tracker - INFO - No new songs found from Spotify API
2025-08-18 01:58:03,254 - music_tracker - INFO - Song collection completed successfully
2025-08-18 02:58:03,817 - music_tracker - INFO - SpotiSpy song collection starting...
2025-08-18 02:58:03,817 - music_tracker - INFO - Starting song collection (last 1 hours)
2025-08-18 02:58:03,818 - music_tracker - INFO - Fetching recent tracks from Spotify...
2025-08-18 02:58:04,189 - music_tracker - INFO - No recent songs found from Spotify
2025-08-18 02:58:04,191 - music_tracker - INFO - No new songs found from Spotify API
2025-08-18 02:58:04,192 - music_tracker - INFO - Song collection completed successfully
2025-08-18 03:58:03,142 - music_tracker - INFO - SpotiSpy song collection starting...
2025-08-18 03:58:03,143 - music_tracker - INFO - Starting song collection (last 1 hours)
2025-08-18 03:58:03,144 - music_tracker - INFO - Fetching recent tracks from Spotify...
2025-08-18 03:58:03,487 - music_tracker - INFO - No recent songs found from Spotify
2025-08-18 03:58:03,489 - music_tracker - INFO - No new songs found from Spotify API
2025-08-18 03:58:03,489 - music_tracker - INFO - Song collection completed successfully
2025-08-18 04:58:03,383 - music_tracker - INFO - SpotiSpy song collection starting...
2025-08-18 04:58:03,383 - music_tracker - INFO - Starting song collection (last 1 hours)
2025-08-18 04:58:03,384 - music_tracker - INFO - Fetching recent tracks from Spotify...
2025-08-18 04:58:03,748 - music_tracker - INFO - No recent songs found from Spotify
2025-08-18 04:58:03,750 - music_tracker - INFO - No new songs found from Spotify API
2025-08-18 04:58:03,750 - music_tracker - INFO - Song collection completed successfully
2025-08-18 05:58:02,742 - music_tracker - INFO - SpotiSpy song collection starting...
2025-08-18 05:58:02,743 - music_tracker - INFO - Starting song collection (last 1 hours)
2025-08-18 05:58:02,744 - music_tracker - INFO - Fetching recent tracks from Spotify...
2025-08-18 05:58:03,127 - music_tracker - INFO - No recent songs found from Spotify
2025-08-18 05:58:03,129 - music_tracker - INFO - No new songs found from Spotify API
2025-08-18 05:58:03,130 - music_tracker - INFO - Song collection completed successfully
2025-08-18 06:58:03,155 - music_tracker - INFO - SpotiSpy song collection starting...
2025-08-18 06:58:03,156 - music_tracker - INFO - Starting song collection (last 1 hours)
2025-08-18 06:58:03,157 - music_tracker - INFO - Fetching recent tracks from Spotify...
2025-08-18 06:58:03,530 - music_tracker - INFO - No recent songs found from Spotify
2025-08-18 06:58:03,532 - music_tracker - INFO - No new songs found from Spotify API
2025-08-18 06:58:03,532 - music_tracker - INFO - Song collection completed successfully
2025-08-18 07:58:03,433 - music_tracker - INFO - SpotiSpy song collection starting...
2025-08-18 07:58:03,433 - music_tracker - INFO - Starting song collection (last 1 hours)
2025-08-18 07:58:03,434 - music_tracker - INFO - Fetching recent tracks from Spotify...
2025-08-18 07:58:03,938 - music_tracker - INFO - Fetched 1 songs from Spotify
2025-08-18 07:58:03,940 - music_tracker - INFO - Found 1 songs from Spotify API
2025-08-18 07:58:03,941 - music_tracker - INFO - Checking for duplicates in database...
2025-08-18 07:58:04,681 - music_tracker - INFO - Found 1 new songs out of 1 total
2025-08-18 07:58:04,683 - music_tracker - INFO - Found 1 new songs to save
2025-08-18 07:58:04,683 - music_tracker - INFO - Saving songs to database...
2025-08-18 07:58:04,903 - music_tracker - INFO - Successfully saved 1 songs to database
2025-08-18 07:58:04,904 - music_tracker - INFO - Successfully saved 1 songs to database
2025-08-18 07:58:04,905 - music_tracker - INFO - Song collection completed successfully
2025-08-18 08:58:02,823 - music_tracker - INFO - SpotiSpy song collection starting...
2025-08-18 08:58:02,823 - music_tracker - INFO - Starting song collection (last 1 hours)
2025-08-18 08:58:02,824 - music_tracker - INFO - Fetching recent tracks from Spotify...
2025-08-18 08:58:03,220 - music_tracker - INFO - Fetched 4 songs from Spotify
2025-08-18 08:58:03,222 - music_tracker - INFO - Found 4 songs from Spotify API
2025-08-18 08:58:03,223 - music_tracker - INFO - Checking for duplicates in database...
2025-08-18 08:58:03,560 - music_tracker - INFO - Found 4 new songs out of 4 total
2025-08-18 08:58:03,561 - music_tracker - INFO - Found 4 new songs to save
2025-08-18 08:58:03,562 - music_tracker - INFO - Saving songs to database...
2025-08-18 08:58:03,832 - music_tracker - INFO - Successfully saved 4 songs to database
2025-08-18 08:58:03,834 - music_tracker - INFO - Successfully saved 4 songs to database
2025-08-18 08:58:03,835 - music_tracker - INFO - Song collection completed successfully
2025-08-18 09:00:13,065 - music_tracker - INFO - SpotiSpy starting...
2025-08-18 09:00:13,066 - music_tracker - INFO - Starting daily SpotiSpy analysis
2025-08-18 09:00:13,066 - music_tracker - INFO - Fetching yesterday's listening data...
2025-08-18 09:00:13,355 - music_tracker - INFO - Fetched 36 songs from database
2025-08-18 09:00:13,356 - music_tracker - INFO - Found 36 songs to analyze
2025-08-18 09:00:13,357 - music_tracker - INFO - Running analysis...
2025-08-18 09:00:13,360 - music_tracker - INFO - Sending daily summary to Slack...
2025-08-18 09:00:22,352 - music_tracker - INFO - Message sent successfully to Slack
2025-08-18 09:00:22,352 - music_tracker - INFO - Daily analysis completed successfully!
2025-08-18 09:00:22,353 - music_tracker - INFO - SpotiSpy completed successfully
2025-08-18 09:58:03,372 - music_tracker - INFO - SpotiSpy song collection starting...
2025-08-18 09:58:03,373 - music_tracker - INFO - Starting song collection (last 1 hours)
2025-08-18 09:58:03,373 - music_tracker - INFO - Fetching recent tracks from Spotify...
2025-08-18 09:58:03,728 - music_tracker - INFO - No recent songs found from Spotify
2025-08-18 09:58:03,730 - music_tracker - INFO - No new songs found from Spotify API
2025-08-18 09:58:03,731 - music_tracker - INFO - Song collection completed successfully
2025-08-18 10:58:02,619 - music_tracker - INFO - SpotiSpy song collection starting...
2025-08-18 10:58:02,620 - music_tracker - INFO - Starting song collection (last 1 hours)
2025-08-18 10:58:02,621 - music_tracker - INFO - Fetching recent tracks from Spotify...
2025-08-18 10:58:03,090 - music_tracker - INFO - Fetched 3 songs from Spotify
2025-08-18 10:58:03,093 - music_tracker - INFO - Found 3 songs from Spotify API
2025-08-18 10:58:03,093 - music_tracker - INFO - Checking for duplicates in database...
2025-08-18 10:58:03,480 - music_tracker - INFO - Found 3 new songs out of 3 total
2025-08-18 10:58:03,482 - music_tracker - INFO - Found 3 new songs to save
2025-08-18 10:58:03,483 - music_tracker - INFO - Saving songs to database...
2025-08-18 10:58:04,055 - music_tracker - INFO - Successfully saved 3 songs to database
2025-08-18 10:58:04,057 - music_tracker - INFO - Successfully saved 3 songs to database
2025-08-18 10:58:04,058 - music_tracker - INFO - Song collection completed successfully
2025-08-18 11:58:02,984 - music_tracker - INFO - SpotiSpy song collection starting...
2025-08-18 11:58:02,985 - music_tracker - INFO - Starting song collection (last 1 hours)
2025-08-18 11:58:02,986 - music_tracker - INFO - Fetching recent tracks from Spotify...
2025-08-18 11:58:03,488 - music_tracker - INFO - Fetched 18 songs from Spotify
2025-08-18 11:58:03,491 - music_tracker - INFO - Found 18 songs from Spotify API
2025-08-18 11:58:03,492 - music_tracker - INFO - Checking for duplicates in database...
2025-08-18 11:58:03,861 - music_tracker - INFO - Found 18 new songs out of 18 total
2025-08-18 11:58:03,863 - music_tracker - INFO - Found 18 new songs to save
2025-08-18 11:58:03,864 - music_tracker - INFO - Saving songs to database...
2025-08-18 11:58:04,208 - music_tracker - INFO - Successfully saved 18 songs to database
2025-08-18 11:58:04,210 - music_tracker - INFO - Successfully saved 18 songs to database
2025-08-18 11:58:04,210 - music_tracker - INFO - Song collection completed successfully
2025-08-18 12:58:03,114 - music_tracker - INFO - SpotiSpy song collection starting...
2025-08-18 12:58:03,115 - music_tracker - INFO - Starting song collection (last 1 hours)
2025-08-18 12:58:03,115 - music_tracker - INFO - Fetching recent tracks from Spotify...
2025-08-18 12:58:03,495 - music_tracker - INFO - No recent songs found from Spotify
2025-08-18 12:58:03,497 - music_tracker - INFO - No new songs found from Spotify API
2025-08-18 12:58:03,498 - music_tracker - INFO - Song collection completed successfully
2025-08-18 13:58:03,383 - music_tracker - INFO - SpotiSpy song collection starting...
2025-08-18 13:58:03,383 - music_tracker - INFO - Starting song collection (last 1 hours)
2025-08-18 13:58:03,384 - music_tracker - INFO - Fetching recent tracks from Spotify...
2025-08-18 13:58:03,844 - music_tracker - INFO - Fetched 7 songs from Spotify
2025-08-18 13:58:03,846 - music_tracker - INFO - Found 7 songs from Spotify API
2025-08-18 13:58:03,847 - music_tracker - INFO - Checking for duplicates in database...
2025-08-18 13:58:04,220 - music_tracker - INFO - Found 7 new songs out of 7 total
2025-08-18 13:58:04,222 - music_tracker - INFO - Found 7 new songs to save
2025-08-18 13:58:04,223 - music_tracker - INFO - Saving songs to database...
2025-08-18 13:58:04,492 - music_tracker - INFO - Successfully saved 7 songs to database
2025-08-18 13:58:04,494 - music_tracker - INFO - Successfully saved 7 songs to database
2025-08-18 13:58:04,495 - music_tracker - INFO - Song collection completed successfully
2025-08-18 14:58:04,501 - music_tracker - INFO - SpotiSpy song collection starting...
2025-08-18 14:58:04,502 - music_tracker - INFO - Starting song collection (last 1 hours)
2025-08-18 14:58:04,503 - music_tracker - INFO - Fetching recent tracks from Spotify...
2025-08-18 14:58:04,982 - music_tracker - INFO - Fetched 12 songs from Spotify
2025-08-18 14:58:04,984 - music_tracker - INFO - Found 12 songs from Spotify API
2025-08-18 14:58:04,985 - music_tracker - INFO - Checking for duplicates in database...
2025-08-18 14:58:05,341 - music_tracker - INFO - Found 12 new songs out of 12 total
2025-08-18 14:58:05,343 - music_tracker - INFO - Found 12 new songs to save
2025-08-18 14:58:05,344 - music_tracker - INFO - Saving songs to database...
2025-08-18 14:58:05,640 - music_tracker - INFO - Successfully saved 12 songs to database
2025-08-18 14:58:05,642 - music_tracker - INFO - Successfully saved 12 songs to database
2025-08-18 14:58:05,643 - music_tracker - INFO - Song collection completed successfully
2025-08-18 15:58:03,584 - music_tracker - INFO - SpotiSpy song collection starting...
2025-08-18 15:58:03,584 - music_tracker - INFO - Starting song collection (last 1 hours)
2025-08-18 15:58:03,585 - music_tracker - INFO - Fetching recent tracks from Spotify...
2025-08-18 15:58:03,991 - music_tracker - INFO - Fetched 1 songs from Spotify
2025-08-18 15:58:03,993 - music_tracker - INFO - Found 1 songs from Spotify API
2025-08-18 15:58:03,993 - music_tracker - INFO - Checking for duplicates in database...
2025-08-18 15:58:04,348 - music_tracker - INFO - Found 1 new songs out of 1 total
2025-08-18 15:58:04,350 - music_tracker - INFO - Found 1 new songs to save
2025-08-18 15:58:04,351 - music_tracker - INFO - Saving songs to database...
2025-08-18 15:58:04,615 - music_tracker - INFO - Successfully saved 1 songs to database
2025-08-18 15:58:04,617 - music_tracker - INFO - Successfully saved 1 songs to database
2025-08-18 15:58:04,618 - music_tracker - INFO - Song collection completed successfully
2025-08-18 16:58:03,534 - music_tracker - INFO - SpotiSpy song collection starting...
2025-08-18 16:58:03,535 - music_tracker - INFO - Starting song collection (last 1 hours)
2025-08-18 16:58:03,536 - music_tracker - INFO - Fetching recent tracks from Spotify...
2025-08-18 16:58:03,882 - music_tracker - INFO - No recent songs found from Spotify
2025-08-18 16:58:03,884 - music_tracker - INFO - No new songs found from Spotify API
2025-08-18 16:58:03,885 - music_tracker - INFO - Song collection completed successfully
2025-08-18 17:58:02,762 - music_tracker - INFO - SpotiSpy song collection starting...
2025-08-18 17:58:02,762 - music_tracker - INFO - Starting song collection (last 1 hours)
2025-08-18 17:58:02,763 - music_tracker - INFO - Fetching recent tracks from Spotify...
2025-08-18 17:58:03,303 - music_tracker - INFO - Fetched 12 songs from Spotify
2025-08-18 17:58:03,306 - music_tracker - INFO - Found 12 songs from Spotify API
2025-08-18 17:58:03,306 - music_tracker - INFO - Checking for duplicates in database...
2025-08-18 17:58:03,693 - music_tracker - INFO - Found 12 new songs out of 12 total
2025-08-18 17:58:03,695 - music_tracker - INFO - Found 12 new songs to save
2025-08-18 17:58:03,696 - music_tracker - INFO - Saving songs to database...
2025-08-18 17:58:03,980 - music_tracker - INFO - Successfully saved 12 songs to database
2025-08-18 17:58:03,982 - music_tracker - INFO - Successfully saved 12 songs to database
2025-08-18 17:58:03,983 - music_tracker - INFO - Song collection completed successfully
2025-08-18 18:58:02,907 - music_tracker - INFO - SpotiSpy song collection starting...
2025-08-18 18:58:02,908 - music_tracker - INFO - Starting song collection (last 1 hours)
2025-08-18 18:58:02,908 - music_tracker - INFO - Fetching recent tracks from Spotify...
2025-08-18 18:58:03,398 - music_tracker - INFO - Fetched 2 songs from Spotify
2025-08-18 18:58:03,400 - music_tracker - INFO - Found 2 songs from Spotify API
2025-08-18 18:58:03,401 - music_tracker - INFO - Checking for duplicates in database...
2025-08-18 18:58:03,799 - music_tracker - INFO - Found 2 new songs out of 2 total
2025-08-18 18:58:03,801 - music_tracker - INFO - Found 2 new songs to save
2025-08-18 18:58:03,802 - music_tracker - INFO - Saving songs to database...
2025-08-18 18:58:04,011 - music_tracker - INFO - Successfully saved 2 songs to database
2025-08-18 18:58:04,013 - music_tracker - INFO - Successfully saved 2 songs to database
2025-08-18 18:58:04,013 - music_tracker - INFO - Song collection completed successfully
2025-08-18 19:58:02,935 - music_tracker - INFO - SpotiSpy song collection starting...
2025-08-18 19:58:02,935 - music_tracker - INFO - Starting song collection (last 1 hours)
2025-08-18 19:58:02,936 - music_tracker - INFO - Fetching recent tracks from Spotify...
2025-08-18 19:58:03,411 - music_tracker - INFO - Fetched 11 songs from Spotify
2025-08-18 19:58:03,414 - music_tracker - INFO - Found 11 songs from Spotify API
2025-08-18 19:58:03,415 - music_tracker - INFO - Checking for duplicates in database...
2025-08-18 19:58:03,766 - music_tracker - INFO - Found 11 new songs out of 11 total
2025-08-18 19:58:03,768 - music_tracker - INFO - Found 11 new songs to save
2025-08-18 19:58:03,769 - music_tracker - INFO - Saving songs to database...
2025-08-18 19:58:04,050 - music_tracker - INFO - Successfully saved 11 songs to database
2025-08-18 19:58:04,052 - music_tracker - INFO - Successfully saved 11 songs to database
2025-08-18 19:58:04,052 - music_tracker - INFO - Song collection completed successfully
2025-08-18 20:58:02,972 - music_tracker - INFO - SpotiSpy song collection starting...
2025-08-18 20:58:02,972 - music_tracker - INFO - Starting song collection (last 1 hours)
2025-08-18 20:58:02,973 - music_tracker - INFO - Fetching recent tracks from Spotify...
2025-08-18 20:58:03,387 - music_tracker - INFO - Fetched 4 songs from Spotify
2025-08-18 20:58:03,390 - music_tracker - INFO - Found 4 songs from Spotify API
2025-08-18 20:58:03,390 - music_tracker - INFO - Checking for duplicates in database...
2025-08-18 20:58:03,722 - music_tracker - INFO - Found 4 new songs out of 4 total
2025-08-18 20:58:03,724 - music_tracker - INFO - Found 4 new songs to save
2025-08-18 20:58:03,725 - music_tracker - INFO - Saving songs to database...
2025-08-18 20:58:04,009 - music_tracker - INFO - Successfully saved 4 songs to database
2025-08-18 20:58:04,011 - music_tracker - INFO - Successfully saved 4 songs to database
2025-08-18 20:58:04,012 - music_tracker - INFO - Song collection completed successfully
2025-08-18 21:58:02,924 - music_tracker - INFO - SpotiSpy song collection starting...
2025-08-18 21:58:02,924 - music_tracker - INFO - Starting song collection (last 1 hours)
2025-08-18 21:58:02,925 - music_tracker - INFO - Fetching recent tracks from Spotify...
2025-08-18 21:58:03,311 - music_tracker - INFO - No recent songs found from Spotify
2025-08-18 21:58:03,314 - music_tracker - INFO - No new songs found from Spotify API
2025-08-18 21:58:03,314 - music_tracker - INFO - Song collection completed successfully
2025-08-18 22:58:03,213 - music_tracker - INFO - SpotiSpy song collection starting...
2025-08-18 22:58:03,214 - music_tracker - INFO - Starting song collection (last 1 hours)
2025-08-18 22:58:03,215 - music_tracker - INFO - Fetching recent tracks from Spotify...
2025-08-18 22:58:03,568 - music_tracker - INFO - No recent songs found from Spotify
2025-08-18 22:58:03,570 - music_tracker - INFO - No new songs found from Spotify API
2025-08-18 22:58:03,571 - music_tracker - INFO - Song collection completed successfully
2025-08-18 23:58:03,473 - music_tracker - INFO - SpotiSpy song collection starting...
2025-08-18 23:58:03,474 - music_tracker - INFO - Starting song collection (last 1 hours)
2025-08-18 23:58:03,475 - music_tracker - INFO - Fetching recent tracks from Spotify...
2025-08-18 23:58:03,843 - music_tracker - INFO - No recent songs found from Spotify
2025-08-18 23:58:03,846 - music_tracker - INFO - No new songs found from Spotify API
2025-08-18 23:58:03,846 - music_tracker - INFO - Song collection completed successfully
