2025-12-09 00:58:03,790 - music_tracker - INFO - SpotiSpy song collection starting...
2025-12-09 00:58:03,790 - music_tracker - INFO - Starting song collection (last 1 hours)
2025-12-09 00:58:03,791 - music_tracker - INFO - Fetching recent tracks from Spotify...
2025-12-09 00:58:04,175 - music_tracker - INFO - No recent songs found from Spotify
2025-12-09 00:58:04,177 - music_tracker - INFO - No new songs found from Spotify API
2025-12-09 00:58:04,178 - music_tracker - INFO - Song collection completed successfully
2025-12-09 01:58:03,070 - music_tracker - INFO - SpotiSpy song collection starting...
2025-12-09 01:58:03,071 - music_tracker - INFO - Starting song collection (last 1 hours)
2025-12-09 01:58:03,072 - music_tracker - INFO - Fetching recent tracks from Spotify...
2025-12-09 01:58:03,510 - music_tracker - INFO - No recent songs found from Spotify
2025-12-09 01:58:03,513 - music_tracker - INFO - No new songs found from Spotify API
2025-12-09 01:58:03,513 - music_tracker - INFO - Song collection completed successfully
2025-12-09 02:58:03,404 - music_tracker - INFO - SpotiSpy song collection starting...
2025-12-09 02:58:03,405 - music_tracker - INFO - Starting song collection (last 1 hours)
2025-12-09 02:58:03,406 - music_tracker - INFO - Fetching recent tracks from Spotify...
2025-12-09 02:58:03,770 - music_tracker - INFO - No recent songs found from Spotify
2025-12-09 02:58:03,772 - music_tracker - INFO - No new songs found from Spotify API
2025-12-09 02:58:03,772 - music_tracker - INFO - Song collection completed successfully
2025-12-09 03:58:02,684 - music_tracker - INFO - SpotiSpy song collection starting...
2025-12-09 03:58:02,684 - music_tracker - INFO - Starting song collection (last 1 hours)
2025-12-09 03:58:02,685 - music_tracker - INFO - Fetching recent tracks from Spotify...
2025-12-09 03:58:03,059 - music_tracker - INFO - No recent songs found from Spotify
2025-12-09 03:58:03,061 - music_tracker - INFO - No new songs found from Spotify API
2025-12-09 03:58:03,061 - music_tracker - INFO - Song collection completed successfully
2025-12-09 04:58:03,002 - music_tracker - INFO - SpotiSpy song collection starting...
2025-12-09 04:58:03,003 - music_tracker - INFO - Starting song collection (last 1 hours)
2025-12-09 04:58:03,003 - music_tracker - INFO - Fetching recent tracks from Spotify...
2025-12-09 04:58:08,422 - music_tracker - INFO - No recent songs found from Spotify
2025-12-09 04:58:08,425 - music_tracker - INFO - No new songs found from Spotify API
2025-12-09 04:58:08,426 - music_tracker - INFO - Song collection completed successfully
2025-12-09 05:58:03,759 - music_tracker - INFO - SpotiSpy song collection starting...
2025-12-09 05:58:03,761 - music_tracker - INFO - Starting song collection (last 1 hours)
2025-12-09 05:58:03,762 - music_tracker - INFO - Fetching recent tracks from Spotify...
2025-12-09 05:58:04,105 - music_tracker - INFO - No recent songs found from Spotify
2025-12-09 05:58:04,107 - music_tracker - INFO - No new songs found from Spotify API
2025-12-09 05:58:04,107 - music_tracker - INFO - Song collection completed successfully
2025-12-09 06:58:03,015 - music_tracker - INFO - SpotiSpy song collection starting...
2025-12-09 06:58:03,015 - music_tracker - INFO - Starting song collection (last 1 hours)
2025-12-09 06:58:03,016 - music_tracker - INFO - Fetching recent tracks from Spotify...
2025-12-09 06:58:03,398 - music_tracker - INFO - No recent songs found from Spotify
2025-12-09 06:58:03,400 - music_tracker - INFO - No new songs found from Spotify API
2025-12-09 06:58:03,401 - music_tracker - INFO - Song collection completed successfully
2025-12-09 07:58:03,295 - music_tracker - INFO - SpotiSpy song collection starting...
2025-12-09 07:58:03,296 - music_tracker - INFO - Starting song collection (last 1 hours)
2025-12-09 07:58:03,297 - music_tracker - INFO - Fetching recent tracks from Spotify...
2025-12-09 07:58:03,315 - music_tracker - ERROR - Error fetching from Spotify: HTTPSConnectionPool(host='accounts.spotify.com', port=443): Max retries exceeded with url: /api/token (Caused by NameResolutionError("<urllib3.connection.HTTPSConnection object at 0x7594afb0>: Failed to resolve 'accounts.spotify.com' ([Errno -3] Temporary failure in name resolution)"))
2025-12-09 07:58:03,316 - music_tracker - INFO - No new songs found from Spotify API
2025-12-09 07:58:03,316 - music_tracker - INFO - Song collection completed successfully
2025-12-09 08:58:03,285 - music_tracker - INFO - SpotiSpy song collection starting...
2025-12-09 08:58:03,286 - music_tracker - INFO - Starting song collection (last 1 hours)
2025-12-09 08:58:03,286 - music_tracker - INFO - Fetching recent tracks from Spotify...
2025-12-09 08:58:03,299 - music_tracker - ERROR - Error fetching from Spotify: HTTPSConnectionPool(host='accounts.spotify.com', port=443): Max retries exceeded with url: /api/token (Caused by NameResolutionError("<urllib3.connection.HTTPSConnection object at 0x7596afb0>: Failed to resolve 'accounts.spotify.com' ([Errno -3] Temporary failure in name resolution)"))
2025-12-09 08:58:03,300 - music_tracker - INFO - No new songs found from Spotify API
2025-12-09 08:58:03,300 - music_tracker - INFO - Song collection completed successfully
2025-12-09 09:00:25,267 - music_tracker - INFO - SpotiSpy starting...
2025-12-09 09:00:25,272 - music_tracker - INFO - Starting daily SpotiSpy analysis
2025-12-09 09:00:25,272 - music_tracker - INFO - Fetching yesterday's listening data...
2025-12-09 09:00:25,287 - music_tracker - ERROR - Error fetching from database: HTTPSConnectionPool(host='wpbsuyhjgwjugsqkriqe.supabase.co', port=443): Max retries exceeded with url: /rest/v1/songs?played_at=gte.2025-12-08T15:00:25.273150Z&order=played_at.desc (Caused by NameResolutionError("<urllib3.connection.HTTPSConnection object at 0x75afbb70>: Failed to resolve 'wpbsuyhjgwjugsqkriqe.supabase.co' ([Errno -3] Temporary failure in name resolution)"))
2025-12-09 09:00:25,288 - music_tracker - WARNING - No songs found for yesterday
2025-12-09 09:00:25,288 - music_tracker - INFO - SpotiSpy completed successfully
2025-12-09 09:58:03,109 - music_tracker - INFO - SpotiSpy song collection starting...
2025-12-09 09:58:03,109 - music_tracker - INFO - Starting song collection (last 1 hours)
2025-12-09 09:58:03,110 - music_tracker - INFO - Fetching recent tracks from Spotify...
2025-12-09 09:58:03,122 - music_tracker - ERROR - Error fetching from Spotify: HTTPSConnectionPool(host='accounts.spotify.com', port=443): Max retries exceeded with url: /api/token (Caused by NameResolutionError("<urllib3.connection.HTTPSConnection object at 0x7592afb0>: Failed to resolve 'accounts.spotify.com' ([Errno -3] Temporary failure in name resolution)"))
2025-12-09 09:58:03,123 - music_tracker - INFO - No new songs found from Spotify API
2025-12-09 09:58:03,124 - music_tracker - INFO - Song collection completed successfully
2025-12-09 10:58:02,954 - music_tracker - INFO - SpotiSpy song collection starting...
2025-12-09 10:58:02,954 - music_tracker - INFO - Starting song collection (last 1 hours)
2025-12-09 10:58:02,955 - music_tracker - INFO - Fetching recent tracks from Spotify...
2025-12-09 10:58:02,968 - music_tracker - ERROR - Error fetching from Spotify: HTTPSConnectionPool(host='accounts.spotify.com', port=443): Max retries exceeded with url: /api/token (Caused by NameResolutionError("<urllib3.connection.HTTPSConnection object at 0x758fafb0>: Failed to resolve 'accounts.spotify.com' ([Errno -3] Temporary failure in name resolution)"))
2025-12-09 10:58:02,968 - music_tracker - INFO - No new songs found from Spotify API
2025-12-09 10:58:02,969 - music_tracker - INFO - Song collection completed successfully
2025-12-09 11:58:02,867 - music_tracker - INFO - SpotiSpy song collection starting...
2025-12-09 11:58:02,868 - music_tracker - INFO - Starting song collection (last 1 hours)
2025-12-09 11:58:02,869 - music_tracker - INFO - Fetching recent tracks from Spotify...
2025-12-09 11:58:03,737 - music_tracker - INFO - Fetched 14 songs from Spotify
2025-12-09 11:58:03,742 - music_tracker - INFO - Found 14 songs from Spotify API
2025-12-09 11:58:03,743 - music_tracker - INFO - Checking for duplicates in database...
2025-12-09 11:58:10,498 - music_tracker - INFO - Found 14 new songs out of 14 total
2025-12-09 11:58:10,501 - music_tracker - INFO - Found 14 new songs to save
2025-12-09 11:58:10,502 - music_tracker - INFO - Saving songs to database...
2025-12-09 11:58:10,863 - music_tracker - INFO - Successfully saved 14 songs to database
2025-12-09 11:58:10,866 - music_tracker - INFO - Successfully saved 14 songs to database
2025-12-09 11:58:10,866 - music_tracker - INFO - Song collection completed successfully
2025-12-09 12:58:02,811 - music_tracker - INFO - SpotiSpy song collection starting...
2025-12-09 12:58:02,812 - music_tracker - INFO - Starting song collection (last 1 hours)
2025-12-09 12:58:02,813 - music_tracker - INFO - Fetching recent tracks from Spotify...
2025-12-09 12:58:03,215 - music_tracker - INFO - No recent songs found from Spotify
2025-12-09 12:58:03,217 - music_tracker - INFO - No new songs found from Spotify API
2025-12-09 12:58:03,217 - music_tracker - INFO - Song collection completed successfully
2025-12-09 13:58:03,116 - music_tracker - INFO - SpotiSpy song collection starting...
2025-12-09 13:58:03,116 - music_tracker - INFO - Starting song collection (last 1 hours)
2025-12-09 13:58:03,117 - music_tracker - INFO - Fetching recent tracks from Spotify...
2025-12-09 13:58:03,804 - music_tracker - INFO - Fetched 1 songs from Spotify
2025-12-09 13:58:03,806 - music_tracker - INFO - Found 1 songs from Spotify API
2025-12-09 13:58:03,807 - music_tracker - INFO - Checking for duplicates in database...
2025-12-09 13:58:05,257 - music_tracker - INFO - Found 1 new songs out of 1 total
2025-12-09 13:58:05,259 - music_tracker - INFO - Found 1 new songs to save
2025-12-09 13:58:05,260 - music_tracker - INFO - Saving songs to database...
2025-12-09 13:58:05,523 - music_tracker - INFO - Successfully saved 1 songs to database
2025-12-09 13:58:05,525 - music_tracker - INFO - Successfully saved 1 songs to database
2025-12-09 13:58:05,526 - music_tracker - INFO - Song collection completed successfully
2025-12-09 14:58:03,856 - music_tracker - INFO - SpotiSpy song collection starting...
2025-12-09 14:58:03,856 - music_tracker - INFO - Starting song collection (last 1 hours)
2025-12-09 14:58:03,857 - music_tracker - INFO - Fetching recent tracks from Spotify...
2025-12-09 14:58:04,443 - music_tracker - INFO - Fetched 19 songs from Spotify
2025-12-09 14:58:04,446 - music_tracker - INFO - Found 19 songs from Spotify API
2025-12-09 14:58:04,447 - music_tracker - INFO - Checking for duplicates in database...
2025-12-09 14:58:05,734 - music_tracker - INFO - Found 19 new songs out of 19 total
2025-12-09 14:58:05,737 - music_tracker - INFO - Found 19 new songs to save
2025-12-09 14:58:05,737 - music_tracker - INFO - Saving songs to database...
2025-12-09 14:58:06,149 - music_tracker - INFO - Successfully saved 19 songs to database
2025-12-09 14:58:06,151 - music_tracker - INFO - Successfully saved 19 songs to database
2025-12-09 14:58:06,152 - music_tracker - INFO - Song collection completed successfully
2025-12-09 15:58:03,079 - music_tracker - INFO - SpotiSpy song collection starting...
2025-12-09 15:58:03,080 - music_tracker - INFO - Starting song collection (last 1 hours)
2025-12-09 15:58:03,080 - music_tracker - INFO - Fetching recent tracks from Spotify...
2025-12-09 15:58:03,558 - music_tracker - INFO - Fetched 17 songs from Spotify
2025-12-09 15:58:03,561 - music_tracker - INFO - Found 17 songs from Spotify API
2025-12-09 15:58:03,562 - music_tracker - INFO - Checking for duplicates in database...
2025-12-09 15:58:04,935 - music_tracker - INFO - Found 17 new songs out of 17 total
2025-12-09 15:58:04,937 - music_tracker - INFO - Found 17 new songs to save
2025-12-09 15:58:04,937 - music_tracker - INFO - Saving songs to database...
2025-12-09 15:58:05,345 - music_tracker - INFO - Successfully saved 17 songs to database
2025-12-09 15:58:05,347 - music_tracker - INFO - Successfully saved 17 songs to database
2025-12-09 15:58:05,347 - music_tracker - INFO - Song collection completed successfully
2025-12-09 16:58:03,255 - music_tracker - INFO - SpotiSpy song collection starting...
2025-12-09 16:58:03,256 - music_tracker - INFO - Starting song collection (last 1 hours)
2025-12-09 16:58:03,257 - music_tracker - INFO - Fetching recent tracks from Spotify...
2025-12-09 16:58:03,633 - music_tracker - INFO - No recent songs found from Spotify
2025-12-09 16:58:03,635 - music_tracker - INFO - No new songs found from Spotify API
2025-12-09 16:58:03,636 - music_tracker - INFO - Song collection completed successfully
2025-12-09 17:58:03,539 - music_tracker - INFO - SpotiSpy song collection starting...
2025-12-09 17:58:03,539 - music_tracker - INFO - Starting song collection (last 1 hours)
2025-12-09 17:58:03,540 - music_tracker - INFO - Fetching recent tracks from Spotify...
2025-12-09 17:58:08,918 - music_tracker - INFO - No recent songs found from Spotify
2025-12-09 17:58:08,921 - music_tracker - INFO - No new songs found from Spotify API
2025-12-09 17:58:08,922 - music_tracker - INFO - Song collection completed successfully
2025-12-09 18:58:02,842 - music_tracker - INFO - SpotiSpy song collection starting...
2025-12-09 18:58:02,843 - music_tracker - INFO - Starting song collection (last 1 hours)
2025-12-09 18:58:02,844 - music_tracker - INFO - Fetching recent tracks from Spotify...
2025-12-09 18:58:03,251 - music_tracker - INFO - No recent songs found from Spotify
2025-12-09 18:58:03,253 - music_tracker - INFO - No new songs found from Spotify API
2025-12-09 18:58:03,254 - music_tracker - INFO - Song collection completed successfully
2025-12-09 19:58:03,139 - music_tracker - INFO - SpotiSpy song collection starting...
2025-12-09 19:58:03,139 - music_tracker - INFO - Starting song collection (last 1 hours)
2025-12-09 19:58:03,140 - music_tracker - INFO - Fetching recent tracks from Spotify...
2025-12-09 19:58:03,504 - music_tracker - INFO - No recent songs found from Spotify
2025-12-09 19:58:03,506 - music_tracker - INFO - No new songs found from Spotify API
2025-12-09 19:58:03,506 - music_tracker - INFO - Song collection completed successfully
2025-12-09 20:58:03,410 - music_tracker - INFO - SpotiSpy song collection starting...
2025-12-09 20:58:03,410 - music_tracker - INFO - Starting song collection (last 1 hours)
2025-12-09 20:58:03,411 - music_tracker - INFO - Fetching recent tracks from Spotify...
2025-12-09 20:58:08,928 - music_tracker - INFO - No recent songs found from Spotify
2025-12-09 20:58:08,931 - music_tracker - INFO - No new songs found from Spotify API
2025-12-09 20:58:08,932 - music_tracker - INFO - Song collection completed successfully
2025-12-09 21:58:02,840 - music_tracker - INFO - SpotiSpy song collection starting...
2025-12-09 21:58:02,840 - music_tracker - INFO - Starting song collection (last 1 hours)
2025-12-09 21:58:02,841 - music_tracker - INFO - Fetching recent tracks from Spotify...
2025-12-09 21:58:03,214 - music_tracker - INFO - No recent songs found from Spotify
2025-12-09 21:58:03,216 - music_tracker - INFO - No new songs found from Spotify API
2025-12-09 21:58:03,216 - music_tracker - INFO - Song collection completed successfully
2025-12-09 22:58:03,194 - music_tracker - INFO - SpotiSpy song collection starting...
2025-12-09 22:58:03,194 - music_tracker - INFO - Starting song collection (last 1 hours)
2025-12-09 22:58:03,195 - music_tracker - INFO - Fetching recent tracks from Spotify...
2025-12-09 22:58:16,814 - music_tracker - INFO - No recent songs found from Spotify
2025-12-09 22:58:16,816 - music_tracker - INFO - No new songs found from Spotify API
2025-12-09 22:58:16,817 - music_tracker - INFO - Song collection completed successfully
2025-12-09 23:58:02,764 - music_tracker - INFO - SpotiSpy song collection starting...
2025-12-09 23:58:02,765 - music_tracker - INFO - Starting song collection (last 1 hours)
2025-12-09 23:58:02,766 - music_tracker - INFO - Fetching recent tracks from Spotify...
2025-12-09 23:58:03,124 - music_tracker - INFO - No recent songs found from Spotify
2025-12-09 23:58:03,126 - music_tracker - INFO - No new songs found from Spotify API
2025-12-09 23:58:03,127 - music_tracker - INFO - Song collection completed successfully
