2025-12-29 00:58:03,652 - music_tracker - INFO - SpotiSpy song collection starting...
2025-12-29 00:58:03,652 - music_tracker - INFO - Starting song collection (last 1 hours)
2025-12-29 00:58:03,653 - music_tracker - INFO - Fetching recent tracks from Spotify...
2025-12-29 00:58:04,030 - music_tracker - INFO - No recent songs found from Spotify
2025-12-29 00:58:04,032 - music_tracker - INFO - No new songs found from Spotify API
2025-12-29 00:58:04,032 - music_tracker - INFO - Song collection completed successfully
2025-12-29 01:58:02,960 - music_tracker - INFO - SpotiSpy song collection starting...
2025-12-29 01:58:02,960 - music_tracker - INFO - Starting song collection (last 1 hours)
2025-12-29 01:58:02,961 - music_tracker - INFO - Fetching recent tracks from Spotify...
2025-12-29 01:58:03,322 - music_tracker - INFO - No recent songs found from Spotify
2025-12-29 01:58:03,324 - music_tracker - INFO - No new songs found from Spotify API
2025-12-29 01:58:03,324 - music_tracker - INFO - Song collection completed successfully
2025-12-29 02:58:03,213 - music_tracker - INFO - SpotiSpy song collection starting...
2025-12-29 02:58:03,214 - music_tracker - INFO - Starting song collection (last 1 hours)
2025-12-29 02:58:03,214 - music_tracker - INFO - Fetching recent tracks from Spotify...
2025-12-29 02:58:03,567 - music_tracker - INFO - No recent songs found from Spotify
2025-12-29 02:58:03,570 - music_tracker - INFO - No new songs found from Spotify API
2025-12-29 02:58:03,570 - music_tracker - INFO - Song collection completed successfully
2025-12-29 03:58:03,489 - music_tracker - INFO - SpotiSpy song collection starting...
2025-12-29 03:58:03,490 - music_tracker - INFO - Starting song collection (last 1 hours)
2025-12-29 03:58:03,490 - music_tracker - INFO - Fetching recent tracks from Spotify...
2025-12-29 03:58:03,852 - music_tracker - INFO - No recent songs found from Spotify
2025-12-29 03:58:03,854 - music_tracker - INFO - No new songs found from Spotify API
2025-12-29 03:58:03,854 - music_tracker - INFO - Song collection completed successfully
2025-12-29 04:58:02,743 - music_tracker - INFO - SpotiSpy song collection starting...
2025-12-29 04:58:02,743 - music_tracker - INFO - Starting song collection (last 1 hours)
2025-12-29 04:58:02,744 - music_tracker - INFO - Fetching recent tracks from Spotify...
2025-12-29 04:58:03,199 - music_tracker - INFO - No recent songs found from Spotify
2025-12-29 04:58:03,201 - music_tracker - INFO - No new songs found from Spotify API
2025-12-29 04:58:03,201 - music_tracker - INFO - Song collection completed successfully
2025-12-29 05:58:03,118 - music_tracker - INFO - SpotiSpy song collection starting...
2025-12-29 05:58:03,119 - music_tracker - INFO - Starting song collection (last 1 hours)
2025-12-29 05:58:03,119 - music_tracker - INFO - Fetching recent tracks from Spotify...
2025-12-29 05:58:03,526 - music_tracker - INFO - No recent songs found from Spotify
2025-12-29 05:58:03,528 - music_tracker - INFO - No new songs found from Spotify API
2025-12-29 05:58:03,528 - music_tracker - INFO - Song collection completed successfully
2025-12-29 06:58:03,492 - music_tracker - INFO - SpotiSpy song collection starting...
2025-12-29 06:58:03,494 - music_tracker - INFO - Starting song collection (last 1 hours)
2025-12-29 06:58:03,495 - music_tracker - INFO - Fetching recent tracks from Spotify...
2025-12-29 06:58:03,858 - music_tracker - INFO - No recent songs found from Spotify
2025-12-29 06:58:03,860 - music_tracker - INFO - No new songs found from Spotify API
2025-12-29 06:58:03,860 - music_tracker - INFO - Song collection completed successfully
2025-12-29 07:58:02,751 - music_tracker - INFO - SpotiSpy song collection starting...
2025-12-29 07:58:02,752 - music_tracker - INFO - Starting song collection (last 1 hours)
2025-12-29 07:58:02,752 - music_tracker - INFO - Fetching recent tracks from Spotify...
2025-12-29 07:58:03,140 - music_tracker - INFO - No recent songs found from Spotify
2025-12-29 07:58:03,142 - music_tracker - INFO - No new songs found from Spotify API
2025-12-29 07:58:03,142 - music_tracker - INFO - Song collection completed successfully
2025-12-29 08:58:03,024 - music_tracker - INFO - SpotiSpy song collection starting...
2025-12-29 08:58:03,024 - music_tracker - INFO - Starting song collection (last 1 hours)
2025-12-29 08:58:03,025 - music_tracker - INFO - Fetching recent tracks from Spotify...
2025-12-29 08:58:03,448 - music_tracker - INFO - No recent songs found from Spotify
2025-12-29 08:58:03,450 - music_tracker - INFO - No new songs found from Spotify API
2025-12-29 08:58:03,450 - music_tracker - INFO - Song collection completed successfully
2025-12-29 09:00:15,787 - music_tracker - INFO - SpotiSpy starting...
2025-12-29 09:00:15,787 - music_tracker - INFO - Starting daily SpotiSpy analysis
2025-12-29 09:00:15,788 - music_tracker - INFO - Fetching yesterday's listening data...
2025-12-29 09:00:17,591 - music_tracker - INFO - Fetched 0 songs from database
2025-12-29 09:00:17,594 - music_tracker - WARNING - No songs found for yesterday
2025-12-29 09:00:17,595 - music_tracker - INFO - SpotiSpy completed successfully
2025-12-29 09:58:03,575 - music_tracker - INFO - SpotiSpy song collection starting...
2025-12-29 09:58:03,575 - music_tracker - INFO - Starting song collection (last 1 hours)
2025-12-29 09:58:03,576 - music_tracker - INFO - Fetching recent tracks from Spotify...
2025-12-29 09:58:04,137 - music_tracker - INFO - Fetched 3 songs from Spotify
2025-12-29 09:58:04,140 - music_tracker - INFO - Found 3 songs from Spotify API
2025-12-29 09:58:04,141 - music_tracker - INFO - Checking for duplicates in database...
2025-12-29 09:58:05,579 - music_tracker - INFO - Found 3 new songs out of 3 total
2025-12-29 09:58:05,581 - music_tracker - INFO - Found 3 new songs to save
2025-12-29 09:58:05,582 - music_tracker - INFO - Saving songs to database...
2025-12-29 09:58:05,920 - music_tracker - INFO - Successfully saved 3 songs to database
2025-12-29 09:58:05,922 - music_tracker - INFO - Successfully saved 3 songs to database
2025-12-29 09:58:05,923 - music_tracker - INFO - Song collection completed successfully
2025-12-29 10:58:03,104 - music_tracker - INFO - SpotiSpy song collection starting...
2025-12-29 10:58:03,105 - music_tracker - INFO - Starting song collection (last 1 hours)
2025-12-29 10:58:03,106 - music_tracker - INFO - Fetching recent tracks from Spotify...
2025-12-29 10:58:03,693 - music_tracker - INFO - Fetched 14 songs from Spotify
2025-12-29 10:58:03,697 - music_tracker - INFO - Found 14 songs from Spotify API
2025-12-29 10:58:03,698 - music_tracker - INFO - Checking for duplicates in database...
2025-12-29 10:58:05,126 - music_tracker - INFO - Found 14 new songs out of 14 total
2025-12-29 10:58:05,128 - music_tracker - INFO - Found 14 new songs to save
2025-12-29 10:58:05,129 - music_tracker - INFO - Saving songs to database...
2025-12-29 10:58:05,500 - music_tracker - INFO - Successfully saved 14 songs to database
2025-12-29 10:58:05,501 - music_tracker - INFO - Successfully saved 14 songs to database
2025-12-29 10:58:05,502 - music_tracker - INFO - Song collection completed successfully
2025-12-29 11:58:04,570 - music_tracker - INFO - SpotiSpy song collection starting...
2025-12-29 11:58:04,572 - music_tracker - INFO - Starting song collection (last 1 hours)
2025-12-29 11:58:04,572 - music_tracker - INFO - Fetching recent tracks from Spotify...
2025-12-29 11:58:04,955 - music_tracker - INFO - No recent songs found from Spotify
2025-12-29 11:58:04,957 - music_tracker - INFO - No new songs found from Spotify API
2025-12-29 11:58:04,957 - music_tracker - INFO - Song collection completed successfully
2025-12-29 12:58:02,911 - music_tracker - INFO - SpotiSpy song collection starting...
2025-12-29 12:58:02,912 - music_tracker - INFO - Starting song collection (last 1 hours)
2025-12-29 12:58:02,912 - music_tracker - INFO - Fetching recent tracks from Spotify...
2025-12-29 12:58:08,333 - music_tracker - INFO - No recent songs found from Spotify
2025-12-29 12:58:08,336 - music_tracker - INFO - No new songs found from Spotify API
2025-12-29 12:58:08,337 - music_tracker - INFO - Song collection completed successfully
2025-12-29 13:58:03,260 - music_tracker - INFO - SpotiSpy song collection starting...
2025-12-29 13:58:03,261 - music_tracker - INFO - Starting song collection (last 1 hours)
2025-12-29 13:58:03,262 - music_tracker - INFO - Fetching recent tracks from Spotify...
2025-12-29 13:58:03,674 - music_tracker - INFO - No recent songs found from Spotify
2025-12-29 13:58:03,676 - music_tracker - INFO - No new songs found from Spotify API
2025-12-29 13:58:03,677 - music_tracker - INFO - Song collection completed successfully
2025-12-29 14:58:03,636 - music_tracker - INFO - SpotiSpy song collection starting...
2025-12-29 14:58:03,637 - music_tracker - INFO - Starting song collection (last 1 hours)
2025-12-29 14:58:03,637 - music_tracker - INFO - Fetching recent tracks from Spotify...
2025-12-29 14:58:04,335 - music_tracker - INFO - Fetched 5 songs from Spotify
2025-12-29 14:58:04,339 - music_tracker - INFO - Found 5 songs from Spotify API
2025-12-29 14:58:04,340 - music_tracker - INFO - Checking for duplicates in database...
2025-12-29 14:58:05,953 - music_tracker - INFO - Found 5 new songs out of 5 total
2025-12-29 14:58:05,955 - music_tracker - INFO - Found 5 new songs to save
2025-12-29 14:58:05,956 - music_tracker - INFO - Saving songs to database...
2025-12-29 14:58:06,362 - music_tracker - INFO - Successfully saved 5 songs to database
2025-12-29 14:58:06,364 - music_tracker - INFO - Successfully saved 5 songs to database
2025-12-29 14:58:06,365 - music_tracker - INFO - Song collection completed successfully
2025-12-29 15:58:03,290 - music_tracker - INFO - SpotiSpy song collection starting...
2025-12-29 15:58:03,290 - music_tracker - INFO - Starting song collection (last 1 hours)
2025-12-29 15:58:03,291 - music_tracker - INFO - Fetching recent tracks from Spotify...
2025-12-29 15:58:03,820 - music_tracker - INFO - Fetched 11 songs from Spotify
2025-12-29 15:58:03,823 - music_tracker - INFO - Found 11 songs from Spotify API
2025-12-29 15:58:03,823 - music_tracker - INFO - Checking for duplicates in database...
2025-12-29 15:58:05,296 - music_tracker - INFO - Found 11 new songs out of 11 total
2025-12-29 15:58:05,298 - music_tracker - INFO - Found 11 new songs to save
2025-12-29 15:58:05,299 - music_tracker - INFO - Saving songs to database...
2025-12-29 15:58:05,622 - music_tracker - INFO - Successfully saved 11 songs to database
2025-12-29 15:58:05,624 - music_tracker - INFO - Successfully saved 11 songs to database
2025-12-29 15:58:05,625 - music_tracker - INFO - Song collection completed successfully
2025-12-29 16:58:03,543 - music_tracker - INFO - SpotiSpy song collection starting...
2025-12-29 16:58:03,544 - music_tracker - INFO - Starting song collection (last 1 hours)
2025-12-29 16:58:03,545 - music_tracker - INFO - Fetching recent tracks from Spotify...
2025-12-29 16:58:04,094 - music_tracker - INFO - Fetched 17 songs from Spotify
2025-12-29 16:58:04,097 - music_tracker - INFO - Found 17 songs from Spotify API
2025-12-29 16:58:04,098 - music_tracker - INFO - Checking for duplicates in database...
2025-12-29 16:58:05,588 - music_tracker - INFO - Found 17 new songs out of 17 total
2025-12-29 16:58:05,590 - music_tracker - INFO - Found 17 new songs to save
2025-12-29 16:58:05,591 - music_tracker - INFO - Saving songs to database...
2025-12-29 16:58:05,901 - music_tracker - INFO - Successfully saved 17 songs to database
2025-12-29 16:58:05,904 - music_tracker - INFO - Successfully saved 17 songs to database
2025-12-29 16:58:05,904 - music_tracker - INFO - Song collection completed successfully
2025-12-29 17:58:02,821 - music_tracker - INFO - SpotiSpy song collection starting...
2025-12-29 17:58:02,821 - music_tracker - INFO - Starting song collection (last 1 hours)
2025-12-29 17:58:02,822 - music_tracker - INFO - Fetching recent tracks from Spotify...
2025-12-29 17:58:03,180 - music_tracker - INFO - No recent songs found from Spotify
2025-12-29 17:58:03,182 - music_tracker - INFO - No new songs found from Spotify API
2025-12-29 17:58:03,183 - music_tracker - INFO - Song collection completed successfully
2025-12-29 18:58:03,082 - music_tracker - INFO - SpotiSpy song collection starting...
2025-12-29 18:58:03,083 - music_tracker - INFO - Starting song collection (last 1 hours)
2025-12-29 18:58:03,083 - music_tracker - INFO - Fetching recent tracks from Spotify...
2025-12-29 18:58:03,457 - music_tracker - INFO - No recent songs found from Spotify
2025-12-29 18:58:03,460 - music_tracker - INFO - No new songs found from Spotify API
2025-12-29 18:58:03,460 - music_tracker - INFO - Song collection completed successfully
2025-12-29 19:58:03,345 - music_tracker - INFO - SpotiSpy song collection starting...
2025-12-29 19:58:03,346 - music_tracker - INFO - Starting song collection (last 1 hours)
2025-12-29 19:58:03,346 - music_tracker - INFO - Fetching recent tracks from Spotify...
2025-12-29 19:58:03,793 - music_tracker - INFO - No recent songs found from Spotify
2025-12-29 19:58:03,795 - music_tracker - INFO - No new songs found from Spotify API
2025-12-29 19:58:03,795 - music_tracker - INFO - Song collection completed successfully
2025-12-29 20:58:02,844 - music_tracker - INFO - SpotiSpy song collection starting...
2025-12-29 20:58:02,845 - music_tracker - INFO - Starting song collection (last 1 hours)
2025-12-29 20:58:02,846 - music_tracker - INFO - Fetching recent tracks from Spotify...
2025-12-29 20:58:03,240 - music_tracker - INFO - No recent songs found from Spotify
2025-12-29 20:58:03,243 - music_tracker - INFO - No new songs found from Spotify API
2025-12-29 20:58:03,243 - music_tracker - INFO - Song collection completed successfully
2025-12-29 21:58:03,124 - music_tracker - INFO - SpotiSpy song collection starting...
2025-12-29 21:58:03,125 - music_tracker - INFO - Starting song collection (last 1 hours)
2025-12-29 21:58:03,126 - music_tracker - INFO - Fetching recent tracks from Spotify...
2025-12-29 21:58:03,477 - music_tracker - INFO - No recent songs found from Spotify
2025-12-29 21:58:03,479 - music_tracker - INFO - No new songs found from Spotify API
2025-12-29 21:58:03,479 - music_tracker - INFO - Song collection completed successfully
2025-12-29 22:58:03,379 - music_tracker - INFO - SpotiSpy song collection starting...
2025-12-29 22:58:03,379 - music_tracker - INFO - Starting song collection (last 1 hours)
2025-12-29 22:58:03,380 - music_tracker - INFO - Fetching recent tracks from Spotify...
2025-12-29 22:58:03,743 - music_tracker - INFO - No recent songs found from Spotify
2025-12-29 22:58:03,745 - music_tracker - INFO - No new songs found from Spotify API
2025-12-29 22:58:03,745 - music_tracker - INFO - Song collection completed successfully
2025-12-29 23:58:02,659 - music_tracker - INFO - SpotiSpy song collection starting...
2025-12-29 23:58:02,661 - music_tracker - INFO - Starting song collection (last 1 hours)
2025-12-29 23:58:02,662 - music_tracker - INFO - Fetching recent tracks from Spotify...
2025-12-29 23:58:03,005 - music_tracker - INFO - No recent songs found from Spotify
2025-12-29 23:58:03,008 - music_tracker - INFO - No new songs found from Spotify API
2025-12-29 23:58:03,008 - music_tracker - INFO - Song collection completed successfully
