2026-01-15 00:58:03,785 - music_tracker - INFO - SpotiSpy song collection starting...
2026-01-15 00:58:03,785 - music_tracker - INFO - Starting song collection (last 1 hours)
2026-01-15 00:58:03,786 - music_tracker - INFO - Fetching recent tracks from Spotify...
2026-01-15 00:58:04,181 - music_tracker - INFO - No recent songs found from Spotify
2026-01-15 00:58:04,183 - music_tracker - INFO - No new songs found from Spotify API
2026-01-15 00:58:04,184 - music_tracker - INFO - Song collection completed successfully
2026-01-15 01:58:03,104 - music_tracker - INFO - SpotiSpy song collection starting...
2026-01-15 01:58:03,105 - music_tracker - INFO - Starting song collection (last 1 hours)
2026-01-15 01:58:03,105 - music_tracker - INFO - Fetching recent tracks from Spotify...
2026-01-15 01:58:03,462 - music_tracker - INFO - No recent songs found from Spotify
2026-01-15 01:58:03,464 - music_tracker - INFO - No new songs found from Spotify API
2026-01-15 01:58:03,465 - music_tracker - INFO - Song collection completed successfully
2026-01-15 02:58:03,349 - music_tracker - INFO - SpotiSpy song collection starting...
2026-01-15 02:58:03,349 - music_tracker - INFO - Starting song collection (last 1 hours)
2026-01-15 02:58:03,350 - music_tracker - INFO - Fetching recent tracks from Spotify...
2026-01-15 02:58:03,800 - music_tracker - INFO - No recent songs found from Spotify
2026-01-15 02:58:03,802 - music_tracker - INFO - No new songs found from Spotify API
2026-01-15 02:58:03,803 - music_tracker - INFO - Song collection completed successfully
2026-01-15 03:58:02,721 - music_tracker - INFO - SpotiSpy song collection starting...
2026-01-15 03:58:02,721 - music_tracker - INFO - Starting song collection (last 1 hours)
2026-01-15 03:58:02,722 - music_tracker - INFO - Fetching recent tracks from Spotify...
2026-01-15 03:58:03,085 - music_tracker - INFO - No recent songs found from Spotify
2026-01-15 03:58:03,087 - music_tracker - INFO - No new songs found from Spotify API
2026-01-15 03:58:03,087 - music_tracker - INFO - Song collection completed successfully
2026-01-15 04:58:02,967 - music_tracker - INFO - SpotiSpy song collection starting...
2026-01-15 04:58:02,967 - music_tracker - INFO - Starting song collection (last 1 hours)
2026-01-15 04:58:02,968 - music_tracker - INFO - Fetching recent tracks from Spotify...
2026-01-15 04:58:03,310 - music_tracker - INFO - No recent songs found from Spotify
2026-01-15 04:58:03,312 - music_tracker - INFO - No new songs found from Spotify API
2026-01-15 04:58:03,312 - music_tracker - INFO - Song collection completed successfully
2026-01-15 05:58:03,590 - music_tracker - INFO - SpotiSpy song collection starting...
2026-01-15 05:58:03,591 - music_tracker - INFO - Starting song collection (last 1 hours)
2026-01-15 05:58:03,592 - music_tracker - INFO - Fetching recent tracks from Spotify...
2026-01-15 05:58:04,003 - music_tracker - INFO - No recent songs found from Spotify
2026-01-15 05:58:04,005 - music_tracker - INFO - No new songs found from Spotify API
2026-01-15 05:58:04,006 - music_tracker - INFO - Song collection completed successfully
2026-01-15 06:58:03,067 - music_tracker - INFO - SpotiSpy song collection starting...
2026-01-15 06:58:03,069 - music_tracker - INFO - Starting song collection (last 1 hours)
2026-01-15 06:58:03,070 - music_tracker - INFO - Fetching recent tracks from Spotify...
2026-01-15 06:58:03,447 - music_tracker - INFO - No recent songs found from Spotify
2026-01-15 06:58:03,449 - music_tracker - INFO - No new songs found from Spotify API
2026-01-15 06:58:03,450 - music_tracker - INFO - Song collection completed successfully
2026-01-15 07:58:03,348 - music_tracker - INFO - SpotiSpy song collection starting...
2026-01-15 07:58:03,348 - music_tracker - INFO - Starting song collection (last 1 hours)
2026-01-15 07:58:03,349 - music_tracker - INFO - Fetching recent tracks from Spotify...
2026-01-15 07:58:03,726 - music_tracker - INFO - No recent songs found from Spotify
2026-01-15 07:58:03,728 - music_tracker - INFO - No new songs found from Spotify API
2026-01-15 07:58:03,729 - music_tracker - INFO - Song collection completed successfully
2026-01-15 08:58:02,620 - music_tracker - INFO - SpotiSpy song collection starting...
2026-01-15 08:58:02,620 - music_tracker - INFO - Starting song collection (last 1 hours)
2026-01-15 08:58:02,621 - music_tracker - INFO - Fetching recent tracks from Spotify...
2026-01-15 08:58:03,052 - music_tracker - INFO - No recent songs found from Spotify
2026-01-15 08:58:03,054 - music_tracker - INFO - No new songs found from Spotify API
2026-01-15 08:58:03,055 - music_tracker - INFO - Song collection completed successfully
2026-01-15 09:00:12,370 - music_tracker - INFO - SpotiSpy starting...
2026-01-15 09:00:12,371 - music_tracker - INFO - Starting daily SpotiSpy analysis
2026-01-15 09:00:12,377 - music_tracker - INFO - Fetching yesterday's listening data...
2026-01-15 09:00:14,146 - music_tracker - INFO - Fetched 111 songs from database
2026-01-15 09:00:14,149 - music_tracker - INFO - Found 111 songs to analyze
2026-01-15 09:00:14,150 - music_tracker - INFO - Running analysis...
2026-01-15 09:00:14,164 - music_tracker - INFO - Sending daily summary to Slack...
2026-01-15 09:00:53,280 - music_tracker - INFO - Message sent successfully to Slack
2026-01-15 09:00:53,281 - music_tracker - INFO - Daily analysis completed successfully!
2026-01-15 09:00:53,281 - music_tracker - INFO - SpotiSpy completed successfully
2026-01-15 09:58:03,148 - music_tracker - INFO - SpotiSpy song collection starting...
2026-01-15 09:58:03,148 - music_tracker - INFO - Starting song collection (last 1 hours)
2026-01-15 09:58:03,149 - music_tracker - INFO - Fetching recent tracks from Spotify...
2026-01-15 09:58:03,682 - music_tracker - INFO - No recent songs found from Spotify
2026-01-15 09:58:03,684 - music_tracker - INFO - No new songs found from Spotify API
2026-01-15 09:58:03,685 - music_tracker - INFO - Song collection completed successfully
2026-01-15 10:58:03,602 - music_tracker - INFO - SpotiSpy song collection starting...
2026-01-15 10:58:03,603 - music_tracker - INFO - Starting song collection (last 1 hours)
2026-01-15 10:58:03,603 - music_tracker - INFO - Fetching recent tracks from Spotify...
2026-01-15 10:58:03,966 - music_tracker - INFO - No recent songs found from Spotify
2026-01-15 10:58:03,968 - music_tracker - INFO - No new songs found from Spotify API
2026-01-15 10:58:03,968 - music_tracker - INFO - Song collection completed successfully
2026-01-15 11:58:02,860 - music_tracker - INFO - SpotiSpy song collection starting...
2026-01-15 11:58:02,860 - music_tracker - INFO - Starting song collection (last 1 hours)
2026-01-15 11:58:02,861 - music_tracker - INFO - Fetching recent tracks from Spotify...
2026-01-15 11:58:03,398 - music_tracker - INFO - Fetched 11 songs from Spotify
2026-01-15 11:58:03,401 - music_tracker - INFO - Found 11 songs from Spotify API
2026-01-15 11:58:03,402 - music_tracker - INFO - Checking for duplicates in database...
2026-01-15 11:58:04,936 - music_tracker - INFO - Found 11 new songs out of 11 total
2026-01-15 11:58:04,938 - music_tracker - INFO - Found 11 new songs to save
2026-01-15 11:58:04,939 - music_tracker - INFO - Saving songs to database...
2026-01-15 11:58:05,335 - music_tracker - INFO - Successfully saved 11 songs to database
2026-01-15 11:58:05,337 - music_tracker - INFO - Successfully saved 11 songs to database
2026-01-15 11:58:05,338 - music_tracker - INFO - Song collection completed successfully
2026-01-15 12:58:04,504 - music_tracker - INFO - SpotiSpy song collection starting...
2026-01-15 12:58:04,505 - music_tracker - INFO - Starting song collection (last 1 hours)
2026-01-15 12:58:04,505 - music_tracker - INFO - Fetching recent tracks from Spotify...
2026-01-15 12:58:04,866 - music_tracker - INFO - No recent songs found from Spotify
2026-01-15 12:58:04,868 - music_tracker - INFO - No new songs found from Spotify API
2026-01-15 12:58:04,869 - music_tracker - INFO - Song collection completed successfully
2026-01-15 13:58:02,812 - music_tracker - INFO - SpotiSpy song collection starting...
2026-01-15 13:58:02,813 - music_tracker - INFO - Starting song collection (last 1 hours)
2026-01-15 13:58:02,814 - music_tracker - INFO - Fetching recent tracks from Spotify...
2026-01-15 13:58:03,302 - music_tracker - INFO - No recent songs found from Spotify
2026-01-15 13:58:03,304 - music_tracker - INFO - No new songs found from Spotify API
2026-01-15 13:58:03,305 - music_tracker - INFO - Song collection completed successfully
2026-01-15 14:58:03,206 - music_tracker - INFO - SpotiSpy song collection starting...
2026-01-15 14:58:03,206 - music_tracker - INFO - Starting song collection (last 1 hours)
2026-01-15 14:58:03,207 - music_tracker - INFO - Fetching recent tracks from Spotify...
2026-01-15 14:58:03,564 - music_tracker - INFO - No recent songs found from Spotify
2026-01-15 14:58:03,566 - music_tracker - INFO - No new songs found from Spotify API
2026-01-15 14:58:03,567 - music_tracker - INFO - Song collection completed successfully
2026-01-15 15:58:03,468 - music_tracker - INFO - SpotiSpy song collection starting...
2026-01-15 15:58:03,469 - music_tracker - INFO - Starting song collection (last 1 hours)
2026-01-15 15:58:03,469 - music_tracker - INFO - Fetching recent tracks from Spotify...
2026-01-15 15:58:04,031 - music_tracker - INFO - Fetched 11 songs from Spotify
2026-01-15 15:58:04,034 - music_tracker - INFO - Found 11 songs from Spotify API
2026-01-15 15:58:04,035 - music_tracker - INFO - Checking for duplicates in database...
2026-01-15 15:58:05,621 - music_tracker - INFO - Found 11 new songs out of 11 total
2026-01-15 15:58:05,623 - music_tracker - INFO - Found 11 new songs to save
2026-01-15 15:58:05,624 - music_tracker - INFO - Saving songs to database...
2026-01-15 15:58:05,964 - music_tracker - INFO - Successfully saved 11 songs to database
2026-01-15 15:58:05,965 - music_tracker - INFO - Successfully saved 11 songs to database
2026-01-15 15:58:05,966 - music_tracker - INFO - Song collection completed successfully
2026-01-15 16:58:02,874 - music_tracker - INFO - SpotiSpy song collection starting...
2026-01-15 16:58:02,875 - music_tracker - INFO - Starting song collection (last 1 hours)
2026-01-15 16:58:02,875 - music_tracker - INFO - Fetching recent tracks from Spotify...
2026-01-15 16:58:03,608 - music_tracker - INFO - Fetched 6 songs from Spotify
2026-01-15 16:58:03,611 - music_tracker - INFO - Found 6 songs from Spotify API
2026-01-15 16:58:03,612 - music_tracker - INFO - Checking for duplicates in database...
2026-01-15 16:58:05,342 - music_tracker - INFO - Found 6 new songs out of 6 total
2026-01-15 16:58:05,344 - music_tracker - INFO - Found 6 new songs to save
2026-01-15 16:58:05,345 - music_tracker - INFO - Saving songs to database...
2026-01-15 16:58:05,752 - music_tracker - INFO - Successfully saved 6 songs to database
2026-01-15 16:58:05,754 - music_tracker - INFO - Successfully saved 6 songs to database
2026-01-15 16:58:05,754 - music_tracker - INFO - Song collection completed successfully
2026-01-15 17:58:02,677 - music_tracker - INFO - SpotiSpy song collection starting...
2026-01-15 17:58:02,677 - music_tracker - INFO - Starting song collection (last 1 hours)
2026-01-15 17:58:02,678 - music_tracker - INFO - Fetching recent tracks from Spotify...
2026-01-15 17:58:03,094 - music_tracker - INFO - No recent songs found from Spotify
2026-01-15 17:58:03,096 - music_tracker - INFO - No new songs found from Spotify API
2026-01-15 17:58:03,097 - music_tracker - INFO - Song collection completed successfully
2026-01-15 18:58:03,032 - music_tracker - INFO - SpotiSpy song collection starting...
2026-01-15 18:58:03,033 - music_tracker - INFO - Starting song collection (last 1 hours)
2026-01-15 18:58:03,033 - music_tracker - INFO - Fetching recent tracks from Spotify...
2026-01-15 18:58:03,389 - music_tracker - INFO - No recent songs found from Spotify
2026-01-15 18:58:03,391 - music_tracker - INFO - No new songs found from Spotify API
2026-01-15 18:58:03,392 - music_tracker - INFO - Song collection completed successfully
2026-01-15 19:58:03,316 - music_tracker - INFO - SpotiSpy song collection starting...
2026-01-15 19:58:03,316 - music_tracker - INFO - Starting song collection (last 1 hours)
2026-01-15 19:58:03,317 - music_tracker - INFO - Fetching recent tracks from Spotify...
2026-01-15 19:58:03,714 - music_tracker - INFO - No recent songs found from Spotify
2026-01-15 19:58:03,716 - music_tracker - INFO - No new songs found from Spotify API
2026-01-15 19:58:03,717 - music_tracker - INFO - Song collection completed successfully
2026-01-15 20:58:02,614 - music_tracker - INFO - SpotiSpy song collection starting...
2026-01-15 20:58:02,614 - music_tracker - INFO - Starting song collection (last 1 hours)
2026-01-15 20:58:02,615 - music_tracker - INFO - Fetching recent tracks from Spotify...
2026-01-15 20:58:02,967 - music_tracker - INFO - No recent songs found from Spotify
2026-01-15 20:58:02,969 - music_tracker - INFO - No new songs found from Spotify API
2026-01-15 20:58:02,970 - music_tracker - INFO - Song collection completed successfully
2026-01-15 21:58:02,861 - music_tracker - INFO - SpotiSpy song collection starting...
2026-01-15 21:58:02,861 - music_tracker - INFO - Starting song collection (last 1 hours)
2026-01-15 21:58:02,862 - music_tracker - INFO - Fetching recent tracks from Spotify...
2026-01-15 21:58:03,228 - music_tracker - INFO - No recent songs found from Spotify
2026-01-15 21:58:03,230 - music_tracker - INFO - No new songs found from Spotify API
2026-01-15 21:58:03,231 - music_tracker - INFO - Song collection completed successfully
2026-01-15 22:58:03,130 - music_tracker - INFO - SpotiSpy song collection starting...
2026-01-15 22:58:03,131 - music_tracker - INFO - Starting song collection (last 1 hours)
2026-01-15 22:58:03,132 - music_tracker - INFO - Fetching recent tracks from Spotify...
2026-01-15 22:58:03,476 - music_tracker - INFO - No recent songs found from Spotify
2026-01-15 22:58:03,478 - music_tracker - INFO - No new songs found from Spotify API
2026-01-15 22:58:03,478 - music_tracker - INFO - Song collection completed successfully
2026-01-15 23:58:03,377 - music_tracker - INFO - SpotiSpy song collection starting...
2026-01-15 23:58:03,378 - music_tracker - INFO - Starting song collection (last 1 hours)
2026-01-15 23:58:03,378 - music_tracker - INFO - Fetching recent tracks from Spotify...
2026-01-15 23:58:03,733 - music_tracker - INFO - No recent songs found from Spotify
2026-01-15 23:58:03,735 - music_tracker - INFO - No new songs found from Spotify API
2026-01-15 23:58:03,736 - music_tracker - INFO - Song collection completed successfully
