2025-12-27 00:58:03,305 - music_tracker - INFO - SpotiSpy song collection starting...
2025-12-27 00:58:03,305 - music_tracker - INFO - Starting song collection (last 1 hours)
2025-12-27 00:58:03,306 - music_tracker - INFO - Fetching recent tracks from Spotify...
2025-12-27 00:58:03,648 - music_tracker - INFO - No recent songs found from Spotify
2025-12-27 00:58:03,650 - music_tracker - INFO - No new songs found from Spotify API
2025-12-27 00:58:03,650 - music_tracker - INFO - Song collection completed successfully
2025-12-27 01:58:03,545 - music_tracker - INFO - SpotiSpy song collection starting...
2025-12-27 01:58:03,545 - music_tracker - INFO - Starting song collection (last 1 hours)
2025-12-27 01:58:03,546 - music_tracker - INFO - Fetching recent tracks from Spotify...
2025-12-27 01:58:03,929 - music_tracker - INFO - No recent songs found from Spotify
2025-12-27 01:58:03,931 - music_tracker - INFO - No new songs found from Spotify API
2025-12-27 01:58:03,932 - music_tracker - INFO - Song collection completed successfully
2025-12-27 02:58:02,816 - music_tracker - INFO - SpotiSpy song collection starting...
2025-12-27 02:58:02,817 - music_tracker - INFO - Starting song collection (last 1 hours)
2025-12-27 02:58:02,818 - music_tracker - INFO - Fetching recent tracks from Spotify...
2025-12-27 02:58:03,193 - music_tracker - INFO - No recent songs found from Spotify
2025-12-27 02:58:03,195 - music_tracker - INFO - No new songs found from Spotify API
2025-12-27 02:58:03,196 - music_tracker - INFO - Song collection completed successfully
2025-12-27 03:58:03,259 - music_tracker - INFO - SpotiSpy song collection starting...
2025-12-27 03:58:03,260 - music_tracker - INFO - Starting song collection (last 1 hours)
2025-12-27 03:58:03,261 - music_tracker - INFO - Fetching recent tracks from Spotify...
2025-12-27 03:58:03,614 - music_tracker - INFO - No recent songs found from Spotify
2025-12-27 03:58:03,616 - music_tracker - INFO - No new songs found from Spotify API
2025-12-27 03:58:03,616 - music_tracker - INFO - Song collection completed successfully
2025-12-27 04:58:03,542 - music_tracker - INFO - SpotiSpy song collection starting...
2025-12-27 04:58:03,542 - music_tracker - INFO - Starting song collection (last 1 hours)
2025-12-27 04:58:03,543 - music_tracker - INFO - Fetching recent tracks from Spotify...
2025-12-27 04:58:03,901 - music_tracker - INFO - No recent songs found from Spotify
2025-12-27 04:58:03,903 - music_tracker - INFO - No new songs found from Spotify API
2025-12-27 04:58:03,904 - music_tracker - INFO - Song collection completed successfully
2025-12-27 05:58:02,812 - music_tracker - INFO - SpotiSpy song collection starting...
2025-12-27 05:58:02,812 - music_tracker - INFO - Starting song collection (last 1 hours)
2025-12-27 05:58:02,813 - music_tracker - INFO - Fetching recent tracks from Spotify...
2025-12-27 05:58:03,196 - music_tracker - INFO - No recent songs found from Spotify
2025-12-27 05:58:03,198 - music_tracker - INFO - No new songs found from Spotify API
2025-12-27 05:58:03,199 - music_tracker - INFO - Song collection completed successfully
2025-12-27 06:58:03,179 - music_tracker - INFO - SpotiSpy song collection starting...
2025-12-27 06:58:03,180 - music_tracker - INFO - Starting song collection (last 1 hours)
2025-12-27 06:58:03,180 - music_tracker - INFO - Fetching recent tracks from Spotify...
2025-12-27 06:58:03,540 - music_tracker - INFO - No recent songs found from Spotify
2025-12-27 06:58:03,542 - music_tracker - INFO - No new songs found from Spotify API
2025-12-27 06:58:03,543 - music_tracker - INFO - Song collection completed successfully
2025-12-27 07:58:03,666 - music_tracker - INFO - SpotiSpy song collection starting...
2025-12-27 07:58:03,667 - music_tracker - INFO - Starting song collection (last 1 hours)
2025-12-27 07:58:03,668 - music_tracker - INFO - Fetching recent tracks from Spotify...
2025-12-27 07:58:04,024 - music_tracker - INFO - No recent songs found from Spotify
2025-12-27 07:58:04,027 - music_tracker - INFO - No new songs found from Spotify API
2025-12-27 07:58:04,027 - music_tracker - INFO - Song collection completed successfully
2025-12-27 08:58:03,325 - music_tracker - INFO - SpotiSpy song collection starting...
2025-12-27 08:58:03,325 - music_tracker - INFO - Starting song collection (last 1 hours)
2025-12-27 08:58:03,326 - music_tracker - INFO - Fetching recent tracks from Spotify...
2025-12-27 08:58:03,734 - music_tracker - INFO - No recent songs found from Spotify
2025-12-27 08:58:03,736 - music_tracker - INFO - No new songs found from Spotify API
2025-12-27 08:58:03,737 - music_tracker - INFO - Song collection completed successfully
2025-12-27 09:00:13,297 - music_tracker - INFO - SpotiSpy starting...
2025-12-27 09:00:13,297 - music_tracker - INFO - Starting daily SpotiSpy analysis
2025-12-27 09:00:13,297 - music_tracker - INFO - Fetching yesterday's listening data...
2025-12-27 09:00:15,096 - music_tracker - INFO - Fetched 84 songs from database
2025-12-27 09:00:15,099 - music_tracker - INFO - Found 84 songs to analyze
2025-12-27 09:00:15,100 - music_tracker - INFO - Running analysis...
2025-12-27 09:00:15,111 - music_tracker - INFO - Sending daily summary to Slack...
2025-12-27 09:00:54,007 - music_tracker - INFO - Message sent successfully to Slack
2025-12-27 09:00:54,008 - music_tracker - INFO - Daily analysis completed successfully!
2025-12-27 09:00:54,009 - music_tracker - INFO - SpotiSpy completed successfully
2025-12-27 09:58:02,881 - music_tracker - INFO - SpotiSpy song collection starting...
2025-12-27 09:58:02,882 - music_tracker - INFO - Starting song collection (last 1 hours)
2025-12-27 09:58:02,882 - music_tracker - INFO - Fetching recent tracks from Spotify...
2025-12-27 09:58:03,268 - music_tracker - INFO - No recent songs found from Spotify
2025-12-27 09:58:03,270 - music_tracker - INFO - No new songs found from Spotify API
2025-12-27 09:58:03,271 - music_tracker - INFO - Song collection completed successfully
2025-12-27 10:58:03,152 - music_tracker - INFO - SpotiSpy song collection starting...
2025-12-27 10:58:03,153 - music_tracker - INFO - Starting song collection (last 1 hours)
2025-12-27 10:58:03,154 - music_tracker - INFO - Fetching recent tracks from Spotify...
2025-12-27 10:58:03,568 - music_tracker - INFO - No recent songs found from Spotify
2025-12-27 10:58:03,570 - music_tracker - INFO - No new songs found from Spotify API
2025-12-27 10:58:03,571 - music_tracker - INFO - Song collection completed successfully
2025-12-27 11:58:04,691 - music_tracker - INFO - SpotiSpy song collection starting...
2025-12-27 11:58:04,692 - music_tracker - INFO - Starting song collection (last 1 hours)
2025-12-27 11:58:04,693 - music_tracker - INFO - Fetching recent tracks from Spotify...
2025-12-27 11:58:05,080 - music_tracker - INFO - No recent songs found from Spotify
2025-12-27 11:58:05,082 - music_tracker - INFO - No new songs found from Spotify API
2025-12-27 11:58:05,082 - music_tracker - INFO - Song collection completed successfully
2025-12-27 12:58:03,061 - music_tracker - INFO - SpotiSpy song collection starting...
2025-12-27 12:58:03,061 - music_tracker - INFO - Starting song collection (last 1 hours)
2025-12-27 12:58:03,062 - music_tracker - INFO - Fetching recent tracks from Spotify...
2025-12-27 12:58:03,436 - music_tracker - INFO - No recent songs found from Spotify
2025-12-27 12:58:03,438 - music_tracker - INFO - No new songs found from Spotify API
2025-12-27 12:58:03,439 - music_tracker - INFO - Song collection completed successfully
2025-12-27 13:58:03,364 - music_tracker - INFO - SpotiSpy song collection starting...
2025-12-27 13:58:03,365 - music_tracker - INFO - Starting song collection (last 1 hours)
2025-12-27 13:58:03,366 - music_tracker - INFO - Fetching recent tracks from Spotify...
2025-12-27 13:58:03,752 - music_tracker - INFO - No recent songs found from Spotify
2025-12-27 13:58:03,754 - music_tracker - INFO - No new songs found from Spotify API
2025-12-27 13:58:03,755 - music_tracker - INFO - Song collection completed successfully
2025-12-27 14:58:02,667 - music_tracker - INFO - SpotiSpy song collection starting...
2025-12-27 14:58:02,667 - music_tracker - INFO - Starting song collection (last 1 hours)
2025-12-27 14:58:02,668 - music_tracker - INFO - Fetching recent tracks from Spotify...
2025-12-27 14:58:03,015 - music_tracker - INFO - No recent songs found from Spotify
2025-12-27 14:58:03,017 - music_tracker - INFO - No new songs found from Spotify API
2025-12-27 14:58:03,018 - music_tracker - INFO - Song collection completed successfully
2025-12-27 15:58:02,911 - music_tracker - INFO - SpotiSpy song collection starting...
2025-12-27 15:58:02,912 - music_tracker - INFO - Starting song collection (last 1 hours)
2025-12-27 15:58:02,912 - music_tracker - INFO - Fetching recent tracks from Spotify...
2025-12-27 15:58:03,294 - music_tracker - INFO - No recent songs found from Spotify
2025-12-27 15:58:03,296 - music_tracker - INFO - No new songs found from Spotify API
2025-12-27 15:58:03,297 - music_tracker - INFO - Song collection completed successfully
2025-12-27 16:58:03,189 - music_tracker - INFO - SpotiSpy song collection starting...
2025-12-27 16:58:03,189 - music_tracker - INFO - Starting song collection (last 1 hours)
2025-12-27 16:58:03,190 - music_tracker - INFO - Fetching recent tracks from Spotify...
2025-12-27 16:58:03,557 - music_tracker - INFO - No recent songs found from Spotify
2025-12-27 16:58:03,559 - music_tracker - INFO - No new songs found from Spotify API
2025-12-27 16:58:03,559 - music_tracker - INFO - Song collection completed successfully
2025-12-27 17:58:03,464 - music_tracker - INFO - SpotiSpy song collection starting...
2025-12-27 17:58:03,465 - music_tracker - INFO - Starting song collection (last 1 hours)
2025-12-27 17:58:03,466 - music_tracker - INFO - Fetching recent tracks from Spotify...
2025-12-27 17:58:03,857 - music_tracker - INFO - No recent songs found from Spotify
2025-12-27 17:58:03,859 - music_tracker - INFO - No new songs found from Spotify API
2025-12-27 17:58:03,860 - music_tracker - INFO - Song collection completed successfully
2025-12-27 18:58:02,800 - music_tracker - INFO - SpotiSpy song collection starting...
2025-12-27 18:58:02,801 - music_tracker - INFO - Starting song collection (last 1 hours)
2025-12-27 18:58:02,801 - music_tracker - INFO - Fetching recent tracks from Spotify...
2025-12-27 18:58:03,192 - music_tracker - INFO - No recent songs found from Spotify
2025-12-27 18:58:03,194 - music_tracker - INFO - No new songs found from Spotify API
2025-12-27 18:58:03,195 - music_tracker - INFO - Song collection completed successfully
2025-12-27 19:58:03,095 - music_tracker - INFO - SpotiSpy song collection starting...
2025-12-27 19:58:03,096 - music_tracker - INFO - Starting song collection (last 1 hours)
2025-12-27 19:58:03,097 - music_tracker - INFO - Fetching recent tracks from Spotify...
2025-12-27 19:58:03,486 - music_tracker - INFO - No recent songs found from Spotify
2025-12-27 19:58:03,488 - music_tracker - INFO - No new songs found from Spotify API
2025-12-27 19:58:03,489 - music_tracker - INFO - Song collection completed successfully
2025-12-27 20:58:03,393 - music_tracker - INFO - SpotiSpy song collection starting...
2025-12-27 20:58:03,394 - music_tracker - INFO - Starting song collection (last 1 hours)
2025-12-27 20:58:03,395 - music_tracker - INFO - Fetching recent tracks from Spotify...
2025-12-27 20:58:03,749 - music_tracker - INFO - No recent songs found from Spotify
2025-12-27 20:58:03,751 - music_tracker - INFO - No new songs found from Spotify API
2025-12-27 20:58:03,752 - music_tracker - INFO - Song collection completed successfully
2025-12-27 21:58:02,658 - music_tracker - INFO - SpotiSpy song collection starting...
2025-12-27 21:58:02,659 - music_tracker - INFO - Starting song collection (last 1 hours)
2025-12-27 21:58:02,659 - music_tracker - INFO - Fetching recent tracks from Spotify...
2025-12-27 21:58:03,048 - music_tracker - INFO - No recent songs found from Spotify
2025-12-27 21:58:03,050 - music_tracker - INFO - No new songs found from Spotify API
2025-12-27 21:58:03,051 - music_tracker - INFO - Song collection completed successfully
2025-12-27 22:58:02,956 - music_tracker - INFO - SpotiSpy song collection starting...
2025-12-27 22:58:02,957 - music_tracker - INFO - Starting song collection (last 1 hours)
2025-12-27 22:58:02,957 - music_tracker - INFO - Fetching recent tracks from Spotify...
2025-12-27 22:58:03,335 - music_tracker - INFO - No recent songs found from Spotify
2025-12-27 22:58:03,337 - music_tracker - INFO - No new songs found from Spotify API
2025-12-27 22:58:03,337 - music_tracker - INFO - Song collection completed successfully
2025-12-27 23:58:03,225 - music_tracker - INFO - SpotiSpy song collection starting...
2025-12-27 23:58:03,226 - music_tracker - INFO - Starting song collection (last 1 hours)
2025-12-27 23:58:03,226 - music_tracker - INFO - Fetching recent tracks from Spotify...
2025-12-27 23:58:03,625 - music_tracker - INFO - No recent songs found from Spotify
2025-12-27 23:58:03,627 - music_tracker - INFO - No new songs found from Spotify API
2025-12-27 23:58:03,628 - music_tracker - INFO - Song collection completed successfully
