2025-12-16 00:58:03,373 - music_tracker - INFO - SpotiSpy song collection starting...
2025-12-16 00:58:03,373 - music_tracker - INFO - Starting song collection (last 1 hours)
2025-12-16 00:58:03,374 - music_tracker - INFO - Fetching recent tracks from Spotify...
2025-12-16 00:58:03,728 - music_tracker - INFO - No recent songs found from Spotify
2025-12-16 00:58:03,730 - music_tracker - INFO - No new songs found from Spotify API
2025-12-16 00:58:03,730 - music_tracker - INFO - Song collection completed successfully
2025-12-16 01:58:02,648 - music_tracker - INFO - SpotiSpy song collection starting...
2025-12-16 01:58:02,648 - music_tracker - INFO - Starting song collection (last 1 hours)
2025-12-16 01:58:02,649 - music_tracker - INFO - Fetching recent tracks from Spotify...
2025-12-16 01:58:02,987 - music_tracker - INFO - No recent songs found from Spotify
2025-12-16 01:58:02,989 - music_tracker - INFO - No new songs found from Spotify API
2025-12-16 01:58:02,990 - music_tracker - INFO - Song collection completed successfully
2025-12-16 02:58:02,922 - music_tracker - INFO - SpotiSpy song collection starting...
2025-12-16 02:58:02,922 - music_tracker - INFO - Starting song collection (last 1 hours)
2025-12-16 02:58:02,923 - music_tracker - INFO - Fetching recent tracks from Spotify...
2025-12-16 02:58:03,350 - music_tracker - INFO - No recent songs found from Spotify
2025-12-16 02:58:03,353 - music_tracker - INFO - No new songs found from Spotify API
2025-12-16 02:58:03,353 - music_tracker - INFO - Song collection completed successfully
2025-12-16 03:58:03,267 - music_tracker - INFO - SpotiSpy song collection starting...
2025-12-16 03:58:03,268 - music_tracker - INFO - Starting song collection (last 1 hours)
2025-12-16 03:58:03,269 - music_tracker - INFO - Fetching recent tracks from Spotify...
2025-12-16 03:58:03,650 - music_tracker - INFO - No recent songs found from Spotify
2025-12-16 03:58:03,653 - music_tracker - INFO - No new songs found from Spotify API
2025-12-16 03:58:03,653 - music_tracker - INFO - Song collection completed successfully
2025-12-16 04:58:03,546 - music_tracker - INFO - SpotiSpy song collection starting...
2025-12-16 04:58:03,546 - music_tracker - INFO - Starting song collection (last 1 hours)
2025-12-16 04:58:03,547 - music_tracker - INFO - Fetching recent tracks from Spotify...
2025-12-16 04:58:03,945 - music_tracker - INFO - No recent songs found from Spotify
2025-12-16 04:58:03,947 - music_tracker - INFO - No new songs found from Spotify API
2025-12-16 04:58:03,947 - music_tracker - INFO - Song collection completed successfully
2025-12-16 05:58:02,849 - music_tracker - INFO - SpotiSpy song collection starting...
2025-12-16 05:58:02,850 - music_tracker - INFO - Starting song collection (last 1 hours)
2025-12-16 05:58:02,851 - music_tracker - INFO - Fetching recent tracks from Spotify...
2025-12-16 05:58:03,238 - music_tracker - INFO - No recent songs found from Spotify
2025-12-16 05:58:03,240 - music_tracker - INFO - No new songs found from Spotify API
2025-12-16 05:58:03,240 - music_tracker - INFO - Song collection completed successfully
2025-12-16 06:58:03,175 - music_tracker - INFO - SpotiSpy song collection starting...
2025-12-16 06:58:03,175 - music_tracker - INFO - Starting song collection (last 1 hours)
2025-12-16 06:58:03,176 - music_tracker - INFO - Fetching recent tracks from Spotify...
2025-12-16 06:58:03,520 - music_tracker - INFO - No recent songs found from Spotify
2025-12-16 06:58:03,522 - music_tracker - INFO - No new songs found from Spotify API
2025-12-16 06:58:03,523 - music_tracker - INFO - Song collection completed successfully
2025-12-16 07:58:04,195 - music_tracker - INFO - SpotiSpy song collection starting...
2025-12-16 07:58:04,196 - music_tracker - INFO - Starting song collection (last 1 hours)
2025-12-16 07:58:04,197 - music_tracker - INFO - Fetching recent tracks from Spotify...
2025-12-16 07:58:04,589 - music_tracker - INFO - No recent songs found from Spotify
2025-12-16 07:58:04,591 - music_tracker - INFO - No new songs found from Spotify API
2025-12-16 07:58:04,592 - music_tracker - INFO - Song collection completed successfully
2025-12-16 08:58:03,547 - music_tracker - INFO - SpotiSpy song collection starting...
2025-12-16 08:58:03,548 - music_tracker - INFO - Starting song collection (last 1 hours)
2025-12-16 08:58:03,548 - music_tracker - INFO - Fetching recent tracks from Spotify...
2025-12-16 08:58:03,887 - music_tracker - INFO - No recent songs found from Spotify
2025-12-16 08:58:03,889 - music_tracker - INFO - No new songs found from Spotify API
2025-12-16 08:58:03,889 - music_tracker - INFO - Song collection completed successfully
2025-12-16 09:00:12,508 - music_tracker - INFO - SpotiSpy starting...
2025-12-16 09:00:12,513 - music_tracker - INFO - Starting daily SpotiSpy analysis
2025-12-16 09:00:12,514 - music_tracker - INFO - Fetching yesterday's listening data...
2025-12-16 09:00:14,321 - music_tracker - INFO - Fetched 61 songs from database
2025-12-16 09:00:14,324 - music_tracker - INFO - Found 61 songs to analyze
2025-12-16 09:00:14,324 - music_tracker - INFO - Running analysis...
2025-12-16 09:00:14,333 - music_tracker - INFO - Sending daily summary to Slack...
2025-12-16 09:00:15,211 - music_tracker - INFO - Message sent successfully to Slack
2025-12-16 09:00:15,212 - music_tracker - INFO - Daily analysis completed successfully!
2025-12-16 09:00:15,212 - music_tracker - INFO - SpotiSpy completed successfully
2025-12-16 09:58:03,112 - music_tracker - INFO - SpotiSpy song collection starting...
2025-12-16 09:58:03,112 - music_tracker - INFO - Starting song collection (last 1 hours)
2025-12-16 09:58:03,113 - music_tracker - INFO - Fetching recent tracks from Spotify...
2025-12-16 09:58:03,486 - music_tracker - INFO - No recent songs found from Spotify
2025-12-16 09:58:03,488 - music_tracker - INFO - No new songs found from Spotify API
2025-12-16 09:58:03,488 - music_tracker - INFO - Song collection completed successfully
2025-12-16 10:58:03,409 - music_tracker - INFO - SpotiSpy song collection starting...
2025-12-16 10:58:03,410 - music_tracker - INFO - Starting song collection (last 1 hours)
2025-12-16 10:58:03,411 - music_tracker - INFO - Fetching recent tracks from Spotify...
2025-12-16 10:58:03,905 - music_tracker - INFO - Fetched 9 songs from Spotify
2025-12-16 10:58:03,908 - music_tracker - INFO - Found 9 songs from Spotify API
2025-12-16 10:58:03,908 - music_tracker - INFO - Checking for duplicates in database...
2025-12-16 10:58:05,403 - music_tracker - INFO - Found 9 new songs out of 9 total
2025-12-16 10:58:05,406 - music_tracker - INFO - Found 9 new songs to save
2025-12-16 10:58:05,406 - music_tracker - INFO - Saving songs to database...
2025-12-16 10:58:05,759 - music_tracker - INFO - Successfully saved 9 songs to database
2025-12-16 10:58:05,761 - music_tracker - INFO - Successfully saved 9 songs to database
2025-12-16 10:58:05,762 - music_tracker - INFO - Song collection completed successfully
2025-12-16 11:58:03,877 - music_tracker - INFO - SpotiSpy song collection starting...
2025-12-16 11:58:03,878 - music_tracker - INFO - Starting song collection (last 1 hours)
2025-12-16 11:58:03,879 - music_tracker - INFO - Fetching recent tracks from Spotify...
2025-12-16 11:58:04,683 - music_tracker - INFO - Fetched 13 songs from Spotify
2025-12-16 11:58:04,687 - music_tracker - INFO - Found 13 songs from Spotify API
2025-12-16 11:58:04,688 - music_tracker - INFO - Checking for duplicates in database...
2025-12-16 11:58:06,200 - music_tracker - INFO - Found 13 new songs out of 13 total
2025-12-16 11:58:06,203 - music_tracker - INFO - Found 13 new songs to save
2025-12-16 11:58:06,206 - music_tracker - INFO - Saving songs to database...
2025-12-16 11:58:06,506 - music_tracker - INFO - Successfully saved 13 songs to database
2025-12-16 11:58:06,509 - music_tracker - INFO - Successfully saved 13 songs to database
2025-12-16 11:58:06,510 - music_tracker - INFO - Song collection completed successfully
2025-12-16 12:58:03,457 - music_tracker - INFO - SpotiSpy song collection starting...
2025-12-16 12:58:03,457 - music_tracker - INFO - Starting song collection (last 1 hours)
2025-12-16 12:58:03,458 - music_tracker - INFO - Fetching recent tracks from Spotify...
2025-12-16 12:58:03,946 - music_tracker - INFO - No recent songs found from Spotify
2025-12-16 12:58:03,948 - music_tracker - INFO - No new songs found from Spotify API
2025-12-16 12:58:03,949 - music_tracker - INFO - Song collection completed successfully
2025-12-16 13:58:02,861 - music_tracker - INFO - SpotiSpy song collection starting...
2025-12-16 13:58:02,862 - music_tracker - INFO - Starting song collection (last 1 hours)
2025-12-16 13:58:02,862 - music_tracker - INFO - Fetching recent tracks from Spotify...
2025-12-16 13:58:04,480 - music_tracker - INFO - Fetched 5 songs from Spotify
2025-12-16 13:58:04,484 - music_tracker - INFO - Found 5 songs from Spotify API
2025-12-16 13:58:04,485 - music_tracker - INFO - Checking for duplicates in database...
2025-12-16 13:58:06,053 - music_tracker - INFO - Found 5 new songs out of 5 total
2025-12-16 13:58:06,055 - music_tracker - INFO - Found 5 new songs to save
2025-12-16 13:58:06,056 - music_tracker - INFO - Saving songs to database...
2025-12-16 13:58:06,422 - music_tracker - INFO - Successfully saved 5 songs to database
2025-12-16 13:58:06,424 - music_tracker - INFO - Successfully saved 5 songs to database
2025-12-16 13:58:06,425 - music_tracker - INFO - Song collection completed successfully
2025-12-16 14:58:03,342 - music_tracker - INFO - SpotiSpy song collection starting...
2025-12-16 14:58:03,343 - music_tracker - INFO - Starting song collection (last 1 hours)
2025-12-16 14:58:03,343 - music_tracker - INFO - Fetching recent tracks from Spotify...
2025-12-16 14:58:03,983 - music_tracker - INFO - Fetched 16 songs from Spotify
2025-12-16 14:58:03,986 - music_tracker - INFO - Found 16 songs from Spotify API
2025-12-16 14:58:03,987 - music_tracker - INFO - Checking for duplicates in database...
2025-12-16 14:58:05,445 - music_tracker - INFO - Found 16 new songs out of 16 total
2025-12-16 14:58:05,448 - music_tracker - INFO - Found 16 new songs to save
2025-12-16 14:58:05,448 - music_tracker - INFO - Saving songs to database...
2025-12-16 14:58:05,766 - music_tracker - INFO - Successfully saved 16 songs to database
2025-12-16 14:58:05,768 - music_tracker - INFO - Successfully saved 16 songs to database
2025-12-16 14:58:05,768 - music_tracker - INFO - Song collection completed successfully
2025-12-16 15:58:02,667 - music_tracker - INFO - SpotiSpy song collection starting...
2025-12-16 15:58:02,667 - music_tracker - INFO - Starting song collection (last 1 hours)
2025-12-16 15:58:02,668 - music_tracker - INFO - Fetching recent tracks from Spotify...
2025-12-16 15:58:03,216 - music_tracker - INFO - Fetched 16 songs from Spotify
2025-12-16 15:58:03,219 - music_tracker - INFO - Found 16 songs from Spotify API
2025-12-16 15:58:03,220 - music_tracker - INFO - Checking for duplicates in database...
2025-12-16 15:58:09,665 - music_tracker - INFO - Found 16 new songs out of 16 total
2025-12-16 15:58:09,668 - music_tracker - INFO - Found 16 new songs to save
2025-12-16 15:58:09,668 - music_tracker - INFO - Saving songs to database...
2025-12-16 15:58:10,068 - music_tracker - INFO - Successfully saved 16 songs to database
2025-12-16 15:58:10,070 - music_tracker - INFO - Successfully saved 16 songs to database
2025-12-16 15:58:10,071 - music_tracker - INFO - Song collection completed successfully
2025-12-16 16:58:02,986 - music_tracker - INFO - SpotiSpy song collection starting...
2025-12-16 16:58:02,987 - music_tracker - INFO - Starting song collection (last 1 hours)
2025-12-16 16:58:02,987 - music_tracker - INFO - Fetching recent tracks from Spotify...
2025-12-16 16:58:03,719 - music_tracker - INFO - Fetched 21 songs from Spotify
2025-12-16 16:58:03,724 - music_tracker - INFO - Found 21 songs from Spotify API
2025-12-16 16:58:03,725 - music_tracker - INFO - Checking for duplicates in database...
2025-12-16 16:58:05,074 - music_tracker - INFO - Found 21 new songs out of 21 total
2025-12-16 16:58:05,076 - music_tracker - INFO - Found 21 new songs to save
2025-12-16 16:58:05,077 - music_tracker - INFO - Saving songs to database...
2025-12-16 16:58:05,385 - music_tracker - INFO - Successfully saved 21 songs to database
2025-12-16 16:58:05,387 - music_tracker - INFO - Successfully saved 21 songs to database
2025-12-16 16:58:05,388 - music_tracker - INFO - Song collection completed successfully
2025-12-16 17:58:03,302 - music_tracker - INFO - SpotiSpy song collection starting...
2025-12-16 17:58:03,303 - music_tracker - INFO - Starting song collection (last 1 hours)
2025-12-16 17:58:03,303 - music_tracker - INFO - Fetching recent tracks from Spotify...
2025-12-16 17:58:08,791 - music_tracker - INFO - Fetched 17 songs from Spotify
2025-12-16 17:58:08,795 - music_tracker - INFO - Found 17 songs from Spotify API
2025-12-16 17:58:08,796 - music_tracker - INFO - Checking for duplicates in database...
2025-12-16 17:58:10,265 - music_tracker - INFO - Found 17 new songs out of 17 total
2025-12-16 17:58:10,267 - music_tracker - INFO - Found 17 new songs to save
2025-12-16 17:58:10,268 - music_tracker - INFO - Saving songs to database...
2025-12-16 17:58:10,629 - music_tracker - INFO - Successfully saved 17 songs to database
2025-12-16 17:58:10,631 - music_tracker - INFO - Successfully saved 17 songs to database
2025-12-16 17:58:10,632 - music_tracker - INFO - Song collection completed successfully
2025-12-16 18:58:03,555 - music_tracker - INFO - SpotiSpy song collection starting...
2025-12-16 18:58:03,556 - music_tracker - INFO - Starting song collection (last 1 hours)
2025-12-16 18:58:03,556 - music_tracker - INFO - Fetching recent tracks from Spotify...
2025-12-16 18:58:04,546 - music_tracker - INFO - Fetched 1 songs from Spotify
2025-12-16 18:58:04,550 - music_tracker - INFO - Found 1 songs from Spotify API
2025-12-16 18:58:04,550 - music_tracker - INFO - Checking for duplicates in database...
2025-12-16 18:58:06,040 - music_tracker - INFO - Found 1 new songs out of 1 total
2025-12-16 18:58:06,043 - music_tracker - INFO - Found 1 new songs to save
2025-12-16 18:58:06,043 - music_tracker - INFO - Saving songs to database...
2025-12-16 18:58:06,376 - music_tracker - INFO - Successfully saved 1 songs to database
2025-12-16 18:58:06,378 - music_tracker - INFO - Successfully saved 1 songs to database
2025-12-16 18:58:06,379 - music_tracker - INFO - Song collection completed successfully
2025-12-16 19:58:03,292 - music_tracker - INFO - SpotiSpy song collection starting...
2025-12-16 19:58:03,293 - music_tracker - INFO - Starting song collection (last 1 hours)
2025-12-16 19:58:03,294 - music_tracker - INFO - Fetching recent tracks from Spotify...
2025-12-16 19:58:03,733 - music_tracker - INFO - No recent songs found from Spotify
2025-12-16 19:58:03,735 - music_tracker - INFO - No new songs found from Spotify API
2025-12-16 19:58:03,736 - music_tracker - INFO - Song collection completed successfully
2025-12-16 20:58:02,615 - music_tracker - INFO - SpotiSpy song collection starting...
2025-12-16 20:58:02,615 - music_tracker - INFO - Starting song collection (last 1 hours)
2025-12-16 20:58:02,616 - music_tracker - INFO - Fetching recent tracks from Spotify...
2025-12-16 20:58:03,042 - music_tracker - INFO - No recent songs found from Spotify
2025-12-16 20:58:03,045 - music_tracker - INFO - No new songs found from Spotify API
2025-12-16 20:58:03,045 - music_tracker - INFO - Song collection completed successfully
2025-12-16 21:58:02,931 - music_tracker - INFO - SpotiSpy song collection starting...
2025-12-16 21:58:02,931 - music_tracker - INFO - Starting song collection (last 1 hours)
2025-12-16 21:58:02,932 - music_tracker - INFO - Fetching recent tracks from Spotify...
2025-12-16 21:58:03,332 - music_tracker - INFO - No recent songs found from Spotify
2025-12-16 21:58:03,335 - music_tracker - INFO - No new songs found from Spotify API
2025-12-16 21:58:03,335 - music_tracker - INFO - Song collection completed successfully
2025-12-16 22:58:03,238 - music_tracker - INFO - SpotiSpy song collection starting...
2025-12-16 22:58:03,239 - music_tracker - INFO - Starting song collection (last 1 hours)
2025-12-16 22:58:03,239 - music_tracker - INFO - Fetching recent tracks from Spotify...
2025-12-16 22:58:03,593 - music_tracker - INFO - No recent songs found from Spotify
2025-12-16 22:58:03,595 - music_tracker - INFO - No new songs found from Spotify API
2025-12-16 22:58:03,595 - music_tracker - INFO - Song collection completed successfully
2025-12-16 23:58:03,488 - music_tracker - INFO - SpotiSpy song collection starting...
2025-12-16 23:58:03,488 - music_tracker - INFO - Starting song collection (last 1 hours)
2025-12-16 23:58:03,489 - music_tracker - INFO - Fetching recent tracks from Spotify...
2025-12-16 23:58:03,852 - music_tracker - INFO - No recent songs found from Spotify
2025-12-16 23:58:03,854 - music_tracker - INFO - No new songs found from Spotify API
2025-12-16 23:58:03,854 - music_tracker - INFO - Song collection completed successfully
