2025-12-13 00:58:02,881 - music_tracker - INFO - SpotiSpy song collection starting...
2025-12-13 00:58:02,882 - music_tracker - INFO - Starting song collection (last 1 hours)
2025-12-13 00:58:02,882 - music_tracker - INFO - Fetching recent tracks from Spotify...
2025-12-13 00:58:03,253 - music_tracker - INFO - No recent songs found from Spotify
2025-12-13 00:58:03,255 - music_tracker - INFO - No new songs found from Spotify API
2025-12-13 00:58:03,256 - music_tracker - INFO - Song collection completed successfully
2025-12-13 01:58:03,158 - music_tracker - INFO - SpotiSpy song collection starting...
2025-12-13 01:58:03,159 - music_tracker - INFO - Starting song collection (last 1 hours)
2025-12-13 01:58:03,160 - music_tracker - INFO - Fetching recent tracks from Spotify...
2025-12-13 01:58:03,513 - music_tracker - INFO - No recent songs found from Spotify
2025-12-13 01:58:03,515 - music_tracker - INFO - No new songs found from Spotify API
2025-12-13 01:58:03,516 - music_tracker - INFO - Song collection completed successfully
2025-12-13 02:58:03,447 - music_tracker - INFO - SpotiSpy song collection starting...
2025-12-13 02:58:03,448 - music_tracker - INFO - Starting song collection (last 1 hours)
2025-12-13 02:58:03,449 - music_tracker - INFO - Fetching recent tracks from Spotify...
2025-12-13 02:58:03,860 - music_tracker - INFO - No recent songs found from Spotify
2025-12-13 02:58:03,862 - music_tracker - INFO - No new songs found from Spotify API
2025-12-13 02:58:03,863 - music_tracker - INFO - Song collection completed successfully
2025-12-13 03:58:02,774 - music_tracker - INFO - SpotiSpy song collection starting...
2025-12-13 03:58:02,774 - music_tracker - INFO - Starting song collection (last 1 hours)
2025-12-13 03:58:02,775 - music_tracker - INFO - Fetching recent tracks from Spotify...
2025-12-13 03:58:03,129 - music_tracker - INFO - No recent songs found from Spotify
2025-12-13 03:58:03,131 - music_tracker - INFO - No new songs found from Spotify API
2025-12-13 03:58:03,131 - music_tracker - INFO - Song collection completed successfully
2025-12-13 04:58:03,021 - music_tracker - INFO - SpotiSpy song collection starting...
2025-12-13 04:58:03,021 - music_tracker - INFO - Starting song collection (last 1 hours)
2025-12-13 04:58:03,022 - music_tracker - INFO - Fetching recent tracks from Spotify...
2025-12-13 04:58:03,399 - music_tracker - INFO - No recent songs found from Spotify
2025-12-13 04:58:03,401 - music_tracker - INFO - No new songs found from Spotify API
2025-12-13 04:58:03,401 - music_tracker - INFO - Song collection completed successfully
2025-12-13 05:58:03,366 - music_tracker - INFO - SpotiSpy song collection starting...
2025-12-13 05:58:03,368 - music_tracker - INFO - Starting song collection (last 1 hours)
2025-12-13 05:58:03,369 - music_tracker - INFO - Fetching recent tracks from Spotify...
2025-12-13 05:58:03,701 - music_tracker - INFO - No recent songs found from Spotify
2025-12-13 05:58:03,703 - music_tracker - INFO - No new songs found from Spotify API
2025-12-13 05:58:03,703 - music_tracker - INFO - Song collection completed successfully
2025-12-13 06:58:02,634 - music_tracker - INFO - SpotiSpy song collection starting...
2025-12-13 06:58:02,635 - music_tracker - INFO - Starting song collection (last 1 hours)
2025-12-13 06:58:02,636 - music_tracker - INFO - Fetching recent tracks from Spotify...
2025-12-13 06:58:02,989 - music_tracker - INFO - No recent songs found from Spotify
2025-12-13 06:58:02,991 - music_tracker - INFO - No new songs found from Spotify API
2025-12-13 06:58:02,991 - music_tracker - INFO - Song collection completed successfully
2025-12-13 07:58:02,885 - music_tracker - INFO - SpotiSpy song collection starting...
2025-12-13 07:58:02,885 - music_tracker - INFO - Starting song collection (last 1 hours)
2025-12-13 07:58:02,886 - music_tracker - INFO - Fetching recent tracks from Spotify...
2025-12-13 07:58:03,235 - music_tracker - INFO - No recent songs found from Spotify
2025-12-13 07:58:03,237 - music_tracker - INFO - No new songs found from Spotify API
2025-12-13 07:58:03,238 - music_tracker - INFO - Song collection completed successfully
2025-12-13 08:58:03,130 - music_tracker - INFO - SpotiSpy song collection starting...
2025-12-13 08:58:03,131 - music_tracker - INFO - Starting song collection (last 1 hours)
2025-12-13 08:58:03,132 - music_tracker - INFO - Fetching recent tracks from Spotify...
2025-12-13 08:58:03,498 - music_tracker - INFO - No recent songs found from Spotify
2025-12-13 08:58:03,500 - music_tracker - INFO - No new songs found from Spotify API
2025-12-13 08:58:03,500 - music_tracker - INFO - Song collection completed successfully
2025-12-13 09:00:13,332 - music_tracker - INFO - SpotiSpy starting...
2025-12-13 09:00:13,333 - music_tracker - INFO - Starting daily SpotiSpy analysis
2025-12-13 09:00:13,333 - music_tracker - INFO - Fetching yesterday's listening data...
2025-12-13 09:00:14,921 - music_tracker - INFO - Fetched 0 songs from database
2025-12-13 09:00:14,923 - music_tracker - WARNING - No songs found for yesterday
2025-12-13 09:00:14,924 - music_tracker - INFO - SpotiSpy completed successfully
2025-12-13 09:58:02,816 - music_tracker - INFO - SpotiSpy song collection starting...
2025-12-13 09:58:02,817 - music_tracker - INFO - Starting song collection (last 1 hours)
2025-12-13 09:58:02,817 - music_tracker - INFO - Fetching recent tracks from Spotify...
2025-12-13 09:58:03,242 - music_tracker - INFO - No recent songs found from Spotify
2025-12-13 09:58:03,244 - music_tracker - INFO - No new songs found from Spotify API
2025-12-13 09:58:03,244 - music_tracker - INFO - Song collection completed successfully
2025-12-13 10:58:03,148 - music_tracker - INFO - SpotiSpy song collection starting...
2025-12-13 10:58:03,149 - music_tracker - INFO - Starting song collection (last 1 hours)
2025-12-13 10:58:03,150 - music_tracker - INFO - Fetching recent tracks from Spotify...
2025-12-13 10:58:03,541 - music_tracker - INFO - No recent songs found from Spotify
2025-12-13 10:58:03,543 - music_tracker - INFO - No new songs found from Spotify API
2025-12-13 10:58:03,543 - music_tracker - INFO - Song collection completed successfully
2025-12-13 11:58:04,409 - music_tracker - INFO - SpotiSpy song collection starting...
2025-12-13 11:58:04,410 - music_tracker - INFO - Starting song collection (last 1 hours)
2025-12-13 11:58:04,411 - music_tracker - INFO - Fetching recent tracks from Spotify...
2025-12-13 11:58:04,814 - music_tracker - INFO - No recent songs found from Spotify
2025-12-13 11:58:04,816 - music_tracker - INFO - No new songs found from Spotify API
2025-12-13 11:58:04,817 - music_tracker - INFO - Song collection completed successfully
2025-12-13 12:58:02,720 - music_tracker - INFO - SpotiSpy song collection starting...
2025-12-13 12:58:02,720 - music_tracker - INFO - Starting song collection (last 1 hours)
2025-12-13 12:58:02,721 - music_tracker - INFO - Fetching recent tracks from Spotify...
2025-12-13 12:58:03,098 - music_tracker - INFO - No recent songs found from Spotify
2025-12-13 12:58:03,100 - music_tracker - INFO - No new songs found from Spotify API
2025-12-13 12:58:03,100 - music_tracker - INFO - Song collection completed successfully
2025-12-13 13:58:02,996 - music_tracker - INFO - SpotiSpy song collection starting...
2025-12-13 13:58:02,996 - music_tracker - INFO - Starting song collection (last 1 hours)
2025-12-13 13:58:02,997 - music_tracker - INFO - Fetching recent tracks from Spotify...
2025-12-13 13:58:03,482 - music_tracker - INFO - No recent songs found from Spotify
2025-12-13 13:58:03,484 - music_tracker - INFO - No new songs found from Spotify API
2025-12-13 13:58:03,484 - music_tracker - INFO - Song collection completed successfully
2025-12-13 14:58:03,388 - music_tracker - INFO - SpotiSpy song collection starting...
2025-12-13 14:58:03,389 - music_tracker - INFO - Starting song collection (last 1 hours)
2025-12-13 14:58:03,389 - music_tracker - INFO - Fetching recent tracks from Spotify...
2025-12-13 14:58:03,789 - music_tracker - INFO - No recent songs found from Spotify
2025-12-13 14:58:03,791 - music_tracker - INFO - No new songs found from Spotify API
2025-12-13 14:58:03,792 - music_tracker - INFO - Song collection completed successfully
2025-12-13 15:58:02,678 - music_tracker - INFO - SpotiSpy song collection starting...
2025-12-13 15:58:02,679 - music_tracker - INFO - Starting song collection (last 1 hours)
2025-12-13 15:58:02,679 - music_tracker - INFO - Fetching recent tracks from Spotify...
2025-12-13 15:58:03,063 - music_tracker - INFO - No recent songs found from Spotify
2025-12-13 15:58:03,065 - music_tracker - INFO - No new songs found from Spotify API
2025-12-13 15:58:03,065 - music_tracker - INFO - Song collection completed successfully
2025-12-13 16:58:02,969 - music_tracker - INFO - SpotiSpy song collection starting...
2025-12-13 16:58:02,969 - music_tracker - INFO - Starting song collection (last 1 hours)
2025-12-13 16:58:02,970 - music_tracker - INFO - Fetching recent tracks from Spotify...
2025-12-13 16:58:03,328 - music_tracker - INFO - No recent songs found from Spotify
2025-12-13 16:58:03,330 - music_tracker - INFO - No new songs found from Spotify API
2025-12-13 16:58:03,331 - music_tracker - INFO - Song collection completed successfully
2025-12-13 17:58:03,227 - music_tracker - INFO - SpotiSpy song collection starting...
2025-12-13 17:58:03,227 - music_tracker - INFO - Starting song collection (last 1 hours)
2025-12-13 17:58:03,228 - music_tracker - INFO - Fetching recent tracks from Spotify...
2025-12-13 17:58:03,584 - music_tracker - INFO - No recent songs found from Spotify
2025-12-13 17:58:03,586 - music_tracker - INFO - No new songs found from Spotify API
2025-12-13 17:58:03,587 - music_tracker - INFO - Song collection completed successfully
2025-12-13 18:58:03,474 - music_tracker - INFO - SpotiSpy song collection starting...
2025-12-13 18:58:03,475 - music_tracker - INFO - Starting song collection (last 1 hours)
2025-12-13 18:58:03,475 - music_tracker - INFO - Fetching recent tracks from Spotify...
2025-12-13 18:58:03,828 - music_tracker - INFO - No recent songs found from Spotify
2025-12-13 18:58:03,830 - music_tracker - INFO - No new songs found from Spotify API
2025-12-13 18:58:03,831 - music_tracker - INFO - Song collection completed successfully
2025-12-13 19:58:02,710 - music_tracker - INFO - SpotiSpy song collection starting...
2025-12-13 19:58:02,711 - music_tracker - INFO - Starting song collection (last 1 hours)
2025-12-13 19:58:02,712 - music_tracker - INFO - Fetching recent tracks from Spotify...
2025-12-13 19:58:03,101 - music_tracker - INFO - No recent songs found from Spotify
2025-12-13 19:58:03,103 - music_tracker - INFO - No new songs found from Spotify API
2025-12-13 19:58:03,104 - music_tracker - INFO - Song collection completed successfully
2025-12-13 20:58:03,004 - music_tracker - INFO - SpotiSpy song collection starting...
2025-12-13 20:58:03,004 - music_tracker - INFO - Starting song collection (last 1 hours)
2025-12-13 20:58:03,005 - music_tracker - INFO - Fetching recent tracks from Spotify...
2025-12-13 20:58:03,490 - music_tracker - INFO - No recent songs found from Spotify
2025-12-13 20:58:03,492 - music_tracker - INFO - No new songs found from Spotify API
2025-12-13 20:58:03,493 - music_tracker - INFO - Song collection completed successfully
2025-12-13 21:58:03,398 - music_tracker - INFO - SpotiSpy song collection starting...
2025-12-13 21:58:03,398 - music_tracker - INFO - Starting song collection (last 1 hours)
2025-12-13 21:58:03,399 - music_tracker - INFO - Fetching recent tracks from Spotify...
2025-12-13 21:58:03,831 - music_tracker - INFO - No recent songs found from Spotify
2025-12-13 21:58:03,833 - music_tracker - INFO - No new songs found from Spotify API
2025-12-13 21:58:03,834 - music_tracker - INFO - Song collection completed successfully
2025-12-13 22:58:02,785 - music_tracker - INFO - SpotiSpy song collection starting...
2025-12-13 22:58:02,785 - music_tracker - INFO - Starting song collection (last 1 hours)
2025-12-13 22:58:02,786 - music_tracker - INFO - Fetching recent tracks from Spotify...
2025-12-13 22:58:03,165 - music_tracker - INFO - No recent songs found from Spotify
2025-12-13 22:58:03,167 - music_tracker - INFO - No new songs found from Spotify API
2025-12-13 22:58:03,168 - music_tracker - INFO - Song collection completed successfully
2025-12-13 23:58:03,070 - music_tracker - INFO - SpotiSpy song collection starting...
2025-12-13 23:58:03,071 - music_tracker - INFO - Starting song collection (last 1 hours)
2025-12-13 23:58:03,072 - music_tracker - INFO - Fetching recent tracks from Spotify...
2025-12-13 23:58:03,465 - music_tracker - INFO - No recent songs found from Spotify
2025-12-13 23:58:03,467 - music_tracker - INFO - No new songs found from Spotify API
2025-12-13 23:58:03,467 - music_tracker - INFO - Song collection completed successfully
