2025-12-31 00:58:03,335 - music_tracker - INFO - SpotiSpy song collection starting...
2025-12-31 00:58:03,335 - music_tracker - INFO - Starting song collection (last 1 hours)
2025-12-31 00:58:03,336 - music_tracker - INFO - Fetching recent tracks from Spotify...
2025-12-31 00:58:03,852 - music_tracker - INFO - No recent songs found from Spotify
2025-12-31 00:58:03,854 - music_tracker - INFO - No new songs found from Spotify API
2025-12-31 00:58:03,855 - music_tracker - INFO - Song collection completed successfully
2025-12-31 01:58:02,760 - music_tracker - INFO - SpotiSpy song collection starting...
2025-12-31 01:58:02,761 - music_tracker - INFO - Starting song collection (last 1 hours)
2025-12-31 01:58:02,762 - music_tracker - INFO - Fetching recent tracks from Spotify...
2025-12-31 01:58:03,131 - music_tracker - INFO - No recent songs found from Spotify
2025-12-31 01:58:03,133 - music_tracker - INFO - No new songs found from Spotify API
2025-12-31 01:58:03,134 - music_tracker - INFO - Song collection completed successfully
2025-12-31 02:58:03,068 - music_tracker - INFO - SpotiSpy song collection starting...
2025-12-31 02:58:03,069 - music_tracker - INFO - Starting song collection (last 1 hours)
2025-12-31 02:58:03,069 - music_tracker - INFO - Fetching recent tracks from Spotify...
2025-12-31 02:58:03,429 - music_tracker - INFO - No recent songs found from Spotify
2025-12-31 02:58:03,431 - music_tracker - INFO - No new songs found from Spotify API
2025-12-31 02:58:03,431 - music_tracker - INFO - Song collection completed successfully
2025-12-31 03:58:03,343 - music_tracker - INFO - SpotiSpy song collection starting...
2025-12-31 03:58:03,344 - music_tracker - INFO - Starting song collection (last 1 hours)
2025-12-31 03:58:03,345 - music_tracker - INFO - Fetching recent tracks from Spotify...
2025-12-31 03:58:03,720 - music_tracker - INFO - No recent songs found from Spotify
2025-12-31 03:58:03,722 - music_tracker - INFO - No new songs found from Spotify API
2025-12-31 03:58:03,723 - music_tracker - INFO - Song collection completed successfully
2025-12-31 04:58:02,705 - music_tracker - INFO - SpotiSpy song collection starting...
2025-12-31 04:58:02,705 - music_tracker - INFO - Starting song collection (last 1 hours)
2025-12-31 04:58:02,706 - music_tracker - INFO - Fetching recent tracks from Spotify...
2025-12-31 04:58:03,125 - music_tracker - INFO - No recent songs found from Spotify
2025-12-31 04:58:03,127 - music_tracker - INFO - No new songs found from Spotify API
2025-12-31 04:58:03,128 - music_tracker - INFO - Song collection completed successfully
2025-12-31 05:58:03,069 - music_tracker - INFO - SpotiSpy song collection starting...
2025-12-31 05:58:03,071 - music_tracker - INFO - Starting song collection (last 1 hours)
2025-12-31 05:58:03,072 - music_tracker - INFO - Fetching recent tracks from Spotify...
2025-12-31 05:58:03,465 - music_tracker - INFO - No recent songs found from Spotify
2025-12-31 05:58:03,467 - music_tracker - INFO - No new songs found from Spotify API
2025-12-31 05:58:03,468 - music_tracker - INFO - Song collection completed successfully
2025-12-31 06:58:03,419 - music_tracker - INFO - SpotiSpy song collection starting...
2025-12-31 06:58:03,420 - music_tracker - INFO - Starting song collection (last 1 hours)
2025-12-31 06:58:03,420 - music_tracker - INFO - Fetching recent tracks from Spotify...
2025-12-31 06:58:03,772 - music_tracker - INFO - No recent songs found from Spotify
2025-12-31 06:58:03,774 - music_tracker - INFO - No new songs found from Spotify API
2025-12-31 06:58:03,775 - music_tracker - INFO - Song collection completed successfully
2025-12-31 07:58:02,668 - music_tracker - INFO - SpotiSpy song collection starting...
2025-12-31 07:58:02,668 - music_tracker - INFO - Starting song collection (last 1 hours)
2025-12-31 07:58:02,669 - music_tracker - INFO - Fetching recent tracks from Spotify...
2025-12-31 07:58:03,056 - music_tracker - INFO - No recent songs found from Spotify
2025-12-31 07:58:03,058 - music_tracker - INFO - No new songs found from Spotify API
2025-12-31 07:58:03,059 - music_tracker - INFO - Song collection completed successfully
2025-12-31 08:58:02,952 - music_tracker - INFO - SpotiSpy song collection starting...
2025-12-31 08:58:02,953 - music_tracker - INFO - Starting song collection (last 1 hours)
2025-12-31 08:58:02,954 - music_tracker - INFO - Fetching recent tracks from Spotify...
2025-12-31 08:58:03,424 - music_tracker - INFO - Fetched 4 songs from Spotify
2025-12-31 08:58:03,426 - music_tracker - INFO - Found 4 songs from Spotify API
2025-12-31 08:58:03,427 - music_tracker - INFO - Checking for duplicates in database...
2025-12-31 08:58:05,154 - music_tracker - INFO - Found 4 new songs out of 4 total
2025-12-31 08:58:05,156 - music_tracker - INFO - Found 4 new songs to save
2025-12-31 08:58:05,157 - music_tracker - INFO - Saving songs to database...
2025-12-31 08:58:05,444 - music_tracker - INFO - Successfully saved 4 songs to database
2025-12-31 08:58:05,446 - music_tracker - INFO - Successfully saved 4 songs to database
2025-12-31 08:58:05,447 - music_tracker - INFO - Song collection completed successfully
2025-12-31 09:36:26,677 - music_tracker - INFO - SpotiSpy starting...
2025-12-31 09:36:26,678 - music_tracker - INFO - Starting daily SpotiSpy analysis
2025-12-31 09:36:26,679 - music_tracker - INFO - Fetching yesterday's listening data...
2025-12-31 09:36:28,077 - music_tracker - INFO - Fetched 95 songs from database
2025-12-31 09:36:28,080 - music_tracker - INFO - Found 95 songs to analyze
2025-12-31 09:36:28,081 - music_tracker - INFO - Running analysis...
2025-12-31 09:36:28,093 - music_tracker - INFO - Sending daily summary to Slack...
2025-12-31 09:36:28,907 - music_tracker - INFO - Message sent successfully to Slack
2025-12-31 09:36:28,907 - music_tracker - INFO - Daily analysis completed successfully!
2025-12-31 09:36:28,908 - music_tracker - INFO - SpotiSpy completed successfully
2025-12-31 09:58:04,104 - music_tracker - INFO - SpotiSpy song collection starting...
2025-12-31 09:58:04,105 - music_tracker - INFO - Starting song collection (last 1 hours)
2025-12-31 09:58:04,106 - music_tracker - INFO - Fetching recent tracks from Spotify...
2025-12-31 09:58:19,504 - music_tracker - ERROR - Error fetching from Spotify: HTTPSConnectionPool(host='accounts.spotify.com', port=443): Max retries exceeded with url: /api/token (Caused by NameResolutionError("<urllib3.connection.HTTPSConnection object at 0x7593afb0>: Failed to resolve 'accounts.spotify.com' ([Errno -3] Temporary failure in name resolution)"))
2025-12-31 09:58:19,506 - music_tracker - INFO - No new songs found from Spotify API
2025-12-31 09:58:19,506 - music_tracker - INFO - Song collection completed successfully
2025-12-31 10:58:03,280 - music_tracker - INFO - SpotiSpy song collection starting...
2025-12-31 10:58:03,281 - music_tracker - INFO - Starting song collection (last 1 hours)
2025-12-31 10:58:03,281 - music_tracker - INFO - Fetching recent tracks from Spotify...
2025-12-31 10:58:03,932 - music_tracker - INFO - Fetched 16 songs from Spotify
2025-12-31 10:58:03,936 - music_tracker - INFO - Found 16 songs from Spotify API
2025-12-31 10:58:03,936 - music_tracker - INFO - Checking for duplicates in database...
2025-12-31 10:58:05,403 - music_tracker - INFO - Found 16 new songs out of 16 total
2025-12-31 10:58:05,405 - music_tracker - INFO - Found 16 new songs to save
2025-12-31 10:58:05,406 - music_tracker - INFO - Saving songs to database...
2025-12-31 10:58:05,744 - music_tracker - INFO - Successfully saved 16 songs to database
2025-12-31 10:58:05,746 - music_tracker - INFO - Successfully saved 16 songs to database
2025-12-31 10:58:05,747 - music_tracker - INFO - Song collection completed successfully
2025-12-31 11:58:02,669 - music_tracker - INFO - SpotiSpy song collection starting...
2025-12-31 11:58:02,670 - music_tracker - INFO - Starting song collection (last 1 hours)
2025-12-31 11:58:02,670 - music_tracker - INFO - Fetching recent tracks from Spotify...
2025-12-31 11:58:03,295 - music_tracker - INFO - Fetched 15 songs from Spotify
2025-12-31 11:58:03,298 - music_tracker - INFO - Found 15 songs from Spotify API
2025-12-31 11:58:03,299 - music_tracker - INFO - Checking for duplicates in database...
2025-12-31 11:58:04,844 - music_tracker - INFO - Found 15 new songs out of 15 total
2025-12-31 11:58:04,846 - music_tracker - INFO - Found 15 new songs to save
2025-12-31 11:58:04,847 - music_tracker - INFO - Saving songs to database...
2025-12-31 11:58:05,172 - music_tracker - INFO - Successfully saved 15 songs to database
2025-12-31 11:58:05,174 - music_tracker - INFO - Successfully saved 15 songs to database
2025-12-31 11:58:05,175 - music_tracker - INFO - Song collection completed successfully
2025-12-31 12:58:03,078 - music_tracker - INFO - SpotiSpy song collection starting...
2025-12-31 12:58:03,078 - music_tracker - INFO - Starting song collection (last 1 hours)
2025-12-31 12:58:03,079 - music_tracker - INFO - Fetching recent tracks from Spotify...
2025-12-31 12:58:03,449 - music_tracker - INFO - No recent songs found from Spotify
2025-12-31 12:58:03,451 - music_tracker - INFO - No new songs found from Spotify API
2025-12-31 12:58:03,452 - music_tracker - INFO - Song collection completed successfully
2025-12-31 13:58:03,371 - music_tracker - INFO - SpotiSpy song collection starting...
2025-12-31 13:58:03,372 - music_tracker - INFO - Starting song collection (last 1 hours)
2025-12-31 13:58:03,373 - music_tracker - INFO - Fetching recent tracks from Spotify...
2025-12-31 13:58:03,750 - music_tracker - INFO - No recent songs found from Spotify
2025-12-31 13:58:03,752 - music_tracker - INFO - No new songs found from Spotify API
2025-12-31 13:58:03,752 - music_tracker - INFO - Song collection completed successfully
2025-12-31 14:58:02,634 - music_tracker - INFO - SpotiSpy song collection starting...
2025-12-31 14:58:02,635 - music_tracker - INFO - Starting song collection (last 1 hours)
2025-12-31 14:58:02,635 - music_tracker - INFO - Fetching recent tracks from Spotify...
2025-12-31 14:58:02,998 - music_tracker - INFO - No recent songs found from Spotify
2025-12-31 14:58:03,001 - music_tracker - INFO - No new songs found from Spotify API
2025-12-31 14:58:03,001 - music_tracker - INFO - Song collection completed successfully
2025-12-31 15:58:02,883 - music_tracker - INFO - SpotiSpy song collection starting...
2025-12-31 15:58:02,884 - music_tracker - INFO - Starting song collection (last 1 hours)
2025-12-31 15:58:02,884 - music_tracker - INFO - Fetching recent tracks from Spotify...
2025-12-31 15:58:03,497 - music_tracker - INFO - Fetched 4 songs from Spotify
2025-12-31 15:58:03,499 - music_tracker - INFO - Found 4 songs from Spotify API
2025-12-31 15:58:03,500 - music_tracker - INFO - Checking for duplicates in database...
2025-12-31 15:58:04,984 - music_tracker - INFO - Found 4 new songs out of 4 total
2025-12-31 15:58:04,986 - music_tracker - INFO - Found 4 new songs to save
2025-12-31 15:58:04,987 - music_tracker - INFO - Saving songs to database...
2025-12-31 15:58:05,255 - music_tracker - INFO - Successfully saved 4 songs to database
2025-12-31 15:58:05,257 - music_tracker - INFO - Successfully saved 4 songs to database
2025-12-31 15:58:05,258 - music_tracker - INFO - Song collection completed successfully
2025-12-31 16:58:03,183 - music_tracker - INFO - SpotiSpy song collection starting...
2025-12-31 16:58:03,185 - music_tracker - INFO - Starting song collection (last 1 hours)
2025-12-31 16:58:03,186 - music_tracker - INFO - Fetching recent tracks from Spotify...
2025-12-31 16:58:03,984 - music_tracker - INFO - Fetched 15 songs from Spotify
2025-12-31 16:58:03,988 - music_tracker - INFO - Found 15 songs from Spotify API
2025-12-31 16:58:03,989 - music_tracker - INFO - Checking for duplicates in database...
2025-12-31 16:58:05,543 - music_tracker - INFO - Found 15 new songs out of 15 total
2025-12-31 16:58:05,545 - music_tracker - INFO - Found 15 new songs to save
2025-12-31 16:58:05,546 - music_tracker - INFO - Saving songs to database...
2025-12-31 16:58:05,991 - music_tracker - INFO - Successfully saved 15 songs to database
2025-12-31 16:58:05,993 - music_tracker - INFO - Successfully saved 15 songs to database
2025-12-31 16:58:05,994 - music_tracker - INFO - Song collection completed successfully
2025-12-31 17:58:02,911 - music_tracker - INFO - SpotiSpy song collection starting...
2025-12-31 17:58:02,912 - music_tracker - INFO - Starting song collection (last 1 hours)
2025-12-31 17:58:02,913 - music_tracker - INFO - Fetching recent tracks from Spotify...
2025-12-31 17:58:03,377 - music_tracker - INFO - Fetched 6 songs from Spotify
2025-12-31 17:58:03,380 - music_tracker - INFO - Found 6 songs from Spotify API
2025-12-31 17:58:03,380 - music_tracker - INFO - Checking for duplicates in database...
2025-12-31 17:58:04,915 - music_tracker - INFO - Found 6 new songs out of 6 total
2025-12-31 17:58:04,918 - music_tracker - INFO - Found 6 new songs to save
2025-12-31 17:58:04,918 - music_tracker - INFO - Saving songs to database...
2025-12-31 17:58:05,216 - music_tracker - INFO - Successfully saved 6 songs to database
2025-12-31 17:58:05,219 - music_tracker - INFO - Successfully saved 6 songs to database
2025-12-31 17:58:05,219 - music_tracker - INFO - Song collection completed successfully
2025-12-31 18:58:03,137 - music_tracker - INFO - SpotiSpy song collection starting...
2025-12-31 18:58:03,137 - music_tracker - INFO - Starting song collection (last 1 hours)
2025-12-31 18:58:03,138 - music_tracker - INFO - Fetching recent tracks from Spotify...
2025-12-31 18:58:03,705 - music_tracker - INFO - Fetched 1 songs from Spotify
2025-12-31 18:58:03,707 - music_tracker - INFO - Found 1 songs from Spotify API
2025-12-31 18:58:03,708 - music_tracker - INFO - Checking for duplicates in database...
2025-12-31 18:58:05,156 - music_tracker - INFO - Found 1 new songs out of 1 total
2025-12-31 18:58:05,158 - music_tracker - INFO - Found 1 new songs to save
2025-12-31 18:58:05,159 - music_tracker - INFO - Saving songs to database...
2025-12-31 18:58:05,492 - music_tracker - INFO - Successfully saved 1 songs to database
2025-12-31 18:58:05,494 - music_tracker - INFO - Successfully saved 1 songs to database
2025-12-31 18:58:05,495 - music_tracker - INFO - Song collection completed successfully
2025-12-31 19:58:03,589 - music_tracker - INFO - SpotiSpy song collection starting...
2025-12-31 19:58:03,590 - music_tracker - INFO - Starting song collection (last 1 hours)
2025-12-31 19:58:03,590 - music_tracker - INFO - Fetching recent tracks from Spotify...
2025-12-31 19:58:03,948 - music_tracker - INFO - No recent songs found from Spotify
2025-12-31 19:58:03,950 - music_tracker - INFO - No new songs found from Spotify API
2025-12-31 19:58:03,950 - music_tracker - INFO - Song collection completed successfully
2025-12-31 20:58:02,837 - music_tracker - INFO - SpotiSpy song collection starting...
2025-12-31 20:58:02,838 - music_tracker - INFO - Starting song collection (last 1 hours)
2025-12-31 20:58:02,838 - music_tracker - INFO - Fetching recent tracks from Spotify...
2025-12-31 20:58:03,204 - music_tracker - INFO - No recent songs found from Spotify
2025-12-31 20:58:03,206 - music_tracker - INFO - No new songs found from Spotify API
2025-12-31 20:58:03,206 - music_tracker - INFO - Song collection completed successfully
2025-12-31 21:58:03,100 - music_tracker - INFO - SpotiSpy song collection starting...
2025-12-31 21:58:03,101 - music_tracker - INFO - Starting song collection (last 1 hours)
2025-12-31 21:58:03,102 - music_tracker - INFO - Fetching recent tracks from Spotify...
2025-12-31 21:58:03,460 - music_tracker - INFO - No recent songs found from Spotify
2025-12-31 21:58:03,463 - music_tracker - INFO - No new songs found from Spotify API
2025-12-31 21:58:03,463 - music_tracker - INFO - Song collection completed successfully
2025-12-31 22:58:03,358 - music_tracker - INFO - SpotiSpy song collection starting...
2025-12-31 22:58:03,359 - music_tracker - INFO - Starting song collection (last 1 hours)
2025-12-31 22:58:03,359 - music_tracker - INFO - Fetching recent tracks from Spotify...
2025-12-31 22:58:03,751 - music_tracker - INFO - No recent songs found from Spotify
2025-12-31 22:58:03,753 - music_tracker - INFO - No new songs found from Spotify API
2025-12-31 22:58:03,754 - music_tracker - INFO - Song collection completed successfully
2025-12-31 23:58:02,646 - music_tracker - INFO - SpotiSpy song collection starting...
2025-12-31 23:58:02,647 - music_tracker - INFO - Starting song collection (last 1 hours)
2025-12-31 23:58:02,648 - music_tracker - INFO - Fetching recent tracks from Spotify...
2025-12-31 23:58:03,025 - music_tracker - INFO - No recent songs found from Spotify
2025-12-31 23:58:03,027 - music_tracker - INFO - No new songs found from Spotify API
2025-12-31 23:58:03,027 - music_tracker - INFO - Song collection completed successfully
