2025-06-05 00:58:06,608 - music_tracker - INFO - Zero songs listened to
2025-06-05 00:58:06,609 - music_tracker - INFO - No songs uploaded.
2025-06-05 01:58:07,387 - music_tracker - INFO - Zero songs listened to
2025-06-05 01:58:07,388 - music_tracker - INFO - No songs uploaded.
2025-06-05 02:58:07,167 - music_tracker - INFO - Zero songs listened to
2025-06-05 02:58:07,167 - music_tracker - INFO - No songs uploaded.
2025-06-05 03:58:08,833 - music_tracker - INFO - Zero songs listened to
2025-06-05 03:58:08,834 - music_tracker - INFO - No songs uploaded.
2025-06-05 04:58:06,549 - music_tracker - INFO - Zero songs listened to
2025-06-05 04:58:06,550 - music_tracker - INFO - No songs uploaded.
2025-06-05 05:58:07,248 - music_tracker - INFO - Zero songs listened to
2025-06-05 05:58:07,249 - music_tracker - INFO - No songs uploaded.
2025-06-05 06:58:07,040 - music_tracker - INFO - Zero songs listened to
2025-06-05 06:58:07,040 - music_tracker - INFO - No songs uploaded.
2025-06-05 07:58:06,751 - music_tracker - INFO - Zero songs listened to
2025-06-05 07:58:06,752 - music_tracker - INFO - No songs uploaded.
2025-06-05 08:58:06,793 - music_tracker - INFO - Zero songs listened to
2025-06-05 08:58:06,794 - music_tracker - INFO - No songs uploaded.
2025-06-05 09:00:11,385 - music_tracker - INFO - Starting music tracker analysis
2025-06-05 09:00:11,386 - music_tracker - INFO - Fetching data
2025-06-05 09:00:12,304 - music_tracker - INFO - Fetched 116 recent songs
2025-06-05 09:00:12,315 - music_tracker - INFO - Running top listens analysis
2025-06-05 09:00:12,315 - music_tracker - INFO - Calculating top songs listens
2025-06-05 09:00:12,316 - music_tracker - INFO - Sending message with top 3 songs
2025-06-05 09:00:13,158 - music_tracker - INFO - Message successfully sent!
2025-06-05 09:00:13,159 - music_tracker - INFO - Calculating top albums listens
2025-06-05 09:00:13,159 - music_tracker - INFO - Sending message with top 3 albums
2025-06-05 09:00:14,335 - music_tracker - INFO - Message successfully sent!
2025-06-05 09:00:14,336 - music_tracker - INFO - Calculating top artists listens
2025-06-05 09:00:14,336 - music_tracker - INFO - Sending message with top 3 artists
2025-06-05 09:00:15,378 - music_tracker - INFO - Message successfully sent!
2025-06-05 09:00:15,379 - music_tracker - INFO - Running popularity and listening hours analysis
2025-06-05 09:00:15,380 - music_tracker - INFO - Finding most popular track
2025-06-05 09:00:15,380 - music_tracker - INFO - Most popular song found: BCKYRD with score 63
2025-06-05 09:00:16,284 - music_tracker - INFO - Message successfully sent!
2025-06-05 09:00:16,285 - music_tracker - INFO - Calculating most listened hour
2025-06-05 09:00:16,285 - music_tracker - INFO - Most listened hour: 15:00 with 58:11
2025-06-05 09:00:17,084 - music_tracker - INFO - Message successfully sent!
2025-06-05 09:00:17,085 - music_tracker - INFO - Analysis completed successfully

2025-06-05 09:58:06,804 - music_tracker - INFO - Zero songs listened to
2025-06-05 09:58:06,805 - music_tracker - INFO - No songs uploaded.
2025-06-05 10:58:06,518 - music_tracker - INFO - Zero songs listened to
2025-06-05 10:58:06,519 - music_tracker - INFO - No songs uploaded.
2025-06-05 11:58:09,484 - music_tracker - INFO - Uploading 6 songs
2025-06-05 12:58:08,579 - music_tracker - INFO - Uploading 4 songs
2025-06-05 13:58:07,362 - music_tracker - INFO - Zero songs listened to
2025-06-05 13:58:07,363 - music_tracker - INFO - No songs uploaded.
2025-06-05 14:58:07,096 - music_tracker - INFO - Zero songs listened to
2025-06-05 14:58:07,097 - music_tracker - INFO - No songs uploaded.
2025-06-05 15:58:06,809 - music_tracker - INFO - Zero songs listened to
2025-06-05 15:58:06,810 - music_tracker - INFO - No songs uploaded.
2025-06-05 16:58:09,124 - music_tracker - INFO - Uploading 9 songs
2025-06-05 17:58:06,925 - music_tracker - INFO - Zero songs listened to
2025-06-05 17:58:06,926 - music_tracker - INFO - No songs uploaded.
2025-06-05 18:58:06,657 - music_tracker - INFO - Zero songs listened to
2025-06-05 18:58:06,658 - music_tracker - INFO - No songs uploaded.
2025-06-05 19:58:07,385 - music_tracker - INFO - Zero songs listened to
2025-06-05 19:58:07,386 - music_tracker - INFO - No songs uploaded.
2025-06-05 20:58:08,129 - music_tracker - INFO - Uploading 2 songs
2025-06-05 21:58:06,920 - music_tracker - INFO - Zero songs listened to
2025-06-05 21:58:06,921 - music_tracker - INFO - No songs uploaded.
2025-06-05 22:58:19,823 - music_tracker - INFO - Uploading 2 songs
2025-06-05 23:58:06,557 - music_tracker - INFO - Zero songs listened to
2025-06-05 23:58:06,558 - music_tracker - INFO - No songs uploaded.
