2025-05-26 00:58:07,357 - music_tracker - INFO - Zero songs listened to
2025-05-26 00:58:07,358 - music_tracker - INFO - No songs uploaded.
2025-05-26 01:58:07,055 - music_tracker - INFO - Zero songs listened to
2025-05-26 01:58:07,056 - music_tracker - INFO - No songs uploaded.
2025-05-26 02:58:06,806 - music_tracker - INFO - Zero songs listened to
2025-05-26 02:58:06,807 - music_tracker - INFO - No songs uploaded.
2025-05-26 03:58:06,512 - music_tracker - INFO - Zero songs listened to
2025-05-26 03:58:06,512 - music_tracker - INFO - No songs uploaded.
2025-05-26 04:58:07,226 - music_tracker - INFO - Zero songs listened to
2025-05-26 04:58:07,226 - music_tracker - INFO - No songs uploaded.
2025-05-26 05:58:06,926 - music_tracker - INFO - Zero songs listened to
2025-05-26 05:58:06,927 - music_tracker - INFO - No songs uploaded.
2025-05-26 06:58:06,660 - music_tracker - INFO - Zero songs listened to
2025-05-26 06:58:06,661 - music_tracker - INFO - No songs uploaded.
2025-05-26 07:58:07,392 - music_tracker - INFO - Zero songs listened to
2025-05-26 07:58:07,393 - music_tracker - INFO - No songs uploaded.
2025-05-26 08:58:07,106 - music_tracker - INFO - Zero songs listened to
2025-05-26 08:58:07,106 - music_tracker - INFO - No songs uploaded.
2025-05-26 09:00:11,503 - music_tracker - INFO - Starting music tracker analysis
2025-05-26 09:00:11,504 - music_tracker - INFO - Fetching data
2025-05-26 09:00:12,385 - music_tracker - INFO - Fetched 73 recent songs
2025-05-26 09:00:12,393 - music_tracker - INFO - Running top listens analysis
2025-05-26 09:00:12,393 - music_tracker - INFO - Calculating top songs listens
2025-05-26 09:00:12,394 - music_tracker - INFO - Sending message with top 1 songs
2025-05-26 09:00:13,043 - music_tracker - INFO - Message successfully sent!
2025-05-26 09:00:13,043 - music_tracker - INFO - Calculating top albums listens
2025-05-26 09:00:13,044 - music_tracker - INFO - Sending message with top 3 albums
2025-05-26 09:00:13,632 - music_tracker - INFO - Message successfully sent!
2025-05-26 09:00:13,633 - music_tracker - INFO - Calculating top artists listens
2025-05-26 09:00:13,633 - music_tracker - INFO - Sending message with top 3 artists
2025-05-26 09:00:14,475 - music_tracker - INFO - Message successfully sent!
2025-05-26 09:00:14,475 - music_tracker - INFO - Running popularity and listening hours analysis
2025-05-26 09:00:14,476 - music_tracker - INFO - Finding most popular track
2025-05-26 09:00:14,476 - music_tracker - INFO - Most popular song found: Not Like Us with score 94
2025-05-26 09:00:15,105 - music_tracker - INFO - Message successfully sent!
2025-05-26 09:00:15,106 - music_tracker - INFO - Calculating most listened hour
2025-05-26 09:00:15,106 - music_tracker - INFO - Most listened hour: 17:00 with 63:14
2025-05-26 09:00:15,769 - music_tracker - INFO - Message successfully sent!
2025-05-26 09:00:15,769 - music_tracker - INFO - Analysis completed successfully

2025-05-26 09:58:06,484 - music_tracker - INFO - Zero songs listened to
2025-05-26 09:58:06,485 - music_tracker - INFO - No songs uploaded.
2025-05-26 10:58:07,241 - music_tracker - INFO - Zero songs listened to
2025-05-26 10:58:07,242 - music_tracker - INFO - No songs uploaded.
2025-05-26 12:58:06,499 - music_tracker - INFO - Zero songs listened to
2025-05-26 12:58:06,500 - music_tracker - INFO - No songs uploaded.
2025-05-26 13:58:07,253 - music_tracker - INFO - Zero songs listened to
2025-05-26 13:58:07,253 - music_tracker - INFO - No songs uploaded.
2025-05-26 14:58:06,978 - music_tracker - INFO - Zero songs listened to
2025-05-26 14:58:06,979 - music_tracker - INFO - No songs uploaded.
2025-05-26 15:58:08,364 - music_tracker - INFO - Uploading 5 songs
2025-05-26 16:58:12,382 - music_tracker - INFO - Uploading 21 songs
2025-05-26 17:58:07,198 - music_tracker - INFO - Zero songs listened to
2025-05-26 17:58:07,198 - music_tracker - INFO - No songs uploaded.
2025-05-26 18:58:06,964 - music_tracker - INFO - Zero songs listened to
2025-05-26 18:58:06,965 - music_tracker - INFO - No songs uploaded.
2025-05-26 19:58:07,021 - music_tracker - INFO - Zero songs listened to
2025-05-26 19:58:07,022 - music_tracker - INFO - No songs uploaded.
2025-05-26 20:58:07,523 - music_tracker - INFO - Uploading 1 song
2025-05-26 21:58:07,670 - music_tracker - INFO - Zero songs listened to
2025-05-26 21:58:07,671 - music_tracker - INFO - No songs uploaded.
2025-05-26 22:58:07,730 - music_tracker - INFO - Zero songs listened to
2025-05-26 22:58:07,732 - music_tracker - INFO - No songs uploaded.
2025-05-26 23:58:06,473 - music_tracker - INFO - Zero songs listened to
2025-05-26 23:58:06,474 - music_tracker - INFO - No songs uploaded.
