2025-10-27 00:58:03,258 - music_tracker - INFO - SpotiSpy song collection starting...
2025-10-27 00:58:03,259 - music_tracker - INFO - Starting song collection (last 1 hours)
2025-10-27 00:58:03,259 - music_tracker - INFO - Fetching recent tracks from Spotify...
2025-10-27 00:58:03,621 - music_tracker - INFO - No recent songs found from Spotify
2025-10-27 00:58:03,623 - music_tracker - INFO - No new songs found from Spotify API
2025-10-27 00:58:03,624 - music_tracker - INFO - Song collection completed successfully
2025-10-27 01:58:03,529 - music_tracker - INFO - SpotiSpy song collection starting...
2025-10-27 01:58:03,530 - music_tracker - INFO - Starting song collection (last 1 hours)
2025-10-27 01:58:03,530 - music_tracker - INFO - Fetching recent tracks from Spotify...
2025-10-27 01:58:03,920 - music_tracker - INFO - No recent songs found from Spotify
2025-10-27 01:58:03,922 - music_tracker - INFO - No new songs found from Spotify API
2025-10-27 01:58:03,923 - music_tracker - INFO - Song collection completed successfully
2025-10-27 02:58:02,861 - music_tracker - INFO - SpotiSpy song collection starting...
2025-10-27 02:58:02,861 - music_tracker - INFO - Starting song collection (last 1 hours)
2025-10-27 02:58:02,862 - music_tracker - INFO - Fetching recent tracks from Spotify...
2025-10-27 02:58:03,235 - music_tracker - INFO - No recent songs found from Spotify
2025-10-27 02:58:03,237 - music_tracker - INFO - No new songs found from Spotify API
2025-10-27 02:58:03,237 - music_tracker - INFO - Song collection completed successfully
2025-10-27 03:58:03,288 - music_tracker - INFO - SpotiSpy song collection starting...
2025-10-27 03:58:03,290 - music_tracker - INFO - Starting song collection (last 1 hours)
2025-10-27 03:58:03,291 - music_tracker - INFO - Fetching recent tracks from Spotify...
2025-10-27 03:58:03,654 - music_tracker - INFO - No recent songs found from Spotify
2025-10-27 03:58:03,656 - music_tracker - INFO - No new songs found from Spotify API
2025-10-27 03:58:03,657 - music_tracker - INFO - Song collection completed successfully
2025-10-27 04:58:03,544 - music_tracker - INFO - SpotiSpy song collection starting...
2025-10-27 04:58:03,545 - music_tracker - INFO - Starting song collection (last 1 hours)
2025-10-27 04:58:03,545 - music_tracker - INFO - Fetching recent tracks from Spotify...
2025-10-27 04:58:03,907 - music_tracker - INFO - No recent songs found from Spotify
2025-10-27 04:58:03,909 - music_tracker - INFO - No new songs found from Spotify API
2025-10-27 04:58:03,910 - music_tracker - INFO - Song collection completed successfully
2025-10-27 05:58:02,925 - music_tracker - INFO - SpotiSpy song collection starting...
2025-10-27 05:58:02,925 - music_tracker - INFO - Starting song collection (last 1 hours)
2025-10-27 05:58:02,926 - music_tracker - INFO - Fetching recent tracks from Spotify...
2025-10-27 05:58:03,358 - music_tracker - INFO - Fetched 1 songs from Spotify
2025-10-27 05:58:03,360 - music_tracker - INFO - Found 1 songs from Spotify API
2025-10-27 05:58:03,360 - music_tracker - INFO - Checking for duplicates in database...
2025-10-27 05:58:04,950 - music_tracker - INFO - Found 1 new songs out of 1 total
2025-10-27 05:58:04,952 - music_tracker - INFO - Found 1 new songs to save
2025-10-27 05:58:04,953 - music_tracker - INFO - Saving songs to database...
2025-10-27 05:58:05,312 - music_tracker - INFO - Successfully saved 1 songs to database
2025-10-27 05:58:05,314 - music_tracker - INFO - Successfully saved 1 songs to database
2025-10-27 05:58:05,315 - music_tracker - INFO - Song collection completed successfully
2025-10-27 06:58:03,610 - music_tracker - INFO - SpotiSpy song collection starting...
2025-10-27 06:58:03,610 - music_tracker - INFO - Starting song collection (last 1 hours)
2025-10-27 06:58:03,611 - music_tracker - INFO - Fetching recent tracks from Spotify...
2025-10-27 06:58:04,016 - music_tracker - INFO - No recent songs found from Spotify
2025-10-27 06:58:04,018 - music_tracker - INFO - No new songs found from Spotify API
2025-10-27 06:58:04,018 - music_tracker - INFO - Song collection completed successfully
2025-10-27 07:58:02,947 - music_tracker - INFO - SpotiSpy song collection starting...
2025-10-27 07:58:02,948 - music_tracker - INFO - Starting song collection (last 1 hours)
2025-10-27 07:58:02,949 - music_tracker - INFO - Fetching recent tracks from Spotify...
2025-10-27 07:58:03,353 - music_tracker - INFO - No recent songs found from Spotify
2025-10-27 07:58:03,355 - music_tracker - INFO - No new songs found from Spotify API
2025-10-27 07:58:03,355 - music_tracker - INFO - Song collection completed successfully
2025-10-27 08:58:03,327 - music_tracker - INFO - SpotiSpy song collection starting...
2025-10-27 08:58:03,328 - music_tracker - INFO - Starting song collection (last 1 hours)
2025-10-27 08:58:03,329 - music_tracker - INFO - Fetching recent tracks from Spotify...
2025-10-27 08:58:03,884 - music_tracker - INFO - Fetched 7 songs from Spotify
2025-10-27 08:58:03,887 - music_tracker - INFO - Found 7 songs from Spotify API
2025-10-27 08:58:03,887 - music_tracker - INFO - Checking for duplicates in database...
2025-10-27 08:58:05,356 - music_tracker - INFO - Found 7 new songs out of 7 total
2025-10-27 08:58:05,358 - music_tracker - INFO - Found 7 new songs to save
2025-10-27 08:58:05,359 - music_tracker - INFO - Saving songs to database...
2025-10-27 08:58:05,701 - music_tracker - INFO - Successfully saved 7 songs to database
2025-10-27 08:58:05,703 - music_tracker - INFO - Successfully saved 7 songs to database
2025-10-27 08:58:05,703 - music_tracker - INFO - Song collection completed successfully
2025-10-27 09:00:12,953 - music_tracker - INFO - SpotiSpy starting...
2025-10-27 09:00:12,953 - music_tracker - INFO - Starting daily SpotiSpy analysis
2025-10-27 09:00:12,954 - music_tracker - INFO - Fetching yesterday's listening data...
2025-10-27 09:00:13,464 - music_tracker - INFO - Fetched 55 songs from database
2025-10-27 09:00:13,465 - music_tracker - INFO - Found 55 songs to analyze
2025-10-27 09:00:13,466 - music_tracker - INFO - Running analysis...
2025-10-27 09:00:13,471 - music_tracker - INFO - Sending daily summary to Slack...
2025-10-27 09:00:26,027 - music_tracker - INFO - Message sent successfully to Slack
2025-10-27 09:00:26,027 - music_tracker - INFO - Daily analysis completed successfully!
2025-10-27 09:00:26,028 - music_tracker - INFO - SpotiSpy completed successfully
2025-10-27 09:58:04,165 - music_tracker - INFO - SpotiSpy song collection starting...
2025-10-27 09:58:04,166 - music_tracker - INFO - Starting song collection (last 1 hours)
2025-10-27 09:58:04,167 - music_tracker - INFO - Fetching recent tracks from Spotify...
2025-10-27 09:58:04,653 - music_tracker - INFO - Fetched 6 songs from Spotify
2025-10-27 09:58:04,655 - music_tracker - INFO - Found 6 songs from Spotify API
2025-10-27 09:58:04,656 - music_tracker - INFO - Checking for duplicates in database...
2025-10-27 09:58:05,957 - music_tracker - INFO - Found 6 new songs out of 6 total
2025-10-27 09:58:05,959 - music_tracker - INFO - Found 6 new songs to save
2025-10-27 09:58:05,960 - music_tracker - INFO - Saving songs to database...
2025-10-27 09:58:06,256 - music_tracker - INFO - Successfully saved 6 songs to database
2025-10-27 09:58:06,258 - music_tracker - INFO - Successfully saved 6 songs to database
2025-10-27 09:58:06,259 - music_tracker - INFO - Song collection completed successfully
2025-10-27 10:58:03,201 - music_tracker - INFO - SpotiSpy song collection starting...
2025-10-27 10:58:03,202 - music_tracker - INFO - Starting song collection (last 1 hours)
2025-10-27 10:58:03,202 - music_tracker - INFO - Fetching recent tracks from Spotify...
2025-10-27 10:58:03,746 - music_tracker - INFO - Fetched 16 songs from Spotify
2025-10-27 10:58:03,749 - music_tracker - INFO - Found 16 songs from Spotify API
2025-10-27 10:58:03,750 - music_tracker - INFO - Checking for duplicates in database...
2025-10-27 10:58:05,219 - music_tracker - INFO - Found 16 new songs out of 16 total
2025-10-27 10:58:05,221 - music_tracker - INFO - Found 16 new songs to save
2025-10-27 10:58:05,222 - music_tracker - INFO - Saving songs to database...
2025-10-27 10:58:05,569 - music_tracker - INFO - Successfully saved 16 songs to database
2025-10-27 10:58:05,572 - music_tracker - INFO - Successfully saved 16 songs to database
2025-10-27 10:58:05,572 - music_tracker - INFO - Song collection completed successfully
2025-10-27 11:58:03,554 - music_tracker - INFO - SpotiSpy song collection starting...
2025-10-27 11:58:03,555 - music_tracker - INFO - Starting song collection (last 1 hours)
2025-10-27 11:58:03,556 - music_tracker - INFO - Fetching recent tracks from Spotify...
2025-10-27 11:58:04,082 - music_tracker - INFO - Fetched 12 songs from Spotify
2025-10-27 11:58:04,085 - music_tracker - INFO - Found 12 songs from Spotify API
2025-10-27 11:58:04,086 - music_tracker - INFO - Checking for duplicates in database...
2025-10-27 11:58:05,419 - music_tracker - INFO - Found 12 new songs out of 12 total
2025-10-27 11:58:05,421 - music_tracker - INFO - Found 12 new songs to save
2025-10-27 11:58:05,422 - music_tracker - INFO - Saving songs to database...
2025-10-27 11:58:05,685 - music_tracker - INFO - Successfully saved 12 songs to database
2025-10-27 11:58:05,686 - music_tracker - INFO - Successfully saved 12 songs to database
2025-10-27 11:58:05,687 - music_tracker - INFO - Song collection completed successfully
2025-10-27 12:58:02,650 - music_tracker - INFO - SpotiSpy song collection starting...
2025-10-27 12:58:02,650 - music_tracker - INFO - Starting song collection (last 1 hours)
2025-10-27 12:58:02,651 - music_tracker - INFO - Fetching recent tracks from Spotify...
2025-10-27 12:58:03,138 - music_tracker - INFO - Fetched 11 songs from Spotify
2025-10-27 12:58:03,141 - music_tracker - INFO - Found 11 songs from Spotify API
2025-10-27 12:58:03,142 - music_tracker - INFO - Checking for duplicates in database...
2025-10-27 12:58:04,551 - music_tracker - INFO - Found 11 new songs out of 11 total
2025-10-27 12:58:04,553 - music_tracker - INFO - Found 11 new songs to save
2025-10-27 12:58:04,554 - music_tracker - INFO - Saving songs to database...
2025-10-27 12:58:04,867 - music_tracker - INFO - Successfully saved 11 songs to database
2025-10-27 12:58:04,869 - music_tracker - INFO - Successfully saved 11 songs to database
2025-10-27 12:58:04,869 - music_tracker - INFO - Song collection completed successfully
2025-10-27 13:58:02,820 - music_tracker - INFO - SpotiSpy song collection starting...
2025-10-27 13:58:02,821 - music_tracker - INFO - Starting song collection (last 1 hours)
2025-10-27 13:58:02,821 - music_tracker - INFO - Fetching recent tracks from Spotify...
2025-10-27 13:58:03,283 - music_tracker - INFO - No recent songs found from Spotify
2025-10-27 13:58:03,285 - music_tracker - INFO - No new songs found from Spotify API
2025-10-27 13:58:03,285 - music_tracker - INFO - Song collection completed successfully
2025-10-27 14:58:03,216 - music_tracker - INFO - SpotiSpy song collection starting...
2025-10-27 14:58:03,216 - music_tracker - INFO - Starting song collection (last 1 hours)
2025-10-27 14:58:03,217 - music_tracker - INFO - Fetching recent tracks from Spotify...
2025-10-27 14:58:03,566 - music_tracker - INFO - No recent songs found from Spotify
2025-10-27 14:58:03,568 - music_tracker - INFO - No new songs found from Spotify API
2025-10-27 14:58:03,569 - music_tracker - INFO - Song collection completed successfully
2025-10-27 15:58:03,467 - music_tracker - INFO - SpotiSpy song collection starting...
2025-10-27 15:58:03,467 - music_tracker - INFO - Starting song collection (last 1 hours)
2025-10-27 15:58:03,468 - music_tracker - INFO - Fetching recent tracks from Spotify...
2025-10-27 15:58:04,007 - music_tracker - INFO - Fetched 11 songs from Spotify
2025-10-27 15:58:04,009 - music_tracker - INFO - Found 11 songs from Spotify API
2025-10-27 15:58:04,010 - music_tracker - INFO - Checking for duplicates in database...
2025-10-27 15:58:05,678 - music_tracker - INFO - Found 11 new songs out of 11 total
2025-10-27 15:58:05,680 - music_tracker - INFO - Found 11 new songs to save
2025-10-27 15:58:05,681 - music_tracker - INFO - Saving songs to database...
2025-10-27 15:58:06,100 - music_tracker - INFO - Successfully saved 11 songs to database
2025-10-27 15:58:06,102 - music_tracker - INFO - Successfully saved 11 songs to database
2025-10-27 15:58:06,103 - music_tracker - INFO - Song collection completed successfully
2025-10-27 16:58:03,010 - music_tracker - INFO - SpotiSpy song collection starting...
2025-10-27 16:58:03,011 - music_tracker - INFO - Starting song collection (last 1 hours)
2025-10-27 16:58:03,011 - music_tracker - INFO - Fetching recent tracks from Spotify...
2025-10-27 16:58:03,779 - music_tracker - INFO - Fetched 18 songs from Spotify
2025-10-27 16:58:03,783 - music_tracker - INFO - Found 18 songs from Spotify API
2025-10-27 16:58:03,784 - music_tracker - INFO - Checking for duplicates in database...
2025-10-27 16:58:05,170 - music_tracker - INFO - Found 18 new songs out of 18 total
2025-10-27 16:58:05,173 - music_tracker - INFO - Found 18 new songs to save
2025-10-27 16:58:05,173 - music_tracker - INFO - Saving songs to database...
2025-10-27 16:58:05,492 - music_tracker - INFO - Successfully saved 18 songs to database
2025-10-27 16:58:05,494 - music_tracker - INFO - Successfully saved 18 songs to database
2025-10-27 16:58:05,495 - music_tracker - INFO - Song collection completed successfully
2025-10-27 17:58:03,426 - music_tracker - INFO - SpotiSpy song collection starting...
2025-10-27 17:58:03,427 - music_tracker - INFO - Starting song collection (last 1 hours)
2025-10-27 17:58:03,427 - music_tracker - INFO - Fetching recent tracks from Spotify...
2025-10-27 17:58:04,027 - music_tracker - INFO - Fetched 10 songs from Spotify
2025-10-27 17:58:04,030 - music_tracker - INFO - Found 10 songs from Spotify API
2025-10-27 17:58:04,031 - music_tracker - INFO - Checking for duplicates in database...
2025-10-27 17:58:05,477 - music_tracker - INFO - Found 10 new songs out of 10 total
2025-10-27 17:58:05,480 - music_tracker - INFO - Found 10 new songs to save
2025-10-27 17:58:05,481 - music_tracker - INFO - Saving songs to database...
2025-10-27 17:58:05,909 - music_tracker - INFO - Successfully saved 10 songs to database
2025-10-27 17:58:05,911 - music_tracker - INFO - Successfully saved 10 songs to database
2025-10-27 17:58:05,912 - music_tracker - INFO - Song collection completed successfully
2025-10-27 18:58:02,828 - music_tracker - INFO - SpotiSpy song collection starting...
2025-10-27 18:58:02,829 - music_tracker - INFO - Starting song collection (last 1 hours)
2025-10-27 18:58:02,829 - music_tracker - INFO - Fetching recent tracks from Spotify...
2025-10-27 18:58:03,295 - music_tracker - INFO - Fetched 8 songs from Spotify
2025-10-27 18:58:03,297 - music_tracker - INFO - Found 8 songs from Spotify API
2025-10-27 18:58:03,298 - music_tracker - INFO - Checking for duplicates in database...
2025-10-27 18:58:04,679 - music_tracker - INFO - Found 8 new songs out of 8 total
2025-10-27 18:58:04,681 - music_tracker - INFO - Found 8 new songs to save
2025-10-27 18:58:04,682 - music_tracker - INFO - Saving songs to database...
2025-10-27 18:58:05,059 - music_tracker - INFO - Successfully saved 8 songs to database
2025-10-27 18:58:05,061 - music_tracker - INFO - Successfully saved 8 songs to database
2025-10-27 18:58:05,062 - music_tracker - INFO - Song collection completed successfully
2025-10-27 19:58:03,008 - music_tracker - INFO - SpotiSpy song collection starting...
2025-10-27 19:58:03,008 - music_tracker - INFO - Starting song collection (last 1 hours)
2025-10-27 19:58:03,009 - music_tracker - INFO - Fetching recent tracks from Spotify...
2025-10-27 19:58:03,403 - music_tracker - INFO - No recent songs found from Spotify
2025-10-27 19:58:03,405 - music_tracker - INFO - No new songs found from Spotify API
2025-10-27 19:58:03,406 - music_tracker - INFO - Song collection completed successfully
2025-10-27 20:58:03,302 - music_tracker - INFO - SpotiSpy song collection starting...
2025-10-27 20:58:03,303 - music_tracker - INFO - Starting song collection (last 1 hours)
2025-10-27 20:58:03,303 - music_tracker - INFO - Fetching recent tracks from Spotify...
2025-10-27 20:58:03,713 - music_tracker - INFO - No recent songs found from Spotify
2025-10-27 20:58:03,715 - music_tracker - INFO - No new songs found from Spotify API
2025-10-27 20:58:03,715 - music_tracker - INFO - Song collection completed successfully
2025-10-27 21:58:02,609 - music_tracker - INFO - SpotiSpy song collection starting...
2025-10-27 21:58:02,610 - music_tracker - INFO - Starting song collection (last 1 hours)
2025-10-27 21:58:02,611 - music_tracker - INFO - Fetching recent tracks from Spotify...
2025-10-27 21:58:02,982 - music_tracker - INFO - No recent songs found from Spotify
2025-10-27 21:58:02,984 - music_tracker - INFO - No new songs found from Spotify API
2025-10-27 21:58:02,984 - music_tracker - INFO - Song collection completed successfully
2025-10-27 22:58:02,908 - music_tracker - INFO - SpotiSpy song collection starting...
2025-10-27 22:58:02,908 - music_tracker - INFO - Starting song collection (last 1 hours)
2025-10-27 22:58:02,909 - music_tracker - INFO - Fetching recent tracks from Spotify...
2025-10-27 22:58:03,314 - music_tracker - INFO - Fetched 1 songs from Spotify
2025-10-27 22:58:03,316 - music_tracker - INFO - Found 1 songs from Spotify API
2025-10-27 22:58:03,317 - music_tracker - INFO - Checking for duplicates in database...
2025-10-27 22:58:04,892 - music_tracker - INFO - Found 1 new songs out of 1 total
2025-10-27 22:58:04,894 - music_tracker - INFO - Found 1 new songs to save
2025-10-27 22:58:04,895 - music_tracker - INFO - Saving songs to database...
2025-10-27 22:58:05,182 - music_tracker - INFO - Successfully saved 1 songs to database
2025-10-27 22:58:05,184 - music_tracker - INFO - Successfully saved 1 songs to database
2025-10-27 22:58:05,185 - music_tracker - INFO - Song collection completed successfully
2025-10-27 23:58:03,149 - music_tracker - INFO - SpotiSpy song collection starting...
2025-10-27 23:58:03,150 - music_tracker - INFO - Starting song collection (last 1 hours)
2025-10-27 23:58:03,150 - music_tracker - INFO - Fetching recent tracks from Spotify...
2025-10-27 23:58:03,529 - music_tracker - INFO - No recent songs found from Spotify
2025-10-27 23:58:03,532 - music_tracker - INFO - No new songs found from Spotify API
2025-10-27 23:58:03,532 - music_tracker - INFO - Song collection completed successfully
