2025-09-29 00:58:03,636 - music_tracker - INFO - SpotiSpy song collection starting...
2025-09-29 00:58:03,636 - music_tracker - INFO - Starting song collection (last 1 hours)
2025-09-29 00:58:03,637 - music_tracker - INFO - Fetching recent tracks from Spotify...
2025-09-29 00:58:04,151 - music_tracker - INFO - Fetched 10 songs from Spotify
2025-09-29 00:58:04,154 - music_tracker - INFO - Found 10 songs from Spotify API
2025-09-29 00:58:04,154 - music_tracker - INFO - Checking for duplicates in database...
2025-09-29 00:58:05,420 - music_tracker - INFO - Found 10 new songs out of 10 total
2025-09-29 00:58:05,422 - music_tracker - INFO - Found 10 new songs to save
2025-09-29 00:58:05,423 - music_tracker - INFO - Saving songs to database...
2025-09-29 00:58:05,741 - music_tracker - INFO - Successfully saved 10 songs to database
2025-09-29 00:58:05,743 - music_tracker - INFO - Successfully saved 10 songs to database
2025-09-29 00:58:05,744 - music_tracker - INFO - Song collection completed successfully
2025-09-29 01:58:02,790 - music_tracker - INFO - SpotiSpy song collection starting...
2025-09-29 01:58:02,791 - music_tracker - INFO - Starting song collection (last 1 hours)
2025-09-29 01:58:02,792 - music_tracker - INFO - Fetching recent tracks from Spotify...
2025-09-29 01:58:03,415 - music_tracker - INFO - Fetched 18 songs from Spotify
2025-09-29 01:58:03,419 - music_tracker - INFO - Found 18 songs from Spotify API
2025-09-29 01:58:03,420 - music_tracker - INFO - Checking for duplicates in database...
2025-09-29 01:58:04,799 - music_tracker - INFO - Found 18 new songs out of 18 total
2025-09-29 01:58:04,802 - music_tracker - INFO - Found 18 new songs to save
2025-09-29 01:58:04,802 - music_tracker - INFO - Saving songs to database...
2025-09-29 01:58:05,135 - music_tracker - INFO - Successfully saved 18 songs to database
2025-09-29 01:58:05,137 - music_tracker - INFO - Successfully saved 18 songs to database
2025-09-29 01:58:05,138 - music_tracker - INFO - Song collection completed successfully
2025-09-29 02:58:03,485 - music_tracker - INFO - SpotiSpy song collection starting...
2025-09-29 02:58:03,486 - music_tracker - INFO - Starting song collection (last 1 hours)
2025-09-29 02:58:03,487 - music_tracker - INFO - Fetching recent tracks from Spotify...
2025-09-29 02:58:04,032 - music_tracker - INFO - Fetched 15 songs from Spotify
2025-09-29 02:58:04,035 - music_tracker - INFO - Found 15 songs from Spotify API
2025-09-29 02:58:04,036 - music_tracker - INFO - Checking for duplicates in database...
2025-09-29 02:58:05,439 - music_tracker - INFO - Found 15 new songs out of 15 total
2025-09-29 02:58:05,441 - music_tracker - INFO - Found 15 new songs to save
2025-09-29 02:58:05,442 - music_tracker - INFO - Saving songs to database...
2025-09-29 02:58:05,761 - music_tracker - INFO - Successfully saved 15 songs to database
2025-09-29 02:58:05,763 - music_tracker - INFO - Successfully saved 15 songs to database
2025-09-29 02:58:05,764 - music_tracker - INFO - Song collection completed successfully
2025-09-29 03:58:02,947 - music_tracker - INFO - SpotiSpy song collection starting...
2025-09-29 03:58:02,947 - music_tracker - INFO - Starting song collection (last 1 hours)
2025-09-29 03:58:02,948 - music_tracker - INFO - Fetching recent tracks from Spotify...
2025-09-29 03:58:03,503 - music_tracker - INFO - Fetched 18 songs from Spotify
2025-09-29 03:58:03,507 - music_tracker - INFO - Found 18 songs from Spotify API
2025-09-29 03:58:03,507 - music_tracker - INFO - Checking for duplicates in database...
2025-09-29 03:58:04,959 - music_tracker - INFO - Found 18 new songs out of 18 total
2025-09-29 03:58:04,962 - music_tracker - INFO - Found 18 new songs to save
2025-09-29 03:58:04,962 - music_tracker - INFO - Saving songs to database...
2025-09-29 03:58:05,308 - music_tracker - INFO - Successfully saved 18 songs to database
2025-09-29 03:58:05,310 - music_tracker - INFO - Successfully saved 18 songs to database
2025-09-29 03:58:05,311 - music_tracker - INFO - Song collection completed successfully
2025-09-29 04:58:03,868 - music_tracker - INFO - SpotiSpy song collection starting...
2025-09-29 04:58:03,869 - music_tracker - INFO - Starting song collection (last 1 hours)
2025-09-29 04:58:03,869 - music_tracker - INFO - Fetching recent tracks from Spotify...
2025-09-29 04:58:04,226 - music_tracker - INFO - No recent songs found from Spotify
2025-09-29 04:58:04,228 - music_tracker - INFO - No new songs found from Spotify API
2025-09-29 04:58:04,229 - music_tracker - INFO - Song collection completed successfully
2025-09-29 05:58:03,142 - music_tracker - INFO - SpotiSpy song collection starting...
2025-09-29 05:58:03,143 - music_tracker - INFO - Starting song collection (last 1 hours)
2025-09-29 05:58:03,144 - music_tracker - INFO - Fetching recent tracks from Spotify...
2025-09-29 05:58:03,532 - music_tracker - INFO - No recent songs found from Spotify
2025-09-29 05:58:03,534 - music_tracker - INFO - No new songs found from Spotify API
2025-09-29 05:58:03,534 - music_tracker - INFO - Song collection completed successfully
2025-09-29 06:58:03,490 - music_tracker - INFO - SpotiSpy song collection starting...
2025-09-29 06:58:03,491 - music_tracker - INFO - Starting song collection (last 1 hours)
2025-09-29 06:58:03,491 - music_tracker - INFO - Fetching recent tracks from Spotify...
2025-09-29 06:58:03,898 - music_tracker - INFO - No recent songs found from Spotify
2025-09-29 06:58:03,900 - music_tracker - INFO - No new songs found from Spotify API
2025-09-29 06:58:03,900 - music_tracker - INFO - Song collection completed successfully
2025-09-29 07:58:02,784 - music_tracker - INFO - SpotiSpy song collection starting...
2025-09-29 07:58:02,785 - music_tracker - INFO - Starting song collection (last 1 hours)
2025-09-29 07:58:02,786 - music_tracker - INFO - Fetching recent tracks from Spotify...
2025-09-29 07:58:03,170 - music_tracker - INFO - No recent songs found from Spotify
2025-09-29 07:58:03,173 - music_tracker - INFO - No new songs found from Spotify API
2025-09-29 07:58:03,173 - music_tracker - INFO - Song collection completed successfully
2025-09-29 08:58:03,065 - music_tracker - INFO - SpotiSpy song collection starting...
2025-09-29 08:58:03,066 - music_tracker - INFO - Starting song collection (last 1 hours)
2025-09-29 08:58:03,067 - music_tracker - INFO - Fetching recent tracks from Spotify...
2025-09-29 08:58:03,414 - music_tracker - INFO - No recent songs found from Spotify
2025-09-29 08:58:03,417 - music_tracker - INFO - No new songs found from Spotify API
2025-09-29 08:58:03,417 - music_tracker - INFO - Song collection completed successfully
2025-09-29 09:00:12,893 - music_tracker - INFO - SpotiSpy starting...
2025-09-29 09:00:12,894 - music_tracker - INFO - Starting daily SpotiSpy analysis
2025-09-29 09:00:12,894 - music_tracker - INFO - Fetching yesterday's listening data...
2025-09-29 09:00:14,402 - music_tracker - INFO - Fetched 123 songs from database
2025-09-29 09:00:14,405 - music_tracker - INFO - Found 123 songs to analyze
2025-09-29 09:00:14,406 - music_tracker - INFO - Running analysis...
2025-09-29 09:00:14,422 - music_tracker - INFO - Sending daily summary to Slack...
2025-09-29 09:00:37,930 - music_tracker - INFO - Message sent successfully to Slack
2025-09-29 09:00:37,930 - music_tracker - INFO - Daily analysis completed successfully!
2025-09-29 09:00:37,931 - music_tracker - INFO - SpotiSpy completed successfully
2025-09-29 09:58:03,892 - music_tracker - INFO - SpotiSpy song collection starting...
2025-09-29 09:58:03,893 - music_tracker - INFO - Starting song collection (last 1 hours)
2025-09-29 09:58:03,894 - music_tracker - INFO - Fetching recent tracks from Spotify...
2025-09-29 09:58:04,530 - music_tracker - INFO - Fetched 9 songs from Spotify
2025-09-29 09:58:04,534 - music_tracker - INFO - Found 9 songs from Spotify API
2025-09-29 09:58:04,535 - music_tracker - INFO - Checking for duplicates in database...
2025-09-29 09:58:05,893 - music_tracker - INFO - Found 9 new songs out of 9 total
2025-09-29 09:58:05,895 - music_tracker - INFO - Found 9 new songs to save
2025-09-29 09:58:05,896 - music_tracker - INFO - Saving songs to database...
2025-09-29 09:58:06,335 - music_tracker - INFO - Successfully saved 9 songs to database
2025-09-29 09:58:06,341 - music_tracker - INFO - Successfully saved 9 songs to database
2025-09-29 09:58:06,342 - music_tracker - INFO - Song collection completed successfully
2025-09-29 10:58:03,343 - music_tracker - INFO - SpotiSpy song collection starting...
2025-09-29 10:58:03,343 - music_tracker - INFO - Starting song collection (last 1 hours)
2025-09-29 10:58:03,344 - music_tracker - INFO - Fetching recent tracks from Spotify...
2025-09-29 10:58:03,951 - music_tracker - INFO - Fetched 16 songs from Spotify
2025-09-29 10:58:03,954 - music_tracker - INFO - Found 16 songs from Spotify API
2025-09-29 10:58:03,955 - music_tracker - INFO - Checking for duplicates in database...
2025-09-29 10:58:05,392 - music_tracker - INFO - Found 16 new songs out of 16 total
2025-09-29 10:58:05,394 - music_tracker - INFO - Found 16 new songs to save
2025-09-29 10:58:05,395 - music_tracker - INFO - Saving songs to database...
2025-09-29 10:58:05,738 - music_tracker - INFO - Successfully saved 16 songs to database
2025-09-29 10:58:05,740 - music_tracker - INFO - Successfully saved 16 songs to database
2025-09-29 10:58:05,741 - music_tracker - INFO - Song collection completed successfully
2025-09-29 11:58:02,666 - music_tracker - INFO - SpotiSpy song collection starting...
2025-09-29 11:58:02,667 - music_tracker - INFO - Starting song collection (last 1 hours)
2025-09-29 11:58:02,668 - music_tracker - INFO - Fetching recent tracks from Spotify...
2025-09-29 11:58:03,265 - music_tracker - INFO - Fetched 16 songs from Spotify
2025-09-29 11:58:03,268 - music_tracker - INFO - Found 16 songs from Spotify API
2025-09-29 11:58:03,269 - music_tracker - INFO - Checking for duplicates in database...
2025-09-29 11:58:04,729 - music_tracker - INFO - Found 16 new songs out of 16 total
2025-09-29 11:58:04,731 - music_tracker - INFO - Found 16 new songs to save
2025-09-29 11:58:04,732 - music_tracker - INFO - Saving songs to database...
2025-09-29 11:58:05,092 - music_tracker - INFO - Successfully saved 16 songs to database
2025-09-29 11:58:05,095 - music_tracker - INFO - Successfully saved 16 songs to database
2025-09-29 11:58:05,095 - music_tracker - INFO - Song collection completed successfully
2025-09-29 12:58:03,035 - music_tracker - INFO - SpotiSpy song collection starting...
2025-09-29 12:58:03,036 - music_tracker - INFO - Starting song collection (last 1 hours)
2025-09-29 12:58:03,036 - music_tracker - INFO - Fetching recent tracks from Spotify...
2025-09-29 12:58:03,566 - music_tracker - INFO - Fetched 11 songs from Spotify
2025-09-29 12:58:03,569 - music_tracker - INFO - Found 11 songs from Spotify API
2025-09-29 12:58:03,569 - music_tracker - INFO - Checking for duplicates in database...
2025-09-29 12:58:04,873 - music_tracker - INFO - Found 11 new songs out of 11 total
2025-09-29 12:58:04,875 - music_tracker - INFO - Found 11 new songs to save
2025-09-29 12:58:04,876 - music_tracker - INFO - Saving songs to database...
2025-09-29 12:58:05,249 - music_tracker - INFO - Successfully saved 11 songs to database
2025-09-29 12:58:05,251 - music_tracker - INFO - Successfully saved 11 songs to database
2025-09-29 12:58:05,252 - music_tracker - INFO - Song collection completed successfully
2025-09-29 13:58:03,171 - music_tracker - INFO - SpotiSpy song collection starting...
2025-09-29 13:58:03,172 - music_tracker - INFO - Starting song collection (last 1 hours)
2025-09-29 13:58:03,172 - music_tracker - INFO - Fetching recent tracks from Spotify...
2025-09-29 13:58:03,951 - music_tracker - INFO - Fetched 21 songs from Spotify
2025-09-29 13:58:03,956 - music_tracker - INFO - Found 21 songs from Spotify API
2025-09-29 13:58:03,957 - music_tracker - INFO - Checking for duplicates in database...
2025-09-29 13:58:05,448 - music_tracker - INFO - Found 21 new songs out of 21 total
2025-09-29 13:58:05,449 - music_tracker - INFO - Found 21 new songs to save
2025-09-29 13:58:05,450 - music_tracker - INFO - Saving songs to database...
2025-09-29 13:58:05,843 - music_tracker - INFO - Successfully saved 21 songs to database
2025-09-29 13:58:05,845 - music_tracker - INFO - Successfully saved 21 songs to database
2025-09-29 13:58:05,846 - music_tracker - INFO - Song collection completed successfully
2025-09-29 14:58:02,760 - music_tracker - INFO - SpotiSpy song collection starting...
2025-09-29 14:58:02,761 - music_tracker - INFO - Starting song collection (last 1 hours)
2025-09-29 14:58:02,761 - music_tracker - INFO - Fetching recent tracks from Spotify...
2025-09-29 14:58:03,393 - music_tracker - INFO - Fetched 11 songs from Spotify
2025-09-29 14:58:03,396 - music_tracker - INFO - Found 11 songs from Spotify API
2025-09-29 14:58:03,396 - music_tracker - INFO - Checking for duplicates in database...
2025-09-29 14:58:04,771 - music_tracker - INFO - Found 11 new songs out of 11 total
2025-09-29 14:58:04,774 - music_tracker - INFO - Found 11 new songs to save
2025-09-29 14:58:04,774 - music_tracker - INFO - Saving songs to database...
2025-09-29 14:58:05,126 - music_tracker - INFO - Successfully saved 11 songs to database
2025-09-29 14:58:05,128 - music_tracker - INFO - Successfully saved 11 songs to database
2025-09-29 14:58:05,129 - music_tracker - INFO - Song collection completed successfully
2025-09-29 15:58:03,049 - music_tracker - INFO - SpotiSpy song collection starting...
2025-09-29 15:58:03,050 - music_tracker - INFO - Starting song collection (last 1 hours)
2025-09-29 15:58:03,050 - music_tracker - INFO - Fetching recent tracks from Spotify...
2025-09-29 15:58:03,662 - music_tracker - INFO - Fetched 12 songs from Spotify
2025-09-29 15:58:03,664 - music_tracker - INFO - Found 12 songs from Spotify API
2025-09-29 15:58:03,665 - music_tracker - INFO - Checking for duplicates in database...
2025-09-29 15:58:05,036 - music_tracker - INFO - Found 12 new songs out of 12 total
2025-09-29 15:58:05,038 - music_tracker - INFO - Found 12 new songs to save
2025-09-29 15:58:05,039 - music_tracker - INFO - Saving songs to database...
2025-09-29 15:58:05,447 - music_tracker - INFO - Successfully saved 12 songs to database
2025-09-29 15:58:05,449 - music_tracker - INFO - Successfully saved 12 songs to database
2025-09-29 15:58:05,450 - music_tracker - INFO - Song collection completed successfully
2025-09-29 16:58:03,357 - music_tracker - INFO - SpotiSpy song collection starting...
2025-09-29 16:58:03,358 - music_tracker - INFO - Starting song collection (last 1 hours)
2025-09-29 16:58:03,359 - music_tracker - INFO - Fetching recent tracks from Spotify...
2025-09-29 16:58:03,898 - music_tracker - INFO - Fetched 14 songs from Spotify
2025-09-29 16:58:03,901 - music_tracker - INFO - Found 14 songs from Spotify API
2025-09-29 16:58:03,901 - music_tracker - INFO - Checking for duplicates in database...
2025-09-29 16:58:05,350 - music_tracker - INFO - Found 14 new songs out of 14 total
2025-09-29 16:58:05,352 - music_tracker - INFO - Found 14 new songs to save
2025-09-29 16:58:05,352 - music_tracker - INFO - Saving songs to database...
2025-09-29 16:58:05,685 - music_tracker - INFO - Successfully saved 14 songs to database
2025-09-29 16:58:05,687 - music_tracker - INFO - Successfully saved 14 songs to database
2025-09-29 16:58:05,688 - music_tracker - INFO - Song collection completed successfully
2025-09-29 17:58:02,606 - music_tracker - INFO - SpotiSpy song collection starting...
2025-09-29 17:58:02,607 - music_tracker - INFO - Starting song collection (last 1 hours)
2025-09-29 17:58:02,608 - music_tracker - INFO - Fetching recent tracks from Spotify...
2025-09-29 17:58:03,188 - music_tracker - INFO - Fetched 5 songs from Spotify
2025-09-29 17:58:03,191 - music_tracker - INFO - Found 5 songs from Spotify API
2025-09-29 17:58:03,191 - music_tracker - INFO - Checking for duplicates in database...
2025-09-29 17:58:04,479 - music_tracker - INFO - Found 5 new songs out of 5 total
2025-09-29 17:58:04,482 - music_tracker - INFO - Found 5 new songs to save
2025-09-29 17:58:04,483 - music_tracker - INFO - Saving songs to database...
2025-09-29 17:58:04,808 - music_tracker - INFO - Successfully saved 5 songs to database
2025-09-29 17:58:04,811 - music_tracker - INFO - Successfully saved 5 songs to database
2025-09-29 17:58:04,811 - music_tracker - INFO - Song collection completed successfully
2025-09-29 18:58:02,726 - music_tracker - INFO - SpotiSpy song collection starting...
2025-09-29 18:58:02,727 - music_tracker - INFO - Starting song collection (last 1 hours)
2025-09-29 18:58:02,728 - music_tracker - INFO - Fetching recent tracks from Spotify...
2025-09-29 18:58:03,094 - music_tracker - INFO - No recent songs found from Spotify
2025-09-29 18:58:03,096 - music_tracker - INFO - No new songs found from Spotify API
2025-09-29 18:58:03,097 - music_tracker - INFO - Song collection completed successfully
2025-09-29 19:58:02,992 - music_tracker - INFO - SpotiSpy song collection starting...
2025-09-29 19:58:02,992 - music_tracker - INFO - Starting song collection (last 1 hours)
2025-09-29 19:58:02,993 - music_tracker - INFO - Fetching recent tracks from Spotify...
2025-09-29 19:58:03,394 - music_tracker - INFO - No recent songs found from Spotify
2025-09-29 19:58:03,396 - music_tracker - INFO - No new songs found from Spotify API
2025-09-29 19:58:03,396 - music_tracker - INFO - Song collection completed successfully
2025-09-29 20:58:03,286 - music_tracker - INFO - SpotiSpy song collection starting...
2025-09-29 20:58:03,287 - music_tracker - INFO - Starting song collection (last 1 hours)
2025-09-29 20:58:03,287 - music_tracker - INFO - Fetching recent tracks from Spotify...
2025-09-29 20:58:03,936 - music_tracker - INFO - Fetched 10 songs from Spotify
2025-09-29 20:58:03,938 - music_tracker - INFO - Found 10 songs from Spotify API
2025-09-29 20:58:03,939 - music_tracker - INFO - Checking for duplicates in database...
2025-09-29 20:58:05,453 - music_tracker - INFO - Found 10 new songs out of 10 total
2025-09-29 20:58:05,455 - music_tracker - INFO - Found 10 new songs to save
2025-09-29 20:58:05,456 - music_tracker - INFO - Saving songs to database...
2025-09-29 20:58:05,924 - music_tracker - INFO - Successfully saved 10 songs to database
2025-09-29 20:58:05,926 - music_tracker - INFO - Successfully saved 10 songs to database
2025-09-29 20:58:05,926 - music_tracker - INFO - Song collection completed successfully
2025-09-29 21:58:02,841 - music_tracker - INFO - SpotiSpy song collection starting...
2025-09-29 21:58:02,842 - music_tracker - INFO - Starting song collection (last 1 hours)
2025-09-29 21:58:02,842 - music_tracker - INFO - Fetching recent tracks from Spotify...
2025-09-29 21:58:03,295 - music_tracker - INFO - No recent songs found from Spotify
2025-09-29 21:58:03,297 - music_tracker - INFO - No new songs found from Spotify API
2025-09-29 21:58:03,298 - music_tracker - INFO - Song collection completed successfully
2025-09-29 22:58:03,192 - music_tracker - INFO - SpotiSpy song collection starting...
2025-09-29 22:58:03,192 - music_tracker - INFO - Starting song collection (last 1 hours)
2025-09-29 22:58:03,193 - music_tracker - INFO - Fetching recent tracks from Spotify...
2025-09-29 22:58:03,552 - music_tracker - INFO - No recent songs found from Spotify
2025-09-29 22:58:03,554 - music_tracker - INFO - No new songs found from Spotify API
2025-09-29 22:58:03,554 - music_tracker - INFO - Song collection completed successfully
2025-09-29 23:58:03,443 - music_tracker - INFO - SpotiSpy song collection starting...
2025-09-29 23:58:03,444 - music_tracker - INFO - Starting song collection (last 1 hours)
2025-09-29 23:58:03,444 - music_tracker - INFO - Fetching recent tracks from Spotify...
2025-09-29 23:58:03,812 - music_tracker - INFO - No recent songs found from Spotify
2025-09-29 23:58:03,814 - music_tracker - INFO - No new songs found from Spotify API
2025-09-29 23:58:03,815 - music_tracker - INFO - Song collection completed successfully
