2025-07-21 00:58:07,108 - music_tracker - INFO - Zero songs listened to
2025-07-21 00:58:07,108 - music_tracker - INFO - No songs uploaded.
2025-07-21 01:58:06,875 - music_tracker - INFO - Zero songs listened to
2025-07-21 01:58:06,876 - music_tracker - INFO - No songs uploaded.
2025-07-21 02:58:06,630 - music_tracker - INFO - Zero songs listened to
2025-07-21 02:58:06,631 - music_tracker - INFO - No songs uploaded.
2025-07-21 03:58:07,401 - music_tracker - INFO - Zero songs listened to
2025-07-21 03:58:07,402 - music_tracker - INFO - No songs uploaded.
2025-07-21 04:58:07,207 - music_tracker - INFO - Zero songs listened to
2025-07-21 04:58:07,207 - music_tracker - INFO - No songs uploaded.
2025-07-21 05:58:06,965 - music_tracker - INFO - Zero songs listened to
2025-07-21 05:58:06,965 - music_tracker - INFO - No songs uploaded.
2025-07-21 06:58:06,821 - music_tracker - INFO - Zero songs listened to
2025-07-21 06:58:06,822 - music_tracker - INFO - No songs uploaded.
2025-07-21 07:58:06,598 - music_tracker - INFO - Zero songs listened to
2025-07-21 07:58:06,598 - music_tracker - INFO - No songs uploaded.
2025-07-21 08:58:07,389 - music_tracker - INFO - Zero songs listened to
2025-07-21 08:58:07,390 - music_tracker - INFO - No songs uploaded.
2025-07-21 09:00:11,930 - music_tracker - INFO - Starting music tracker analysis
2025-07-21 09:00:11,931 - music_tracker - INFO - Fetching data
2025-07-21 09:00:12,502 - music_tracker - INFO - Fetched 33 recent songs
2025-07-21 09:00:12,505 - music_tracker - INFO - Running top listens analysis
2025-07-21 09:00:12,505 - music_tracker - INFO - Calculating top songs listens
2025-07-21 09:00:12,506 - music_tracker - INFO - Sending message with top 3 songs
2025-07-21 09:00:13,558 - music_tracker - INFO - Message successfully sent!
2025-07-21 09:00:13,559 - music_tracker - INFO - Calculating top albums listens
2025-07-21 09:00:13,560 - music_tracker - INFO - Sending message with top 3 albums
2025-07-21 09:00:14,196 - music_tracker - INFO - Message successfully sent!
2025-07-21 09:00:14,196 - music_tracker - INFO - Calculating top artists listens
2025-07-21 09:00:14,197 - music_tracker - INFO - Sending message with top 3 artists
2025-07-21 09:00:14,812 - music_tracker - INFO - Message successfully sent!
2025-07-21 09:00:14,813 - music_tracker - INFO - Running popularity and listening hours analysis
2025-07-21 09:00:14,813 - music_tracker - INFO - Finding most popular track
2025-07-21 09:00:14,814 - music_tracker - INFO - Most popular song found: Dreams with score 84
2025-07-21 09:00:15,478 - music_tracker - INFO - Message successfully sent!
2025-07-21 09:00:15,478 - music_tracker - INFO - Calculating most listened hour
2025-07-21 09:00:15,479 - music_tracker - INFO - Most listened hour: 14:00 with 32:23
2025-07-21 09:00:16,104 - music_tracker - INFO - Message successfully sent!
2025-07-21 09:00:16,104 - music_tracker - INFO - Calculating duration listened today
2025-07-21 09:00:16,794 - music_tracker - INFO - Message successfully sent!
2025-07-21 09:00:16,795 - music_tracker - INFO - Analysis completed successfully

2025-07-21 09:58:06,549 - music_tracker - INFO - Zero songs listened to
2025-07-21 09:58:06,549 - music_tracker - INFO - No songs uploaded.
2025-07-21 10:58:07,322 - music_tracker - INFO - Zero songs listened to
2025-07-21 10:58:07,324 - music_tracker - INFO - No songs uploaded.
2025-07-21 11:58:07,122 - music_tracker - INFO - Zero songs listened to
2025-07-21 11:58:07,123 - music_tracker - INFO - No songs uploaded.
2025-07-21 12:58:07,855 - music_tracker - INFO - Uploading 2 songs
2025-07-21 13:58:06,604 - music_tracker - INFO - Zero songs listened to
2025-07-21 13:58:06,604 - music_tracker - INFO - No songs uploaded.
2025-07-21 14:58:07,323 - music_tracker - INFO - Zero songs listened to
2025-07-21 14:58:07,324 - music_tracker - INFO - No songs uploaded.
2025-07-21 15:58:07,019 - music_tracker - INFO - Zero songs listened to
2025-07-21 15:58:07,019 - music_tracker - INFO - No songs uploaded.
2025-07-21 16:58:06,739 - music_tracker - INFO - Zero songs listened to
2025-07-21 16:58:06,740 - music_tracker - INFO - No songs uploaded.
2025-07-21 17:58:09,348 - music_tracker - INFO - Uploading 10 songs
2025-07-21 18:58:09,517 - music_tracker - INFO -   Supabase error: Status 400, {"code":"22007","details":null,"hint":null,"message":"invalid input syntax for type date: \"2005\""}
2025-07-21 18:58:09,519 - music_tracker - INFO - No songs uploaded.
2025-07-21 19:58:11,376 - music_tracker - INFO - Uploading 16 songs
2025-07-21 20:58:07,095 - music_tracker - INFO - Zero songs listened to
2025-07-21 20:58:07,096 - music_tracker - INFO - No songs uploaded.
2025-07-21 21:58:07,647 - music_tracker - INFO - Uploading 2 songs
2025-07-21 22:58:07,700 - music_tracker - INFO - Zero songs listened to
2025-07-21 22:58:07,702 - music_tracker - INFO - No songs uploaded.
2025-07-21 23:58:07,452 - music_tracker - INFO - Zero songs listened to
2025-07-21 23:58:07,453 - music_tracker - INFO - No songs uploaded.
