2025-07-14 00:58:06,919 - music_tracker - INFO - Zero songs listened to
2025-07-14 00:58:06,919 - music_tracker - INFO - No songs uploaded.
2025-07-14 01:58:06,719 - music_tracker - INFO - Zero songs listened to
2025-07-14 01:58:06,719 - music_tracker - INFO - No songs uploaded.
2025-07-14 02:58:06,519 - music_tracker - INFO - Zero songs listened to
2025-07-14 02:58:06,519 - music_tracker - INFO - No songs uploaded.
2025-07-14 03:58:07,264 - music_tracker - INFO - Zero songs listened to
2025-07-14 03:58:07,264 - music_tracker - INFO - No songs uploaded.
2025-07-14 04:58:06,946 - music_tracker - INFO - Zero songs listened to
2025-07-14 04:58:06,947 - music_tracker - INFO - No songs uploaded.
2025-07-14 05:58:06,686 - music_tracker - INFO - Zero songs listened to
2025-07-14 05:58:06,687 - music_tracker - INFO - No songs uploaded.
2025-07-14 06:58:06,425 - music_tracker - INFO - Zero songs listened to
2025-07-14 06:58:06,425 - music_tracker - INFO - No songs uploaded.
2025-07-14 07:58:07,171 - music_tracker - INFO - Zero songs listened to
2025-07-14 07:58:07,171 - music_tracker - INFO - No songs uploaded.
2025-07-14 08:58:11,183 - music_tracker - INFO - Uploading 14 songs
2025-07-14 09:00:11,700 - music_tracker - INFO - Starting music tracker analysis
2025-07-14 09:00:11,701 - music_tracker - INFO - Fetching data
2025-07-14 09:00:12,026 - music_tracker - INFO - Fetched 56 recent songs
2025-07-14 09:00:12,029 - music_tracker - INFO - Running top listens analysis
2025-07-14 09:00:12,030 - music_tracker - INFO - Calculating top songs listens
2025-07-14 09:00:12,030 - music_tracker - INFO - Sending message with top 2 songs
2025-07-14 09:00:12,726 - music_tracker - INFO - Message successfully sent!
2025-07-14 09:00:12,727 - music_tracker - INFO - Calculating top albums listens
2025-07-14 09:00:12,727 - music_tracker - INFO - Sending message with top 3 albums
2025-07-14 09:00:13,724 - music_tracker - INFO - Message successfully sent!
2025-07-14 09:00:13,725 - music_tracker - INFO - Calculating top artists listens
2025-07-14 09:00:13,726 - music_tracker - INFO - Sending message with top 3 artists
2025-07-14 09:00:14,598 - music_tracker - INFO - Message successfully sent!
2025-07-14 09:00:14,599 - music_tracker - INFO - Running popularity and listening hours analysis
2025-07-14 09:00:14,599 - music_tracker - INFO - Finding most popular track
2025-07-14 09:00:14,600 - music_tracker - INFO - Most popular song found: Save Your Tears with score 88
2025-07-14 09:00:15,301 - music_tracker - INFO - Message successfully sent!
2025-07-14 09:00:15,301 - music_tracker - INFO - Calculating most listened hour
2025-07-14 09:00:15,302 - music_tracker - INFO - Most listened hour: 21:00 with 50:23
2025-07-14 09:00:16,143 - music_tracker - INFO - Message successfully sent!
2025-07-14 09:00:16,143 - music_tracker - INFO - Analysis completed successfully

2025-07-14 09:58:08,975 - music_tracker - INFO - Uploading 7 songs
2025-07-14 10:58:08,929 - music_tracker - INFO - Uploading 5 songs
2025-07-14 11:58:08,356 - music_tracker - INFO - Uploading 5 songs
2025-07-14 12:58:07,977 - music_tracker - INFO - Uploading 2 songs
2025-07-14 13:58:09,513 - music_tracker - INFO - Uploading 10 songs
2025-07-14 14:58:11,395 - music_tracker - INFO - Uploading 17 songs
2025-07-14 15:58:10,584 - music_tracker - INFO - Uploading 12 songs
2025-07-14 16:58:10,018 - music_tracker - INFO - Uploading 10 songs
2025-07-14 17:58:10,807 - music_tracker - INFO -   Supabase error: Status 400, {"code":"22007","details":null,"hint":null,"message":"invalid input syntax for type date: \"1970\""}
2025-07-14 17:58:10,809 - music_tracker - INFO - No songs uploaded.
2025-07-14 18:58:10,957 - music_tracker - INFO - Uploading 16 songs
2025-07-14 19:58:10,243 - music_tracker - INFO - Uploading 14 songs
2025-07-14 20:58:09,780 - music_tracker - INFO - Uploading 10 songs
2025-07-14 21:58:06,537 - music_tracker - INFO - Zero songs listened to
2025-07-14 21:58:06,537 - music_tracker - INFO - No songs uploaded.
2025-07-14 22:58:07,530 - music_tracker - INFO - Zero songs listened to
2025-07-14 22:58:07,532 - music_tracker - INFO - No songs uploaded.
2025-07-14 23:58:07,457 - music_tracker - INFO - Zero songs listened to
2025-07-14 23:58:07,458 - music_tracker - INFO - No songs uploaded.
