2025-10-20 00:58:03,409 - music_tracker - INFO - SpotiSpy song collection starting...
2025-10-20 00:58:03,410 - music_tracker - INFO - Starting song collection (last 1 hours)
2025-10-20 00:58:03,410 - music_tracker - INFO - Fetching recent tracks from Spotify...
2025-10-20 00:58:03,785 - music_tracker - INFO - No recent songs found from Spotify
2025-10-20 00:58:03,788 - music_tracker - INFO - No new songs found from Spotify API
2025-10-20 00:58:03,788 - music_tracker - INFO - Song collection completed successfully
2025-10-20 01:58:02,737 - music_tracker - INFO - SpotiSpy song collection starting...
2025-10-20 01:58:02,737 - music_tracker - INFO - Starting song collection (last 1 hours)
2025-10-20 01:58:02,738 - music_tracker - INFO - Fetching recent tracks from Spotify...
2025-10-20 01:58:03,093 - music_tracker - INFO - No recent songs found from Spotify
2025-10-20 01:58:03,095 - music_tracker - INFO - No new songs found from Spotify API
2025-10-20 01:58:03,095 - music_tracker - INFO - Song collection completed successfully
2025-10-20 02:58:02,984 - music_tracker - INFO - SpotiSpy song collection starting...
2025-10-20 02:58:02,984 - music_tracker - INFO - Starting song collection (last 1 hours)
2025-10-20 02:58:02,985 - music_tracker - INFO - Fetching recent tracks from Spotify...
2025-10-20 02:58:03,330 - music_tracker - INFO - No recent songs found from Spotify
2025-10-20 02:58:03,332 - music_tracker - INFO - No new songs found from Spotify API
2025-10-20 02:58:03,333 - music_tracker - INFO - Song collection completed successfully
2025-10-20 03:58:03,259 - music_tracker - INFO - SpotiSpy song collection starting...
2025-10-20 03:58:03,260 - music_tracker - INFO - Starting song collection (last 1 hours)
2025-10-20 03:58:03,260 - music_tracker - INFO - Fetching recent tracks from Spotify...
2025-10-20 03:58:03,638 - music_tracker - INFO - No recent songs found from Spotify
2025-10-20 03:58:03,640 - music_tracker - INFO - No new songs found from Spotify API
2025-10-20 03:58:03,640 - music_tracker - INFO - Song collection completed successfully
2025-10-20 04:58:03,530 - music_tracker - INFO - SpotiSpy song collection starting...
2025-10-20 04:58:03,531 - music_tracker - INFO - Starting song collection (last 1 hours)
2025-10-20 04:58:03,532 - music_tracker - INFO - Fetching recent tracks from Spotify...
2025-10-20 04:58:03,912 - music_tracker - INFO - No recent songs found from Spotify
2025-10-20 04:58:03,914 - music_tracker - INFO - No new songs found from Spotify API
2025-10-20 04:58:03,914 - music_tracker - INFO - Song collection completed successfully
2025-10-20 05:58:02,803 - music_tracker - INFO - SpotiSpy song collection starting...
2025-10-20 05:58:02,804 - music_tracker - INFO - Starting song collection (last 1 hours)
2025-10-20 05:58:02,804 - music_tracker - INFO - Fetching recent tracks from Spotify...
2025-10-20 05:58:03,170 - music_tracker - INFO - No recent songs found from Spotify
2025-10-20 05:58:03,172 - music_tracker - INFO - No new songs found from Spotify API
2025-10-20 05:58:03,173 - music_tracker - INFO - Song collection completed successfully
2025-10-20 06:58:03,250 - music_tracker - INFO - SpotiSpy song collection starting...
2025-10-20 06:58:03,252 - music_tracker - INFO - Starting song collection (last 1 hours)
2025-10-20 06:58:03,253 - music_tracker - INFO - Fetching recent tracks from Spotify...
2025-10-20 06:58:03,600 - music_tracker - INFO - No recent songs found from Spotify
2025-10-20 06:58:03,603 - music_tracker - INFO - No new songs found from Spotify API
2025-10-20 06:58:03,603 - music_tracker - INFO - Song collection completed successfully
2025-10-20 07:58:03,554 - music_tracker - INFO - SpotiSpy song collection starting...
2025-10-20 07:58:03,555 - music_tracker - INFO - Starting song collection (last 1 hours)
2025-10-20 07:58:03,555 - music_tracker - INFO - Fetching recent tracks from Spotify...
2025-10-20 07:58:03,927 - music_tracker - INFO - No recent songs found from Spotify
2025-10-20 07:58:03,929 - music_tracker - INFO - No new songs found from Spotify API
2025-10-20 07:58:03,930 - music_tracker - INFO - Song collection completed successfully
2025-10-20 08:58:02,816 - music_tracker - INFO - SpotiSpy song collection starting...
2025-10-20 08:58:02,817 - music_tracker - INFO - Starting song collection (last 1 hours)
2025-10-20 08:58:02,817 - music_tracker - INFO - Fetching recent tracks from Spotify...
2025-10-20 08:58:03,285 - music_tracker - INFO - Fetched 8 songs from Spotify
2025-10-20 08:58:03,288 - music_tracker - INFO - Found 8 songs from Spotify API
2025-10-20 08:58:03,288 - music_tracker - INFO - Checking for duplicates in database...
2025-10-20 08:58:04,908 - music_tracker - INFO - Found 8 new songs out of 8 total
2025-10-20 08:58:04,910 - music_tracker - INFO - Found 8 new songs to save
2025-10-20 08:58:04,911 - music_tracker - INFO - Saving songs to database...
2025-10-20 08:58:05,285 - music_tracker - INFO - Successfully saved 8 songs to database
2025-10-20 08:58:05,287 - music_tracker - INFO - Successfully saved 8 songs to database
2025-10-20 08:58:05,288 - music_tracker - INFO - Song collection completed successfully
2025-10-20 09:00:12,943 - music_tracker - INFO - SpotiSpy starting...
2025-10-20 09:00:12,943 - music_tracker - INFO - Starting daily SpotiSpy analysis
2025-10-20 09:00:12,944 - music_tracker - INFO - Fetching yesterday's listening data...
2025-10-20 09:00:13,296 - music_tracker - INFO - Fetched 24 songs from database
2025-10-20 09:00:13,298 - music_tracker - INFO - Found 24 songs to analyze
2025-10-20 09:00:13,298 - music_tracker - INFO - Running analysis...
2025-10-20 09:00:13,301 - music_tracker - INFO - Sending daily summary to Slack...
2025-10-20 09:00:28,498 - music_tracker - INFO - Message sent successfully to Slack
2025-10-20 09:00:28,499 - music_tracker - INFO - Daily analysis completed successfully!
2025-10-20 09:00:28,499 - music_tracker - INFO - SpotiSpy completed successfully
2025-10-20 09:58:04,655 - music_tracker - INFO - SpotiSpy song collection starting...
2025-10-20 09:58:04,656 - music_tracker - INFO - Starting song collection (last 1 hours)
2025-10-20 09:58:04,657 - music_tracker - INFO - Fetching recent tracks from Spotify...
2025-10-20 09:58:05,173 - music_tracker - INFO - Fetched 3 songs from Spotify
2025-10-20 09:58:05,175 - music_tracker - INFO - Found 3 songs from Spotify API
2025-10-20 09:58:05,176 - music_tracker - INFO - Checking for duplicates in database...
2025-10-20 09:58:06,368 - music_tracker - INFO - Found 3 new songs out of 3 total
2025-10-20 09:58:06,371 - music_tracker - INFO - Found 3 new songs to save
2025-10-20 09:58:06,372 - music_tracker - INFO - Saving songs to database...
2025-10-20 09:58:06,670 - music_tracker - INFO - Successfully saved 3 songs to database
2025-10-20 09:58:06,672 - music_tracker - INFO - Successfully saved 3 songs to database
2025-10-20 09:58:06,673 - music_tracker - INFO - Song collection completed successfully
2025-10-20 10:58:02,617 - music_tracker - INFO - SpotiSpy song collection starting...
2025-10-20 10:58:02,617 - music_tracker - INFO - Starting song collection (last 1 hours)
2025-10-20 10:58:02,618 - music_tracker - INFO - Fetching recent tracks from Spotify...
2025-10-20 10:58:02,996 - music_tracker - INFO - No recent songs found from Spotify
2025-10-20 10:58:02,998 - music_tracker - INFO - No new songs found from Spotify API
2025-10-20 10:58:02,998 - music_tracker - INFO - Song collection completed successfully
2025-10-20 11:58:02,900 - music_tracker - INFO - SpotiSpy song collection starting...
2025-10-20 11:58:02,900 - music_tracker - INFO - Starting song collection (last 1 hours)
2025-10-20 11:58:02,901 - music_tracker - INFO - Fetching recent tracks from Spotify...
2025-10-20 11:58:03,258 - music_tracker - INFO - No recent songs found from Spotify
2025-10-20 11:58:03,260 - music_tracker - INFO - No new songs found from Spotify API
2025-10-20 11:58:03,260 - music_tracker - INFO - Song collection completed successfully
2025-10-20 12:58:03,153 - music_tracker - INFO - SpotiSpy song collection starting...
2025-10-20 12:58:03,154 - music_tracker - INFO - Starting song collection (last 1 hours)
2025-10-20 12:58:03,155 - music_tracker - INFO - Fetching recent tracks from Spotify...
2025-10-20 12:58:03,512 - music_tracker - INFO - No recent songs found from Spotify
2025-10-20 12:58:03,514 - music_tracker - INFO - No new songs found from Spotify API
2025-10-20 12:58:03,515 - music_tracker - INFO - Song collection completed successfully
2025-10-20 13:58:03,428 - music_tracker - INFO - SpotiSpy song collection starting...
2025-10-20 13:58:03,429 - music_tracker - INFO - Starting song collection (last 1 hours)
2025-10-20 13:58:03,429 - music_tracker - INFO - Fetching recent tracks from Spotify...
2025-10-20 13:58:03,792 - music_tracker - INFO - No recent songs found from Spotify
2025-10-20 13:58:03,795 - music_tracker - INFO - No new songs found from Spotify API
2025-10-20 13:58:03,795 - music_tracker - INFO - Song collection completed successfully
2025-10-20 14:58:02,688 - music_tracker - INFO - SpotiSpy song collection starting...
2025-10-20 14:58:02,688 - music_tracker - INFO - Starting song collection (last 1 hours)
2025-10-20 14:58:02,689 - music_tracker - INFO - Fetching recent tracks from Spotify...
2025-10-20 14:58:03,324 - music_tracker - INFO - Fetched 19 songs from Spotify
2025-10-20 14:58:03,327 - music_tracker - INFO - Found 19 songs from Spotify API
2025-10-20 14:58:03,328 - music_tracker - INFO - Checking for duplicates in database...
2025-10-20 14:58:04,751 - music_tracker - INFO - Found 19 new songs out of 19 total
2025-10-20 14:58:04,753 - music_tracker - INFO - Found 19 new songs to save
2025-10-20 14:58:04,754 - music_tracker - INFO - Saving songs to database...
2025-10-20 14:58:05,232 - music_tracker - INFO - Successfully saved 19 songs to database
2025-10-20 14:58:05,234 - music_tracker - INFO - Successfully saved 19 songs to database
2025-10-20 14:58:05,235 - music_tracker - INFO - Song collection completed successfully
2025-10-20 15:58:03,143 - music_tracker - INFO - SpotiSpy song collection starting...
2025-10-20 15:58:03,144 - music_tracker - INFO - Starting song collection (last 1 hours)
2025-10-20 15:58:03,145 - music_tracker - INFO - Fetching recent tracks from Spotify...
2025-10-20 15:58:03,713 - music_tracker - INFO - Fetched 20 songs from Spotify
2025-10-20 15:58:03,716 - music_tracker - INFO - Found 20 songs from Spotify API
2025-10-20 15:58:03,717 - music_tracker - INFO - Checking for duplicates in database...
2025-10-20 15:58:05,170 - music_tracker - INFO - Found 20 new songs out of 20 total
2025-10-20 15:58:05,172 - music_tracker - INFO - Found 20 new songs to save
2025-10-20 15:58:05,173 - music_tracker - INFO - Saving songs to database...
2025-10-20 15:58:05,499 - music_tracker - INFO - Successfully saved 20 songs to database
2025-10-20 15:58:05,501 - music_tracker - INFO - Successfully saved 20 songs to database
2025-10-20 15:58:05,502 - music_tracker - INFO - Song collection completed successfully
2025-10-20 16:58:03,430 - music_tracker - INFO - SpotiSpy song collection starting...
2025-10-20 16:58:03,431 - music_tracker - INFO - Starting song collection (last 1 hours)
2025-10-20 16:58:03,431 - music_tracker - INFO - Fetching recent tracks from Spotify...
2025-10-20 16:58:03,912 - music_tracker - INFO - Fetched 7 songs from Spotify
2025-10-20 16:58:03,914 - music_tracker - INFO - Found 7 songs from Spotify API
2025-10-20 16:58:03,915 - music_tracker - INFO - Checking for duplicates in database...
2025-10-20 16:58:05,325 - music_tracker - INFO - Found 7 new songs out of 7 total
2025-10-20 16:58:05,327 - music_tracker - INFO - Found 7 new songs to save
2025-10-20 16:58:05,328 - music_tracker - INFO - Saving songs to database...
2025-10-20 16:58:05,630 - music_tracker - INFO - Successfully saved 7 songs to database
2025-10-20 16:58:05,632 - music_tracker - INFO - Successfully saved 7 songs to database
2025-10-20 16:58:05,633 - music_tracker - INFO - Song collection completed successfully
2025-10-20 17:58:03,554 - music_tracker - INFO - SpotiSpy song collection starting...
2025-10-20 17:58:03,555 - music_tracker - INFO - Starting song collection (last 1 hours)
2025-10-20 17:58:03,556 - music_tracker - INFO - Fetching recent tracks from Spotify...
2025-10-20 17:58:04,080 - music_tracker - INFO - Fetched 1 songs from Spotify
2025-10-20 17:58:04,082 - music_tracker - INFO - Found 1 songs from Spotify API
2025-10-20 17:58:04,083 - music_tracker - INFO - Checking for duplicates in database...
2025-10-20 17:58:05,485 - music_tracker - INFO - Found 1 new songs out of 1 total
2025-10-20 17:58:05,487 - music_tracker - INFO - Found 1 new songs to save
2025-10-20 17:58:05,488 - music_tracker - INFO - Saving songs to database...
2025-10-20 17:58:05,791 - music_tracker - INFO - Successfully saved 1 songs to database
2025-10-20 17:58:05,793 - music_tracker - INFO - Successfully saved 1 songs to database
2025-10-20 17:58:05,794 - music_tracker - INFO - Song collection completed successfully
2025-10-20 18:58:02,707 - music_tracker - INFO - SpotiSpy song collection starting...
2025-10-20 18:58:02,708 - music_tracker - INFO - Starting song collection (last 1 hours)
2025-10-20 18:58:02,708 - music_tracker - INFO - Fetching recent tracks from Spotify...
2025-10-20 18:58:03,176 - music_tracker - INFO - Fetched 2 songs from Spotify
2025-10-20 18:58:03,178 - music_tracker - INFO - Found 2 songs from Spotify API
2025-10-20 18:58:03,178 - music_tracker - INFO - Checking for duplicates in database...
2025-10-20 18:58:04,554 - music_tracker - INFO - Found 2 new songs out of 2 total
2025-10-20 18:58:04,556 - music_tracker - INFO - Found 2 new songs to save
2025-10-20 18:58:04,557 - music_tracker - INFO - Saving songs to database...
2025-10-20 18:58:04,853 - music_tracker - INFO - Successfully saved 2 songs to database
2025-10-20 18:58:04,855 - music_tracker - INFO - Successfully saved 2 songs to database
2025-10-20 18:58:04,856 - music_tracker - INFO - Song collection completed successfully
2025-10-20 19:58:02,757 - music_tracker - INFO - SpotiSpy song collection starting...
2025-10-20 19:58:02,758 - music_tracker - INFO - Starting song collection (last 1 hours)
2025-10-20 19:58:02,758 - music_tracker - INFO - Fetching recent tracks from Spotify...
2025-10-20 19:58:03,238 - music_tracker - INFO - Fetched 3 songs from Spotify
2025-10-20 19:58:03,240 - music_tracker - INFO - Found 3 songs from Spotify API
2025-10-20 19:58:03,241 - music_tracker - INFO - Checking for duplicates in database...
2025-10-20 19:58:04,531 - music_tracker - INFO - Found 3 new songs out of 3 total
2025-10-20 19:58:04,533 - music_tracker - INFO - Found 3 new songs to save
2025-10-20 19:58:04,534 - music_tracker - INFO - Saving songs to database...
2025-10-20 19:58:04,809 - music_tracker - INFO - Successfully saved 3 songs to database
2025-10-20 19:58:04,811 - music_tracker - INFO - Successfully saved 3 songs to database
2025-10-20 19:58:04,812 - music_tracker - INFO - Song collection completed successfully
2025-10-20 20:58:02,708 - music_tracker - INFO - SpotiSpy song collection starting...
2025-10-20 20:58:02,709 - music_tracker - INFO - Starting song collection (last 1 hours)
2025-10-20 20:58:02,709 - music_tracker - INFO - Fetching recent tracks from Spotify...
2025-10-20 20:58:03,241 - music_tracker - INFO - Fetched 5 songs from Spotify
2025-10-20 20:58:03,243 - music_tracker - INFO - Found 5 songs from Spotify API
2025-10-20 20:58:03,244 - music_tracker - INFO - Checking for duplicates in database...
2025-10-20 20:58:04,767 - music_tracker - INFO - Found 5 new songs out of 5 total
2025-10-20 20:58:04,769 - music_tracker - INFO - Found 5 new songs to save
2025-10-20 20:58:04,770 - music_tracker - INFO - Saving songs to database...
2025-10-20 20:58:05,180 - music_tracker - INFO - Successfully saved 5 songs to database
2025-10-20 20:58:05,182 - music_tracker - INFO - Successfully saved 5 songs to database
2025-10-20 20:58:05,183 - music_tracker - INFO - Song collection completed successfully
2025-10-20 21:58:03,086 - music_tracker - INFO - SpotiSpy song collection starting...
2025-10-20 21:58:03,087 - music_tracker - INFO - Starting song collection (last 1 hours)
2025-10-20 21:58:03,088 - music_tracker - INFO - Fetching recent tracks from Spotify...
2025-10-20 21:58:03,558 - music_tracker - INFO - Fetched 9 songs from Spotify
2025-10-20 21:58:03,560 - music_tracker - INFO - Found 9 songs from Spotify API
2025-10-20 21:58:03,561 - music_tracker - INFO - Checking for duplicates in database...
2025-10-20 21:58:04,895 - music_tracker - INFO - Found 9 new songs out of 9 total
2025-10-20 21:58:04,898 - music_tracker - INFO - Found 9 new songs to save
2025-10-20 21:58:04,898 - music_tracker - INFO - Saving songs to database...
2025-10-20 21:58:05,274 - music_tracker - INFO - Successfully saved 9 songs to database
2025-10-20 21:58:05,276 - music_tracker - INFO - Successfully saved 9 songs to database
2025-10-20 21:58:05,277 - music_tracker - INFO - Song collection completed successfully
2025-10-20 22:58:03,201 - music_tracker - INFO - SpotiSpy song collection starting...
2025-10-20 22:58:03,201 - music_tracker - INFO - Starting song collection (last 1 hours)
2025-10-20 22:58:03,202 - music_tracker - INFO - Fetching recent tracks from Spotify...
2025-10-20 22:58:03,724 - music_tracker - INFO - Fetched 1 songs from Spotify
2025-10-20 22:58:03,727 - music_tracker - INFO - Found 1 songs from Spotify API
2025-10-20 22:58:03,727 - music_tracker - INFO - Checking for duplicates in database...
2025-10-20 22:58:05,009 - music_tracker - INFO - Found 1 new songs out of 1 total
2025-10-20 22:58:05,011 - music_tracker - INFO - Found 1 new songs to save
2025-10-20 22:58:05,012 - music_tracker - INFO - Saving songs to database...
2025-10-20 22:58:05,364 - music_tracker - INFO - Successfully saved 1 songs to database
2025-10-20 22:58:05,366 - music_tracker - INFO - Successfully saved 1 songs to database
2025-10-20 22:58:05,366 - music_tracker - INFO - Song collection completed successfully
2025-10-20 23:58:03,280 - music_tracker - INFO - SpotiSpy song collection starting...
2025-10-20 23:58:03,280 - music_tracker - INFO - Starting song collection (last 1 hours)
2025-10-20 23:58:03,281 - music_tracker - INFO - Fetching recent tracks from Spotify...
2025-10-20 23:58:03,667 - music_tracker - INFO - No recent songs found from Spotify
2025-10-20 23:58:03,669 - music_tracker - INFO - No new songs found from Spotify API
2025-10-20 23:58:03,669 - music_tracker - INFO - Song collection completed successfully
