2025-12-28 00:58:04,313 - music_tracker - INFO - SpotiSpy song collection starting...
2025-12-28 00:58:04,314 - music_tracker - INFO - Starting song collection (last 1 hours)
2025-12-28 00:58:04,314 - music_tracker - INFO - Fetching recent tracks from Spotify...
2025-12-28 00:58:04,667 - music_tracker - INFO - No recent songs found from Spotify
2025-12-28 00:58:04,669 - music_tracker - INFO - No new songs found from Spotify API
2025-12-28 00:58:04,669 - music_tracker - INFO - Song collection completed successfully
2025-12-28 01:58:03,566 - music_tracker - INFO - SpotiSpy song collection starting...
2025-12-28 01:58:03,567 - music_tracker - INFO - Starting song collection (last 1 hours)
2025-12-28 01:58:03,567 - music_tracker - INFO - Fetching recent tracks from Spotify...
2025-12-28 01:58:04,014 - music_tracker - INFO - No recent songs found from Spotify
2025-12-28 01:58:04,017 - music_tracker - INFO - No new songs found from Spotify API
2025-12-28 01:58:04,017 - music_tracker - INFO - Song collection completed successfully
2025-12-28 02:58:02,977 - music_tracker - INFO - SpotiSpy song collection starting...
2025-12-28 02:58:02,977 - music_tracker - INFO - Starting song collection (last 1 hours)
2025-12-28 02:58:02,978 - music_tracker - INFO - Fetching recent tracks from Spotify...
2025-12-28 02:58:03,331 - music_tracker - INFO - No recent songs found from Spotify
2025-12-28 02:58:03,333 - music_tracker - INFO - No new songs found from Spotify API
2025-12-28 02:58:03,334 - music_tracker - INFO - Song collection completed successfully
2025-12-28 03:58:03,282 - music_tracker - INFO - SpotiSpy song collection starting...
2025-12-28 03:58:03,283 - music_tracker - INFO - Starting song collection (last 1 hours)
2025-12-28 03:58:03,283 - music_tracker - INFO - Fetching recent tracks from Spotify...
2025-12-28 03:58:03,621 - music_tracker - INFO - No recent songs found from Spotify
2025-12-28 03:58:03,623 - music_tracker - INFO - No new songs found from Spotify API
2025-12-28 03:58:03,624 - music_tracker - INFO - Song collection completed successfully
2025-12-28 04:58:03,519 - music_tracker - INFO - SpotiSpy song collection starting...
2025-12-28 04:58:03,520 - music_tracker - INFO - Starting song collection (last 1 hours)
2025-12-28 04:58:03,520 - music_tracker - INFO - Fetching recent tracks from Spotify...
2025-12-28 04:58:03,862 - music_tracker - INFO - No recent songs found from Spotify
2025-12-28 04:58:03,864 - music_tracker - INFO - No new songs found from Spotify API
2025-12-28 04:58:03,865 - music_tracker - INFO - Song collection completed successfully
2025-12-28 05:58:02,803 - music_tracker - INFO - SpotiSpy song collection starting...
2025-12-28 05:58:02,804 - music_tracker - INFO - Starting song collection (last 1 hours)
2025-12-28 05:58:02,804 - music_tracker - INFO - Fetching recent tracks from Spotify...
2025-12-28 05:58:03,173 - music_tracker - INFO - No recent songs found from Spotify
2025-12-28 05:58:03,175 - music_tracker - INFO - No new songs found from Spotify API
2025-12-28 05:58:03,175 - music_tracker - INFO - Song collection completed successfully
2025-12-28 06:58:03,201 - music_tracker - INFO - SpotiSpy song collection starting...
2025-12-28 06:58:03,202 - music_tracker - INFO - Starting song collection (last 1 hours)
2025-12-28 06:58:03,202 - music_tracker - INFO - Fetching recent tracks from Spotify...
2025-12-28 06:58:03,558 - music_tracker - INFO - No recent songs found from Spotify
2025-12-28 06:58:03,560 - music_tracker - INFO - No new songs found from Spotify API
2025-12-28 06:58:03,561 - music_tracker - INFO - Song collection completed successfully
2025-12-28 07:58:03,453 - music_tracker - INFO - SpotiSpy song collection starting...
2025-12-28 07:58:03,454 - music_tracker - INFO - Starting song collection (last 1 hours)
2025-12-28 07:58:03,454 - music_tracker - INFO - Fetching recent tracks from Spotify...
2025-12-28 07:58:03,810 - music_tracker - INFO - No recent songs found from Spotify
2025-12-28 07:58:03,812 - music_tracker - INFO - No new songs found from Spotify API
2025-12-28 07:58:03,813 - music_tracker - INFO - Song collection completed successfully
2025-12-28 08:58:02,699 - music_tracker - INFO - SpotiSpy song collection starting...
2025-12-28 08:58:02,700 - music_tracker - INFO - Starting song collection (last 1 hours)
2025-12-28 08:58:02,701 - music_tracker - INFO - Fetching recent tracks from Spotify...
2025-12-28 08:58:03,090 - music_tracker - INFO - No recent songs found from Spotify
2025-12-28 08:58:03,092 - music_tracker - INFO - No new songs found from Spotify API
2025-12-28 08:58:03,092 - music_tracker - INFO - Song collection completed successfully
2025-12-28 09:00:12,438 - music_tracker - INFO - SpotiSpy starting...
2025-12-28 09:00:12,439 - music_tracker - INFO - Starting daily SpotiSpy analysis
2025-12-28 09:00:12,439 - music_tracker - INFO - Fetching yesterday's listening data...
2025-12-28 09:00:13,285 - music_tracker - INFO - Fetched 0 songs from database
2025-12-28 09:00:13,288 - music_tracker - WARNING - No songs found for yesterday
2025-12-28 09:00:13,289 - music_tracker - INFO - Running weekly summary...
2025-12-28 09:00:13,289 - music_tracker - INFO - Generating weekly summary...
2025-12-28 09:00:13,294 - music_tracker - INFO - Starting comprehensive weekly analysis
2025-12-28 09:00:13,602 - music_tracker - INFO - Fetched 0 songs for date 2025-12-28
2025-12-28 09:00:13,604 - music_tracker - INFO - Date 2025-12-28: 0 songs
2025-12-28 09:00:13,847 - music_tracker - INFO - Fetched 0 songs for date 2025-12-27
2025-12-28 09:00:13,849 - music_tracker - INFO - Date 2025-12-27: 0 songs
2025-12-28 09:00:14,123 - music_tracker - INFO - Fetched 84 songs for date 2025-12-26
2025-12-28 09:00:14,125 - music_tracker - INFO - Date 2025-12-26: 84 songs
2025-12-28 09:00:14,345 - music_tracker - INFO - Fetched 0 songs for date 2025-12-25
2025-12-28 09:00:14,346 - music_tracker - INFO - Date 2025-12-25: 0 songs
2025-12-28 09:00:14,583 - music_tracker - INFO - Fetched 0 songs for date 2025-12-24
2025-12-28 09:00:14,584 - music_tracker - INFO - Date 2025-12-24: 0 songs
2025-12-28 09:00:14,832 - music_tracker - INFO - Fetched 79 songs for date 2025-12-23
2025-12-28 09:00:14,835 - music_tracker - INFO - Date 2025-12-23: 79 songs
2025-12-28 09:00:15,059 - music_tracker - INFO - Fetched 95 songs for date 2025-12-22
2025-12-28 09:00:15,061 - music_tracker - INFO - Date 2025-12-22: 95 songs
2025-12-28 09:00:15,831 - music_tracker - INFO - Message sent successfully to Slack
2025-12-28 09:00:15,832 - music_tracker - INFO - SpotiSpy completed successfully
2025-12-28 09:58:02,709 - music_tracker - INFO - SpotiSpy song collection starting...
2025-12-28 09:58:02,710 - music_tracker - INFO - Starting song collection (last 1 hours)
2025-12-28 09:58:02,710 - music_tracker - INFO - Fetching recent tracks from Spotify...
2025-12-28 09:58:03,103 - music_tracker - INFO - No recent songs found from Spotify
2025-12-28 09:58:03,105 - music_tracker - INFO - No new songs found from Spotify API
2025-12-28 09:58:03,106 - music_tracker - INFO - Song collection completed successfully
2025-12-28 10:58:03,000 - music_tracker - INFO - SpotiSpy song collection starting...
2025-12-28 10:58:03,000 - music_tracker - INFO - Starting song collection (last 1 hours)
2025-12-28 10:58:03,001 - music_tracker - INFO - Fetching recent tracks from Spotify...
2025-12-28 10:58:03,393 - music_tracker - INFO - No recent songs found from Spotify
2025-12-28 10:58:03,395 - music_tracker - INFO - No new songs found from Spotify API
2025-12-28 10:58:03,396 - music_tracker - INFO - Song collection completed successfully
2025-12-28 11:58:04,596 - music_tracker - INFO - SpotiSpy song collection starting...
2025-12-28 11:58:04,597 - music_tracker - INFO - Starting song collection (last 1 hours)
2025-12-28 11:58:04,598 - music_tracker - INFO - Fetching recent tracks from Spotify...
2025-12-28 11:58:05,002 - music_tracker - INFO - No recent songs found from Spotify
2025-12-28 11:58:05,004 - music_tracker - INFO - No new songs found from Spotify API
2025-12-28 11:58:05,004 - music_tracker - INFO - Song collection completed successfully
2025-12-28 12:58:02,958 - music_tracker - INFO - SpotiSpy song collection starting...
2025-12-28 12:58:02,958 - music_tracker - INFO - Starting song collection (last 1 hours)
2025-12-28 12:58:02,959 - music_tracker - INFO - Fetching recent tracks from Spotify...
2025-12-28 12:58:03,294 - music_tracker - INFO - No recent songs found from Spotify
2025-12-28 12:58:03,296 - music_tracker - INFO - No new songs found from Spotify API
2025-12-28 12:58:03,296 - music_tracker - INFO - Song collection completed successfully
2025-12-28 13:58:03,166 - music_tracker - INFO - SpotiSpy song collection starting...
2025-12-28 13:58:03,167 - music_tracker - INFO - Starting song collection (last 1 hours)
2025-12-28 13:58:03,168 - music_tracker - INFO - Fetching recent tracks from Spotify...
2025-12-28 13:58:03,531 - music_tracker - INFO - No recent songs found from Spotify
2025-12-28 13:58:03,533 - music_tracker - INFO - No new songs found from Spotify API
2025-12-28 13:58:03,534 - music_tracker - INFO - Song collection completed successfully
2025-12-28 14:58:03,427 - music_tracker - INFO - SpotiSpy song collection starting...
2025-12-28 14:58:03,428 - music_tracker - INFO - Starting song collection (last 1 hours)
2025-12-28 14:58:03,429 - music_tracker - INFO - Fetching recent tracks from Spotify...
2025-12-28 14:58:03,796 - music_tracker - INFO - No recent songs found from Spotify
2025-12-28 14:58:03,798 - music_tracker - INFO - No new songs found from Spotify API
2025-12-28 14:58:03,799 - music_tracker - INFO - Song collection completed successfully
2025-12-28 15:58:02,677 - music_tracker - INFO - SpotiSpy song collection starting...
2025-12-28 15:58:02,677 - music_tracker - INFO - Starting song collection (last 1 hours)
2025-12-28 15:58:02,678 - music_tracker - INFO - Fetching recent tracks from Spotify...
2025-12-28 15:58:03,040 - music_tracker - INFO - No recent songs found from Spotify
2025-12-28 15:58:03,042 - music_tracker - INFO - No new songs found from Spotify API
2025-12-28 15:58:03,043 - music_tracker - INFO - Song collection completed successfully
2025-12-28 16:58:02,926 - music_tracker - INFO - SpotiSpy song collection starting...
2025-12-28 16:58:02,927 - music_tracker - INFO - Starting song collection (last 1 hours)
2025-12-28 16:58:02,927 - music_tracker - INFO - Fetching recent tracks from Spotify...
2025-12-28 16:58:03,275 - music_tracker - INFO - No recent songs found from Spotify
2025-12-28 16:58:03,277 - music_tracker - INFO - No new songs found from Spotify API
2025-12-28 16:58:03,277 - music_tracker - INFO - Song collection completed successfully
2025-12-28 17:58:03,167 - music_tracker - INFO - SpotiSpy song collection starting...
2025-12-28 17:58:03,168 - music_tracker - INFO - Starting song collection (last 1 hours)
2025-12-28 17:58:03,168 - music_tracker - INFO - Fetching recent tracks from Spotify...
2025-12-28 17:58:03,601 - music_tracker - INFO - No recent songs found from Spotify
2025-12-28 17:58:03,603 - music_tracker - INFO - No new songs found from Spotify API
2025-12-28 17:58:03,604 - music_tracker - INFO - Song collection completed successfully
2025-12-28 18:58:03,510 - music_tracker - INFO - SpotiSpy song collection starting...
2025-12-28 18:58:03,510 - music_tracker - INFO - Starting song collection (last 1 hours)
2025-12-28 18:58:03,511 - music_tracker - INFO - Fetching recent tracks from Spotify...
2025-12-28 18:58:03,921 - music_tracker - INFO - No recent songs found from Spotify
2025-12-28 18:58:03,923 - music_tracker - INFO - No new songs found from Spotify API
2025-12-28 18:58:03,923 - music_tracker - INFO - Song collection completed successfully
2025-12-28 19:58:02,822 - music_tracker - INFO - SpotiSpy song collection starting...
2025-12-28 19:58:02,823 - music_tracker - INFO - Starting song collection (last 1 hours)
2025-12-28 19:58:02,824 - music_tracker - INFO - Fetching recent tracks from Spotify...
2025-12-28 19:58:03,237 - music_tracker - INFO - No recent songs found from Spotify
2025-12-28 19:58:03,239 - music_tracker - INFO - No new songs found from Spotify API
2025-12-28 19:58:03,240 - music_tracker - INFO - Song collection completed successfully
2025-12-28 20:58:03,160 - music_tracker - INFO - SpotiSpy song collection starting...
2025-12-28 20:58:03,160 - music_tracker - INFO - Starting song collection (last 1 hours)
2025-12-28 20:58:03,161 - music_tracker - INFO - Fetching recent tracks from Spotify...
2025-12-28 20:58:03,554 - music_tracker - INFO - No recent songs found from Spotify
2025-12-28 20:58:03,557 - music_tracker - INFO - No new songs found from Spotify API
2025-12-28 20:58:03,557 - music_tracker - INFO - Song collection completed successfully
2025-12-28 21:58:03,462 - music_tracker - INFO - SpotiSpy song collection starting...
2025-12-28 21:58:03,463 - music_tracker - INFO - Starting song collection (last 1 hours)
2025-12-28 21:58:03,463 - music_tracker - INFO - Fetching recent tracks from Spotify...
2025-12-28 21:58:03,861 - music_tracker - INFO - No recent songs found from Spotify
2025-12-28 21:58:03,863 - music_tracker - INFO - No new songs found from Spotify API
2025-12-28 21:58:03,863 - music_tracker - INFO - Song collection completed successfully
2025-12-28 22:58:02,755 - music_tracker - INFO - SpotiSpy song collection starting...
2025-12-28 22:58:02,756 - music_tracker - INFO - Starting song collection (last 1 hours)
2025-12-28 22:58:02,757 - music_tracker - INFO - Fetching recent tracks from Spotify...
2025-12-28 22:58:03,163 - music_tracker - INFO - No recent songs found from Spotify
2025-12-28 22:58:03,166 - music_tracker - INFO - No new songs found from Spotify API
2025-12-28 22:58:03,166 - music_tracker - INFO - Song collection completed successfully
2025-12-28 23:58:03,060 - music_tracker - INFO - SpotiSpy song collection starting...
2025-12-28 23:58:03,061 - music_tracker - INFO - Starting song collection (last 1 hours)
2025-12-28 23:58:03,062 - music_tracker - INFO - Fetching recent tracks from Spotify...
2025-12-28 23:58:03,415 - music_tracker - INFO - No recent songs found from Spotify
2025-12-28 23:58:03,417 - music_tracker - INFO - No new songs found from Spotify API
2025-12-28 23:58:03,417 - music_tracker - INFO - Song collection completed successfully
