2025-10-31 00:58:03,241 - music_tracker - INFO - SpotiSpy song collection starting...
2025-10-31 00:58:03,242 - music_tracker - INFO - Starting song collection (last 1 hours)
2025-10-31 00:58:03,242 - music_tracker - INFO - Fetching recent tracks from Spotify...
2025-10-31 00:58:03,722 - music_tracker - INFO - Fetched 4 songs from Spotify
2025-10-31 00:58:03,724 - music_tracker - INFO - Found 4 songs from Spotify API
2025-10-31 00:58:03,725 - music_tracker - INFO - Checking for duplicates in database...
2025-10-31 00:58:05,186 - music_tracker - INFO - Found 4 new songs out of 4 total
2025-10-31 00:58:05,189 - music_tracker - INFO - Found 4 new songs to save
2025-10-31 00:58:05,189 - music_tracker - INFO - Saving songs to database...
2025-10-31 00:58:05,459 - music_tracker - INFO - Successfully saved 4 songs to database
2025-10-31 00:58:05,461 - music_tracker - INFO - Successfully saved 4 songs to database
2025-10-31 00:58:05,462 - music_tracker - INFO - Song collection completed successfully
2025-10-31 01:58:03,388 - music_tracker - INFO - SpotiSpy song collection starting...
2025-10-31 01:58:03,389 - music_tracker - INFO - Starting song collection (last 1 hours)
2025-10-31 01:58:03,389 - music_tracker - INFO - Fetching recent tracks from Spotify...
2025-10-31 01:58:03,771 - music_tracker - INFO - No recent songs found from Spotify
2025-10-31 01:58:03,773 - music_tracker - INFO - No new songs found from Spotify API
2025-10-31 01:58:03,774 - music_tracker - INFO - Song collection completed successfully
2025-10-31 02:58:02,681 - music_tracker - INFO - SpotiSpy song collection starting...
2025-10-31 02:58:02,681 - music_tracker - INFO - Starting song collection (last 1 hours)
2025-10-31 02:58:02,682 - music_tracker - INFO - Fetching recent tracks from Spotify...
2025-10-31 02:58:03,076 - music_tracker - INFO - No recent songs found from Spotify
2025-10-31 02:58:03,078 - music_tracker - INFO - No new songs found from Spotify API
2025-10-31 02:58:03,079 - music_tracker - INFO - Song collection completed successfully
2025-10-31 03:58:03,067 - music_tracker - INFO - SpotiSpy song collection starting...
2025-10-31 03:58:03,069 - music_tracker - INFO - Starting song collection (last 1 hours)
2025-10-31 03:58:03,070 - music_tracker - INFO - Fetching recent tracks from Spotify...
2025-10-31 03:58:03,495 - music_tracker - INFO - No recent songs found from Spotify
2025-10-31 03:58:03,497 - music_tracker - INFO - No new songs found from Spotify API
2025-10-31 03:58:03,497 - music_tracker - INFO - Song collection completed successfully
2025-10-31 04:58:03,506 - music_tracker - INFO - SpotiSpy song collection starting...
2025-10-31 04:58:03,507 - music_tracker - INFO - Starting song collection (last 1 hours)
2025-10-31 04:58:03,507 - music_tracker - INFO - Fetching recent tracks from Spotify...
2025-10-31 04:58:03,898 - music_tracker - INFO - No recent songs found from Spotify
2025-10-31 04:58:03,900 - music_tracker - INFO - No new songs found from Spotify API
2025-10-31 04:58:03,900 - music_tracker - INFO - Song collection completed successfully
2025-10-31 05:58:02,793 - music_tracker - INFO - SpotiSpy song collection starting...
2025-10-31 05:58:02,794 - music_tracker - INFO - Starting song collection (last 1 hours)
2025-10-31 05:58:02,795 - music_tracker - INFO - Fetching recent tracks from Spotify...
2025-10-31 05:58:03,169 - music_tracker - INFO - No recent songs found from Spotify
2025-10-31 05:58:03,171 - music_tracker - INFO - No new songs found from Spotify API
2025-10-31 05:58:03,171 - music_tracker - INFO - Song collection completed successfully
2025-10-31 06:58:03,122 - music_tracker - INFO - SpotiSpy song collection starting...
2025-10-31 06:58:03,123 - music_tracker - INFO - Starting song collection (last 1 hours)
2025-10-31 06:58:03,124 - music_tracker - INFO - Fetching recent tracks from Spotify...
2025-10-31 06:58:03,503 - music_tracker - INFO - No recent songs found from Spotify
2025-10-31 06:58:03,505 - music_tracker - INFO - No new songs found from Spotify API
2025-10-31 06:58:03,506 - music_tracker - INFO - Song collection completed successfully
2025-10-31 07:58:03,397 - music_tracker - INFO - SpotiSpy song collection starting...
2025-10-31 07:58:03,398 - music_tracker - INFO - Starting song collection (last 1 hours)
2025-10-31 07:58:03,399 - music_tracker - INFO - Fetching recent tracks from Spotify...
2025-10-31 07:58:03,778 - music_tracker - INFO - No recent songs found from Spotify
2025-10-31 07:58:03,780 - music_tracker - INFO - No new songs found from Spotify API
2025-10-31 07:58:03,780 - music_tracker - INFO - Song collection completed successfully
2025-10-31 08:58:02,739 - music_tracker - INFO - SpotiSpy song collection starting...
2025-10-31 08:58:02,740 - music_tracker - INFO - Starting song collection (last 1 hours)
2025-10-31 08:58:02,740 - music_tracker - INFO - Fetching recent tracks from Spotify...
2025-10-31 08:58:03,113 - music_tracker - INFO - No recent songs found from Spotify
2025-10-31 08:58:03,115 - music_tracker - INFO - No new songs found from Spotify API
2025-10-31 08:58:03,115 - music_tracker - INFO - Song collection completed successfully
2025-10-31 09:00:12,682 - music_tracker - INFO - SpotiSpy starting...
2025-10-31 09:00:12,683 - music_tracker - INFO - Starting daily SpotiSpy analysis
2025-10-31 09:00:12,688 - music_tracker - INFO - Fetching yesterday's listening data...
2025-10-31 09:00:14,408 - music_tracker - INFO - Fetched 119 songs from database
2025-10-31 09:00:14,411 - music_tracker - INFO - Found 119 songs to analyze
2025-10-31 09:00:14,411 - music_tracker - INFO - Running analysis...
2025-10-31 09:00:14,426 - music_tracker - INFO - Sending daily summary to Slack...
2025-10-31 09:00:15,325 - music_tracker - INFO - Message sent successfully to Slack
2025-10-31 09:00:15,326 - music_tracker - INFO - Daily analysis completed successfully!
2025-10-31 09:00:15,327 - music_tracker - INFO - SpotiSpy completed successfully
2025-10-31 09:58:04,530 - music_tracker - INFO - SpotiSpy song collection starting...
2025-10-31 09:58:04,531 - music_tracker - INFO - Starting song collection (last 1 hours)
2025-10-31 09:58:04,532 - music_tracker - INFO - Fetching recent tracks from Spotify...
2025-10-31 09:58:04,948 - music_tracker - INFO - No recent songs found from Spotify
2025-10-31 09:58:04,951 - music_tracker - INFO - No new songs found from Spotify API
2025-10-31 09:58:04,951 - music_tracker - INFO - Song collection completed successfully
2025-10-31 10:58:02,919 - music_tracker - INFO - SpotiSpy song collection starting...
2025-10-31 10:58:02,920 - music_tracker - INFO - Starting song collection (last 1 hours)
2025-10-31 10:58:02,921 - music_tracker - INFO - Fetching recent tracks from Spotify...
2025-10-31 10:58:03,377 - music_tracker - INFO - Fetched 2 songs from Spotify
2025-10-31 10:58:03,380 - music_tracker - INFO - Found 2 songs from Spotify API
2025-10-31 10:58:03,381 - music_tracker - INFO - Checking for duplicates in database...
2025-10-31 10:58:04,752 - music_tracker - INFO - Found 2 new songs out of 2 total
2025-10-31 10:58:04,755 - music_tracker - INFO - Found 2 new songs to save
2025-10-31 10:58:04,756 - music_tracker - INFO - Saving songs to database...
2025-10-31 10:58:05,208 - music_tracker - INFO - Successfully saved 2 songs to database
2025-10-31 10:58:05,210 - music_tracker - INFO - Successfully saved 2 songs to database
2025-10-31 10:58:05,211 - music_tracker - INFO - Song collection completed successfully
2025-10-31 11:58:03,155 - music_tracker - INFO - SpotiSpy song collection starting...
2025-10-31 11:58:03,156 - music_tracker - INFO - Starting song collection (last 1 hours)
2025-10-31 11:58:03,157 - music_tracker - INFO - Fetching recent tracks from Spotify...
2025-10-31 11:58:03,932 - music_tracker - INFO - Fetched 23 songs from Spotify
2025-10-31 11:58:03,937 - music_tracker - INFO - Found 23 songs from Spotify API
2025-10-31 11:58:03,938 - music_tracker - INFO - Checking for duplicates in database...
2025-10-31 11:58:05,306 - music_tracker - INFO - Found 23 new songs out of 23 total
2025-10-31 11:58:05,308 - music_tracker - INFO - Found 23 new songs to save
2025-10-31 11:58:05,309 - music_tracker - INFO - Saving songs to database...
2025-10-31 11:58:05,792 - music_tracker - INFO - Successfully saved 23 songs to database
2025-10-31 11:58:05,794 - music_tracker - INFO - Successfully saved 23 songs to database
2025-10-31 11:58:05,795 - music_tracker - INFO - Song collection completed successfully
2025-10-31 12:58:02,719 - music_tracker - INFO - SpotiSpy song collection starting...
2025-10-31 12:58:02,720 - music_tracker - INFO - Starting song collection (last 1 hours)
2025-10-31 12:58:02,721 - music_tracker - INFO - Fetching recent tracks from Spotify...
2025-10-31 12:58:03,213 - music_tracker - INFO - Fetched 11 songs from Spotify
2025-10-31 12:58:03,215 - music_tracker - INFO - Found 11 songs from Spotify API
2025-10-31 12:58:03,216 - music_tracker - INFO - Checking for duplicates in database...
2025-10-31 12:58:04,560 - music_tracker - INFO - Found 11 new songs out of 11 total
2025-10-31 12:58:04,562 - music_tracker - INFO - Found 11 new songs to save
2025-10-31 12:58:04,563 - music_tracker - INFO - Saving songs to database...
2025-10-31 12:58:04,987 - music_tracker - INFO - Successfully saved 11 songs to database
2025-10-31 12:58:04,989 - music_tracker - INFO - Successfully saved 11 songs to database
2025-10-31 12:58:04,990 - music_tracker - INFO - Song collection completed successfully
2025-10-31 13:58:02,919 - music_tracker - INFO - SpotiSpy song collection starting...
2025-10-31 13:58:02,920 - music_tracker - INFO - Starting song collection (last 1 hours)
2025-10-31 13:58:02,921 - music_tracker - INFO - Fetching recent tracks from Spotify...
2025-10-31 13:58:03,520 - music_tracker - INFO - Fetched 15 songs from Spotify
2025-10-31 13:58:03,523 - music_tracker - INFO - Found 15 songs from Spotify API
2025-10-31 13:58:03,523 - music_tracker - INFO - Checking for duplicates in database...
2025-10-31 13:58:05,034 - music_tracker - INFO - Found 15 new songs out of 15 total
2025-10-31 13:58:05,036 - music_tracker - INFO - Found 15 new songs to save
2025-10-31 13:58:05,037 - music_tracker - INFO - Saving songs to database...
2025-10-31 13:58:05,412 - music_tracker - INFO - Successfully saved 15 songs to database
2025-10-31 13:58:05,414 - music_tracker - INFO - Successfully saved 15 songs to database
2025-10-31 13:58:05,415 - music_tracker - INFO - Song collection completed successfully
2025-10-31 14:58:03,362 - music_tracker - INFO - SpotiSpy song collection starting...
2025-10-31 14:58:03,362 - music_tracker - INFO - Starting song collection (last 1 hours)
2025-10-31 14:58:03,363 - music_tracker - INFO - Fetching recent tracks from Spotify...
2025-10-31 14:58:03,923 - music_tracker - INFO - No recent songs found from Spotify
2025-10-31 14:58:03,926 - music_tracker - INFO - No new songs found from Spotify API
2025-10-31 14:58:03,926 - music_tracker - INFO - Song collection completed successfully
2025-10-31 15:58:02,842 - music_tracker - INFO - SpotiSpy song collection starting...
2025-10-31 15:58:02,843 - music_tracker - INFO - Starting song collection (last 1 hours)
2025-10-31 15:58:02,844 - music_tracker - INFO - Fetching recent tracks from Spotify...
2025-10-31 15:58:03,228 - music_tracker - INFO - No recent songs found from Spotify
2025-10-31 15:58:03,230 - music_tracker - INFO - No new songs found from Spotify API
2025-10-31 15:58:03,230 - music_tracker - INFO - Song collection completed successfully
2025-10-31 16:58:03,163 - music_tracker - INFO - SpotiSpy song collection starting...
2025-10-31 16:58:03,164 - music_tracker - INFO - Starting song collection (last 1 hours)
2025-10-31 16:58:03,164 - music_tracker - INFO - Fetching recent tracks from Spotify...
2025-10-31 16:58:03,771 - music_tracker - INFO - Fetched 15 songs from Spotify
2025-10-31 16:58:03,775 - music_tracker - INFO - Found 15 songs from Spotify API
2025-10-31 16:58:03,776 - music_tracker - INFO - Checking for duplicates in database...
2025-10-31 16:58:05,368 - music_tracker - INFO - Found 15 new songs out of 15 total
2025-10-31 16:58:05,371 - music_tracker - INFO - Found 15 new songs to save
2025-10-31 16:58:05,371 - music_tracker - INFO - Saving songs to database...
2025-10-31 16:58:05,688 - music_tracker - INFO - Successfully saved 15 songs to database
2025-10-31 16:58:05,690 - music_tracker - INFO - Successfully saved 15 songs to database
2025-10-31 16:58:05,691 - music_tracker - INFO - Song collection completed successfully
2025-10-31 17:58:02,613 - music_tracker - INFO - SpotiSpy song collection starting...
2025-10-31 17:58:02,613 - music_tracker - INFO - Starting song collection (last 1 hours)
2025-10-31 17:58:02,614 - music_tracker - INFO - Fetching recent tracks from Spotify...
2025-10-31 17:58:03,167 - music_tracker - INFO - Fetched 13 songs from Spotify
2025-10-31 17:58:03,170 - music_tracker - INFO - Found 13 songs from Spotify API
2025-10-31 17:58:03,171 - music_tracker - INFO - Checking for duplicates in database...
2025-10-31 17:58:04,727 - music_tracker - INFO - Found 13 new songs out of 13 total
2025-10-31 17:58:04,730 - music_tracker - INFO - Found 13 new songs to save
2025-10-31 17:58:04,731 - music_tracker - INFO - Saving songs to database...
2025-10-31 17:58:05,157 - music_tracker - INFO - Successfully saved 13 songs to database
2025-10-31 17:58:05,159 - music_tracker - INFO - Successfully saved 13 songs to database
2025-10-31 17:58:05,160 - music_tracker - INFO - Song collection completed successfully
2025-10-31 18:58:03,071 - music_tracker - INFO - SpotiSpy song collection starting...
2025-10-31 18:58:03,071 - music_tracker - INFO - Starting song collection (last 1 hours)
2025-10-31 18:58:03,072 - music_tracker - INFO - Fetching recent tracks from Spotify...
2025-10-31 18:58:03,602 - music_tracker - INFO - Fetched 7 songs from Spotify
2025-10-31 18:58:03,604 - music_tracker - INFO - Found 7 songs from Spotify API
2025-10-31 18:58:03,605 - music_tracker - INFO - Checking for duplicates in database...
2025-10-31 18:58:04,908 - music_tracker - INFO - Found 7 new songs out of 7 total
2025-10-31 18:58:04,911 - music_tracker - INFO - Found 7 new songs to save
2025-10-31 18:58:04,911 - music_tracker - INFO - Saving songs to database...
2025-10-31 18:58:05,320 - music_tracker - INFO - Successfully saved 7 songs to database
2025-10-31 18:58:05,322 - music_tracker - INFO - Successfully saved 7 songs to database
2025-10-31 18:58:05,323 - music_tracker - INFO - Song collection completed successfully
2025-10-31 19:58:03,244 - music_tracker - INFO - SpotiSpy song collection starting...
2025-10-31 19:58:03,245 - music_tracker - INFO - Starting song collection (last 1 hours)
2025-10-31 19:58:03,245 - music_tracker - INFO - Fetching recent tracks from Spotify...
2025-10-31 19:58:04,707 - music_tracker - INFO - No recent songs found from Spotify
2025-10-31 19:58:04,709 - music_tracker - INFO - No new songs found from Spotify API
2025-10-31 19:58:04,710 - music_tracker - INFO - Song collection completed successfully
2025-10-31 20:58:02,617 - music_tracker - INFO - SpotiSpy song collection starting...
2025-10-31 20:58:02,618 - music_tracker - INFO - Starting song collection (last 1 hours)
2025-10-31 20:58:02,618 - music_tracker - INFO - Fetching recent tracks from Spotify...
2025-10-31 20:58:02,989 - music_tracker - INFO - No recent songs found from Spotify
2025-10-31 20:58:02,991 - music_tracker - INFO - No new songs found from Spotify API
2025-10-31 20:58:02,992 - music_tracker - INFO - Song collection completed successfully
2025-10-31 21:58:03,350 - music_tracker - INFO - SpotiSpy song collection starting...
2025-10-31 21:58:03,350 - music_tracker - INFO - Starting song collection (last 1 hours)
2025-10-31 21:58:03,351 - music_tracker - INFO - Fetching recent tracks from Spotify...
2025-10-31 21:58:03,759 - music_tracker - INFO - No recent songs found from Spotify
2025-10-31 21:58:03,761 - music_tracker - INFO - No new songs found from Spotify API
2025-10-31 21:58:03,761 - music_tracker - INFO - Song collection completed successfully
2025-10-31 22:58:03,008 - music_tracker - INFO - SpotiSpy song collection starting...
2025-10-31 22:58:03,010 - music_tracker - INFO - Starting song collection (last 1 hours)
2025-10-31 22:58:03,010 - music_tracker - INFO - Fetching recent tracks from Spotify...
2025-10-31 22:58:03,452 - music_tracker - INFO - Fetched 6 songs from Spotify
2025-10-31 22:58:03,455 - music_tracker - INFO - Found 6 songs from Spotify API
2025-10-31 22:58:03,456 - music_tracker - INFO - Checking for duplicates in database...
2025-10-31 22:58:04,837 - music_tracker - INFO - Found 6 new songs out of 6 total
2025-10-31 22:58:04,839 - music_tracker - INFO - Found 6 new songs to save
2025-10-31 22:58:04,840 - music_tracker - INFO - Saving songs to database...
2025-10-31 22:58:05,260 - music_tracker - INFO - Successfully saved 6 songs to database
2025-10-31 22:58:05,262 - music_tracker - INFO - Successfully saved 6 songs to database
2025-10-31 22:58:05,263 - music_tracker - INFO - Song collection completed successfully
2025-10-31 23:58:03,170 - music_tracker - INFO - SpotiSpy song collection starting...
2025-10-31 23:58:03,171 - music_tracker - INFO - Starting song collection (last 1 hours)
2025-10-31 23:58:03,171 - music_tracker - INFO - Fetching recent tracks from Spotify...
2025-10-31 23:58:03,542 - music_tracker - INFO - No recent songs found from Spotify
2025-10-31 23:58:03,544 - music_tracker - INFO - No new songs found from Spotify API
2025-10-31 23:58:03,544 - music_tracker - INFO - Song collection completed successfully
