2025-08-23 00:58:02,972 - music_tracker - INFO - SpotiSpy song collection starting...
2025-08-23 00:58:02,973 - music_tracker - INFO - Starting song collection (last 1 hours)
2025-08-23 00:58:02,974 - music_tracker - INFO - Fetching recent tracks from Spotify...
2025-08-23 00:58:03,366 - music_tracker - INFO - No recent songs found from Spotify
2025-08-23 00:58:03,368 - music_tracker - INFO - No new songs found from Spotify API
2025-08-23 00:58:03,369 - music_tracker - INFO - Song collection completed successfully
2025-08-23 01:58:03,277 - music_tracker - INFO - SpotiSpy song collection starting...
2025-08-23 01:58:03,278 - music_tracker - INFO - Starting song collection (last 1 hours)
2025-08-23 01:58:03,279 - music_tracker - INFO - Fetching recent tracks from Spotify...
2025-08-23 01:58:03,649 - music_tracker - INFO - No recent songs found from Spotify
2025-08-23 01:58:03,651 - music_tracker - INFO - No new songs found from Spotify API
2025-08-23 01:58:03,651 - music_tracker - INFO - Song collection completed successfully
2025-08-23 02:58:03,593 - music_tracker - INFO - SpotiSpy song collection starting...
2025-08-23 02:58:03,594 - music_tracker - INFO - Starting song collection (last 1 hours)
2025-08-23 02:58:03,595 - music_tracker - INFO - Fetching recent tracks from Spotify...
2025-08-23 02:58:03,935 - music_tracker - INFO - No recent songs found from Spotify
2025-08-23 02:58:03,937 - music_tracker - INFO - No new songs found from Spotify API
2025-08-23 02:58:03,937 - music_tracker - INFO - Song collection completed successfully
2025-08-23 03:58:02,918 - music_tracker - INFO - SpotiSpy song collection starting...
2025-08-23 03:58:02,919 - music_tracker - INFO - Starting song collection (last 1 hours)
2025-08-23 03:58:02,920 - music_tracker - INFO - Fetching recent tracks from Spotify...
2025-08-23 03:58:03,273 - music_tracker - INFO - No recent songs found from Spotify
2025-08-23 03:58:03,275 - music_tracker - INFO - No new songs found from Spotify API
2025-08-23 03:58:03,276 - music_tracker - INFO - Song collection completed successfully
2025-08-23 04:58:03,169 - music_tracker - INFO - SpotiSpy song collection starting...
2025-08-23 04:58:03,170 - music_tracker - INFO - Starting song collection (last 1 hours)
2025-08-23 04:58:03,171 - music_tracker - INFO - Fetching recent tracks from Spotify...
2025-08-23 04:58:03,510 - music_tracker - INFO - No recent songs found from Spotify
2025-08-23 04:58:03,513 - music_tracker - INFO - No new songs found from Spotify API
2025-08-23 04:58:03,513 - music_tracker - INFO - Song collection completed successfully
2025-08-23 05:58:03,417 - music_tracker - INFO - SpotiSpy song collection starting...
2025-08-23 05:58:03,418 - music_tracker - INFO - Starting song collection (last 1 hours)
2025-08-23 05:58:03,419 - music_tracker - INFO - Fetching recent tracks from Spotify...
2025-08-23 05:58:03,763 - music_tracker - INFO - No recent songs found from Spotify
2025-08-23 05:58:03,765 - music_tracker - INFO - No new songs found from Spotify API
2025-08-23 05:58:03,766 - music_tracker - INFO - Song collection completed successfully
2025-08-23 06:58:02,779 - music_tracker - INFO - SpotiSpy song collection starting...
2025-08-23 06:58:02,780 - music_tracker - INFO - Starting song collection (last 1 hours)
2025-08-23 06:58:02,780 - music_tracker - INFO - Fetching recent tracks from Spotify...
2025-08-23 06:58:03,134 - music_tracker - INFO - No recent songs found from Spotify
2025-08-23 06:58:03,136 - music_tracker - INFO - No new songs found from Spotify API
2025-08-23 06:58:03,136 - music_tracker - INFO - Song collection completed successfully
2025-08-23 07:58:03,046 - music_tracker - INFO - SpotiSpy song collection starting...
2025-08-23 07:58:03,046 - music_tracker - INFO - Starting song collection (last 1 hours)
2025-08-23 07:58:03,047 - music_tracker - INFO - Fetching recent tracks from Spotify...
2025-08-23 07:58:03,394 - music_tracker - INFO - No recent songs found from Spotify
2025-08-23 07:58:03,396 - music_tracker - INFO - No new songs found from Spotify API
2025-08-23 07:58:03,397 - music_tracker - INFO - Song collection completed successfully
2025-08-23 08:58:03,290 - music_tracker - INFO - SpotiSpy song collection starting...
2025-08-23 08:58:03,291 - music_tracker - INFO - Starting song collection (last 1 hours)
2025-08-23 08:58:03,291 - music_tracker - INFO - Fetching recent tracks from Spotify...
2025-08-23 08:58:03,687 - music_tracker - INFO - Fetched 3 songs from Spotify
2025-08-23 08:58:03,689 - music_tracker - INFO - Found 3 songs from Spotify API
2025-08-23 08:58:03,690 - music_tracker - INFO - Checking for duplicates in database...
2025-08-23 08:58:05,041 - music_tracker - INFO - Found 3 new songs out of 3 total
2025-08-23 08:58:05,043 - music_tracker - INFO - Found 3 new songs to save
2025-08-23 08:58:05,044 - music_tracker - INFO - Saving songs to database...
2025-08-23 08:58:05,497 - music_tracker - INFO - Successfully saved 3 songs to database
2025-08-23 08:58:05,499 - music_tracker - INFO - Successfully saved 3 songs to database
2025-08-23 08:58:05,500 - music_tracker - INFO - Song collection completed successfully
2025-08-23 09:00:12,974 - music_tracker - INFO - SpotiSpy starting...
2025-08-23 09:00:12,975 - music_tracker - INFO - Starting daily SpotiSpy analysis
2025-08-23 09:00:12,975 - music_tracker - INFO - Fetching yesterday's listening data...
2025-08-23 09:00:13,471 - music_tracker - INFO - Fetched 133 songs from database
2025-08-23 09:00:13,473 - music_tracker - INFO - Found 133 songs to analyze
2025-08-23 09:00:13,474 - music_tracker - INFO - Running analysis...
2025-08-23 09:00:13,488 - music_tracker - INFO - Sending daily summary to Slack...
2025-08-23 09:00:14,538 - music_tracker - INFO - Message sent successfully to Slack
2025-08-23 09:00:14,539 - music_tracker - INFO - Daily analysis completed successfully!
2025-08-23 09:00:14,540 - music_tracker - INFO - SpotiSpy completed successfully
2025-08-23 09:58:03,428 - music_tracker - INFO - SpotiSpy song collection starting...
2025-08-23 09:58:03,429 - music_tracker - INFO - Starting song collection (last 1 hours)
2025-08-23 09:58:03,429 - music_tracker - INFO - Fetching recent tracks from Spotify...
2025-08-23 09:58:03,909 - music_tracker - INFO - Fetched 16 songs from Spotify
2025-08-23 09:58:03,912 - music_tracker - INFO - Found 16 songs from Spotify API
2025-08-23 09:58:03,913 - music_tracker - INFO - Checking for duplicates in database...
2025-08-23 09:58:05,055 - music_tracker - INFO - Found 16 new songs out of 16 total
2025-08-23 09:58:05,057 - music_tracker - INFO - Found 16 new songs to save
2025-08-23 09:58:05,058 - music_tracker - INFO - Saving songs to database...
2025-08-23 09:58:05,443 - music_tracker - INFO - Successfully saved 16 songs to database
2025-08-23 09:58:05,446 - music_tracker - INFO - Successfully saved 16 songs to database
2025-08-23 09:58:05,446 - music_tracker - INFO - Song collection completed successfully
2025-08-23 10:58:03,406 - music_tracker - INFO - SpotiSpy song collection starting...
2025-08-23 10:58:03,407 - music_tracker - INFO - Starting song collection (last 1 hours)
2025-08-23 10:58:03,407 - music_tracker - INFO - Fetching recent tracks from Spotify...
2025-08-23 10:58:03,852 - music_tracker - INFO - Fetched 15 songs from Spotify
2025-08-23 10:58:03,855 - music_tracker - INFO - Found 15 songs from Spotify API
2025-08-23 10:58:03,855 - music_tracker - INFO - Checking for duplicates in database...
2025-08-23 10:58:05,202 - music_tracker - INFO - Found 15 new songs out of 15 total
2025-08-23 10:58:05,204 - music_tracker - INFO - Found 15 new songs to save
2025-08-23 10:58:05,205 - music_tracker - INFO - Saving songs to database...
2025-08-23 10:58:05,624 - music_tracker - INFO - Successfully saved 15 songs to database
2025-08-23 10:58:05,626 - music_tracker - INFO - Successfully saved 15 songs to database
2025-08-23 10:58:05,627 - music_tracker - INFO - Song collection completed successfully
2025-08-23 11:58:03,552 - music_tracker - INFO - SpotiSpy song collection starting...
2025-08-23 11:58:03,553 - music_tracker - INFO - Starting song collection (last 1 hours)
2025-08-23 11:58:03,553 - music_tracker - INFO - Fetching recent tracks from Spotify...
2025-08-23 11:58:04,123 - music_tracker - INFO - Fetched 12 songs from Spotify
2025-08-23 11:58:04,126 - music_tracker - INFO - Found 12 songs from Spotify API
2025-08-23 11:58:04,127 - music_tracker - INFO - Checking for duplicates in database...
2025-08-23 11:58:05,466 - music_tracker - INFO - Found 12 new songs out of 12 total
2025-08-23 11:58:05,468 - music_tracker - INFO - Found 12 new songs to save
2025-08-23 11:58:05,469 - music_tracker - INFO - Saving songs to database...
2025-08-23 11:58:05,807 - music_tracker - INFO - Successfully saved 12 songs to database
2025-08-23 11:58:05,809 - music_tracker - INFO - Successfully saved 12 songs to database
2025-08-23 11:58:05,810 - music_tracker - INFO - Song collection completed successfully
2025-08-23 12:58:02,727 - music_tracker - INFO - SpotiSpy song collection starting...
2025-08-23 12:58:02,727 - music_tracker - INFO - Starting song collection (last 1 hours)
2025-08-23 12:58:02,728 - music_tracker - INFO - Fetching recent tracks from Spotify...
2025-08-23 12:58:03,206 - music_tracker - INFO - Fetched 17 songs from Spotify
2025-08-23 12:58:03,209 - music_tracker - INFO - Found 17 songs from Spotify API
2025-08-23 12:58:03,210 - music_tracker - INFO - Checking for duplicates in database...
2025-08-23 12:58:04,506 - music_tracker - INFO - Found 17 new songs out of 17 total
2025-08-23 12:58:04,508 - music_tracker - INFO - Found 17 new songs to save
2025-08-23 12:58:04,509 - music_tracker - INFO - Saving songs to database...
2025-08-23 12:58:04,877 - music_tracker - INFO - Successfully saved 17 songs to database
2025-08-23 12:58:04,879 - music_tracker - INFO - Successfully saved 17 songs to database
2025-08-23 12:58:04,880 - music_tracker - INFO - Song collection completed successfully
2025-08-23 13:58:02,817 - music_tracker - INFO - SpotiSpy song collection starting...
2025-08-23 13:58:02,818 - music_tracker - INFO - Starting song collection (last 1 hours)
2025-08-23 13:58:02,818 - music_tracker - INFO - Fetching recent tracks from Spotify...
2025-08-23 13:58:03,345 - music_tracker - INFO - Fetched 18 songs from Spotify
2025-08-23 13:58:03,348 - music_tracker - INFO - Found 18 songs from Spotify API
2025-08-23 13:58:03,348 - music_tracker - INFO - Checking for duplicates in database...
2025-08-23 13:58:04,719 - music_tracker - INFO - Found 18 new songs out of 18 total
2025-08-23 13:58:04,721 - music_tracker - INFO - Found 18 new songs to save
2025-08-23 13:58:04,722 - music_tracker - INFO - Saving songs to database...
2025-08-23 13:58:05,114 - music_tracker - INFO - Successfully saved 18 songs to database
2025-08-23 13:58:05,116 - music_tracker - INFO - Successfully saved 18 songs to database
2025-08-23 13:58:05,117 - music_tracker - INFO - Song collection completed successfully
2025-08-23 14:58:04,185 - music_tracker - INFO - SpotiSpy song collection starting...
2025-08-23 14:58:04,186 - music_tracker - INFO - Starting song collection (last 1 hours)
2025-08-23 14:58:04,187 - music_tracker - INFO - Fetching recent tracks from Spotify...
2025-08-23 14:58:04,712 - music_tracker - INFO - Fetched 11 songs from Spotify
2025-08-23 14:58:04,714 - music_tracker - INFO - Found 11 songs from Spotify API
2025-08-23 14:58:04,715 - music_tracker - INFO - Checking for duplicates in database...
2025-08-23 14:58:05,669 - music_tracker - INFO - Found 11 new songs out of 11 total
2025-08-23 14:58:05,671 - music_tracker - INFO - Found 11 new songs to save
2025-08-23 14:58:05,672 - music_tracker - INFO - Saving songs to database...
2025-08-23 14:58:06,083 - music_tracker - INFO - Successfully saved 11 songs to database
2025-08-23 14:58:06,085 - music_tracker - INFO - Successfully saved 11 songs to database
2025-08-23 14:58:06,086 - music_tracker - INFO - Song collection completed successfully
2025-08-23 15:58:03,076 - music_tracker - INFO - SpotiSpy song collection starting...
2025-08-23 15:58:03,076 - music_tracker - INFO - Starting song collection (last 1 hours)
2025-08-23 15:58:03,077 - music_tracker - INFO - Fetching recent tracks from Spotify...
2025-08-23 15:58:03,538 - music_tracker - INFO - Fetched 10 songs from Spotify
2025-08-23 15:58:03,541 - music_tracker - INFO - Found 10 songs from Spotify API
2025-08-23 15:58:03,542 - music_tracker - INFO - Checking for duplicates in database...
2025-08-23 15:58:04,806 - music_tracker - INFO - Found 9 new songs out of 10 total
2025-08-23 15:58:04,809 - music_tracker - INFO - Found 9 new songs to save
2025-08-23 15:58:04,809 - music_tracker - INFO - Saving songs to database...
2025-08-23 15:58:05,197 - music_tracker - INFO - Successfully saved 9 songs to database
2025-08-23 15:58:05,199 - music_tracker - INFO - Successfully saved 9 songs to database
2025-08-23 15:58:05,200 - music_tracker - INFO - Song collection completed successfully
2025-08-23 16:58:03,126 - music_tracker - INFO - SpotiSpy song collection starting...
2025-08-23 16:58:03,127 - music_tracker - INFO - Starting song collection (last 1 hours)
2025-08-23 16:58:03,128 - music_tracker - INFO - Fetching recent tracks from Spotify...
2025-08-23 16:58:03,556 - music_tracker - INFO - Fetched 1 songs from Spotify
2025-08-23 16:58:03,558 - music_tracker - INFO - Found 1 songs from Spotify API
2025-08-23 16:58:03,559 - music_tracker - INFO - Checking for duplicates in database...
2025-08-23 16:58:04,784 - music_tracker - INFO - Found 1 new songs out of 1 total
2025-08-23 16:58:04,786 - music_tracker - INFO - Found 1 new songs to save
2025-08-23 16:58:04,787 - music_tracker - INFO - Saving songs to database...
2025-08-23 16:58:05,115 - music_tracker - INFO - Successfully saved 1 songs to database
2025-08-23 16:58:05,116 - music_tracker - INFO - Successfully saved 1 songs to database
2025-08-23 16:58:05,117 - music_tracker - INFO - Song collection completed successfully
2025-08-23 17:58:03,022 - music_tracker - INFO - SpotiSpy song collection starting...
2025-08-23 17:58:03,022 - music_tracker - INFO - Starting song collection (last 1 hours)
2025-08-23 17:58:03,023 - music_tracker - INFO - Fetching recent tracks from Spotify...
2025-08-23 17:58:03,421 - music_tracker - INFO - No recent songs found from Spotify
2025-08-23 17:58:03,423 - music_tracker - INFO - No new songs found from Spotify API
2025-08-23 17:58:03,424 - music_tracker - INFO - Song collection completed successfully
2025-08-23 18:58:03,337 - music_tracker - INFO - SpotiSpy song collection starting...
2025-08-23 18:58:03,337 - music_tracker - INFO - Starting song collection (last 1 hours)
2025-08-23 18:58:03,338 - music_tracker - INFO - Fetching recent tracks from Spotify...
2025-08-23 18:58:03,734 - music_tracker - INFO - No recent songs found from Spotify
2025-08-23 18:58:03,736 - music_tracker - INFO - No new songs found from Spotify API
2025-08-23 18:58:03,737 - music_tracker - INFO - Song collection completed successfully
2025-08-23 19:58:02,623 - music_tracker - INFO - SpotiSpy song collection starting...
2025-08-23 19:58:02,623 - music_tracker - INFO - Starting song collection (last 1 hours)
2025-08-23 19:58:02,624 - music_tracker - INFO - Fetching recent tracks from Spotify...
2025-08-23 19:58:03,035 - music_tracker - INFO - Fetched 3 songs from Spotify
2025-08-23 19:58:03,037 - music_tracker - INFO - Found 3 songs from Spotify API
2025-08-23 19:58:03,038 - music_tracker - INFO - Checking for duplicates in database...
2025-08-23 19:58:04,219 - music_tracker - INFO - Found 3 new songs out of 3 total
2025-08-23 19:58:04,221 - music_tracker - INFO - Found 3 new songs to save
2025-08-23 19:58:04,222 - music_tracker - INFO - Saving songs to database...
2025-08-23 19:58:04,590 - music_tracker - INFO - Successfully saved 3 songs to database
2025-08-23 19:58:04,592 - music_tracker - INFO - Successfully saved 3 songs to database
2025-08-23 19:58:04,592 - music_tracker - INFO - Song collection completed successfully
2025-08-23 20:58:03,510 - music_tracker - INFO - SpotiSpy song collection starting...
2025-08-23 20:58:03,511 - music_tracker - INFO - Starting song collection (last 1 hours)
2025-08-23 20:58:03,512 - music_tracker - INFO - Fetching recent tracks from Spotify...
2025-08-23 20:58:03,958 - music_tracker - INFO - Fetched 3 songs from Spotify
2025-08-23 20:58:03,960 - music_tracker - INFO - Found 3 songs from Spotify API
2025-08-23 20:58:03,960 - music_tracker - INFO - Checking for duplicates in database...
2025-08-23 20:58:05,225 - music_tracker - INFO - Found 3 new songs out of 3 total
2025-08-23 20:58:05,228 - music_tracker - INFO - Found 3 new songs to save
2025-08-23 20:58:05,228 - music_tracker - INFO - Saving songs to database...
2025-08-23 20:58:05,670 - music_tracker - INFO - Successfully saved 3 songs to database
2025-08-23 20:58:05,672 - music_tracker - INFO - Successfully saved 3 songs to database
2025-08-23 20:58:05,673 - music_tracker - INFO - Song collection completed successfully
2025-08-23 21:58:03,590 - music_tracker - INFO - SpotiSpy song collection starting...
2025-08-23 21:58:03,590 - music_tracker - INFO - Starting song collection (last 1 hours)
2025-08-23 21:58:03,591 - music_tracker - INFO - Fetching recent tracks from Spotify...
2025-08-23 21:58:04,006 - music_tracker - INFO - Fetched 6 songs from Spotify
2025-08-23 21:58:04,009 - music_tracker - INFO - Found 6 songs from Spotify API
2025-08-23 21:58:04,010 - music_tracker - INFO - Checking for duplicates in database...
2025-08-23 21:58:04,814 - music_tracker - INFO - Found 6 new songs out of 6 total
2025-08-23 21:58:04,816 - music_tracker - INFO - Found 6 new songs to save
2025-08-23 21:58:04,817 - music_tracker - INFO - Saving songs to database...
2025-08-23 21:58:05,148 - music_tracker - INFO - Successfully saved 6 songs to database
2025-08-23 21:58:05,150 - music_tracker - INFO - Successfully saved 6 songs to database
2025-08-23 21:58:05,151 - music_tracker - INFO - Song collection completed successfully
2025-08-23 22:58:03,063 - music_tracker - INFO - SpotiSpy song collection starting...
2025-08-23 22:58:03,063 - music_tracker - INFO - Starting song collection (last 1 hours)
2025-08-23 22:58:03,064 - music_tracker - INFO - Fetching recent tracks from Spotify...
2025-08-23 22:58:03,524 - music_tracker - INFO - Fetched 11 songs from Spotify
2025-08-23 22:58:03,527 - music_tracker - INFO - Found 11 songs from Spotify API
2025-08-23 22:58:03,528 - music_tracker - INFO - Checking for duplicates in database...
2025-08-23 22:58:04,738 - music_tracker - INFO - Found 11 new songs out of 11 total
2025-08-23 22:58:04,740 - music_tracker - INFO - Found 11 new songs to save
2025-08-23 22:58:04,741 - music_tracker - INFO - Saving songs to database...
2025-08-23 22:58:05,104 - music_tracker - INFO - Successfully saved 11 songs to database
2025-08-23 22:58:05,106 - music_tracker - INFO - Successfully saved 11 songs to database
2025-08-23 22:58:05,107 - music_tracker - INFO - Song collection completed successfully
2025-08-23 23:58:03,023 - music_tracker - INFO - SpotiSpy song collection starting...
2025-08-23 23:58:03,024 - music_tracker - INFO - Starting song collection (last 1 hours)
2025-08-23 23:58:03,025 - music_tracker - INFO - Fetching recent tracks from Spotify...
2025-08-23 23:58:03,535 - music_tracker - INFO - Fetched 11 songs from Spotify
2025-08-23 23:58:03,537 - music_tracker - INFO - Found 11 songs from Spotify API
2025-08-23 23:58:03,538 - music_tracker - INFO - Checking for duplicates in database...
2025-08-23 23:58:04,565 - music_tracker - INFO - Found 11 new songs out of 11 total
2025-08-23 23:58:04,568 - music_tracker - INFO - Found 11 new songs to save
2025-08-23 23:58:04,568 - music_tracker - INFO - Saving songs to database...
2025-08-23 23:58:05,007 - music_tracker - INFO - Successfully saved 11 songs to database
2025-08-23 23:58:05,009 - music_tracker - INFO - Successfully saved 11 songs to database
2025-08-23 23:58:05,010 - music_tracker - INFO - Song collection completed successfully
