2025-10-09 00:58:02,907 - music_tracker - INFO - SpotiSpy song collection starting...
2025-10-09 00:58:02,907 - music_tracker - INFO - Starting song collection (last 1 hours)
2025-10-09 00:58:02,908 - music_tracker - INFO - Fetching recent tracks from Spotify...
2025-10-09 00:58:03,260 - music_tracker - INFO - No recent songs found from Spotify
2025-10-09 00:58:03,262 - music_tracker - INFO - No new songs found from Spotify API
2025-10-09 00:58:03,263 - music_tracker - INFO - Song collection completed successfully
2025-10-09 01:58:03,190 - music_tracker - INFO - SpotiSpy song collection starting...
2025-10-09 01:58:03,190 - music_tracker - INFO - Starting song collection (last 1 hours)
2025-10-09 01:58:03,191 - music_tracker - INFO - Fetching recent tracks from Spotify...
2025-10-09 01:58:03,522 - music_tracker - INFO - No recent songs found from Spotify
2025-10-09 01:58:03,524 - music_tracker - INFO - No new songs found from Spotify API
2025-10-09 01:58:03,525 - music_tracker - INFO - Song collection completed successfully
2025-10-09 02:58:03,423 - music_tracker - INFO - SpotiSpy song collection starting...
2025-10-09 02:58:03,423 - music_tracker - INFO - Starting song collection (last 1 hours)
2025-10-09 02:58:03,424 - music_tracker - INFO - Fetching recent tracks from Spotify...
2025-10-09 02:58:03,798 - music_tracker - INFO - No recent songs found from Spotify
2025-10-09 02:58:03,800 - music_tracker - INFO - No new songs found from Spotify API
2025-10-09 02:58:03,801 - music_tracker - INFO - Song collection completed successfully
2025-10-09 03:58:03,227 - music_tracker - INFO - SpotiSpy song collection starting...
2025-10-09 03:58:03,228 - music_tracker - INFO - Starting song collection (last 1 hours)
2025-10-09 03:58:03,229 - music_tracker - INFO - Fetching recent tracks from Spotify...
2025-10-09 03:58:03,606 - music_tracker - INFO - No recent songs found from Spotify
2025-10-09 03:58:03,608 - music_tracker - INFO - No new songs found from Spotify API
2025-10-09 03:58:03,608 - music_tracker - INFO - Song collection completed successfully
2025-10-09 04:58:03,708 - music_tracker - INFO - SpotiSpy song collection starting...
2025-10-09 04:58:03,708 - music_tracker - INFO - Starting song collection (last 1 hours)
2025-10-09 04:58:03,709 - music_tracker - INFO - Fetching recent tracks from Spotify...
2025-10-09 04:58:04,058 - music_tracker - INFO - No recent songs found from Spotify
2025-10-09 04:58:04,060 - music_tracker - INFO - No new songs found from Spotify API
2025-10-09 04:58:04,061 - music_tracker - INFO - Song collection completed successfully
2025-10-09 05:58:02,959 - music_tracker - INFO - SpotiSpy song collection starting...
2025-10-09 05:58:02,960 - music_tracker - INFO - Starting song collection (last 1 hours)
2025-10-09 05:58:02,960 - music_tracker - INFO - Fetching recent tracks from Spotify...
2025-10-09 05:58:03,309 - music_tracker - INFO - No recent songs found from Spotify
2025-10-09 05:58:03,311 - music_tracker - INFO - No new songs found from Spotify API
2025-10-09 05:58:03,312 - music_tracker - INFO - Song collection completed successfully
2025-10-09 06:58:03,258 - music_tracker - INFO - SpotiSpy song collection starting...
2025-10-09 06:58:03,259 - music_tracker - INFO - Starting song collection (last 1 hours)
2025-10-09 06:58:03,259 - music_tracker - INFO - Fetching recent tracks from Spotify...
2025-10-09 06:58:03,650 - music_tracker - INFO - No recent songs found from Spotify
2025-10-09 06:58:03,652 - music_tracker - INFO - No new songs found from Spotify API
2025-10-09 06:58:03,653 - music_tracker - INFO - Song collection completed successfully
2025-10-09 07:58:03,541 - music_tracker - INFO - SpotiSpy song collection starting...
2025-10-09 07:58:03,542 - music_tracker - INFO - Starting song collection (last 1 hours)
2025-10-09 07:58:03,542 - music_tracker - INFO - Fetching recent tracks from Spotify...
2025-10-09 07:58:03,944 - music_tracker - INFO - Fetched 4 songs from Spotify
2025-10-09 07:58:03,947 - music_tracker - INFO - Found 4 songs from Spotify API
2025-10-09 07:58:03,947 - music_tracker - INFO - Checking for duplicates in database...
2025-10-09 07:58:05,356 - music_tracker - INFO - Found 4 new songs out of 4 total
2025-10-09 07:58:05,359 - music_tracker - INFO - Found 4 new songs to save
2025-10-09 07:58:05,359 - music_tracker - INFO - Saving songs to database...
2025-10-09 07:58:05,704 - music_tracker - INFO - Successfully saved 4 songs to database
2025-10-09 07:58:05,706 - music_tracker - INFO - Successfully saved 4 songs to database
2025-10-09 07:58:05,707 - music_tracker - INFO - Song collection completed successfully
2025-10-09 08:58:02,655 - music_tracker - INFO - SpotiSpy song collection starting...
2025-10-09 08:58:02,655 - music_tracker - INFO - Starting song collection (last 1 hours)
2025-10-09 08:58:02,656 - music_tracker - INFO - Fetching recent tracks from Spotify...
2025-10-09 08:58:03,172 - music_tracker - INFO - Fetched 5 songs from Spotify
2025-10-09 08:58:03,174 - music_tracker - INFO - Found 5 songs from Spotify API
2025-10-09 08:58:03,175 - music_tracker - INFO - Checking for duplicates in database...
2025-10-09 08:58:04,499 - music_tracker - INFO - Found 5 new songs out of 5 total
2025-10-09 08:58:04,502 - music_tracker - INFO - Found 5 new songs to save
2025-10-09 08:58:04,502 - music_tracker - INFO - Saving songs to database...
2025-10-09 08:58:04,908 - music_tracker - INFO - Successfully saved 5 songs to database
2025-10-09 08:58:04,910 - music_tracker - INFO - Successfully saved 5 songs to database
2025-10-09 08:58:04,911 - music_tracker - INFO - Song collection completed successfully
2025-10-09 09:00:12,777 - music_tracker - INFO - SpotiSpy starting...
2025-10-09 09:00:12,777 - music_tracker - INFO - Starting daily SpotiSpy analysis
2025-10-09 09:00:12,778 - music_tracker - INFO - Fetching yesterday's listening data...
2025-10-09 09:00:13,188 - music_tracker - INFO - Fetched 116 songs from database
2025-10-09 09:00:13,190 - music_tracker - INFO - Found 116 songs to analyze
2025-10-09 09:00:13,190 - music_tracker - INFO - Running analysis...
2025-10-09 09:00:13,199 - music_tracker - INFO - Sending daily summary to Slack...
2025-10-09 09:00:14,057 - music_tracker - INFO - Message sent successfully to Slack
2025-10-09 09:00:14,057 - music_tracker - INFO - Daily analysis completed successfully!
2025-10-09 09:00:14,058 - music_tracker - INFO - SpotiSpy completed successfully
2025-10-09 09:58:04,233 - music_tracker - INFO - SpotiSpy song collection starting...
2025-10-09 09:58:04,241 - music_tracker - INFO - Starting song collection (last 1 hours)
2025-10-09 09:58:04,242 - music_tracker - INFO - Fetching recent tracks from Spotify...
2025-10-09 09:58:04,622 - music_tracker - INFO - No recent songs found from Spotify
2025-10-09 09:58:04,624 - music_tracker - INFO - No new songs found from Spotify API
2025-10-09 09:58:04,625 - music_tracker - INFO - Song collection completed successfully
2025-10-09 10:58:03,505 - music_tracker - INFO - SpotiSpy song collection starting...
2025-10-09 10:58:03,505 - music_tracker - INFO - Starting song collection (last 1 hours)
2025-10-09 10:58:03,506 - music_tracker - INFO - Fetching recent tracks from Spotify...
2025-10-09 10:58:03,868 - music_tracker - INFO - No recent songs found from Spotify
2025-10-09 10:58:03,870 - music_tracker - INFO - No new songs found from Spotify API
2025-10-09 10:58:03,871 - music_tracker - INFO - Song collection completed successfully
2025-10-09 11:58:02,736 - music_tracker - INFO - SpotiSpy song collection starting...
2025-10-09 11:58:02,737 - music_tracker - INFO - Starting song collection (last 1 hours)
2025-10-09 11:58:02,738 - music_tracker - INFO - Fetching recent tracks from Spotify...
2025-10-09 11:58:03,158 - music_tracker - INFO - Fetched 4 songs from Spotify
2025-10-09 11:58:03,161 - music_tracker - INFO - Found 4 songs from Spotify API
2025-10-09 11:58:03,162 - music_tracker - INFO - Checking for duplicates in database...
2025-10-09 11:58:04,615 - music_tracker - INFO - Found 4 new songs out of 4 total
2025-10-09 11:58:04,617 - music_tracker - INFO - Found 4 new songs to save
2025-10-09 11:58:04,617 - music_tracker - INFO - Saving songs to database...
2025-10-09 11:58:04,997 - music_tracker - INFO - Successfully saved 4 songs to database
2025-10-09 11:58:04,999 - music_tracker - INFO - Successfully saved 4 songs to database
2025-10-09 11:58:04,999 - music_tracker - INFO - Song collection completed successfully
2025-10-09 12:58:03,978 - music_tracker - INFO - SpotiSpy song collection starting...
2025-10-09 12:58:03,986 - music_tracker - INFO - Starting song collection (last 1 hours)
2025-10-09 12:58:03,987 - music_tracker - INFO - Fetching recent tracks from Spotify...
2025-10-09 12:58:04,625 - music_tracker - INFO - Fetched 8 songs from Spotify
2025-10-09 12:58:04,627 - music_tracker - INFO - Found 8 songs from Spotify API
2025-10-09 12:58:04,628 - music_tracker - INFO - Checking for duplicates in database...
2025-10-09 12:58:05,874 - music_tracker - INFO - Found 8 new songs out of 8 total
2025-10-09 12:58:05,875 - music_tracker - INFO - Found 8 new songs to save
2025-10-09 12:58:05,876 - music_tracker - INFO - Saving songs to database...
2025-10-09 12:58:06,204 - music_tracker - INFO - Successfully saved 8 songs to database
2025-10-09 12:58:06,205 - music_tracker - INFO - Successfully saved 8 songs to database
2025-10-09 12:58:06,206 - music_tracker - INFO - Song collection completed successfully
2025-10-09 13:58:03,049 - music_tracker - INFO - SpotiSpy song collection starting...
2025-10-09 13:58:03,049 - music_tracker - INFO - Starting song collection (last 1 hours)
2025-10-09 13:58:03,050 - music_tracker - INFO - Fetching recent tracks from Spotify...
2025-10-09 13:58:03,465 - music_tracker - INFO - Fetched 2 songs from Spotify
2025-10-09 13:58:03,468 - music_tracker - INFO - Found 2 songs from Spotify API
2025-10-09 13:58:03,468 - music_tracker - INFO - Checking for duplicates in database...
2025-10-09 13:58:04,943 - music_tracker - INFO - Found 2 new songs out of 2 total
2025-10-09 13:58:04,944 - music_tracker - INFO - Found 2 new songs to save
2025-10-09 13:58:04,945 - music_tracker - INFO - Saving songs to database...
2025-10-09 13:58:05,235 - music_tracker - INFO - Successfully saved 2 songs to database
2025-10-09 13:58:05,236 - music_tracker - INFO - Successfully saved 2 songs to database
2025-10-09 13:58:05,237 - music_tracker - INFO - Song collection completed successfully
2025-10-09 14:58:03,069 - music_tracker - INFO - SpotiSpy song collection starting...
2025-10-09 14:58:03,069 - music_tracker - INFO - Starting song collection (last 1 hours)
2025-10-09 14:58:03,070 - music_tracker - INFO - Fetching recent tracks from Spotify...
2025-10-09 14:58:03,606 - music_tracker - INFO - Fetched 18 songs from Spotify
2025-10-09 14:58:03,609 - music_tracker - INFO - Found 18 songs from Spotify API
2025-10-09 14:58:03,610 - music_tracker - INFO - Checking for duplicates in database...
2025-10-09 14:58:04,921 - music_tracker - INFO - Found 18 new songs out of 18 total
2025-10-09 14:58:04,923 - music_tracker - INFO - Found 18 new songs to save
2025-10-09 14:58:04,923 - music_tracker - INFO - Saving songs to database...
2025-10-09 14:58:05,341 - music_tracker - INFO - Successfully saved 18 songs to database
2025-10-09 14:58:05,342 - music_tracker - INFO - Successfully saved 18 songs to database
2025-10-09 14:58:05,343 - music_tracker - INFO - Song collection completed successfully
2025-10-09 15:58:04,055 - music_tracker - INFO - SpotiSpy song collection starting...
2025-10-09 15:58:04,062 - music_tracker - INFO - Starting song collection (last 1 hours)
2025-10-09 15:58:04,063 - music_tracker - INFO - Fetching recent tracks from Spotify...
2025-10-09 15:58:04,602 - music_tracker - INFO - Fetched 3 songs from Spotify
2025-10-09 15:58:04,605 - music_tracker - INFO - Found 3 songs from Spotify API
2025-10-09 15:58:04,606 - music_tracker - INFO - Checking for duplicates in database...
2025-10-09 15:58:06,067 - music_tracker - INFO - Found 3 new songs out of 3 total
2025-10-09 15:58:06,069 - music_tracker - INFO - Found 3 new songs to save
2025-10-09 15:58:06,070 - music_tracker - INFO - Saving songs to database...
2025-10-09 15:58:06,461 - music_tracker - INFO - Successfully saved 3 songs to database
2025-10-09 15:58:06,464 - music_tracker - INFO - Successfully saved 3 songs to database
2025-10-09 15:58:06,464 - music_tracker - INFO - Song collection completed successfully
2025-10-09 16:58:03,404 - music_tracker - INFO - SpotiSpy song collection starting...
2025-10-09 16:58:03,404 - music_tracker - INFO - Starting song collection (last 1 hours)
2025-10-09 16:58:03,405 - music_tracker - INFO - Fetching recent tracks from Spotify...
2025-10-09 16:58:03,924 - music_tracker - INFO - Fetched 13 songs from Spotify
2025-10-09 16:58:03,927 - music_tracker - INFO - Found 13 songs from Spotify API
2025-10-09 16:58:03,927 - music_tracker - INFO - Checking for duplicates in database...
2025-10-09 16:58:05,369 - music_tracker - INFO - Found 13 new songs out of 13 total
2025-10-09 16:58:05,371 - music_tracker - INFO - Found 13 new songs to save
2025-10-09 16:58:05,372 - music_tracker - INFO - Saving songs to database...
2025-10-09 16:58:05,697 - music_tracker - INFO - Successfully saved 13 songs to database
2025-10-09 16:58:05,699 - music_tracker - INFO - Successfully saved 13 songs to database
2025-10-09 16:58:05,700 - music_tracker - INFO - Song collection completed successfully
2025-10-09 17:58:02,605 - music_tracker - INFO - SpotiSpy song collection starting...
2025-10-09 17:58:02,605 - music_tracker - INFO - Starting song collection (last 1 hours)
2025-10-09 17:58:02,606 - music_tracker - INFO - Fetching recent tracks from Spotify...
2025-10-09 17:58:03,031 - music_tracker - INFO - Fetched 3 songs from Spotify
2025-10-09 17:58:03,033 - music_tracker - INFO - Found 3 songs from Spotify API
2025-10-09 17:58:03,034 - music_tracker - INFO - Checking for duplicates in database...
2025-10-09 17:58:04,303 - music_tracker - INFO - Found 3 new songs out of 3 total
2025-10-09 17:58:04,306 - music_tracker - INFO - Found 3 new songs to save
2025-10-09 17:58:04,306 - music_tracker - INFO - Saving songs to database...
2025-10-09 17:58:04,575 - music_tracker - INFO - Successfully saved 3 songs to database
2025-10-09 17:58:04,577 - music_tracker - INFO - Successfully saved 3 songs to database
2025-10-09 17:58:04,578 - music_tracker - INFO - Song collection completed successfully
2025-10-09 18:58:03,506 - music_tracker - INFO - SpotiSpy song collection starting...
2025-10-09 18:58:03,507 - music_tracker - INFO - Starting song collection (last 1 hours)
2025-10-09 18:58:03,508 - music_tracker - INFO - Fetching recent tracks from Spotify...
2025-10-09 18:58:04,045 - music_tracker - INFO - Fetched 10 songs from Spotify
2025-10-09 18:58:04,048 - music_tracker - INFO - Found 10 songs from Spotify API
2025-10-09 18:58:04,048 - music_tracker - INFO - Checking for duplicates in database...
2025-10-09 18:58:05,425 - music_tracker - INFO - Found 10 new songs out of 10 total
2025-10-09 18:58:05,427 - music_tracker - INFO - Found 10 new songs to save
2025-10-09 18:58:05,428 - music_tracker - INFO - Saving songs to database...
2025-10-09 18:58:05,775 - music_tracker - INFO - Successfully saved 10 songs to database
2025-10-09 18:58:05,777 - music_tracker - INFO - Successfully saved 10 songs to database
2025-10-09 18:58:05,778 - music_tracker - INFO - Song collection completed successfully
2025-10-09 19:58:02,688 - music_tracker - INFO - SpotiSpy song collection starting...
2025-10-09 19:58:02,689 - music_tracker - INFO - Starting song collection (last 1 hours)
2025-10-09 19:58:02,689 - music_tracker - INFO - Fetching recent tracks from Spotify...
2025-10-09 19:58:03,061 - music_tracker - INFO - No recent songs found from Spotify
2025-10-09 19:58:03,064 - music_tracker - INFO - No new songs found from Spotify API
2025-10-09 19:58:03,064 - music_tracker - INFO - Song collection completed successfully
2025-10-09 20:58:02,955 - music_tracker - INFO - SpotiSpy song collection starting...
2025-10-09 20:58:02,956 - music_tracker - INFO - Starting song collection (last 1 hours)
2025-10-09 20:58:02,956 - music_tracker - INFO - Fetching recent tracks from Spotify...
2025-10-09 20:58:03,812 - music_tracker - INFO - Fetched 4 songs from Spotify
2025-10-09 20:58:03,817 - music_tracker - INFO - Found 4 songs from Spotify API
2025-10-09 20:58:03,818 - music_tracker - INFO - Checking for duplicates in database...
2025-10-09 20:58:05,282 - music_tracker - INFO - Found 4 new songs out of 4 total
2025-10-09 20:58:05,284 - music_tracker - INFO - Found 4 new songs to save
2025-10-09 20:58:05,284 - music_tracker - INFO - Saving songs to database...
2025-10-09 20:58:05,598 - music_tracker - INFO - Successfully saved 4 songs to database
2025-10-09 20:58:05,600 - music_tracker - INFO - Successfully saved 4 songs to database
2025-10-09 20:58:05,600 - music_tracker - INFO - Song collection completed successfully
2025-10-09 21:58:03,531 - music_tracker - INFO - SpotiSpy song collection starting...
2025-10-09 21:58:03,532 - music_tracker - INFO - Starting song collection (last 1 hours)
2025-10-09 21:58:03,532 - music_tracker - INFO - Fetching recent tracks from Spotify...
2025-10-09 21:58:04,098 - music_tracker - INFO - Fetched 17 songs from Spotify
2025-10-09 21:58:04,101 - music_tracker - INFO - Found 17 songs from Spotify API
2025-10-09 21:58:04,102 - music_tracker - INFO - Checking for duplicates in database...
2025-10-09 21:58:05,358 - music_tracker - INFO - Found 17 new songs out of 17 total
2025-10-09 21:58:05,360 - music_tracker - INFO - Found 17 new songs to save
2025-10-09 21:58:05,361 - music_tracker - INFO - Saving songs to database...
2025-10-09 21:58:05,664 - music_tracker - INFO - Successfully saved 17 songs to database
2025-10-09 21:58:05,666 - music_tracker - INFO - Successfully saved 17 songs to database
2025-10-09 21:58:05,667 - music_tracker - INFO - Song collection completed successfully
2025-10-09 22:58:03,577 - music_tracker - INFO - SpotiSpy song collection starting...
2025-10-09 22:58:03,578 - music_tracker - INFO - Starting song collection (last 1 hours)
2025-10-09 22:58:03,578 - music_tracker - INFO - Fetching recent tracks from Spotify...
2025-10-09 22:58:03,967 - music_tracker - INFO - Fetched 2 songs from Spotify
2025-10-09 22:58:03,969 - music_tracker - INFO - Found 2 songs from Spotify API
2025-10-09 22:58:03,970 - music_tracker - INFO - Checking for duplicates in database...
2025-10-09 22:58:05,249 - music_tracker - INFO - Found 2 new songs out of 2 total
2025-10-09 22:58:05,251 - music_tracker - INFO - Found 2 new songs to save
2025-10-09 22:58:05,252 - music_tracker - INFO - Saving songs to database...
2025-10-09 22:58:05,575 - music_tracker - INFO - Successfully saved 2 songs to database
2025-10-09 22:58:05,578 - music_tracker - INFO - Successfully saved 2 songs to database
2025-10-09 22:58:05,578 - music_tracker - INFO - Song collection completed successfully
2025-10-09 23:58:03,484 - music_tracker - INFO - SpotiSpy song collection starting...
2025-10-09 23:58:03,485 - music_tracker - INFO - Starting song collection (last 1 hours)
2025-10-09 23:58:03,485 - music_tracker - INFO - Fetching recent tracks from Spotify...
2025-10-09 23:58:03,848 - music_tracker - INFO - No recent songs found from Spotify
2025-10-09 23:58:03,851 - music_tracker - INFO - No new songs found from Spotify API
2025-10-09 23:58:03,851 - music_tracker - INFO - Song collection completed successfully
