2025-12-21 00:58:03,328 - music_tracker - INFO - SpotiSpy song collection starting...
2025-12-21 00:58:03,329 - music_tracker - INFO - Starting song collection (last 1 hours)
2025-12-21 00:58:03,329 - music_tracker - INFO - Fetching recent tracks from Spotify...
2025-12-21 00:58:03,688 - music_tracker - INFO - No recent songs found from Spotify
2025-12-21 00:58:03,690 - music_tracker - INFO - No new songs found from Spotify API
2025-12-21 00:58:03,690 - music_tracker - INFO - Song collection completed successfully
2025-12-21 01:58:03,414 - music_tracker - INFO - SpotiSpy song collection starting...
2025-12-21 01:58:03,415 - music_tracker - INFO - Starting song collection (last 1 hours)
2025-12-21 01:58:03,416 - music_tracker - INFO - Fetching recent tracks from Spotify...
2025-12-21 01:58:03,774 - music_tracker - INFO - No recent songs found from Spotify
2025-12-21 01:58:03,776 - music_tracker - INFO - No new songs found from Spotify API
2025-12-21 01:58:03,777 - music_tracker - INFO - Song collection completed successfully
2025-12-21 02:58:02,793 - music_tracker - INFO - SpotiSpy song collection starting...
2025-12-21 02:58:02,794 - music_tracker - INFO - Starting song collection (last 1 hours)
2025-12-21 02:58:02,794 - music_tracker - INFO - Fetching recent tracks from Spotify...
2025-12-21 02:58:03,310 - music_tracker - INFO - No recent songs found from Spotify
2025-12-21 02:58:03,312 - music_tracker - INFO - No new songs found from Spotify API
2025-12-21 02:58:03,312 - music_tracker - INFO - Song collection completed successfully
2025-12-21 03:58:03,312 - music_tracker - INFO - SpotiSpy song collection starting...
2025-12-21 03:58:03,312 - music_tracker - INFO - Starting song collection (last 1 hours)
2025-12-21 03:58:03,313 - music_tracker - INFO - Fetching recent tracks from Spotify...
2025-12-21 03:58:03,666 - music_tracker - INFO - No recent songs found from Spotify
2025-12-21 03:58:03,668 - music_tracker - INFO - No new songs found from Spotify API
2025-12-21 03:58:03,669 - music_tracker - INFO - Song collection completed successfully
2025-12-21 04:58:03,556 - music_tracker - INFO - SpotiSpy song collection starting...
2025-12-21 04:58:03,557 - music_tracker - INFO - Starting song collection (last 1 hours)
2025-12-21 04:58:03,558 - music_tracker - INFO - Fetching recent tracks from Spotify...
2025-12-21 04:58:03,911 - music_tracker - INFO - No recent songs found from Spotify
2025-12-21 04:58:03,913 - music_tracker - INFO - No new songs found from Spotify API
2025-12-21 04:58:03,913 - music_tracker - INFO - Song collection completed successfully
2025-12-21 05:58:02,815 - music_tracker - INFO - SpotiSpy song collection starting...
2025-12-21 05:58:02,817 - music_tracker - INFO - Starting song collection (last 1 hours)
2025-12-21 05:58:02,818 - music_tracker - INFO - Fetching recent tracks from Spotify...
2025-12-21 05:58:03,152 - music_tracker - INFO - No recent songs found from Spotify
2025-12-21 05:58:03,154 - music_tracker - INFO - No new songs found from Spotify API
2025-12-21 05:58:03,155 - music_tracker - INFO - Song collection completed successfully
2025-12-21 06:58:03,193 - music_tracker - INFO - SpotiSpy song collection starting...
2025-12-21 06:58:03,193 - music_tracker - INFO - Starting song collection (last 1 hours)
2025-12-21 06:58:03,194 - music_tracker - INFO - Fetching recent tracks from Spotify...
2025-12-21 06:58:03,579 - music_tracker - INFO - No recent songs found from Spotify
2025-12-21 06:58:03,581 - music_tracker - INFO - No new songs found from Spotify API
2025-12-21 06:58:03,582 - music_tracker - INFO - Song collection completed successfully
2025-12-21 07:58:03,495 - music_tracker - INFO - SpotiSpy song collection starting...
2025-12-21 07:58:03,497 - music_tracker - INFO - Starting song collection (last 1 hours)
2025-12-21 07:58:03,498 - music_tracker - INFO - Fetching recent tracks from Spotify...
2025-12-21 07:58:03,828 - music_tracker - INFO - No recent songs found from Spotify
2025-12-21 07:58:03,830 - music_tracker - INFO - No new songs found from Spotify API
2025-12-21 07:58:03,831 - music_tracker - INFO - Song collection completed successfully
2025-12-21 08:58:02,759 - music_tracker - INFO - SpotiSpy song collection starting...
2025-12-21 08:58:02,759 - music_tracker - INFO - Starting song collection (last 1 hours)
2025-12-21 08:58:02,760 - music_tracker - INFO - Fetching recent tracks from Spotify...
2025-12-21 08:58:03,118 - music_tracker - INFO - No recent songs found from Spotify
2025-12-21 08:58:03,120 - music_tracker - INFO - No new songs found from Spotify API
2025-12-21 08:58:03,120 - music_tracker - INFO - Song collection completed successfully
2025-12-21 09:00:12,782 - music_tracker - INFO - SpotiSpy starting...
2025-12-21 09:00:12,783 - music_tracker - INFO - Starting daily SpotiSpy analysis
2025-12-21 09:00:12,783 - music_tracker - INFO - Fetching yesterday's listening data...
2025-12-21 09:00:13,682 - music_tracker - INFO - Fetched 0 songs from database
2025-12-21 09:00:13,685 - music_tracker - WARNING - No songs found for yesterday
2025-12-21 09:00:13,686 - music_tracker - INFO - Running weekly summary...
2025-12-21 09:00:13,686 - music_tracker - INFO - Generating weekly summary...
2025-12-21 09:00:13,692 - music_tracker - INFO - Starting comprehensive weekly analysis
2025-12-21 09:00:13,984 - music_tracker - INFO - Fetched 0 songs for date 2025-12-21
2025-12-21 09:00:13,986 - music_tracker - INFO - Date 2025-12-21: 0 songs
2025-12-21 09:00:14,208 - music_tracker - INFO - Fetched 0 songs for date 2025-12-20
2025-12-21 09:00:14,210 - music_tracker - INFO - Date 2025-12-20: 0 songs
2025-12-21 09:00:14,451 - music_tracker - INFO - Fetched 31 songs for date 2025-12-19
2025-12-21 09:00:14,452 - music_tracker - INFO - Date 2025-12-19: 31 songs
2025-12-21 09:00:14,708 - music_tracker - INFO - Fetched 99 songs for date 2025-12-18
2025-12-21 09:00:14,710 - music_tracker - INFO - Date 2025-12-18: 99 songs
2025-12-21 09:00:14,924 - music_tracker - INFO - Fetched 93 songs for date 2025-12-17
2025-12-21 09:00:14,926 - music_tracker - INFO - Date 2025-12-17: 93 songs
2025-12-21 09:00:15,169 - music_tracker - INFO - Fetched 97 songs for date 2025-12-16
2025-12-21 09:00:15,171 - music_tracker - INFO - Date 2025-12-16: 97 songs
2025-12-21 09:00:15,390 - music_tracker - INFO - Fetched 61 songs for date 2025-12-15
2025-12-21 09:00:15,393 - music_tracker - INFO - Date 2025-12-15: 61 songs
2025-12-21 09:00:16,160 - music_tracker - INFO - Message sent successfully to Slack
2025-12-21 09:00:16,162 - music_tracker - INFO - SpotiSpy completed successfully
2025-12-21 09:58:03,194 - music_tracker - INFO - SpotiSpy song collection starting...
2025-12-21 09:58:03,195 - music_tracker - INFO - Starting song collection (last 1 hours)
2025-12-21 09:58:03,195 - music_tracker - INFO - Fetching recent tracks from Spotify...
2025-12-21 09:58:03,579 - music_tracker - INFO - No recent songs found from Spotify
2025-12-21 09:58:03,581 - music_tracker - INFO - No new songs found from Spotify API
2025-12-21 09:58:03,581 - music_tracker - INFO - Song collection completed successfully
2025-12-21 10:58:03,726 - music_tracker - INFO - SpotiSpy song collection starting...
2025-12-21 10:58:03,726 - music_tracker - INFO - Starting song collection (last 1 hours)
2025-12-21 10:58:03,727 - music_tracker - INFO - Fetching recent tracks from Spotify...
2025-12-21 10:58:04,075 - music_tracker - INFO - No recent songs found from Spotify
2025-12-21 10:58:04,077 - music_tracker - INFO - No new songs found from Spotify API
2025-12-21 10:58:04,078 - music_tracker - INFO - Song collection completed successfully
2025-12-21 11:58:04,368 - music_tracker - INFO - SpotiSpy song collection starting...
2025-12-21 11:58:04,369 - music_tracker - INFO - Starting song collection (last 1 hours)
2025-12-21 11:58:04,370 - music_tracker - INFO - Fetching recent tracks from Spotify...
2025-12-21 11:58:09,814 - music_tracker - INFO - No recent songs found from Spotify
2025-12-21 11:58:09,817 - music_tracker - INFO - No new songs found from Spotify API
2025-12-21 11:58:09,818 - music_tracker - INFO - Song collection completed successfully
2025-12-21 12:58:02,751 - music_tracker - INFO - SpotiSpy song collection starting...
2025-12-21 12:58:02,752 - music_tracker - INFO - Starting song collection (last 1 hours)
2025-12-21 12:58:02,753 - music_tracker - INFO - Fetching recent tracks from Spotify...
2025-12-21 12:58:03,095 - music_tracker - INFO - No recent songs found from Spotify
2025-12-21 12:58:03,097 - music_tracker - INFO - No new songs found from Spotify API
2025-12-21 12:58:03,098 - music_tracker - INFO - Song collection completed successfully
2025-12-21 13:58:03,049 - music_tracker - INFO - SpotiSpy song collection starting...
2025-12-21 13:58:03,049 - music_tracker - INFO - Starting song collection (last 1 hours)
2025-12-21 13:58:03,050 - music_tracker - INFO - Fetching recent tracks from Spotify...
2025-12-21 13:58:03,398 - music_tracker - INFO - No recent songs found from Spotify
2025-12-21 13:58:03,400 - music_tracker - INFO - No new songs found from Spotify API
2025-12-21 13:58:03,401 - music_tracker - INFO - Song collection completed successfully
2025-12-21 14:58:03,331 - music_tracker - INFO - SpotiSpy song collection starting...
2025-12-21 14:58:03,332 - music_tracker - INFO - Starting song collection (last 1 hours)
2025-12-21 14:58:03,332 - music_tracker - INFO - Fetching recent tracks from Spotify...
2025-12-21 14:58:03,762 - music_tracker - INFO - No recent songs found from Spotify
2025-12-21 14:58:03,764 - music_tracker - INFO - No new songs found from Spotify API
2025-12-21 14:58:03,765 - music_tracker - INFO - Song collection completed successfully
2025-12-21 15:58:02,847 - music_tracker - INFO - SpotiSpy song collection starting...
2025-12-21 15:58:02,848 - music_tracker - INFO - Starting song collection (last 1 hours)
2025-12-21 15:58:02,849 - music_tracker - INFO - Fetching recent tracks from Spotify...
2025-12-21 15:58:03,188 - music_tracker - INFO - No recent songs found from Spotify
2025-12-21 15:58:03,190 - music_tracker - INFO - No new songs found from Spotify API
2025-12-21 15:58:03,190 - music_tracker - INFO - Song collection completed successfully
2025-12-21 16:58:03,070 - music_tracker - INFO - SpotiSpy song collection starting...
2025-12-21 16:58:03,071 - music_tracker - INFO - Starting song collection (last 1 hours)
2025-12-21 16:58:03,071 - music_tracker - INFO - Fetching recent tracks from Spotify...
2025-12-21 16:58:03,397 - music_tracker - INFO - No recent songs found from Spotify
2025-12-21 16:58:03,399 - music_tracker - INFO - No new songs found from Spotify API
2025-12-21 16:58:03,399 - music_tracker - INFO - Song collection completed successfully
2025-12-21 17:58:03,299 - music_tracker - INFO - SpotiSpy song collection starting...
2025-12-21 17:58:03,299 - music_tracker - INFO - Starting song collection (last 1 hours)
2025-12-21 17:58:03,300 - music_tracker - INFO - Fetching recent tracks from Spotify...
2025-12-21 17:58:03,639 - music_tracker - INFO - No recent songs found from Spotify
2025-12-21 17:58:03,641 - music_tracker - INFO - No new songs found from Spotify API
2025-12-21 17:58:03,642 - music_tracker - INFO - Song collection completed successfully
2025-12-21 18:58:03,544 - music_tracker - INFO - SpotiSpy song collection starting...
2025-12-21 18:58:03,545 - music_tracker - INFO - Starting song collection (last 1 hours)
2025-12-21 18:58:03,545 - music_tracker - INFO - Fetching recent tracks from Spotify...
2025-12-21 18:58:03,895 - music_tracker - INFO - No recent songs found from Spotify
2025-12-21 18:58:03,897 - music_tracker - INFO - No new songs found from Spotify API
2025-12-21 18:58:03,898 - music_tracker - INFO - Song collection completed successfully
2025-12-21 19:58:02,824 - music_tracker - INFO - SpotiSpy song collection starting...
2025-12-21 19:58:02,824 - music_tracker - INFO - Starting song collection (last 1 hours)
2025-12-21 19:58:02,825 - music_tracker - INFO - Fetching recent tracks from Spotify...
2025-12-21 19:58:03,242 - music_tracker - INFO - No recent songs found from Spotify
2025-12-21 19:58:03,244 - music_tracker - INFO - No new songs found from Spotify API
2025-12-21 19:58:03,245 - music_tracker - INFO - Song collection completed successfully
2025-12-21 20:58:03,136 - music_tracker - INFO - SpotiSpy song collection starting...
2025-12-21 20:58:03,136 - music_tracker - INFO - Starting song collection (last 1 hours)
2025-12-21 20:58:03,137 - music_tracker - INFO - Fetching recent tracks from Spotify...
2025-12-21 20:58:03,513 - music_tracker - INFO - No recent songs found from Spotify
2025-12-21 20:58:03,515 - music_tracker - INFO - No new songs found from Spotify API
2025-12-21 20:58:03,515 - music_tracker - INFO - Song collection completed successfully
2025-12-21 21:58:03,482 - music_tracker - INFO - SpotiSpy song collection starting...
2025-12-21 21:58:03,483 - music_tracker - INFO - Starting song collection (last 1 hours)
2025-12-21 21:58:03,484 - music_tracker - INFO - Fetching recent tracks from Spotify...
2025-12-21 21:58:03,857 - music_tracker - INFO - No recent songs found from Spotify
2025-12-21 21:58:03,860 - music_tracker - INFO - No new songs found from Spotify API
2025-12-21 21:58:03,860 - music_tracker - INFO - Song collection completed successfully
2025-12-21 22:58:02,744 - music_tracker - INFO - SpotiSpy song collection starting...
2025-12-21 22:58:02,745 - music_tracker - INFO - Starting song collection (last 1 hours)
2025-12-21 22:58:02,746 - music_tracker - INFO - Fetching recent tracks from Spotify...
2025-12-21 22:58:03,103 - music_tracker - INFO - No recent songs found from Spotify
2025-12-21 22:58:03,105 - music_tracker - INFO - No new songs found from Spotify API
2025-12-21 22:58:03,105 - music_tracker - INFO - Song collection completed successfully
2025-12-21 23:58:03,026 - music_tracker - INFO - SpotiSpy song collection starting...
2025-12-21 23:58:03,027 - music_tracker - INFO - Starting song collection (last 1 hours)
2025-12-21 23:58:03,027 - music_tracker - INFO - Fetching recent tracks from Spotify...
2025-12-21 23:58:03,380 - music_tracker - INFO - No recent songs found from Spotify
2025-12-21 23:58:03,382 - music_tracker - INFO - No new songs found from Spotify API
2025-12-21 23:58:03,383 - music_tracker - INFO - Song collection completed successfully
