2025-12-30 00:58:02,919 - music_tracker - INFO - SpotiSpy song collection starting...
2025-12-30 00:58:02,920 - music_tracker - INFO - Starting song collection (last 1 hours)
2025-12-30 00:58:02,920 - music_tracker - INFO - Fetching recent tracks from Spotify...
2025-12-30 00:58:03,256 - music_tracker - INFO - No recent songs found from Spotify
2025-12-30 00:58:03,258 - music_tracker - INFO - No new songs found from Spotify API
2025-12-30 00:58:03,259 - music_tracker - INFO - Song collection completed successfully
2025-12-30 01:58:03,452 - music_tracker - INFO - SpotiSpy song collection starting...
2025-12-30 01:58:03,452 - music_tracker - INFO - Starting song collection (last 1 hours)
2025-12-30 01:58:03,453 - music_tracker - INFO - Fetching recent tracks from Spotify...
2025-12-30 01:58:03,821 - music_tracker - INFO - No recent songs found from Spotify
2025-12-30 01:58:03,823 - music_tracker - INFO - No new songs found from Spotify API
2025-12-30 01:58:03,824 - music_tracker - INFO - Song collection completed successfully
2025-12-30 02:58:03,223 - music_tracker - INFO - SpotiSpy song collection starting...
2025-12-30 02:58:03,224 - music_tracker - INFO - Starting song collection (last 1 hours)
2025-12-30 02:58:03,224 - music_tracker - INFO - Fetching recent tracks from Spotify...
2025-12-30 02:58:03,590 - music_tracker - INFO - No recent songs found from Spotify
2025-12-30 02:58:03,592 - music_tracker - INFO - No new songs found from Spotify API
2025-12-30 02:58:03,592 - music_tracker - INFO - Song collection completed successfully
2025-12-30 03:58:03,502 - music_tracker - INFO - SpotiSpy song collection starting...
2025-12-30 03:58:03,502 - music_tracker - INFO - Starting song collection (last 1 hours)
2025-12-30 03:58:03,503 - music_tracker - INFO - Fetching recent tracks from Spotify...
2025-12-30 03:58:03,861 - music_tracker - INFO - No recent songs found from Spotify
2025-12-30 03:58:03,863 - music_tracker - INFO - No new songs found from Spotify API
2025-12-30 03:58:03,864 - music_tracker - INFO - Song collection completed successfully
2025-12-30 04:58:02,748 - music_tracker - INFO - SpotiSpy song collection starting...
2025-12-30 04:58:02,749 - music_tracker - INFO - Starting song collection (last 1 hours)
2025-12-30 04:58:02,750 - music_tracker - INFO - Fetching recent tracks from Spotify...
2025-12-30 04:58:03,104 - music_tracker - INFO - No recent songs found from Spotify
2025-12-30 04:58:03,106 - music_tracker - INFO - No new songs found from Spotify API
2025-12-30 04:58:03,106 - music_tracker - INFO - Song collection completed successfully
2025-12-30 05:58:03,156 - music_tracker - INFO - SpotiSpy song collection starting...
2025-12-30 05:58:03,156 - music_tracker - INFO - Starting song collection (last 1 hours)
2025-12-30 05:58:03,157 - music_tracker - INFO - Fetching recent tracks from Spotify...
2025-12-30 05:58:03,536 - music_tracker - INFO - No recent songs found from Spotify
2025-12-30 05:58:03,538 - music_tracker - INFO - No new songs found from Spotify API
2025-12-30 05:58:03,539 - music_tracker - INFO - Song collection completed successfully
2025-12-30 06:58:03,590 - music_tracker - INFO - SpotiSpy song collection starting...
2025-12-30 06:58:03,591 - music_tracker - INFO - Starting song collection (last 1 hours)
2025-12-30 06:58:03,592 - music_tracker - INFO - Fetching recent tracks from Spotify...
2025-12-30 06:58:03,951 - music_tracker - INFO - No recent songs found from Spotify
2025-12-30 06:58:03,953 - music_tracker - INFO - No new songs found from Spotify API
2025-12-30 06:58:03,953 - music_tracker - INFO - Song collection completed successfully
2025-12-30 07:58:02,846 - music_tracker - INFO - SpotiSpy song collection starting...
2025-12-30 07:58:02,847 - music_tracker - INFO - Starting song collection (last 1 hours)
2025-12-30 07:58:02,848 - music_tracker - INFO - Fetching recent tracks from Spotify...
2025-12-30 07:58:03,190 - music_tracker - INFO - No recent songs found from Spotify
2025-12-30 07:58:03,192 - music_tracker - INFO - No new songs found from Spotify API
2025-12-30 07:58:03,193 - music_tracker - INFO - Song collection completed successfully
2025-12-30 08:58:03,095 - music_tracker - INFO - SpotiSpy song collection starting...
2025-12-30 08:58:03,096 - music_tracker - INFO - Starting song collection (last 1 hours)
2025-12-30 08:58:03,096 - music_tracker - INFO - Fetching recent tracks from Spotify...
2025-12-30 08:58:03,460 - music_tracker - INFO - No recent songs found from Spotify
2025-12-30 08:58:03,462 - music_tracker - INFO - No new songs found from Spotify API
2025-12-30 08:58:03,462 - music_tracker - INFO - Song collection completed successfully
2025-12-30 09:00:12,742 - music_tracker - INFO - SpotiSpy starting...
2025-12-30 09:00:12,742 - music_tracker - INFO - Starting daily SpotiSpy analysis
2025-12-30 09:00:12,748 - music_tracker - INFO - Fetching yesterday's listening data...
2025-12-30 09:00:14,555 - music_tracker - INFO - Fetched 49 songs from database
2025-12-30 09:00:14,558 - music_tracker - INFO - Found 49 songs to analyze
2025-12-30 09:00:14,559 - music_tracker - INFO - Running analysis...
2025-12-30 09:00:14,566 - music_tracker - INFO - Sending daily summary to Slack...
2025-12-30 09:00:15,319 - music_tracker - INFO - Message sent successfully to Slack
2025-12-30 09:00:15,320 - music_tracker - INFO - Daily analysis completed successfully!
2025-12-30 09:00:15,320 - music_tracker - INFO - SpotiSpy completed successfully
2025-12-30 09:58:03,182 - music_tracker - INFO - SpotiSpy song collection starting...
2025-12-30 09:58:03,182 - music_tracker - INFO - Starting song collection (last 1 hours)
2025-12-30 09:58:03,183 - music_tracker - INFO - Fetching recent tracks from Spotify...
2025-12-30 09:58:03,523 - music_tracker - INFO - No recent songs found from Spotify
2025-12-30 09:58:03,525 - music_tracker - INFO - No new songs found from Spotify API
2025-12-30 09:58:03,526 - music_tracker - INFO - Song collection completed successfully
2025-12-30 10:58:03,416 - music_tracker - INFO - SpotiSpy song collection starting...
2025-12-30 10:58:03,416 - music_tracker - INFO - Starting song collection (last 1 hours)
2025-12-30 10:58:03,417 - music_tracker - INFO - Fetching recent tracks from Spotify...
2025-12-30 10:58:04,019 - music_tracker - INFO - Fetched 16 songs from Spotify
2025-12-30 10:58:04,022 - music_tracker - INFO - Found 16 songs from Spotify API
2025-12-30 10:58:04,023 - music_tracker - INFO - Checking for duplicates in database...
2025-12-30 10:58:05,710 - music_tracker - INFO - Found 16 new songs out of 16 total
2025-12-30 10:58:05,712 - music_tracker - INFO - Found 16 new songs to save
2025-12-30 10:58:05,713 - music_tracker - INFO - Saving songs to database...
2025-12-30 10:58:06,031 - music_tracker - INFO - Successfully saved 16 songs to database
2025-12-30 10:58:06,033 - music_tracker - INFO - Successfully saved 16 songs to database
2025-12-30 10:58:06,034 - music_tracker - INFO - Song collection completed successfully
2025-12-30 11:58:04,126 - music_tracker - INFO - SpotiSpy song collection starting...
2025-12-30 11:58:04,127 - music_tracker - INFO - Starting song collection (last 1 hours)
2025-12-30 11:58:04,128 - music_tracker - INFO - Fetching recent tracks from Spotify...
2025-12-30 11:58:04,621 - music_tracker - INFO - Fetched 12 songs from Spotify
2025-12-30 11:58:04,624 - music_tracker - INFO - Found 12 songs from Spotify API
2025-12-30 11:58:04,624 - music_tracker - INFO - Checking for duplicates in database...
2025-12-30 11:58:06,067 - music_tracker - INFO - Found 12 new songs out of 12 total
2025-12-30 11:58:06,069 - music_tracker - INFO - Found 12 new songs to save
2025-12-30 11:58:06,070 - music_tracker - INFO - Saving songs to database...
2025-12-30 11:58:06,480 - music_tracker - INFO - Successfully saved 12 songs to database
2025-12-30 11:58:06,482 - music_tracker - INFO - Successfully saved 12 songs to database
2025-12-30 11:58:06,483 - music_tracker - INFO - Song collection completed successfully
2025-12-30 12:58:03,460 - music_tracker - INFO - SpotiSpy song collection starting...
2025-12-30 12:58:03,460 - music_tracker - INFO - Starting song collection (last 1 hours)
2025-12-30 12:58:03,461 - music_tracker - INFO - Fetching recent tracks from Spotify...
2025-12-30 12:58:04,180 - music_tracker - INFO - Fetched 7 songs from Spotify
2025-12-30 12:58:04,184 - music_tracker - INFO - Found 7 songs from Spotify API
2025-12-30 12:58:04,184 - music_tracker - INFO - Checking for duplicates in database...
2025-12-30 12:58:05,659 - music_tracker - INFO - Found 7 new songs out of 7 total
2025-12-30 12:58:05,661 - music_tracker - INFO - Found 7 new songs to save
2025-12-30 12:58:05,662 - music_tracker - INFO - Saving songs to database...
2025-12-30 12:58:06,054 - music_tracker - INFO - Successfully saved 7 songs to database
2025-12-30 12:58:06,056 - music_tracker - INFO - Successfully saved 7 songs to database
2025-12-30 12:58:06,056 - music_tracker - INFO - Song collection completed successfully
2025-12-30 13:58:02,965 - music_tracker - INFO - SpotiSpy song collection starting...
2025-12-30 13:58:02,966 - music_tracker - INFO - Starting song collection (last 1 hours)
2025-12-30 13:58:02,967 - music_tracker - INFO - Fetching recent tracks from Spotify...
2025-12-30 13:58:03,474 - music_tracker - INFO - Fetched 17 songs from Spotify
2025-12-30 13:58:03,477 - music_tracker - INFO - Found 17 songs from Spotify API
2025-12-30 13:58:03,477 - music_tracker - INFO - Checking for duplicates in database...
2025-12-30 13:58:05,026 - music_tracker - INFO - Found 17 new songs out of 17 total
2025-12-30 13:58:05,028 - music_tracker - INFO - Found 17 new songs to save
2025-12-30 13:58:05,029 - music_tracker - INFO - Saving songs to database...
2025-12-30 13:58:05,513 - music_tracker - INFO - Successfully saved 17 songs to database
2025-12-30 13:58:05,515 - music_tracker - INFO - Successfully saved 17 songs to database
2025-12-30 13:58:05,516 - music_tracker - INFO - Song collection completed successfully
2025-12-30 14:58:03,410 - music_tracker - INFO - SpotiSpy song collection starting...
2025-12-30 14:58:03,410 - music_tracker - INFO - Starting song collection (last 1 hours)
2025-12-30 14:58:03,411 - music_tracker - INFO - Fetching recent tracks from Spotify...
2025-12-30 14:58:03,869 - music_tracker - INFO - Fetched 1 songs from Spotify
2025-12-30 14:58:03,871 - music_tracker - INFO - Found 1 songs from Spotify API
2025-12-30 14:58:03,872 - music_tracker - INFO - Checking for duplicates in database...
2025-12-30 14:58:05,208 - music_tracker - INFO - Found 1 new songs out of 1 total
2025-12-30 14:58:05,210 - music_tracker - INFO - Found 1 new songs to save
2025-12-30 14:58:05,211 - music_tracker - INFO - Saving songs to database...
2025-12-30 14:58:05,556 - music_tracker - INFO - Successfully saved 1 songs to database
2025-12-30 14:58:05,558 - music_tracker - INFO - Successfully saved 1 songs to database
2025-12-30 14:58:05,559 - music_tracker - INFO - Song collection completed successfully
2025-12-30 15:58:03,467 - music_tracker - INFO - SpotiSpy song collection starting...
2025-12-30 15:58:03,468 - music_tracker - INFO - Starting song collection (last 1 hours)
2025-12-30 15:58:03,469 - music_tracker - INFO - Fetching recent tracks from Spotify...
2025-12-30 15:58:04,047 - music_tracker - INFO - Fetched 17 songs from Spotify
2025-12-30 15:58:04,050 - music_tracker - INFO - Found 17 songs from Spotify API
2025-12-30 15:58:04,051 - music_tracker - INFO - Checking for duplicates in database...
2025-12-30 15:58:05,565 - music_tracker - INFO - Found 17 new songs out of 17 total
2025-12-30 15:58:05,567 - music_tracker - INFO - Found 17 new songs to save
2025-12-30 15:58:05,568 - music_tracker - INFO - Saving songs to database...
2025-12-30 15:58:05,990 - music_tracker - INFO - Successfully saved 17 songs to database
2025-12-30 15:58:05,993 - music_tracker - INFO - Successfully saved 17 songs to database
2025-12-30 15:58:05,993 - music_tracker - INFO - Song collection completed successfully
2025-12-30 16:58:02,906 - music_tracker - INFO - SpotiSpy song collection starting...
2025-12-30 16:58:02,906 - music_tracker - INFO - Starting song collection (last 1 hours)
2025-12-30 16:58:02,907 - music_tracker - INFO - Fetching recent tracks from Spotify...
2025-12-30 16:58:03,608 - music_tracker - INFO - Fetched 18 songs from Spotify
2025-12-30 16:58:03,613 - music_tracker - INFO - Found 18 songs from Spotify API
2025-12-30 16:58:03,614 - music_tracker - INFO - Checking for duplicates in database...
2025-12-30 16:58:05,063 - music_tracker - INFO - Found 18 new songs out of 18 total
2025-12-30 16:58:05,065 - music_tracker - INFO - Found 18 new songs to save
2025-12-30 16:58:05,066 - music_tracker - INFO - Saving songs to database...
2025-12-30 16:58:05,368 - music_tracker - INFO - Successfully saved 18 songs to database
2025-12-30 16:58:05,370 - music_tracker - INFO - Successfully saved 18 songs to database
2025-12-30 16:58:05,370 - music_tracker - INFO - Song collection completed successfully
2025-12-30 17:58:03,288 - music_tracker - INFO - SpotiSpy song collection starting...
2025-12-30 17:58:03,288 - music_tracker - INFO - Starting song collection (last 1 hours)
2025-12-30 17:58:03,289 - music_tracker - INFO - Fetching recent tracks from Spotify...
2025-12-30 17:58:03,748 - music_tracker - INFO - Fetched 3 songs from Spotify
2025-12-30 17:58:03,750 - music_tracker - INFO - Found 3 songs from Spotify API
2025-12-30 17:58:03,751 - music_tracker - INFO - Checking for duplicates in database...
2025-12-30 17:58:05,289 - music_tracker - INFO - Found 3 new songs out of 3 total
2025-12-30 17:58:05,291 - music_tracker - INFO - Found 3 new songs to save
2025-12-30 17:58:05,292 - music_tracker - INFO - Saving songs to database...
2025-12-30 17:58:05,591 - music_tracker - INFO - Successfully saved 3 songs to database
2025-12-30 17:58:05,593 - music_tracker - INFO - Successfully saved 3 songs to database
2025-12-30 17:58:05,594 - music_tracker - INFO - Song collection completed successfully
2025-12-30 18:58:03,500 - music_tracker - INFO - SpotiSpy song collection starting...
2025-12-30 18:58:03,501 - music_tracker - INFO - Starting song collection (last 1 hours)
2025-12-30 18:58:03,501 - music_tracker - INFO - Fetching recent tracks from Spotify...
2025-12-30 18:58:03,862 - music_tracker - INFO - No recent songs found from Spotify
2025-12-30 18:58:03,864 - music_tracker - INFO - No new songs found from Spotify API
2025-12-30 18:58:03,864 - music_tracker - INFO - Song collection completed successfully
2025-12-30 19:58:02,753 - music_tracker - INFO - SpotiSpy song collection starting...
2025-12-30 19:58:02,753 - music_tracker - INFO - Starting song collection (last 1 hours)
2025-12-30 19:58:02,754 - music_tracker - INFO - Fetching recent tracks from Spotify...
2025-12-30 19:58:03,179 - music_tracker - INFO - No recent songs found from Spotify
2025-12-30 19:58:03,181 - music_tracker - INFO - No new songs found from Spotify API
2025-12-30 19:58:03,182 - music_tracker - INFO - Song collection completed successfully
2025-12-30 20:58:03,092 - music_tracker - INFO - SpotiSpy song collection starting...
2025-12-30 20:58:03,093 - music_tracker - INFO - Starting song collection (last 1 hours)
2025-12-30 20:58:03,093 - music_tracker - INFO - Fetching recent tracks from Spotify...
2025-12-30 20:58:03,482 - music_tracker - INFO - No recent songs found from Spotify
2025-12-30 20:58:03,484 - music_tracker - INFO - No new songs found from Spotify API
2025-12-30 20:58:03,485 - music_tracker - INFO - Song collection completed successfully
2025-12-30 21:58:03,529 - music_tracker - INFO - SpotiSpy song collection starting...
2025-12-30 21:58:03,529 - music_tracker - INFO - Starting song collection (last 1 hours)
2025-12-30 21:58:03,530 - music_tracker - INFO - Fetching recent tracks from Spotify...
2025-12-30 21:58:03,912 - music_tracker - INFO - No recent songs found from Spotify
2025-12-30 21:58:03,914 - music_tracker - INFO - No new songs found from Spotify API
2025-12-30 21:58:03,915 - music_tracker - INFO - Song collection completed successfully
2025-12-30 22:58:02,813 - music_tracker - INFO - SpotiSpy song collection starting...
2025-12-30 22:58:02,814 - music_tracker - INFO - Starting song collection (last 1 hours)
2025-12-30 22:58:02,815 - music_tracker - INFO - Fetching recent tracks from Spotify...
2025-12-30 22:58:03,175 - music_tracker - INFO - No recent songs found from Spotify
2025-12-30 22:58:03,177 - music_tracker - INFO - No new songs found from Spotify API
2025-12-30 22:58:03,178 - music_tracker - INFO - Song collection completed successfully
2025-12-30 23:58:03,069 - music_tracker - INFO - SpotiSpy song collection starting...
2025-12-30 23:58:03,069 - music_tracker - INFO - Starting song collection (last 1 hours)
2025-12-30 23:58:03,070 - music_tracker - INFO - Fetching recent tracks from Spotify...
2025-12-30 23:58:03,441 - music_tracker - INFO - No recent songs found from Spotify
2025-12-30 23:58:03,444 - music_tracker - INFO - No new songs found from Spotify API
2025-12-30 23:58:03,444 - music_tracker - INFO - Song collection completed successfully
