2025-06-09 00:58:07,015 - music_tracker - INFO - Zero songs listened to
2025-06-09 00:58:07,015 - music_tracker - INFO - No songs uploaded.
2025-06-09 01:58:06,712 - music_tracker - INFO - Zero songs listened to
2025-06-09 01:58:06,713 - music_tracker - INFO - No songs uploaded.
2025-06-09 02:58:06,431 - music_tracker - INFO - Zero songs listened to
2025-06-09 02:58:06,431 - music_tracker - INFO - No songs uploaded.
2025-06-09 03:58:07,190 - music_tracker - INFO - Zero songs listened to
2025-06-09 03:58:07,191 - music_tracker - INFO - No songs uploaded.
2025-06-09 04:58:06,947 - music_tracker - INFO - Zero songs listened to
2025-06-09 04:58:06,947 - music_tracker - INFO - No songs uploaded.
2025-06-09 05:58:06,689 - music_tracker - INFO - Zero songs listened to
2025-06-09 05:58:06,690 - music_tracker - INFO - No songs uploaded.
2025-06-09 06:58:06,575 - music_tracker - INFO - Zero songs listened to
2025-06-09 06:58:06,575 - music_tracker - INFO - No songs uploaded.
2025-06-09 07:58:07,343 - music_tracker - INFO - Zero songs listened to
2025-06-09 07:58:07,343 - music_tracker - INFO - No songs uploaded.
2025-06-09 08:58:09,531 - music_tracker - INFO - Uploading 6 songs
2025-06-09 09:00:12,036 - music_tracker - INFO - Starting music tracker analysis
2025-06-09 09:00:12,037 - music_tracker - INFO - Fetching data
2025-06-09 09:00:12,366 - music_tracker - INFO - Fetched 98 recent songs
2025-06-09 09:00:12,372 - music_tracker - INFO - Running top listens analysis
2025-06-09 09:00:12,373 - music_tracker - INFO - Calculating top songs listens
2025-06-09 09:00:12,373 - music_tracker - INFO - Sending message with top 3 songs
2025-06-09 09:00:13,172 - music_tracker - INFO - Message successfully sent!
2025-06-09 09:00:13,173 - music_tracker - INFO - Calculating top albums listens
2025-06-09 09:00:13,173 - music_tracker - INFO - Sending message with top 3 albums
2025-06-09 09:00:14,017 - music_tracker - INFO - Message successfully sent!
2025-06-09 09:00:14,018 - music_tracker - INFO - Calculating top artists listens
2025-06-09 09:00:14,019 - music_tracker - INFO - Sending message with top 3 artists
2025-06-09 09:00:14,808 - music_tracker - INFO - Message successfully sent!
2025-06-09 09:00:14,809 - music_tracker - INFO - Running popularity and listening hours analysis
2025-06-09 09:00:14,809 - music_tracker - INFO - Finding most popular track
2025-06-09 09:00:14,810 - music_tracker - INFO - Most popular song found: See You Again (feat. Kali Uchis) with score 93
2025-06-09 09:00:15,504 - music_tracker - INFO - Message successfully sent!
2025-06-09 09:00:15,505 - music_tracker - INFO - Calculating most listened hour
2025-06-09 09:00:15,505 - music_tracker - INFO - Most listened hour: 21:00 with 58:31
2025-06-09 09:00:16,101 - music_tracker - INFO - Message successfully sent!
2025-06-09 09:00:16,102 - music_tracker - INFO - Analysis completed successfully

2025-06-09 09:58:11,353 - music_tracker - INFO - Uploading 19 songs
2025-06-09 10:58:10,007 - music_tracker - INFO - Uploading 12 songs
2025-06-09 11:58:10,735 - music_tracker - INFO - Uploading 16 songs
2025-06-09 12:58:06,476 - music_tracker - INFO - Zero songs listened to
2025-06-09 12:58:06,477 - music_tracker - INFO - No songs uploaded.
2025-06-09 13:58:07,255 - music_tracker - INFO - Zero songs listened to
2025-06-09 13:58:07,255 - music_tracker - INFO - No songs uploaded.
2025-06-09 14:58:06,991 - music_tracker - INFO - Zero songs listened to
2025-06-09 14:58:06,992 - music_tracker - INFO - No songs uploaded.
2025-06-09 15:58:06,699 - music_tracker - INFO - Zero songs listened to
2025-06-09 15:58:06,699 - music_tracker - INFO - No songs uploaded.
2025-06-09 16:58:08,836 - music_tracker - INFO - Uploading 4 songs
2025-06-09 17:58:10,287 - music_tracker - INFO - Uploading 15 songs
2025-06-09 18:58:10,816 - music_tracker - INFO - Uploading 15 songs
2025-06-09 19:58:09,034 - music_tracker - INFO - Uploading 9 songs
2025-06-09 20:58:09,651 - music_tracker - INFO - Uploading 11 songs
2025-06-09 21:58:07,362 - music_tracker - INFO - Zero songs listened to
2025-06-09 21:58:07,363 - music_tracker - INFO - No songs uploaded.
2025-06-09 22:58:07,427 - music_tracker - INFO - Zero songs listened to
2025-06-09 22:58:07,429 - music_tracker - INFO - No songs uploaded.
2025-06-09 23:58:07,133 - music_tracker - INFO - Zero songs listened to
2025-06-09 23:58:07,133 - music_tracker - INFO - No songs uploaded.
