2025-10-02 00:58:03,076 - music_tracker - INFO - SpotiSpy song collection starting...
2025-10-02 00:58:03,076 - music_tracker - INFO - Starting song collection (last 1 hours)
2025-10-02 00:58:03,077 - music_tracker - INFO - Fetching recent tracks from Spotify...
2025-10-02 00:58:03,455 - music_tracker - INFO - No recent songs found from Spotify
2025-10-02 00:58:03,457 - music_tracker - INFO - No new songs found from Spotify API
2025-10-02 00:58:03,458 - music_tracker - INFO - Song collection completed successfully
2025-10-02 01:58:03,358 - music_tracker - INFO - SpotiSpy song collection starting...
2025-10-02 01:58:03,358 - music_tracker - INFO - Starting song collection (last 1 hours)
2025-10-02 01:58:03,359 - music_tracker - INFO - Fetching recent tracks from Spotify...
2025-10-02 01:58:03,792 - music_tracker - INFO - No recent songs found from Spotify
2025-10-02 01:58:03,794 - music_tracker - INFO - No new songs found from Spotify API
2025-10-02 01:58:03,794 - music_tracker - INFO - Song collection completed successfully
2025-10-02 02:58:02,686 - music_tracker - INFO - SpotiSpy song collection starting...
2025-10-02 02:58:02,687 - music_tracker - INFO - Starting song collection (last 1 hours)
2025-10-02 02:58:02,688 - music_tracker - INFO - Fetching recent tracks from Spotify...
2025-10-02 02:58:03,088 - music_tracker - INFO - No recent songs found from Spotify
2025-10-02 02:58:03,090 - music_tracker - INFO - No new songs found from Spotify API
2025-10-02 02:58:03,091 - music_tracker - INFO - Song collection completed successfully
2025-10-02 03:58:03,247 - music_tracker - INFO - SpotiSpy song collection starting...
2025-10-02 03:58:03,248 - music_tracker - INFO - Starting song collection (last 1 hours)
2025-10-02 03:58:03,249 - music_tracker - INFO - Fetching recent tracks from Spotify...
2025-10-02 03:58:03,605 - music_tracker - INFO - No recent songs found from Spotify
2025-10-02 03:58:03,607 - music_tracker - INFO - No new songs found from Spotify API
2025-10-02 03:58:03,608 - music_tracker - INFO - Song collection completed successfully
2025-10-02 04:58:03,579 - music_tracker - INFO - SpotiSpy song collection starting...
2025-10-02 04:58:03,579 - music_tracker - INFO - Starting song collection (last 1 hours)
2025-10-02 04:58:03,580 - music_tracker - INFO - Fetching recent tracks from Spotify...
2025-10-02 04:58:03,941 - music_tracker - INFO - No recent songs found from Spotify
2025-10-02 04:58:03,943 - music_tracker - INFO - No new songs found from Spotify API
2025-10-02 04:58:03,944 - music_tracker - INFO - Song collection completed successfully
2025-10-02 05:58:02,841 - music_tracker - INFO - SpotiSpy song collection starting...
2025-10-02 05:58:02,841 - music_tracker - INFO - Starting song collection (last 1 hours)
2025-10-02 05:58:02,842 - music_tracker - INFO - Fetching recent tracks from Spotify...
2025-10-02 05:58:03,197 - music_tracker - INFO - No recent songs found from Spotify
2025-10-02 05:58:03,199 - music_tracker - INFO - No new songs found from Spotify API
2025-10-02 05:58:03,200 - music_tracker - INFO - Song collection completed successfully
2025-10-02 06:58:03,157 - music_tracker - INFO - SpotiSpy song collection starting...
2025-10-02 06:58:03,158 - music_tracker - INFO - Starting song collection (last 1 hours)
2025-10-02 06:58:03,159 - music_tracker - INFO - Fetching recent tracks from Spotify...
2025-10-02 06:58:03,507 - music_tracker - INFO - No recent songs found from Spotify
2025-10-02 06:58:03,509 - music_tracker - INFO - No new songs found from Spotify API
2025-10-02 06:58:03,510 - music_tracker - INFO - Song collection completed successfully
2025-10-02 07:58:03,445 - music_tracker - INFO - SpotiSpy song collection starting...
2025-10-02 07:58:03,445 - music_tracker - INFO - Starting song collection (last 1 hours)
2025-10-02 07:58:03,446 - music_tracker - INFO - Fetching recent tracks from Spotify...
2025-10-02 07:58:03,793 - music_tracker - INFO - No recent songs found from Spotify
2025-10-02 07:58:03,795 - music_tracker - INFO - No new songs found from Spotify API
2025-10-02 07:58:03,796 - music_tracker - INFO - Song collection completed successfully
2025-10-02 08:58:02,695 - music_tracker - INFO - SpotiSpy song collection starting...
2025-10-02 08:58:02,695 - music_tracker - INFO - Starting song collection (last 1 hours)
2025-10-02 08:58:02,696 - music_tracker - INFO - Fetching recent tracks from Spotify...
2025-10-02 08:58:03,044 - music_tracker - INFO - No recent songs found from Spotify
2025-10-02 08:58:03,046 - music_tracker - INFO - No new songs found from Spotify API
2025-10-02 08:58:03,047 - music_tracker - INFO - Song collection completed successfully
2025-10-02 09:00:12,901 - music_tracker - INFO - SpotiSpy starting...
2025-10-02 09:00:12,901 - music_tracker - INFO - Starting daily SpotiSpy analysis
2025-10-02 09:00:12,902 - music_tracker - INFO - Fetching yesterday's listening data...
2025-10-02 09:00:14,635 - music_tracker - INFO - Fetched 128 songs from database
2025-10-02 09:00:14,638 - music_tracker - INFO - Found 128 songs to analyze
2025-10-02 09:00:14,638 - music_tracker - INFO - Running analysis...
2025-10-02 09:00:14,652 - music_tracker - INFO - Sending daily summary to Slack...
2025-10-02 09:00:35,208 - music_tracker - INFO - Message sent successfully to Slack
2025-10-02 09:00:35,209 - music_tracker - INFO - Daily analysis completed successfully!
2025-10-02 09:00:35,210 - music_tracker - INFO - SpotiSpy completed successfully
2025-10-02 09:58:04,404 - music_tracker - INFO - SpotiSpy song collection starting...
2025-10-02 09:58:04,412 - music_tracker - INFO - Starting song collection (last 1 hours)
2025-10-02 09:58:04,413 - music_tracker - INFO - Fetching recent tracks from Spotify...
2025-10-02 09:58:04,982 - music_tracker - INFO - Fetched 3 songs from Spotify
2025-10-02 09:58:04,985 - music_tracker - INFO - Found 3 songs from Spotify API
2025-10-02 09:58:04,986 - music_tracker - INFO - Checking for duplicates in database...
2025-10-02 09:58:06,732 - music_tracker - INFO - Found 3 new songs out of 3 total
2025-10-02 09:58:06,735 - music_tracker - INFO - Found 3 new songs to save
2025-10-02 09:58:06,736 - music_tracker - INFO - Saving songs to database...
2025-10-02 09:58:07,102 - music_tracker - INFO - Successfully saved 3 songs to database
2025-10-02 09:58:07,104 - music_tracker - INFO - Successfully saved 3 songs to database
2025-10-02 09:58:07,105 - music_tracker - INFO - Song collection completed successfully
2025-10-02 10:58:03,039 - music_tracker - INFO - SpotiSpy song collection starting...
2025-10-02 10:58:03,040 - music_tracker - INFO - Starting song collection (last 1 hours)
2025-10-02 10:58:03,041 - music_tracker - INFO - Fetching recent tracks from Spotify...
2025-10-02 10:58:03,407 - music_tracker - INFO - No recent songs found from Spotify
2025-10-02 10:58:03,409 - music_tracker - INFO - No new songs found from Spotify API
2025-10-02 10:58:03,410 - music_tracker - INFO - Song collection completed successfully
2025-10-02 11:58:03,319 - music_tracker - INFO - SpotiSpy song collection starting...
2025-10-02 11:58:03,320 - music_tracker - INFO - Starting song collection (last 1 hours)
2025-10-02 11:58:03,320 - music_tracker - INFO - Fetching recent tracks from Spotify...
2025-10-02 11:58:03,794 - music_tracker - INFO - Fetched 5 songs from Spotify
2025-10-02 11:58:03,797 - music_tracker - INFO - Found 5 songs from Spotify API
2025-10-02 11:58:03,797 - music_tracker - INFO - Checking for duplicates in database...
2025-10-02 11:58:05,344 - music_tracker - INFO - Found 5 new songs out of 5 total
2025-10-02 11:58:05,346 - music_tracker - INFO - Found 5 new songs to save
2025-10-02 11:58:05,347 - music_tracker - INFO - Saving songs to database...
2025-10-02 11:58:05,820 - music_tracker - INFO - Successfully saved 5 songs to database
2025-10-02 11:58:05,823 - music_tracker - INFO - Successfully saved 5 songs to database
2025-10-02 11:58:05,823 - music_tracker - INFO - Song collection completed successfully
2025-10-02 12:58:02,727 - music_tracker - INFO - SpotiSpy song collection starting...
2025-10-02 12:58:02,728 - music_tracker - INFO - Starting song collection (last 1 hours)
2025-10-02 12:58:02,729 - music_tracker - INFO - Fetching recent tracks from Spotify...
2025-10-02 12:58:03,150 - music_tracker - INFO - No recent songs found from Spotify
2025-10-02 12:58:03,152 - music_tracker - INFO - No new songs found from Spotify API
2025-10-02 12:58:03,153 - music_tracker - INFO - Song collection completed successfully
2025-10-02 13:58:03,111 - music_tracker - INFO - SpotiSpy song collection starting...
2025-10-02 13:58:03,112 - music_tracker - INFO - Starting song collection (last 1 hours)
2025-10-02 13:58:03,113 - music_tracker - INFO - Fetching recent tracks from Spotify...
2025-10-02 13:58:03,516 - music_tracker - INFO - No recent songs found from Spotify
2025-10-02 13:58:03,518 - music_tracker - INFO - No new songs found from Spotify API
2025-10-02 13:58:03,519 - music_tracker - INFO - Song collection completed successfully
2025-10-02 14:58:03,545 - music_tracker - INFO - SpotiSpy song collection starting...
2025-10-02 14:58:03,547 - music_tracker - INFO - Starting song collection (last 1 hours)
2025-10-02 14:58:03,548 - music_tracker - INFO - Fetching recent tracks from Spotify...
2025-10-02 14:58:04,193 - music_tracker - INFO - Fetched 7 songs from Spotify
2025-10-02 14:58:04,196 - music_tracker - INFO - Found 7 songs from Spotify API
2025-10-02 14:58:04,197 - music_tracker - INFO - Checking for duplicates in database...
2025-10-02 14:58:05,856 - music_tracker - INFO - Found 7 new songs out of 7 total
2025-10-02 14:58:05,859 - music_tracker - INFO - Found 7 new songs to save
2025-10-02 14:58:05,859 - music_tracker - INFO - Saving songs to database...
2025-10-02 14:58:06,259 - music_tracker - INFO - Successfully saved 7 songs to database
2025-10-02 14:58:06,261 - music_tracker - INFO - Successfully saved 7 songs to database
2025-10-02 14:58:06,262 - music_tracker - INFO - Song collection completed successfully
2025-10-02 15:58:03,305 - music_tracker - INFO - SpotiSpy song collection starting...
2025-10-02 15:58:03,305 - music_tracker - INFO - Starting song collection (last 1 hours)
2025-10-02 15:58:03,306 - music_tracker - INFO - Fetching recent tracks from Spotify...
2025-10-02 15:58:03,667 - music_tracker - INFO - No recent songs found from Spotify
2025-10-02 15:58:03,669 - music_tracker - INFO - No new songs found from Spotify API
2025-10-02 15:58:03,670 - music_tracker - INFO - Song collection completed successfully
2025-10-02 16:58:03,611 - music_tracker - INFO - SpotiSpy song collection starting...
2025-10-02 16:58:03,612 - music_tracker - INFO - Starting song collection (last 1 hours)
2025-10-02 16:58:03,613 - music_tracker - INFO - Fetching recent tracks from Spotify...
2025-10-02 16:58:04,020 - music_tracker - INFO - No recent songs found from Spotify
2025-10-02 16:58:04,022 - music_tracker - INFO - No new songs found from Spotify API
2025-10-02 16:58:04,023 - music_tracker - INFO - Song collection completed successfully
2025-10-02 17:58:02,960 - music_tracker - INFO - SpotiSpy song collection starting...
2025-10-02 17:58:02,960 - music_tracker - INFO - Starting song collection (last 1 hours)
2025-10-02 17:58:02,961 - music_tracker - INFO - Fetching recent tracks from Spotify...
2025-10-02 17:58:03,471 - music_tracker - INFO - Fetched 8 songs from Spotify
2025-10-02 17:58:03,474 - music_tracker - INFO - Found 8 songs from Spotify API
2025-10-02 17:58:03,475 - music_tracker - INFO - Checking for duplicates in database...
2025-10-02 17:58:04,681 - music_tracker - INFO - Found 8 new songs out of 8 total
2025-10-02 17:58:04,684 - music_tracker - INFO - Found 8 new songs to save
2025-10-02 17:58:04,684 - music_tracker - INFO - Saving songs to database...
2025-10-02 17:58:04,988 - music_tracker - INFO - Successfully saved 8 songs to database
2025-10-02 17:58:04,990 - music_tracker - INFO - Successfully saved 8 songs to database
2025-10-02 17:58:04,991 - music_tracker - INFO - Song collection completed successfully
2025-10-02 18:58:02,923 - music_tracker - INFO - SpotiSpy song collection starting...
2025-10-02 18:58:02,924 - music_tracker - INFO - Starting song collection (last 1 hours)
2025-10-02 18:58:02,925 - music_tracker - INFO - Fetching recent tracks from Spotify...
2025-10-02 18:58:03,466 - music_tracker - INFO - Fetched 16 songs from Spotify
2025-10-02 18:58:03,469 - music_tracker - INFO - Found 16 songs from Spotify API
2025-10-02 18:58:03,470 - music_tracker - INFO - Checking for duplicates in database...
2025-10-02 18:58:04,864 - music_tracker - INFO - Found 16 new songs out of 16 total
2025-10-02 18:58:04,866 - music_tracker - INFO - Found 16 new songs to save
2025-10-02 18:58:04,867 - music_tracker - INFO - Saving songs to database...
2025-10-02 18:58:05,182 - music_tracker - INFO - Successfully saved 16 songs to database
2025-10-02 18:58:05,184 - music_tracker - INFO - Successfully saved 16 songs to database
2025-10-02 18:58:05,185 - music_tracker - INFO - Song collection completed successfully
2025-10-02 19:58:03,101 - music_tracker - INFO - SpotiSpy song collection starting...
2025-10-02 19:58:03,102 - music_tracker - INFO - Starting song collection (last 1 hours)
2025-10-02 19:58:03,103 - music_tracker - INFO - Fetching recent tracks from Spotify...
2025-10-02 19:58:03,687 - music_tracker - INFO - Fetched 7 songs from Spotify
2025-10-02 19:58:03,690 - music_tracker - INFO - Found 7 songs from Spotify API
2025-10-02 19:58:03,691 - music_tracker - INFO - Checking for duplicates in database...
2025-10-02 19:58:04,891 - music_tracker - INFO - Found 7 new songs out of 7 total
2025-10-02 19:58:04,893 - music_tracker - INFO - Found 7 new songs to save
2025-10-02 19:58:04,894 - music_tracker - INFO - Saving songs to database...
2025-10-02 19:58:05,244 - music_tracker - INFO - Successfully saved 7 songs to database
2025-10-02 19:58:05,246 - music_tracker - INFO - Successfully saved 7 songs to database
2025-10-02 19:58:05,247 - music_tracker - INFO - Song collection completed successfully
2025-10-02 20:58:03,191 - music_tracker - INFO - SpotiSpy song collection starting...
2025-10-02 20:58:03,191 - music_tracker - INFO - Starting song collection (last 1 hours)
2025-10-02 20:58:03,192 - music_tracker - INFO - Fetching recent tracks from Spotify...
2025-10-02 20:58:03,573 - music_tracker - INFO - No recent songs found from Spotify
2025-10-02 20:58:03,576 - music_tracker - INFO - No new songs found from Spotify API
2025-10-02 20:58:03,576 - music_tracker - INFO - Song collection completed successfully
2025-10-02 21:58:03,469 - music_tracker - INFO - SpotiSpy song collection starting...
2025-10-02 21:58:03,469 - music_tracker - INFO - Starting song collection (last 1 hours)
2025-10-02 21:58:03,470 - music_tracker - INFO - Fetching recent tracks from Spotify...
2025-10-02 21:58:04,075 - music_tracker - INFO - Fetched 2 songs from Spotify
2025-10-02 21:58:04,077 - music_tracker - INFO - Found 2 songs from Spotify API
2025-10-02 21:58:04,078 - music_tracker - INFO - Checking for duplicates in database...
2025-10-02 21:58:04,941 - music_tracker - INFO - Found 2 new songs out of 2 total
2025-10-02 21:58:04,943 - music_tracker - INFO - Found 2 new songs to save
2025-10-02 21:58:04,944 - music_tracker - INFO - Saving songs to database...
2025-10-02 21:58:05,237 - music_tracker - INFO - Successfully saved 2 songs to database
2025-10-02 21:58:05,239 - music_tracker - INFO - Successfully saved 2 songs to database
2025-10-02 21:58:05,240 - music_tracker - INFO - Song collection completed successfully
2025-10-02 22:58:03,161 - music_tracker - INFO - SpotiSpy song collection starting...
2025-10-02 22:58:03,162 - music_tracker - INFO - Starting song collection (last 1 hours)
2025-10-02 22:58:03,163 - music_tracker - INFO - Fetching recent tracks from Spotify...
2025-10-02 22:58:03,581 - music_tracker - INFO - Fetched 2 songs from Spotify
2025-10-02 22:58:03,583 - music_tracker - INFO - Found 2 songs from Spotify API
2025-10-02 22:58:03,584 - music_tracker - INFO - Checking for duplicates in database...
2025-10-02 22:58:04,972 - music_tracker - INFO - Found 2 new songs out of 2 total
2025-10-02 22:58:04,974 - music_tracker - INFO - Found 2 new songs to save
2025-10-02 22:58:04,975 - music_tracker - INFO - Saving songs to database...
2025-10-02 22:58:05,289 - music_tracker - INFO - Successfully saved 2 songs to database
2025-10-02 22:58:05,291 - music_tracker - INFO - Successfully saved 2 songs to database
2025-10-02 22:58:05,292 - music_tracker - INFO - Song collection completed successfully
2025-10-02 23:58:03,225 - music_tracker - INFO - SpotiSpy song collection starting...
2025-10-02 23:58:03,225 - music_tracker - INFO - Starting song collection (last 1 hours)
2025-10-02 23:58:03,226 - music_tracker - INFO - Fetching recent tracks from Spotify...
2025-10-02 23:58:03,586 - music_tracker - INFO - No recent songs found from Spotify
2025-10-02 23:58:03,588 - music_tracker - INFO - No new songs found from Spotify API
2025-10-02 23:58:03,588 - music_tracker - INFO - Song collection completed successfully
