2025-09-09 00:58:03,499 - music_tracker - INFO - SpotiSpy song collection starting...
2025-09-09 00:58:03,500 - music_tracker - INFO - Starting song collection (last 1 hours)
2025-09-09 00:58:03,501 - music_tracker - INFO - Fetching recent tracks from Spotify...
2025-09-09 00:58:03,841 - music_tracker - INFO - No recent songs found from Spotify
2025-09-09 00:58:03,843 - music_tracker - INFO - No new songs found from Spotify API
2025-09-09 00:58:03,843 - music_tracker - INFO - Song collection completed successfully
2025-09-09 01:58:02,739 - music_tracker - INFO - SpotiSpy song collection starting...
2025-09-09 01:58:02,740 - music_tracker - INFO - Starting song collection (last 1 hours)
2025-09-09 01:58:02,740 - music_tracker - INFO - Fetching recent tracks from Spotify...
2025-09-09 01:58:03,085 - music_tracker - INFO - No recent songs found from Spotify
2025-09-09 01:58:03,087 - music_tracker - INFO - No new songs found from Spotify API
2025-09-09 01:58:03,088 - music_tracker - INFO - Song collection completed successfully
2025-09-09 02:58:03,520 - music_tracker - INFO - SpotiSpy song collection starting...
2025-09-09 02:58:03,521 - music_tracker - INFO - Starting song collection (last 1 hours)
2025-09-09 02:58:03,522 - music_tracker - INFO - Fetching recent tracks from Spotify...
2025-09-09 02:58:03,914 - music_tracker - INFO - No recent songs found from Spotify
2025-09-09 02:58:03,916 - music_tracker - INFO - No new songs found from Spotify API
2025-09-09 02:58:03,916 - music_tracker - INFO - Song collection completed successfully
2025-09-09 03:58:02,978 - music_tracker - INFO - SpotiSpy song collection starting...
2025-09-09 03:58:02,979 - music_tracker - INFO - Starting song collection (last 1 hours)
2025-09-09 03:58:02,980 - music_tracker - INFO - Fetching recent tracks from Spotify...
2025-09-09 03:58:03,376 - music_tracker - INFO - No recent songs found from Spotify
2025-09-09 03:58:03,379 - music_tracker - INFO - No new songs found from Spotify API
2025-09-09 03:58:03,379 - music_tracker - INFO - Song collection completed successfully
2025-09-09 04:58:03,288 - music_tracker - INFO - SpotiSpy song collection starting...
2025-09-09 04:58:03,289 - music_tracker - INFO - Starting song collection (last 1 hours)
2025-09-09 04:58:03,290 - music_tracker - INFO - Fetching recent tracks from Spotify...
2025-09-09 04:58:03,644 - music_tracker - INFO - No recent songs found from Spotify
2025-09-09 04:58:03,646 - music_tracker - INFO - No new songs found from Spotify API
2025-09-09 04:58:03,646 - music_tracker - INFO - Song collection completed successfully
2025-09-09 05:58:04,050 - music_tracker - INFO - SpotiSpy song collection starting...
2025-09-09 05:58:04,051 - music_tracker - INFO - Starting song collection (last 1 hours)
2025-09-09 05:58:04,052 - music_tracker - INFO - Fetching recent tracks from Spotify...
2025-09-09 05:58:04,438 - music_tracker - INFO - No recent songs found from Spotify
2025-09-09 05:58:04,440 - music_tracker - INFO - No new songs found from Spotify API
2025-09-09 05:58:04,440 - music_tracker - INFO - Song collection completed successfully
2025-09-09 06:58:03,406 - music_tracker - INFO - SpotiSpy song collection starting...
2025-09-09 06:58:03,407 - music_tracker - INFO - Starting song collection (last 1 hours)
2025-09-09 06:58:03,407 - music_tracker - INFO - Fetching recent tracks from Spotify...
2025-09-09 06:58:03,776 - music_tracker - INFO - No recent songs found from Spotify
2025-09-09 06:58:03,778 - music_tracker - INFO - No new songs found from Spotify API
2025-09-09 06:58:03,778 - music_tracker - INFO - Song collection completed successfully
2025-09-09 07:58:02,669 - music_tracker - INFO - SpotiSpy song collection starting...
2025-09-09 07:58:02,670 - music_tracker - INFO - Starting song collection (last 1 hours)
2025-09-09 07:58:02,671 - music_tracker - INFO - Fetching recent tracks from Spotify...
2025-09-09 07:58:03,040 - music_tracker - INFO - No recent songs found from Spotify
2025-09-09 07:58:03,042 - music_tracker - INFO - No new songs found from Spotify API
2025-09-09 07:58:03,042 - music_tracker - INFO - Song collection completed successfully
2025-09-09 08:58:03,053 - music_tracker - INFO - SpotiSpy song collection starting...
2025-09-09 08:58:03,053 - music_tracker - INFO - Starting song collection (last 1 hours)
2025-09-09 08:58:03,054 - music_tracker - INFO - Fetching recent tracks from Spotify...
2025-09-09 08:58:03,420 - music_tracker - INFO - No recent songs found from Spotify
2025-09-09 08:58:03,422 - music_tracker - INFO - No new songs found from Spotify API
2025-09-09 08:58:03,422 - music_tracker - INFO - Song collection completed successfully
2025-09-09 09:00:12,819 - music_tracker - INFO - SpotiSpy starting...
2025-09-09 09:00:12,820 - music_tracker - INFO - Starting daily SpotiSpy analysis
2025-09-09 09:00:12,820 - music_tracker - INFO - Fetching yesterday's listening data...
2025-09-09 09:00:14,467 - music_tracker - INFO - Fetched 49 songs from database
2025-09-09 09:00:14,470 - music_tracker - INFO - Found 49 songs to analyze
2025-09-09 09:00:14,471 - music_tracker - INFO - Running analysis...
2025-09-09 09:00:14,478 - music_tracker - INFO - Sending daily summary to Slack...
2025-09-09 09:00:32,719 - music_tracker - INFO - Message sent successfully to Slack
2025-09-09 09:00:32,720 - music_tracker - INFO - Daily analysis completed successfully!
2025-09-09 09:00:32,720 - music_tracker - INFO - SpotiSpy completed successfully
2025-09-09 09:58:02,840 - music_tracker - INFO - SpotiSpy song collection starting...
2025-09-09 09:58:02,841 - music_tracker - INFO - Starting song collection (last 1 hours)
2025-09-09 09:58:02,842 - music_tracker - INFO - Fetching recent tracks from Spotify...
2025-09-09 09:58:03,201 - music_tracker - INFO - No recent songs found from Spotify
2025-09-09 09:58:03,204 - music_tracker - INFO - No new songs found from Spotify API
2025-09-09 09:58:03,204 - music_tracker - INFO - Song collection completed successfully
2025-09-09 10:58:03,695 - music_tracker - INFO - SpotiSpy song collection starting...
2025-09-09 10:58:03,695 - music_tracker - INFO - Starting song collection (last 1 hours)
2025-09-09 10:58:03,696 - music_tracker - INFO - Fetching recent tracks from Spotify...
2025-09-09 10:58:04,087 - music_tracker - INFO - No recent songs found from Spotify
2025-09-09 10:58:04,089 - music_tracker - INFO - No new songs found from Spotify API
2025-09-09 10:58:04,089 - music_tracker - INFO - Song collection completed successfully
2025-09-09 11:58:02,986 - music_tracker - INFO - SpotiSpy song collection starting...
2025-09-09 11:58:02,987 - music_tracker - INFO - Starting song collection (last 1 hours)
2025-09-09 11:58:02,987 - music_tracker - INFO - Fetching recent tracks from Spotify...
2025-09-09 11:58:03,393 - music_tracker - INFO - Fetched 3 songs from Spotify
2025-09-09 11:58:03,395 - music_tracker - INFO - Found 3 songs from Spotify API
2025-09-09 11:58:03,396 - music_tracker - INFO - Checking for duplicates in database...
2025-09-09 11:58:04,674 - music_tracker - INFO - Found 3 new songs out of 3 total
2025-09-09 11:58:04,676 - music_tracker - INFO - Found 3 new songs to save
2025-09-09 11:58:04,677 - music_tracker - INFO - Saving songs to database...
2025-09-09 11:58:05,007 - music_tracker - INFO - Successfully saved 3 songs to database
2025-09-09 11:58:05,009 - music_tracker - INFO - Successfully saved 3 songs to database
2025-09-09 11:58:05,010 - music_tracker - INFO - Song collection completed successfully
2025-09-09 12:58:02,915 - music_tracker - INFO - SpotiSpy song collection starting...
2025-09-09 12:58:02,915 - music_tracker - INFO - Starting song collection (last 1 hours)
2025-09-09 12:58:02,916 - music_tracker - INFO - Fetching recent tracks from Spotify...
2025-09-09 12:58:03,297 - music_tracker - INFO - No recent songs found from Spotify
2025-09-09 12:58:03,299 - music_tracker - INFO - No new songs found from Spotify API
2025-09-09 12:58:03,300 - music_tracker - INFO - Song collection completed successfully
2025-09-09 13:58:03,179 - music_tracker - INFO - SpotiSpy song collection starting...
2025-09-09 13:58:03,179 - music_tracker - INFO - Starting song collection (last 1 hours)
2025-09-09 13:58:03,180 - music_tracker - INFO - Fetching recent tracks from Spotify...
2025-09-09 13:58:03,582 - music_tracker - INFO - Fetched 6 songs from Spotify
2025-09-09 13:58:03,585 - music_tracker - INFO - Found 6 songs from Spotify API
2025-09-09 13:58:03,586 - music_tracker - INFO - Checking for duplicates in database...
2025-09-09 13:58:04,259 - music_tracker - INFO - Found 6 new songs out of 6 total
2025-09-09 13:58:04,261 - music_tracker - INFO - Found 6 new songs to save
2025-09-09 13:58:04,262 - music_tracker - INFO - Saving songs to database...
2025-09-09 13:58:04,500 - music_tracker - INFO - Successfully saved 6 songs to database
2025-09-09 13:58:04,502 - music_tracker - INFO - Successfully saved 6 songs to database
2025-09-09 13:58:04,503 - music_tracker - INFO - Song collection completed successfully
2025-09-09 14:58:04,385 - music_tracker - INFO - SpotiSpy song collection starting...
2025-09-09 14:58:04,387 - music_tracker - INFO - Starting song collection (last 1 hours)
2025-09-09 14:58:04,387 - music_tracker - INFO - Fetching recent tracks from Spotify...
2025-09-09 14:58:04,839 - music_tracker - INFO - Fetched 15 songs from Spotify
2025-09-09 14:58:04,841 - music_tracker - INFO - Found 15 songs from Spotify API
2025-09-09 14:58:04,842 - music_tracker - INFO - Checking for duplicates in database...
2025-09-09 14:58:05,396 - music_tracker - INFO - Found 15 new songs out of 15 total
2025-09-09 14:58:05,398 - music_tracker - INFO - Found 15 new songs to save
2025-09-09 14:58:05,399 - music_tracker - INFO - Saving songs to database...
2025-09-09 14:58:05,650 - music_tracker - INFO - Successfully saved 15 songs to database
2025-09-09 14:58:05,652 - music_tracker - INFO - Successfully saved 15 songs to database
2025-09-09 14:58:05,653 - music_tracker - INFO - Song collection completed successfully
2025-09-09 15:58:03,340 - music_tracker - INFO - SpotiSpy song collection starting...
2025-09-09 15:58:03,341 - music_tracker - INFO - Starting song collection (last 1 hours)
2025-09-09 15:58:03,342 - music_tracker - INFO - Fetching recent tracks from Spotify...
2025-09-09 15:58:03,798 - music_tracker - INFO - Fetched 12 songs from Spotify
2025-09-09 15:58:03,800 - music_tracker - INFO - Found 12 songs from Spotify API
2025-09-09 15:58:03,801 - music_tracker - INFO - Checking for duplicates in database...
2025-09-09 15:58:05,170 - music_tracker - INFO - Found 12 new songs out of 12 total
2025-09-09 15:58:05,172 - music_tracker - INFO - Found 12 new songs to save
2025-09-09 15:58:05,172 - music_tracker - INFO - Saving songs to database...
2025-09-09 15:58:05,585 - music_tracker - INFO - Successfully saved 12 songs to database
2025-09-09 15:58:05,587 - music_tracker - INFO - Successfully saved 12 songs to database
2025-09-09 15:58:05,588 - music_tracker - INFO - Song collection completed successfully
2025-09-09 16:58:03,573 - music_tracker - INFO - SpotiSpy song collection starting...
2025-09-09 16:58:03,573 - music_tracker - INFO - Starting song collection (last 1 hours)
2025-09-09 16:58:03,574 - music_tracker - INFO - Fetching recent tracks from Spotify...
2025-09-09 16:58:03,960 - music_tracker - INFO - No recent songs found from Spotify
2025-09-09 16:58:03,962 - music_tracker - INFO - No new songs found from Spotify API
2025-09-09 16:58:03,963 - music_tracker - INFO - Song collection completed successfully
2025-09-09 17:58:02,860 - music_tracker - INFO - SpotiSpy song collection starting...
2025-09-09 17:58:02,860 - music_tracker - INFO - Starting song collection (last 1 hours)
2025-09-09 17:58:02,861 - music_tracker - INFO - Fetching recent tracks from Spotify...
2025-09-09 17:58:03,370 - music_tracker - INFO - Fetched 12 songs from Spotify
2025-09-09 17:58:03,373 - music_tracker - INFO - Found 12 songs from Spotify API
2025-09-09 17:58:03,374 - music_tracker - INFO - Checking for duplicates in database...
2025-09-09 17:58:04,185 - music_tracker - INFO - Found 12 new songs out of 12 total
2025-09-09 17:58:04,188 - music_tracker - INFO - Found 12 new songs to save
2025-09-09 17:58:04,188 - music_tracker - INFO - Saving songs to database...
2025-09-09 17:58:04,540 - music_tracker - INFO - Successfully saved 12 songs to database
2025-09-09 17:58:04,542 - music_tracker - INFO - Successfully saved 12 songs to database
2025-09-09 17:58:04,543 - music_tracker - INFO - Song collection completed successfully
2025-09-09 18:58:04,527 - music_tracker - INFO - SpotiSpy song collection starting...
2025-09-09 18:58:04,528 - music_tracker - INFO - Starting song collection (last 1 hours)
2025-09-09 18:58:04,528 - music_tracker - INFO - Fetching recent tracks from Spotify...
2025-09-09 18:58:05,009 - music_tracker - INFO - Fetched 8 songs from Spotify
2025-09-09 18:58:05,012 - music_tracker - INFO - Found 8 songs from Spotify API
2025-09-09 18:58:05,013 - music_tracker - INFO - Checking for duplicates in database...
2025-09-09 18:58:06,061 - music_tracker - INFO - Found 8 new songs out of 8 total
2025-09-09 18:58:06,063 - music_tracker - INFO - Found 8 new songs to save
2025-09-09 18:58:06,064 - music_tracker - INFO - Saving songs to database...
2025-09-09 18:58:06,393 - music_tracker - INFO - Successfully saved 8 songs to database
2025-09-09 18:58:06,395 - music_tracker - INFO - Successfully saved 8 songs to database
2025-09-09 18:58:06,396 - music_tracker - INFO - Song collection completed successfully
2025-09-09 19:58:03,432 - music_tracker - INFO - SpotiSpy song collection starting...
2025-09-09 19:58:03,433 - music_tracker - INFO - Starting song collection (last 1 hours)
2025-09-09 19:58:03,434 - music_tracker - INFO - Fetching recent tracks from Spotify...
2025-09-09 19:58:03,849 - music_tracker - INFO - No recent songs found from Spotify
2025-09-09 19:58:03,851 - music_tracker - INFO - No new songs found from Spotify API
2025-09-09 19:58:03,851 - music_tracker - INFO - Song collection completed successfully
2025-09-09 20:58:02,834 - music_tracker - INFO - SpotiSpy song collection starting...
2025-09-09 20:58:02,834 - music_tracker - INFO - Starting song collection (last 1 hours)
2025-09-09 20:58:02,835 - music_tracker - INFO - Fetching recent tracks from Spotify...
2025-09-09 20:58:03,443 - music_tracker - INFO - Fetched 6 songs from Spotify
2025-09-09 20:58:03,445 - music_tracker - INFO - Found 6 songs from Spotify API
2025-09-09 20:58:03,446 - music_tracker - INFO - Checking for duplicates in database...
2025-09-09 20:58:04,907 - music_tracker - INFO - Found 6 new songs out of 6 total
2025-09-09 20:58:04,909 - music_tracker - INFO - Found 6 new songs to save
2025-09-09 20:58:04,910 - music_tracker - INFO - Saving songs to database...
2025-09-09 20:58:05,306 - music_tracker - INFO - Successfully saved 6 songs to database
2025-09-09 20:58:05,308 - music_tracker - INFO - Successfully saved 6 songs to database
2025-09-09 20:58:05,309 - music_tracker - INFO - Song collection completed successfully
2025-09-09 21:58:03,270 - music_tracker - INFO - SpotiSpy song collection starting...
2025-09-09 21:58:03,270 - music_tracker - INFO - Starting song collection (last 1 hours)
2025-09-09 21:58:03,271 - music_tracker - INFO - Fetching recent tracks from Spotify...
2025-09-09 21:58:03,733 - music_tracker - INFO - Fetched 16 songs from Spotify
2025-09-09 21:58:03,736 - music_tracker - INFO - Found 16 songs from Spotify API
2025-09-09 21:58:03,737 - music_tracker - INFO - Checking for duplicates in database...
2025-09-09 21:58:05,052 - music_tracker - INFO - Found 16 new songs out of 16 total
2025-09-09 21:58:05,055 - music_tracker - INFO - Found 16 new songs to save
2025-09-09 21:58:05,056 - music_tracker - INFO - Saving songs to database...
2025-09-09 21:58:05,485 - music_tracker - INFO - Successfully saved 16 songs to database
2025-09-09 21:58:05,487 - music_tracker - INFO - Successfully saved 16 songs to database
2025-09-09 21:58:05,488 - music_tracker - INFO - Song collection completed successfully
2025-09-09 22:58:03,719 - music_tracker - INFO - SpotiSpy song collection starting...
2025-09-09 22:58:03,719 - music_tracker - INFO - Starting song collection (last 1 hours)
2025-09-09 22:58:03,720 - music_tracker - INFO - Fetching recent tracks from Spotify...
2025-09-09 22:58:04,185 - music_tracker - INFO - Fetched 9 songs from Spotify
2025-09-09 22:58:04,188 - music_tracker - INFO - Found 9 songs from Spotify API
2025-09-09 22:58:04,188 - music_tracker - INFO - Checking for duplicates in database...
2025-09-09 22:58:05,399 - music_tracker - INFO - Found 9 new songs out of 9 total
2025-09-09 22:58:05,401 - music_tracker - INFO - Found 9 new songs to save
2025-09-09 22:58:05,402 - music_tracker - INFO - Saving songs to database...
2025-09-09 22:58:05,802 - music_tracker - INFO - Successfully saved 9 songs to database
2025-09-09 22:58:05,804 - music_tracker - INFO - Successfully saved 9 songs to database
2025-09-09 22:58:05,805 - music_tracker - INFO - Song collection completed successfully
2025-09-09 23:58:02,743 - music_tracker - INFO - SpotiSpy song collection starting...
2025-09-09 23:58:02,743 - music_tracker - INFO - Starting song collection (last 1 hours)
2025-09-09 23:58:02,744 - music_tracker - INFO - Fetching recent tracks from Spotify...
2025-09-09 23:58:03,137 - music_tracker - INFO - No recent songs found from Spotify
2025-09-09 23:58:03,139 - music_tracker - INFO - No new songs found from Spotify API
2025-09-09 23:58:03,139 - music_tracker - INFO - Song collection completed successfully
