2025-05-22 00:58:09,917 - music_tracker - INFO - Uploading 14 songs
2025-05-22 01:58:12,123 - music_tracker - INFO -   Supabase error: Status 400, {"code":"22007","details":null,"hint":null,"message":"invalid input syntax for type date: \"2007\""}
2025-05-22 01:58:12,125 - music_tracker - INFO - No songs uploaded.
2025-05-22 02:58:10,794 - music_tracker - INFO -   Supabase error: Status 400, {"code":"22007","details":null,"hint":null,"message":"invalid input syntax for type date: \"2007\""}
2025-05-22 02:58:10,796 - music_tracker - INFO - No songs uploaded.
2025-05-22 03:58:10,291 - music_tracker - INFO -   Supabase error: Status 400, {"code":"22007","details":null,"hint":null,"message":"invalid input syntax for type date: \"2007\""}
2025-05-22 03:58:10,293 - music_tracker - INFO - No songs uploaded.
2025-05-22 04:58:09,789 - music_tracker - INFO -   Supabase error: Status 400, {"code":"22007","details":null,"hint":null,"message":"invalid input syntax for type date: \"2007\""}
2025-05-22 04:58:09,791 - music_tracker - INFO - No songs uploaded.
2025-05-22 05:58:06,521 - music_tracker - INFO - Zero songs listened to
2025-05-22 05:58:06,521 - music_tracker - INFO - No songs uploaded.
2025-05-22 06:58:07,555 - music_tracker - INFO - Zero songs listened to
2025-05-22 06:58:07,555 - music_tracker - INFO - No songs uploaded.
2025-05-22 07:58:07,364 - music_tracker - INFO - Zero songs listened to
2025-05-22 07:58:07,365 - music_tracker - INFO - No songs uploaded.
2025-05-22 08:58:07,087 - music_tracker - INFO - Zero songs listened to
2025-05-22 08:58:07,087 - music_tracker - INFO - No songs uploaded.
2025-05-22 09:00:11,494 - music_tracker - INFO - Starting music tracker analysis
2025-05-22 09:00:11,495 - music_tracker - INFO - Fetching data
2025-05-22 09:00:12,220 - music_tracker - INFO - Fetched 103 recent songs
2025-05-22 09:00:12,230 - music_tracker - INFO - Running top listens analysis
2025-05-22 09:00:12,231 - music_tracker - INFO - Calculating top songs listens
2025-05-22 09:00:12,232 - music_tracker - INFO - Sending message with top 3 songs
2025-05-22 09:00:12,928 - music_tracker - INFO - Message successfully sent!
2025-05-22 09:00:12,929 - music_tracker - INFO - Calculating top albums listens
2025-05-22 09:00:12,930 - music_tracker - INFO - Sending message with top 3 albums
2025-05-22 09:00:13,743 - music_tracker - INFO - Message successfully sent!
2025-05-22 09:00:13,743 - music_tracker - INFO - Calculating top artists listens
2025-05-22 09:00:13,744 - music_tracker - INFO - Sending message with top 3 artists
2025-05-22 09:00:14,571 - music_tracker - INFO - Message successfully sent!
2025-05-22 09:00:14,572 - music_tracker - INFO - Running popularity and listening hours analysis
2025-05-22 09:00:14,572 - music_tracker - INFO - Finding most popular track
2025-05-22 09:00:14,573 - music_tracker - INFO - Most popular song found: NUEVAYoL with score 94
2025-05-22 09:00:15,328 - music_tracker - INFO - Message successfully sent!
2025-05-22 09:00:15,329 - music_tracker - INFO - Calculating most listened hour
2025-05-22 09:00:15,329 - music_tracker - INFO - Most listened hour: 21:00 with 58:05
2025-05-22 09:00:16,004 - music_tracker - INFO - Message successfully sent!
2025-05-22 09:00:16,004 - music_tracker - INFO - Analysis completed successfully

2025-05-22 09:58:09,309 - music_tracker - INFO - Uploading 9 songs
2025-05-22 10:58:08,405 - music_tracker - INFO - Uploading 4 songs
2025-05-22 11:58:09,351 - music_tracker - INFO - Uploading 8 songs
2025-05-22 12:58:10,197 - music_tracker - INFO -   Supabase error: Status 400, {"code":"22007","details":null,"hint":null,"message":"invalid input syntax for type date: \"2007\""}
2025-05-22 12:58:10,199 - music_tracker - INFO - No songs uploaded.
2025-05-22 13:58:11,294 - music_tracker - INFO - Uploading 18 songs
2025-05-22 14:58:09,351 - music_tracker - INFO - Uploading 8 songs
2025-05-22 15:58:07,068 - music_tracker - INFO - Zero songs listened to
2025-05-22 15:58:07,069 - music_tracker - INFO - No songs uploaded.
2025-05-22 16:58:10,435 - music_tracker - INFO -   Supabase error: Status 400, {"code":"22007","details":null,"hint":null,"message":"invalid input syntax for type date: \"2001\""}
2025-05-22 16:58:10,437 - music_tracker - INFO - No songs uploaded.
2025-05-22 17:58:09,827 - music_tracker - INFO - Uploading 10 songs
2025-05-22 18:58:06,555 - music_tracker - INFO - Zero songs listened to
2025-05-22 18:58:06,556 - music_tracker - INFO - No songs uploaded.
2025-05-22 19:58:09,341 - music_tracker - INFO - Uploading 7 songs
2025-05-22 20:58:07,126 - music_tracker - INFO - Zero songs listened to
2025-05-22 20:58:07,127 - music_tracker - INFO - No songs uploaded.
2025-05-22 21:58:07,473 - music_tracker - INFO - Uploading 1 song
2025-05-22 22:58:08,907 - music_tracker - INFO - Uploading 5 songs
2025-05-22 23:58:07,808 - music_tracker - INFO - Uploading 2 songs
