2026-01-08 00:58:04,105 - music_tracker - INFO - SpotiSpy song collection starting...
2026-01-08 00:58:04,105 - music_tracker - INFO - Starting song collection (last 1 hours)
2026-01-08 00:58:04,106 - music_tracker - INFO - Fetching recent tracks from Spotify...
2026-01-08 00:58:04,482 - music_tracker - INFO - No recent songs found from Spotify
2026-01-08 00:58:04,484 - music_tracker - INFO - No new songs found from Spotify API
2026-01-08 00:58:04,484 - music_tracker - INFO - Song collection completed successfully
2026-01-08 01:58:03,377 - music_tracker - INFO - SpotiSpy song collection starting...
2026-01-08 01:58:03,378 - music_tracker - INFO - Starting song collection (last 1 hours)
2026-01-08 01:58:03,378 - music_tracker - INFO - Fetching recent tracks from Spotify...
2026-01-08 01:58:03,749 - music_tracker - INFO - No recent songs found from Spotify
2026-01-08 01:58:03,751 - music_tracker - INFO - No new songs found from Spotify API
2026-01-08 01:58:03,752 - music_tracker - INFO - Song collection completed successfully
2026-01-08 02:58:02,630 - music_tracker - INFO - SpotiSpy song collection starting...
2026-01-08 02:58:02,631 - music_tracker - INFO - Starting song collection (last 1 hours)
2026-01-08 02:58:02,631 - music_tracker - INFO - Fetching recent tracks from Spotify...
2026-01-08 02:58:02,980 - music_tracker - INFO - No recent songs found from Spotify
2026-01-08 02:58:02,983 - music_tracker - INFO - No new songs found from Spotify API
2026-01-08 02:58:02,983 - music_tracker - INFO - Song collection completed successfully
2026-01-08 03:58:02,894 - music_tracker - INFO - SpotiSpy song collection starting...
2026-01-08 03:58:02,894 - music_tracker - INFO - Starting song collection (last 1 hours)
2026-01-08 03:58:02,895 - music_tracker - INFO - Fetching recent tracks from Spotify...
2026-01-08 03:58:03,259 - music_tracker - INFO - No recent songs found from Spotify
2026-01-08 03:58:03,261 - music_tracker - INFO - No new songs found from Spotify API
2026-01-08 03:58:03,261 - music_tracker - INFO - Song collection completed successfully
2026-01-08 04:58:03,176 - music_tracker - INFO - SpotiSpy song collection starting...
2026-01-08 04:58:03,176 - music_tracker - INFO - Starting song collection (last 1 hours)
2026-01-08 04:58:03,177 - music_tracker - INFO - Fetching recent tracks from Spotify...
2026-01-08 04:58:03,536 - music_tracker - INFO - No recent songs found from Spotify
2026-01-08 04:58:03,538 - music_tracker - INFO - No new songs found from Spotify API
2026-01-08 04:58:03,539 - music_tracker - INFO - Song collection completed successfully
2026-01-08 05:58:03,425 - music_tracker - INFO - SpotiSpy song collection starting...
2026-01-08 05:58:03,425 - music_tracker - INFO - Starting song collection (last 1 hours)
2026-01-08 05:58:03,426 - music_tracker - INFO - Fetching recent tracks from Spotify...
2026-01-08 05:58:03,793 - music_tracker - INFO - No recent songs found from Spotify
2026-01-08 05:58:03,795 - music_tracker - INFO - No new songs found from Spotify API
2026-01-08 05:58:03,796 - music_tracker - INFO - Song collection completed successfully
2026-01-08 06:58:02,753 - music_tracker - INFO - SpotiSpy song collection starting...
2026-01-08 06:58:02,755 - music_tracker - INFO - Starting song collection (last 1 hours)
2026-01-08 06:58:02,755 - music_tracker - INFO - Fetching recent tracks from Spotify...
2026-01-08 06:58:03,129 - music_tracker - INFO - No recent songs found from Spotify
2026-01-08 06:58:03,131 - music_tracker - INFO - No new songs found from Spotify API
2026-01-08 06:58:03,131 - music_tracker - INFO - Song collection completed successfully
2026-01-08 07:58:03,030 - music_tracker - INFO - SpotiSpy song collection starting...
2026-01-08 07:58:03,030 - music_tracker - INFO - Starting song collection (last 1 hours)
2026-01-08 07:58:03,031 - music_tracker - INFO - Fetching recent tracks from Spotify...
2026-01-08 07:58:03,384 - music_tracker - INFO - No recent songs found from Spotify
2026-01-08 07:58:03,386 - music_tracker - INFO - No new songs found from Spotify API
2026-01-08 07:58:03,387 - music_tracker - INFO - Song collection completed successfully
2026-01-08 08:58:03,262 - music_tracker - INFO - SpotiSpy song collection starting...
2026-01-08 08:58:03,263 - music_tracker - INFO - Starting song collection (last 1 hours)
2026-01-08 08:58:03,263 - music_tracker - INFO - Fetching recent tracks from Spotify...
2026-01-08 08:58:03,685 - music_tracker - INFO - No recent songs found from Spotify
2026-01-08 08:58:03,687 - music_tracker - INFO - No new songs found from Spotify API
2026-01-08 08:58:03,688 - music_tracker - INFO - Song collection completed successfully
2026-01-08 09:00:13,205 - music_tracker - INFO - SpotiSpy starting...
2026-01-08 09:00:13,211 - music_tracker - INFO - Starting daily SpotiSpy analysis
2026-01-08 09:00:13,211 - music_tracker - INFO - Fetching yesterday's listening data...
2026-01-08 09:00:15,039 - music_tracker - INFO - Fetched 79 songs from database
2026-01-08 09:00:15,042 - music_tracker - INFO - Found 79 songs to analyze
2026-01-08 09:00:15,043 - music_tracker - INFO - Running analysis...
2026-01-08 09:00:15,053 - music_tracker - INFO - Sending daily summary to Slack...
2026-01-08 09:00:36,216 - music_tracker - INFO - Message sent successfully to Slack
2026-01-08 09:00:36,216 - music_tracker - INFO - Daily analysis completed successfully!
2026-01-08 09:00:36,217 - music_tracker - INFO - SpotiSpy completed successfully
2026-01-08 09:58:03,107 - music_tracker - INFO - SpotiSpy song collection starting...
2026-01-08 09:58:03,108 - music_tracker - INFO - Starting song collection (last 1 hours)
2026-01-08 09:58:03,109 - music_tracker - INFO - Fetching recent tracks from Spotify...
2026-01-08 09:58:03,540 - music_tracker - INFO - No recent songs found from Spotify
2026-01-08 09:58:03,542 - music_tracker - INFO - No new songs found from Spotify API
2026-01-08 09:58:03,543 - music_tracker - INFO - Song collection completed successfully
2026-01-08 10:58:04,310 - music_tracker - INFO - SpotiSpy song collection starting...
2026-01-08 10:58:04,311 - music_tracker - INFO - Starting song collection (last 1 hours)
2026-01-08 10:58:04,312 - music_tracker - INFO - Fetching recent tracks from Spotify...
2026-01-08 10:58:04,687 - music_tracker - INFO - No recent songs found from Spotify
2026-01-08 10:58:04,689 - music_tracker - INFO - No new songs found from Spotify API
2026-01-08 10:58:04,690 - music_tracker - INFO - Song collection completed successfully
2026-01-08 11:58:03,592 - music_tracker - INFO - SpotiSpy song collection starting...
2026-01-08 11:58:03,592 - music_tracker - INFO - Starting song collection (last 1 hours)
2026-01-08 11:58:03,593 - music_tracker - INFO - Fetching recent tracks from Spotify...
2026-01-08 11:58:03,968 - music_tracker - INFO - No recent songs found from Spotify
2026-01-08 11:58:03,970 - music_tracker - INFO - No new songs found from Spotify API
2026-01-08 11:58:03,970 - music_tracker - INFO - Song collection completed successfully
2026-01-08 12:58:02,863 - music_tracker - INFO - SpotiSpy song collection starting...
2026-01-08 12:58:02,863 - music_tracker - INFO - Starting song collection (last 1 hours)
2026-01-08 12:58:02,864 - music_tracker - INFO - Fetching recent tracks from Spotify...
2026-01-08 12:58:03,610 - music_tracker - INFO - Fetched 11 songs from Spotify
2026-01-08 12:58:03,613 - music_tracker - INFO - Found 11 songs from Spotify API
2026-01-08 12:58:03,614 - music_tracker - INFO - Checking for duplicates in database...
2026-01-08 12:58:05,301 - music_tracker - INFO - Found 11 new songs out of 11 total
2026-01-08 12:58:05,303 - music_tracker - INFO - Found 11 new songs to save
2026-01-08 12:58:05,304 - music_tracker - INFO - Saving songs to database...
2026-01-08 12:58:05,604 - music_tracker - INFO - Successfully saved 11 songs to database
2026-01-08 12:58:05,606 - music_tracker - INFO - Successfully saved 11 songs to database
2026-01-08 12:58:05,607 - music_tracker - INFO - Song collection completed successfully
2026-01-08 13:58:03,524 - music_tracker - INFO - SpotiSpy song collection starting...
2026-01-08 13:58:03,524 - music_tracker - INFO - Starting song collection (last 1 hours)
2026-01-08 13:58:03,525 - music_tracker - INFO - Fetching recent tracks from Spotify...
2026-01-08 13:58:03,882 - music_tracker - INFO - No recent songs found from Spotify
2026-01-08 13:58:03,884 - music_tracker - INFO - No new songs found from Spotify API
2026-01-08 13:58:03,885 - music_tracker - INFO - Song collection completed successfully
2026-01-08 14:58:02,781 - music_tracker - INFO - SpotiSpy song collection starting...
2026-01-08 14:58:02,782 - music_tracker - INFO - Starting song collection (last 1 hours)
2026-01-08 14:58:02,782 - music_tracker - INFO - Fetching recent tracks from Spotify...
2026-01-08 14:58:03,163 - music_tracker - INFO - No recent songs found from Spotify
2026-01-08 14:58:03,165 - music_tracker - INFO - No new songs found from Spotify API
2026-01-08 14:58:03,166 - music_tracker - INFO - Song collection completed successfully
2026-01-08 15:58:03,055 - music_tracker - INFO - SpotiSpy song collection starting...
2026-01-08 15:58:03,055 - music_tracker - INFO - Starting song collection (last 1 hours)
2026-01-08 15:58:03,056 - music_tracker - INFO - Fetching recent tracks from Spotify...
2026-01-08 15:58:03,427 - music_tracker - INFO - No recent songs found from Spotify
2026-01-08 15:58:03,429 - music_tracker - INFO - No new songs found from Spotify API
2026-01-08 15:58:03,429 - music_tracker - INFO - Song collection completed successfully
2026-01-08 16:58:03,316 - music_tracker - INFO - SpotiSpy song collection starting...
2026-01-08 16:58:03,317 - music_tracker - INFO - Starting song collection (last 1 hours)
2026-01-08 16:58:03,318 - music_tracker - INFO - Fetching recent tracks from Spotify...
2026-01-08 16:58:03,744 - music_tracker - INFO - No recent songs found from Spotify
2026-01-08 16:58:03,746 - music_tracker - INFO - No new songs found from Spotify API
2026-01-08 16:58:03,747 - music_tracker - INFO - Song collection completed successfully
2026-01-08 17:58:02,625 - music_tracker - INFO - SpotiSpy song collection starting...
2026-01-08 17:58:02,625 - music_tracker - INFO - Starting song collection (last 1 hours)
2026-01-08 17:58:02,626 - music_tracker - INFO - Fetching recent tracks from Spotify...
2026-01-08 17:58:03,017 - music_tracker - INFO - No recent songs found from Spotify
2026-01-08 17:58:03,019 - music_tracker - INFO - No new songs found from Spotify API
2026-01-08 17:58:03,019 - music_tracker - INFO - Song collection completed successfully
2026-01-08 18:58:02,916 - music_tracker - INFO - SpotiSpy song collection starting...
2026-01-08 18:58:02,917 - music_tracker - INFO - Starting song collection (last 1 hours)
2026-01-08 18:58:02,917 - music_tracker - INFO - Fetching recent tracks from Spotify...
2026-01-08 18:58:03,347 - music_tracker - INFO - No recent songs found from Spotify
2026-01-08 18:58:03,349 - music_tracker - INFO - No new songs found from Spotify API
2026-01-08 18:58:03,349 - music_tracker - INFO - Song collection completed successfully
2026-01-08 19:58:03,239 - music_tracker - INFO - SpotiSpy song collection starting...
2026-01-08 19:58:03,239 - music_tracker - INFO - Starting song collection (last 1 hours)
2026-01-08 19:58:03,240 - music_tracker - INFO - Fetching recent tracks from Spotify...
2026-01-08 19:58:03,613 - music_tracker - INFO - No recent songs found from Spotify
2026-01-08 19:58:03,615 - music_tracker - INFO - No new songs found from Spotify API
2026-01-08 19:58:03,616 - music_tracker - INFO - Song collection completed successfully
2026-01-08 20:58:03,503 - music_tracker - INFO - SpotiSpy song collection starting...
2026-01-08 20:58:03,503 - music_tracker - INFO - Starting song collection (last 1 hours)
2026-01-08 20:58:03,504 - music_tracker - INFO - Fetching recent tracks from Spotify...
2026-01-08 20:58:03,853 - music_tracker - INFO - No recent songs found from Spotify
2026-01-08 20:58:03,855 - music_tracker - INFO - No new songs found from Spotify API
2026-01-08 20:58:03,856 - music_tracker - INFO - Song collection completed successfully
2026-01-08 21:58:02,733 - music_tracker - INFO - SpotiSpy song collection starting...
2026-01-08 21:58:02,733 - music_tracker - INFO - Starting song collection (last 1 hours)
2026-01-08 21:58:02,734 - music_tracker - INFO - Fetching recent tracks from Spotify...
2026-01-08 21:58:03,121 - music_tracker - INFO - No recent songs found from Spotify
2026-01-08 21:58:03,123 - music_tracker - INFO - No new songs found from Spotify API
2026-01-08 21:58:03,123 - music_tracker - INFO - Song collection completed successfully
2026-01-08 22:58:03,013 - music_tracker - INFO - SpotiSpy song collection starting...
2026-01-08 22:58:03,013 - music_tracker - INFO - Starting song collection (last 1 hours)
2026-01-08 22:58:03,014 - music_tracker - INFO - Fetching recent tracks from Spotify...
2026-01-08 22:58:03,415 - music_tracker - INFO - No recent songs found from Spotify
2026-01-08 22:58:03,417 - music_tracker - INFO - No new songs found from Spotify API
2026-01-08 22:58:03,418 - music_tracker - INFO - Song collection completed successfully
2026-01-08 23:58:03,308 - music_tracker - INFO - SpotiSpy song collection starting...
2026-01-08 23:58:03,308 - music_tracker - INFO - Starting song collection (last 1 hours)
2026-01-08 23:58:03,309 - music_tracker - INFO - Fetching recent tracks from Spotify...
2026-01-08 23:58:03,661 - music_tracker - INFO - No recent songs found from Spotify
2026-01-08 23:58:03,663 - music_tracker - INFO - No new songs found from Spotify API
2026-01-08 23:58:03,663 - music_tracker - INFO - Song collection completed successfully
