2025-09-17 00:58:03,045 - music_tracker - INFO - SpotiSpy song collection starting...
2025-09-17 00:58:03,046 - music_tracker - INFO - Starting song collection (last 1 hours)
2025-09-17 00:58:03,047 - music_tracker - INFO - Fetching recent tracks from Spotify...
2025-09-17 00:58:03,686 - music_tracker - INFO - No recent songs found from Spotify
2025-09-17 00:58:03,688 - music_tracker - INFO - No new songs found from Spotify API
2025-09-17 00:58:03,689 - music_tracker - INFO - Song collection completed successfully
2025-09-17 01:58:03,582 - music_tracker - INFO - SpotiSpy song collection starting...
2025-09-17 01:58:03,582 - music_tracker - INFO - Starting song collection (last 1 hours)
2025-09-17 01:58:03,583 - music_tracker - INFO - Fetching recent tracks from Spotify...
2025-09-17 01:58:03,949 - music_tracker - INFO - No recent songs found from Spotify
2025-09-17 01:58:03,951 - music_tracker - INFO - No new songs found from Spotify API
2025-09-17 01:58:03,952 - music_tracker - INFO - Song collection completed successfully
2025-09-17 02:58:03,177 - music_tracker - INFO - SpotiSpy song collection starting...
2025-09-17 02:58:03,177 - music_tracker - INFO - Starting song collection (last 1 hours)
2025-09-17 02:58:03,178 - music_tracker - INFO - Fetching recent tracks from Spotify...
2025-09-17 02:58:03,541 - music_tracker - INFO - No recent songs found from Spotify
2025-09-17 02:58:03,543 - music_tracker - INFO - No new songs found from Spotify API
2025-09-17 02:58:03,543 - music_tracker - INFO - Song collection completed successfully
2025-09-17 03:58:03,709 - music_tracker - INFO - SpotiSpy song collection starting...
2025-09-17 03:58:03,711 - music_tracker - INFO - Starting song collection (last 1 hours)
2025-09-17 03:58:03,712 - music_tracker - INFO - Fetching recent tracks from Spotify...
2025-09-17 03:58:04,061 - music_tracker - INFO - No recent songs found from Spotify
2025-09-17 03:58:04,063 - music_tracker - INFO - No new songs found from Spotify API
2025-09-17 03:58:04,064 - music_tracker - INFO - Song collection completed successfully
2025-09-17 04:58:03,220 - music_tracker - INFO - SpotiSpy song collection starting...
2025-09-17 04:58:03,220 - music_tracker - INFO - Starting song collection (last 1 hours)
2025-09-17 04:58:03,221 - music_tracker - INFO - Fetching recent tracks from Spotify...
2025-09-17 04:58:03,989 - music_tracker - INFO - No recent songs found from Spotify
2025-09-17 04:58:03,992 - music_tracker - INFO - No new songs found from Spotify API
2025-09-17 04:58:03,993 - music_tracker - INFO - Song collection completed successfully
2025-09-17 05:58:03,036 - music_tracker - INFO - SpotiSpy song collection starting...
2025-09-17 05:58:03,036 - music_tracker - INFO - Starting song collection (last 1 hours)
2025-09-17 05:58:03,037 - music_tracker - INFO - Fetching recent tracks from Spotify...
2025-09-17 05:58:03,505 - music_tracker - INFO - No recent songs found from Spotify
2025-09-17 05:58:03,507 - music_tracker - INFO - No new songs found from Spotify API
2025-09-17 05:58:03,508 - music_tracker - INFO - Song collection completed successfully
2025-09-17 06:58:03,537 - music_tracker - INFO - SpotiSpy song collection starting...
2025-09-17 06:58:03,538 - music_tracker - INFO - Starting song collection (last 1 hours)
2025-09-17 06:58:03,539 - music_tracker - INFO - Fetching recent tracks from Spotify...
2025-09-17 06:58:04,023 - music_tracker - INFO - No recent songs found from Spotify
2025-09-17 06:58:04,025 - music_tracker - INFO - No new songs found from Spotify API
2025-09-17 06:58:04,026 - music_tracker - INFO - Song collection completed successfully
2025-09-17 07:58:02,963 - music_tracker - INFO - SpotiSpy song collection starting...
2025-09-17 07:58:02,964 - music_tracker - INFO - Starting song collection (last 1 hours)
2025-09-17 07:58:02,964 - music_tracker - INFO - Fetching recent tracks from Spotify...
2025-09-17 07:58:03,427 - music_tracker - INFO - No recent songs found from Spotify
2025-09-17 07:58:03,429 - music_tracker - INFO - No new songs found from Spotify API
2025-09-17 07:58:03,429 - music_tracker - INFO - Song collection completed successfully
2025-09-17 08:58:03,333 - music_tracker - INFO - SpotiSpy song collection starting...
2025-09-17 08:58:03,333 - music_tracker - INFO - Starting song collection (last 1 hours)
2025-09-17 08:58:03,334 - music_tracker - INFO - Fetching recent tracks from Spotify...
2025-09-17 08:58:03,725 - music_tracker - INFO - No recent songs found from Spotify
2025-09-17 08:58:03,727 - music_tracker - INFO - No new songs found from Spotify API
2025-09-17 08:58:03,728 - music_tracker - INFO - Song collection completed successfully
2025-09-17 09:00:13,029 - music_tracker - INFO - SpotiSpy starting...
2025-09-17 09:00:13,030 - music_tracker - INFO - Starting daily SpotiSpy analysis
2025-09-17 09:00:13,030 - music_tracker - INFO - Fetching yesterday's listening data...
2025-09-17 09:00:14,780 - music_tracker - INFO - Fetched 132 songs from database
2025-09-17 09:00:14,783 - music_tracker - INFO - Found 132 songs to analyze
2025-09-17 09:00:14,784 - music_tracker - INFO - Running analysis...
2025-09-17 09:00:14,800 - music_tracker - INFO - Sending daily summary to Slack...
2025-09-17 09:00:15,742 - music_tracker - INFO - Message sent successfully to Slack
2025-09-17 09:00:15,743 - music_tracker - INFO - Daily analysis completed successfully!
2025-09-17 09:00:15,743 - music_tracker - INFO - SpotiSpy completed successfully
2025-09-17 09:58:04,140 - music_tracker - INFO - SpotiSpy song collection starting...
2025-09-17 09:58:04,141 - music_tracker - INFO - Starting song collection (last 1 hours)
2025-09-17 09:58:04,142 - music_tracker - INFO - Fetching recent tracks from Spotify...
2025-09-17 09:58:04,654 - music_tracker - INFO - Fetched 17 songs from Spotify
2025-09-17 09:58:04,657 - music_tracker - INFO - Found 17 songs from Spotify API
2025-09-17 09:58:04,658 - music_tracker - INFO - Checking for duplicates in database...
2025-09-17 09:58:06,103 - music_tracker - INFO - Found 17 new songs out of 17 total
2025-09-17 09:58:06,107 - music_tracker - INFO - Found 17 new songs to save
2025-09-17 09:58:06,108 - music_tracker - INFO - Saving songs to database...
2025-09-17 09:58:06,493 - music_tracker - INFO - Successfully saved 17 songs to database
2025-09-17 09:58:06,495 - music_tracker - INFO - Successfully saved 17 songs to database
2025-09-17 09:58:06,496 - music_tracker - INFO - Song collection completed successfully
2025-09-17 10:58:03,476 - music_tracker - INFO - SpotiSpy song collection starting...
2025-09-17 10:58:03,477 - music_tracker - INFO - Starting song collection (last 1 hours)
2025-09-17 10:58:03,477 - music_tracker - INFO - Fetching recent tracks from Spotify...
2025-09-17 10:58:04,025 - music_tracker - INFO - Fetched 17 songs from Spotify
2025-09-17 10:58:04,028 - music_tracker - INFO - Found 17 songs from Spotify API
2025-09-17 10:58:04,029 - music_tracker - INFO - Checking for duplicates in database...
2025-09-17 10:58:05,248 - music_tracker - INFO - Found 17 new songs out of 17 total
2025-09-17 10:58:05,250 - music_tracker - INFO - Found 17 new songs to save
2025-09-17 10:58:05,251 - music_tracker - INFO - Saving songs to database...
2025-09-17 10:58:05,614 - music_tracker - INFO - Successfully saved 17 songs to database
2025-09-17 10:58:05,616 - music_tracker - INFO - Successfully saved 17 songs to database
2025-09-17 10:58:05,617 - music_tracker - INFO - Song collection completed successfully
2025-09-17 11:58:03,533 - music_tracker - INFO - SpotiSpy song collection starting...
2025-09-17 11:58:03,533 - music_tracker - INFO - Starting song collection (last 1 hours)
2025-09-17 11:58:03,534 - music_tracker - INFO - Fetching recent tracks from Spotify...
2025-09-17 11:58:03,986 - music_tracker - INFO - Fetched 13 songs from Spotify
2025-09-17 11:58:03,989 - music_tracker - INFO - Found 13 songs from Spotify API
2025-09-17 11:58:03,990 - music_tracker - INFO - Checking for duplicates in database...
2025-09-17 11:58:05,350 - music_tracker - INFO - Found 13 new songs out of 13 total
2025-09-17 11:58:05,352 - music_tracker - INFO - Found 13 new songs to save
2025-09-17 11:58:05,353 - music_tracker - INFO - Saving songs to database...
2025-09-17 11:58:05,775 - music_tracker - INFO - Successfully saved 13 songs to database
2025-09-17 11:58:05,777 - music_tracker - INFO - Successfully saved 13 songs to database
2025-09-17 11:58:05,777 - music_tracker - INFO - Song collection completed successfully
2025-09-17 12:58:02,702 - music_tracker - INFO - SpotiSpy song collection starting...
2025-09-17 12:58:02,702 - music_tracker - INFO - Starting song collection (last 1 hours)
2025-09-17 12:58:02,703 - music_tracker - INFO - Fetching recent tracks from Spotify...
2025-09-17 12:58:03,360 - music_tracker - INFO - Fetched 3 songs from Spotify
2025-09-17 12:58:03,363 - music_tracker - INFO - Found 3 songs from Spotify API
2025-09-17 12:58:03,364 - music_tracker - INFO - Checking for duplicates in database...
2025-09-17 12:58:04,660 - music_tracker - INFO - Found 3 new songs out of 3 total
2025-09-17 12:58:04,662 - music_tracker - INFO - Found 3 new songs to save
2025-09-17 12:58:04,663 - music_tracker - INFO - Saving songs to database...
2025-09-17 12:58:05,011 - music_tracker - INFO - Successfully saved 3 songs to database
2025-09-17 12:58:05,013 - music_tracker - INFO - Successfully saved 3 songs to database
2025-09-17 12:58:05,014 - music_tracker - INFO - Song collection completed successfully
2025-09-17 13:58:02,984 - music_tracker - INFO - SpotiSpy song collection starting...
2025-09-17 13:58:02,984 - music_tracker - INFO - Starting song collection (last 1 hours)
2025-09-17 13:58:02,985 - music_tracker - INFO - Fetching recent tracks from Spotify...
2025-09-17 13:58:03,551 - music_tracker - INFO - Fetched 15 songs from Spotify
2025-09-17 13:58:03,554 - music_tracker - INFO - Found 15 songs from Spotify API
2025-09-17 13:58:03,555 - music_tracker - INFO - Checking for duplicates in database...
2025-09-17 13:58:04,905 - music_tracker - INFO - Found 15 new songs out of 15 total
2025-09-17 13:58:04,907 - music_tracker - INFO - Found 15 new songs to save
2025-09-17 13:58:04,908 - music_tracker - INFO - Saving songs to database...
2025-09-17 13:58:05,391 - music_tracker - INFO - Successfully saved 15 songs to database
2025-09-17 13:58:05,393 - music_tracker - INFO - Successfully saved 15 songs to database
2025-09-17 13:58:05,394 - music_tracker - INFO - Song collection completed successfully
2025-09-17 14:58:03,357 - music_tracker - INFO - SpotiSpy song collection starting...
2025-09-17 14:58:03,358 - music_tracker - INFO - Starting song collection (last 1 hours)
2025-09-17 14:58:03,358 - music_tracker - INFO - Fetching recent tracks from Spotify...
2025-09-17 14:58:04,287 - music_tracker - INFO - Fetched 21 songs from Spotify
2025-09-17 14:58:04,293 - music_tracker - INFO - Found 21 songs from Spotify API
2025-09-17 14:58:04,294 - music_tracker - INFO - Checking for duplicates in database...
2025-09-17 14:58:05,875 - music_tracker - INFO - Found 21 new songs out of 21 total
2025-09-17 14:58:05,877 - music_tracker - INFO - Found 21 new songs to save
2025-09-17 14:58:05,878 - music_tracker - INFO - Saving songs to database...
2025-09-17 14:58:06,492 - music_tracker - INFO - Successfully saved 21 songs to database
2025-09-17 14:58:06,493 - music_tracker - INFO - Successfully saved 21 songs to database
2025-09-17 14:58:06,494 - music_tracker - INFO - Song collection completed successfully
2025-09-17 15:58:03,379 - music_tracker - INFO - SpotiSpy song collection starting...
2025-09-17 15:58:03,379 - music_tracker - INFO - Starting song collection (last 1 hours)
2025-09-17 15:58:03,380 - music_tracker - INFO - Fetching recent tracks from Spotify...
2025-09-17 15:58:11,949 - music_tracker - INFO - Fetched 19 songs from Spotify
2025-09-17 15:58:11,956 - music_tracker - INFO - Found 19 songs from Spotify API
2025-09-17 15:58:11,957 - music_tracker - INFO - Checking for duplicates in database...
2025-09-17 15:58:15,496 - music_tracker - INFO - Found 19 new songs out of 19 total
2025-09-17 15:58:15,498 - music_tracker - INFO - Found 19 new songs to save
2025-09-17 15:58:15,498 - music_tracker - INFO - Saving songs to database...
2025-09-17 15:58:18,186 - music_tracker - INFO - Successfully saved 19 songs to database
2025-09-17 15:58:18,188 - music_tracker - INFO - Successfully saved 19 songs to database
2025-09-17 15:58:18,189 - music_tracker - INFO - Song collection completed successfully
2025-09-17 16:58:03,107 - music_tracker - INFO - SpotiSpy song collection starting...
2025-09-17 16:58:03,108 - music_tracker - INFO - Starting song collection (last 1 hours)
2025-09-17 16:58:03,109 - music_tracker - INFO - Fetching recent tracks from Spotify...
2025-09-17 16:58:03,568 - music_tracker - INFO - Fetched 10 songs from Spotify
2025-09-17 16:58:03,571 - music_tracker - INFO - Found 10 songs from Spotify API
2025-09-17 16:58:03,572 - music_tracker - INFO - Checking for duplicates in database...
2025-09-17 16:58:04,923 - music_tracker - INFO - Found 10 new songs out of 10 total
2025-09-17 16:58:04,925 - music_tracker - INFO - Found 10 new songs to save
2025-09-17 16:58:04,926 - music_tracker - INFO - Saving songs to database...
2025-09-17 16:58:05,311 - music_tracker - INFO - Successfully saved 10 songs to database
2025-09-17 16:58:05,313 - music_tracker - INFO - Successfully saved 10 songs to database
2025-09-17 16:58:05,314 - music_tracker - INFO - Song collection completed successfully
2025-09-17 17:58:03,226 - music_tracker - INFO - SpotiSpy song collection starting...
2025-09-17 17:58:03,226 - music_tracker - INFO - Starting song collection (last 1 hours)
2025-09-17 17:58:03,227 - music_tracker - INFO - Fetching recent tracks from Spotify...
2025-09-17 17:58:03,611 - music_tracker - INFO - No recent songs found from Spotify
2025-09-17 17:58:03,613 - music_tracker - INFO - No new songs found from Spotify API
2025-09-17 17:58:03,614 - music_tracker - INFO - Song collection completed successfully
2025-09-17 18:58:03,513 - music_tracker - INFO - SpotiSpy song collection starting...
2025-09-17 18:58:03,514 - music_tracker - INFO - Starting song collection (last 1 hours)
2025-09-17 18:58:03,515 - music_tracker - INFO - Fetching recent tracks from Spotify...
2025-09-17 18:58:03,938 - music_tracker - INFO - Fetched 7 songs from Spotify
2025-09-17 18:58:03,941 - music_tracker - INFO - Found 7 songs from Spotify API
2025-09-17 18:58:03,942 - music_tracker - INFO - Checking for duplicates in database...
2025-09-17 18:58:05,338 - music_tracker - INFO - Found 7 new songs out of 7 total
2025-09-17 18:58:05,340 - music_tracker - INFO - Found 7 new songs to save
2025-09-17 18:58:05,341 - music_tracker - INFO - Saving songs to database...
2025-09-17 18:58:05,711 - music_tracker - INFO - Successfully saved 7 songs to database
2025-09-17 18:58:05,713 - music_tracker - INFO - Successfully saved 7 songs to database
2025-09-17 18:58:05,714 - music_tracker - INFO - Song collection completed successfully
2025-09-17 19:58:02,638 - music_tracker - INFO - SpotiSpy song collection starting...
2025-09-17 19:58:02,639 - music_tracker - INFO - Starting song collection (last 1 hours)
2025-09-17 19:58:02,640 - music_tracker - INFO - Fetching recent tracks from Spotify...
2025-09-17 19:58:03,014 - music_tracker - INFO - No recent songs found from Spotify
2025-09-17 19:58:03,016 - music_tracker - INFO - No new songs found from Spotify API
2025-09-17 19:58:03,017 - music_tracker - INFO - Song collection completed successfully
2025-09-17 20:58:02,938 - music_tracker - INFO - SpotiSpy song collection starting...
2025-09-17 20:58:02,938 - music_tracker - INFO - Starting song collection (last 1 hours)
2025-09-17 20:58:02,939 - music_tracker - INFO - Fetching recent tracks from Spotify...
2025-09-17 20:58:03,403 - music_tracker - INFO - Fetched 2 songs from Spotify
2025-09-17 20:58:03,405 - music_tracker - INFO - Found 2 songs from Spotify API
2025-09-17 20:58:03,406 - music_tracker - INFO - Checking for duplicates in database...
2025-09-17 20:58:04,788 - music_tracker - INFO - Found 2 new songs out of 2 total
2025-09-17 20:58:04,790 - music_tracker - INFO - Found 2 new songs to save
2025-09-17 20:58:04,791 - music_tracker - INFO - Saving songs to database...
2025-09-17 20:58:05,191 - music_tracker - INFO - Successfully saved 2 songs to database
2025-09-17 20:58:05,193 - music_tracker - INFO - Successfully saved 2 songs to database
2025-09-17 20:58:05,194 - music_tracker - INFO - Song collection completed successfully
2025-09-17 21:58:03,114 - music_tracker - INFO - SpotiSpy song collection starting...
2025-09-17 21:58:03,114 - music_tracker - INFO - Starting song collection (last 1 hours)
2025-09-17 21:58:03,115 - music_tracker - INFO - Fetching recent tracks from Spotify...
2025-09-17 21:58:03,552 - music_tracker - INFO - Fetched 2 songs from Spotify
2025-09-17 21:58:03,554 - music_tracker - INFO - Found 2 songs from Spotify API
2025-09-17 21:58:03,555 - music_tracker - INFO - Checking for duplicates in database...
2025-09-17 21:58:04,691 - music_tracker - INFO - Found 2 new songs out of 2 total
2025-09-17 21:58:04,693 - music_tracker - INFO - Found 2 new songs to save
2025-09-17 21:58:04,694 - music_tracker - INFO - Saving songs to database...
2025-09-17 21:58:05,064 - music_tracker - INFO - Successfully saved 2 songs to database
2025-09-17 21:58:05,066 - music_tracker - INFO - Successfully saved 2 songs to database
2025-09-17 21:58:05,066 - music_tracker - INFO - Song collection completed successfully
2025-09-17 22:58:02,974 - music_tracker - INFO - SpotiSpy song collection starting...
2025-09-17 22:58:02,974 - music_tracker - INFO - Starting song collection (last 1 hours)
2025-09-17 22:58:02,975 - music_tracker - INFO - Fetching recent tracks from Spotify...
2025-09-17 22:58:03,387 - music_tracker - INFO - Fetched 1 songs from Spotify
2025-09-17 22:58:03,390 - music_tracker - INFO - Found 1 songs from Spotify API
2025-09-17 22:58:03,390 - music_tracker - INFO - Checking for duplicates in database...
2025-09-17 22:58:04,085 - music_tracker - INFO - Found 1 new songs out of 1 total
2025-09-17 22:58:04,087 - music_tracker - INFO - Found 1 new songs to save
2025-09-17 22:58:04,088 - music_tracker - INFO - Saving songs to database...
2025-09-17 22:58:04,459 - music_tracker - INFO - Successfully saved 1 songs to database
2025-09-17 22:58:04,461 - music_tracker - INFO - Successfully saved 1 songs to database
2025-09-17 22:58:04,462 - music_tracker - INFO - Song collection completed successfully
2025-09-17 23:58:03,375 - music_tracker - INFO - SpotiSpy song collection starting...
2025-09-17 23:58:03,376 - music_tracker - INFO - Starting song collection (last 1 hours)
2025-09-17 23:58:03,377 - music_tracker - INFO - Fetching recent tracks from Spotify...
2025-09-17 23:58:03,921 - music_tracker - INFO - Fetched 18 songs from Spotify
2025-09-17 23:58:03,924 - music_tracker - INFO - Found 18 songs from Spotify API
2025-09-17 23:58:03,924 - music_tracker - INFO - Checking for duplicates in database...
2025-09-17 23:58:05,205 - music_tracker - INFO - Found 18 new songs out of 18 total
2025-09-17 23:58:05,207 - music_tracker - INFO - Found 18 new songs to save
2025-09-17 23:58:05,208 - music_tracker - INFO - Saving songs to database...
2025-09-17 23:58:05,587 - music_tracker - INFO - Successfully saved 18 songs to database
2025-09-17 23:58:05,589 - music_tracker - INFO - Successfully saved 18 songs to database
2025-09-17 23:58:05,590 - music_tracker - INFO - Song collection completed successfully
