2026-01-05 00:58:03,158 - music_tracker - INFO - SpotiSpy song collection starting...
2026-01-05 00:58:03,158 - music_tracker - INFO - Starting song collection (last 1 hours)
2026-01-05 00:58:03,159 - music_tracker - INFO - Fetching recent tracks from Spotify...
2026-01-05 00:58:03,523 - music_tracker - INFO - No recent songs found from Spotify
2026-01-05 00:58:03,525 - music_tracker - INFO - No new songs found from Spotify API
2026-01-05 00:58:03,525 - music_tracker - INFO - Song collection completed successfully
2026-01-05 01:58:03,962 - music_tracker - INFO - SpotiSpy song collection starting...
2026-01-05 01:58:03,963 - music_tracker - INFO - Starting song collection (last 1 hours)
2026-01-05 01:58:03,963 - music_tracker - INFO - Fetching recent tracks from Spotify...
2026-01-05 01:58:04,385 - music_tracker - INFO - No recent songs found from Spotify
2026-01-05 01:58:04,388 - music_tracker - INFO - No new songs found from Spotify API
2026-01-05 01:58:04,388 - music_tracker - INFO - Song collection completed successfully
2026-01-05 02:58:03,602 - music_tracker - INFO - SpotiSpy song collection starting...
2026-01-05 02:58:03,602 - music_tracker - INFO - Starting song collection (last 1 hours)
2026-01-05 02:58:03,603 - music_tracker - INFO - Fetching recent tracks from Spotify...
2026-01-05 02:58:03,947 - music_tracker - INFO - No recent songs found from Spotify
2026-01-05 02:58:03,949 - music_tracker - INFO - No new songs found from Spotify API
2026-01-05 02:58:03,950 - music_tracker - INFO - Song collection completed successfully
2026-01-05 03:58:02,872 - music_tracker - INFO - SpotiSpy song collection starting...
2026-01-05 03:58:02,873 - music_tracker - INFO - Starting song collection (last 1 hours)
2026-01-05 03:58:02,873 - music_tracker - INFO - Fetching recent tracks from Spotify...
2026-01-05 03:58:03,258 - music_tracker - INFO - No recent songs found from Spotify
2026-01-05 03:58:03,260 - music_tracker - INFO - No new songs found from Spotify API
2026-01-05 03:58:03,261 - music_tracker - INFO - Song collection completed successfully
2026-01-05 04:58:03,152 - music_tracker - INFO - SpotiSpy song collection starting...
2026-01-05 04:58:03,153 - music_tracker - INFO - Starting song collection (last 1 hours)
2026-01-05 04:58:03,153 - music_tracker - INFO - Fetching recent tracks from Spotify...
2026-01-05 04:58:03,549 - music_tracker - INFO - No recent songs found from Spotify
2026-01-05 04:58:03,551 - music_tracker - INFO - No new songs found from Spotify API
2026-01-05 04:58:03,552 - music_tracker - INFO - Song collection completed successfully
2026-01-05 05:58:03,439 - music_tracker - INFO - SpotiSpy song collection starting...
2026-01-05 05:58:03,440 - music_tracker - INFO - Starting song collection (last 1 hours)
2026-01-05 05:58:03,441 - music_tracker - INFO - Fetching recent tracks from Spotify...
2026-01-05 05:58:03,819 - music_tracker - INFO - No recent songs found from Spotify
2026-01-05 05:58:03,821 - music_tracker - INFO - No new songs found from Spotify API
2026-01-05 05:58:03,822 - music_tracker - INFO - Song collection completed successfully
2026-01-05 06:58:02,746 - music_tracker - INFO - SpotiSpy song collection starting...
2026-01-05 06:58:02,746 - music_tracker - INFO - Starting song collection (last 1 hours)
2026-01-05 06:58:02,747 - music_tracker - INFO - Fetching recent tracks from Spotify...
2026-01-05 06:58:03,210 - music_tracker - INFO - No recent songs found from Spotify
2026-01-05 06:58:03,212 - music_tracker - INFO - No new songs found from Spotify API
2026-01-05 06:58:03,213 - music_tracker - INFO - Song collection completed successfully
2026-01-05 07:58:03,120 - music_tracker - INFO - SpotiSpy song collection starting...
2026-01-05 07:58:03,121 - music_tracker - INFO - Starting song collection (last 1 hours)
2026-01-05 07:58:03,121 - music_tracker - INFO - Fetching recent tracks from Spotify...
2026-01-05 07:58:03,475 - music_tracker - INFO - No recent songs found from Spotify
2026-01-05 07:58:03,477 - music_tracker - INFO - No new songs found from Spotify API
2026-01-05 07:58:03,478 - music_tracker - INFO - Song collection completed successfully
2026-01-05 08:58:03,421 - music_tracker - INFO - SpotiSpy song collection starting...
2026-01-05 08:58:03,422 - music_tracker - INFO - Starting song collection (last 1 hours)
2026-01-05 08:58:03,423 - music_tracker - INFO - Fetching recent tracks from Spotify...
2026-01-05 08:58:03,778 - music_tracker - INFO - No recent songs found from Spotify
2026-01-05 08:58:03,780 - music_tracker - INFO - No new songs found from Spotify API
2026-01-05 08:58:03,781 - music_tracker - INFO - Song collection completed successfully
2026-01-05 09:00:15,694 - music_tracker - INFO - SpotiSpy starting...
2026-01-05 09:00:15,694 - music_tracker - INFO - Starting daily SpotiSpy analysis
2026-01-05 09:00:15,695 - music_tracker - INFO - Fetching yesterday's listening data...
2026-01-05 09:00:17,309 - music_tracker - INFO - Fetched 0 songs from database
2026-01-05 09:00:17,311 - music_tracker - WARNING - No songs found for yesterday
2026-01-05 09:00:17,312 - music_tracker - INFO - SpotiSpy completed successfully
2026-01-05 09:58:03,257 - music_tracker - INFO - SpotiSpy song collection starting...
2026-01-05 09:58:03,258 - music_tracker - INFO - Starting song collection (last 1 hours)
2026-01-05 09:58:03,259 - music_tracker - INFO - Fetching recent tracks from Spotify...
2026-01-05 09:58:04,961 - music_tracker - INFO - No recent songs found from Spotify
2026-01-05 09:58:04,964 - music_tracker - INFO - No new songs found from Spotify API
2026-01-05 09:58:04,964 - music_tracker - INFO - Song collection completed successfully
2026-01-05 10:58:04,036 - music_tracker - INFO - SpotiSpy song collection starting...
2026-01-05 10:58:04,037 - music_tracker - INFO - Starting song collection (last 1 hours)
2026-01-05 10:58:04,038 - music_tracker - INFO - Fetching recent tracks from Spotify...
2026-01-05 10:58:04,488 - music_tracker - INFO - Fetched 4 songs from Spotify
2026-01-05 10:58:04,491 - music_tracker - INFO - Found 4 songs from Spotify API
2026-01-05 10:58:04,491 - music_tracker - INFO - Checking for duplicates in database...
2026-01-05 10:58:06,053 - music_tracker - INFO - Found 4 new songs out of 4 total
2026-01-05 10:58:06,055 - music_tracker - INFO - Found 4 new songs to save
2026-01-05 10:58:06,056 - music_tracker - INFO - Saving songs to database...
2026-01-05 10:58:06,534 - music_tracker - INFO - Successfully saved 4 songs to database
2026-01-05 10:58:06,536 - music_tracker - INFO - Successfully saved 4 songs to database
2026-01-05 10:58:06,537 - music_tracker - INFO - Song collection completed successfully
2026-01-05 11:58:03,483 - music_tracker - INFO - SpotiSpy song collection starting...
2026-01-05 11:58:03,484 - music_tracker - INFO - Starting song collection (last 1 hours)
2026-01-05 11:58:03,484 - music_tracker - INFO - Fetching recent tracks from Spotify...
2026-01-05 11:58:04,006 - music_tracker - INFO - Fetched 19 songs from Spotify
2026-01-05 11:58:04,009 - music_tracker - INFO - Found 19 songs from Spotify API
2026-01-05 11:58:04,010 - music_tracker - INFO - Checking for duplicates in database...
2026-01-05 11:58:05,518 - music_tracker - INFO - Found 19 new songs out of 19 total
2026-01-05 11:58:05,521 - music_tracker - INFO - Found 19 new songs to save
2026-01-05 11:58:05,522 - music_tracker - INFO - Saving songs to database...
2026-01-05 11:58:05,837 - music_tracker - INFO - Successfully saved 19 songs to database
2026-01-05 11:58:05,840 - music_tracker - INFO - Successfully saved 19 songs to database
2026-01-05 11:58:05,840 - music_tracker - INFO - Song collection completed successfully
2026-01-05 12:58:02,801 - music_tracker - INFO - SpotiSpy song collection starting...
2026-01-05 12:58:02,801 - music_tracker - INFO - Starting song collection (last 1 hours)
2026-01-05 12:58:02,802 - music_tracker - INFO - Fetching recent tracks from Spotify...
2026-01-05 12:58:03,396 - music_tracker - INFO - Fetched 1 songs from Spotify
2026-01-05 12:58:03,398 - music_tracker - INFO - Found 1 songs from Spotify API
2026-01-05 12:58:03,398 - music_tracker - INFO - Checking for duplicates in database...
2026-01-05 12:58:04,639 - music_tracker - INFO - Found 1 new songs out of 1 total
2026-01-05 12:58:04,641 - music_tracker - INFO - Found 1 new songs to save
2026-01-05 12:58:04,642 - music_tracker - INFO - Saving songs to database...
2026-01-05 12:58:04,973 - music_tracker - INFO - Successfully saved 1 songs to database
2026-01-05 12:58:04,975 - music_tracker - INFO - Successfully saved 1 songs to database
2026-01-05 12:58:04,976 - music_tracker - INFO - Song collection completed successfully
2026-01-05 13:58:02,895 - music_tracker - INFO - SpotiSpy song collection starting...
2026-01-05 13:58:02,895 - music_tracker - INFO - Starting song collection (last 1 hours)
2026-01-05 13:58:02,896 - music_tracker - INFO - Fetching recent tracks from Spotify...
2026-01-05 13:58:03,304 - music_tracker - INFO - No recent songs found from Spotify
2026-01-05 13:58:03,306 - music_tracker - INFO - No new songs found from Spotify API
2026-01-05 13:58:03,306 - music_tracker - INFO - Song collection completed successfully
2026-01-05 14:58:03,231 - music_tracker - INFO - SpotiSpy song collection starting...
2026-01-05 14:58:03,232 - music_tracker - INFO - Starting song collection (last 1 hours)
2026-01-05 14:58:03,232 - music_tracker - INFO - Fetching recent tracks from Spotify...
2026-01-05 14:58:03,583 - music_tracker - INFO - No recent songs found from Spotify
2026-01-05 14:58:03,585 - music_tracker - INFO - No new songs found from Spotify API
2026-01-05 14:58:03,585 - music_tracker - INFO - Song collection completed successfully
2026-01-05 15:58:03,559 - music_tracker - INFO - SpotiSpy song collection starting...
2026-01-05 15:58:03,559 - music_tracker - INFO - Starting song collection (last 1 hours)
2026-01-05 15:58:03,560 - music_tracker - INFO - Fetching recent tracks from Spotify...
2026-01-05 15:58:03,984 - music_tracker - INFO - Fetched 2 songs from Spotify
2026-01-05 15:58:03,986 - music_tracker - INFO - Found 2 songs from Spotify API
2026-01-05 15:58:03,987 - music_tracker - INFO - Checking for duplicates in database...
2026-01-05 15:58:05,483 - music_tracker - INFO - Found 2 new songs out of 2 total
2026-01-05 15:58:05,485 - music_tracker - INFO - Found 2 new songs to save
2026-01-05 15:58:05,486 - music_tracker - INFO - Saving songs to database...
2026-01-05 15:58:05,834 - music_tracker - INFO - Successfully saved 2 songs to database
2026-01-05 15:58:05,836 - music_tracker - INFO - Successfully saved 2 songs to database
2026-01-05 15:58:05,837 - music_tracker - INFO - Song collection completed successfully
2026-01-05 16:58:02,742 - music_tracker - INFO - SpotiSpy song collection starting...
2026-01-05 16:58:02,743 - music_tracker - INFO - Starting song collection (last 1 hours)
2026-01-05 16:58:02,744 - music_tracker - INFO - Fetching recent tracks from Spotify...
2026-01-05 16:58:03,198 - music_tracker - INFO - Fetched 11 songs from Spotify
2026-01-05 16:58:03,201 - music_tracker - INFO - Found 11 songs from Spotify API
2026-01-05 16:58:03,201 - music_tracker - INFO - Checking for duplicates in database...
2026-01-05 16:58:04,586 - music_tracker - INFO - Found 11 new songs out of 11 total
2026-01-05 16:58:04,588 - music_tracker - INFO - Found 11 new songs to save
2026-01-05 16:58:04,589 - music_tracker - INFO - Saving songs to database...
2026-01-05 16:58:04,993 - music_tracker - INFO - Successfully saved 11 songs to database
2026-01-05 16:58:04,995 - music_tracker - INFO - Successfully saved 11 songs to database
2026-01-05 16:58:04,996 - music_tracker - INFO - Song collection completed successfully
2026-01-05 17:58:02,908 - music_tracker - INFO - SpotiSpy song collection starting...
2026-01-05 17:58:02,909 - music_tracker - INFO - Starting song collection (last 1 hours)
2026-01-05 17:58:02,909 - music_tracker - INFO - Fetching recent tracks from Spotify...
2026-01-05 17:58:03,413 - music_tracker - INFO - Fetched 14 songs from Spotify
2026-01-05 17:58:03,416 - music_tracker - INFO - Found 14 songs from Spotify API
2026-01-05 17:58:03,416 - music_tracker - INFO - Checking for duplicates in database...
2026-01-05 17:58:04,744 - music_tracker - INFO - Found 14 new songs out of 14 total
2026-01-05 17:58:04,746 - music_tracker - INFO - Found 14 new songs to save
2026-01-05 17:58:04,747 - music_tracker - INFO - Saving songs to database...
2026-01-05 17:58:05,149 - music_tracker - INFO - Successfully saved 14 songs to database
2026-01-05 17:58:05,151 - music_tracker - INFO - Successfully saved 14 songs to database
2026-01-05 17:58:05,151 - music_tracker - INFO - Song collection completed successfully
2026-01-05 18:58:03,065 - music_tracker - INFO - SpotiSpy song collection starting...
2026-01-05 18:58:03,066 - music_tracker - INFO - Starting song collection (last 1 hours)
2026-01-05 18:58:03,066 - music_tracker - INFO - Fetching recent tracks from Spotify...
2026-01-05 18:58:03,435 - music_tracker - INFO - No recent songs found from Spotify
2026-01-05 18:58:03,437 - music_tracker - INFO - No new songs found from Spotify API
2026-01-05 18:58:03,438 - music_tracker - INFO - Song collection completed successfully
2026-01-05 19:58:03,370 - music_tracker - INFO - SpotiSpy song collection starting...
2026-01-05 19:58:03,371 - music_tracker - INFO - Starting song collection (last 1 hours)
2026-01-05 19:58:03,371 - music_tracker - INFO - Fetching recent tracks from Spotify...
2026-01-05 19:58:03,752 - music_tracker - INFO - No recent songs found from Spotify
2026-01-05 19:58:03,754 - music_tracker - INFO - No new songs found from Spotify API
2026-01-05 19:58:03,754 - music_tracker - INFO - Song collection completed successfully
2026-01-05 20:58:02,713 - music_tracker - INFO - SpotiSpy song collection starting...
2026-01-05 20:58:02,714 - music_tracker - INFO - Starting song collection (last 1 hours)
2026-01-05 20:58:02,714 - music_tracker - INFO - Fetching recent tracks from Spotify...
2026-01-05 20:58:03,107 - music_tracker - INFO - No recent songs found from Spotify
2026-01-05 20:58:03,109 - music_tracker - INFO - No new songs found from Spotify API
2026-01-05 20:58:03,109 - music_tracker - INFO - Song collection completed successfully
2026-01-05 21:58:03,004 - music_tracker - INFO - SpotiSpy song collection starting...
2026-01-05 21:58:03,004 - music_tracker - INFO - Starting song collection (last 1 hours)
2026-01-05 21:58:03,005 - music_tracker - INFO - Fetching recent tracks from Spotify...
2026-01-05 21:58:03,364 - music_tracker - INFO - No recent songs found from Spotify
2026-01-05 21:58:03,366 - music_tracker - INFO - No new songs found from Spotify API
2026-01-05 21:58:03,366 - music_tracker - INFO - Song collection completed successfully
2026-01-05 22:58:03,261 - music_tracker - INFO - SpotiSpy song collection starting...
2026-01-05 22:58:03,262 - music_tracker - INFO - Starting song collection (last 1 hours)
2026-01-05 22:58:03,263 - music_tracker - INFO - Fetching recent tracks from Spotify...
2026-01-05 22:58:03,644 - music_tracker - INFO - No recent songs found from Spotify
2026-01-05 22:58:03,646 - music_tracker - INFO - No new songs found from Spotify API
2026-01-05 22:58:03,647 - music_tracker - INFO - Song collection completed successfully
2026-01-05 23:58:04,045 - music_tracker - INFO - SpotiSpy song collection starting...
2026-01-05 23:58:04,046 - music_tracker - INFO - Starting song collection (last 1 hours)
2026-01-05 23:58:04,046 - music_tracker - INFO - Fetching recent tracks from Spotify...
2026-01-05 23:58:04,435 - music_tracker - INFO - No recent songs found from Spotify
2026-01-05 23:58:04,437 - music_tracker - INFO - No new songs found from Spotify API
2026-01-05 23:58:04,438 - music_tracker - INFO - Song collection completed successfully
