2025-08-17 00:58:03,123 - music_tracker - INFO - SpotiSpy song collection starting...
2025-08-17 00:58:03,123 - music_tracker - INFO - Starting song collection (last 1 hours)
2025-08-17 00:58:03,124 - music_tracker - INFO - Fetching recent tracks from Spotify...
2025-08-17 00:58:03,492 - music_tracker - INFO - No recent songs found from Spotify
2025-08-17 00:58:03,494 - music_tracker - INFO - No new songs found from Spotify API
2025-08-17 00:58:03,495 - music_tracker - INFO - Song collection completed successfully
2025-08-17 01:58:03,433 - music_tracker - INFO - SpotiSpy song collection starting...
2025-08-17 01:58:03,433 - music_tracker - INFO - Starting song collection (last 1 hours)
2025-08-17 01:58:03,434 - music_tracker - INFO - Fetching recent tracks from Spotify...
2025-08-17 01:58:03,804 - music_tracker - INFO - No recent songs found from Spotify
2025-08-17 01:58:03,806 - music_tracker - INFO - No new songs found from Spotify API
2025-08-17 01:58:03,807 - music_tracker - INFO - Song collection completed successfully
2025-08-17 02:58:02,696 - music_tracker - INFO - SpotiSpy song collection starting...
2025-08-17 02:58:02,697 - music_tracker - INFO - Starting song collection (last 1 hours)
2025-08-17 02:58:02,698 - music_tracker - INFO - Fetching recent tracks from Spotify...
2025-08-17 02:58:03,060 - music_tracker - INFO - No recent songs found from Spotify
2025-08-17 02:58:03,062 - music_tracker - INFO - No new songs found from Spotify API
2025-08-17 02:58:03,062 - music_tracker - INFO - Song collection completed successfully
2025-08-17 03:58:03,744 - music_tracker - INFO - SpotiSpy song collection starting...
2025-08-17 03:58:03,747 - music_tracker - INFO - Starting song collection (last 1 hours)
2025-08-17 03:58:03,748 - music_tracker - INFO - Fetching recent tracks from Spotify...
2025-08-17 03:58:04,207 - music_tracker - INFO - No recent songs found from Spotify
2025-08-17 03:58:04,210 - music_tracker - INFO - No new songs found from Spotify API
2025-08-17 03:58:04,210 - music_tracker - INFO - Song collection completed successfully
2025-08-17 04:58:03,366 - music_tracker - INFO - SpotiSpy song collection starting...
2025-08-17 04:58:03,367 - music_tracker - INFO - Starting song collection (last 1 hours)
2025-08-17 04:58:03,367 - music_tracker - INFO - Fetching recent tracks from Spotify...
2025-08-17 04:58:03,732 - music_tracker - INFO - No recent songs found from Spotify
2025-08-17 04:58:03,734 - music_tracker - INFO - No new songs found from Spotify API
2025-08-17 04:58:03,734 - music_tracker - INFO - Song collection completed successfully
2025-08-17 05:58:02,614 - music_tracker - INFO - SpotiSpy song collection starting...
2025-08-17 05:58:02,615 - music_tracker - INFO - Starting song collection (last 1 hours)
2025-08-17 05:58:02,616 - music_tracker - INFO - Fetching recent tracks from Spotify...
2025-08-17 05:58:02,969 - music_tracker - INFO - No recent songs found from Spotify
2025-08-17 05:58:02,972 - music_tracker - INFO - No new songs found from Spotify API
2025-08-17 05:58:02,972 - music_tracker - INFO - Song collection completed successfully
2025-08-17 06:58:02,961 - music_tracker - INFO - SpotiSpy song collection starting...
2025-08-17 06:58:02,961 - music_tracker - INFO - Starting song collection (last 1 hours)
2025-08-17 06:58:02,962 - music_tracker - INFO - Fetching recent tracks from Spotify...
2025-08-17 06:58:03,358 - music_tracker - INFO - No recent songs found from Spotify
2025-08-17 06:58:03,360 - music_tracker - INFO - No new songs found from Spotify API
2025-08-17 06:58:03,361 - music_tracker - INFO - Song collection completed successfully
2025-08-17 07:58:03,265 - music_tracker - INFO - SpotiSpy song collection starting...
2025-08-17 07:58:03,267 - music_tracker - INFO - Starting song collection (last 1 hours)
2025-08-17 07:58:03,268 - music_tracker - INFO - Fetching recent tracks from Spotify...
2025-08-17 07:58:03,662 - music_tracker - INFO - No recent songs found from Spotify
2025-08-17 07:58:03,664 - music_tracker - INFO - No new songs found from Spotify API
2025-08-17 07:58:03,665 - music_tracker - INFO - Song collection completed successfully
2025-08-17 08:58:03,619 - music_tracker - INFO - SpotiSpy song collection starting...
2025-08-17 08:58:03,619 - music_tracker - INFO - Starting song collection (last 1 hours)
2025-08-17 08:58:03,620 - music_tracker - INFO - Fetching recent tracks from Spotify...
2025-08-17 08:58:03,998 - music_tracker - INFO - No recent songs found from Spotify
2025-08-17 08:58:04,000 - music_tracker - INFO - No new songs found from Spotify API
2025-08-17 08:58:04,001 - music_tracker - INFO - Song collection completed successfully
2025-08-17 09:00:12,336 - music_tracker - INFO - SpotiSpy starting...
2025-08-17 09:00:12,336 - music_tracker - INFO - Starting daily SpotiSpy analysis
2025-08-17 09:00:12,341 - music_tracker - INFO - Fetching yesterday's listening data...
2025-08-17 09:00:12,689 - music_tracker - INFO - Fetched 88 songs from database
2025-08-17 09:00:12,691 - music_tracker - INFO - Found 88 songs to analyze
2025-08-17 09:00:12,692 - music_tracker - INFO - Running analysis...
2025-08-17 09:00:12,699 - music_tracker - INFO - Sending daily summary to Slack...
2025-08-17 09:00:13,459 - music_tracker - INFO - Message sent successfully to Slack
2025-08-17 09:00:13,460 - music_tracker - INFO - Daily analysis completed successfully!
2025-08-17 09:00:13,461 - music_tracker - INFO - Running weekly summary...
2025-08-17 09:00:13,461 - music_tracker - INFO - Generating weekly summary...
2025-08-17 09:00:13,484 - music_tracker - INFO - Starting comprehensive weekly analysis
2025-08-17 09:00:13,764 - music_tracker - INFO - Fetched 11 songs for date 2025-08-17
2025-08-17 09:00:13,765 - music_tracker - INFO - Date 2025-08-17: 11 songs
2025-08-17 09:00:13,993 - music_tracker - INFO - Fetched 77 songs for date 2025-08-16
2025-08-17 09:00:13,995 - music_tracker - INFO - Date 2025-08-16: 77 songs
2025-08-17 09:00:14,357 - music_tracker - INFO - Fetched 105 songs for date 2025-08-15
2025-08-17 09:00:14,359 - music_tracker - INFO - Date 2025-08-15: 105 songs
2025-08-17 09:00:14,710 - music_tracker - INFO - Fetched 35 songs for date 2025-08-14
2025-08-17 09:00:14,712 - music_tracker - INFO - Date 2025-08-14: 35 songs
2025-08-17 09:00:14,943 - music_tracker - INFO - Fetched 1 songs for date 2025-08-13
2025-08-17 09:00:14,944 - music_tracker - INFO - Date 2025-08-13: 1 songs
2025-08-17 09:00:15,237 - music_tracker - INFO - Fetched 128 songs for date 2025-08-12
2025-08-17 09:00:15,239 - music_tracker - INFO - Date 2025-08-12: 128 songs
2025-08-17 09:00:15,452 - music_tracker - INFO - Fetched 60 songs for date 2025-08-11
2025-08-17 09:00:15,454 - music_tracker - INFO - Date 2025-08-11: 60 songs
2025-08-17 09:00:16,220 - music_tracker - INFO - Message sent successfully to Slack
2025-08-17 09:00:16,221 - music_tracker - INFO - SpotiSpy completed successfully
2025-08-17 09:58:03,597 - music_tracker - INFO - SpotiSpy song collection starting...
2025-08-17 09:58:03,597 - music_tracker - INFO - Starting song collection (last 1 hours)
2025-08-17 09:58:03,598 - music_tracker - INFO - Fetching recent tracks from Spotify...
2025-08-17 09:58:03,958 - music_tracker - INFO - No recent songs found from Spotify
2025-08-17 09:58:03,960 - music_tracker - INFO - No new songs found from Spotify API
2025-08-17 09:58:03,961 - music_tracker - INFO - Song collection completed successfully
2025-08-17 10:58:02,891 - music_tracker - INFO - SpotiSpy song collection starting...
2025-08-17 10:58:02,892 - music_tracker - INFO - Starting song collection (last 1 hours)
2025-08-17 10:58:02,892 - music_tracker - INFO - Fetching recent tracks from Spotify...
2025-08-17 10:58:03,257 - music_tracker - INFO - No recent songs found from Spotify
2025-08-17 10:58:03,259 - music_tracker - INFO - No new songs found from Spotify API
2025-08-17 10:58:03,259 - music_tracker - INFO - Song collection completed successfully
2025-08-17 11:58:03,147 - music_tracker - INFO - SpotiSpy song collection starting...
2025-08-17 11:58:03,147 - music_tracker - INFO - Starting song collection (last 1 hours)
2025-08-17 11:58:03,148 - music_tracker - INFO - Fetching recent tracks from Spotify...
2025-08-17 11:58:03,613 - music_tracker - INFO - Fetched 4 songs from Spotify
2025-08-17 11:58:03,616 - music_tracker - INFO - Found 4 songs from Spotify API
2025-08-17 11:58:03,617 - music_tracker - INFO - Checking for duplicates in database...
2025-08-17 11:58:03,998 - music_tracker - INFO - Found 4 new songs out of 4 total
2025-08-17 11:58:04,000 - music_tracker - INFO - Found 4 new songs to save
2025-08-17 11:58:04,001 - music_tracker - INFO - Saving songs to database...
2025-08-17 11:58:04,316 - music_tracker - INFO - Successfully saved 4 songs to database
2025-08-17 11:58:04,318 - music_tracker - INFO - Successfully saved 4 songs to database
2025-08-17 11:58:04,318 - music_tracker - INFO - Song collection completed successfully
2025-08-17 12:58:03,243 - music_tracker - INFO - SpotiSpy song collection starting...
2025-08-17 12:58:03,243 - music_tracker - INFO - Starting song collection (last 1 hours)
2025-08-17 12:58:03,244 - music_tracker - INFO - Fetching recent tracks from Spotify...
2025-08-17 12:58:03,608 - music_tracker - INFO - No recent songs found from Spotify
2025-08-17 12:58:03,610 - music_tracker - INFO - No new songs found from Spotify API
2025-08-17 12:58:03,611 - music_tracker - INFO - Song collection completed successfully
2025-08-17 13:58:03,498 - music_tracker - INFO - SpotiSpy song collection starting...
2025-08-17 13:58:03,499 - music_tracker - INFO - Starting song collection (last 1 hours)
2025-08-17 13:58:03,499 - music_tracker - INFO - Fetching recent tracks from Spotify...
2025-08-17 13:58:03,938 - music_tracker - INFO - No recent songs found from Spotify
2025-08-17 13:58:03,940 - music_tracker - INFO - No new songs found from Spotify API
2025-08-17 13:58:03,941 - music_tracker - INFO - Song collection completed successfully
2025-08-17 14:58:03,977 - music_tracker - INFO - SpotiSpy song collection starting...
2025-08-17 14:58:03,978 - music_tracker - INFO - Starting song collection (last 1 hours)
2025-08-17 14:58:03,979 - music_tracker - INFO - Fetching recent tracks from Spotify...
2025-08-17 14:58:04,384 - music_tracker - INFO - No recent songs found from Spotify
2025-08-17 14:58:04,386 - music_tracker - INFO - No new songs found from Spotify API
2025-08-17 14:58:04,386 - music_tracker - INFO - Song collection completed successfully
2025-08-17 15:58:03,311 - music_tracker - INFO - SpotiSpy song collection starting...
2025-08-17 15:58:03,312 - music_tracker - INFO - Starting song collection (last 1 hours)
2025-08-17 15:58:03,313 - music_tracker - INFO - Fetching recent tracks from Spotify...
2025-08-17 15:58:03,687 - music_tracker - INFO - No recent songs found from Spotify
2025-08-17 15:58:03,690 - music_tracker - INFO - No new songs found from Spotify API
2025-08-17 15:58:03,690 - music_tracker - INFO - Song collection completed successfully
2025-08-17 16:58:03,578 - music_tracker - INFO - SpotiSpy song collection starting...
2025-08-17 16:58:03,578 - music_tracker - INFO - Starting song collection (last 1 hours)
2025-08-17 16:58:03,579 - music_tracker - INFO - Fetching recent tracks from Spotify...
2025-08-17 16:58:03,951 - music_tracker - INFO - No recent songs found from Spotify
2025-08-17 16:58:03,953 - music_tracker - INFO - No new songs found from Spotify API
2025-08-17 16:58:03,953 - music_tracker - INFO - Song collection completed successfully
2025-08-17 17:58:02,837 - music_tracker - INFO - SpotiSpy song collection starting...
2025-08-17 17:58:02,838 - music_tracker - INFO - Starting song collection (last 1 hours)
2025-08-17 17:58:02,839 - music_tracker - INFO - Fetching recent tracks from Spotify...
2025-08-17 17:58:03,216 - music_tracker - INFO - No recent songs found from Spotify
2025-08-17 17:58:03,219 - music_tracker - INFO - No new songs found from Spotify API
2025-08-17 17:58:03,219 - music_tracker - INFO - Song collection completed successfully
2025-08-17 18:58:03,111 - music_tracker - INFO - SpotiSpy song collection starting...
2025-08-17 18:58:03,112 - music_tracker - INFO - Starting song collection (last 1 hours)
2025-08-17 18:58:03,113 - music_tracker - INFO - Fetching recent tracks from Spotify...
2025-08-17 18:58:03,490 - music_tracker - INFO - No recent songs found from Spotify
2025-08-17 18:58:03,492 - music_tracker - INFO - No new songs found from Spotify API
2025-08-17 18:58:03,493 - music_tracker - INFO - Song collection completed successfully
2025-08-17 19:58:03,382 - music_tracker - INFO - SpotiSpy song collection starting...
2025-08-17 19:58:03,383 - music_tracker - INFO - Starting song collection (last 1 hours)
2025-08-17 19:58:03,383 - music_tracker - INFO - Fetching recent tracks from Spotify...
2025-08-17 19:58:03,781 - music_tracker - INFO - Fetched 2 songs from Spotify
2025-08-17 19:58:03,783 - music_tracker - INFO - Found 2 songs from Spotify API
2025-08-17 19:58:03,784 - music_tracker - INFO - Checking for duplicates in database...
2025-08-17 19:58:04,115 - music_tracker - INFO - Found 2 new songs out of 2 total
2025-08-17 19:58:04,117 - music_tracker - INFO - Found 2 new songs to save
2025-08-17 19:58:04,118 - music_tracker - INFO - Saving songs to database...
2025-08-17 19:58:04,449 - music_tracker - INFO - Successfully saved 2 songs to database
2025-08-17 19:58:04,451 - music_tracker - INFO - Successfully saved 2 songs to database
2025-08-17 19:58:04,452 - music_tracker - INFO - Song collection completed successfully
2025-08-17 20:58:04,141 - music_tracker - INFO - SpotiSpy song collection starting...
2025-08-17 20:58:04,142 - music_tracker - INFO - Starting song collection (last 1 hours)
2025-08-17 20:58:04,143 - music_tracker - INFO - Fetching recent tracks from Spotify...
2025-08-17 20:58:04,647 - music_tracker - INFO - Fetched 12 songs from Spotify
2025-08-17 20:58:04,650 - music_tracker - INFO - Found 12 songs from Spotify API
2025-08-17 20:58:04,651 - music_tracker - INFO - Checking for duplicates in database...
2025-08-17 20:58:05,110 - music_tracker - INFO - Found 12 new songs out of 12 total
2025-08-17 20:58:05,112 - music_tracker - INFO - Found 12 new songs to save
2025-08-17 20:58:05,113 - music_tracker - INFO - Saving songs to database...
2025-08-17 20:58:05,430 - music_tracker - INFO - Successfully saved 12 songs to database
2025-08-17 20:58:05,432 - music_tracker - INFO - Successfully saved 12 songs to database
2025-08-17 20:58:05,433 - music_tracker - INFO - Song collection completed successfully
2025-08-17 21:58:03,379 - music_tracker - INFO - SpotiSpy song collection starting...
2025-08-17 21:58:03,379 - music_tracker - INFO - Starting song collection (last 1 hours)
2025-08-17 21:58:03,380 - music_tracker - INFO - Fetching recent tracks from Spotify...
2025-08-17 21:58:03,754 - music_tracker - INFO - No recent songs found from Spotify
2025-08-17 21:58:03,756 - music_tracker - INFO - No new songs found from Spotify API
2025-08-17 21:58:03,756 - music_tracker - INFO - Song collection completed successfully
2025-08-17 22:58:03,454 - music_tracker - INFO - SpotiSpy song collection starting...
2025-08-17 22:58:03,455 - music_tracker - INFO - Starting song collection (last 1 hours)
2025-08-17 22:58:03,456 - music_tracker - INFO - Fetching recent tracks from Spotify...
2025-08-17 22:58:03,854 - music_tracker - INFO - No recent songs found from Spotify
2025-08-17 22:58:03,856 - music_tracker - INFO - No new songs found from Spotify API
2025-08-17 22:58:03,857 - music_tracker - INFO - Song collection completed successfully
2025-08-17 23:58:02,747 - music_tracker - INFO - SpotiSpy song collection starting...
2025-08-17 23:58:02,747 - music_tracker - INFO - Starting song collection (last 1 hours)
2025-08-17 23:58:02,748 - music_tracker - INFO - Fetching recent tracks from Spotify...
2025-08-17 23:58:03,224 - music_tracker - INFO - Fetched 9 songs from Spotify
2025-08-17 23:58:03,227 - music_tracker - INFO - Found 9 songs from Spotify API
2025-08-17 23:58:03,228 - music_tracker - INFO - Checking for duplicates in database...
2025-08-17 23:58:03,635 - music_tracker - INFO - Found 9 new songs out of 9 total
2025-08-17 23:58:03,638 - music_tracker - INFO - Found 9 new songs to save
2025-08-17 23:58:03,639 - music_tracker - INFO - Saving songs to database...
2025-08-17 23:58:03,934 - music_tracker - INFO - Successfully saved 9 songs to database
2025-08-17 23:58:03,936 - music_tracker - INFO - Successfully saved 9 songs to database
2025-08-17 23:58:03,937 - music_tracker - INFO - Song collection completed successfully
