2025-08-04 00:58:06,669 - music_tracker - INFO - Zero songs listened to
2025-08-04 00:58:06,669 - music_tracker - INFO - No songs uploaded.
2025-08-04 01:58:07,266 - music_tracker - INFO - Zero songs listened to
2025-08-04 01:58:07,267 - music_tracker - INFO - No songs uploaded.
2025-08-04 02:58:06,844 - music_tracker - INFO - Zero songs listened to
2025-08-04 02:58:06,845 - music_tracker - INFO - No songs uploaded.
2025-08-04 03:58:06,440 - music_tracker - INFO - Zero songs listened to
2025-08-04 03:58:06,441 - music_tracker - INFO - No songs uploaded.
2025-08-04 04:58:07,025 - music_tracker - INFO - Zero songs listened to
2025-08-04 04:58:07,025 - music_tracker - INFO - No songs uploaded.
2025-08-04 05:58:06,820 - music_tracker - INFO - Zero songs listened to
2025-08-04 05:58:06,822 - music_tracker - INFO - No songs uploaded.
2025-08-04 06:58:06,453 - music_tracker - INFO - Zero songs listened to
2025-08-04 06:58:06,453 - music_tracker - INFO - No songs uploaded.
2025-08-04 07:58:07,026 - music_tracker - INFO - Zero songs listened to
2025-08-04 07:58:07,026 - music_tracker - INFO - No songs uploaded.
2025-08-04 08:58:06,623 - music_tracker - INFO - Zero songs listened to
2025-08-04 08:58:06,624 - music_tracker - INFO - No songs uploaded.
2025-08-04 09:00:12,013 - music_tracker - INFO - Starting music tracker analysis
2025-08-04 09:00:12,013 - music_tracker - INFO - Fetching data
2025-08-04 09:00:12,694 - music_tracker - INFO - Fetched 17 recent songs
2025-08-04 09:00:12,695 - music_tracker - INFO - Running top listens analysis
2025-08-04 09:00:12,696 - music_tracker - INFO - Calculating top songs listens
2025-08-04 09:00:12,696 - music_tracker - INFO - Top listens: No multiples of songs listened to yesterday!
2025-08-04 09:00:12,697 - music_tracker - INFO - Calculating top albums listens
2025-08-04 09:00:12,697 - music_tracker - INFO - Top listens: No multiples of albums listened to yesterday!
2025-08-04 09:00:12,697 - music_tracker - INFO - Calculating top artists listens
2025-08-04 09:00:12,698 - music_tracker - INFO - Sending message with top 3 artists
2025-08-04 09:00:13,383 - music_tracker - INFO - Running popularity and listening hours analysis
2025-08-04 09:00:13,383 - music_tracker - INFO - Finding most popular track
2025-08-04 09:00:13,384 - music_tracker - INFO - Most popular song found: Show Me How to Live with score 75
2025-08-04 09:00:14,302 - music_tracker - INFO - Calculating most listened hour
2025-08-04 09:00:14,302 - music_tracker - INFO - Most listened hour: 18:00 with 42:00
2025-08-04 09:00:14,942 - music_tracker - INFO - Calculating duration listened today
2025-08-04 09:00:15,528 - music_tracker - INFO - Analysis completed successfully

2025-08-04 09:58:07,111 - music_tracker - INFO - Zero songs listened to
2025-08-04 09:58:07,111 - music_tracker - INFO - No songs uploaded.
2025-08-04 10:58:06,700 - music_tracker - INFO - Zero songs listened to
2025-08-04 10:58:06,701 - music_tracker - INFO - No songs uploaded.
2025-08-04 11:58:07,316 - music_tracker - INFO - Zero songs listened to
2025-08-04 11:58:07,317 - music_tracker - INFO - No songs uploaded.
2025-08-04 12:58:06,941 - music_tracker - INFO - Zero songs listened to
2025-08-04 12:58:06,942 - music_tracker - INFO - No songs uploaded.
2025-08-04 13:58:06,519 - music_tracker - INFO - Zero songs listened to
2025-08-04 13:58:06,519 - music_tracker - INFO - No songs uploaded.
2025-08-04 14:58:07,105 - music_tracker - INFO - Zero songs listened to
2025-08-04 14:58:07,106 - music_tracker - INFO - No songs uploaded.
2025-08-04 15:58:06,693 - music_tracker - INFO - Zero songs listened to
2025-08-04 15:58:06,693 - music_tracker - INFO - No songs uploaded.
2025-08-04 16:58:08,765 - music_tracker - INFO - Uploading 4 songs
2025-08-04 17:58:08,110 - music_tracker - INFO - Uploading 5 songs
2025-08-04 18:58:06,703 - music_tracker - INFO - Zero songs listened to
2025-08-04 18:58:06,703 - music_tracker - INFO - No songs uploaded.
2025-08-04 19:58:06,341 - music_tracker - INFO - Zero songs listened to
2025-08-04 19:58:06,342 - music_tracker - INFO - No songs uploaded.
2025-08-04 20:58:06,942 - music_tracker - INFO - Zero songs listened to
2025-08-04 20:58:06,943 - music_tracker - INFO - No songs uploaded.
2025-08-04 21:58:07,856 - music_tracker - INFO - Uploading 4 songs
2025-08-04 22:58:06,932 - music_tracker - INFO - Zero songs listened to
2025-08-04 22:58:06,934 - music_tracker - INFO - No songs uploaded.
2025-08-04 23:58:06,502 - music_tracker - INFO - Zero songs listened to
2025-08-04 23:58:06,503 - music_tracker - INFO - No songs uploaded.
