2025-12-05 00:58:03,070 - music_tracker - INFO - SpotiSpy song collection starting...
2025-12-05 00:58:03,070 - music_tracker - INFO - Starting song collection (last 1 hours)
2025-12-05 00:58:03,071 - music_tracker - INFO - Fetching recent tracks from Spotify...
2025-12-05 00:58:03,422 - music_tracker - INFO - No recent songs found from Spotify
2025-12-05 00:58:03,424 - music_tracker - INFO - No new songs found from Spotify API
2025-12-05 00:58:03,424 - music_tracker - INFO - Song collection completed successfully
2025-12-05 01:58:03,311 - music_tracker - INFO - SpotiSpy song collection starting...
2025-12-05 01:58:03,311 - music_tracker - INFO - Starting song collection (last 1 hours)
2025-12-05 01:58:03,312 - music_tracker - INFO - Fetching recent tracks from Spotify...
2025-12-05 01:58:03,655 - music_tracker - INFO - No recent songs found from Spotify
2025-12-05 01:58:03,657 - music_tracker - INFO - No new songs found from Spotify API
2025-12-05 01:58:03,657 - music_tracker - INFO - Song collection completed successfully
2025-12-05 02:58:03,543 - music_tracker - INFO - SpotiSpy song collection starting...
2025-12-05 02:58:03,543 - music_tracker - INFO - Starting song collection (last 1 hours)
2025-12-05 02:58:03,544 - music_tracker - INFO - Fetching recent tracks from Spotify...
2025-12-05 02:58:03,920 - music_tracker - INFO - No recent songs found from Spotify
2025-12-05 02:58:03,922 - music_tracker - INFO - No new songs found from Spotify API
2025-12-05 02:58:03,923 - music_tracker - INFO - Song collection completed successfully
2025-12-05 03:58:02,842 - music_tracker - INFO - SpotiSpy song collection starting...
2025-12-05 03:58:02,842 - music_tracker - INFO - Starting song collection (last 1 hours)
2025-12-05 03:58:02,843 - music_tracker - INFO - Fetching recent tracks from Spotify...
2025-12-05 03:58:03,301 - music_tracker - INFO - No recent songs found from Spotify
2025-12-05 03:58:03,304 - music_tracker - INFO - No new songs found from Spotify API
2025-12-05 03:58:03,304 - music_tracker - INFO - Song collection completed successfully
2025-12-05 04:58:03,202 - music_tracker - INFO - SpotiSpy song collection starting...
2025-12-05 04:58:03,203 - music_tracker - INFO - Starting song collection (last 1 hours)
2025-12-05 04:58:03,204 - music_tracker - INFO - Fetching recent tracks from Spotify...
2025-12-05 04:58:03,573 - music_tracker - INFO - No recent songs found from Spotify
2025-12-05 04:58:03,576 - music_tracker - INFO - No new songs found from Spotify API
2025-12-05 04:58:03,576 - music_tracker - INFO - Song collection completed successfully
2025-12-05 05:58:03,483 - music_tracker - INFO - SpotiSpy song collection starting...
2025-12-05 05:58:03,484 - music_tracker - INFO - Starting song collection (last 1 hours)
2025-12-05 05:58:03,485 - music_tracker - INFO - Fetching recent tracks from Spotify...
2025-12-05 05:58:03,891 - music_tracker - INFO - No recent songs found from Spotify
2025-12-05 05:58:03,893 - music_tracker - INFO - No new songs found from Spotify API
2025-12-05 05:58:03,893 - music_tracker - INFO - Song collection completed successfully
2025-12-05 06:58:02,886 - music_tracker - INFO - SpotiSpy song collection starting...
2025-12-05 06:58:02,886 - music_tracker - INFO - Starting song collection (last 1 hours)
2025-12-05 06:58:02,887 - music_tracker - INFO - Fetching recent tracks from Spotify...
2025-12-05 06:58:03,237 - music_tracker - INFO - No recent songs found from Spotify
2025-12-05 06:58:03,239 - music_tracker - INFO - No new songs found from Spotify API
2025-12-05 06:58:03,239 - music_tracker - INFO - Song collection completed successfully
2025-12-05 07:58:03,135 - music_tracker - INFO - SpotiSpy song collection starting...
2025-12-05 07:58:03,136 - music_tracker - INFO - Starting song collection (last 1 hours)
2025-12-05 07:58:03,137 - music_tracker - INFO - Fetching recent tracks from Spotify...
2025-12-05 07:58:03,503 - music_tracker - INFO - No recent songs found from Spotify
2025-12-05 07:58:03,505 - music_tracker - INFO - No new songs found from Spotify API
2025-12-05 07:58:03,506 - music_tracker - INFO - Song collection completed successfully
2025-12-05 08:58:03,580 - music_tracker - INFO - SpotiSpy song collection starting...
2025-12-05 08:58:03,581 - music_tracker - INFO - Starting song collection (last 1 hours)
2025-12-05 08:58:03,582 - music_tracker - INFO - Fetching recent tracks from Spotify...
2025-12-05 08:58:03,966 - music_tracker - INFO - No recent songs found from Spotify
2025-12-05 08:58:03,968 - music_tracker - INFO - No new songs found from Spotify API
2025-12-05 08:58:03,969 - music_tracker - INFO - Song collection completed successfully
2025-12-05 09:00:12,652 - music_tracker - INFO - SpotiSpy starting...
2025-12-05 09:00:12,657 - music_tracker - INFO - Starting daily SpotiSpy analysis
2025-12-05 09:00:12,658 - music_tracker - INFO - Fetching yesterday's listening data...
2025-12-05 09:00:14,366 - music_tracker - INFO - Fetched 83 songs from database
2025-12-05 09:00:14,369 - music_tracker - INFO - Found 83 songs to analyze
2025-12-05 09:00:14,370 - music_tracker - INFO - Running analysis...
2025-12-05 09:00:14,380 - music_tracker - INFO - Sending daily summary to Slack...
2025-12-05 09:00:20,179 - music_tracker - INFO - Message sent successfully to Slack
2025-12-05 09:00:20,180 - music_tracker - INFO - Daily analysis completed successfully!
2025-12-05 09:00:20,180 - music_tracker - INFO - SpotiSpy completed successfully
2025-12-05 09:58:03,068 - music_tracker - INFO - SpotiSpy song collection starting...
2025-12-05 09:58:03,068 - music_tracker - INFO - Starting song collection (last 1 hours)
2025-12-05 09:58:03,069 - music_tracker - INFO - Fetching recent tracks from Spotify...
2025-12-05 09:58:03,597 - music_tracker - INFO - Fetched 11 songs from Spotify
2025-12-05 09:58:03,600 - music_tracker - INFO - Found 11 songs from Spotify API
2025-12-05 09:58:03,601 - music_tracker - INFO - Checking for duplicates in database...
2025-12-05 09:58:05,028 - music_tracker - INFO - Found 11 new songs out of 11 total
2025-12-05 09:58:05,030 - music_tracker - INFO - Found 11 new songs to save
2025-12-05 09:58:05,031 - music_tracker - INFO - Saving songs to database...
2025-12-05 09:58:05,443 - music_tracker - INFO - Successfully saved 11 songs to database
2025-12-05 09:58:05,445 - music_tracker - INFO - Successfully saved 11 songs to database
2025-12-05 09:58:05,446 - music_tracker - INFO - Song collection completed successfully
2025-12-05 10:58:03,361 - music_tracker - INFO - SpotiSpy song collection starting...
2025-12-05 10:58:03,362 - music_tracker - INFO - Starting song collection (last 1 hours)
2025-12-05 10:58:03,363 - music_tracker - INFO - Fetching recent tracks from Spotify...
2025-12-05 10:58:09,004 - music_tracker - INFO - Fetched 2 songs from Spotify
2025-12-05 10:58:09,007 - music_tracker - INFO - Found 2 songs from Spotify API
2025-12-05 10:58:09,008 - music_tracker - INFO - Checking for duplicates in database...
2025-12-05 10:58:10,381 - music_tracker - INFO - Found 2 new songs out of 2 total
2025-12-05 10:58:10,384 - music_tracker - INFO - Found 2 new songs to save
2025-12-05 10:58:10,385 - music_tracker - INFO - Saving songs to database...
2025-12-05 10:58:10,681 - music_tracker - INFO - Successfully saved 2 songs to database
2025-12-05 10:58:10,683 - music_tracker - INFO - Successfully saved 2 songs to database
2025-12-05 10:58:10,684 - music_tracker - INFO - Song collection completed successfully
2025-12-05 11:58:03,867 - music_tracker - INFO - SpotiSpy song collection starting...
2025-12-05 11:58:03,868 - music_tracker - INFO - Starting song collection (last 1 hours)
2025-12-05 11:58:03,868 - music_tracker - INFO - Fetching recent tracks from Spotify...
2025-12-05 11:58:04,336 - music_tracker - INFO - Fetched 5 songs from Spotify
2025-12-05 11:58:04,338 - music_tracker - INFO - Found 5 songs from Spotify API
2025-12-05 11:58:04,339 - music_tracker - INFO - Checking for duplicates in database...
2025-12-05 11:58:05,770 - music_tracker - INFO - Found 5 new songs out of 5 total
2025-12-05 11:58:05,772 - music_tracker - INFO - Found 5 new songs to save
2025-12-05 11:58:05,773 - music_tracker - INFO - Saving songs to database...
2025-12-05 11:58:06,131 - music_tracker - INFO - Successfully saved 5 songs to database
2025-12-05 11:58:06,133 - music_tracker - INFO - Successfully saved 5 songs to database
2025-12-05 11:58:06,134 - music_tracker - INFO - Song collection completed successfully
2025-12-05 12:58:03,058 - music_tracker - INFO - SpotiSpy song collection starting...
2025-12-05 12:58:03,058 - music_tracker - INFO - Starting song collection (last 1 hours)
2025-12-05 12:58:03,059 - music_tracker - INFO - Fetching recent tracks from Spotify...
2025-12-05 12:58:03,567 - music_tracker - INFO - Fetched 2 songs from Spotify
2025-12-05 12:58:03,570 - music_tracker - INFO - Found 2 songs from Spotify API
2025-12-05 12:58:03,570 - music_tracker - INFO - Checking for duplicates in database...
2025-12-05 12:58:04,939 - music_tracker - INFO - Found 2 new songs out of 2 total
2025-12-05 12:58:04,942 - music_tracker - INFO - Found 2 new songs to save
2025-12-05 12:58:04,943 - music_tracker - INFO - Saving songs to database...
2025-12-05 12:58:15,322 - music_tracker - INFO - Successfully saved 2 songs to database
2025-12-05 12:58:15,324 - music_tracker - INFO - Successfully saved 2 songs to database
2025-12-05 12:58:15,324 - music_tracker - INFO - Song collection completed successfully
2025-12-05 13:58:03,217 - music_tracker - INFO - SpotiSpy song collection starting...
2025-12-05 13:58:03,217 - music_tracker - INFO - Starting song collection (last 1 hours)
2025-12-05 13:58:03,218 - music_tracker - INFO - Fetching recent tracks from Spotify...
2025-12-05 13:58:04,736 - music_tracker - INFO - Fetched 11 songs from Spotify
2025-12-05 13:58:04,740 - music_tracker - INFO - Found 11 songs from Spotify API
2025-12-05 13:58:04,741 - music_tracker - INFO - Checking for duplicates in database...
2025-12-05 13:58:06,224 - music_tracker - INFO - Found 11 new songs out of 11 total
2025-12-05 13:58:06,227 - music_tracker - INFO - Found 11 new songs to save
2025-12-05 13:58:06,227 - music_tracker - INFO - Saving songs to database...
2025-12-05 13:58:06,506 - music_tracker - INFO - Successfully saved 11 songs to database
2025-12-05 13:58:06,507 - music_tracker - INFO - Successfully saved 11 songs to database
2025-12-05 13:58:06,508 - music_tracker - INFO - Song collection completed successfully
2025-12-05 14:58:03,415 - music_tracker - INFO - SpotiSpy song collection starting...
2025-12-05 14:58:03,416 - music_tracker - INFO - Starting song collection (last 1 hours)
2025-12-05 14:58:03,417 - music_tracker - INFO - Fetching recent tracks from Spotify...
2025-12-05 14:58:03,786 - music_tracker - INFO - No recent songs found from Spotify
2025-12-05 14:58:03,788 - music_tracker - INFO - No new songs found from Spotify API
2025-12-05 14:58:03,788 - music_tracker - INFO - Song collection completed successfully
2025-12-05 15:58:02,680 - music_tracker - INFO - SpotiSpy song collection starting...
2025-12-05 15:58:02,681 - music_tracker - INFO - Starting song collection (last 1 hours)
2025-12-05 15:58:02,682 - music_tracker - INFO - Fetching recent tracks from Spotify...
2025-12-05 15:58:03,238 - music_tracker - INFO - Fetched 10 songs from Spotify
2025-12-05 15:58:03,241 - music_tracker - INFO - Found 10 songs from Spotify API
2025-12-05 15:58:03,241 - music_tracker - INFO - Checking for duplicates in database...
2025-12-05 15:58:04,750 - music_tracker - INFO - Found 10 new songs out of 10 total
2025-12-05 15:58:04,752 - music_tracker - INFO - Found 10 new songs to save
2025-12-05 15:58:04,753 - music_tracker - INFO - Saving songs to database...
2025-12-05 15:58:05,130 - music_tracker - INFO - Successfully saved 10 songs to database
2025-12-05 15:58:05,132 - music_tracker - INFO - Successfully saved 10 songs to database
2025-12-05 15:58:05,133 - music_tracker - INFO - Song collection completed successfully
2025-12-05 16:58:03,057 - music_tracker - INFO - SpotiSpy song collection starting...
2025-12-05 16:58:03,057 - music_tracker - INFO - Starting song collection (last 1 hours)
2025-12-05 16:58:03,058 - music_tracker - INFO - Fetching recent tracks from Spotify...
2025-12-05 16:58:03,424 - music_tracker - INFO - No recent songs found from Spotify
2025-12-05 16:58:03,426 - music_tracker - INFO - No new songs found from Spotify API
2025-12-05 16:58:03,427 - music_tracker - INFO - Song collection completed successfully
2025-12-05 17:58:03,333 - music_tracker - INFO - SpotiSpy song collection starting...
2025-12-05 17:58:03,333 - music_tracker - INFO - Starting song collection (last 1 hours)
2025-12-05 17:58:03,334 - music_tracker - INFO - Fetching recent tracks from Spotify...
2025-12-05 17:58:03,752 - music_tracker - INFO - No recent songs found from Spotify
2025-12-05 17:58:03,754 - music_tracker - INFO - No new songs found from Spotify API
2025-12-05 17:58:03,755 - music_tracker - INFO - Song collection completed successfully
2025-12-05 18:58:02,650 - music_tracker - INFO - SpotiSpy song collection starting...
2025-12-05 18:58:02,651 - music_tracker - INFO - Starting song collection (last 1 hours)
2025-12-05 18:58:02,652 - music_tracker - INFO - Fetching recent tracks from Spotify...
2025-12-05 18:58:03,035 - music_tracker - INFO - No recent songs found from Spotify
2025-12-05 18:58:03,037 - music_tracker - INFO - No new songs found from Spotify API
2025-12-05 18:58:03,038 - music_tracker - INFO - Song collection completed successfully
2025-12-05 19:58:02,968 - music_tracker - INFO - SpotiSpy song collection starting...
2025-12-05 19:58:02,969 - music_tracker - INFO - Starting song collection (last 1 hours)
2025-12-05 19:58:02,969 - music_tracker - INFO - Fetching recent tracks from Spotify...
2025-12-05 19:58:03,323 - music_tracker - INFO - No recent songs found from Spotify
2025-12-05 19:58:03,325 - music_tracker - INFO - No new songs found from Spotify API
2025-12-05 19:58:03,325 - music_tracker - INFO - Song collection completed successfully
2025-12-05 20:58:03,277 - music_tracker - INFO - SpotiSpy song collection starting...
2025-12-05 20:58:03,278 - music_tracker - INFO - Starting song collection (last 1 hours)
2025-12-05 20:58:03,278 - music_tracker - INFO - Fetching recent tracks from Spotify...
2025-12-05 20:58:03,662 - music_tracker - INFO - No recent songs found from Spotify
2025-12-05 20:58:03,664 - music_tracker - INFO - No new songs found from Spotify API
2025-12-05 20:58:03,664 - music_tracker - INFO - Song collection completed successfully
2025-12-05 21:58:03,564 - music_tracker - INFO - SpotiSpy song collection starting...
2025-12-05 21:58:03,564 - music_tracker - INFO - Starting song collection (last 1 hours)
2025-12-05 21:58:03,565 - music_tracker - INFO - Fetching recent tracks from Spotify...
2025-12-05 21:58:03,917 - music_tracker - INFO - No recent songs found from Spotify
2025-12-05 21:58:03,919 - music_tracker - INFO - No new songs found from Spotify API
2025-12-05 21:58:03,920 - music_tracker - INFO - Song collection completed successfully
2025-12-05 22:58:02,818 - music_tracker - INFO - SpotiSpy song collection starting...
2025-12-05 22:58:02,818 - music_tracker - INFO - Starting song collection (last 1 hours)
2025-12-05 22:58:02,819 - music_tracker - INFO - Fetching recent tracks from Spotify...
2025-12-05 22:58:03,196 - music_tracker - INFO - No recent songs found from Spotify
2025-12-05 22:58:03,198 - music_tracker - INFO - No new songs found from Spotify API
2025-12-05 22:58:03,199 - music_tracker - INFO - Song collection completed successfully
2025-12-05 23:58:03,093 - music_tracker - INFO - SpotiSpy song collection starting...
2025-12-05 23:58:03,093 - music_tracker - INFO - Starting song collection (last 1 hours)
2025-12-05 23:58:03,094 - music_tracker - INFO - Fetching recent tracks from Spotify...
2025-12-05 23:58:03,472 - music_tracker - INFO - No recent songs found from Spotify
2025-12-05 23:58:03,474 - music_tracker - INFO - No new songs found from Spotify API
2025-12-05 23:58:03,474 - music_tracker - INFO - Song collection completed successfully
