2025-06-20 00:58:07,004 - music_tracker - INFO - Zero songs listened to
2025-06-20 00:58:07,005 - music_tracker - INFO - No songs uploaded.
2025-06-20 01:58:06,742 - music_tracker - INFO - Zero songs listened to
2025-06-20 01:58:06,743 - music_tracker - INFO - No songs uploaded.
2025-06-20 02:58:06,482 - music_tracker - INFO - Zero songs listened to
2025-06-20 02:58:06,482 - music_tracker - INFO - No songs uploaded.
2025-06-20 03:58:07,217 - music_tracker - INFO - Zero songs listened to
2025-06-20 03:58:07,217 - music_tracker - INFO - No songs uploaded.
2025-06-20 04:58:07,060 - music_tracker - INFO - Zero songs listened to
2025-06-20 04:58:07,061 - music_tracker - INFO - No songs uploaded.
2025-06-20 05:58:09,707 - music_tracker - INFO - Uploading 12 songs
2025-06-20 06:58:08,484 - music_tracker - INFO - Uploading 6 songs
2025-06-20 07:58:16,097 - music_tracker - INFO - Uploading 15 songs
2025-06-20 08:58:06,937 - music_tracker - INFO - Zero songs listened to
2025-06-20 08:58:06,937 - music_tracker - INFO - No songs uploaded.
2025-06-20 09:00:11,365 - music_tracker - INFO - Starting music tracker analysis
2025-06-20 09:00:11,365 - music_tracker - INFO - Fetching data
2025-06-20 09:00:11,733 - music_tracker - INFO - Fetched 87 recent songs
2025-06-20 09:00:11,738 - music_tracker - INFO - Running top listens analysis
2025-06-20 09:00:11,739 - music_tracker - INFO - Calculating top songs listens
2025-06-20 09:00:11,739 - music_tracker - INFO - Sending message with top 3 songs
2025-06-20 09:00:12,464 - music_tracker - INFO - Message successfully sent!
2025-06-20 09:00:12,464 - music_tracker - INFO - Calculating top albums listens
2025-06-20 09:00:12,465 - music_tracker - INFO - Sending message with top 3 albums
2025-06-20 09:00:13,317 - music_tracker - INFO - Message successfully sent!
2025-06-20 09:00:13,318 - music_tracker - INFO - Calculating top artists listens
2025-06-20 09:00:13,319 - music_tracker - INFO - Sending message with top 3 artists
2025-06-20 09:00:13,979 - music_tracker - INFO - Message successfully sent!
2025-06-20 09:00:13,980 - music_tracker - INFO - Running popularity and listening hours analysis
2025-06-20 09:00:13,980 - music_tracker - INFO - Finding most popular track
2025-06-20 09:00:13,980 - music_tracker - INFO - Most popular song found: DtMF with score 97
2025-06-20 09:00:14,591 - music_tracker - INFO - Message successfully sent!
2025-06-20 09:00:14,592 - music_tracker - INFO - Calculating most listened hour
2025-06-20 09:00:14,592 - music_tracker - INFO - Most listened hour: 17:00 with 56:49
2025-06-20 09:00:15,218 - music_tracker - INFO - Message successfully sent!
2025-06-20 09:00:15,218 - music_tracker - INFO - Analysis completed successfully

2025-06-20 09:58:08,565 - music_tracker - INFO - Uploading 5 songs
2025-06-20 10:58:07,327 - music_tracker - INFO - Zero songs listened to
2025-06-20 10:58:07,328 - music_tracker - INFO - No songs uploaded.
2025-06-20 11:58:07,125 - music_tracker - INFO - Zero songs listened to
2025-06-20 11:58:07,125 - music_tracker - INFO - No songs uploaded.
2025-06-20 12:58:06,852 - music_tracker - INFO - Zero songs listened to
2025-06-20 12:58:06,852 - music_tracker - INFO - No songs uploaded.
2025-06-20 13:58:06,617 - music_tracker - INFO - Zero songs listened to
2025-06-20 13:58:06,618 - music_tracker - INFO - No songs uploaded.
2025-06-20 14:58:08,529 - music_tracker - INFO - Uploading 3 songs
2025-06-20 15:58:11,275 - music_tracker - INFO - Uploading 14 songs
2025-06-20 16:58:14,509 - music_tracker - INFO -   Supabase error: Status 400, {"code":"22007","details":null,"hint":null,"message":"invalid input syntax for type date: \"2005\""}
2025-06-20 16:58:14,511 - music_tracker - INFO - No songs uploaded.
2025-06-20 17:58:07,291 - music_tracker - INFO - Zero songs listened to
2025-06-20 17:58:07,292 - music_tracker - INFO - No songs uploaded.
2025-06-20 18:58:07,023 - music_tracker - INFO - Zero songs listened to
2025-06-20 18:58:07,023 - music_tracker - INFO - No songs uploaded.
2025-06-20 19:58:06,760 - music_tracker - INFO - Zero songs listened to
2025-06-20 19:58:06,760 - music_tracker - INFO - No songs uploaded.
2025-06-20 20:58:07,432 - music_tracker - INFO - Uploading 2 songs
2025-06-20 21:58:07,189 - music_tracker - INFO - Zero songs listened to
2025-06-20 21:58:07,189 - music_tracker - INFO - No songs uploaded.
2025-06-20 22:58:07,261 - music_tracker - INFO - Zero songs listened to
2025-06-20 22:58:07,263 - music_tracker - INFO - No songs uploaded.
2025-06-20 23:58:07,022 - music_tracker - INFO - Zero songs listened to
2025-06-20 23:58:07,023 - music_tracker - INFO - No songs uploaded.
