<<<<<<< Updated upstream
2025-08-10 00:58:06,585 - music_tracker - INFO - SpotiSpy starting...
2025-08-10 00:58:06,586 - music_tracker - INFO - Starting daily SpotiSpy analysis
2025-08-10 00:58:06,586 - music_tracker - INFO - Fetching yesterday's listening data...
2025-08-10 00:58:06,897 - music_tracker - INFO - Fetched 0 songs from database
2025-08-10 00:58:06,899 - music_tracker - WARNING - No songs found for yesterday
2025-08-10 00:58:06,900 - music_tracker - INFO - Running weekly summary...
2025-08-10 00:58:06,900 - music_tracker - INFO - Weekly summary feature coming soon!
2025-08-10 00:58:07,649 - music_tracker - INFO - Message sent successfully to Slack
2025-08-10 00:58:07,650 - music_tracker - INFO - SpotiSpy completed successfully
2025-08-10 01:58:06,811 - music_tracker - INFO - SpotiSpy starting...
2025-08-10 01:58:06,812 - music_tracker - INFO - Starting daily SpotiSpy analysis
2025-08-10 01:58:06,812 - music_tracker - INFO - Fetching yesterday's listening data...
2025-08-10 01:58:07,146 - music_tracker - INFO - Fetched 0 songs from database
2025-08-10 01:58:07,148 - music_tracker - WARNING - No songs found for yesterday
2025-08-10 01:58:07,152 - music_tracker - INFO - Running weekly summary...
2025-08-10 01:58:07,152 - music_tracker - INFO - Weekly summary feature coming soon!
2025-08-10 01:58:07,766 - music_tracker - INFO - Message sent successfully to Slack
2025-08-10 01:58:07,766 - music_tracker - INFO - SpotiSpy completed successfully
2025-08-10 02:58:05,876 - music_tracker - INFO - SpotiSpy starting...
2025-08-10 02:58:05,876 - music_tracker - INFO - Starting daily SpotiSpy analysis
2025-08-10 02:58:05,877 - music_tracker - INFO - Fetching yesterday's listening data...
2025-08-10 02:58:06,201 - music_tracker - INFO - Fetched 0 songs from database
2025-08-10 02:58:06,203 - music_tracker - WARNING - No songs found for yesterday
2025-08-10 02:58:06,203 - music_tracker - INFO - Running weekly summary...
2025-08-10 02:58:06,203 - music_tracker - INFO - Weekly summary feature coming soon!
2025-08-10 02:58:06,797 - music_tracker - INFO - Message sent successfully to Slack
2025-08-10 02:58:06,798 - music_tracker - INFO - SpotiSpy completed successfully
2025-08-10 03:58:05,955 - music_tracker - INFO - SpotiSpy starting...
2025-08-10 03:58:05,956 - music_tracker - INFO - Starting daily SpotiSpy analysis
2025-08-10 03:58:05,956 - music_tracker - INFO - Fetching yesterday's listening data...
2025-08-10 03:58:06,262 - music_tracker - INFO - Fetched 0 songs from database
2025-08-10 03:58:06,264 - music_tracker - WARNING - No songs found for yesterday
2025-08-10 03:58:06,264 - music_tracker - INFO - Running weekly summary...
2025-08-10 03:58:06,264 - music_tracker - INFO - Weekly summary feature coming soon!
2025-08-10 03:58:06,872 - music_tracker - INFO - Message sent successfully to Slack
2025-08-10 03:58:06,873 - music_tracker - INFO - SpotiSpy completed successfully
2025-08-10 04:58:06,023 - music_tracker - INFO - SpotiSpy starting...
2025-08-10 04:58:06,023 - music_tracker - INFO - Starting daily SpotiSpy analysis
2025-08-10 04:58:06,024 - music_tracker - INFO - Fetching yesterday's listening data...
2025-08-10 04:58:06,346 - music_tracker - INFO - Fetched 0 songs from database
2025-08-10 04:58:06,348 - music_tracker - WARNING - No songs found for yesterday
2025-08-10 04:58:06,351 - music_tracker - INFO - Running weekly summary...
2025-08-10 04:58:06,352 - music_tracker - INFO - Weekly summary feature coming soon!
2025-08-10 04:58:06,948 - music_tracker - INFO - Message sent successfully to Slack
2025-08-10 04:58:06,948 - music_tracker - INFO - SpotiSpy completed successfully
2025-08-10 05:58:06,140 - music_tracker - INFO - SpotiSpy starting...
2025-08-10 05:58:06,140 - music_tracker - INFO - Starting daily SpotiSpy analysis
2025-08-10 05:58:06,141 - music_tracker - INFO - Fetching yesterday's listening data...
2025-08-10 05:58:06,474 - music_tracker - INFO - Fetched 0 songs from database
2025-08-10 05:58:06,476 - music_tracker - WARNING - No songs found for yesterday
2025-08-10 05:58:06,477 - music_tracker - INFO - Running weekly summary...
2025-08-10 05:58:06,477 - music_tracker - INFO - Weekly summary feature coming soon!
2025-08-10 05:58:07,089 - music_tracker - INFO - Message sent successfully to Slack
2025-08-10 05:58:07,089 - music_tracker - INFO - SpotiSpy completed successfully
2025-08-10 06:58:06,289 - music_tracker - INFO - SpotiSpy starting...
2025-08-10 06:58:06,290 - music_tracker - INFO - Starting daily SpotiSpy analysis
2025-08-10 06:58:06,290 - music_tracker - INFO - Fetching yesterday's listening data...
2025-08-10 06:58:06,604 - music_tracker - INFO - Fetched 0 songs from database
2025-08-10 06:58:06,605 - music_tracker - WARNING - No songs found for yesterday
2025-08-10 06:58:06,610 - music_tracker - INFO - Running weekly summary...
2025-08-10 06:58:06,610 - music_tracker - INFO - Weekly summary feature coming soon!
2025-08-10 06:58:07,237 - music_tracker - INFO - Message sent successfully to Slack
2025-08-10 06:58:07,238 - music_tracker - INFO - SpotiSpy completed successfully
2025-08-10 07:58:06,355 - music_tracker - INFO - SpotiSpy starting...
2025-08-10 07:58:06,356 - music_tracker - INFO - Starting daily SpotiSpy analysis
2025-08-10 07:58:06,356 - music_tracker - INFO - Fetching yesterday's listening data...
2025-08-10 07:58:06,739 - music_tracker - INFO - Fetched 0 songs from database
2025-08-10 07:58:06,740 - music_tracker - WARNING - No songs found for yesterday
2025-08-10 07:58:06,744 - music_tracker - INFO - Running weekly summary...
2025-08-10 07:58:06,744 - music_tracker - INFO - Weekly summary feature coming soon!
2025-08-10 07:58:07,354 - music_tracker - INFO - Message sent successfully to Slack
2025-08-10 07:58:07,355 - music_tracker - INFO - SpotiSpy completed successfully
2025-08-10 08:58:06,552 - music_tracker - INFO - SpotiSpy starting...
2025-08-10 08:58:06,552 - music_tracker - INFO - Starting daily SpotiSpy analysis
2025-08-10 08:58:06,553 - music_tracker - INFO - Fetching yesterday's listening data...
2025-08-10 08:58:06,878 - music_tracker - INFO - Fetched 0 songs from database
2025-08-10 08:58:06,880 - music_tracker - WARNING - No songs found for yesterday
2025-08-10 08:58:06,881 - music_tracker - INFO - Running weekly summary...
2025-08-10 08:58:06,881 - music_tracker - INFO - Weekly summary feature coming soon!
2025-08-10 08:58:07,502 - music_tracker - INFO - Message sent successfully to Slack
2025-08-10 08:58:07,502 - music_tracker - INFO - SpotiSpy completed successfully
2025-08-10 09:00:11,667 - music_tracker - INFO - SpotiSpy starting...
2025-08-10 09:00:11,668 - music_tracker - INFO - Starting daily SpotiSpy analysis
2025-08-10 09:00:11,668 - music_tracker - INFO - Fetching yesterday's listening data...
2025-08-10 09:00:11,947 - music_tracker - INFO - Fetched 0 songs from database
2025-08-10 09:00:11,949 - music_tracker - WARNING - No songs found for yesterday
2025-08-10 09:00:11,949 - music_tracker - INFO - Running weekly summary...
2025-08-10 09:00:11,950 - music_tracker - INFO - Weekly summary feature coming soon!
2025-08-10 09:00:12,548 - music_tracker - INFO - Message sent successfully to Slack
2025-08-10 09:00:12,548 - music_tracker - INFO - SpotiSpy completed successfully
2025-08-10 09:58:06,680 - music_tracker - INFO - SpotiSpy starting...
2025-08-10 09:58:06,681 - music_tracker - INFO - Starting daily SpotiSpy analysis
2025-08-10 09:58:06,681 - music_tracker - INFO - Fetching yesterday's listening data...
2025-08-10 09:58:07,001 - music_tracker - INFO - Fetched 0 songs from database
2025-08-10 09:58:07,003 - music_tracker - WARNING - No songs found for yesterday
2025-08-10 09:58:07,003 - music_tracker - INFO - Running weekly summary...
2025-08-10 09:58:07,004 - music_tracker - INFO - Weekly summary feature coming soon!
2025-08-10 09:58:07,636 - music_tracker - INFO - Message sent successfully to Slack
2025-08-10 09:58:07,637 - music_tracker - INFO - SpotiSpy completed successfully
2025-08-10 10:58:06,767 - music_tracker - INFO - SpotiSpy starting...
2025-08-10 10:58:06,767 - music_tracker - INFO - Starting daily SpotiSpy analysis
2025-08-10 10:58:06,768 - music_tracker - INFO - Fetching yesterday's listening data...
2025-08-10 10:58:07,136 - music_tracker - INFO - Fetched 0 songs from database
2025-08-10 10:58:07,138 - music_tracker - WARNING - No songs found for yesterday
2025-08-10 10:58:07,138 - music_tracker - INFO - Running weekly summary...
2025-08-10 10:58:07,139 - music_tracker - INFO - Weekly summary feature coming soon!
2025-08-10 10:58:07,746 - music_tracker - INFO - Message sent successfully to Slack
2025-08-10 10:58:07,747 - music_tracker - INFO - SpotiSpy completed successfully
2025-08-10 11:58:05,884 - music_tracker - INFO - SpotiSpy starting...
2025-08-10 11:58:05,884 - music_tracker - INFO - Starting daily SpotiSpy analysis
2025-08-10 11:58:05,885 - music_tracker - INFO - Fetching yesterday's listening data...
2025-08-10 11:58:06,259 - music_tracker - INFO - Fetched 0 songs from database
2025-08-10 11:58:06,261 - music_tracker - WARNING - No songs found for yesterday
2025-08-10 11:58:06,261 - music_tracker - INFO - Running weekly summary...
2025-08-10 11:58:06,262 - music_tracker - INFO - Weekly summary feature coming soon!
2025-08-10 11:58:06,894 - music_tracker - INFO - Message sent successfully to Slack
2025-08-10 11:58:06,895 - music_tracker - INFO - SpotiSpy completed successfully
2025-08-10 12:58:06,037 - music_tracker - INFO - SpotiSpy starting...
2025-08-10 12:58:06,038 - music_tracker - INFO - Starting daily SpotiSpy analysis
2025-08-10 12:58:06,038 - music_tracker - INFO - Fetching yesterday's listening data...
2025-08-10 12:58:06,404 - music_tracker - INFO - Fetched 0 songs from database
2025-08-10 12:58:06,406 - music_tracker - WARNING - No songs found for yesterday
2025-08-10 12:58:06,406 - music_tracker - INFO - Running weekly summary...
2025-08-10 12:58:06,407 - music_tracker - INFO - Weekly summary feature coming soon!
2025-08-10 12:58:07,033 - music_tracker - INFO - Message sent successfully to Slack
2025-08-10 12:58:07,034 - music_tracker - INFO - SpotiSpy completed successfully
2025-08-10 13:58:06,160 - music_tracker - INFO - SpotiSpy starting...
2025-08-10 13:58:06,161 - music_tracker - INFO - Starting daily SpotiSpy analysis
2025-08-10 13:58:06,161 - music_tracker - INFO - Fetching yesterday's listening data...
2025-08-10 13:58:06,516 - music_tracker - INFO - Fetched 0 songs from database
2025-08-10 13:58:06,517 - music_tracker - WARNING - No songs found for yesterday
2025-08-10 13:58:06,518 - music_tracker - INFO - Running weekly summary...
2025-08-10 13:58:06,518 - music_tracker - INFO - Weekly summary feature coming soon!
2025-08-10 13:58:07,107 - music_tracker - INFO - Message sent successfully to Slack
2025-08-10 13:58:07,107 - music_tracker - INFO - SpotiSpy completed successfully
2025-08-10 14:58:06,231 - music_tracker - INFO - SpotiSpy starting...
2025-08-10 14:58:06,231 - music_tracker - INFO - Starting daily SpotiSpy analysis
2025-08-10 14:58:06,232 - music_tracker - INFO - Fetching yesterday's listening data...
2025-08-10 14:58:06,560 - music_tracker - INFO - Fetched 0 songs from database
2025-08-10 14:58:06,562 - music_tracker - WARNING - No songs found for yesterday
2025-08-10 14:58:06,562 - music_tracker - INFO - Running weekly summary...
2025-08-10 14:58:06,563 - music_tracker - INFO - Weekly summary feature coming soon!
2025-08-10 14:58:07,407 - music_tracker - INFO - Message sent successfully to Slack
2025-08-10 14:58:07,408 - music_tracker - INFO - SpotiSpy completed successfully
2025-08-10 15:58:06,553 - music_tracker - INFO - SpotiSpy starting...
2025-08-10 15:58:06,554 - music_tracker - INFO - Starting daily SpotiSpy analysis
2025-08-10 15:58:06,554 - music_tracker - INFO - Fetching yesterday's listening data...
2025-08-10 15:58:06,822 - music_tracker - INFO - Fetched 0 songs from database
2025-08-10 15:58:06,824 - music_tracker - WARNING - No songs found for yesterday
2025-08-10 15:58:06,824 - music_tracker - INFO - Running weekly summary...
2025-08-10 15:58:06,825 - music_tracker - INFO - Weekly summary feature coming soon!
2025-08-10 15:58:07,431 - music_tracker - INFO - Message sent successfully to Slack
2025-08-10 15:58:07,432 - music_tracker - INFO - SpotiSpy completed successfully
2025-08-10 16:58:08,446 - music_tracker - INFO - SpotiSpy starting...
2025-08-10 16:58:08,447 - music_tracker - INFO - Starting daily SpotiSpy analysis
2025-08-10 16:58:08,448 - music_tracker - INFO - Fetching yesterday's listening data...
2025-08-10 16:58:08,784 - music_tracker - INFO - Fetched 0 songs from database
2025-08-10 16:58:08,785 - music_tracker - WARNING - No songs found for yesterday
2025-08-10 16:58:08,786 - music_tracker - INFO - Running weekly summary...
2025-08-10 16:58:08,786 - music_tracker - INFO - Weekly summary feature coming soon!
2025-08-10 16:58:09,440 - music_tracker - INFO - Message sent successfully to Slack
2025-08-10 16:58:09,441 - music_tracker - INFO - SpotiSpy completed successfully
2025-08-10 17:40:13,324 - music_tracker - INFO - SpotiSpy starting...
2025-08-10 17:40:13,325 - music_tracker - INFO - Starting daily SpotiSpy analysis
2025-08-10 17:40:13,325 - music_tracker - INFO - Fetching yesterday's listening data...
2025-08-10 17:40:13,623 - music_tracker - INFO - Fetched 0 songs from database
2025-08-10 17:40:13,625 - music_tracker - WARNING - No songs found for yesterday
2025-08-10 17:40:13,626 - music_tracker - INFO - Running weekly summary...
2025-08-10 17:40:13,626 - music_tracker - INFO - Weekly summary feature coming soon!
2025-08-10 17:40:14,245 - music_tracker - INFO - Message sent successfully to Slack
2025-08-10 17:40:14,247 - music_tracker - INFO - SpotiSpy completed successfully
2025-08-10 17:41:06,527 - music_tracker - INFO - SpotiSpy starting...
2025-08-10 17:41:06,528 - music_tracker - INFO - Starting daily SpotiSpy analysis
2025-08-10 17:41:06,528 - music_tracker - INFO - Fetching yesterday's listening data...
2025-08-10 17:41:06,760 - music_tracker - INFO - Fetched 0 songs from database
2025-08-10 17:41:06,762 - music_tracker - WARNING - No songs found for yesterday
2025-08-10 17:41:06,762 - music_tracker - INFO - Running weekly summary...
2025-08-10 17:41:06,762 - music_tracker - INFO - Weekly summary feature coming soon!
2025-08-10 17:41:07,619 - music_tracker - INFO - Message sent successfully to Slack
2025-08-10 17:41:07,620 - music_tracker - INFO - SpotiSpy completed successfully
=======
2025-08-10 17:43:59,462 - music_tracker - INFO - SpotiSpy song collection starting...
2025-08-10 17:43:59,462 - music_tracker - INFO - Starting song collection (last 1 hours)
2025-08-10 17:43:59,462 - music_tracker - INFO - Fetching recent tracks from Spotify...
2025-08-10 17:43:59,938 - music_tracker - INFO - No recent songs found from Spotify
2025-08-10 17:43:59,939 - music_tracker - INFO - No new songs found from Spotify API
2025-08-10 17:43:59,939 - music_tracker - INFO - Song collection completed successfully
2025-08-10 17:44:03,495 - music_tracker - INFO - SpotiSpy starting...
2025-08-10 17:44:03,495 - music_tracker - INFO - Starting daily SpotiSpy analysis
2025-08-10 17:44:03,495 - music_tracker - INFO - Fetching yesterday's listening data...
2025-08-10 17:44:03,681 - music_tracker - INFO - Fetched 0 songs from database
2025-08-10 17:44:03,682 - music_tracker - WARNING - No songs found for yesterday
2025-08-10 17:44:03,682 - music_tracker - INFO - Running weekly summary...
2025-08-10 17:44:03,682 - music_tracker - INFO - Weekly summary feature coming soon!
2025-08-10 17:44:03,976 - music_tracker - INFO - Message sent successfully to Slack
2025-08-10 17:44:03,977 - music_tracker - INFO - SpotiSpy completed successfully
>>>>>>> Stashed changes
2025-08-10 17:58:27,986 - music_tracker - INFO - Testing weekly analysis...
2025-08-10 17:58:27,987 - music_tracker - INFO - Starting comprehensive weekly analysis
2025-08-10 17:58:28,368 - music_tracker - INFO - Fetched 0 songs for date 2025-08-10
2025-08-10 17:58:28,369 - music_tracker - INFO - Date 2025-08-10: 0 songs
2025-08-10 17:58:28,542 - music_tracker - INFO - Fetched 0 songs for date 2025-08-09
2025-08-10 17:58:28,542 - music_tracker - INFO - Date 2025-08-09: 0 songs
2025-08-10 17:58:28,664 - music_tracker - INFO - Fetched 0 songs for date 2025-08-08
2025-08-10 17:58:28,665 - music_tracker - INFO - Date 2025-08-08: 0 songs
2025-08-10 17:58:28,833 - music_tracker - INFO - Fetched 47 songs for date 2025-08-07
2025-08-10 17:58:28,833 - music_tracker - INFO - Date 2025-08-07: 47 songs
2025-08-10 17:58:28,984 - music_tracker - INFO - Fetched 64 songs for date 2025-08-06
2025-08-10 17:58:28,985 - music_tracker - INFO - Date 2025-08-06: 64 songs
2025-08-10 17:58:29,128 - music_tracker - INFO - Fetched 50 songs for date 2025-08-05
2025-08-10 17:58:29,129 - music_tracker - INFO - Date 2025-08-05: 50 songs
2025-08-10 17:58:29,283 - music_tracker - INFO - Fetched 9 songs for date 2025-08-04
2025-08-10 17:58:29,283 - music_tracker - INFO - Date 2025-08-04: 9 songs
2025-08-10 17:58:29,283 - music_tracker - INFO - Weekly analysis completed successfully
2025-08-10 18:01:25,503 - music_tracker - INFO - Testing weekly message formatting...
2025-08-10 18:01:25,503 - music_tracker - INFO - Starting comprehensive weekly analysis
2025-08-10 18:01:25,638 - music_tracker - INFO - Fetched 0 songs for date 2025-08-10
2025-08-10 18:01:25,639 - music_tracker - INFO - Date 2025-08-10: 0 songs
2025-08-10 18:01:25,847 - music_tracker - INFO - Fetched 0 songs for date 2025-08-09
2025-08-10 18:01:25,848 - music_tracker - INFO - Date 2025-08-09: 0 songs
2025-08-10 18:01:26,000 - music_tracker - INFO - Fetched 0 songs for date 2025-08-08
2025-08-10 18:01:26,001 - music_tracker - INFO - Date 2025-08-08: 0 songs
2025-08-10 18:01:26,155 - music_tracker - INFO - Fetched 47 songs for date 2025-08-07
2025-08-10 18:01:26,156 - music_tracker - INFO - Date 2025-08-07: 47 songs
2025-08-10 18:01:26,277 - music_tracker - INFO - Fetched 64 songs for date 2025-08-06
2025-08-10 18:01:26,278 - music_tracker - INFO - Date 2025-08-06: 64 songs
2025-08-10 18:01:26,485 - music_tracker - INFO - Fetched 50 songs for date 2025-08-05
2025-08-10 18:01:26,485 - music_tracker - INFO - Date 2025-08-05: 50 songs
2025-08-10 18:01:26,627 - music_tracker - INFO - Fetched 9 songs for date 2025-08-04
2025-08-10 18:01:26,628 - music_tracker - INFO - Date 2025-08-04: 9 songs
2025-08-10 18:02:14,946 - music_tracker - INFO - Testing weekly message formatting...
2025-08-10 18:02:14,946 - music_tracker - INFO - Starting comprehensive weekly analysis
2025-08-10 18:02:15,124 - music_tracker - INFO - Fetched 0 songs for date 2025-08-10
2025-08-10 18:02:15,125 - music_tracker - INFO - Date 2025-08-10: 0 songs
2025-08-10 18:02:15,256 - music_tracker - INFO - Fetched 0 songs for date 2025-08-09
2025-08-10 18:02:15,256 - music_tracker - INFO - Date 2025-08-09: 0 songs
2025-08-10 18:02:15,375 - music_tracker - INFO - Fetched 0 songs for date 2025-08-08
2025-08-10 18:02:15,375 - music_tracker - INFO - Date 2025-08-08: 0 songs
2025-08-10 18:02:15,497 - music_tracker - INFO - Fetched 47 songs for date 2025-08-07
2025-08-10 18:02:15,498 - music_tracker - INFO - Date 2025-08-07: 47 songs
2025-08-10 18:02:15,647 - music_tracker - INFO - Fetched 64 songs for date 2025-08-06
2025-08-10 18:02:15,648 - music_tracker - INFO - Date 2025-08-06: 64 songs
2025-08-10 18:02:15,784 - music_tracker - INFO - Fetched 50 songs for date 2025-08-05
2025-08-10 18:02:15,784 - music_tracker - INFO - Date 2025-08-05: 50 songs
2025-08-10 18:02:15,897 - music_tracker - INFO - Fetched 9 songs for date 2025-08-04
2025-08-10 18:02:15,897 - music_tracker - INFO - Date 2025-08-04: 9 songs
2025-08-10 18:02:19,746 - music_tracker - INFO - SpotiSpy starting...
2025-08-10 18:02:19,746 - music_tracker - INFO - Running weekly summary...
2025-08-10 18:02:19,746 - music_tracker - INFO - Generating weekly summary...
2025-08-10 18:02:19,747 - music_tracker - INFO - Starting comprehensive weekly analysis
2025-08-10 18:02:19,937 - music_tracker - INFO - Fetched 0 songs for date 2025-08-10
2025-08-10 18:02:19,937 - music_tracker - INFO - Date 2025-08-10: 0 songs
2025-08-10 18:02:20,077 - music_tracker - INFO - Fetched 0 songs for date 2025-08-09
2025-08-10 18:02:20,077 - music_tracker - INFO - Date 2025-08-09: 0 songs
2025-08-10 18:02:20,209 - music_tracker - INFO - Fetched 0 songs for date 2025-08-08
2025-08-10 18:02:20,209 - music_tracker - INFO - Date 2025-08-08: 0 songs
2025-08-10 18:02:20,358 - music_tracker - INFO - Fetched 47 songs for date 2025-08-07
2025-08-10 18:02:20,358 - music_tracker - INFO - Date 2025-08-07: 47 songs
2025-08-10 18:02:20,493 - music_tracker - INFO - Fetched 64 songs for date 2025-08-06
2025-08-10 18:02:20,494 - music_tracker - INFO - Date 2025-08-06: 64 songs
2025-08-10 18:02:20,628 - music_tracker - INFO - Fetched 50 songs for date 2025-08-05
2025-08-10 18:02:20,628 - music_tracker - INFO - Date 2025-08-05: 50 songs
2025-08-10 18:02:20,755 - music_tracker - INFO - Fetched 9 songs for date 2025-08-04
2025-08-10 18:02:20,756 - music_tracker - INFO - Date 2025-08-04: 9 songs
2025-08-10 18:02:21,194 - music_tracker - INFO - Message sent successfully to Slack
2025-08-10 18:02:21,194 - music_tracker - INFO - SpotiSpy completed successfully
2025-08-10 18:02:35,740 - music_tracker - INFO - Running standalone weekly analysis...
2025-08-10 18:02:35,741 - music_tracker - INFO - Starting weekly analysis
2025-08-10 18:02:35,741 - music_tracker - INFO - Starting comprehensive weekly analysis
2025-08-10 18:02:35,862 - music_tracker - INFO - Fetched 0 songs for date 2025-08-10
2025-08-10 18:02:35,862 - music_tracker - INFO - Date 2025-08-10: 0 songs
2025-08-10 18:02:35,975 - music_tracker - INFO - Fetched 0 songs for date 2025-08-09
2025-08-10 18:02:35,975 - music_tracker - INFO - Date 2025-08-09: 0 songs
2025-08-10 18:02:36,091 - music_tracker - INFO - Fetched 0 songs for date 2025-08-08
2025-08-10 18:02:36,091 - music_tracker - INFO - Date 2025-08-08: 0 songs
2025-08-10 18:02:36,218 - music_tracker - INFO - Fetched 47 songs for date 2025-08-07
2025-08-10 18:02:36,219 - music_tracker - INFO - Date 2025-08-07: 47 songs
2025-08-10 18:02:36,351 - music_tracker - INFO - Fetched 64 songs for date 2025-08-06
2025-08-10 18:02:36,352 - music_tracker - INFO - Date 2025-08-06: 64 songs
2025-08-10 18:02:36,474 - music_tracker - INFO - Fetched 50 songs for date 2025-08-05
2025-08-10 18:02:36,475 - music_tracker - INFO - Date 2025-08-05: 50 songs
2025-08-10 18:02:36,585 - music_tracker - INFO - Fetched 9 songs for date 2025-08-04
2025-08-10 18:02:36,585 - music_tracker - INFO - Date 2025-08-04: 9 songs
2025-08-10 18:02:36,586 - music_tracker - INFO - Sending comprehensive weekly summary to Slack...
2025-08-10 18:02:36,586 - music_tracker - INFO - Generating weekly summary...
2025-08-10 18:02:36,889 - music_tracker - INFO - Message sent successfully to Slack
2025-08-10 18:02:36,889 - music_tracker - INFO - Weekly analysis completed successfully!
2025-08-10 18:02:36,889 - music_tracker - INFO - Weekly analysis completed successfully
2025-08-10 18:03:19,997 - music_tracker - INFO - SpotiSpy starting...
2025-08-10 18:03:19,997 - music_tracker - INFO - Starting daily SpotiSpy analysis
2025-08-10 18:03:19,997 - music_tracker - INFO - Fetching yesterday's listening data...
2025-08-10 18:03:20,176 - music_tracker - INFO - Fetched 0 songs from database
2025-08-10 18:03:20,177 - music_tracker - WARNING - No songs found for yesterday
2025-08-10 18:03:20,177 - music_tracker - INFO - Running weekly summary...
2025-08-10 18:03:20,177 - music_tracker - INFO - Generating weekly summary...
2025-08-10 18:03:20,177 - music_tracker - INFO - Starting comprehensive weekly analysis
2025-08-10 18:03:20,304 - music_tracker - INFO - Fetched 0 songs for date 2025-08-10
2025-08-10 18:03:20,305 - music_tracker - INFO - Date 2025-08-10: 0 songs
2025-08-10 18:03:20,453 - music_tracker - INFO - Fetched 0 songs for date 2025-08-09
2025-08-10 18:03:20,454 - music_tracker - INFO - Date 2025-08-09: 0 songs
2025-08-10 18:03:20,579 - music_tracker - INFO - Fetched 0 songs for date 2025-08-08
2025-08-10 18:03:20,579 - music_tracker - INFO - Date 2025-08-08: 0 songs
2025-08-10 18:03:20,705 - music_tracker - INFO - Fetched 47 songs for date 2025-08-07
2025-08-10 18:03:20,706 - music_tracker - INFO - Date 2025-08-07: 47 songs
2025-08-10 18:03:20,872 - music_tracker - INFO - Fetched 64 songs for date 2025-08-06
2025-08-10 18:03:20,873 - music_tracker - INFO - Date 2025-08-06: 64 songs
2025-08-10 18:03:21,035 - music_tracker - INFO - Fetched 50 songs for date 2025-08-05
2025-08-10 18:03:21,035 - music_tracker - INFO - Date 2025-08-05: 50 songs
2025-08-10 18:03:21,227 - music_tracker - INFO - Fetched 9 songs for date 2025-08-04
2025-08-10 18:03:21,227 - music_tracker - INFO - Date 2025-08-04: 9 songs
2025-08-10 18:03:21,604 - music_tracker - INFO - Message sent successfully to Slack
2025-08-10 18:03:21,604 - music_tracker - INFO - SpotiSpy completed successfully
2025-08-10 18:05:12,777 - music_tracker - INFO - Starting comprehensive weekly analysis
2025-08-10 18:05:13,020 - music_tracker - INFO - Fetched 0 songs for date 2025-08-10
2025-08-10 18:05:13,020 - music_tracker - INFO - Date 2025-08-10: 0 songs
2025-08-10 18:05:13,141 - music_tracker - INFO - Fetched 0 songs for date 2025-08-09
2025-08-10 18:05:13,141 - music_tracker - INFO - Date 2025-08-09: 0 songs
2025-08-10 18:05:13,270 - music_tracker - INFO - Fetched 0 songs for date 2025-08-08
2025-08-10 18:05:13,271 - music_tracker - INFO - Date 2025-08-08: 0 songs
2025-08-10 18:05:13,399 - music_tracker - INFO - Fetched 47 songs for date 2025-08-07
2025-08-10 18:05:13,400 - music_tracker - INFO - Date 2025-08-07: 47 songs
2025-08-10 18:05:13,620 - music_tracker - INFO - Fetched 64 songs for date 2025-08-06
2025-08-10 18:05:13,621 - music_tracker - INFO - Date 2025-08-06: 64 songs
2025-08-10 18:05:13,756 - music_tracker - INFO - Fetched 50 songs for date 2025-08-05
2025-08-10 18:05:13,756 - music_tracker - INFO - Date 2025-08-05: 50 songs
2025-08-10 18:05:13,876 - music_tracker - INFO - Fetched 9 songs for date 2025-08-04
2025-08-10 18:05:13,877 - music_tracker - INFO - Date 2025-08-04: 9 songs
2025-08-10 18:05:39,164 - music_tracker - INFO - SpotiSpy starting...
2025-08-10 18:05:39,164 - music_tracker - INFO - Starting daily SpotiSpy analysis
2025-08-10 18:05:39,164 - music_tracker - INFO - Fetching yesterday's listening data...
2025-08-10 18:05:39,277 - music_tracker - INFO - Fetched 0 songs from database
2025-08-10 18:05:39,277 - music_tracker - WARNING - No songs found for yesterday
2025-08-10 18:05:39,278 - music_tracker - INFO - Running weekly summary...
2025-08-10 18:05:39,278 - music_tracker - INFO - Generating weekly summary...
2025-08-10 18:05:39,278 - music_tracker - INFO - Starting comprehensive weekly analysis
2025-08-10 18:05:39,385 - music_tracker - INFO - Fetched 0 songs for date 2025-08-10
2025-08-10 18:05:39,385 - music_tracker - INFO - Date 2025-08-10: 0 songs
2025-08-10 18:05:39,497 - music_tracker - INFO - Fetched 0 songs for date 2025-08-09
2025-08-10 18:05:39,498 - music_tracker - INFO - Date 2025-08-09: 0 songs
2025-08-10 18:05:39,611 - music_tracker - INFO - Fetched 0 songs for date 2025-08-08
2025-08-10 18:05:39,612 - music_tracker - INFO - Date 2025-08-08: 0 songs
2025-08-10 18:05:39,766 - music_tracker - INFO - Fetched 47 songs for date 2025-08-07
2025-08-10 18:05:39,767 - music_tracker - INFO - Date 2025-08-07: 47 songs
2025-08-10 18:05:39,905 - music_tracker - INFO - Fetched 64 songs for date 2025-08-06
2025-08-10 18:05:39,906 - music_tracker - INFO - Date 2025-08-06: 64 songs
2025-08-10 18:05:40,048 - music_tracker - INFO - Fetched 50 songs for date 2025-08-05
2025-08-10 18:05:40,048 - music_tracker - INFO - Date 2025-08-05: 50 songs
2025-08-10 18:05:40,164 - music_tracker - INFO - Fetched 9 songs for date 2025-08-04
2025-08-10 18:05:40,165 - music_tracker - INFO - Date 2025-08-04: 9 songs
2025-08-10 18:05:40,581 - music_tracker - INFO - Message sent successfully to Slack
2025-08-10 18:05:40,582 - music_tracker - INFO - SpotiSpy completed successfully
2025-08-10 18:06:39,028 - music_tracker - INFO - Starting comprehensive weekly analysis
2025-08-10 18:06:39,179 - music_tracker - INFO - Fetched 0 songs for date 2025-08-10
2025-08-10 18:06:39,179 - music_tracker - INFO - Date 2025-08-10: 0 songs
2025-08-10 18:06:39,285 - music_tracker - INFO - Fetched 0 songs for date 2025-08-09
2025-08-10 18:06:39,285 - music_tracker - INFO - Date 2025-08-09: 0 songs
2025-08-10 18:06:39,406 - music_tracker - INFO - Fetched 0 songs for date 2025-08-08
2025-08-10 18:06:39,406 - music_tracker - INFO - Date 2025-08-08: 0 songs
2025-08-10 18:06:39,532 - music_tracker - INFO - Fetched 47 songs for date 2025-08-07
2025-08-10 18:06:39,532 - music_tracker - INFO - Date 2025-08-07: 47 songs
2025-08-10 18:06:39,648 - music_tracker - INFO - Fetched 64 songs for date 2025-08-06
2025-08-10 18:06:39,648 - music_tracker - INFO - Date 2025-08-06: 64 songs
2025-08-10 18:06:39,767 - music_tracker - INFO - Fetched 50 songs for date 2025-08-05
2025-08-10 18:06:39,767 - music_tracker - INFO - Date 2025-08-05: 50 songs
2025-08-10 18:06:39,883 - music_tracker - INFO - Fetched 9 songs for date 2025-08-04
2025-08-10 18:06:39,884 - music_tracker - INFO - Date 2025-08-04: 9 songs
2025-08-10 18:07:30,500 - music_tracker - INFO - Starting comprehensive weekly analysis
2025-08-10 18:07:30,775 - music_tracker - INFO - Fetched 0 songs for date 2025-08-10
2025-08-10 18:07:30,775 - music_tracker - INFO - Date 2025-08-10: 0 songs
2025-08-10 18:07:31,059 - music_tracker - INFO - Fetched 0 songs for date 2025-08-09
2025-08-10 18:07:31,060 - music_tracker - INFO - Date 2025-08-09: 0 songs
2025-08-10 18:07:31,178 - music_tracker - INFO - Fetched 0 songs for date 2025-08-08
2025-08-10 18:07:31,178 - music_tracker - INFO - Date 2025-08-08: 0 songs
2025-08-10 18:07:31,395 - music_tracker - INFO - Fetched 47 songs for date 2025-08-07
2025-08-10 18:07:31,395 - music_tracker - INFO - Date 2025-08-07: 47 songs
2025-08-10 18:07:31,500 - music_tracker - INFO - Fetched 64 songs for date 2025-08-06
2025-08-10 18:07:31,501 - music_tracker - INFO - Date 2025-08-06: 64 songs
2025-08-10 18:07:31,629 - music_tracker - INFO - Fetched 50 songs for date 2025-08-05
2025-08-10 18:07:31,630 - music_tracker - INFO - Date 2025-08-05: 50 songs
2025-08-10 18:07:31,742 - music_tracker - INFO - Fetched 9 songs for date 2025-08-04
2025-08-10 18:07:31,742 - music_tracker - INFO - Date 2025-08-04: 9 songs
2025-08-10 18:58:03,315 - music_tracker - INFO - SpotiSpy song collection starting...
2025-08-10 18:58:03,316 - music_tracker - INFO - Starting song collection (last 1 hours)
2025-08-10 18:58:03,317 - music_tracker - INFO - Fetching recent tracks from Spotify...
2025-08-10 18:58:03,784 - music_tracker - INFO - Fetched 4 songs from Spotify
2025-08-10 18:58:03,787 - music_tracker - INFO - Found 4 songs from Spotify API
2025-08-10 18:58:03,788 - music_tracker - INFO - Checking for duplicates in database...
2025-08-10 18:58:04,172 - music_tracker - ERROR - Error checking for duplicates: 400 Client Error: Bad Request for url: https://wpbsuyhjgwjugsqkriqe.supabase.co/rest/v1/songs?played_at=in.(%222025-08-10T23:39:23.573000+00:00%22,%222025-08-10T23:36:42.481000+00:00%22,%222025-08-10T23:33:18.013000+00:00%22,%222025-08-10T23:30:42.777000+00:00%22)&select=played_at
2025-08-10 18:58:04,174 - music_tracker - INFO - Found 4 new songs to save
2025-08-10 18:58:04,175 - music_tracker - INFO - Saving songs to database...
2025-08-10 18:58:04,434 - music_tracker - INFO - Successfully saved 4 songs to database
2025-08-10 18:58:04,436 - music_tracker - INFO - Successfully saved 4 songs to database
2025-08-10 18:58:04,436 - music_tracker - INFO - Song collection completed successfully
2025-08-10 19:58:03,691 - music_tracker - INFO - SpotiSpy song collection starting...
2025-08-10 19:58:03,691 - music_tracker - INFO - Starting song collection (last 1 hours)
2025-08-10 19:58:03,692 - music_tracker - INFO - Fetching recent tracks from Spotify...
2025-08-10 19:58:04,133 - music_tracker - INFO - Fetched 2 songs from Spotify
2025-08-10 19:58:04,136 - music_tracker - INFO - Found 2 songs from Spotify API
2025-08-10 19:58:04,136 - music_tracker - INFO - Checking for duplicates in database...
2025-08-10 19:58:04,460 - music_tracker - ERROR - Error checking for duplicates: 400 Client Error: Bad Request for url: https://wpbsuyhjgwjugsqkriqe.supabase.co/rest/v1/songs?played_at=in.(%222025-08-11T00:48:36.499000+00:00%22,%222025-08-11T00:45:46.039000+00:00%22)&select=played_at
2025-08-10 19:58:04,461 - music_tracker - INFO - Found 2 new songs to save
2025-08-10 19:58:04,462 - music_tracker - INFO - Saving songs to database...
2025-08-10 19:58:04,734 - music_tracker - INFO - Successfully saved 2 songs to database
2025-08-10 19:58:04,735 - music_tracker - INFO - Successfully saved 2 songs to database
2025-08-10 19:58:04,736 - music_tracker - INFO - Song collection completed successfully
2025-08-10 20:58:02,650 - music_tracker - INFO - SpotiSpy song collection starting...
2025-08-10 20:58:02,651 - music_tracker - INFO - Starting song collection (last 1 hours)
2025-08-10 20:58:02,651 - music_tracker - INFO - Fetching recent tracks from Spotify...
2025-08-10 20:58:03,033 - music_tracker - INFO - No recent songs found from Spotify
2025-08-10 20:58:03,035 - music_tracker - INFO - No new songs found from Spotify API
2025-08-10 20:58:03,035 - music_tracker - INFO - Song collection completed successfully
2025-08-10 21:58:02,927 - music_tracker - INFO - SpotiSpy song collection starting...
2025-08-10 21:58:02,928 - music_tracker - INFO - Starting song collection (last 1 hours)
2025-08-10 21:58:02,928 - music_tracker - INFO - Fetching recent tracks from Spotify...
2025-08-10 21:58:03,430 - music_tracker - INFO - Fetched 12 songs from Spotify
2025-08-10 21:58:03,433 - music_tracker - INFO - Found 12 songs from Spotify API
2025-08-10 21:58:03,433 - music_tracker - INFO - Checking for duplicates in database...
2025-08-10 21:58:03,759 - music_tracker - ERROR - Error checking for duplicates: 400 Client Error: Bad Request for url: https://wpbsuyhjgwjugsqkriqe.supabase.co/rest/v1/songs?played_at=in.(%222025-08-11T02:55:44.639000+00:00%22,%222025-08-11T02:51:17.292000+00:00%22,%222025-08-11T02:48:48.200000+00:00%22,%222025-08-11T02:45:44.938000+00:00%22,%222025-08-11T02:42:54.414000+00:00%22,%222025-08-11T02:38:44.514000+00:00%22,%222025-08-11T02:35:59.168000+00:00%22,%222025-08-11T02:30:33.103000+00:00%22,%222025-08-11T02:27:12.411000+00:00%22,%222025-08-11T02:24:18.276000+00:00%22,%222025-08-11T02:21:16.336000+00:00%22,%222025-08-11T02:15:59.805000+00:00%22)&select=played_at
2025-08-10 21:58:03,762 - music_tracker - INFO - Found 12 new songs to save
2025-08-10 21:58:03,763 - music_tracker - INFO - Saving songs to database...
2025-08-10 21:58:03,993 - music_tracker - INFO - Successfully saved 12 songs to database
2025-08-10 21:58:03,995 - music_tracker - INFO - Successfully saved 12 songs to database
2025-08-10 21:58:03,995 - music_tracker - INFO - Song collection completed successfully
2025-08-10 22:58:04,113 - music_tracker - INFO - SpotiSpy song collection starting...
2025-08-10 22:58:04,114 - music_tracker - INFO - Starting song collection (last 1 hours)
2025-08-10 22:58:04,115 - music_tracker - INFO - Fetching recent tracks from Spotify...
2025-08-10 22:58:04,552 - music_tracker - INFO - No recent songs found from Spotify
2025-08-10 22:58:04,554 - music_tracker - INFO - No new songs found from Spotify API
2025-08-10 22:58:04,555 - music_tracker - INFO - Song collection completed successfully
2025-08-10 23:58:03,634 - music_tracker - INFO - SpotiSpy song collection starting...
2025-08-10 23:58:03,635 - music_tracker - INFO - Starting song collection (last 1 hours)
2025-08-10 23:58:03,636 - music_tracker - INFO - Fetching recent tracks from Spotify...
2025-08-10 23:58:03,992 - music_tracker - INFO - No recent songs found from Spotify
2025-08-10 23:58:03,994 - music_tracker - INFO - No new songs found from Spotify API
2025-08-10 23:58:03,994 - music_tracker - INFO - Song collection completed successfully
