2026-01-12 00:58:03,028 - music_tracker - INFO - SpotiSpy song collection starting...
2026-01-12 00:58:03,028 - music_tracker - INFO - Starting song collection (last 1 hours)
2026-01-12 00:58:03,029 - music_tracker - INFO - Fetching recent tracks from Spotify...
2026-01-12 00:58:03,395 - music_tracker - INFO - No recent songs found from Spotify
2026-01-12 00:58:03,397 - music_tracker - INFO - No new songs found from Spotify API
2026-01-12 00:58:03,397 - music_tracker - INFO - Song collection completed successfully
2026-01-12 01:58:03,335 - music_tracker - INFO - SpotiSpy song collection starting...
2026-01-12 01:58:03,335 - music_tracker - INFO - Starting song collection (last 1 hours)
2026-01-12 01:58:03,336 - music_tracker - INFO - Fetching recent tracks from Spotify...
2026-01-12 01:58:03,663 - music_tracker - INFO - No recent songs found from Spotify
2026-01-12 01:58:03,665 - music_tracker - INFO - No new songs found from Spotify API
2026-01-12 01:58:03,665 - music_tracker - INFO - Song collection completed successfully
2026-01-12 02:58:03,565 - music_tracker - INFO - SpotiSpy song collection starting...
2026-01-12 02:58:03,566 - music_tracker - INFO - Starting song collection (last 1 hours)
2026-01-12 02:58:03,567 - music_tracker - INFO - Fetching recent tracks from Spotify...
2026-01-12 02:58:03,939 - music_tracker - INFO - No recent songs found from Spotify
2026-01-12 02:58:03,941 - music_tracker - INFO - No new songs found from Spotify API
2026-01-12 02:58:03,942 - music_tracker - INFO - Song collection completed successfully
2026-01-12 03:58:03,768 - music_tracker - INFO - SpotiSpy song collection starting...
2026-01-12 03:58:03,768 - music_tracker - INFO - Starting song collection (last 1 hours)
2026-01-12 03:58:03,769 - music_tracker - INFO - Fetching recent tracks from Spotify...
2026-01-12 03:58:04,163 - music_tracker - INFO - No recent songs found from Spotify
2026-01-12 03:58:04,165 - music_tracker - INFO - No new songs found from Spotify API
2026-01-12 03:58:04,165 - music_tracker - INFO - Song collection completed successfully
2026-01-12 04:58:03,102 - music_tracker - INFO - SpotiSpy song collection starting...
2026-01-12 04:58:03,104 - music_tracker - INFO - Starting song collection (last 1 hours)
2026-01-12 04:58:03,105 - music_tracker - INFO - Fetching recent tracks from Spotify...
2026-01-12 04:58:03,521 - music_tracker - INFO - No recent songs found from Spotify
2026-01-12 04:58:03,524 - music_tracker - INFO - No new songs found from Spotify API
2026-01-12 04:58:03,524 - music_tracker - INFO - Song collection completed successfully
2026-01-12 05:58:03,473 - music_tracker - INFO - SpotiSpy song collection starting...
2026-01-12 05:58:03,473 - music_tracker - INFO - Starting song collection (last 1 hours)
2026-01-12 05:58:03,474 - music_tracker - INFO - Fetching recent tracks from Spotify...
2026-01-12 05:58:03,884 - music_tracker - INFO - No recent songs found from Spotify
2026-01-12 05:58:03,886 - music_tracker - INFO - No new songs found from Spotify API
2026-01-12 05:58:03,887 - music_tracker - INFO - Song collection completed successfully
2026-01-12 06:58:03,025 - music_tracker - INFO - SpotiSpy song collection starting...
2026-01-12 06:58:03,026 - music_tracker - INFO - Starting song collection (last 1 hours)
2026-01-12 06:58:03,026 - music_tracker - INFO - Fetching recent tracks from Spotify...
2026-01-12 06:58:03,436 - music_tracker - INFO - No recent songs found from Spotify
2026-01-12 06:58:03,438 - music_tracker - INFO - No new songs found from Spotify API
2026-01-12 06:58:03,439 - music_tracker - INFO - Song collection completed successfully
2026-01-12 07:58:03,332 - music_tracker - INFO - SpotiSpy song collection starting...
2026-01-12 07:58:03,332 - music_tracker - INFO - Starting song collection (last 1 hours)
2026-01-12 07:58:03,333 - music_tracker - INFO - Fetching recent tracks from Spotify...
2026-01-12 07:58:03,709 - music_tracker - INFO - No recent songs found from Spotify
2026-01-12 07:58:03,711 - music_tracker - INFO - No new songs found from Spotify API
2026-01-12 07:58:03,712 - music_tracker - INFO - Song collection completed successfully
2026-01-12 08:58:02,610 - music_tracker - INFO - SpotiSpy song collection starting...
2026-01-12 08:58:02,611 - music_tracker - INFO - Starting song collection (last 1 hours)
2026-01-12 08:58:02,612 - music_tracker - INFO - Fetching recent tracks from Spotify...
2026-01-12 08:58:03,036 - music_tracker - INFO - No recent songs found from Spotify
2026-01-12 08:58:03,038 - music_tracker - INFO - No new songs found from Spotify API
2026-01-12 08:58:03,039 - music_tracker - INFO - Song collection completed successfully
2026-01-12 09:00:12,511 - music_tracker - INFO - SpotiSpy starting...
2026-01-12 09:00:12,512 - music_tracker - INFO - Starting daily SpotiSpy analysis
2026-01-12 09:00:12,517 - music_tracker - INFO - Fetching yesterday's listening data...
2026-01-12 09:00:14,186 - music_tracker - INFO - Fetched 1 songs from database
2026-01-12 09:00:14,188 - music_tracker - INFO - Found 1 songs to analyze
2026-01-12 09:00:14,189 - music_tracker - INFO - Running analysis...
2026-01-12 09:00:14,190 - music_tracker - INFO - Sending daily summary to Slack...
2026-01-12 09:00:14,977 - music_tracker - INFO - Message sent successfully to Slack
2026-01-12 09:00:14,978 - music_tracker - INFO - Daily analysis completed successfully!
2026-01-12 09:00:14,978 - music_tracker - INFO - SpotiSpy completed successfully
2026-01-12 09:58:02,826 - music_tracker - INFO - SpotiSpy song collection starting...
2026-01-12 09:58:02,827 - music_tracker - INFO - Starting song collection (last 1 hours)
2026-01-12 09:58:02,828 - music_tracker - INFO - Fetching recent tracks from Spotify...
2026-01-12 09:58:03,562 - music_tracker - INFO - Fetched 5 songs from Spotify
2026-01-12 09:58:03,566 - music_tracker - INFO - Found 5 songs from Spotify API
2026-01-12 09:58:03,567 - music_tracker - INFO - Checking for duplicates in database...
2026-01-12 09:58:05,099 - music_tracker - INFO - Found 5 new songs out of 5 total
2026-01-12 09:58:05,101 - music_tracker - INFO - Found 5 new songs to save
2026-01-12 09:58:05,102 - music_tracker - INFO - Saving songs to database...
2026-01-12 09:58:05,490 - music_tracker - INFO - Successfully saved 5 songs to database
2026-01-12 09:58:05,492 - music_tracker - INFO - Successfully saved 5 songs to database
2026-01-12 09:58:05,493 - music_tracker - INFO - Song collection completed successfully
2026-01-12 10:58:03,405 - music_tracker - INFO - SpotiSpy song collection starting...
2026-01-12 10:58:03,406 - music_tracker - INFO - Starting song collection (last 1 hours)
2026-01-12 10:58:03,406 - music_tracker - INFO - Fetching recent tracks from Spotify...
2026-01-12 10:58:03,959 - music_tracker - INFO - Fetched 21 songs from Spotify
2026-01-12 10:58:03,962 - music_tracker - INFO - Found 21 songs from Spotify API
2026-01-12 10:58:03,963 - music_tracker - INFO - Checking for duplicates in database...
2026-01-12 10:58:05,462 - music_tracker - INFO - Found 21 new songs out of 21 total
2026-01-12 10:58:05,464 - music_tracker - INFO - Found 21 new songs to save
2026-01-12 10:58:05,465 - music_tracker - INFO - Saving songs to database...
2026-01-12 10:58:05,868 - music_tracker - INFO - Successfully saved 21 songs to database
2026-01-12 10:58:05,870 - music_tracker - INFO - Successfully saved 21 songs to database
2026-01-12 10:58:05,871 - music_tracker - INFO - Song collection completed successfully
2026-01-12 11:58:02,780 - music_tracker - INFO - SpotiSpy song collection starting...
2026-01-12 11:58:02,781 - music_tracker - INFO - Starting song collection (last 1 hours)
2026-01-12 11:58:02,781 - music_tracker - INFO - Fetching recent tracks from Spotify...
2026-01-12 11:58:03,237 - music_tracker - INFO - Fetched 4 songs from Spotify
2026-01-12 11:58:03,240 - music_tracker - INFO - Found 4 songs from Spotify API
2026-01-12 11:58:03,241 - music_tracker - INFO - Checking for duplicates in database...
2026-01-12 11:58:04,789 - music_tracker - INFO - Found 4 new songs out of 4 total
2026-01-12 11:58:04,792 - music_tracker - INFO - Found 4 new songs to save
2026-01-12 11:58:04,793 - music_tracker - INFO - Saving songs to database...
2026-01-12 11:58:05,116 - music_tracker - INFO - Successfully saved 4 songs to database
2026-01-12 11:58:05,118 - music_tracker - INFO - Successfully saved 4 songs to database
2026-01-12 11:58:05,118 - music_tracker - INFO - Song collection completed successfully
2026-01-12 12:58:04,458 - music_tracker - INFO - SpotiSpy song collection starting...
2026-01-12 12:58:04,459 - music_tracker - INFO - Starting song collection (last 1 hours)
2026-01-12 12:58:04,460 - music_tracker - INFO - Fetching recent tracks from Spotify...
2026-01-12 12:58:04,890 - music_tracker - INFO - No recent songs found from Spotify
2026-01-12 12:58:04,893 - music_tracker - INFO - No new songs found from Spotify API
2026-01-12 12:58:04,893 - music_tracker - INFO - Song collection completed successfully
2026-01-12 13:58:02,876 - music_tracker - INFO - SpotiSpy song collection starting...
2026-01-12 13:58:02,877 - music_tracker - INFO - Starting song collection (last 1 hours)
2026-01-12 13:58:02,877 - music_tracker - INFO - Fetching recent tracks from Spotify...
2026-01-12 13:58:03,425 - music_tracker - INFO - Fetched 9 songs from Spotify
2026-01-12 13:58:03,427 - music_tracker - INFO - Found 9 songs from Spotify API
2026-01-12 13:58:03,428 - music_tracker - INFO - Checking for duplicates in database...
2026-01-12 13:58:04,911 - music_tracker - INFO - Found 9 new songs out of 9 total
2026-01-12 13:58:04,914 - music_tracker - INFO - Found 9 new songs to save
2026-01-12 13:58:04,914 - music_tracker - INFO - Saving songs to database...
2026-01-12 13:58:05,229 - music_tracker - INFO - Successfully saved 9 songs to database
2026-01-12 13:58:05,231 - music_tracker - INFO - Successfully saved 9 songs to database
2026-01-12 13:58:05,231 - music_tracker - INFO - Song collection completed successfully
2026-01-12 14:58:03,137 - music_tracker - INFO - SpotiSpy song collection starting...
2026-01-12 14:58:03,137 - music_tracker - INFO - Starting song collection (last 1 hours)
2026-01-12 14:58:03,138 - music_tracker - INFO - Fetching recent tracks from Spotify...
2026-01-12 14:58:03,607 - music_tracker - INFO - Fetched 3 songs from Spotify
2026-01-12 14:58:03,610 - music_tracker - INFO - Found 3 songs from Spotify API
2026-01-12 14:58:03,611 - music_tracker - INFO - Checking for duplicates in database...
2026-01-12 14:58:05,059 - music_tracker - INFO - Found 3 new songs out of 3 total
2026-01-12 14:58:05,061 - music_tracker - INFO - Found 3 new songs to save
2026-01-12 14:58:05,062 - music_tracker - INFO - Saving songs to database...
2026-01-12 14:58:05,351 - music_tracker - INFO - Successfully saved 3 songs to database
2026-01-12 14:58:05,353 - music_tracker - INFO - Successfully saved 3 songs to database
2026-01-12 14:58:05,354 - music_tracker - INFO - Song collection completed successfully
2026-01-12 15:58:03,440 - music_tracker - INFO - SpotiSpy song collection starting...
2026-01-12 15:58:03,441 - music_tracker - INFO - Starting song collection (last 1 hours)
2026-01-12 15:58:03,442 - music_tracker - INFO - Fetching recent tracks from Spotify...
2026-01-12 15:58:03,855 - music_tracker - INFO - No recent songs found from Spotify
2026-01-12 15:58:03,857 - music_tracker - INFO - No new songs found from Spotify API
2026-01-12 15:58:03,858 - music_tracker - INFO - Song collection completed successfully
2026-01-12 16:58:03,032 - music_tracker - INFO - SpotiSpy song collection starting...
2026-01-12 16:58:03,033 - music_tracker - INFO - Starting song collection (last 1 hours)
2026-01-12 16:58:03,034 - music_tracker - INFO - Fetching recent tracks from Spotify...
2026-01-12 16:58:03,567 - music_tracker - INFO - Fetched 13 songs from Spotify
2026-01-12 16:58:03,571 - music_tracker - INFO - Found 13 songs from Spotify API
2026-01-12 16:58:03,571 - music_tracker - INFO - Checking for duplicates in database...
2026-01-12 16:58:05,248 - music_tracker - INFO - Found 13 new songs out of 13 total
2026-01-12 16:58:05,250 - music_tracker - INFO - Found 13 new songs to save
2026-01-12 16:58:05,251 - music_tracker - INFO - Saving songs to database...
2026-01-12 16:58:05,627 - music_tracker - INFO - Successfully saved 13 songs to database
2026-01-12 16:58:05,629 - music_tracker - INFO - Successfully saved 13 songs to database
2026-01-12 16:58:05,630 - music_tracker - INFO - Song collection completed successfully
2026-01-12 17:58:03,553 - music_tracker - INFO - SpotiSpy song collection starting...
2026-01-12 17:58:03,553 - music_tracker - INFO - Starting song collection (last 1 hours)
2026-01-12 17:58:03,554 - music_tracker - INFO - Fetching recent tracks from Spotify...
2026-01-12 17:58:04,005 - music_tracker - INFO - Fetched 1 songs from Spotify
2026-01-12 17:58:04,007 - music_tracker - INFO - Found 1 songs from Spotify API
2026-01-12 17:58:04,008 - music_tracker - INFO - Checking for duplicates in database...
2026-01-12 17:58:05,469 - music_tracker - INFO - Found 1 new songs out of 1 total
2026-01-12 17:58:05,471 - music_tracker - INFO - Found 1 new songs to save
2026-01-12 17:58:05,472 - music_tracker - INFO - Saving songs to database...
2026-01-12 17:58:05,806 - music_tracker - INFO - Successfully saved 1 songs to database
2026-01-12 17:58:05,808 - music_tracker - INFO - Successfully saved 1 songs to database
2026-01-12 17:58:05,808 - music_tracker - INFO - Song collection completed successfully
2026-01-12 18:58:02,726 - music_tracker - INFO - SpotiSpy song collection starting...
2026-01-12 18:58:02,726 - music_tracker - INFO - Starting song collection (last 1 hours)
2026-01-12 18:58:02,727 - music_tracker - INFO - Fetching recent tracks from Spotify...
2026-01-12 18:58:03,131 - music_tracker - INFO - No recent songs found from Spotify
2026-01-12 18:58:03,133 - music_tracker - INFO - No new songs found from Spotify API
2026-01-12 18:58:03,134 - music_tracker - INFO - Song collection completed successfully
2026-01-12 19:58:03,171 - music_tracker - INFO - SpotiSpy song collection starting...
2026-01-12 19:58:03,172 - music_tracker - INFO - Starting song collection (last 1 hours)
2026-01-12 19:58:03,173 - music_tracker - INFO - Fetching recent tracks from Spotify...
2026-01-12 19:58:03,659 - music_tracker - INFO - No recent songs found from Spotify
2026-01-12 19:58:03,661 - music_tracker - INFO - No new songs found from Spotify API
2026-01-12 19:58:03,661 - music_tracker - INFO - Song collection completed successfully
2026-01-12 20:58:03,575 - music_tracker - INFO - SpotiSpy song collection starting...
2026-01-12 20:58:03,575 - music_tracker - INFO - Starting song collection (last 1 hours)
2026-01-12 20:58:03,576 - music_tracker - INFO - Fetching recent tracks from Spotify...
2026-01-12 20:58:03,995 - music_tracker - INFO - No recent songs found from Spotify
2026-01-12 20:58:03,997 - music_tracker - INFO - No new songs found from Spotify API
2026-01-12 20:58:03,997 - music_tracker - INFO - Song collection completed successfully
2026-01-12 21:58:02,896 - music_tracker - INFO - SpotiSpy song collection starting...
2026-01-12 21:58:02,896 - music_tracker - INFO - Starting song collection (last 1 hours)
2026-01-12 21:58:02,897 - music_tracker - INFO - Fetching recent tracks from Spotify...
2026-01-12 21:58:03,327 - music_tracker - INFO - No recent songs found from Spotify
2026-01-12 21:58:03,329 - music_tracker - INFO - No new songs found from Spotify API
2026-01-12 21:58:03,329 - music_tracker - INFO - Song collection completed successfully
2026-01-12 22:58:03,225 - music_tracker - INFO - SpotiSpy song collection starting...
2026-01-12 22:58:03,225 - music_tracker - INFO - Starting song collection (last 1 hours)
2026-01-12 22:58:03,226 - music_tracker - INFO - Fetching recent tracks from Spotify...
2026-01-12 22:58:03,632 - music_tracker - INFO - No recent songs found from Spotify
2026-01-12 22:58:03,634 - music_tracker - INFO - No new songs found from Spotify API
2026-01-12 22:58:03,635 - music_tracker - INFO - Song collection completed successfully
2026-01-12 23:58:03,533 - music_tracker - INFO - SpotiSpy song collection starting...
2026-01-12 23:58:03,533 - music_tracker - INFO - Starting song collection (last 1 hours)
2026-01-12 23:58:03,534 - music_tracker - INFO - Fetching recent tracks from Spotify...
2026-01-12 23:58:03,892 - music_tracker - INFO - No recent songs found from Spotify
2026-01-12 23:58:03,894 - music_tracker - INFO - No new songs found from Spotify API
2026-01-12 23:58:03,895 - music_tracker - INFO - Song collection completed successfully
