2025-08-07 00:00:12,218 - music_tracker - INFO - SpotiSpy starting...
2025-08-07 00:00:12,218 - music_tracker - INFO - Starting daily SpotiSpy analysis
2025-08-07 00:00:12,218 - music_tracker - INFO - Fetching yesterday's listening data...
2025-08-07 00:00:12,620 - music_tracker - INFO - Fetched 99 songs from database
2025-08-07 00:00:12,621 - music_tracker - INFO - Found 99 songs to analyze
2025-08-07 00:00:12,621 - music_tracker - INFO - Running analysis...
2025-08-07 00:00:12,622 - music_tracker - INFO - Sending daily summary to Slack...
2025-08-07 00:00:12,958 - music_tracker - INFO - Message sent successfully to Slack
2025-08-07 00:00:12,959 - music_tracker - INFO - Daily analysis completed successfully!
2025-08-07 00:00:12,959 - music_tracker - INFO - SpotiSpy completed successfully
2025-08-07 00:00:32,689 - music_tracker - INFO - SpotiSpy starting...
2025-08-07 00:00:32,689 - music_tracker - INFO - Starting daily SpotiSpy analysis
2025-08-07 00:00:32,689 - music_tracker - INFO - Fetching yesterday's listening data...
2025-08-07 00:00:32,883 - music_tracker - INFO - Fetched 99 songs from database
2025-08-07 00:00:32,883 - music_tracker - INFO - Found 99 songs to analyze
2025-08-07 00:00:32,883 - music_tracker - INFO - Running analysis...
2025-08-07 00:00:32,884 - music_tracker - INFO - Sending daily summary to Slack...
2025-08-07 00:00:33,156 - music_tracker - INFO - Message sent successfully to Slack
2025-08-07 00:00:33,156 - music_tracker - INFO - Daily analysis completed successfully!
2025-08-07 00:00:33,156 - music_tracker - INFO - SpotiSpy completed successfully
2025-08-07 00:07:19,791 - music_tracker - INFO - SpotiSpy starting...
2025-08-07 00:07:19,791 - music_tracker - INFO - Starting daily SpotiSpy analysis
2025-08-07 00:07:19,791 - music_tracker - INFO - Fetching yesterday's listening data...
2025-08-07 00:07:20,030 - music_tracker - INFO - Fetched 99 songs from database
2025-08-07 00:07:20,031 - music_tracker - INFO - Found 99 songs to analyze
2025-08-07 00:07:20,031 - music_tracker - INFO - Running analysis...
2025-08-07 00:07:20,032 - music_tracker - INFO - Sending daily summary to Slack...
2025-08-07 00:07:20,402 - music_tracker - INFO - Message sent successfully to Slack
2025-08-07 00:07:20,402 - music_tracker - INFO - Daily analysis completed successfully!
2025-08-07 00:07:20,403 - music_tracker - INFO - SpotiSpy completed successfully
2025-08-07 00:10:18,091 - music_tracker - INFO - SpotiSpy starting...
2025-08-07 00:10:18,091 - music_tracker - INFO - Starting daily SpotiSpy analysis
2025-08-07 00:10:18,091 - music_tracker - INFO - Fetching yesterday's listening data...
2025-08-07 00:10:18,319 - music_tracker - INFO - Fetched 99 songs from database
2025-08-07 00:10:18,319 - music_tracker - INFO - Found 99 songs to analyze
2025-08-07 00:10:18,319 - music_tracker - INFO - Running analysis...
2025-08-07 00:10:18,319 - music_tracker - INFO - Sending daily summary to Slack...
2025-08-07 00:10:18,612 - music_tracker - INFO - Message sent successfully to Slack
2025-08-07 00:10:18,612 - music_tracker - INFO - Daily analysis completed successfully!
2025-08-07 00:10:18,612 - music_tracker - INFO - SpotiSpy completed successfully
2025-08-07 00:14:03,554 - music_tracker - INFO - SpotiSpy starting...
2025-08-07 00:14:03,554 - music_tracker - INFO - Starting daily SpotiSpy analysis
2025-08-07 00:14:03,554 - music_tracker - INFO - Fetching yesterday's listening data...
2025-08-07 00:14:03,832 - music_tracker - INFO - Fetched 99 songs from database
2025-08-07 00:14:03,832 - music_tracker - INFO - Found 99 songs to analyze
2025-08-07 00:14:03,833 - music_tracker - INFO - Running analysis...
2025-08-07 00:14:03,833 - music_tracker - INFO - Sending daily summary to Slack...
2025-08-07 00:14:04,240 - music_tracker - INFO - Message sent successfully to Slack
2025-08-07 00:14:04,241 - music_tracker - INFO - Daily analysis completed successfully!
2025-08-07 00:14:04,241 - music_tracker - INFO - SpotiSpy completed successfully
