2025-12-11 00:58:03,564 - music_tracker - INFO - SpotiSpy song collection starting...
2025-12-11 00:58:03,565 - music_tracker - INFO - Starting song collection (last 1 hours)
2025-12-11 00:58:03,566 - music_tracker - INFO - Fetching recent tracks from Spotify...
2025-12-11 00:58:03,948 - music_tracker - INFO - No recent songs found from Spotify
2025-12-11 00:58:03,950 - music_tracker - INFO - No new songs found from Spotify API
2025-12-11 00:58:03,951 - music_tracker - INFO - Song collection completed successfully
2025-12-11 01:58:02,855 - music_tracker - INFO - SpotiSpy song collection starting...
2025-12-11 01:58:02,856 - music_tracker - INFO - Starting song collection (last 1 hours)
2025-12-11 01:58:02,856 - music_tracker - INFO - Fetching recent tracks from Spotify...
2025-12-11 01:58:03,219 - music_tracker - INFO - No recent songs found from Spotify
2025-12-11 01:58:03,221 - music_tracker - INFO - No new songs found from Spotify API
2025-12-11 01:58:03,222 - music_tracker - INFO - Song collection completed successfully
2025-12-11 02:58:03,104 - music_tracker - INFO - SpotiSpy song collection starting...
2025-12-11 02:58:03,104 - music_tracker - INFO - Starting song collection (last 1 hours)
2025-12-11 02:58:03,105 - music_tracker - INFO - Fetching recent tracks from Spotify...
2025-12-11 02:58:03,475 - music_tracker - INFO - No recent songs found from Spotify
2025-12-11 02:58:03,477 - music_tracker - INFO - No new songs found from Spotify API
2025-12-11 02:58:03,478 - music_tracker - INFO - Song collection completed successfully
2025-12-11 03:58:03,459 - music_tracker - INFO - SpotiSpy song collection starting...
2025-12-11 03:58:03,459 - music_tracker - INFO - Starting song collection (last 1 hours)
2025-12-11 03:58:03,460 - music_tracker - INFO - Fetching recent tracks from Spotify...
2025-12-11 03:58:03,832 - music_tracker - INFO - No recent songs found from Spotify
2025-12-11 03:58:03,834 - music_tracker - INFO - No new songs found from Spotify API
2025-12-11 03:58:03,835 - music_tracker - INFO - Song collection completed successfully
2025-12-11 04:58:02,724 - music_tracker - INFO - SpotiSpy song collection starting...
2025-12-11 04:58:02,725 - music_tracker - INFO - Starting song collection (last 1 hours)
2025-12-11 04:58:02,726 - music_tracker - INFO - Fetching recent tracks from Spotify...
2025-12-11 04:58:03,108 - music_tracker - INFO - No recent songs found from Spotify
2025-12-11 04:58:03,111 - music_tracker - INFO - No new songs found from Spotify API
2025-12-11 04:58:03,111 - music_tracker - INFO - Song collection completed successfully
2025-12-11 05:58:03,155 - music_tracker - INFO - SpotiSpy song collection starting...
2025-12-11 05:58:03,156 - music_tracker - INFO - Starting song collection (last 1 hours)
2025-12-11 05:58:03,157 - music_tracker - INFO - Fetching recent tracks from Spotify...
2025-12-11 05:58:03,537 - music_tracker - INFO - No recent songs found from Spotify
2025-12-11 05:58:03,539 - music_tracker - INFO - No new songs found from Spotify API
2025-12-11 05:58:03,539 - music_tracker - INFO - Song collection completed successfully
2025-12-11 06:58:03,762 - music_tracker - INFO - SpotiSpy song collection starting...
2025-12-11 06:58:03,762 - music_tracker - INFO - Starting song collection (last 1 hours)
2025-12-11 06:58:03,763 - music_tracker - INFO - Fetching recent tracks from Spotify...
2025-12-11 06:58:04,111 - music_tracker - INFO - No recent songs found from Spotify
2025-12-11 06:58:04,113 - music_tracker - INFO - No new songs found from Spotify API
2025-12-11 06:58:04,114 - music_tracker - INFO - Song collection completed successfully
2025-12-11 07:58:03,001 - music_tracker - INFO - SpotiSpy song collection starting...
2025-12-11 07:58:03,001 - music_tracker - INFO - Starting song collection (last 1 hours)
2025-12-11 07:58:03,002 - music_tracker - INFO - Fetching recent tracks from Spotify...
2025-12-11 07:58:03,367 - music_tracker - INFO - No recent songs found from Spotify
2025-12-11 07:58:03,369 - music_tracker - INFO - No new songs found from Spotify API
2025-12-11 07:58:03,369 - music_tracker - INFO - Song collection completed successfully
2025-12-11 08:58:03,245 - music_tracker - INFO - SpotiSpy song collection starting...
2025-12-11 08:58:03,245 - music_tracker - INFO - Starting song collection (last 1 hours)
2025-12-11 08:58:03,246 - music_tracker - INFO - Fetching recent tracks from Spotify...
2025-12-11 08:58:03,636 - music_tracker - INFO - No recent songs found from Spotify
2025-12-11 08:58:03,638 - music_tracker - INFO - No new songs found from Spotify API
2025-12-11 08:58:03,639 - music_tracker - INFO - Song collection completed successfully
2025-12-11 09:00:13,247 - music_tracker - INFO - SpotiSpy starting...
2025-12-11 09:00:13,248 - music_tracker - INFO - Starting daily SpotiSpy analysis
2025-12-11 09:00:13,248 - music_tracker - INFO - Fetching yesterday's listening data...
2025-12-11 09:00:19,943 - music_tracker - INFO - Fetched 60 songs from database
2025-12-11 09:00:19,946 - music_tracker - INFO - Found 60 songs to analyze
2025-12-11 09:00:19,947 - music_tracker - INFO - Running analysis...
2025-12-11 09:00:19,955 - music_tracker - INFO - Sending daily summary to Slack...
2025-12-11 09:00:20,790 - music_tracker - INFO - Message sent successfully to Slack
2025-12-11 09:00:20,791 - music_tracker - INFO - Daily analysis completed successfully!
2025-12-11 09:00:20,791 - music_tracker - INFO - SpotiSpy completed successfully
2025-12-11 09:58:02,747 - music_tracker - INFO - SpotiSpy song collection starting...
2025-12-11 09:58:02,747 - music_tracker - INFO - Starting song collection (last 1 hours)
2025-12-11 09:58:02,748 - music_tracker - INFO - Fetching recent tracks from Spotify...
2025-12-11 09:58:03,109 - music_tracker - INFO - No recent songs found from Spotify
2025-12-11 09:58:03,111 - music_tracker - INFO - No new songs found from Spotify API
2025-12-11 09:58:03,112 - music_tracker - INFO - Song collection completed successfully
2025-12-11 10:58:03,002 - music_tracker - INFO - SpotiSpy song collection starting...
2025-12-11 10:58:03,003 - music_tracker - INFO - Starting song collection (last 1 hours)
2025-12-11 10:58:03,004 - music_tracker - INFO - Fetching recent tracks from Spotify...
2025-12-11 10:58:03,483 - music_tracker - INFO - No recent songs found from Spotify
2025-12-11 10:58:03,485 - music_tracker - INFO - No new songs found from Spotify API
2025-12-11 10:58:03,486 - music_tracker - INFO - Song collection completed successfully
2025-12-11 11:58:04,767 - music_tracker - INFO - SpotiSpy song collection starting...
2025-12-11 11:58:04,768 - music_tracker - INFO - Starting song collection (last 1 hours)
2025-12-11 11:58:04,769 - music_tracker - INFO - Fetching recent tracks from Spotify...
2025-12-11 11:58:05,303 - music_tracker - INFO - No recent songs found from Spotify
2025-12-11 11:58:05,305 - music_tracker - INFO - No new songs found from Spotify API
2025-12-11 11:58:05,306 - music_tracker - INFO - Song collection completed successfully
2025-12-11 12:58:03,276 - music_tracker - INFO - SpotiSpy song collection starting...
2025-12-11 12:58:03,276 - music_tracker - INFO - Starting song collection (last 1 hours)
2025-12-11 12:58:03,277 - music_tracker - INFO - Fetching recent tracks from Spotify...
2025-12-11 12:58:03,670 - music_tracker - INFO - No recent songs found from Spotify
2025-12-11 12:58:03,672 - music_tracker - INFO - No new songs found from Spotify API
2025-12-11 12:58:03,672 - music_tracker - INFO - Song collection completed successfully
2025-12-11 13:58:03,568 - music_tracker - INFO - SpotiSpy song collection starting...
2025-12-11 13:58:03,569 - music_tracker - INFO - Starting song collection (last 1 hours)
2025-12-11 13:58:03,569 - music_tracker - INFO - Fetching recent tracks from Spotify...
2025-12-11 13:58:03,892 - music_tracker - INFO - No recent songs found from Spotify
2025-12-11 13:58:03,894 - music_tracker - INFO - No new songs found from Spotify API
2025-12-11 13:58:03,895 - music_tracker - INFO - Song collection completed successfully
2025-12-11 14:58:02,799 - music_tracker - INFO - SpotiSpy song collection starting...
2025-12-11 14:58:02,799 - music_tracker - INFO - Starting song collection (last 1 hours)
2025-12-11 14:58:02,800 - music_tracker - INFO - Fetching recent tracks from Spotify...
2025-12-11 14:58:03,146 - music_tracker - INFO - No recent songs found from Spotify
2025-12-11 14:58:03,148 - music_tracker - INFO - No new songs found from Spotify API
2025-12-11 14:58:03,148 - music_tracker - INFO - Song collection completed successfully
2025-12-11 15:58:03,050 - music_tracker - INFO - SpotiSpy song collection starting...
2025-12-11 15:58:03,051 - music_tracker - INFO - Starting song collection (last 1 hours)
2025-12-11 15:58:03,052 - music_tracker - INFO - Fetching recent tracks from Spotify...
2025-12-11 15:58:03,403 - music_tracker - INFO - No recent songs found from Spotify
2025-12-11 15:58:03,405 - music_tracker - INFO - No new songs found from Spotify API
2025-12-11 15:58:03,405 - music_tracker - INFO - Song collection completed successfully
2025-12-11 16:58:03,328 - music_tracker - INFO - SpotiSpy song collection starting...
2025-12-11 16:58:03,329 - music_tracker - INFO - Starting song collection (last 1 hours)
2025-12-11 16:58:03,330 - music_tracker - INFO - Fetching recent tracks from Spotify...
2025-12-11 16:58:03,731 - music_tracker - INFO - No recent songs found from Spotify
2025-12-11 16:58:03,733 - music_tracker - INFO - No new songs found from Spotify API
2025-12-11 16:58:03,733 - music_tracker - INFO - Song collection completed successfully
2025-12-11 17:58:02,632 - music_tracker - INFO - SpotiSpy song collection starting...
2025-12-11 17:58:02,632 - music_tracker - INFO - Starting song collection (last 1 hours)
2025-12-11 17:58:02,633 - music_tracker - INFO - Fetching recent tracks from Spotify...
2025-12-11 17:58:02,961 - music_tracker - INFO - No recent songs found from Spotify
2025-12-11 17:58:02,963 - music_tracker - INFO - No new songs found from Spotify API
2025-12-11 17:58:02,963 - music_tracker - INFO - Song collection completed successfully
2025-12-11 18:58:02,862 - music_tracker - INFO - SpotiSpy song collection starting...
2025-12-11 18:58:02,862 - music_tracker - INFO - Starting song collection (last 1 hours)
2025-12-11 18:58:02,863 - music_tracker - INFO - Fetching recent tracks from Spotify...
2025-12-11 18:58:03,216 - music_tracker - INFO - No recent songs found from Spotify
2025-12-11 18:58:03,218 - music_tracker - INFO - No new songs found from Spotify API
2025-12-11 18:58:03,218 - music_tracker - INFO - Song collection completed successfully
2025-12-11 19:58:03,117 - music_tracker - INFO - SpotiSpy song collection starting...
2025-12-11 19:58:03,118 - music_tracker - INFO - Starting song collection (last 1 hours)
2025-12-11 19:58:03,118 - music_tracker - INFO - Fetching recent tracks from Spotify...
2025-12-11 19:58:03,519 - music_tracker - INFO - No recent songs found from Spotify
2025-12-11 19:58:03,521 - music_tracker - INFO - No new songs found from Spotify API
2025-12-11 19:58:03,522 - music_tracker - INFO - Song collection completed successfully
2025-12-11 20:58:03,415 - music_tracker - INFO - SpotiSpy song collection starting...
2025-12-11 20:58:03,415 - music_tracker - INFO - Starting song collection (last 1 hours)
2025-12-11 20:58:03,416 - music_tracker - INFO - Fetching recent tracks from Spotify...
2025-12-11 20:58:03,859 - music_tracker - INFO - No recent songs found from Spotify
2025-12-11 20:58:03,861 - music_tracker - INFO - No new songs found from Spotify API
2025-12-11 20:58:03,862 - music_tracker - INFO - Song collection completed successfully
2025-12-11 21:58:02,753 - music_tracker - INFO - SpotiSpy song collection starting...
2025-12-11 21:58:02,753 - music_tracker - INFO - Starting song collection (last 1 hours)
2025-12-11 21:58:02,754 - music_tracker - INFO - Fetching recent tracks from Spotify...
2025-12-11 21:58:03,103 - music_tracker - INFO - No recent songs found from Spotify
2025-12-11 21:58:03,105 - music_tracker - INFO - No new songs found from Spotify API
2025-12-11 21:58:03,106 - music_tracker - INFO - Song collection completed successfully
2025-12-11 22:58:03,005 - music_tracker - INFO - SpotiSpy song collection starting...
2025-12-11 22:58:03,006 - music_tracker - INFO - Starting song collection (last 1 hours)
2025-12-11 22:58:03,006 - music_tracker - INFO - Fetching recent tracks from Spotify...
2025-12-11 22:58:03,485 - music_tracker - INFO - No recent songs found from Spotify
2025-12-11 22:58:03,487 - music_tracker - INFO - No new songs found from Spotify API
2025-12-11 22:58:03,488 - music_tracker - INFO - Song collection completed successfully
2025-12-11 23:58:03,403 - music_tracker - INFO - SpotiSpy song collection starting...
2025-12-11 23:58:03,404 - music_tracker - INFO - Starting song collection (last 1 hours)
2025-12-11 23:58:03,405 - music_tracker - INFO - Fetching recent tracks from Spotify...
2025-12-11 23:58:03,745 - music_tracker - INFO - No recent songs found from Spotify
2025-12-11 23:58:03,747 - music_tracker - INFO - No new songs found from Spotify API
2025-12-11 23:58:03,748 - music_tracker - INFO - Song collection completed successfully
