2025-11-08 00:58:03,304 - music_tracker - INFO - SpotiSpy song collection starting...
2025-11-08 00:58:03,305 - music_tracker - INFO - Starting song collection (last 1 hours)
2025-11-08 00:58:03,306 - music_tracker - INFO - Fetching recent tracks from Spotify...
2025-11-08 00:58:03,684 - music_tracker - INFO - No recent songs found from Spotify
2025-11-08 00:58:03,686 - music_tracker - INFO - No new songs found from Spotify API
2025-11-08 00:58:03,687 - music_tracker - INFO - Song collection completed successfully
2025-11-08 01:58:03,656 - music_tracker - INFO - SpotiSpy song collection starting...
2025-11-08 01:58:03,657 - music_tracker - INFO - Starting song collection (last 1 hours)
2025-11-08 01:58:03,657 - music_tracker - INFO - Fetching recent tracks from Spotify...
2025-11-08 01:58:04,045 - music_tracker - INFO - No recent songs found from Spotify
2025-11-08 01:58:04,047 - music_tracker - INFO - No new songs found from Spotify API
2025-11-08 01:58:04,048 - music_tracker - INFO - Song collection completed successfully
2025-11-08 02:58:03,108 - music_tracker - INFO - SpotiSpy song collection starting...
2025-11-08 02:58:03,109 - music_tracker - INFO - Starting song collection (last 1 hours)
2025-11-08 02:58:03,110 - music_tracker - INFO - Fetching recent tracks from Spotify...
2025-11-08 02:58:03,487 - music_tracker - INFO - No recent songs found from Spotify
2025-11-08 02:58:03,489 - music_tracker - INFO - No new songs found from Spotify API
2025-11-08 02:58:03,490 - music_tracker - INFO - Song collection completed successfully
2025-11-08 03:58:03,419 - music_tracker - INFO - SpotiSpy song collection starting...
2025-11-08 03:58:03,420 - music_tracker - INFO - Starting song collection (last 1 hours)
2025-11-08 03:58:03,421 - music_tracker - INFO - Fetching recent tracks from Spotify...
2025-11-08 03:58:03,765 - music_tracker - INFO - No recent songs found from Spotify
2025-11-08 03:58:03,767 - music_tracker - INFO - No new songs found from Spotify API
2025-11-08 03:58:03,767 - music_tracker - INFO - Song collection completed successfully
2025-11-08 04:58:02,666 - music_tracker - INFO - SpotiSpy song collection starting...
2025-11-08 04:58:02,666 - music_tracker - INFO - Starting song collection (last 1 hours)
2025-11-08 04:58:02,667 - music_tracker - INFO - Fetching recent tracks from Spotify...
2025-11-08 04:58:03,021 - music_tracker - INFO - No recent songs found from Spotify
2025-11-08 04:58:03,023 - music_tracker - INFO - No new songs found from Spotify API
2025-11-08 04:58:03,023 - music_tracker - INFO - Song collection completed successfully
2025-11-08 05:58:02,920 - music_tracker - INFO - SpotiSpy song collection starting...
2025-11-08 05:58:02,921 - music_tracker - INFO - Starting song collection (last 1 hours)
2025-11-08 05:58:02,921 - music_tracker - INFO - Fetching recent tracks from Spotify...
2025-11-08 05:58:03,262 - music_tracker - INFO - No recent songs found from Spotify
2025-11-08 05:58:03,265 - music_tracker - INFO - No new songs found from Spotify API
2025-11-08 05:58:03,265 - music_tracker - INFO - Song collection completed successfully
2025-11-08 06:58:03,229 - music_tracker - INFO - SpotiSpy song collection starting...
2025-11-08 06:58:03,230 - music_tracker - INFO - Starting song collection (last 1 hours)
2025-11-08 06:58:03,230 - music_tracker - INFO - Fetching recent tracks from Spotify...
2025-11-08 06:58:03,606 - music_tracker - INFO - No recent songs found from Spotify
2025-11-08 06:58:03,608 - music_tracker - INFO - No new songs found from Spotify API
2025-11-08 06:58:03,608 - music_tracker - INFO - Song collection completed successfully
2025-11-08 07:58:03,501 - music_tracker - INFO - SpotiSpy song collection starting...
2025-11-08 07:58:03,502 - music_tracker - INFO - Starting song collection (last 1 hours)
2025-11-08 07:58:03,502 - music_tracker - INFO - Fetching recent tracks from Spotify...
2025-11-08 07:58:03,860 - music_tracker - INFO - No recent songs found from Spotify
2025-11-08 07:58:03,862 - music_tracker - INFO - No new songs found from Spotify API
2025-11-08 07:58:03,863 - music_tracker - INFO - Song collection completed successfully
2025-11-08 08:58:04,016 - music_tracker - INFO - SpotiSpy song collection starting...
2025-11-08 08:58:04,017 - music_tracker - INFO - Starting song collection (last 1 hours)
2025-11-08 08:58:04,018 - music_tracker - INFO - Fetching recent tracks from Spotify...
2025-11-08 08:58:04,396 - music_tracker - INFO - No recent songs found from Spotify
2025-11-08 08:58:04,398 - music_tracker - INFO - No new songs found from Spotify API
2025-11-08 08:58:04,398 - music_tracker - INFO - Song collection completed successfully
2025-11-08 09:00:12,999 - music_tracker - INFO - SpotiSpy starting...
2025-11-08 09:00:12,999 - music_tracker - INFO - Starting daily SpotiSpy analysis
2025-11-08 09:00:13,000 - music_tracker - INFO - Fetching yesterday's listening data...
2025-11-08 09:00:14,656 - music_tracker - INFO - Fetched 81 songs from database
2025-11-08 09:00:14,658 - music_tracker - INFO - Found 81 songs to analyze
2025-11-08 09:00:14,659 - music_tracker - INFO - Running analysis...
2025-11-08 09:00:14,670 - music_tracker - INFO - Sending daily summary to Slack...
2025-11-08 09:00:37,206 - music_tracker - INFO - Message sent successfully to Slack
2025-11-08 09:00:37,207 - music_tracker - INFO - Daily analysis completed successfully!
2025-11-08 09:00:37,208 - music_tracker - INFO - SpotiSpy completed successfully
2025-11-08 09:58:03,093 - music_tracker - INFO - SpotiSpy song collection starting...
2025-11-08 09:58:03,094 - music_tracker - INFO - Starting song collection (last 1 hours)
2025-11-08 09:58:03,095 - music_tracker - INFO - Fetching recent tracks from Spotify...
2025-11-08 09:58:03,526 - music_tracker - INFO - Fetched 2 songs from Spotify
2025-11-08 09:58:03,528 - music_tracker - INFO - Found 2 songs from Spotify API
2025-11-08 09:58:03,529 - music_tracker - INFO - Checking for duplicates in database...
2025-11-08 09:58:05,032 - music_tracker - INFO - Found 2 new songs out of 2 total
2025-11-08 09:58:05,034 - music_tracker - INFO - Found 2 new songs to save
2025-11-08 09:58:05,035 - music_tracker - INFO - Saving songs to database...
2025-11-08 09:58:05,393 - music_tracker - INFO - Successfully saved 2 songs to database
2025-11-08 09:58:05,395 - music_tracker - INFO - Successfully saved 2 songs to database
2025-11-08 09:58:05,396 - music_tracker - INFO - Song collection completed successfully
2025-11-08 10:58:03,333 - music_tracker - INFO - SpotiSpy song collection starting...
2025-11-08 10:58:03,334 - music_tracker - INFO - Starting song collection (last 1 hours)
2025-11-08 10:58:03,335 - music_tracker - INFO - Fetching recent tracks from Spotify...
2025-11-08 10:58:03,707 - music_tracker - INFO - No recent songs found from Spotify
2025-11-08 10:58:03,709 - music_tracker - INFO - No new songs found from Spotify API
2025-11-08 10:58:03,709 - music_tracker - INFO - Song collection completed successfully
2025-11-08 11:58:03,601 - music_tracker - INFO - SpotiSpy song collection starting...
2025-11-08 11:58:03,601 - music_tracker - INFO - Starting song collection (last 1 hours)
2025-11-08 11:58:03,602 - music_tracker - INFO - Fetching recent tracks from Spotify...
2025-11-08 11:58:04,286 - music_tracker - INFO - Fetched 9 songs from Spotify
2025-11-08 11:58:04,290 - music_tracker - INFO - Found 9 songs from Spotify API
2025-11-08 11:58:04,291 - music_tracker - INFO - Checking for duplicates in database...
2025-11-08 11:58:05,803 - music_tracker - INFO - Found 9 new songs out of 9 total
2025-11-08 11:58:05,805 - music_tracker - INFO - Found 9 new songs to save
2025-11-08 11:58:05,806 - music_tracker - INFO - Saving songs to database...
2025-11-08 11:58:06,142 - music_tracker - INFO - Successfully saved 9 songs to database
2025-11-08 11:58:06,144 - music_tracker - INFO - Successfully saved 9 songs to database
2025-11-08 11:58:06,145 - music_tracker - INFO - Song collection completed successfully
2025-11-08 12:58:03,092 - music_tracker - INFO - SpotiSpy song collection starting...
2025-11-08 12:58:03,093 - music_tracker - INFO - Starting song collection (last 1 hours)
2025-11-08 12:58:03,094 - music_tracker - INFO - Fetching recent tracks from Spotify...
2025-11-08 12:58:03,695 - music_tracker - INFO - Fetched 14 songs from Spotify
2025-11-08 12:58:03,697 - music_tracker - INFO - Found 14 songs from Spotify API
2025-11-08 12:58:03,698 - music_tracker - INFO - Checking for duplicates in database...
2025-11-08 12:58:05,275 - music_tracker - INFO - Found 14 new songs out of 14 total
2025-11-08 12:58:05,277 - music_tracker - INFO - Found 14 new songs to save
2025-11-08 12:58:05,278 - music_tracker - INFO - Saving songs to database...
2025-11-08 12:58:05,669 - music_tracker - INFO - Successfully saved 14 songs to database
2025-11-08 12:58:05,671 - music_tracker - INFO - Successfully saved 14 songs to database
2025-11-08 12:58:05,672 - music_tracker - INFO - Song collection completed successfully
2025-11-08 13:58:03,585 - music_tracker - INFO - SpotiSpy song collection starting...
2025-11-08 13:58:03,586 - music_tracker - INFO - Starting song collection (last 1 hours)
2025-11-08 13:58:03,587 - music_tracker - INFO - Fetching recent tracks from Spotify...
2025-11-08 13:58:04,194 - music_tracker - INFO - Fetched 14 songs from Spotify
2025-11-08 13:58:04,197 - music_tracker - INFO - Found 14 songs from Spotify API
2025-11-08 13:58:04,197 - music_tracker - INFO - Checking for duplicates in database...
2025-11-08 13:58:05,708 - music_tracker - INFO - Found 14 new songs out of 14 total
2025-11-08 13:58:05,711 - music_tracker - INFO - Found 14 new songs to save
2025-11-08 13:58:05,712 - music_tracker - INFO - Saving songs to database...
2025-11-08 13:58:06,091 - music_tracker - INFO - Successfully saved 14 songs to database
2025-11-08 13:58:06,093 - music_tracker - INFO - Successfully saved 14 songs to database
2025-11-08 13:58:06,094 - music_tracker - INFO - Song collection completed successfully
2025-11-08 14:58:03,022 - music_tracker - INFO - SpotiSpy song collection starting...
2025-11-08 14:58:03,023 - music_tracker - INFO - Starting song collection (last 1 hours)
2025-11-08 14:58:03,024 - music_tracker - INFO - Fetching recent tracks from Spotify...
2025-11-08 14:58:03,671 - music_tracker - INFO - Fetched 11 songs from Spotify
2025-11-08 14:58:03,674 - music_tracker - INFO - Found 11 songs from Spotify API
2025-11-08 14:58:03,674 - music_tracker - INFO - Checking for duplicates in database...
2025-11-08 14:58:05,186 - music_tracker - INFO - Found 11 new songs out of 11 total
2025-11-08 14:58:05,188 - music_tracker - INFO - Found 11 new songs to save
2025-11-08 14:58:05,189 - music_tracker - INFO - Saving songs to database...
2025-11-08 14:58:05,484 - music_tracker - INFO - Successfully saved 11 songs to database
2025-11-08 14:58:05,486 - music_tracker - INFO - Successfully saved 11 songs to database
2025-11-08 14:58:05,487 - music_tracker - INFO - Song collection completed successfully
2025-11-08 15:58:03,427 - music_tracker - INFO - SpotiSpy song collection starting...
2025-11-08 15:58:03,428 - music_tracker - INFO - Starting song collection (last 1 hours)
2025-11-08 15:58:03,429 - music_tracker - INFO - Fetching recent tracks from Spotify...
2025-11-08 15:58:04,411 - music_tracker - INFO - Fetched 6 songs from Spotify
2025-11-08 15:58:04,415 - music_tracker - INFO - Found 6 songs from Spotify API
2025-11-08 15:58:04,416 - music_tracker - INFO - Checking for duplicates in database...
2025-11-08 15:58:05,890 - music_tracker - INFO - Found 6 new songs out of 6 total
2025-11-08 15:58:05,893 - music_tracker - INFO - Found 6 new songs to save
2025-11-08 15:58:05,893 - music_tracker - INFO - Saving songs to database...
2025-11-08 15:58:06,271 - music_tracker - INFO - Successfully saved 6 songs to database
2025-11-08 15:58:06,272 - music_tracker - INFO - Successfully saved 6 songs to database
2025-11-08 15:58:06,272 - music_tracker - INFO - Song collection completed successfully
2025-11-08 16:58:03,168 - music_tracker - INFO - SpotiSpy song collection starting...
2025-11-08 16:58:03,169 - music_tracker - INFO - Starting song collection (last 1 hours)
2025-11-08 16:58:03,169 - music_tracker - INFO - Fetching recent tracks from Spotify...
2025-11-08 16:58:03,550 - music_tracker - INFO - No recent songs found from Spotify
2025-11-08 16:58:03,552 - music_tracker - INFO - No new songs found from Spotify API
2025-11-08 16:58:03,552 - music_tracker - INFO - Song collection completed successfully
2025-11-08 17:58:03,447 - music_tracker - INFO - SpotiSpy song collection starting...
2025-11-08 17:58:03,447 - music_tracker - INFO - Starting song collection (last 1 hours)
2025-11-08 17:58:03,448 - music_tracker - INFO - Fetching recent tracks from Spotify...
2025-11-08 17:58:03,840 - music_tracker - INFO - No recent songs found from Spotify
2025-11-08 17:58:03,842 - music_tracker - INFO - No new songs found from Spotify API
2025-11-08 17:58:03,842 - music_tracker - INFO - Song collection completed successfully
2025-11-08 18:58:02,727 - music_tracker - INFO - SpotiSpy song collection starting...
2025-11-08 18:58:02,727 - music_tracker - INFO - Starting song collection (last 1 hours)
2025-11-08 18:58:02,728 - music_tracker - INFO - Fetching recent tracks from Spotify...
2025-11-08 18:58:03,097 - music_tracker - INFO - No recent songs found from Spotify
2025-11-08 18:58:03,099 - music_tracker - INFO - No new songs found from Spotify API
2025-11-08 18:58:03,099 - music_tracker - INFO - Song collection completed successfully
2025-11-08 19:58:02,993 - music_tracker - INFO - SpotiSpy song collection starting...
2025-11-08 19:58:02,994 - music_tracker - INFO - Starting song collection (last 1 hours)
2025-11-08 19:58:02,994 - music_tracker - INFO - Fetching recent tracks from Spotify...
2025-11-08 19:58:03,508 - music_tracker - INFO - Fetched 5 songs from Spotify
2025-11-08 19:58:03,510 - music_tracker - INFO - Found 5 songs from Spotify API
2025-11-08 19:58:03,511 - music_tracker - INFO - Checking for duplicates in database...
2025-11-08 19:58:05,031 - music_tracker - INFO - Found 5 new songs out of 5 total
2025-11-08 19:58:05,033 - music_tracker - INFO - Found 5 new songs to save
2025-11-08 19:58:05,034 - music_tracker - INFO - Saving songs to database...
2025-11-08 19:58:05,426 - music_tracker - INFO - Successfully saved 5 songs to database
2025-11-08 19:58:05,428 - music_tracker - INFO - Successfully saved 5 songs to database
2025-11-08 19:58:05,429 - music_tracker - INFO - Song collection completed successfully
2025-11-08 20:58:03,349 - music_tracker - INFO - SpotiSpy song collection starting...
2025-11-08 20:58:03,350 - music_tracker - INFO - Starting song collection (last 1 hours)
2025-11-08 20:58:03,351 - music_tracker - INFO - Fetching recent tracks from Spotify...
2025-11-08 20:58:03,777 - music_tracker - INFO - Fetched 1 songs from Spotify
2025-11-08 20:58:03,779 - music_tracker - INFO - Found 1 songs from Spotify API
2025-11-08 20:58:03,779 - music_tracker - INFO - Checking for duplicates in database...
2025-11-08 20:58:05,194 - music_tracker - INFO - Found 1 new songs out of 1 total
2025-11-08 20:58:05,196 - music_tracker - INFO - Found 1 new songs to save
2025-11-08 20:58:05,197 - music_tracker - INFO - Saving songs to database...
2025-11-08 20:58:05,473 - music_tracker - INFO - Successfully saved 1 songs to database
2025-11-08 20:58:05,475 - music_tracker - INFO - Successfully saved 1 songs to database
2025-11-08 20:58:05,475 - music_tracker - INFO - Song collection completed successfully
2025-11-08 21:58:03,466 - music_tracker - INFO - SpotiSpy song collection starting...
2025-11-08 21:58:03,467 - music_tracker - INFO - Starting song collection (last 1 hours)
2025-11-08 21:58:03,467 - music_tracker - INFO - Fetching recent tracks from Spotify...
2025-11-08 21:58:03,875 - music_tracker - INFO - Fetched 3 songs from Spotify
2025-11-08 21:58:03,877 - music_tracker - INFO - Found 3 songs from Spotify API
2025-11-08 21:58:03,878 - music_tracker - INFO - Checking for duplicates in database...
2025-11-08 21:58:05,304 - music_tracker - INFO - Found 3 new songs out of 3 total
2025-11-08 21:58:05,306 - music_tracker - INFO - Found 3 new songs to save
2025-11-08 21:58:05,307 - music_tracker - INFO - Saving songs to database...
2025-11-08 21:58:05,663 - music_tracker - INFO - Successfully saved 3 songs to database
2025-11-08 21:58:05,665 - music_tracker - INFO - Successfully saved 3 songs to database
2025-11-08 21:58:05,666 - music_tracker - INFO - Song collection completed successfully
2025-11-08 22:58:03,591 - music_tracker - INFO - SpotiSpy song collection starting...
2025-11-08 22:58:03,592 - music_tracker - INFO - Starting song collection (last 1 hours)
2025-11-08 22:58:03,593 - music_tracker - INFO - Fetching recent tracks from Spotify...
2025-11-08 22:58:04,085 - music_tracker - INFO - Fetched 8 songs from Spotify
2025-11-08 22:58:04,088 - music_tracker - INFO - Found 8 songs from Spotify API
2025-11-08 22:58:04,089 - music_tracker - INFO - Checking for duplicates in database...
2025-11-08 22:58:05,586 - music_tracker - INFO - Found 8 new songs out of 8 total
2025-11-08 22:58:05,588 - music_tracker - INFO - Found 8 new songs to save
2025-11-08 22:58:05,589 - music_tracker - INFO - Saving songs to database...
2025-11-08 22:58:05,882 - music_tracker - INFO - Successfully saved 8 songs to database
2025-11-08 22:58:05,883 - music_tracker - INFO - Successfully saved 8 songs to database
2025-11-08 22:58:05,884 - music_tracker - INFO - Song collection completed successfully
2025-11-08 23:58:03,441 - music_tracker - INFO - SpotiSpy song collection starting...
2025-11-08 23:58:03,441 - music_tracker - INFO - Starting song collection (last 1 hours)
2025-11-08 23:58:03,442 - music_tracker - INFO - Fetching recent tracks from Spotify...
2025-11-08 23:58:03,798 - music_tracker - INFO - No recent songs found from Spotify
2025-11-08 23:58:03,801 - music_tracker - INFO - No new songs found from Spotify API
2025-11-08 23:58:03,801 - music_tracker - INFO - Song collection completed successfully
