2025-05-20 00:58:07,007 - music_tracker - INFO - Zero songs listened to
2025-05-20 00:58:07,007 - music_tracker - INFO - No songs uploaded.
2025-05-20 01:58:06,737 - music_tracker - INFO - Zero songs listened to
2025-05-20 01:58:06,737 - music_tracker - INFO - No songs uploaded.
2025-05-20 02:58:06,457 - music_tracker - INFO - Zero songs listened to
2025-05-20 02:58:06,458 - music_tracker - INFO - No songs uploaded.
2025-05-20 03:58:07,187 - music_tracker - INFO - Zero songs listened to
2025-05-20 03:58:07,188 - music_tracker - INFO - No songs uploaded.
2025-05-20 04:58:06,882 - music_tracker - INFO - Zero songs listened to
2025-05-20 04:58:06,883 - music_tracker - INFO - No songs uploaded.
2025-05-20 05:58:06,584 - music_tracker - INFO - Zero songs listened to
2025-05-20 05:58:06,584 - music_tracker - INFO - No songs uploaded.
2025-05-20 06:58:07,619 - music_tracker - INFO - Zero songs listened to
2025-05-20 06:58:07,620 - music_tracker - INFO - No songs uploaded.
2025-05-20 07:58:07,356 - music_tracker - INFO - Zero songs listened to
2025-05-20 07:58:07,356 - music_tracker - INFO - No songs uploaded.
2025-05-20 08:58:08,334 - music_tracker - INFO - Uploading 1 song
2025-05-20 09:00:11,872 - music_tracker - INFO - Starting music tracker analysis
2025-05-20 09:00:11,873 - music_tracker - INFO - Fetching data
2025-05-20 09:00:12,208 - music_tracker - INFO - Fetched 73 recent songs
2025-05-20 09:00:12,213 - music_tracker - INFO - Running top listens analysis
2025-05-20 09:00:12,213 - music_tracker - INFO - Calculating top songs listens
2025-05-20 09:00:12,214 - music_tracker - INFO - Sending message with top 3 songs
2025-05-20 09:00:12,864 - music_tracker - INFO - Message successfully sent!
2025-05-20 09:00:12,865 - music_tracker - INFO - Calculating top albums listens
2025-05-20 09:00:12,865 - music_tracker - INFO - Sending message with top 3 albums
2025-05-20 09:00:13,582 - music_tracker - INFO - Message successfully sent!
2025-05-20 09:00:13,582 - music_tracker - INFO - Calculating top artists listens
2025-05-20 09:00:13,583 - music_tracker - INFO - Sending message with top 3 artists
2025-05-20 09:00:14,203 - music_tracker - INFO - Message successfully sent!
2025-05-20 09:00:14,203 - music_tracker - INFO - Running popularity and listening hours analysis
2025-05-20 09:00:14,204 - music_tracker - INFO - Finding most popular track
2025-05-20 09:00:14,205 - music_tracker - INFO - Most popular song found: squabble up with score 88
2025-05-20 09:00:14,832 - music_tracker - INFO - Message successfully sent!
2025-05-20 09:00:14,832 - music_tracker - INFO - Calculating most listened hour
2025-05-20 09:00:14,833 - music_tracker - INFO - Most listened hour: 14:00 with 54:06
2025-05-20 09:00:15,500 - music_tracker - INFO - Message successfully sent!
2025-05-20 09:00:15,500 - music_tracker - INFO - Analysis completed successfully

2025-05-20 09:58:11,031 - music_tracker - INFO -   Supabase error: Status 400, {"code":"22007","details":null,"hint":null,"message":"invalid input syntax for type date: \"2010\""}
2025-05-20 09:58:11,034 - music_tracker - INFO - No songs uploaded.
2025-05-20 10:58:10,644 - music_tracker - INFO - Uploading 16 songs
2025-05-20 11:58:08,675 - music_tracker - INFO - Uploading 4 songs
2025-05-20 12:58:08,536 - music_tracker - INFO - Uploading 3 songs
2025-05-20 13:58:09,391 - music_tracker - INFO - Uploading 8 songs
2025-05-20 14:58:10,741 - music_tracker - INFO -   Supabase error: Status 400, {"code":"22007","details":null,"hint":null,"message":"invalid input syntax for type date: \"2001\""}
2025-05-20 14:58:10,742 - music_tracker - INFO - No songs uploaded.
2025-05-20 15:58:08,333 - music_tracker - INFO - Uploading 6 songs
2025-05-20 16:58:07,073 - music_tracker - INFO - Zero songs listened to
2025-05-20 16:58:07,074 - music_tracker - INFO - No songs uploaded.
2025-05-20 17:58:08,706 - music_tracker - INFO -   Supabase error: Status 400, {"code":"22007","details":null,"hint":null,"message":"invalid input syntax for type date: \"2012\""}
2025-05-20 17:58:08,708 - music_tracker - INFO - No songs uploaded.
2025-05-20 18:58:06,419 - music_tracker - INFO - Zero songs listened to
2025-05-20 18:58:06,420 - music_tracker - INFO - No songs uploaded.
2025-05-20 19:58:08,630 - music_tracker - INFO - Uploading 4 songs
2025-05-20 20:58:09,288 - music_tracker - INFO - Uploading 6 songs
2025-05-20 21:58:07,052 - music_tracker - INFO - Zero songs listened to
2025-05-20 21:58:07,053 - music_tracker - INFO - No songs uploaded.
2025-05-20 22:58:07,387 - music_tracker - INFO - Zero songs listened to
2025-05-20 22:58:07,389 - music_tracker - INFO - No songs uploaded.
2025-05-20 23:58:07,168 - music_tracker - INFO - Zero songs listened to
2025-05-20 23:58:07,168 - music_tracker - INFO - No songs uploaded.
