2025-11-28 00:58:03,611 - music_tracker - INFO - SpotiSpy song collection starting...
2025-11-28 00:58:03,612 - music_tracker - INFO - Starting song collection (last 1 hours)
2025-11-28 00:58:03,613 - music_tracker - INFO - Fetching recent tracks from Spotify...
2025-11-28 00:58:04,002 - music_tracker - INFO - No recent songs found from Spotify
2025-11-28 00:58:04,004 - music_tracker - INFO - No new songs found from Spotify API
2025-11-28 00:58:04,004 - music_tracker - INFO - Song collection completed successfully
2025-11-28 01:58:02,885 - music_tracker - INFO - SpotiSpy song collection starting...
2025-11-28 01:58:02,885 - music_tracker - INFO - Starting song collection (last 1 hours)
2025-11-28 01:58:02,886 - music_tracker - INFO - Fetching recent tracks from Spotify...
2025-11-28 01:58:03,245 - music_tracker - INFO - No recent songs found from Spotify
2025-11-28 01:58:03,247 - music_tracker - INFO - No new songs found from Spotify API
2025-11-28 01:58:03,247 - music_tracker - INFO - Song collection completed successfully
2025-11-28 02:58:03,188 - music_tracker - INFO - SpotiSpy song collection starting...
2025-11-28 02:58:03,189 - music_tracker - INFO - Starting song collection (last 1 hours)
2025-11-28 02:58:03,190 - music_tracker - INFO - Fetching recent tracks from Spotify...
2025-11-28 02:58:03,827 - music_tracker - INFO - No recent songs found from Spotify
2025-11-28 02:58:03,830 - music_tracker - INFO - No new songs found from Spotify API
2025-11-28 02:58:03,830 - music_tracker - INFO - Song collection completed successfully
2025-11-28 03:58:02,827 - music_tracker - INFO - SpotiSpy song collection starting...
2025-11-28 03:58:02,828 - music_tracker - INFO - Starting song collection (last 1 hours)
2025-11-28 03:58:02,828 - music_tracker - INFO - Fetching recent tracks from Spotify...
2025-11-28 03:58:03,213 - music_tracker - INFO - No recent songs found from Spotify
2025-11-28 03:58:03,215 - music_tracker - INFO - No new songs found from Spotify API
2025-11-28 03:58:03,215 - music_tracker - INFO - Song collection completed successfully
2025-11-28 04:58:03,111 - music_tracker - INFO - SpotiSpy song collection starting...
2025-11-28 04:58:03,112 - music_tracker - INFO - Starting song collection (last 1 hours)
2025-11-28 04:58:03,113 - music_tracker - INFO - Fetching recent tracks from Spotify...
2025-11-28 04:58:03,478 - music_tracker - INFO - No recent songs found from Spotify
2025-11-28 04:58:03,480 - music_tracker - INFO - No new songs found from Spotify API
2025-11-28 04:58:03,481 - music_tracker - INFO - Song collection completed successfully
2025-11-28 05:58:03,701 - music_tracker - INFO - SpotiSpy song collection starting...
2025-11-28 05:58:03,701 - music_tracker - INFO - Starting song collection (last 1 hours)
2025-11-28 05:58:03,702 - music_tracker - INFO - Fetching recent tracks from Spotify...
2025-11-28 05:58:04,203 - music_tracker - INFO - No recent songs found from Spotify
2025-11-28 05:58:04,205 - music_tracker - INFO - No new songs found from Spotify API
2025-11-28 05:58:04,205 - music_tracker - INFO - Song collection completed successfully
2025-11-28 06:58:03,207 - music_tracker - INFO - SpotiSpy song collection starting...
2025-11-28 06:58:03,207 - music_tracker - INFO - Starting song collection (last 1 hours)
2025-11-28 06:58:03,208 - music_tracker - INFO - Fetching recent tracks from Spotify...
2025-11-28 06:58:03,682 - music_tracker - INFO - No recent songs found from Spotify
2025-11-28 06:58:03,684 - music_tracker - INFO - No new songs found from Spotify API
2025-11-28 06:58:03,684 - music_tracker - INFO - Song collection completed successfully
2025-11-28 07:58:03,601 - music_tracker - INFO - SpotiSpy song collection starting...
2025-11-28 07:58:03,602 - music_tracker - INFO - Starting song collection (last 1 hours)
2025-11-28 07:58:03,602 - music_tracker - INFO - Fetching recent tracks from Spotify...
2025-11-28 07:58:04,033 - music_tracker - INFO - No recent songs found from Spotify
2025-11-28 07:58:04,036 - music_tracker - INFO - No new songs found from Spotify API
2025-11-28 07:58:04,036 - music_tracker - INFO - Song collection completed successfully
2025-11-28 08:58:02,932 - music_tracker - INFO - SpotiSpy song collection starting...
2025-11-28 08:58:02,933 - music_tracker - INFO - Starting song collection (last 1 hours)
2025-11-28 08:58:02,933 - music_tracker - INFO - Fetching recent tracks from Spotify...
2025-11-28 08:58:03,311 - music_tracker - INFO - No recent songs found from Spotify
2025-11-28 08:58:03,313 - music_tracker - INFO - No new songs found from Spotify API
2025-11-28 08:58:03,314 - music_tracker - INFO - Song collection completed successfully
2025-11-28 09:00:12,823 - music_tracker - INFO - SpotiSpy starting...
2025-11-28 09:00:12,824 - music_tracker - INFO - Starting daily SpotiSpy analysis
2025-11-28 09:00:12,829 - music_tracker - INFO - Fetching yesterday's listening data...
2025-11-28 09:00:14,391 - music_tracker - INFO - Fetched 0 songs from database
2025-11-28 09:00:14,394 - music_tracker - WARNING - No songs found for yesterday
2025-11-28 09:00:14,395 - music_tracker - INFO - SpotiSpy completed successfully
2025-11-28 09:58:03,308 - music_tracker - INFO - SpotiSpy song collection starting...
2025-11-28 09:58:03,308 - music_tracker - INFO - Starting song collection (last 1 hours)
2025-11-28 09:58:03,309 - music_tracker - INFO - Fetching recent tracks from Spotify...
2025-11-28 09:58:03,747 - music_tracker - INFO - No recent songs found from Spotify
2025-11-28 09:58:03,749 - music_tracker - INFO - No new songs found from Spotify API
2025-11-28 09:58:03,750 - music_tracker - INFO - Song collection completed successfully
2025-11-28 10:58:02,636 - music_tracker - INFO - SpotiSpy song collection starting...
2025-11-28 10:58:02,637 - music_tracker - INFO - Starting song collection (last 1 hours)
2025-11-28 10:58:02,637 - music_tracker - INFO - Fetching recent tracks from Spotify...
2025-11-28 10:58:03,026 - music_tracker - INFO - No recent songs found from Spotify
2025-11-28 10:58:03,028 - music_tracker - INFO - No new songs found from Spotify API
2025-11-28 10:58:03,028 - music_tracker - INFO - Song collection completed successfully
2025-11-28 11:58:04,061 - music_tracker - INFO - SpotiSpy song collection starting...
2025-11-28 11:58:04,062 - music_tracker - INFO - Starting song collection (last 1 hours)
2025-11-28 11:58:04,063 - music_tracker - INFO - Fetching recent tracks from Spotify...
2025-11-28 11:58:04,464 - music_tracker - INFO - No recent songs found from Spotify
2025-11-28 11:58:04,466 - music_tracker - INFO - No new songs found from Spotify API
2025-11-28 11:58:04,466 - music_tracker - INFO - Song collection completed successfully
2025-11-28 12:58:03,391 - music_tracker - INFO - SpotiSpy song collection starting...
2025-11-28 12:58:03,391 - music_tracker - INFO - Starting song collection (last 1 hours)
2025-11-28 12:58:03,392 - music_tracker - INFO - Fetching recent tracks from Spotify...
2025-11-28 12:58:03,790 - music_tracker - INFO - No recent songs found from Spotify
2025-11-28 12:58:03,792 - music_tracker - INFO - No new songs found from Spotify API
2025-11-28 12:58:03,793 - music_tracker - INFO - Song collection completed successfully
2025-11-28 13:58:02,702 - music_tracker - INFO - SpotiSpy song collection starting...
2025-11-28 13:58:02,703 - music_tracker - INFO - Starting song collection (last 1 hours)
2025-11-28 13:58:02,703 - music_tracker - INFO - Fetching recent tracks from Spotify...
2025-11-28 13:58:03,112 - music_tracker - INFO - No recent songs found from Spotify
2025-11-28 13:58:03,114 - music_tracker - INFO - No new songs found from Spotify API
2025-11-28 13:58:03,115 - music_tracker - INFO - Song collection completed successfully
2025-11-28 14:58:03,049 - music_tracker - INFO - SpotiSpy song collection starting...
2025-11-28 14:58:03,049 - music_tracker - INFO - Starting song collection (last 1 hours)
2025-11-28 14:58:03,050 - music_tracker - INFO - Fetching recent tracks from Spotify...
2025-11-28 14:58:03,414 - music_tracker - INFO - No recent songs found from Spotify
2025-11-28 14:58:03,416 - music_tracker - INFO - No new songs found from Spotify API
2025-11-28 14:58:03,416 - music_tracker - INFO - Song collection completed successfully
2025-11-28 15:58:03,392 - music_tracker - INFO - SpotiSpy song collection starting...
2025-11-28 15:58:03,392 - music_tracker - INFO - Starting song collection (last 1 hours)
2025-11-28 15:58:03,393 - music_tracker - INFO - Fetching recent tracks from Spotify...
2025-11-28 15:58:03,766 - music_tracker - INFO - No recent songs found from Spotify
2025-11-28 15:58:03,768 - music_tracker - INFO - No new songs found from Spotify API
2025-11-28 15:58:03,768 - music_tracker - INFO - Song collection completed successfully
2025-11-28 16:58:02,649 - music_tracker - INFO - SpotiSpy song collection starting...
2025-11-28 16:58:02,650 - music_tracker - INFO - Starting song collection (last 1 hours)
2025-11-28 16:58:02,651 - music_tracker - INFO - Fetching recent tracks from Spotify...
2025-11-28 16:58:03,075 - music_tracker - INFO - No recent songs found from Spotify
2025-11-28 16:58:03,077 - music_tracker - INFO - No new songs found from Spotify API
2025-11-28 16:58:03,077 - music_tracker - INFO - Song collection completed successfully
2025-11-28 17:58:02,990 - music_tracker - INFO - SpotiSpy song collection starting...
2025-11-28 17:58:02,990 - music_tracker - INFO - Starting song collection (last 1 hours)
2025-11-28 17:58:02,991 - music_tracker - INFO - Fetching recent tracks from Spotify...
2025-11-28 17:58:03,359 - music_tracker - INFO - No recent songs found from Spotify
2025-11-28 17:58:03,361 - music_tracker - INFO - No new songs found from Spotify API
2025-11-28 17:58:03,362 - music_tracker - INFO - Song collection completed successfully
2025-11-28 18:58:03,252 - music_tracker - INFO - SpotiSpy song collection starting...
2025-11-28 18:58:03,253 - music_tracker - INFO - Starting song collection (last 1 hours)
2025-11-28 18:58:03,254 - music_tracker - INFO - Fetching recent tracks from Spotify...
2025-11-28 18:58:03,640 - music_tracker - INFO - No recent songs found from Spotify
2025-11-28 18:58:03,642 - music_tracker - INFO - No new songs found from Spotify API
2025-11-28 18:58:03,642 - music_tracker - INFO - Song collection completed successfully
2025-11-28 19:58:03,538 - music_tracker - INFO - SpotiSpy song collection starting...
2025-11-28 19:58:03,538 - music_tracker - INFO - Starting song collection (last 1 hours)
2025-11-28 19:58:03,539 - music_tracker - INFO - Fetching recent tracks from Spotify...
2025-11-28 19:58:04,005 - music_tracker - INFO - No recent songs found from Spotify
2025-11-28 19:58:04,007 - music_tracker - INFO - No new songs found from Spotify API
2025-11-28 19:58:04,008 - music_tracker - INFO - Song collection completed successfully
2025-11-28 20:58:02,920 - music_tracker - INFO - SpotiSpy song collection starting...
2025-11-28 20:58:02,921 - music_tracker - INFO - Starting song collection (last 1 hours)
2025-11-28 20:58:02,921 - music_tracker - INFO - Fetching recent tracks from Spotify...
2025-11-28 20:58:04,489 - music_tracker - INFO - No recent songs found from Spotify
2025-11-28 20:58:04,492 - music_tracker - INFO - No new songs found from Spotify API
2025-11-28 20:58:04,493 - music_tracker - INFO - Song collection completed successfully
2025-11-28 21:58:03,404 - music_tracker - INFO - SpotiSpy song collection starting...
2025-11-28 21:58:03,405 - music_tracker - INFO - Starting song collection (last 1 hours)
2025-11-28 21:58:03,406 - music_tracker - INFO - Fetching recent tracks from Spotify...
2025-11-28 21:58:03,857 - music_tracker - INFO - No recent songs found from Spotify
2025-11-28 21:58:03,859 - music_tracker - INFO - No new songs found from Spotify API
2025-11-28 21:58:03,860 - music_tracker - INFO - Song collection completed successfully
2025-11-28 22:58:02,753 - music_tracker - INFO - SpotiSpy song collection starting...
2025-11-28 22:58:02,754 - music_tracker - INFO - Starting song collection (last 1 hours)
2025-11-28 22:58:02,754 - music_tracker - INFO - Fetching recent tracks from Spotify...
2025-11-28 22:58:03,147 - music_tracker - INFO - No recent songs found from Spotify
2025-11-28 22:58:03,149 - music_tracker - INFO - No new songs found from Spotify API
2025-11-28 22:58:03,149 - music_tracker - INFO - Song collection completed successfully
2025-11-28 23:58:03,243 - music_tracker - INFO - SpotiSpy song collection starting...
2025-11-28 23:58:03,243 - music_tracker - INFO - Starting song collection (last 1 hours)
2025-11-28 23:58:03,244 - music_tracker - INFO - Fetching recent tracks from Spotify...
2025-11-28 23:58:05,206 - music_tracker - INFO - No recent songs found from Spotify
2025-11-28 23:58:05,209 - music_tracker - INFO - No new songs found from Spotify API
2025-11-28 23:58:05,210 - music_tracker - INFO - Song collection completed successfully
