2025-07-15 00:58:07,259 - music_tracker - INFO - Zero songs listened to
2025-07-15 00:58:07,259 - music_tracker - INFO - No songs uploaded.
2025-07-15 01:58:07,080 - music_tracker - INFO - Zero songs listened to
2025-07-15 01:58:07,081 - music_tracker - INFO - No songs uploaded.
2025-07-15 02:58:06,793 - music_tracker - INFO - Zero songs listened to
2025-07-15 02:58:06,794 - music_tracker - INFO - No songs uploaded.
2025-07-15 03:58:06,568 - music_tracker - INFO - Zero songs listened to
2025-07-15 03:58:06,568 - music_tracker - INFO - No songs uploaded.
2025-07-15 04:58:07,341 - music_tracker - INFO - Zero songs listened to
2025-07-15 04:58:07,342 - music_tracker - INFO - No songs uploaded.
2025-07-15 05:58:07,043 - music_tracker - INFO - Zero songs listened to
2025-07-15 05:58:07,044 - music_tracker - INFO - No songs uploaded.
2025-07-15 06:58:06,870 - music_tracker - INFO - Zero songs listened to
2025-07-15 06:58:06,871 - music_tracker - INFO - No songs uploaded.
2025-07-15 07:58:06,569 - music_tracker - INFO - Zero songs listened to
2025-07-15 07:58:06,570 - music_tracker - INFO - No songs uploaded.
2025-07-15 08:58:07,324 - music_tracker - INFO - Zero songs listened to
2025-07-15 08:58:07,325 - music_tracker - INFO - No songs uploaded.
2025-07-15 09:00:11,911 - music_tracker - INFO - Starting music tracker analysis
2025-07-15 09:00:11,912 - music_tracker - INFO - Fetching data
2025-07-15 09:00:12,715 - music_tracker - INFO - Fetched 122 recent songs
2025-07-15 09:00:12,726 - music_tracker - INFO - Running top listens analysis
2025-07-15 09:00:12,727 - music_tracker - INFO - Calculating top songs listens
2025-07-15 09:00:12,728 - music_tracker - INFO - Sending message with top 3 songs
2025-07-15 09:00:13,555 - music_tracker - INFO - Message successfully sent!
2025-07-15 09:00:13,556 - music_tracker - INFO - Calculating top albums listens
2025-07-15 09:00:13,557 - music_tracker - INFO - Sending message with top 3 albums
2025-07-15 09:00:14,656 - music_tracker - INFO - Message successfully sent!
2025-07-15 09:00:14,657 - music_tracker - INFO - Calculating top artists listens
2025-07-15 09:00:14,658 - music_tracker - INFO - Sending message with top 3 artists
2025-07-15 09:00:15,918 - music_tracker - INFO - Message successfully sent!
2025-07-15 09:00:15,918 - music_tracker - INFO - Running popularity and listening hours analysis
2025-07-15 09:00:15,919 - music_tracker - INFO - Finding most popular track
2025-07-15 09:00:15,919 - music_tracker - INFO - Most popular song found: End of Beginning with score 92
2025-07-15 09:00:16,655 - music_tracker - INFO - Message successfully sent!
2025-07-15 09:00:16,656 - music_tracker - INFO - Calculating most listened hour
2025-07-15 09:00:16,656 - music_tracker - INFO - Most listened hour: 19:00 with 55:47
2025-07-15 09:00:17,468 - music_tracker - INFO - Message successfully sent!
2025-07-15 09:00:17,468 - music_tracker - INFO - Analysis completed successfully

2025-07-15 09:58:07,245 - music_tracker - INFO - Zero songs listened to
2025-07-15 09:58:07,246 - music_tracker - INFO - No songs uploaded.
2025-07-15 10:58:08,982 - music_tracker - INFO - Uploading 6 songs
2025-07-15 11:58:08,936 - music_tracker - INFO -   Supabase error: Status 400, {"code":"22007","details":null,"hint":null,"message":"invalid input syntax for type date: \"2001\""}
2025-07-15 11:58:08,938 - music_tracker - INFO - No songs uploaded.
2025-07-15 12:58:09,025 - music_tracker - INFO - Uploading 8 songs
2025-07-15 13:58:06,761 - music_tracker - INFO - Zero songs listened to
2025-07-15 13:58:06,761 - music_tracker - INFO - No songs uploaded.
2025-07-15 14:58:06,559 - music_tracker - INFO - Zero songs listened to
2025-07-15 14:58:06,560 - music_tracker - INFO - No songs uploaded.
2025-07-15 15:58:09,067 - music_tracker - INFO - Uploading 6 songs
2025-07-15 16:58:11,356 - music_tracker - INFO -   Supabase error: Status 400, {"code":"22007","details":null,"hint":null,"message":"invalid input syntax for type date: \"2005\""}
2025-07-15 16:58:11,358 - music_tracker - INFO - No songs uploaded.
2025-07-15 17:58:11,560 - music_tracker - INFO - Uploading 18 songs
2025-07-15 18:58:10,702 - music_tracker - INFO - Uploading 14 songs
2025-07-15 19:58:10,829 - music_tracker - INFO -   Supabase error: Status 400, {"code":"22007","details":null,"hint":null,"message":"invalid input syntax for type date: \"2005\""}
2025-07-15 19:58:10,831 - music_tracker - INFO - No songs uploaded.
2025-07-15 20:58:08,135 - music_tracker - INFO - Uploading 5 songs
2025-07-15 21:58:08,071 - music_tracker - INFO - Uploading 4 songs
2025-07-15 22:58:08,123 - music_tracker - INFO - Uploading 3 songs
2025-07-15 23:58:06,881 - music_tracker - INFO - Zero songs listened to
2025-07-15 23:58:06,881 - music_tracker - INFO - No songs uploaded.
