2025-11-18 00:58:03,757 - music_tracker - INFO - SpotiSpy song collection starting...
2025-11-18 00:58:03,757 - music_tracker - INFO - Starting song collection (last 1 hours)
2025-11-18 00:58:03,758 - music_tracker - INFO - Fetching recent tracks from Spotify...
2025-11-18 00:58:04,130 - music_tracker - INFO - No recent songs found from Spotify
2025-11-18 00:58:04,132 - music_tracker - INFO - No new songs found from Spotify API
2025-11-18 00:58:04,133 - music_tracker - INFO - Song collection completed successfully
2025-11-18 01:58:03,031 - music_tracker - INFO - SpotiSpy song collection starting...
2025-11-18 01:58:03,032 - music_tracker - INFO - Starting song collection (last 1 hours)
2025-11-18 01:58:03,033 - music_tracker - INFO - Fetching recent tracks from Spotify...
2025-11-18 01:58:03,379 - music_tracker - INFO - No recent songs found from Spotify
2025-11-18 01:58:03,381 - music_tracker - INFO - No new songs found from Spotify API
2025-11-18 01:58:03,382 - music_tracker - INFO - Song collection completed successfully
2025-11-18 02:58:03,370 - music_tracker - INFO - SpotiSpy song collection starting...
2025-11-18 02:58:03,370 - music_tracker - INFO - Starting song collection (last 1 hours)
2025-11-18 02:58:03,371 - music_tracker - INFO - Fetching recent tracks from Spotify...
2025-11-18 02:58:03,720 - music_tracker - INFO - No recent songs found from Spotify
2025-11-18 02:58:03,722 - music_tracker - INFO - No new songs found from Spotify API
2025-11-18 02:58:03,722 - music_tracker - INFO - Song collection completed successfully
2025-11-18 03:58:03,009 - music_tracker - INFO - SpotiSpy song collection starting...
2025-11-18 03:58:03,010 - music_tracker - INFO - Starting song collection (last 1 hours)
2025-11-18 03:58:03,010 - music_tracker - INFO - Fetching recent tracks from Spotify...
2025-11-18 03:58:03,377 - music_tracker - INFO - No recent songs found from Spotify
2025-11-18 03:58:03,379 - music_tracker - INFO - No new songs found from Spotify API
2025-11-18 03:58:03,379 - music_tracker - INFO - Song collection completed successfully
2025-11-18 04:58:03,463 - music_tracker - INFO - SpotiSpy song collection starting...
2025-11-18 04:58:03,463 - music_tracker - INFO - Starting song collection (last 1 hours)
2025-11-18 04:58:03,464 - music_tracker - INFO - Fetching recent tracks from Spotify...
2025-11-18 04:58:03,817 - music_tracker - INFO - No recent songs found from Spotify
2025-11-18 04:58:03,820 - music_tracker - INFO - No new songs found from Spotify API
2025-11-18 04:58:03,820 - music_tracker - INFO - Song collection completed successfully
2025-11-18 05:58:02,789 - music_tracker - INFO - SpotiSpy song collection starting...
2025-11-18 05:58:02,790 - music_tracker - INFO - Starting song collection (last 1 hours)
2025-11-18 05:58:02,791 - music_tracker - INFO - Fetching recent tracks from Spotify...
2025-11-18 05:58:03,225 - music_tracker - INFO - No recent songs found from Spotify
2025-11-18 05:58:03,227 - music_tracker - INFO - No new songs found from Spotify API
2025-11-18 05:58:03,227 - music_tracker - INFO - Song collection completed successfully
2025-11-18 06:58:03,201 - music_tracker - INFO - SpotiSpy song collection starting...
2025-11-18 06:58:03,201 - music_tracker - INFO - Starting song collection (last 1 hours)
2025-11-18 06:58:03,202 - music_tracker - INFO - Fetching recent tracks from Spotify...
2025-11-18 06:58:03,587 - music_tracker - INFO - No recent songs found from Spotify
2025-11-18 06:58:03,589 - music_tracker - INFO - No new songs found from Spotify API
2025-11-18 06:58:03,589 - music_tracker - INFO - Song collection completed successfully
2025-11-18 07:58:03,485 - music_tracker - INFO - SpotiSpy song collection starting...
2025-11-18 07:58:03,485 - music_tracker - INFO - Starting song collection (last 1 hours)
2025-11-18 07:58:03,486 - music_tracker - INFO - Fetching recent tracks from Spotify...
2025-11-18 07:58:03,948 - music_tracker - INFO - Fetched 4 songs from Spotify
2025-11-18 07:58:03,951 - music_tracker - INFO - Found 4 songs from Spotify API
2025-11-18 07:58:03,952 - music_tracker - INFO - Checking for duplicates in database...
2025-11-18 07:58:05,669 - music_tracker - INFO - Found 4 new songs out of 4 total
2025-11-18 07:58:05,671 - music_tracker - INFO - Found 4 new songs to save
2025-11-18 07:58:05,672 - music_tracker - INFO - Saving songs to database...
2025-11-18 07:58:06,075 - music_tracker - INFO - Successfully saved 4 songs to database
2025-11-18 07:58:06,077 - music_tracker - INFO - Successfully saved 4 songs to database
2025-11-18 07:58:06,078 - music_tracker - INFO - Song collection completed successfully
2025-11-18 08:58:04,380 - music_tracker - INFO - SpotiSpy song collection starting...
2025-11-18 08:58:04,381 - music_tracker - INFO - Starting song collection (last 1 hours)
2025-11-18 08:58:04,382 - music_tracker - INFO - Fetching recent tracks from Spotify...
2025-11-18 08:58:04,883 - music_tracker - INFO - Fetched 9 songs from Spotify
2025-11-18 08:58:04,887 - music_tracker - INFO - Found 9 songs from Spotify API
2025-11-18 08:58:04,888 - music_tracker - INFO - Checking for duplicates in database...
2025-11-18 08:58:06,338 - music_tracker - INFO - Found 9 new songs out of 9 total
2025-11-18 08:58:06,340 - music_tracker - INFO - Found 9 new songs to save
2025-11-18 08:58:06,341 - music_tracker - INFO - Saving songs to database...
2025-11-18 08:58:06,650 - music_tracker - INFO - Successfully saved 9 songs to database
2025-11-18 08:58:06,653 - music_tracker - INFO - Successfully saved 9 songs to database
2025-11-18 08:58:06,655 - music_tracker - INFO - Song collection completed successfully
2025-11-18 09:00:13,219 - music_tracker - INFO - SpotiSpy starting...
2025-11-18 09:00:13,220 - music_tracker - INFO - Starting daily SpotiSpy analysis
2025-11-18 09:00:13,221 - music_tracker - INFO - Fetching yesterday's listening data...
2025-11-18 09:00:13,811 - music_tracker - INFO - Fetched 128 songs from database
2025-11-18 09:00:13,813 - music_tracker - INFO - Found 128 songs to analyze
2025-11-18 09:00:13,813 - music_tracker - INFO - Running analysis...
2025-11-18 09:00:13,823 - music_tracker - INFO - Sending daily summary to Slack...
2025-11-18 09:00:35,611 - music_tracker - INFO - Message sent successfully to Slack
2025-11-18 09:00:35,612 - music_tracker - INFO - Daily analysis completed successfully!
2025-11-18 09:00:35,613 - music_tracker - INFO - SpotiSpy completed successfully
2025-11-18 09:58:03,514 - music_tracker - INFO - SpotiSpy song collection starting...
2025-11-18 09:58:03,515 - music_tracker - INFO - Starting song collection (last 1 hours)
2025-11-18 09:58:03,516 - music_tracker - INFO - Fetching recent tracks from Spotify...
2025-11-18 09:58:03,894 - music_tracker - INFO - No recent songs found from Spotify
2025-11-18 09:58:03,896 - music_tracker - INFO - No new songs found from Spotify API
2025-11-18 09:58:03,897 - music_tracker - INFO - Song collection completed successfully
2025-11-18 10:58:02,777 - music_tracker - INFO - SpotiSpy song collection starting...
2025-11-18 10:58:02,778 - music_tracker - INFO - Starting song collection (last 1 hours)
2025-11-18 10:58:02,778 - music_tracker - INFO - Fetching recent tracks from Spotify...
2025-11-18 10:58:03,183 - music_tracker - INFO - No recent songs found from Spotify
2025-11-18 10:58:03,185 - music_tracker - INFO - No new songs found from Spotify API
2025-11-18 10:58:03,186 - music_tracker - INFO - Song collection completed successfully
2025-11-18 11:58:03,099 - music_tracker - INFO - SpotiSpy song collection starting...
2025-11-18 11:58:03,100 - music_tracker - INFO - Starting song collection (last 1 hours)
2025-11-18 11:58:03,101 - music_tracker - INFO - Fetching recent tracks from Spotify...
2025-11-18 11:58:03,606 - music_tracker - INFO - Fetched 12 songs from Spotify
2025-11-18 11:58:03,609 - music_tracker - INFO - Found 12 songs from Spotify API
2025-11-18 11:58:03,609 - music_tracker - INFO - Checking for duplicates in database...
2025-11-18 11:58:05,167 - music_tracker - INFO - Found 12 new songs out of 12 total
2025-11-18 11:58:05,169 - music_tracker - INFO - Found 12 new songs to save
2025-11-18 11:58:05,170 - music_tracker - INFO - Saving songs to database...
2025-11-18 11:58:05,499 - music_tracker - INFO - Successfully saved 12 songs to database
2025-11-18 11:58:05,501 - music_tracker - INFO - Successfully saved 12 songs to database
2025-11-18 11:58:05,502 - music_tracker - INFO - Song collection completed successfully
2025-11-18 12:58:03,425 - music_tracker - INFO - SpotiSpy song collection starting...
2025-11-18 12:58:03,426 - music_tracker - INFO - Starting song collection (last 1 hours)
2025-11-18 12:58:03,427 - music_tracker - INFO - Fetching recent tracks from Spotify...
2025-11-18 12:58:03,937 - music_tracker - INFO - Fetched 1 songs from Spotify
2025-11-18 12:58:03,939 - music_tracker - INFO - Found 1 songs from Spotify API
2025-11-18 12:58:03,940 - music_tracker - INFO - Checking for duplicates in database...
2025-11-18 12:58:05,187 - music_tracker - INFO - Found 1 new songs out of 1 total
2025-11-18 12:58:05,189 - music_tracker - INFO - Found 1 new songs to save
2025-11-18 12:58:05,190 - music_tracker - INFO - Saving songs to database...
2025-11-18 12:58:05,549 - music_tracker - INFO - Successfully saved 1 songs to database
2025-11-18 12:58:05,551 - music_tracker - INFO - Successfully saved 1 songs to database
2025-11-18 12:58:05,552 - music_tracker - INFO - Song collection completed successfully
2025-11-18 13:58:03,461 - music_tracker - INFO - SpotiSpy song collection starting...
2025-11-18 13:58:03,461 - music_tracker - INFO - Starting song collection (last 1 hours)
2025-11-18 13:58:03,462 - music_tracker - INFO - Fetching recent tracks from Spotify...
2025-11-18 13:58:08,981 - music_tracker - INFO - Fetched 4 songs from Spotify
2025-11-18 13:58:08,984 - music_tracker - INFO - Found 4 songs from Spotify API
2025-11-18 13:58:08,985 - music_tracker - INFO - Checking for duplicates in database...
2025-11-18 13:58:10,307 - music_tracker - INFO - Found 4 new songs out of 4 total
2025-11-18 13:58:10,309 - music_tracker - INFO - Found 4 new songs to save
2025-11-18 13:58:10,310 - music_tracker - INFO - Saving songs to database...
2025-11-18 13:58:10,683 - music_tracker - INFO - Successfully saved 4 songs to database
2025-11-18 13:58:10,685 - music_tracker - INFO - Successfully saved 4 songs to database
2025-11-18 13:58:10,685 - music_tracker - INFO - Song collection completed successfully
2025-11-18 14:58:02,652 - music_tracker - INFO - SpotiSpy song collection starting...
2025-11-18 14:58:02,652 - music_tracker - INFO - Starting song collection (last 1 hours)
2025-11-18 14:58:02,653 - music_tracker - INFO - Fetching recent tracks from Spotify...
2025-11-18 14:58:03,079 - music_tracker - INFO - Fetched 5 songs from Spotify
2025-11-18 14:58:03,082 - music_tracker - INFO - Found 5 songs from Spotify API
2025-11-18 14:58:03,083 - music_tracker - INFO - Checking for duplicates in database...
2025-11-18 14:58:04,459 - music_tracker - INFO - Found 4 new songs out of 5 total
2025-11-18 14:58:04,462 - music_tracker - INFO - Found 4 new songs to save
2025-11-18 14:58:04,462 - music_tracker - INFO - Saving songs to database...
2025-11-18 14:58:04,739 - music_tracker - INFO - Successfully saved 4 songs to database
2025-11-18 14:58:04,741 - music_tracker - INFO - Successfully saved 4 songs to database
2025-11-18 14:58:04,742 - music_tracker - INFO - Song collection completed successfully
2025-11-18 15:58:02,667 - music_tracker - INFO - SpotiSpy song collection starting...
2025-11-18 15:58:02,667 - music_tracker - INFO - Starting song collection (last 1 hours)
2025-11-18 15:58:02,668 - music_tracker - INFO - Fetching recent tracks from Spotify...
2025-11-18 15:58:03,383 - music_tracker - INFO - Fetched 11 songs from Spotify
2025-11-18 15:58:03,387 - music_tracker - INFO - Found 11 songs from Spotify API
2025-11-18 15:58:03,388 - music_tracker - INFO - Checking for duplicates in database...
2025-11-18 15:58:04,769 - music_tracker - INFO - Found 11 new songs out of 11 total
2025-11-18 15:58:04,771 - music_tracker - INFO - Found 11 new songs to save
2025-11-18 15:58:04,772 - music_tracker - INFO - Saving songs to database...
2025-11-18 15:58:05,113 - music_tracker - INFO - Successfully saved 11 songs to database
2025-11-18 15:58:05,115 - music_tracker - INFO - Successfully saved 11 songs to database
2025-11-18 15:58:05,115 - music_tracker - INFO - Song collection completed successfully
2025-11-18 16:58:03,019 - music_tracker - INFO - SpotiSpy song collection starting...
2025-11-18 16:58:03,019 - music_tracker - INFO - Starting song collection (last 1 hours)
2025-11-18 16:58:03,020 - music_tracker - INFO - Fetching recent tracks from Spotify...
2025-11-18 16:58:03,608 - music_tracker - INFO - Fetched 14 songs from Spotify
2025-11-18 16:58:03,611 - music_tracker - INFO - Found 14 songs from Spotify API
2025-11-18 16:58:03,611 - music_tracker - INFO - Checking for duplicates in database...
2025-11-18 16:58:05,045 - music_tracker - INFO - Found 14 new songs out of 14 total
2025-11-18 16:58:05,048 - music_tracker - INFO - Found 14 new songs to save
2025-11-18 16:58:05,049 - music_tracker - INFO - Saving songs to database...
2025-11-18 16:58:05,408 - music_tracker - INFO - Successfully saved 14 songs to database
2025-11-18 16:58:05,411 - music_tracker - INFO - Successfully saved 14 songs to database
2025-11-18 16:58:05,411 - music_tracker - INFO - Song collection completed successfully
2025-11-18 17:58:03,314 - music_tracker - INFO - SpotiSpy song collection starting...
2025-11-18 17:58:03,315 - music_tracker - INFO - Starting song collection (last 1 hours)
2025-11-18 17:58:03,315 - music_tracker - INFO - Fetching recent tracks from Spotify...
2025-11-18 17:58:03,873 - music_tracker - INFO - Fetched 5 songs from Spotify
2025-11-18 17:58:03,875 - music_tracker - INFO - Found 5 songs from Spotify API
2025-11-18 17:58:03,876 - music_tracker - INFO - Checking for duplicates in database...
2025-11-18 17:58:05,229 - music_tracker - INFO - Found 5 new songs out of 5 total
2025-11-18 17:58:05,232 - music_tracker - INFO - Found 5 new songs to save
2025-11-18 17:58:05,233 - music_tracker - INFO - Saving songs to database...
2025-11-18 17:58:05,505 - music_tracker - INFO - Successfully saved 5 songs to database
2025-11-18 17:58:05,507 - music_tracker - INFO - Successfully saved 5 songs to database
2025-11-18 17:58:05,507 - music_tracker - INFO - Song collection completed successfully
2025-11-18 18:58:03,427 - music_tracker - INFO - SpotiSpy song collection starting...
2025-11-18 18:58:03,428 - music_tracker - INFO - Starting song collection (last 1 hours)
2025-11-18 18:58:03,428 - music_tracker - INFO - Fetching recent tracks from Spotify...
2025-11-18 18:58:03,825 - music_tracker - INFO - No recent songs found from Spotify
2025-11-18 18:58:03,827 - music_tracker - INFO - No new songs found from Spotify API
2025-11-18 18:58:03,828 - music_tracker - INFO - Song collection completed successfully
2025-11-18 19:58:02,719 - music_tracker - INFO - SpotiSpy song collection starting...
2025-11-18 19:58:02,719 - music_tracker - INFO - Starting song collection (last 1 hours)
2025-11-18 19:58:02,720 - music_tracker - INFO - Fetching recent tracks from Spotify...
2025-11-18 19:58:03,155 - music_tracker - INFO - No recent songs found from Spotify
2025-11-18 19:58:03,157 - music_tracker - INFO - No new songs found from Spotify API
2025-11-18 19:58:03,158 - music_tracker - INFO - Song collection completed successfully
2025-11-18 20:58:03,052 - music_tracker - INFO - SpotiSpy song collection starting...
2025-11-18 20:58:03,053 - music_tracker - INFO - Starting song collection (last 1 hours)
2025-11-18 20:58:03,054 - music_tracker - INFO - Fetching recent tracks from Spotify...
2025-11-18 20:58:03,545 - music_tracker - INFO - No recent songs found from Spotify
2025-11-18 20:58:03,547 - music_tracker - INFO - No new songs found from Spotify API
2025-11-18 20:58:03,548 - music_tracker - INFO - Song collection completed successfully
2025-11-18 21:58:03,461 - music_tracker - INFO - SpotiSpy song collection starting...
2025-11-18 21:58:03,461 - music_tracker - INFO - Starting song collection (last 1 hours)
2025-11-18 21:58:03,462 - music_tracker - INFO - Fetching recent tracks from Spotify...
2025-11-18 21:58:03,856 - music_tracker - INFO - No recent songs found from Spotify
2025-11-18 21:58:03,858 - music_tracker - INFO - No new songs found from Spotify API
2025-11-18 21:58:03,859 - music_tracker - INFO - Song collection completed successfully
2025-11-18 22:58:02,754 - music_tracker - INFO - SpotiSpy song collection starting...
2025-11-18 22:58:02,755 - music_tracker - INFO - Starting song collection (last 1 hours)
2025-11-18 22:58:02,755 - music_tracker - INFO - Fetching recent tracks from Spotify...
2025-11-18 22:58:03,378 - music_tracker - INFO - Fetched 1 songs from Spotify
2025-11-18 22:58:03,380 - music_tracker - INFO - Found 1 songs from Spotify API
2025-11-18 22:58:03,380 - music_tracker - INFO - Checking for duplicates in database...
2025-11-18 22:58:04,959 - music_tracker - INFO - Found 1 new songs out of 1 total
2025-11-18 22:58:04,961 - music_tracker - INFO - Found 1 new songs to save
2025-11-18 22:58:04,962 - music_tracker - INFO - Saving songs to database...
2025-11-18 22:58:05,212 - music_tracker - INFO - Successfully saved 1 songs to database
2025-11-18 22:58:05,214 - music_tracker - INFO - Successfully saved 1 songs to database
2025-11-18 22:58:05,214 - music_tracker - INFO - Song collection completed successfully
2025-11-18 23:58:03,101 - music_tracker - INFO - SpotiSpy song collection starting...
2025-11-18 23:58:03,101 - music_tracker - INFO - Starting song collection (last 1 hours)
2025-11-18 23:58:03,102 - music_tracker - INFO - Fetching recent tracks from Spotify...
2025-11-18 23:58:03,419 - music_tracker - INFO - No recent songs found from Spotify
2025-11-18 23:58:03,421 - music_tracker - INFO - No new songs found from Spotify API
2025-11-18 23:58:03,422 - music_tracker - INFO - Song collection completed successfully
