2025-08-11 00:58:02,929 - music_tracker - INFO - SpotiSpy song collection starting...
2025-08-11 00:58:02,929 - music_tracker - INFO - Starting song collection (last 1 hours)
2025-08-11 00:58:02,930 - music_tracker - INFO - Fetching recent tracks from Spotify...
2025-08-11 00:58:03,279 - music_tracker - INFO - No recent songs found from Spotify
2025-08-11 00:58:03,281 - music_tracker - INFO - No new songs found from Spotify API
2025-08-11 00:58:03,281 - music_tracker - INFO - Song collection completed successfully
2025-08-11 01:58:03,353 - music_tracker - INFO - SpotiSpy song collection starting...
2025-08-11 01:58:03,354 - music_tracker - INFO - Starting song collection (last 1 hours)
2025-08-11 01:58:03,355 - music_tracker - INFO - Fetching recent tracks from Spotify...
2025-08-11 01:58:03,716 - music_tracker - INFO - No recent songs found from Spotify
2025-08-11 01:58:03,718 - music_tracker - INFO - No new songs found from Spotify API
2025-08-11 01:58:03,719 - music_tracker - INFO - Song collection completed successfully
2025-08-11 02:58:02,614 - music_tracker - INFO - SpotiSpy song collection starting...
2025-08-11 02:58:02,615 - music_tracker - INFO - Starting song collection (last 1 hours)
2025-08-11 02:58:02,615 - music_tracker - INFO - Fetching recent tracks from Spotify...
2025-08-11 02:58:03,012 - music_tracker - INFO - No recent songs found from Spotify
2025-08-11 02:58:03,014 - music_tracker - INFO - No new songs found from Spotify API
2025-08-11 02:58:03,015 - music_tracker - INFO - Song collection completed successfully
2025-08-11 03:58:03,495 - music_tracker - INFO - SpotiSpy song collection starting...
2025-08-11 03:58:03,495 - music_tracker - INFO - Starting song collection (last 1 hours)
2025-08-11 03:58:03,496 - music_tracker - INFO - Fetching recent tracks from Spotify...
2025-08-11 03:58:03,862 - music_tracker - INFO - No recent songs found from Spotify
2025-08-11 03:58:03,864 - music_tracker - INFO - No new songs found from Spotify API
2025-08-11 03:58:03,865 - music_tracker - INFO - Song collection completed successfully
2025-08-11 04:58:02,785 - music_tracker - INFO - SpotiSpy song collection starting...
2025-08-11 04:58:02,786 - music_tracker - INFO - Starting song collection (last 1 hours)
2025-08-11 04:58:02,787 - music_tracker - INFO - Fetching recent tracks from Spotify...
2025-08-11 04:58:03,147 - music_tracker - INFO - No recent songs found from Spotify
2025-08-11 04:58:03,149 - music_tracker - INFO - No new songs found from Spotify API
2025-08-11 04:58:03,150 - music_tracker - INFO - Song collection completed successfully
2025-08-11 05:58:03,459 - music_tracker - INFO - SpotiSpy song collection starting...
2025-08-11 05:58:03,460 - music_tracker - INFO - Starting song collection (last 1 hours)
2025-08-11 05:58:03,461 - music_tracker - INFO - Fetching recent tracks from Spotify...
2025-08-11 05:58:03,893 - music_tracker - INFO - No recent songs found from Spotify
2025-08-11 05:58:03,895 - music_tracker - INFO - No new songs found from Spotify API
2025-08-11 05:58:03,896 - music_tracker - INFO - Song collection completed successfully
2025-08-11 06:58:02,845 - music_tracker - INFO - SpotiSpy song collection starting...
2025-08-11 06:58:02,846 - music_tracker - INFO - Starting song collection (last 1 hours)
2025-08-11 06:58:02,847 - music_tracker - INFO - Fetching recent tracks from Spotify...
2025-08-11 06:58:03,214 - music_tracker - INFO - No recent songs found from Spotify
2025-08-11 06:58:03,216 - music_tracker - INFO - No new songs found from Spotify API
2025-08-11 06:58:03,217 - music_tracker - INFO - Song collection completed successfully
2025-08-11 07:58:03,154 - music_tracker - INFO - SpotiSpy song collection starting...
2025-08-11 07:58:03,154 - music_tracker - INFO - Starting song collection (last 1 hours)
2025-08-11 07:58:03,155 - music_tracker - INFO - Fetching recent tracks from Spotify...
2025-08-11 07:58:03,528 - music_tracker - INFO - No recent songs found from Spotify
2025-08-11 07:58:03,530 - music_tracker - INFO - No new songs found from Spotify API
2025-08-11 07:58:03,531 - music_tracker - INFO - Song collection completed successfully
2025-08-11 08:58:03,467 - music_tracker - INFO - SpotiSpy song collection starting...
2025-08-11 08:58:03,468 - music_tracker - INFO - Starting song collection (last 1 hours)
2025-08-11 08:58:03,468 - music_tracker - INFO - Fetching recent tracks from Spotify...
2025-08-11 08:58:03,834 - music_tracker - INFO - No recent songs found from Spotify
2025-08-11 08:58:03,836 - music_tracker - INFO - No new songs found from Spotify API
2025-08-11 08:58:03,837 - music_tracker - INFO - Song collection completed successfully
2025-08-11 09:00:12,224 - music_tracker - INFO - SpotiSpy starting...
2025-08-11 09:00:12,225 - music_tracker - INFO - Starting daily SpotiSpy analysis
2025-08-11 09:00:12,225 - music_tracker - INFO - Fetching yesterday's listening data...
2025-08-11 09:00:12,658 - music_tracker - INFO - Fetched 18 songs from database
2025-08-11 09:00:12,659 - music_tracker - INFO - Found 18 songs to analyze
2025-08-11 09:00:12,660 - music_tracker - INFO - Running analysis...
2025-08-11 09:00:12,662 - music_tracker - INFO - Sending daily summary to Slack...
2025-08-11 09:00:13,432 - music_tracker - INFO - Message sent successfully to Slack
2025-08-11 09:00:13,433 - music_tracker - INFO - Daily analysis completed successfully!
2025-08-11 09:00:13,433 - music_tracker - INFO - SpotiSpy completed successfully
2025-08-11 09:58:03,313 - music_tracker - INFO - SpotiSpy song collection starting...
2025-08-11 09:58:03,314 - music_tracker - INFO - Starting song collection (last 1 hours)
2025-08-11 09:58:03,314 - music_tracker - INFO - Fetching recent tracks from Spotify...
2025-08-11 09:58:03,698 - music_tracker - INFO - No recent songs found from Spotify
2025-08-11 09:58:03,700 - music_tracker - INFO - No new songs found from Spotify API
2025-08-11 09:58:03,701 - music_tracker - INFO - Song collection completed successfully
2025-08-11 10:58:03,600 - music_tracker - INFO - SpotiSpy song collection starting...
2025-08-11 10:58:03,600 - music_tracker - INFO - Starting song collection (last 1 hours)
2025-08-11 10:58:03,601 - music_tracker - INFO - Fetching recent tracks from Spotify...
2025-08-11 10:58:03,978 - music_tracker - INFO - No recent songs found from Spotify
2025-08-11 10:58:03,980 - music_tracker - INFO - No new songs found from Spotify API
2025-08-11 10:58:03,981 - music_tracker - INFO - Song collection completed successfully
2025-08-11 11:58:02,870 - music_tracker - INFO - SpotiSpy song collection starting...
2025-08-11 11:58:02,871 - music_tracker - INFO - Starting song collection (last 1 hours)
2025-08-11 11:58:02,872 - music_tracker - INFO - Fetching recent tracks from Spotify...
2025-08-11 11:58:03,309 - music_tracker - INFO - Fetched 4 songs from Spotify
2025-08-11 11:58:03,312 - music_tracker - INFO - Found 4 songs from Spotify API
2025-08-11 11:58:03,312 - music_tracker - INFO - Checking for duplicates in database...
2025-08-11 11:58:03,695 - music_tracker - ERROR - Error checking for duplicates: 400 Client Error: Bad Request for url: https://wpbsuyhjgwjugsqkriqe.supabase.co/rest/v1/songs?played_at=in.(%222025-08-11T16:57:20.945000+00:00%22,%222025-08-11T16:54:21.323000+00:00%22,%222025-08-11T16:52:54.378000+00:00%22,%222025-08-11T16:51:56.944000+00:00%22)&select=played_at
2025-08-11 11:58:03,697 - music_tracker - INFO - Found 4 new songs to save
2025-08-11 11:58:03,698 - music_tracker - INFO - Saving songs to database...
2025-08-11 11:58:04,003 - music_tracker - INFO - Successfully saved 4 songs to database
2025-08-11 11:58:04,005 - music_tracker - INFO - Successfully saved 4 songs to database
2025-08-11 11:58:04,006 - music_tracker - INFO - Song collection completed successfully
2025-08-11 12:58:02,928 - music_tracker - INFO - SpotiSpy song collection starting...
2025-08-11 12:58:02,928 - music_tracker - INFO - Starting song collection (last 1 hours)
2025-08-11 12:58:02,929 - music_tracker - INFO - Fetching recent tracks from Spotify...
2025-08-11 12:58:03,624 - music_tracker - INFO - Fetched 11 songs from Spotify
2025-08-11 12:58:03,628 - music_tracker - INFO - Found 11 songs from Spotify API
2025-08-11 12:58:03,628 - music_tracker - INFO - Checking for duplicates in database...
2025-08-11 12:58:04,085 - music_tracker - ERROR - Error checking for duplicates: 400 Client Error: Bad Request for url: https://wpbsuyhjgwjugsqkriqe.supabase.co/rest/v1/songs?played_at=in.(%222025-08-11T17:54:23.876000+00:00%22,%222025-08-11T17:51:10.888000+00:00%22,%222025-08-11T17:47:28.597000+00:00%22,%222025-08-11T17:43:38.114000+00:00%22,%222025-08-11T17:40:14.806000+00:00%22,%222025-08-11T17:36:02.506000+00:00%22,%222025-08-11T17:31:05.271000+00:00%22,%222025-08-11T17:27:33.713000+00:00%22,%222025-08-11T17:23:01.926000+00:00%22,%222025-08-11T17:18:29.506000+00:00%22,%222025-08-11T17:00:27.377000+00:00%22)&select=played_at
2025-08-11 12:58:04,087 - music_tracker - INFO - Found 11 new songs to save
2025-08-11 12:58:04,088 - music_tracker - INFO - Saving songs to database...
2025-08-11 12:58:04,389 - music_tracker - INFO - Successfully saved 11 songs to database
2025-08-11 12:58:04,391 - music_tracker - INFO - Successfully saved 11 songs to database
2025-08-11 12:58:04,392 - music_tracker - INFO - Song collection completed successfully
2025-08-11 13:58:03,318 - music_tracker - INFO - SpotiSpy song collection starting...
2025-08-11 13:58:03,319 - music_tracker - INFO - Starting song collection (last 1 hours)
2025-08-11 13:58:03,320 - music_tracker - INFO - Fetching recent tracks from Spotify...
2025-08-11 13:58:03,759 - music_tracker - INFO - Fetched 3 songs from Spotify
2025-08-11 13:58:03,762 - music_tracker - INFO - Found 3 songs from Spotify API
2025-08-11 13:58:03,762 - music_tracker - INFO - Checking for duplicates in database...
2025-08-11 13:58:04,103 - music_tracker - ERROR - Error checking for duplicates: 400 Client Error: Bad Request for url: https://wpbsuyhjgwjugsqkriqe.supabase.co/rest/v1/songs?played_at=in.(%222025-08-11T18:24:37.574000+00:00%22,%222025-08-11T18:04:48.256000+00:00%22,%222025-08-11T17:59:20.424000+00:00%22)&select=played_at
2025-08-11 13:58:04,105 - music_tracker - INFO - Found 3 new songs to save
2025-08-11 13:58:04,106 - music_tracker - INFO - Saving songs to database...
2025-08-11 13:58:04,410 - music_tracker - INFO - Successfully saved 3 songs to database
2025-08-11 13:58:04,412 - music_tracker - INFO - Successfully saved 3 songs to database
2025-08-11 13:58:04,413 - music_tracker - INFO - Song collection completed successfully
2025-08-11 14:58:03,388 - music_tracker - INFO - SpotiSpy song collection starting...
2025-08-11 14:58:03,388 - music_tracker - INFO - Starting song collection (last 1 hours)
2025-08-11 14:58:03,389 - music_tracker - INFO - Fetching recent tracks from Spotify...
2025-08-11 14:58:03,744 - music_tracker - INFO - No recent songs found from Spotify
2025-08-11 14:58:03,746 - music_tracker - INFO - No new songs found from Spotify API
2025-08-11 14:58:03,747 - music_tracker - INFO - Song collection completed successfully
2025-08-11 15:58:02,631 - music_tracker - INFO - SpotiSpy song collection starting...
2025-08-11 15:58:02,631 - music_tracker - INFO - Starting song collection (last 1 hours)
2025-08-11 15:58:02,632 - music_tracker - INFO - Fetching recent tracks from Spotify...
2025-08-11 15:58:03,072 - music_tracker - INFO - Fetched 7 songs from Spotify
2025-08-11 15:58:03,074 - music_tracker - INFO - Found 7 songs from Spotify API
2025-08-11 15:58:03,075 - music_tracker - INFO - Checking for duplicates in database...
2025-08-11 15:58:03,395 - music_tracker - ERROR - Error checking for duplicates: 400 Client Error: Bad Request for url: https://wpbsuyhjgwjugsqkriqe.supabase.co/rest/v1/songs?played_at=in.(%222025-08-11T20:56:38.566000+00:00%22,%222025-08-11T20:53:20.866000+00:00%22,%222025-08-11T20:49:37.023000+00:00%22,%222025-08-11T20:46:48.651000+00:00%22,%222025-08-11T20:43:16.035000+00:00%22,%222025-08-11T20:39:11.804000+00:00%22,%222025-08-11T20:36:30.069000+00:00%22)&select=played_at
2025-08-11 15:58:03,398 - music_tracker - INFO - Found 7 new songs to save
2025-08-11 15:58:03,399 - music_tracker - INFO - Saving songs to database...
2025-08-11 15:58:03,663 - music_tracker - INFO - Successfully saved 7 songs to database
2025-08-11 15:58:03,664 - music_tracker - INFO - Successfully saved 7 songs to database
2025-08-11 15:58:03,665 - music_tracker - INFO - Song collection completed successfully
2025-08-11 16:58:03,584 - music_tracker - INFO - SpotiSpy song collection starting...
2025-08-11 16:58:03,584 - music_tracker - INFO - Starting song collection (last 1 hours)
2025-08-11 16:58:03,585 - music_tracker - INFO - Fetching recent tracks from Spotify...
2025-08-11 16:58:04,086 - music_tracker - INFO - Fetched 10 songs from Spotify
2025-08-11 16:58:04,088 - music_tracker - INFO - Found 10 songs from Spotify API
2025-08-11 16:58:04,089 - music_tracker - INFO - Checking for duplicates in database...
2025-08-11 16:58:04,447 - music_tracker - ERROR - Error checking for duplicates: 400 Client Error: Bad Request for url: https://wpbsuyhjgwjugsqkriqe.supabase.co/rest/v1/songs?played_at=in.(%222025-08-11T21:54:44.238000+00:00%22,%222025-08-11T21:51:32.185000+00:00%22,%222025-08-11T21:48:45.868000+00:00%22,%222025-08-11T21:22:15.396000+00:00%22,%222025-08-11T21:18:39.244000+00:00%22,%222025-08-11T21:14:51.084000+00:00%22,%222025-08-11T21:11:03.226000+00:00%22,%222025-08-11T21:08:06.147000+00:00%22,%222025-08-11T21:04:38.687000+00:00%22,%222025-08-11T21:01:04.275000+00:00%22)&select=played_at
2025-08-11 16:58:04,450 - music_tracker - INFO - Found 10 new songs to save
2025-08-11 16:58:04,451 - music_tracker - INFO - Saving songs to database...
2025-08-11 16:58:04,742 - music_tracker - INFO - Successfully saved 10 songs to database
2025-08-11 16:58:04,744 - music_tracker - INFO - Successfully saved 10 songs to database
2025-08-11 16:58:04,745 - music_tracker - INFO - Song collection completed successfully
2025-08-11 17:58:02,659 - music_tracker - INFO - SpotiSpy song collection starting...
2025-08-11 17:58:02,659 - music_tracker - INFO - Starting song collection (last 1 hours)
2025-08-11 17:58:02,660 - music_tracker - INFO - Fetching recent tracks from Spotify...
2025-08-11 17:58:03,112 - music_tracker - INFO - Fetched 6 songs from Spotify
2025-08-11 17:58:03,115 - music_tracker - INFO - Found 6 songs from Spotify API
2025-08-11 17:58:03,116 - music_tracker - INFO - Checking for duplicates in database...
2025-08-11 17:58:03,432 - music_tracker - ERROR - Error checking for duplicates: 400 Client Error: Bad Request for url: https://wpbsuyhjgwjugsqkriqe.supabase.co/rest/v1/songs?played_at=in.(%222025-08-11T22:28:48.282000+00:00%22,%222025-08-11T22:09:42.963000+00:00%22,%222025-08-11T22:08:19.306000+00:00%22,%222025-08-11T22:05:30.536000+00:00%22,%222025-08-11T22:01:43.863000+00:00%22,%222025-08-11T21:58:17.950000+00:00%22)&select=played_at
2025-08-11 17:58:03,434 - music_tracker - INFO - Found 6 new songs to save
2025-08-11 17:58:03,435 - music_tracker - INFO - Saving songs to database...
2025-08-11 17:58:03,709 - music_tracker - INFO - Successfully saved 6 songs to database
2025-08-11 17:58:03,711 - music_tracker - INFO - Successfully saved 6 songs to database
2025-08-11 17:58:03,712 - music_tracker - INFO - Song collection completed successfully
2025-08-11 18:58:03,022 - music_tracker - INFO - SpotiSpy song collection starting...
2025-08-11 18:58:03,022 - music_tracker - INFO - Starting song collection (last 1 hours)
2025-08-11 18:58:03,023 - music_tracker - INFO - Fetching recent tracks from Spotify...
2025-08-11 18:58:03,478 - music_tracker - INFO - Fetched 5 songs from Spotify
2025-08-11 18:58:03,481 - music_tracker - INFO - Found 5 songs from Spotify API
2025-08-11 18:58:03,482 - music_tracker - INFO - Checking for duplicates in database...
2025-08-11 18:58:03,814 - music_tracker - ERROR - Error checking for duplicates: 400 Client Error: Bad Request for url: https://wpbsuyhjgwjugsqkriqe.supabase.co/rest/v1/songs?played_at=in.(%222025-08-11T23:23:15.993000+00:00%22,%222025-08-11T23:20:21.779000+00:00%22,%222025-08-11T23:17:44.053000+00:00%22,%222025-08-11T23:15:27.491000+00:00%22,%222025-08-11T23:00:07.837000+00:00%22)&select=played_at
2025-08-11 18:58:03,817 - music_tracker - INFO - Found 5 new songs to save
2025-08-11 18:58:03,818 - music_tracker - INFO - Saving songs to database...
2025-08-11 18:58:04,086 - music_tracker - INFO - Successfully saved 5 songs to database
2025-08-11 18:58:04,088 - music_tracker - INFO - Successfully saved 5 songs to database
2025-08-11 18:58:04,088 - music_tracker - INFO - Song collection completed successfully
2025-08-11 19:58:03,116 - music_tracker - INFO - SpotiSpy song collection starting...
2025-08-11 19:58:03,117 - music_tracker - INFO - Starting song collection (last 1 hours)
2025-08-11 19:58:03,117 - music_tracker - INFO - Fetching recent tracks from Spotify...
2025-08-11 19:58:03,533 - music_tracker - INFO - No recent songs found from Spotify
2025-08-11 19:58:03,536 - music_tracker - INFO - No new songs found from Spotify API
2025-08-11 19:58:03,536 - music_tracker - INFO - Song collection completed successfully
2025-08-11 20:58:03,435 - music_tracker - INFO - SpotiSpy song collection starting...
2025-08-11 20:58:03,435 - music_tracker - INFO - Starting song collection (last 1 hours)
2025-08-11 20:58:03,436 - music_tracker - INFO - Fetching recent tracks from Spotify...
2025-08-11 20:58:03,917 - music_tracker - INFO - Fetched 6 songs from Spotify
2025-08-11 20:58:03,920 - music_tracker - INFO - Found 6 songs from Spotify API
2025-08-11 20:58:03,920 - music_tracker - INFO - Checking for duplicates in database...
2025-08-11 20:58:04,253 - music_tracker - ERROR - Error checking for duplicates: 400 Client Error: Bad Request for url: https://wpbsuyhjgwjugsqkriqe.supabase.co/rest/v1/songs?played_at=in.(%222025-08-12T01:48:15.619000+00:00%22,%222025-08-12T01:32:18.498000+00:00%22,%222025-08-12T01:29:05.060000+00:00%22,%222025-08-12T01:25:36.052000+00:00%22,%222025-08-12T01:22:28.288000+00:00%22,%222025-08-12T01:19:21.158000+00:00%22)&select=played_at
2025-08-11 20:58:04,255 - music_tracker - INFO - Found 6 new songs to save
2025-08-11 20:58:04,256 - music_tracker - INFO - Saving songs to database...
2025-08-11 20:58:04,526 - music_tracker - INFO - Successfully saved 6 songs to database
2025-08-11 20:58:04,528 - music_tracker - INFO - Successfully saved 6 songs to database
2025-08-11 20:58:04,529 - music_tracker - INFO - Song collection completed successfully
2025-08-11 21:58:03,471 - music_tracker - INFO - SpotiSpy song collection starting...
2025-08-11 21:58:03,471 - music_tracker - INFO - Starting song collection (last 1 hours)
2025-08-11 21:58:03,472 - music_tracker - INFO - Fetching recent tracks from Spotify...
2025-08-11 21:58:03,898 - music_tracker - INFO - Fetched 1 songs from Spotify
2025-08-11 21:58:03,901 - music_tracker - INFO - Found 1 songs from Spotify API
2025-08-11 21:58:03,901 - music_tracker - INFO - Checking for duplicates in database...
2025-08-11 21:58:04,209 - music_tracker - ERROR - Error checking for duplicates: 400 Client Error: Bad Request for url: https://wpbsuyhjgwjugsqkriqe.supabase.co/rest/v1/songs?played_at=in.(%222025-08-12T02:05:38.595000+00:00%22)&select=played_at
2025-08-11 21:58:04,212 - music_tracker - INFO - Found 1 new songs to save
2025-08-11 21:58:04,212 - music_tracker - INFO - Saving songs to database...
2025-08-11 21:58:04,494 - music_tracker - INFO - Successfully saved 1 songs to database
2025-08-11 21:58:04,496 - music_tracker - INFO - Successfully saved 1 songs to database
2025-08-11 21:58:04,497 - music_tracker - INFO - Song collection completed successfully
2025-08-11 22:58:04,750 - music_tracker - INFO - SpotiSpy song collection starting...
2025-08-11 22:58:04,758 - music_tracker - INFO - Starting song collection (last 1 hours)
2025-08-11 22:58:04,759 - music_tracker - INFO - Fetching recent tracks from Spotify...
2025-08-11 22:58:05,159 - music_tracker - INFO - No recent songs found from Spotify
2025-08-11 22:58:05,161 - music_tracker - INFO - No new songs found from Spotify API
2025-08-11 22:58:05,162 - music_tracker - INFO - Song collection completed successfully
2025-08-11 23:58:03,107 - music_tracker - INFO - SpotiSpy song collection starting...
2025-08-11 23:58:03,107 - music_tracker - INFO - Starting song collection (last 1 hours)
2025-08-11 23:58:03,108 - music_tracker - INFO - Fetching recent tracks from Spotify...
2025-08-11 23:58:03,468 - music_tracker - INFO - No recent songs found from Spotify
2025-08-11 23:58:03,470 - music_tracker - INFO - No new songs found from Spotify API
2025-08-11 23:58:03,470 - music_tracker - INFO - Song collection completed successfully
