2025-10-14 00:58:02,664 - music_tracker - INFO - SpotiSpy song collection starting...
2025-10-14 00:58:02,664 - music_tracker - INFO - Starting song collection (last 1 hours)
2025-10-14 00:58:02,665 - music_tracker - INFO - Fetching recent tracks from Spotify...
2025-10-14 00:58:03,234 - music_tracker - INFO - Fetched 17 songs from Spotify
2025-10-14 00:58:03,237 - music_tracker - INFO - Found 17 songs from Spotify API
2025-10-14 00:58:03,238 - music_tracker - INFO - Checking for duplicates in database...
2025-10-14 00:58:04,635 - music_tracker - INFO - Found 17 new songs out of 17 total
2025-10-14 00:58:04,637 - music_tracker - INFO - Found 17 new songs to save
2025-10-14 00:58:04,638 - music_tracker - INFO - Saving songs to database...
2025-10-14 00:58:05,023 - music_tracker - INFO - Successfully saved 17 songs to database
2025-10-14 00:58:05,025 - music_tracker - INFO - Successfully saved 17 songs to database
2025-10-14 00:58:05,026 - music_tracker - INFO - Song collection completed successfully
2025-10-14 01:58:02,939 - music_tracker - INFO - SpotiSpy song collection starting...
2025-10-14 01:58:02,940 - music_tracker - INFO - Starting song collection (last 1 hours)
2025-10-14 01:58:02,941 - music_tracker - INFO - Fetching recent tracks from Spotify...
2025-10-14 01:58:03,383 - music_tracker - INFO - Fetched 7 songs from Spotify
2025-10-14 01:58:03,386 - music_tracker - INFO - Found 7 songs from Spotify API
2025-10-14 01:58:03,386 - music_tracker - INFO - Checking for duplicates in database...
2025-10-14 01:58:04,737 - music_tracker - INFO - Found 7 new songs out of 7 total
2025-10-14 01:58:04,739 - music_tracker - INFO - Found 7 new songs to save
2025-10-14 01:58:04,740 - music_tracker - INFO - Saving songs to database...
2025-10-14 01:58:05,088 - music_tracker - INFO - Successfully saved 7 songs to database
2025-10-14 01:58:05,090 - music_tracker - INFO - Successfully saved 7 songs to database
2025-10-14 01:58:05,091 - music_tracker - INFO - Song collection completed successfully
2025-10-14 02:58:03,018 - music_tracker - INFO - SpotiSpy song collection starting...
2025-10-14 02:58:03,018 - music_tracker - INFO - Starting song collection (last 1 hours)
2025-10-14 02:58:03,019 - music_tracker - INFO - Fetching recent tracks from Spotify...
2025-10-14 02:58:03,365 - music_tracker - INFO - No recent songs found from Spotify
2025-10-14 02:58:03,367 - music_tracker - INFO - No new songs found from Spotify API
2025-10-14 02:58:03,368 - music_tracker - INFO - Song collection completed successfully
2025-10-14 03:58:03,753 - music_tracker - INFO - SpotiSpy song collection starting...
2025-10-14 03:58:03,754 - music_tracker - INFO - Starting song collection (last 1 hours)
2025-10-14 03:58:03,755 - music_tracker - INFO - Fetching recent tracks from Spotify...
2025-10-14 03:58:04,155 - music_tracker - INFO - No recent songs found from Spotify
2025-10-14 03:58:04,157 - music_tracker - INFO - No new songs found from Spotify API
2025-10-14 03:58:04,158 - music_tracker - INFO - Song collection completed successfully
2025-10-14 04:58:03,424 - music_tracker - INFO - SpotiSpy song collection starting...
2025-10-14 04:58:03,424 - music_tracker - INFO - Starting song collection (last 1 hours)
2025-10-14 04:58:03,425 - music_tracker - INFO - Fetching recent tracks from Spotify...
2025-10-14 04:58:03,777 - music_tracker - INFO - No recent songs found from Spotify
2025-10-14 04:58:03,779 - music_tracker - INFO - No new songs found from Spotify API
2025-10-14 04:58:03,780 - music_tracker - INFO - Song collection completed successfully
2025-10-14 05:58:02,657 - music_tracker - INFO - SpotiSpy song collection starting...
2025-10-14 05:58:02,658 - music_tracker - INFO - Starting song collection (last 1 hours)
2025-10-14 05:58:02,659 - music_tracker - INFO - Fetching recent tracks from Spotify...
2025-10-14 05:58:03,012 - music_tracker - INFO - No recent songs found from Spotify
2025-10-14 05:58:03,014 - music_tracker - INFO - No new songs found from Spotify API
2025-10-14 05:58:03,015 - music_tracker - INFO - Song collection completed successfully
2025-10-14 06:58:02,969 - music_tracker - INFO - SpotiSpy song collection starting...
2025-10-14 06:58:02,970 - music_tracker - INFO - Starting song collection (last 1 hours)
2025-10-14 06:58:02,971 - music_tracker - INFO - Fetching recent tracks from Spotify...
2025-10-14 06:58:03,323 - music_tracker - INFO - No recent songs found from Spotify
2025-10-14 06:58:03,325 - music_tracker - INFO - No new songs found from Spotify API
2025-10-14 06:58:03,326 - music_tracker - INFO - Song collection completed successfully
2025-10-14 07:58:03,227 - music_tracker - INFO - SpotiSpy song collection starting...
2025-10-14 07:58:03,228 - music_tracker - INFO - Starting song collection (last 1 hours)
2025-10-14 07:58:03,228 - music_tracker - INFO - Fetching recent tracks from Spotify...
2025-10-14 07:58:03,697 - music_tracker - INFO - No recent songs found from Spotify
2025-10-14 07:58:03,699 - music_tracker - INFO - No new songs found from Spotify API
2025-10-14 07:58:03,699 - music_tracker - INFO - Song collection completed successfully
2025-10-14 08:58:03,585 - music_tracker - INFO - SpotiSpy song collection starting...
2025-10-14 08:58:03,586 - music_tracker - INFO - Starting song collection (last 1 hours)
2025-10-14 08:58:03,587 - music_tracker - INFO - Fetching recent tracks from Spotify...
2025-10-14 08:58:03,944 - music_tracker - INFO - No recent songs found from Spotify
2025-10-14 08:58:03,946 - music_tracker - INFO - No new songs found from Spotify API
2025-10-14 08:58:03,946 - music_tracker - INFO - Song collection completed successfully
2025-10-14 09:00:13,139 - music_tracker - INFO - SpotiSpy starting...
2025-10-14 09:00:13,140 - music_tracker - INFO - Starting daily SpotiSpy analysis
2025-10-14 09:00:13,140 - music_tracker - INFO - Fetching yesterday's listening data...
2025-10-14 09:00:14,908 - music_tracker - INFO - Fetched 168 songs from database
2025-10-14 09:00:14,911 - music_tracker - INFO - Found 168 songs to analyze
2025-10-14 09:00:14,912 - music_tracker - INFO - Running analysis...
2025-10-14 09:00:14,932 - music_tracker - INFO - Sending daily summary to Slack...
2025-10-14 09:00:51,410 - music_tracker - INFO - Message sent successfully to Slack
2025-10-14 09:00:51,411 - music_tracker - INFO - Daily analysis completed successfully!
2025-10-14 09:00:51,412 - music_tracker - INFO - SpotiSpy completed successfully
2025-10-14 09:58:04,479 - music_tracker - INFO - SpotiSpy song collection starting...
2025-10-14 09:58:04,480 - music_tracker - INFO - Starting song collection (last 1 hours)
2025-10-14 09:58:04,481 - music_tracker - INFO - Fetching recent tracks from Spotify...
2025-10-14 09:58:04,927 - music_tracker - INFO - Fetched 3 songs from Spotify
2025-10-14 09:58:04,929 - music_tracker - INFO - Found 3 songs from Spotify API
2025-10-14 09:58:04,930 - music_tracker - INFO - Checking for duplicates in database...
2025-10-14 09:58:06,272 - music_tracker - INFO - Found 3 new songs out of 3 total
2025-10-14 09:58:06,274 - music_tracker - INFO - Found 3 new songs to save
2025-10-14 09:58:06,275 - music_tracker - INFO - Saving songs to database...
2025-10-14 09:58:06,575 - music_tracker - INFO - Successfully saved 3 songs to database
2025-10-14 09:58:06,577 - music_tracker - INFO - Successfully saved 3 songs to database
2025-10-14 09:58:06,578 - music_tracker - INFO - Song collection completed successfully
2025-10-14 10:58:03,532 - music_tracker - INFO - SpotiSpy song collection starting...
2025-10-14 10:58:03,533 - music_tracker - INFO - Starting song collection (last 1 hours)
2025-10-14 10:58:03,533 - music_tracker - INFO - Fetching recent tracks from Spotify...
2025-10-14 10:58:04,043 - music_tracker - INFO - Fetched 16 songs from Spotify
2025-10-14 10:58:04,046 - music_tracker - INFO - Found 16 songs from Spotify API
2025-10-14 10:58:04,046 - music_tracker - INFO - Checking for duplicates in database...
2025-10-14 10:58:05,471 - music_tracker - INFO - Found 16 new songs out of 16 total
2025-10-14 10:58:05,473 - music_tracker - INFO - Found 16 new songs to save
2025-10-14 10:58:05,474 - music_tracker - INFO - Saving songs to database...
2025-10-14 10:58:05,797 - music_tracker - INFO - Successfully saved 16 songs to database
2025-10-14 10:58:05,798 - music_tracker - INFO - Successfully saved 16 songs to database
2025-10-14 10:58:05,799 - music_tracker - INFO - Song collection completed successfully
2025-10-14 11:58:02,678 - music_tracker - INFO - SpotiSpy song collection starting...
2025-10-14 11:58:02,678 - music_tracker - INFO - Starting song collection (last 1 hours)
2025-10-14 11:58:02,679 - music_tracker - INFO - Fetching recent tracks from Spotify...
2025-10-14 11:58:03,200 - music_tracker - INFO - Fetched 14 songs from Spotify
2025-10-14 11:58:03,204 - music_tracker - INFO - Found 14 songs from Spotify API
2025-10-14 11:58:03,204 - music_tracker - INFO - Checking for duplicates in database...
2025-10-14 11:58:04,557 - music_tracker - INFO - Found 14 new songs out of 14 total
2025-10-14 11:58:04,559 - music_tracker - INFO - Found 14 new songs to save
2025-10-14 11:58:04,560 - music_tracker - INFO - Saving songs to database...
2025-10-14 11:58:04,946 - music_tracker - INFO - Successfully saved 14 songs to database
2025-10-14 11:58:04,948 - music_tracker - INFO - Successfully saved 14 songs to database
2025-10-14 11:58:04,949 - music_tracker - INFO - Song collection completed successfully
2025-10-14 12:58:02,884 - music_tracker - INFO - SpotiSpy song collection starting...
2025-10-14 12:58:02,884 - music_tracker - INFO - Starting song collection (last 1 hours)
2025-10-14 12:58:02,885 - music_tracker - INFO - Fetching recent tracks from Spotify...
2025-10-14 12:58:03,273 - music_tracker - INFO - No recent songs found from Spotify
2025-10-14 12:58:03,275 - music_tracker - INFO - No new songs found from Spotify API
2025-10-14 12:58:03,276 - music_tracker - INFO - Song collection completed successfully
2025-10-14 13:58:03,157 - music_tracker - INFO - SpotiSpy song collection starting...
2025-10-14 13:58:03,158 - music_tracker - INFO - Starting song collection (last 1 hours)
2025-10-14 13:58:03,158 - music_tracker - INFO - Fetching recent tracks from Spotify...
2025-10-14 13:58:03,673 - music_tracker - INFO - Fetched 12 songs from Spotify
2025-10-14 13:58:03,676 - music_tracker - INFO - Found 12 songs from Spotify API
2025-10-14 13:58:03,677 - music_tracker - INFO - Checking for duplicates in database...
2025-10-14 13:58:05,151 - music_tracker - INFO - Found 12 new songs out of 12 total
2025-10-14 13:58:05,153 - music_tracker - INFO - Found 12 new songs to save
2025-10-14 13:58:05,154 - music_tracker - INFO - Saving songs to database...
2025-10-14 13:58:05,480 - music_tracker - INFO - Successfully saved 12 songs to database
2025-10-14 13:58:05,482 - music_tracker - INFO - Successfully saved 12 songs to database
2025-10-14 13:58:05,483 - music_tracker - INFO - Song collection completed successfully
2025-10-14 14:58:03,405 - music_tracker - INFO - SpotiSpy song collection starting...
2025-10-14 14:58:03,406 - music_tracker - INFO - Starting song collection (last 1 hours)
2025-10-14 14:58:03,406 - music_tracker - INFO - Fetching recent tracks from Spotify...
2025-10-14 14:58:03,948 - music_tracker - INFO - Fetched 18 songs from Spotify
2025-10-14 14:58:03,952 - music_tracker - INFO - Found 18 songs from Spotify API
2025-10-14 14:58:03,952 - music_tracker - INFO - Checking for duplicates in database...
2025-10-14 14:58:06,434 - music_tracker - INFO - Found 18 new songs out of 18 total
2025-10-14 14:58:06,436 - music_tracker - INFO - Found 18 new songs to save
2025-10-14 14:58:06,437 - music_tracker - INFO - Saving songs to database...
2025-10-14 14:58:06,873 - music_tracker - INFO - Successfully saved 18 songs to database
2025-10-14 14:58:06,880 - music_tracker - INFO - Successfully saved 18 songs to database
2025-10-14 14:58:06,881 - music_tracker - INFO - Song collection completed successfully
2025-10-14 15:58:02,809 - music_tracker - INFO - SpotiSpy song collection starting...
2025-10-14 15:58:02,809 - music_tracker - INFO - Starting song collection (last 1 hours)
2025-10-14 15:58:02,810 - music_tracker - INFO - Fetching recent tracks from Spotify...
2025-10-14 15:58:03,331 - music_tracker - INFO - Fetched 8 songs from Spotify
2025-10-14 15:58:03,333 - music_tracker - INFO - Found 8 songs from Spotify API
2025-10-14 15:58:03,334 - music_tracker - INFO - Checking for duplicates in database...
2025-10-14 15:58:04,729 - music_tracker - INFO - Found 8 new songs out of 8 total
2025-10-14 15:58:04,731 - music_tracker - INFO - Found 8 new songs to save
2025-10-14 15:58:04,732 - music_tracker - INFO - Saving songs to database...
2025-10-14 15:58:05,040 - music_tracker - INFO - Successfully saved 8 songs to database
2025-10-14 15:58:05,042 - music_tracker - INFO - Successfully saved 8 songs to database
2025-10-14 15:58:05,043 - music_tracker - INFO - Song collection completed successfully
2025-10-14 16:58:02,945 - music_tracker - INFO - SpotiSpy song collection starting...
2025-10-14 16:58:02,946 - music_tracker - INFO - Starting song collection (last 1 hours)
2025-10-14 16:58:02,946 - music_tracker - INFO - Fetching recent tracks from Spotify...
2025-10-14 16:58:03,455 - music_tracker - INFO - Fetched 9 songs from Spotify
2025-10-14 16:58:03,457 - music_tracker - INFO - Found 9 songs from Spotify API
2025-10-14 16:58:03,458 - music_tracker - INFO - Checking for duplicates in database...
2025-10-14 16:58:04,757 - music_tracker - INFO - Found 9 new songs out of 9 total
2025-10-14 16:58:04,759 - music_tracker - INFO - Found 9 new songs to save
2025-10-14 16:58:04,760 - music_tracker - INFO - Saving songs to database...
2025-10-14 16:58:05,124 - music_tracker - INFO - Successfully saved 9 songs to database
2025-10-14 16:58:05,126 - music_tracker - INFO - Successfully saved 9 songs to database
2025-10-14 16:58:05,127 - music_tracker - INFO - Song collection completed successfully
2025-10-14 17:58:03,050 - music_tracker - INFO - SpotiSpy song collection starting...
2025-10-14 17:58:03,051 - music_tracker - INFO - Starting song collection (last 1 hours)
2025-10-14 17:58:03,052 - music_tracker - INFO - Fetching recent tracks from Spotify...
2025-10-14 17:58:03,546 - music_tracker - INFO - Fetched 11 songs from Spotify
2025-10-14 17:58:03,549 - music_tracker - INFO - Found 11 songs from Spotify API
2025-10-14 17:58:03,550 - music_tracker - INFO - Checking for duplicates in database...
2025-10-14 17:58:04,619 - music_tracker - INFO - Found 11 new songs out of 11 total
2025-10-14 17:58:04,622 - music_tracker - INFO - Found 11 new songs to save
2025-10-14 17:58:04,623 - music_tracker - INFO - Saving songs to database...
2025-10-14 17:58:05,026 - music_tracker - INFO - Successfully saved 11 songs to database
2025-10-14 17:58:05,028 - music_tracker - INFO - Successfully saved 11 songs to database
2025-10-14 17:58:05,029 - music_tracker - INFO - Song collection completed successfully
2025-10-14 18:58:02,942 - music_tracker - INFO - SpotiSpy song collection starting...
2025-10-14 18:58:02,943 - music_tracker - INFO - Starting song collection (last 1 hours)
2025-10-14 18:58:02,944 - music_tracker - INFO - Fetching recent tracks from Spotify...
2025-10-14 18:58:03,377 - music_tracker - INFO - No recent songs found from Spotify
2025-10-14 18:58:03,379 - music_tracker - INFO - No new songs found from Spotify API
2025-10-14 18:58:03,380 - music_tracker - INFO - Song collection completed successfully
2025-10-14 19:58:03,279 - music_tracker - INFO - SpotiSpy song collection starting...
2025-10-14 19:58:03,280 - music_tracker - INFO - Starting song collection (last 1 hours)
2025-10-14 19:58:03,281 - music_tracker - INFO - Fetching recent tracks from Spotify...
2025-10-14 19:58:03,774 - music_tracker - INFO - Fetched 13 songs from Spotify
2025-10-14 19:58:03,777 - music_tracker - INFO - Found 13 songs from Spotify API
2025-10-14 19:58:03,777 - music_tracker - INFO - Checking for duplicates in database...
2025-10-14 19:58:05,219 - music_tracker - INFO - Found 13 new songs out of 13 total
2025-10-14 19:58:05,221 - music_tracker - INFO - Found 13 new songs to save
2025-10-14 19:58:05,222 - music_tracker - INFO - Saving songs to database...
2025-10-14 19:58:05,574 - music_tracker - INFO - Successfully saved 13 songs to database
2025-10-14 19:58:05,576 - music_tracker - INFO - Successfully saved 13 songs to database
2025-10-14 19:58:05,577 - music_tracker - INFO - Song collection completed successfully
2025-10-14 20:58:03,868 - music_tracker - INFO - SpotiSpy song collection starting...
2025-10-14 20:58:03,869 - music_tracker - INFO - Starting song collection (last 1 hours)
2025-10-14 20:58:03,869 - music_tracker - INFO - Fetching recent tracks from Spotify...
2025-10-14 20:58:04,427 - music_tracker - INFO - Fetched 15 songs from Spotify
2025-10-14 20:58:04,430 - music_tracker - INFO - Found 15 songs from Spotify API
2025-10-14 20:58:04,430 - music_tracker - INFO - Checking for duplicates in database...
2025-10-14 20:58:05,757 - music_tracker - INFO - Found 15 new songs out of 15 total
2025-10-14 20:58:05,759 - music_tracker - INFO - Found 15 new songs to save
2025-10-14 20:58:05,760 - music_tracker - INFO - Saving songs to database...
2025-10-14 20:58:06,141 - music_tracker - INFO - Successfully saved 15 songs to database
2025-10-14 20:58:06,143 - music_tracker - INFO - Successfully saved 15 songs to database
2025-10-14 20:58:06,144 - music_tracker - INFO - Song collection completed successfully
2025-10-14 21:58:03,776 - music_tracker - INFO - SpotiSpy song collection starting...
2025-10-14 21:58:03,777 - music_tracker - INFO - Starting song collection (last 1 hours)
2025-10-14 21:58:03,778 - music_tracker - INFO - Fetching recent tracks from Spotify...
2025-10-14 21:58:04,393 - music_tracker - INFO - Fetched 13 songs from Spotify
2025-10-14 21:58:04,396 - music_tracker - INFO - Found 13 songs from Spotify API
2025-10-14 21:58:04,397 - music_tracker - INFO - Checking for duplicates in database...
2025-10-14 21:58:05,707 - music_tracker - INFO - Found 13 new songs out of 13 total
2025-10-14 21:58:05,709 - music_tracker - INFO - Found 13 new songs to save
2025-10-14 21:58:05,710 - music_tracker - INFO - Saving songs to database...
2025-10-14 21:58:06,117 - music_tracker - INFO - Successfully saved 13 songs to database
2025-10-14 21:58:06,119 - music_tracker - INFO - Successfully saved 13 songs to database
2025-10-14 21:58:06,120 - music_tracker - INFO - Song collection completed successfully
2025-10-14 22:58:03,122 - music_tracker - INFO - SpotiSpy song collection starting...
2025-10-14 22:58:03,123 - music_tracker - INFO - Starting song collection (last 1 hours)
2025-10-14 22:58:03,123 - music_tracker - INFO - Fetching recent tracks from Spotify...
2025-10-14 22:58:03,503 - music_tracker - INFO - No recent songs found from Spotify
2025-10-14 22:58:03,505 - music_tracker - INFO - No new songs found from Spotify API
2025-10-14 22:58:03,506 - music_tracker - INFO - Song collection completed successfully
2025-10-14 23:58:03,394 - music_tracker - INFO - SpotiSpy song collection starting...
2025-10-14 23:58:03,394 - music_tracker - INFO - Starting song collection (last 1 hours)
2025-10-14 23:58:03,395 - music_tracker - INFO - Fetching recent tracks from Spotify...
2025-10-14 23:58:03,740 - music_tracker - INFO - No recent songs found from Spotify
2025-10-14 23:58:03,742 - music_tracker - INFO - No new songs found from Spotify API
2025-10-14 23:58:03,743 - music_tracker - INFO - Song collection completed successfully
