2025-11-30 00:58:02,708 - music_tracker - INFO - SpotiSpy song collection starting...
2025-11-30 00:58:02,709 - music_tracker - INFO - Starting song collection (last 1 hours)
2025-11-30 00:58:02,710 - music_tracker - INFO - Fetching recent tracks from Spotify...
2025-11-30 00:58:03,086 - music_tracker - INFO - No recent songs found from Spotify
2025-11-30 00:58:03,088 - music_tracker - INFO - No new songs found from Spotify API
2025-11-30 00:58:03,089 - music_tracker - INFO - Song collection completed successfully
2025-11-30 01:58:03,007 - music_tracker - INFO - SpotiSpy song collection starting...
2025-11-30 01:58:03,008 - music_tracker - INFO - Starting song collection (last 1 hours)
2025-11-30 01:58:03,008 - music_tracker - INFO - Fetching recent tracks from Spotify...
2025-11-30 01:58:03,408 - music_tracker - INFO - No recent songs found from Spotify
2025-11-30 01:58:03,410 - music_tracker - INFO - No new songs found from Spotify API
2025-11-30 01:58:03,411 - music_tracker - INFO - Song collection completed successfully
2025-11-30 02:58:03,302 - music_tracker - INFO - SpotiSpy song collection starting...
2025-11-30 02:58:03,302 - music_tracker - INFO - Starting song collection (last 1 hours)
2025-11-30 02:58:03,303 - music_tracker - INFO - Fetching recent tracks from Spotify...
2025-11-30 02:58:03,639 - music_tracker - INFO - No recent songs found from Spotify
2025-11-30 02:58:03,641 - music_tracker - INFO - No new songs found from Spotify API
2025-11-30 02:58:03,642 - music_tracker - INFO - Song collection completed successfully
2025-11-30 03:58:03,581 - music_tracker - INFO - SpotiSpy song collection starting...
2025-11-30 03:58:03,582 - music_tracker - INFO - Starting song collection (last 1 hours)
2025-11-30 03:58:03,582 - music_tracker - INFO - Fetching recent tracks from Spotify...
2025-11-30 03:58:03,927 - music_tracker - INFO - No recent songs found from Spotify
2025-11-30 03:58:03,929 - music_tracker - INFO - No new songs found from Spotify API
2025-11-30 03:58:03,929 - music_tracker - INFO - Song collection completed successfully
2025-11-30 04:58:02,832 - music_tracker - INFO - SpotiSpy song collection starting...
2025-11-30 04:58:02,833 - music_tracker - INFO - Starting song collection (last 1 hours)
2025-11-30 04:58:02,833 - music_tracker - INFO - Fetching recent tracks from Spotify...
2025-11-30 04:58:03,194 - music_tracker - INFO - No recent songs found from Spotify
2025-11-30 04:58:03,196 - music_tracker - INFO - No new songs found from Spotify API
2025-11-30 04:58:03,197 - music_tracker - INFO - Song collection completed successfully
2025-11-30 05:58:03,224 - music_tracker - INFO - SpotiSpy song collection starting...
2025-11-30 05:58:03,225 - music_tracker - INFO - Starting song collection (last 1 hours)
2025-11-30 05:58:03,226 - music_tracker - INFO - Fetching recent tracks from Spotify...
2025-11-30 05:58:03,664 - music_tracker - INFO - No recent songs found from Spotify
2025-11-30 05:58:03,666 - music_tracker - INFO - No new songs found from Spotify API
2025-11-30 05:58:03,666 - music_tracker - INFO - Song collection completed successfully
2025-11-30 06:58:02,659 - music_tracker - INFO - SpotiSpy song collection starting...
2025-11-30 06:58:02,659 - music_tracker - INFO - Starting song collection (last 1 hours)
2025-11-30 06:58:02,660 - music_tracker - INFO - Fetching recent tracks from Spotify...
2025-11-30 06:58:03,067 - music_tracker - INFO - No recent songs found from Spotify
2025-11-30 06:58:03,069 - music_tracker - INFO - No new songs found from Spotify API
2025-11-30 06:58:03,069 - music_tracker - INFO - Song collection completed successfully
2025-11-30 07:58:02,971 - music_tracker - INFO - SpotiSpy song collection starting...
2025-11-30 07:58:02,971 - music_tracker - INFO - Starting song collection (last 1 hours)
2025-11-30 07:58:02,972 - music_tracker - INFO - Fetching recent tracks from Spotify...
2025-11-30 07:58:03,370 - music_tracker - INFO - No recent songs found from Spotify
2025-11-30 07:58:03,372 - music_tracker - INFO - No new songs found from Spotify API
2025-11-30 07:58:03,373 - music_tracker - INFO - Song collection completed successfully
2025-11-30 08:58:03,262 - music_tracker - INFO - SpotiSpy song collection starting...
2025-11-30 08:58:03,262 - music_tracker - INFO - Starting song collection (last 1 hours)
2025-11-30 08:58:03,263 - music_tracker - INFO - Fetching recent tracks from Spotify...
2025-11-30 08:58:03,615 - music_tracker - INFO - No recent songs found from Spotify
2025-11-30 08:58:03,617 - music_tracker - INFO - No new songs found from Spotify API
2025-11-30 08:58:03,617 - music_tracker - INFO - Song collection completed successfully
2025-11-30 09:00:16,072 - music_tracker - INFO - SpotiSpy starting...
2025-11-30 09:00:16,073 - music_tracker - INFO - Starting daily SpotiSpy analysis
2025-11-30 09:00:16,073 - music_tracker - INFO - Fetching yesterday's listening data...
2025-11-30 09:00:16,823 - music_tracker - INFO - Fetched 6 songs from database
2025-11-30 09:00:16,825 - music_tracker - INFO - Found 6 songs to analyze
2025-11-30 09:00:16,825 - music_tracker - INFO - Running analysis...
2025-11-30 09:00:16,827 - music_tracker - INFO - Sending daily summary to Slack...
2025-11-30 09:00:17,600 - music_tracker - INFO - Message sent successfully to Slack
2025-11-30 09:00:17,601 - music_tracker - INFO - Daily analysis completed successfully!
2025-11-30 09:00:17,601 - music_tracker - INFO - Running weekly summary...
2025-11-30 09:00:17,601 - music_tracker - INFO - Generating weekly summary...
2025-11-30 09:00:17,605 - music_tracker - INFO - Starting comprehensive weekly analysis
2025-11-30 09:00:17,854 - music_tracker - INFO - Fetched 1 songs for date 2025-11-30
2025-11-30 09:00:17,856 - music_tracker - INFO - Date 2025-11-30: 1 songs
2025-11-30 09:00:18,106 - music_tracker - INFO - Fetched 5 songs for date 2025-11-29
2025-11-30 09:00:18,108 - music_tracker - INFO - Date 2025-11-29: 5 songs
2025-11-30 09:00:18,452 - music_tracker - INFO - Fetched 0 songs for date 2025-11-28
2025-11-30 09:00:18,454 - music_tracker - INFO - Date 2025-11-28: 0 songs
2025-11-30 09:00:18,723 - music_tracker - INFO - Fetched 1 songs for date 2025-11-27
2025-11-30 09:00:18,725 - music_tracker - INFO - Date 2025-11-27: 1 songs
2025-11-30 09:00:18,997 - music_tracker - INFO - Fetched 57 songs for date 2025-11-26
2025-11-30 09:00:18,999 - music_tracker - INFO - Date 2025-11-26: 57 songs
2025-11-30 09:00:19,248 - music_tracker - INFO - Fetched 70 songs for date 2025-11-25
2025-11-30 09:00:19,251 - music_tracker - INFO - Date 2025-11-25: 70 songs
2025-11-30 09:00:19,506 - music_tracker - INFO - Fetched 59 songs for date 2025-11-24
2025-11-30 09:00:19,507 - music_tracker - INFO - Date 2025-11-24: 59 songs
2025-11-30 09:00:20,302 - music_tracker - INFO - Message sent successfully to Slack
2025-11-30 09:00:20,303 - music_tracker - INFO - SpotiSpy completed successfully
2025-11-30 09:58:03,322 - music_tracker - INFO - SpotiSpy song collection starting...
2025-11-30 09:58:03,324 - music_tracker - INFO - Starting song collection (last 1 hours)
2025-11-30 09:58:03,325 - music_tracker - INFO - Fetching recent tracks from Spotify...
2025-11-30 09:58:03,713 - music_tracker - INFO - No recent songs found from Spotify
2025-11-30 09:58:03,715 - music_tracker - INFO - No new songs found from Spotify API
2025-11-30 09:58:03,715 - music_tracker - INFO - Song collection completed successfully
2025-11-30 10:58:02,639 - music_tracker - INFO - SpotiSpy song collection starting...
2025-11-30 10:58:02,640 - music_tracker - INFO - Starting song collection (last 1 hours)
2025-11-30 10:58:02,640 - music_tracker - INFO - Fetching recent tracks from Spotify...
2025-11-30 10:58:03,014 - music_tracker - INFO - No recent songs found from Spotify
2025-11-30 10:58:03,016 - music_tracker - INFO - No new songs found from Spotify API
2025-11-30 10:58:03,017 - music_tracker - INFO - Song collection completed successfully
2025-11-30 11:58:04,157 - music_tracker - INFO - SpotiSpy song collection starting...
2025-11-30 11:58:04,158 - music_tracker - INFO - Starting song collection (last 1 hours)
2025-11-30 11:58:04,159 - music_tracker - INFO - Fetching recent tracks from Spotify...
2025-11-30 11:58:04,651 - music_tracker - INFO - No recent songs found from Spotify
2025-11-30 11:58:04,653 - music_tracker - INFO - No new songs found from Spotify API
2025-11-30 11:58:04,654 - music_tracker - INFO - Song collection completed successfully
2025-11-30 12:58:03,617 - music_tracker - INFO - SpotiSpy song collection starting...
2025-11-30 12:58:03,618 - music_tracker - INFO - Starting song collection (last 1 hours)
2025-11-30 12:58:03,619 - music_tracker - INFO - Fetching recent tracks from Spotify...
2025-11-30 12:58:03,959 - music_tracker - INFO - No recent songs found from Spotify
2025-11-30 12:58:03,962 - music_tracker - INFO - No new songs found from Spotify API
2025-11-30 12:58:03,962 - music_tracker - INFO - Song collection completed successfully
2025-11-30 13:58:02,875 - music_tracker - INFO - SpotiSpy song collection starting...
2025-11-30 13:58:02,875 - music_tracker - INFO - Starting song collection (last 1 hours)
2025-11-30 13:58:02,876 - music_tracker - INFO - Fetching recent tracks from Spotify...
2025-11-30 13:58:03,236 - music_tracker - INFO - No recent songs found from Spotify
2025-11-30 13:58:03,238 - music_tracker - INFO - No new songs found from Spotify API
2025-11-30 13:58:03,239 - music_tracker - INFO - Song collection completed successfully
2025-11-30 14:58:03,156 - music_tracker - INFO - SpotiSpy song collection starting...
2025-11-30 14:58:03,157 - music_tracker - INFO - Starting song collection (last 1 hours)
2025-11-30 14:58:03,158 - music_tracker - INFO - Fetching recent tracks from Spotify...
2025-11-30 14:58:03,698 - music_tracker - INFO - Fetched 1 songs from Spotify
2025-11-30 14:58:03,700 - music_tracker - INFO - Found 1 songs from Spotify API
2025-11-30 14:58:03,701 - music_tracker - INFO - Checking for duplicates in database...
2025-11-30 14:58:05,308 - music_tracker - INFO - Found 1 new songs out of 1 total
2025-11-30 14:58:05,310 - music_tracker - INFO - Found 1 new songs to save
2025-11-30 14:58:05,311 - music_tracker - INFO - Saving songs to database...
2025-11-30 14:58:05,697 - music_tracker - INFO - Successfully saved 1 songs to database
2025-11-30 14:58:05,699 - music_tracker - INFO - Successfully saved 1 songs to database
2025-11-30 14:58:05,700 - music_tracker - INFO - Song collection completed successfully
2025-11-30 15:58:02,620 - music_tracker - INFO - SpotiSpy song collection starting...
2025-11-30 15:58:02,620 - music_tracker - INFO - Starting song collection (last 1 hours)
2025-11-30 15:58:02,621 - music_tracker - INFO - Fetching recent tracks from Spotify...
2025-11-30 15:58:03,040 - music_tracker - INFO - Fetched 4 songs from Spotify
2025-11-30 15:58:03,043 - music_tracker - INFO - Found 4 songs from Spotify API
2025-11-30 15:58:03,043 - music_tracker - INFO - Checking for duplicates in database...
2025-11-30 15:58:04,358 - music_tracker - INFO - Found 4 new songs out of 4 total
2025-11-30 15:58:04,360 - music_tracker - INFO - Found 4 new songs to save
2025-11-30 15:58:04,361 - music_tracker - INFO - Saving songs to database...
2025-11-30 15:58:04,727 - music_tracker - INFO - Successfully saved 4 songs to database
2025-11-30 15:58:04,729 - music_tracker - INFO - Successfully saved 4 songs to database
2025-11-30 15:58:04,730 - music_tracker - INFO - Song collection completed successfully
2025-11-30 16:58:02,635 - music_tracker - INFO - SpotiSpy song collection starting...
2025-11-30 16:58:02,636 - music_tracker - INFO - Starting song collection (last 1 hours)
2025-11-30 16:58:02,637 - music_tracker - INFO - Fetching recent tracks from Spotify...
2025-11-30 16:58:03,034 - music_tracker - INFO - No recent songs found from Spotify
2025-11-30 16:58:03,036 - music_tracker - INFO - No new songs found from Spotify API
2025-11-30 16:58:03,036 - music_tracker - INFO - Song collection completed successfully
2025-11-30 17:58:02,946 - music_tracker - INFO - SpotiSpy song collection starting...
2025-11-30 17:58:02,946 - music_tracker - INFO - Starting song collection (last 1 hours)
2025-11-30 17:58:02,947 - music_tracker - INFO - Fetching recent tracks from Spotify...
2025-11-30 17:58:03,326 - music_tracker - INFO - No recent songs found from Spotify
2025-11-30 17:58:03,328 - music_tracker - INFO - No new songs found from Spotify API
2025-11-30 17:58:03,328 - music_tracker - INFO - Song collection completed successfully
2025-11-30 18:58:03,221 - music_tracker - INFO - SpotiSpy song collection starting...
2025-11-30 18:58:03,221 - music_tracker - INFO - Starting song collection (last 1 hours)
2025-11-30 18:58:03,222 - music_tracker - INFO - Fetching recent tracks from Spotify...
2025-11-30 18:58:03,687 - music_tracker - INFO - Fetched 7 songs from Spotify
2025-11-30 18:58:03,689 - music_tracker - INFO - Found 7 songs from Spotify API
2025-11-30 18:58:03,690 - music_tracker - INFO - Checking for duplicates in database...
2025-11-30 18:58:05,237 - music_tracker - INFO - Found 7 new songs out of 7 total
2025-11-30 18:58:05,239 - music_tracker - INFO - Found 7 new songs to save
2025-11-30 18:58:05,240 - music_tracker - INFO - Saving songs to database...
2025-11-30 18:58:05,527 - music_tracker - INFO - Successfully saved 7 songs to database
2025-11-30 18:58:05,529 - music_tracker - INFO - Successfully saved 7 songs to database
2025-11-30 18:58:05,530 - music_tracker - INFO - Song collection completed successfully
2025-11-30 19:58:03,447 - music_tracker - INFO - SpotiSpy song collection starting...
2025-11-30 19:58:03,448 - music_tracker - INFO - Starting song collection (last 1 hours)
2025-11-30 19:58:03,449 - music_tracker - INFO - Fetching recent tracks from Spotify...
2025-11-30 19:58:04,135 - music_tracker - INFO - Fetched 7 songs from Spotify
2025-11-30 19:58:04,138 - music_tracker - INFO - Found 7 songs from Spotify API
2025-11-30 19:58:04,139 - music_tracker - INFO - Checking for duplicates in database...
2025-11-30 19:58:05,527 - music_tracker - INFO - Found 7 new songs out of 7 total
2025-11-30 19:58:05,529 - music_tracker - INFO - Found 7 new songs to save
2025-11-30 19:58:05,530 - music_tracker - INFO - Saving songs to database...
2025-11-30 19:58:05,912 - music_tracker - INFO - Successfully saved 7 songs to database
2025-11-30 19:58:05,914 - music_tracker - INFO - Successfully saved 7 songs to database
2025-11-30 19:58:05,915 - music_tracker - INFO - Song collection completed successfully
2025-11-30 20:58:02,833 - music_tracker - INFO - SpotiSpy song collection starting...
2025-11-30 20:58:02,833 - music_tracker - INFO - Starting song collection (last 1 hours)
2025-11-30 20:58:02,834 - music_tracker - INFO - Fetching recent tracks from Spotify...
2025-11-30 20:58:03,377 - music_tracker - INFO - Fetched 3 songs from Spotify
2025-11-30 20:58:03,380 - music_tracker - INFO - Found 3 songs from Spotify API
2025-11-30 20:58:03,380 - music_tracker - INFO - Checking for duplicates in database...
2025-11-30 20:58:04,733 - music_tracker - INFO - Found 3 new songs out of 3 total
2025-11-30 20:58:04,735 - music_tracker - INFO - Found 3 new songs to save
2025-11-30 20:58:04,736 - music_tracker - INFO - Saving songs to database...
2025-11-30 20:58:05,081 - music_tracker - INFO - Successfully saved 3 songs to database
2025-11-30 20:58:05,083 - music_tracker - INFO - Successfully saved 3 songs to database
2025-11-30 20:58:05,084 - music_tracker - INFO - Song collection completed successfully
2025-11-30 21:58:02,997 - music_tracker - INFO - SpotiSpy song collection starting...
2025-11-30 21:58:02,998 - music_tracker - INFO - Starting song collection (last 1 hours)
2025-11-30 21:58:02,998 - music_tracker - INFO - Fetching recent tracks from Spotify...
2025-11-30 21:58:03,395 - music_tracker - INFO - No recent songs found from Spotify
2025-11-30 21:58:03,397 - music_tracker - INFO - No new songs found from Spotify API
2025-11-30 21:58:03,397 - music_tracker - INFO - Song collection completed successfully
2025-11-30 22:58:03,350 - music_tracker - INFO - SpotiSpy song collection starting...
2025-11-30 22:58:03,351 - music_tracker - INFO - Starting song collection (last 1 hours)
2025-11-30 22:58:03,351 - music_tracker - INFO - Fetching recent tracks from Spotify...
2025-11-30 22:58:03,827 - music_tracker - INFO - Fetched 1 songs from Spotify
2025-11-30 22:58:03,829 - music_tracker - INFO - Found 1 songs from Spotify API
2025-11-30 22:58:03,830 - music_tracker - INFO - Checking for duplicates in database...
2025-11-30 22:58:05,315 - music_tracker - INFO - Found 1 new songs out of 1 total
2025-11-30 22:58:05,317 - music_tracker - INFO - Found 1 new songs to save
2025-11-30 22:58:05,318 - music_tracker - INFO - Saving songs to database...
2025-11-30 22:58:05,616 - music_tracker - INFO - Successfully saved 1 songs to database
2025-11-30 22:58:05,618 - music_tracker - INFO - Successfully saved 1 songs to database
2025-11-30 22:58:05,618 - music_tracker - INFO - Song collection completed successfully
2025-11-30 23:58:03,527 - music_tracker - INFO - SpotiSpy song collection starting...
2025-11-30 23:58:03,528 - music_tracker - INFO - Starting song collection (last 1 hours)
2025-11-30 23:58:03,529 - music_tracker - INFO - Fetching recent tracks from Spotify...
2025-11-30 23:58:03,918 - music_tracker - INFO - No recent songs found from Spotify
2025-11-30 23:58:03,920 - music_tracker - INFO - No new songs found from Spotify API
2025-11-30 23:58:03,921 - music_tracker - INFO - Song collection completed successfully
