2025-08-14 00:58:03,181 - music_tracker - INFO - SpotiSpy song collection starting...
2025-08-14 00:58:03,182 - music_tracker - INFO - Starting song collection (last 1 hours)
2025-08-14 00:58:03,182 - music_tracker - INFO - Fetching recent tracks from Spotify...
2025-08-14 00:58:03,593 - music_tracker - INFO - No recent songs found from Spotify
2025-08-14 00:58:03,595 - music_tracker - INFO - No new songs found from Spotify API
2025-08-14 00:58:03,595 - music_tracker - INFO - Song collection completed successfully
2025-08-14 01:58:03,541 - music_tracker - INFO - SpotiSpy song collection starting...
2025-08-14 01:58:03,541 - music_tracker - INFO - Starting song collection (last 1 hours)
2025-08-14 01:58:03,542 - music_tracker - INFO - Fetching recent tracks from Spotify...
2025-08-14 01:58:03,955 - music_tracker - INFO - No recent songs found from Spotify
2025-08-14 01:58:03,957 - music_tracker - INFO - No new songs found from Spotify API
2025-08-14 01:58:03,958 - music_tracker - INFO - Song collection completed successfully
2025-08-14 02:58:03,005 - music_tracker - INFO - SpotiSpy song collection starting...
2025-08-14 02:58:03,005 - music_tracker - INFO - Starting song collection (last 1 hours)
2025-08-14 02:58:03,006 - music_tracker - INFO - Fetching recent tracks from Spotify...
2025-08-14 02:58:03,360 - music_tracker - INFO - No recent songs found from Spotify
2025-08-14 02:58:03,362 - music_tracker - INFO - No new songs found from Spotify API
2025-08-14 02:58:03,363 - music_tracker - INFO - Song collection completed successfully
2025-08-14 03:58:03,295 - music_tracker - INFO - SpotiSpy song collection starting...
2025-08-14 03:58:03,295 - music_tracker - INFO - Starting song collection (last 1 hours)
2025-08-14 03:58:03,296 - music_tracker - INFO - Fetching recent tracks from Spotify...
2025-08-14 03:58:03,648 - music_tracker - INFO - No recent songs found from Spotify
2025-08-14 03:58:03,650 - music_tracker - INFO - No new songs found from Spotify API
2025-08-14 03:58:03,650 - music_tracker - INFO - Song collection completed successfully
2025-08-14 04:58:03,545 - music_tracker - INFO - SpotiSpy song collection starting...
2025-08-14 04:58:03,545 - music_tracker - INFO - Starting song collection (last 1 hours)
2025-08-14 04:58:03,546 - music_tracker - INFO - Fetching recent tracks from Spotify...
2025-08-14 04:58:03,911 - music_tracker - INFO - No recent songs found from Spotify
2025-08-14 04:58:03,913 - music_tracker - INFO - No new songs found from Spotify API
2025-08-14 04:58:03,913 - music_tracker - INFO - Song collection completed successfully
2025-08-14 05:58:03,435 - music_tracker - INFO - SpotiSpy song collection starting...
2025-08-14 05:58:03,436 - music_tracker - INFO - Starting song collection (last 1 hours)
2025-08-14 05:58:03,437 - music_tracker - INFO - Fetching recent tracks from Spotify...
2025-08-14 05:58:03,807 - music_tracker - INFO - No recent songs found from Spotify
2025-08-14 05:58:03,809 - music_tracker - INFO - No new songs found from Spotify API
2025-08-14 05:58:03,810 - music_tracker - INFO - Song collection completed successfully
2025-08-14 06:58:02,761 - music_tracker - INFO - SpotiSpy song collection starting...
2025-08-14 06:58:02,762 - music_tracker - INFO - Starting song collection (last 1 hours)
2025-08-14 06:58:02,763 - music_tracker - INFO - Fetching recent tracks from Spotify...
2025-08-14 06:58:03,123 - music_tracker - INFO - No recent songs found from Spotify
2025-08-14 06:58:03,125 - music_tracker - INFO - No new songs found from Spotify API
2025-08-14 06:58:03,126 - music_tracker - INFO - Song collection completed successfully
2025-08-14 07:58:03,128 - music_tracker - INFO - SpotiSpy song collection starting...
2025-08-14 07:58:03,129 - music_tracker - INFO - Starting song collection (last 1 hours)
2025-08-14 07:58:03,129 - music_tracker - INFO - Fetching recent tracks from Spotify...
2025-08-14 07:58:03,513 - music_tracker - INFO - No recent songs found from Spotify
2025-08-14 07:58:03,515 - music_tracker - INFO - No new songs found from Spotify API
2025-08-14 07:58:03,516 - music_tracker - INFO - Song collection completed successfully
2025-08-14 08:58:03,898 - music_tracker - INFO - SpotiSpy song collection starting...
2025-08-14 08:58:03,899 - music_tracker - INFO - Starting song collection (last 1 hours)
2025-08-14 08:58:03,899 - music_tracker - INFO - Fetching recent tracks from Spotify...
2025-08-14 08:58:04,467 - music_tracker - INFO - No recent songs found from Spotify
2025-08-14 08:58:04,469 - music_tracker - INFO - No new songs found from Spotify API
2025-08-14 08:58:04,469 - music_tracker - INFO - Song collection completed successfully
2025-08-14 09:00:12,713 - music_tracker - INFO - SpotiSpy starting...
2025-08-14 09:00:12,714 - music_tracker - INFO - Starting daily SpotiSpy analysis
2025-08-14 09:00:12,714 - music_tracker - INFO - Fetching yesterday's listening data...
2025-08-14 09:00:13,330 - music_tracker - INFO - Fetched 2 songs from database
2025-08-14 09:00:13,332 - music_tracker - INFO - Found 2 songs to analyze
2025-08-14 09:00:13,333 - music_tracker - INFO - Running analysis...
2025-08-14 09:00:13,334 - music_tracker - INFO - Sending daily summary to Slack...
2025-08-14 09:00:14,911 - music_tracker - INFO - Message sent successfully to Slack
2025-08-14 09:00:14,911 - music_tracker - INFO - Daily analysis completed successfully!
2025-08-14 09:00:14,912 - music_tracker - INFO - SpotiSpy completed successfully
2025-08-14 09:58:02,815 - music_tracker - INFO - SpotiSpy song collection starting...
2025-08-14 09:58:02,816 - music_tracker - INFO - Starting song collection (last 1 hours)
2025-08-14 09:58:02,816 - music_tracker - INFO - Fetching recent tracks from Spotify...
2025-08-14 09:58:03,208 - music_tracker - INFO - No recent songs found from Spotify
2025-08-14 09:58:03,210 - music_tracker - INFO - No new songs found from Spotify API
2025-08-14 09:58:03,211 - music_tracker - INFO - Song collection completed successfully
2025-08-14 10:58:03,357 - music_tracker - INFO - SpotiSpy song collection starting...
2025-08-14 10:58:03,357 - music_tracker - INFO - Starting song collection (last 1 hours)
2025-08-14 10:58:03,358 - music_tracker - INFO - Fetching recent tracks from Spotify...
2025-08-14 10:58:03,759 - music_tracker - INFO - No recent songs found from Spotify
2025-08-14 10:58:03,761 - music_tracker - INFO - No new songs found from Spotify API
2025-08-14 10:58:03,762 - music_tracker - INFO - Song collection completed successfully
2025-08-14 11:58:02,653 - music_tracker - INFO - SpotiSpy song collection starting...
2025-08-14 11:58:02,654 - music_tracker - INFO - Starting song collection (last 1 hours)
2025-08-14 11:58:02,655 - music_tracker - INFO - Fetching recent tracks from Spotify...
2025-08-14 11:58:03,091 - music_tracker - INFO - Fetched 5 songs from Spotify
2025-08-14 11:58:03,093 - music_tracker - INFO - Found 5 songs from Spotify API
2025-08-14 11:58:03,094 - music_tracker - INFO - Checking for duplicates in database...
2025-08-14 11:58:03,498 - music_tracker - INFO - Found 5 new songs out of 5 total
2025-08-14 11:58:03,501 - music_tracker - INFO - Found 5 new songs to save
2025-08-14 11:58:03,502 - music_tracker - INFO - Saving songs to database...
2025-08-14 11:58:03,876 - music_tracker - ERROR - Error saving to database: 400 Client Error: Bad Request for url: https://wpbsuyhjgwjugsqkriqe.supabase.co/rest/v1/songs
2025-08-14 11:58:03,879 - music_tracker - ERROR - Failed to save songs to database
2025-08-14 11:58:03,879 - music_tracker - ERROR - Song collection completed with errors
2025-08-14 12:04:32,568 - music_tracker - INFO - SpotiSpy song collection starting...
2025-08-14 12:04:32,569 - music_tracker - INFO - Starting song collection (last 1 hours)
2025-08-14 12:04:32,570 - music_tracker - INFO - Fetching recent tracks from Spotify...
2025-08-14 12:04:32,812 - music_tracker - INFO - Fetched 6 songs from Spotify
2025-08-14 12:04:32,814 - music_tracker - INFO - Found 6 songs from Spotify API
2025-08-14 12:04:32,814 - music_tracker - INFO - Checking for duplicates in database...
2025-08-14 12:04:33,163 - music_tracker - INFO - Found 6 new songs out of 6 total
2025-08-14 12:04:33,164 - music_tracker - INFO - Found 6 new songs to save
2025-08-14 12:04:33,165 - music_tracker - INFO - Saving songs to database...
2025-08-14 12:04:33,376 - music_tracker - ERROR - Error saving to database: 400 Client Error: Bad Request for url: https://wpbsuyhjgwjugsqkriqe.supabase.co/rest/v1/songs
2025-08-14 12:04:33,378 - music_tracker - ERROR - Failed to save songs to database
2025-08-14 12:04:33,378 - music_tracker - ERROR - Song collection completed with errors
2025-08-14 12:58:02,879 - music_tracker - INFO - SpotiSpy song collection starting...
2025-08-14 12:58:02,880 - music_tracker - INFO - Starting song collection (last 1 hours)
2025-08-14 12:58:02,880 - music_tracker - INFO - Fetching recent tracks from Spotify...
2025-08-14 12:58:03,369 - music_tracker - INFO - Fetched 15 songs from Spotify
2025-08-14 12:58:03,372 - music_tracker - INFO - Found 15 songs from Spotify API
2025-08-14 12:58:03,373 - music_tracker - INFO - Checking for duplicates in database...
2025-08-14 12:58:03,767 - music_tracker - INFO - Found 11 new songs out of 15 total
2025-08-14 12:58:03,769 - music_tracker - INFO - Found 11 new songs to save
2025-08-14 12:58:03,770 - music_tracker - INFO - Saving songs to database...
2025-08-14 12:58:04,033 - music_tracker - ERROR - Error saving to database: 400 Client Error: Bad Request for url: https://wpbsuyhjgwjugsqkriqe.supabase.co/rest/v1/songs
2025-08-14 12:58:04,035 - music_tracker - ERROR - Failed to save songs to database
2025-08-14 12:58:04,035 - music_tracker - ERROR - Song collection completed with errors
2025-08-14 13:58:03,092 - music_tracker - INFO - SpotiSpy song collection starting...
2025-08-14 13:58:03,093 - music_tracker - INFO - Starting song collection (last 1 hours)
2025-08-14 13:58:03,094 - music_tracker - INFO - Fetching recent tracks from Spotify...
2025-08-14 13:58:03,584 - music_tracker - INFO - Fetched 15 songs from Spotify
2025-08-14 13:58:03,586 - music_tracker - INFO - Found 15 songs from Spotify API
2025-08-14 13:58:03,587 - music_tracker - INFO - Checking for duplicates in database...
2025-08-14 13:58:03,948 - music_tracker - INFO - Found 15 new songs out of 15 total
2025-08-14 13:58:03,949 - music_tracker - INFO - Found 15 new songs to save
2025-08-14 13:58:03,950 - music_tracker - INFO - Saving songs to database...
2025-08-14 13:58:04,221 - music_tracker - ERROR - Error saving to database: 400 Client Error: Bad Request for url: https://wpbsuyhjgwjugsqkriqe.supabase.co/rest/v1/songs
2025-08-14 13:58:04,223 - music_tracker - ERROR - Failed to save songs to database
2025-08-14 13:58:04,223 - music_tracker - ERROR - Song collection completed with errors
2025-08-14 14:40:31,246 - music_tracker - INFO - SpotiSpy song collection starting...
2025-08-14 14:40:31,251 - music_tracker - INFO - Starting song collection (last 1 hours)
2025-08-14 14:40:31,252 - music_tracker - INFO - Fetching recent tracks from Spotify...
2025-08-14 14:40:31,565 - music_tracker - INFO - Fetched 6 songs from Spotify
2025-08-14 14:40:31,567 - music_tracker - INFO - Found 6 songs from Spotify API
2025-08-14 14:40:31,568 - music_tracker - INFO - Checking for duplicates in database...
2025-08-14 14:40:31,916 - music_tracker - INFO - Found 6 new songs out of 6 total
2025-08-14 14:40:31,918 - music_tracker - INFO - Found 6 new songs to save
2025-08-14 14:40:31,919 - music_tracker - INFO - Saving songs to database...
2025-08-14 14:40:32,145 - music_tracker - ERROR - Error saving to database: 400 Client Error: Bad Request for url: https://wpbsuyhjgwjugsqkriqe.supabase.co/rest/v1/songs
2025-08-14 14:40:32,148 - music_tracker - ERROR - Failed to save songs to database
2025-08-14 14:40:32,149 - music_tracker - ERROR - Song collection completed with errors
2025-08-14 14:58:03,522 - music_tracker - INFO - SpotiSpy song collection starting...
2025-08-14 14:58:03,523 - music_tracker - INFO - Starting song collection (last 1 hours)
2025-08-14 14:58:03,523 - music_tracker - INFO - Fetching recent tracks from Spotify...
2025-08-14 14:58:04,005 - music_tracker - INFO - Fetched 5 songs from Spotify
2025-08-14 14:58:04,008 - music_tracker - INFO - Found 5 songs from Spotify API
2025-08-14 14:58:04,008 - music_tracker - INFO - Checking for duplicates in database...
2025-08-14 14:58:04,318 - music_tracker - INFO - Found 2 new songs out of 5 total
2025-08-14 14:58:04,321 - music_tracker - INFO - Found 2 new songs to save
2025-08-14 14:58:04,321 - music_tracker - INFO - Saving songs to database...
2025-08-14 14:58:09,553 - music_tracker - ERROR - Error saving to database: 400 Client Error: Bad Request for url: https://wpbsuyhjgwjugsqkriqe.supabase.co/rest/v1/songs
2025-08-14 14:58:09,555 - music_tracker - ERROR - Failed to save songs to database
2025-08-14 14:58:09,555 - music_tracker - ERROR - Song collection completed with errors
2025-08-14 15:31:03,951 - music_tracker - INFO - SpotiSpy song collection starting...
2025-08-14 15:31:03,965 - music_tracker - INFO - Starting song collection (last 1 hours)
2025-08-14 15:31:03,966 - music_tracker - INFO - Fetching recent tracks from Spotify...
2025-08-14 15:31:04,193 - music_tracker - INFO - Fetched 4 songs from Spotify
2025-08-14 15:31:04,195 - music_tracker - INFO - Found 4 songs from Spotify API
2025-08-14 15:31:04,196 - music_tracker - INFO - Checking for duplicates in database...
2025-08-14 15:31:04,533 - music_tracker - INFO - Found 0 new songs out of 4 total
2025-08-14 15:31:04,535 - music_tracker - INFO - All songs already exist in database
2025-08-14 15:31:04,535 - music_tracker - INFO - Song collection completed successfully
2025-08-14 15:31:52,833 - music_tracker - INFO - SpotiSpy starting...
2025-08-14 15:31:52,834 - music_tracker - INFO - Starting daily SpotiSpy analysis
2025-08-14 15:31:52,839 - music_tracker - INFO - Fetching yesterday's listening data...
2025-08-14 15:31:53,328 - music_tracker - INFO - Fetched 20 songs from database
2025-08-14 15:31:53,330 - music_tracker - INFO - Found 20 songs to analyze
2025-08-14 15:31:53,330 - music_tracker - INFO - Running analysis...
2025-08-14 15:31:53,333 - music_tracker - INFO - Sending daily summary to Slack...
2025-08-14 15:31:57,957 - music_tracker - INFO - Message sent successfully to Slack
2025-08-14 15:31:57,958 - music_tracker - INFO - Daily analysis completed successfully!
2025-08-14 15:31:57,959 - music_tracker - INFO - SpotiSpy completed successfully
2025-08-14 15:58:03,498 - music_tracker - INFO - SpotiSpy song collection starting...
2025-08-14 15:58:03,499 - music_tracker - INFO - Starting song collection (last 1 hours)
2025-08-14 15:58:03,499 - music_tracker - INFO - Fetching recent tracks from Spotify...
2025-08-14 15:58:03,875 - music_tracker - INFO - No recent songs found from Spotify
2025-08-14 15:58:03,877 - music_tracker - INFO - No new songs found from Spotify API
2025-08-14 15:58:03,877 - music_tracker - INFO - Song collection completed successfully
2025-08-14 16:58:02,725 - music_tracker - INFO - SpotiSpy song collection starting...
2025-08-14 16:58:02,725 - music_tracker - INFO - Starting song collection (last 1 hours)
2025-08-14 16:58:02,726 - music_tracker - INFO - Fetching recent tracks from Spotify...
2025-08-14 16:58:03,136 - music_tracker - INFO - Fetched 1 songs from Spotify
2025-08-14 16:58:03,138 - music_tracker - INFO - Found 1 songs from Spotify API
2025-08-14 16:58:03,139 - music_tracker - INFO - Checking for duplicates in database...
2025-08-14 16:58:03,437 - music_tracker - INFO - Found 1 new songs out of 1 total
2025-08-14 16:58:03,438 - music_tracker - INFO - Found 1 new songs to save
2025-08-14 16:58:03,439 - music_tracker - INFO - Saving songs to database...
2025-08-14 16:58:03,694 - music_tracker - INFO - Successfully saved 1 songs to database
2025-08-14 16:58:03,696 - music_tracker - INFO - Successfully saved 1 songs to database
2025-08-14 16:58:03,696 - music_tracker - INFO - Song collection completed successfully
2025-08-14 17:58:03,538 - music_tracker - INFO - SpotiSpy song collection starting...
2025-08-14 17:58:03,538 - music_tracker - INFO - Starting song collection (last 1 hours)
2025-08-14 17:58:03,539 - music_tracker - INFO - Fetching recent tracks from Spotify...
2025-08-14 17:58:03,949 - music_tracker - INFO - Fetched 3 songs from Spotify
2025-08-14 17:58:03,952 - music_tracker - INFO - Found 3 songs from Spotify API
2025-08-14 17:58:03,952 - music_tracker - INFO - Checking for duplicates in database...
2025-08-14 17:58:04,256 - music_tracker - INFO - Found 3 new songs out of 3 total
2025-08-14 17:58:04,258 - music_tracker - INFO - Found 3 new songs to save
2025-08-14 17:58:04,258 - music_tracker - INFO - Saving songs to database...
2025-08-14 17:58:04,452 - music_tracker - INFO - Successfully saved 3 songs to database
2025-08-14 17:58:04,454 - music_tracker - INFO - Successfully saved 3 songs to database
2025-08-14 17:58:04,454 - music_tracker - INFO - Song collection completed successfully
2025-08-14 18:58:03,335 - music_tracker - INFO - SpotiSpy song collection starting...
2025-08-14 18:58:03,336 - music_tracker - INFO - Starting song collection (last 1 hours)
2025-08-14 18:58:03,337 - music_tracker - INFO - Fetching recent tracks from Spotify...
2025-08-14 18:58:03,778 - music_tracker - INFO - Fetched 10 songs from Spotify
2025-08-14 18:58:03,781 - music_tracker - INFO - Found 10 songs from Spotify API
2025-08-14 18:58:03,781 - music_tracker - INFO - Checking for duplicates in database...
2025-08-14 18:58:04,159 - music_tracker - INFO - Found 10 new songs out of 10 total
2025-08-14 18:58:04,161 - music_tracker - INFO - Found 10 new songs to save
2025-08-14 18:58:04,162 - music_tracker - INFO - Saving songs to database...
2025-08-14 18:58:04,441 - music_tracker - INFO - Successfully saved 10 songs to database
2025-08-14 18:58:04,442 - music_tracker - INFO - Successfully saved 10 songs to database
2025-08-14 18:58:04,443 - music_tracker - INFO - Song collection completed successfully
2025-08-14 19:58:03,377 - music_tracker - INFO - SpotiSpy song collection starting...
2025-08-14 19:58:03,378 - music_tracker - INFO - Starting song collection (last 1 hours)
2025-08-14 19:58:03,379 - music_tracker - INFO - Fetching recent tracks from Spotify...
2025-08-14 19:58:03,871 - music_tracker - INFO - Fetched 8 songs from Spotify
2025-08-14 19:58:03,874 - music_tracker - INFO - Found 8 songs from Spotify API
2025-08-14 19:58:03,875 - music_tracker - INFO - Checking for duplicates in database...
2025-08-14 19:58:04,326 - music_tracker - INFO - Found 8 new songs out of 8 total
2025-08-14 19:58:04,328 - music_tracker - INFO - Found 8 new songs to save
2025-08-14 19:58:04,329 - music_tracker - INFO - Saving songs to database...
2025-08-14 19:58:04,613 - music_tracker - INFO - Successfully saved 8 songs to database
2025-08-14 19:58:04,615 - music_tracker - INFO - Successfully saved 8 songs to database
2025-08-14 19:58:04,615 - music_tracker - INFO - Song collection completed successfully
2025-08-14 20:58:03,513 - music_tracker - INFO - SpotiSpy song collection starting...
2025-08-14 20:58:03,513 - music_tracker - INFO - Starting song collection (last 1 hours)
2025-08-14 20:58:03,514 - music_tracker - INFO - Fetching recent tracks from Spotify...
2025-08-14 20:58:03,923 - music_tracker - INFO - Fetched 4 songs from Spotify
2025-08-14 20:58:03,925 - music_tracker - INFO - Found 4 songs from Spotify API
2025-08-14 20:58:03,926 - music_tracker - INFO - Checking for duplicates in database...
2025-08-14 20:58:04,245 - music_tracker - INFO - Found 4 new songs out of 4 total
2025-08-14 20:58:04,247 - music_tracker - INFO - Found 4 new songs to save
2025-08-14 20:58:04,248 - music_tracker - INFO - Saving songs to database...
2025-08-14 20:58:04,512 - music_tracker - INFO - Successfully saved 4 songs to database
2025-08-14 20:58:04,513 - music_tracker - INFO - Successfully saved 4 songs to database
2025-08-14 20:58:04,514 - music_tracker - INFO - Song collection completed successfully
2025-08-14 21:58:03,949 - music_tracker - INFO - SpotiSpy song collection starting...
2025-08-14 21:58:03,949 - music_tracker - INFO - Starting song collection (last 1 hours)
2025-08-14 21:58:03,950 - music_tracker - INFO - Fetching recent tracks from Spotify...
2025-08-14 21:58:04,448 - music_tracker - INFO - Fetched 1 songs from Spotify
2025-08-14 21:58:04,450 - music_tracker - INFO - Found 1 songs from Spotify API
2025-08-14 21:58:04,451 - music_tracker - INFO - Checking for duplicates in database...
2025-08-14 21:58:04,816 - music_tracker - INFO - Found 1 new songs out of 1 total
2025-08-14 21:58:04,817 - music_tracker - INFO - Found 1 new songs to save
2025-08-14 21:58:04,818 - music_tracker - INFO - Saving songs to database...
2025-08-14 21:58:05,048 - music_tracker - INFO - Successfully saved 1 songs to database
2025-08-14 21:58:05,049 - music_tracker - INFO - Successfully saved 1 songs to database
2025-08-14 21:58:05,050 - music_tracker - INFO - Song collection completed successfully
2025-08-14 22:58:02,963 - music_tracker - INFO - SpotiSpy song collection starting...
2025-08-14 22:58:02,964 - music_tracker - INFO - Starting song collection (last 1 hours)
2025-08-14 22:58:02,965 - music_tracker - INFO - Fetching recent tracks from Spotify...
2025-08-14 22:58:03,398 - music_tracker - INFO - No recent songs found from Spotify
2025-08-14 22:58:03,400 - music_tracker - INFO - No new songs found from Spotify API
2025-08-14 22:58:03,400 - music_tracker - INFO - Song collection completed successfully
2025-08-14 23:58:03,303 - music_tracker - INFO - SpotiSpy song collection starting...
2025-08-14 23:58:03,304 - music_tracker - INFO - Starting song collection (last 1 hours)
2025-08-14 23:58:03,305 - music_tracker - INFO - Fetching recent tracks from Spotify...
2025-08-14 23:58:03,648 - music_tracker - INFO - No recent songs found from Spotify
2025-08-14 23:58:03,650 - music_tracker - INFO - No new songs found from Spotify API
2025-08-14 23:58:03,650 - music_tracker - INFO - Song collection completed successfully
