2025-07-05 00:58:06,547 - music_tracker - INFO - Zero songs listened to
2025-07-05 00:58:06,548 - music_tracker - INFO - No songs uploaded.
2025-07-05 01:58:07,260 - music_tracker - INFO - Zero songs listened to
2025-07-05 01:58:07,261 - music_tracker - INFO - No songs uploaded.
2025-07-05 02:58:06,983 - music_tracker - INFO - Zero songs listened to
2025-07-05 02:58:06,983 - music_tracker - INFO - No songs uploaded.
2025-07-05 03:58:06,744 - music_tracker - INFO - Zero songs listened to
2025-07-05 03:58:06,745 - music_tracker - INFO - No songs uploaded.
2025-07-05 04:58:06,490 - music_tracker - INFO - Zero songs listened to
2025-07-05 04:58:06,491 - music_tracker - INFO - No songs uploaded.
2025-07-05 05:58:07,225 - music_tracker - INFO - Zero songs listened to
2025-07-05 05:58:07,226 - music_tracker - INFO - No songs uploaded.
2025-07-05 06:58:07,002 - music_tracker - INFO - Zero songs listened to
2025-07-05 06:58:07,003 - music_tracker - INFO - No songs uploaded.
2025-07-05 07:58:06,744 - music_tracker - INFO - Zero songs listened to
2025-07-05 07:58:06,744 - music_tracker - INFO - No songs uploaded.
2025-07-05 08:58:06,458 - music_tracker - INFO - Zero songs listened to
2025-07-05 08:58:06,458 - music_tracker - INFO - No songs uploaded.
2025-07-05 09:00:11,841 - music_tracker - INFO - Starting music tracker analysis
2025-07-05 09:00:11,842 - music_tracker - INFO - Fetching data
2025-07-05 09:00:12,506 - music_tracker - INFO - Fetched 75 recent songs
2025-07-05 09:00:12,512 - music_tracker - INFO - Running top listens analysis
2025-07-05 09:00:12,513 - music_tracker - INFO - Calculating top songs listens
2025-07-05 09:00:12,513 - music_tracker - INFO - Sending message with top 2 songs
2025-07-05 09:00:13,251 - music_tracker - INFO - Message successfully sent!
2025-07-05 09:00:13,251 - music_tracker - INFO - Calculating top albums listens
2025-07-05 09:00:13,252 - music_tracker - INFO - Sending message with top 3 albums
2025-07-05 09:00:13,996 - music_tracker - INFO - Message successfully sent!
2025-07-05 09:00:13,996 - music_tracker - INFO - Calculating top artists listens
2025-07-05 09:00:13,997 - music_tracker - INFO - Sending message with top 3 artists
2025-07-05 09:00:14,774 - music_tracker - INFO - Message successfully sent!
2025-07-05 09:00:14,775 - music_tracker - INFO - Running popularity and listening hours analysis
2025-07-05 09:00:14,775 - music_tracker - INFO - Finding most popular track
2025-07-05 09:00:14,776 - music_tracker - INFO - Most popular song found: Dreams - 2004 Remaster with score 92
2025-07-05 09:00:15,536 - music_tracker - INFO - Message successfully sent!
2025-07-05 09:00:15,537 - music_tracker - INFO - Calculating most listened hour
2025-07-05 09:00:15,537 - music_tracker - INFO - Most listened hour: 21:00 with 56:48
2025-07-05 09:00:16,240 - music_tracker - INFO - Message successfully sent!
2025-07-05 09:00:16,240 - music_tracker - INFO - Analysis completed successfully

2025-07-05 09:58:07,618 - music_tracker - INFO - Uploading 1 song
2025-07-05 10:58:07,336 - music_tracker - INFO - Zero songs listened to
2025-07-05 10:58:07,337 - music_tracker - INFO - No songs uploaded.
2025-07-05 11:58:07,134 - music_tracker - INFO - Zero songs listened to
2025-07-05 11:58:07,135 - music_tracker - INFO - No songs uploaded.
2025-07-05 12:58:06,872 - music_tracker - INFO - Zero songs listened to
2025-07-05 12:58:06,872 - music_tracker - INFO - No songs uploaded.
2025-07-05 13:58:06,572 - music_tracker - INFO - Zero songs listened to
2025-07-05 13:58:06,573 - music_tracker - INFO - No songs uploaded.
2025-07-05 14:58:07,317 - music_tracker - INFO - Zero songs listened to
2025-07-05 14:58:07,318 - music_tracker - INFO - No songs uploaded.
2025-07-05 15:58:07,050 - music_tracker - INFO - Zero songs listened to
2025-07-05 15:58:07,050 - music_tracker - INFO - No songs uploaded.
2025-07-05 16:58:06,805 - music_tracker - INFO - Zero songs listened to
2025-07-05 16:58:06,806 - music_tracker - INFO - No songs uploaded.
2025-07-05 17:58:06,518 - music_tracker - INFO - Zero songs listened to
2025-07-05 17:58:06,519 - music_tracker - INFO - No songs uploaded.
2025-07-05 18:58:07,230 - music_tracker - INFO - Zero songs listened to
2025-07-05 18:58:07,231 - music_tracker - INFO - No songs uploaded.
2025-07-05 19:58:06,965 - music_tracker - INFO - Zero songs listened to
2025-07-05 19:58:06,966 - music_tracker - INFO - No songs uploaded.
2025-07-05 20:58:06,683 - music_tracker - INFO - Zero songs listened to
2025-07-05 20:58:06,684 - music_tracker - INFO - No songs uploaded.
2025-07-05 21:58:07,978 - music_tracker - INFO - Uploading 1 song
2025-07-05 22:58:06,918 - music_tracker - INFO - Zero songs listened to
2025-07-05 22:58:06,920 - music_tracker - INFO - No songs uploaded.
2025-07-05 23:58:06,667 - music_tracker - INFO - Zero songs listened to
2025-07-05 23:58:06,668 - music_tracker - INFO - No songs uploaded.
