2026-01-16 00:58:02,634 - music_tracker - INFO - SpotiSpy song collection starting...
2026-01-16 00:58:02,634 - music_tracker - INFO - Starting song collection (last 1 hours)
2026-01-16 00:58:02,635 - music_tracker - INFO - Fetching recent tracks from Spotify...
2026-01-16 00:58:03,012 - music_tracker - INFO - No recent songs found from Spotify
2026-01-16 00:58:03,014 - music_tracker - INFO - No new songs found from Spotify API
2026-01-16 00:58:03,015 - music_tracker - INFO - Song collection completed successfully
2026-01-16 01:58:03,074 - music_tracker - INFO - SpotiSpy song collection starting...
2026-01-16 01:58:03,074 - music_tracker - INFO - Starting song collection (last 1 hours)
2026-01-16 01:58:03,075 - music_tracker - INFO - Fetching recent tracks from Spotify...
2026-01-16 01:58:03,440 - music_tracker - INFO - No recent songs found from Spotify
2026-01-16 01:58:03,442 - music_tracker - INFO - No new songs found from Spotify API
2026-01-16 01:58:03,443 - music_tracker - INFO - Song collection completed successfully
2026-01-16 02:58:03,999 - music_tracker - INFO - SpotiSpy song collection starting...
2026-01-16 02:58:03,999 - music_tracker - INFO - Starting song collection (last 1 hours)
2026-01-16 02:58:04,000 - music_tracker - INFO - Fetching recent tracks from Spotify...
2026-01-16 02:58:04,359 - music_tracker - INFO - No recent songs found from Spotify
2026-01-16 02:58:04,362 - music_tracker - INFO - No new songs found from Spotify API
2026-01-16 02:58:04,362 - music_tracker - INFO - Song collection completed successfully
2026-01-16 03:58:03,299 - music_tracker - INFO - SpotiSpy song collection starting...
2026-01-16 03:58:03,300 - music_tracker - INFO - Starting song collection (last 1 hours)
2026-01-16 03:58:03,301 - music_tracker - INFO - Fetching recent tracks from Spotify...
2026-01-16 03:58:03,724 - music_tracker - INFO - No recent songs found from Spotify
2026-01-16 03:58:03,726 - music_tracker - INFO - No new songs found from Spotify API
2026-01-16 03:58:03,727 - music_tracker - INFO - Song collection completed successfully
2026-01-16 04:58:02,622 - music_tracker - INFO - SpotiSpy song collection starting...
2026-01-16 04:58:02,623 - music_tracker - INFO - Starting song collection (last 1 hours)
2026-01-16 04:58:02,624 - music_tracker - INFO - Fetching recent tracks from Spotify...
2026-01-16 04:58:03,046 - music_tracker - INFO - No recent songs found from Spotify
2026-01-16 04:58:03,048 - music_tracker - INFO - No new songs found from Spotify API
2026-01-16 04:58:03,049 - music_tracker - INFO - Song collection completed successfully
2026-01-16 05:58:02,962 - music_tracker - INFO - SpotiSpy song collection starting...
2026-01-16 05:58:02,962 - music_tracker - INFO - Starting song collection (last 1 hours)
2026-01-16 05:58:02,963 - music_tracker - INFO - Fetching recent tracks from Spotify...
2026-01-16 05:58:03,315 - music_tracker - INFO - No recent songs found from Spotify
2026-01-16 05:58:03,317 - music_tracker - INFO - No new songs found from Spotify API
2026-01-16 05:58:03,318 - music_tracker - INFO - Song collection completed successfully
2026-01-16 06:58:03,279 - music_tracker - INFO - SpotiSpy song collection starting...
2026-01-16 06:58:03,281 - music_tracker - INFO - Starting song collection (last 1 hours)
2026-01-16 06:58:03,281 - music_tracker - INFO - Fetching recent tracks from Spotify...
2026-01-16 06:58:03,647 - music_tracker - INFO - No recent songs found from Spotify
2026-01-16 06:58:03,649 - music_tracker - INFO - No new songs found from Spotify API
2026-01-16 06:58:03,649 - music_tracker - INFO - Song collection completed successfully
2026-01-16 07:58:03,559 - music_tracker - INFO - SpotiSpy song collection starting...
2026-01-16 07:58:03,560 - music_tracker - INFO - Starting song collection (last 1 hours)
2026-01-16 07:58:03,561 - music_tracker - INFO - Fetching recent tracks from Spotify...
2026-01-16 07:58:03,952 - music_tracker - INFO - No recent songs found from Spotify
2026-01-16 07:58:03,954 - music_tracker - INFO - No new songs found from Spotify API
2026-01-16 07:58:03,954 - music_tracker - INFO - Song collection completed successfully
2026-01-16 08:58:02,849 - music_tracker - INFO - SpotiSpy song collection starting...
2026-01-16 08:58:02,849 - music_tracker - INFO - Starting song collection (last 1 hours)
2026-01-16 08:58:02,850 - music_tracker - INFO - Fetching recent tracks from Spotify...
2026-01-16 08:58:03,195 - music_tracker - INFO - No recent songs found from Spotify
2026-01-16 08:58:03,197 - music_tracker - INFO - No new songs found from Spotify API
2026-01-16 08:58:03,197 - music_tracker - INFO - Song collection completed successfully
2026-01-16 09:00:13,122 - music_tracker - INFO - SpotiSpy starting...
2026-01-16 09:00:13,124 - music_tracker - INFO - Starting daily SpotiSpy analysis
2026-01-16 09:00:13,124 - music_tracker - INFO - Fetching yesterday's listening data...
2026-01-16 09:00:14,822 - music_tracker - INFO - Fetched 28 songs from database
2026-01-16 09:00:14,825 - music_tracker - INFO - Found 28 songs to analyze
2026-01-16 09:00:14,826 - music_tracker - INFO - Running analysis...
2026-01-16 09:00:14,830 - music_tracker - INFO - Sending daily summary to Slack...
2026-01-16 09:00:15,559 - music_tracker - INFO - Message sent successfully to Slack
2026-01-16 09:00:15,559 - music_tracker - INFO - Daily analysis completed successfully!
2026-01-16 09:00:15,560 - music_tracker - INFO - SpotiSpy completed successfully
2026-01-16 09:58:03,430 - music_tracker - INFO - SpotiSpy song collection starting...
2026-01-16 09:58:03,431 - music_tracker - INFO - Starting song collection (last 1 hours)
2026-01-16 09:58:03,432 - music_tracker - INFO - Fetching recent tracks from Spotify...
2026-01-16 09:58:03,815 - music_tracker - INFO - No recent songs found from Spotify
2026-01-16 09:58:03,817 - music_tracker - INFO - No new songs found from Spotify API
2026-01-16 09:58:03,818 - music_tracker - INFO - Song collection completed successfully
2026-01-16 10:58:02,709 - music_tracker - INFO - SpotiSpy song collection starting...
2026-01-16 10:58:02,710 - music_tracker - INFO - Starting song collection (last 1 hours)
2026-01-16 10:58:02,711 - music_tracker - INFO - Fetching recent tracks from Spotify...
2026-01-16 10:58:03,266 - music_tracker - INFO - Fetched 11 songs from Spotify
2026-01-16 10:58:03,268 - music_tracker - INFO - Found 11 songs from Spotify API
2026-01-16 10:58:03,269 - music_tracker - INFO - Checking for duplicates in database...
2026-01-16 10:58:04,869 - music_tracker - INFO - Found 11 new songs out of 11 total
2026-01-16 10:58:04,871 - music_tracker - INFO - Found 11 new songs to save
2026-01-16 10:58:04,872 - music_tracker - INFO - Saving songs to database...
2026-01-16 10:58:05,279 - music_tracker - INFO - Successfully saved 11 songs to database
2026-01-16 10:58:05,281 - music_tracker - INFO - Successfully saved 11 songs to database
2026-01-16 10:58:05,282 - music_tracker - INFO - Song collection completed successfully
2026-01-16 11:58:03,198 - music_tracker - INFO - SpotiSpy song collection starting...
2026-01-16 11:58:03,198 - music_tracker - INFO - Starting song collection (last 1 hours)
2026-01-16 11:58:03,199 - music_tracker - INFO - Fetching recent tracks from Spotify...
2026-01-16 11:58:03,814 - music_tracker - INFO - Fetched 16 songs from Spotify
2026-01-16 11:58:03,817 - music_tracker - INFO - Found 16 songs from Spotify API
2026-01-16 11:58:03,818 - music_tracker - INFO - Checking for duplicates in database...
2026-01-16 11:58:05,478 - music_tracker - INFO - Found 16 new songs out of 16 total
2026-01-16 11:58:05,481 - music_tracker - INFO - Found 16 new songs to save
2026-01-16 11:58:05,482 - music_tracker - INFO - Saving songs to database...
2026-01-16 11:58:05,861 - music_tracker - INFO - Successfully saved 16 songs to database
2026-01-16 11:58:05,864 - music_tracker - INFO - Successfully saved 16 songs to database
2026-01-16 11:58:05,864 - music_tracker - INFO - Song collection completed successfully
2026-01-16 12:58:04,022 - music_tracker - INFO - SpotiSpy song collection starting...
2026-01-16 12:58:04,023 - music_tracker - INFO - Starting song collection (last 1 hours)
2026-01-16 12:58:04,024 - music_tracker - INFO - Fetching recent tracks from Spotify...
2026-01-16 12:58:04,700 - music_tracker - INFO - Fetched 6 songs from Spotify
2026-01-16 12:58:04,704 - music_tracker - INFO - Found 6 songs from Spotify API
2026-01-16 12:58:04,705 - music_tracker - INFO - Checking for duplicates in database...
2026-01-16 12:58:06,336 - music_tracker - INFO - Found 6 new songs out of 6 total
2026-01-16 12:58:06,338 - music_tracker - INFO - Found 6 new songs to save
2026-01-16 12:58:06,339 - music_tracker - INFO - Saving songs to database...
2026-01-16 12:58:06,764 - music_tracker - INFO - Successfully saved 6 songs to database
2026-01-16 12:58:06,766 - music_tracker - INFO - Successfully saved 6 songs to database
2026-01-16 12:58:06,767 - music_tracker - INFO - Song collection completed successfully
2026-01-16 13:58:02,732 - music_tracker - INFO - SpotiSpy song collection starting...
2026-01-16 13:58:02,732 - music_tracker - INFO - Starting song collection (last 1 hours)
2026-01-16 13:58:02,733 - music_tracker - INFO - Fetching recent tracks from Spotify...
2026-01-16 13:58:03,399 - music_tracker - INFO - Fetched 17 songs from Spotify
2026-01-16 13:58:03,404 - music_tracker - INFO - Found 17 songs from Spotify API
2026-01-16 13:58:03,404 - music_tracker - INFO - Checking for duplicates in database...
2026-01-16 13:58:04,918 - music_tracker - INFO - Found 17 new songs out of 17 total
2026-01-16 13:58:04,921 - music_tracker - INFO - Found 17 new songs to save
2026-01-16 13:58:04,921 - music_tracker - INFO - Saving songs to database...
2026-01-16 13:58:05,326 - music_tracker - INFO - Successfully saved 17 songs to database
2026-01-16 13:58:05,328 - music_tracker - INFO - Successfully saved 17 songs to database
2026-01-16 13:58:05,329 - music_tracker - INFO - Song collection completed successfully
2026-01-16 14:58:03,255 - music_tracker - INFO - SpotiSpy song collection starting...
2026-01-16 14:58:03,256 - music_tracker - INFO - Starting song collection (last 1 hours)
2026-01-16 14:58:03,257 - music_tracker - INFO - Fetching recent tracks from Spotify...
2026-01-16 14:58:03,681 - music_tracker - INFO - Fetched 1 songs from Spotify
2026-01-16 14:58:03,683 - music_tracker - INFO - Found 1 songs from Spotify API
2026-01-16 14:58:03,683 - music_tracker - INFO - Checking for duplicates in database...
2026-01-16 14:58:05,189 - music_tracker - INFO - Found 1 new songs out of 1 total
2026-01-16 14:58:05,192 - music_tracker - INFO - Found 1 new songs to save
2026-01-16 14:58:05,192 - music_tracker - INFO - Saving songs to database...
2026-01-16 14:58:05,525 - music_tracker - INFO - Successfully saved 1 songs to database
2026-01-16 14:58:05,527 - music_tracker - INFO - Successfully saved 1 songs to database
2026-01-16 14:58:05,528 - music_tracker - INFO - Song collection completed successfully
2026-01-16 15:58:03,448 - music_tracker - INFO - SpotiSpy song collection starting...
2026-01-16 15:58:03,448 - music_tracker - INFO - Starting song collection (last 1 hours)
2026-01-16 15:58:03,449 - music_tracker - INFO - Fetching recent tracks from Spotify...
2026-01-16 15:58:03,831 - music_tracker - INFO - No recent songs found from Spotify
2026-01-16 15:58:03,833 - music_tracker - INFO - No new songs found from Spotify API
2026-01-16 15:58:03,833 - music_tracker - INFO - Song collection completed successfully
2026-01-16 16:58:02,714 - music_tracker - INFO - SpotiSpy song collection starting...
2026-01-16 16:58:02,714 - music_tracker - INFO - Starting song collection (last 1 hours)
2026-01-16 16:58:02,715 - music_tracker - INFO - Fetching recent tracks from Spotify...
2026-01-16 16:58:03,269 - music_tracker - INFO - Fetched 18 songs from Spotify
2026-01-16 16:58:03,272 - music_tracker - INFO - Found 18 songs from Spotify API
2026-01-16 16:58:03,273 - music_tracker - INFO - Checking for duplicates in database...
2026-01-16 16:58:04,915 - music_tracker - INFO - Found 18 new songs out of 18 total
2026-01-16 16:58:04,917 - music_tracker - INFO - Found 18 new songs to save
2026-01-16 16:58:04,918 - music_tracker - INFO - Saving songs to database...
2026-01-16 16:58:05,387 - music_tracker - INFO - Successfully saved 18 songs to database
2026-01-16 16:58:05,389 - music_tracker - INFO - Successfully saved 18 songs to database
2026-01-16 16:58:05,390 - music_tracker - INFO - Song collection completed successfully
2026-01-16 17:58:03,325 - music_tracker - INFO - SpotiSpy song collection starting...
2026-01-16 17:58:03,326 - music_tracker - INFO - Starting song collection (last 1 hours)
2026-01-16 17:58:03,326 - music_tracker - INFO - Fetching recent tracks from Spotify...
2026-01-16 17:58:03,761 - music_tracker - INFO - Fetched 2 songs from Spotify
2026-01-16 17:58:03,763 - music_tracker - INFO - Found 2 songs from Spotify API
2026-01-16 17:58:03,764 - music_tracker - INFO - Checking for duplicates in database...
2026-01-16 17:58:05,268 - music_tracker - INFO - Found 2 new songs out of 2 total
2026-01-16 17:58:05,270 - music_tracker - INFO - Found 2 new songs to save
2026-01-16 17:58:05,271 - music_tracker - INFO - Saving songs to database...
2026-01-16 17:58:05,542 - music_tracker - INFO - Successfully saved 2 songs to database
2026-01-16 17:58:05,544 - music_tracker - INFO - Successfully saved 2 songs to database
2026-01-16 17:58:05,545 - music_tracker - INFO - Song collection completed successfully
2026-01-16 18:58:03,474 - music_tracker - INFO - SpotiSpy song collection starting...
2026-01-16 18:58:03,475 - music_tracker - INFO - Starting song collection (last 1 hours)
2026-01-16 18:58:03,475 - music_tracker - INFO - Fetching recent tracks from Spotify...
2026-01-16 18:58:03,890 - music_tracker - INFO - No recent songs found from Spotify
2026-01-16 18:58:03,892 - music_tracker - INFO - No new songs found from Spotify API
2026-01-16 18:58:03,893 - music_tracker - INFO - Song collection completed successfully
2026-01-16 19:58:02,781 - music_tracker - INFO - SpotiSpy song collection starting...
2026-01-16 19:58:02,782 - music_tracker - INFO - Starting song collection (last 1 hours)
2026-01-16 19:58:02,782 - music_tracker - INFO - Fetching recent tracks from Spotify...
2026-01-16 19:58:03,208 - music_tracker - INFO - No recent songs found from Spotify
2026-01-16 19:58:03,210 - music_tracker - INFO - No new songs found from Spotify API
2026-01-16 19:58:03,210 - music_tracker - INFO - Song collection completed successfully
2026-01-16 20:58:03,106 - music_tracker - INFO - SpotiSpy song collection starting...
2026-01-16 20:58:03,107 - music_tracker - INFO - Starting song collection (last 1 hours)
2026-01-16 20:58:03,108 - music_tracker - INFO - Fetching recent tracks from Spotify...
2026-01-16 20:58:03,324 - music_tracker - ERROR - Error fetching from Spotify: error: upstream connect error or disconnect/reset before headers. reset reason: connection termination, error_description: None
2026-01-16 20:58:03,326 - music_tracker - INFO - No new songs found from Spotify API
2026-01-16 20:58:03,326 - music_tracker - INFO - Song collection completed successfully
2026-01-16 21:58:03,222 - music_tracker - INFO - SpotiSpy song collection starting...
2026-01-16 21:58:03,223 - music_tracker - INFO - Starting song collection (last 1 hours)
2026-01-16 21:58:03,224 - music_tracker - INFO - Fetching recent tracks from Spotify...
2026-01-16 21:58:03,606 - music_tracker - INFO - No recent songs found from Spotify
2026-01-16 21:58:03,608 - music_tracker - INFO - No new songs found from Spotify API
2026-01-16 21:58:03,608 - music_tracker - INFO - Song collection completed successfully
2026-01-16 22:58:03,496 - music_tracker - INFO - SpotiSpy song collection starting...
2026-01-16 22:58:03,497 - music_tracker - INFO - Starting song collection (last 1 hours)
2026-01-16 22:58:03,498 - music_tracker - INFO - Fetching recent tracks from Spotify...
2026-01-16 22:58:03,887 - music_tracker - INFO - No recent songs found from Spotify
2026-01-16 22:58:03,889 - music_tracker - INFO - No new songs found from Spotify API
2026-01-16 22:58:03,890 - music_tracker - INFO - Song collection completed successfully
2026-01-16 23:58:02,779 - music_tracker - INFO - SpotiSpy song collection starting...
2026-01-16 23:58:02,780 - music_tracker - INFO - Starting song collection (last 1 hours)
2026-01-16 23:58:02,781 - music_tracker - INFO - Fetching recent tracks from Spotify...
2026-01-16 23:58:03,171 - music_tracker - INFO - No recent songs found from Spotify
2026-01-16 23:58:03,173 - music_tracker - INFO - No new songs found from Spotify API
2026-01-16 23:58:03,174 - music_tracker - INFO - Song collection completed successfully
