2025-08-21 00:58:02,782 - music_tracker - INFO - SpotiSpy song collection starting...
2025-08-21 00:58:02,783 - music_tracker - INFO - Starting song collection (last 1 hours)
2025-08-21 00:58:02,784 - music_tracker - INFO - Fetching recent tracks from Spotify...
2025-08-21 00:58:03,143 - music_tracker - INFO - No recent songs found from Spotify
2025-08-21 00:58:03,145 - music_tracker - INFO - No new songs found from Spotify API
2025-08-21 00:58:03,146 - music_tracker - INFO - Song collection completed successfully
2025-08-21 01:58:03,032 - music_tracker - INFO - SpotiSpy song collection starting...
2025-08-21 01:58:03,032 - music_tracker - INFO - Starting song collection (last 1 hours)
2025-08-21 01:58:03,033 - music_tracker - INFO - Fetching recent tracks from Spotify...
2025-08-21 01:58:03,414 - music_tracker - INFO - No recent songs found from Spotify
2025-08-21 01:58:03,416 - music_tracker - INFO - No new songs found from Spotify API
2025-08-21 01:58:03,417 - music_tracker - INFO - Song collection completed successfully
2025-08-21 02:58:03,611 - music_tracker - INFO - SpotiSpy song collection starting...
2025-08-21 02:58:03,612 - music_tracker - INFO - Starting song collection (last 1 hours)
2025-08-21 02:58:03,613 - music_tracker - INFO - Fetching recent tracks from Spotify...
2025-08-21 02:58:03,972 - music_tracker - INFO - No recent songs found from Spotify
2025-08-21 02:58:03,974 - music_tracker - INFO - No new songs found from Spotify API
2025-08-21 02:58:03,975 - music_tracker - INFO - Song collection completed successfully
2025-08-21 03:58:02,860 - music_tracker - INFO - SpotiSpy song collection starting...
2025-08-21 03:58:02,860 - music_tracker - INFO - Starting song collection (last 1 hours)
2025-08-21 03:58:02,861 - music_tracker - INFO - Fetching recent tracks from Spotify...
2025-08-21 03:58:03,212 - music_tracker - INFO - No recent songs found from Spotify
2025-08-21 03:58:03,214 - music_tracker - INFO - No new songs found from Spotify API
2025-08-21 03:58:03,215 - music_tracker - INFO - Song collection completed successfully
2025-08-21 04:58:03,875 - music_tracker - INFO - SpotiSpy song collection starting...
2025-08-21 04:58:03,876 - music_tracker - INFO - Starting song collection (last 1 hours)
2025-08-21 04:58:03,877 - music_tracker - INFO - Fetching recent tracks from Spotify...
2025-08-21 04:58:04,256 - music_tracker - INFO - No recent songs found from Spotify
2025-08-21 04:58:04,259 - music_tracker - INFO - No new songs found from Spotify API
2025-08-21 04:58:04,260 - music_tracker - INFO - Song collection completed successfully
2025-08-21 05:58:04,361 - music_tracker - INFO - SpotiSpy song collection starting...
2025-08-21 05:58:04,362 - music_tracker - INFO - Starting song collection (last 1 hours)
2025-08-21 05:58:04,363 - music_tracker - INFO - Fetching recent tracks from Spotify...
2025-08-21 05:58:04,738 - music_tracker - INFO - No recent songs found from Spotify
2025-08-21 05:58:04,740 - music_tracker - INFO - No new songs found from Spotify API
2025-08-21 05:58:04,741 - music_tracker - INFO - Song collection completed successfully
2025-08-21 06:58:02,734 - music_tracker - INFO - SpotiSpy song collection starting...
2025-08-21 06:58:02,735 - music_tracker - INFO - Starting song collection (last 1 hours)
2025-08-21 06:58:02,735 - music_tracker - INFO - Fetching recent tracks from Spotify...
2025-08-21 06:58:03,188 - music_tracker - INFO - No recent songs found from Spotify
2025-08-21 06:58:03,190 - music_tracker - INFO - No new songs found from Spotify API
2025-08-21 06:58:03,190 - music_tracker - INFO - Song collection completed successfully
2025-08-21 07:58:03,113 - music_tracker - INFO - SpotiSpy song collection starting...
2025-08-21 07:58:03,114 - music_tracker - INFO - Starting song collection (last 1 hours)
2025-08-21 07:58:03,115 - music_tracker - INFO - Fetching recent tracks from Spotify...
2025-08-21 07:58:03,470 - music_tracker - INFO - No recent songs found from Spotify
2025-08-21 07:58:03,472 - music_tracker - INFO - No new songs found from Spotify API
2025-08-21 07:58:03,472 - music_tracker - INFO - Song collection completed successfully
2025-08-21 08:58:03,379 - music_tracker - INFO - SpotiSpy song collection starting...
2025-08-21 08:58:03,380 - music_tracker - INFO - Starting song collection (last 1 hours)
2025-08-21 08:58:03,380 - music_tracker - INFO - Fetching recent tracks from Spotify...
2025-08-21 08:58:03,820 - music_tracker - INFO - No recent songs found from Spotify
2025-08-21 08:58:03,822 - music_tracker - INFO - No new songs found from Spotify API
2025-08-21 08:58:03,823 - music_tracker - INFO - Song collection completed successfully
2025-08-21 09:00:12,070 - music_tracker - INFO - SpotiSpy starting...
2025-08-21 09:00:12,071 - music_tracker - INFO - Starting daily SpotiSpy analysis
2025-08-21 09:00:12,071 - music_tracker - INFO - Fetching yesterday's listening data...
2025-08-21 09:00:13,559 - music_tracker - INFO - Fetched 42 songs from database
2025-08-21 09:00:13,562 - music_tracker - INFO - Found 42 songs to analyze
2025-08-21 09:00:13,562 - music_tracker - INFO - Running analysis...
2025-08-21 09:00:13,569 - music_tracker - INFO - Sending daily summary to Slack...
2025-08-21 09:00:20,247 - music_tracker - INFO - Message sent successfully to Slack
2025-08-21 09:00:20,247 - music_tracker - INFO - Daily analysis completed successfully!
2025-08-21 09:00:20,248 - music_tracker - INFO - SpotiSpy completed successfully
2025-08-21 09:58:03,115 - music_tracker - INFO - SpotiSpy song collection starting...
2025-08-21 09:58:03,115 - music_tracker - INFO - Starting song collection (last 1 hours)
2025-08-21 09:58:03,116 - music_tracker - INFO - Fetching recent tracks from Spotify...
2025-08-21 09:58:04,617 - music_tracker - INFO - Fetched 8 songs from Spotify
2025-08-21 09:58:04,621 - music_tracker - INFO - Found 8 songs from Spotify API
2025-08-21 09:58:04,622 - music_tracker - INFO - Checking for duplicates in database...
2025-08-21 09:58:05,878 - music_tracker - INFO - Found 8 new songs out of 8 total
2025-08-21 09:58:05,880 - music_tracker - INFO - Found 8 new songs to save
2025-08-21 09:58:05,881 - music_tracker - INFO - Saving songs to database...
2025-08-21 09:58:06,272 - music_tracker - INFO - Successfully saved 8 songs to database
2025-08-21 09:58:06,274 - music_tracker - INFO - Successfully saved 8 songs to database
2025-08-21 09:58:06,275 - music_tracker - INFO - Song collection completed successfully
2025-08-21 10:58:03,174 - music_tracker - INFO - SpotiSpy song collection starting...
2025-08-21 10:58:03,175 - music_tracker - INFO - Starting song collection (last 1 hours)
2025-08-21 10:58:03,175 - music_tracker - INFO - Fetching recent tracks from Spotify...
2025-08-21 10:58:03,582 - music_tracker - INFO - Fetched 2 songs from Spotify
2025-08-21 10:58:03,585 - music_tracker - INFO - Found 2 songs from Spotify API
2025-08-21 10:58:03,585 - music_tracker - INFO - Checking for duplicates in database...
2025-08-21 10:58:04,949 - music_tracker - INFO - Found 2 new songs out of 2 total
2025-08-21 10:58:04,951 - music_tracker - INFO - Found 2 new songs to save
2025-08-21 10:58:04,952 - music_tracker - INFO - Saving songs to database...
2025-08-21 10:58:05,282 - music_tracker - INFO - Successfully saved 2 songs to database
2025-08-21 10:58:05,284 - music_tracker - INFO - Successfully saved 2 songs to database
2025-08-21 10:58:05,285 - music_tracker - INFO - Song collection completed successfully
2025-08-21 11:58:03,199 - music_tracker - INFO - SpotiSpy song collection starting...
2025-08-21 11:58:03,199 - music_tracker - INFO - Starting song collection (last 1 hours)
2025-08-21 11:58:03,200 - music_tracker - INFO - Fetching recent tracks from Spotify...
2025-08-21 11:58:03,542 - music_tracker - INFO - No recent songs found from Spotify
2025-08-21 11:58:03,544 - music_tracker - INFO - No new songs found from Spotify API
2025-08-21 11:58:03,544 - music_tracker - INFO - Song collection completed successfully
2025-08-21 12:58:03,430 - music_tracker - INFO - SpotiSpy song collection starting...
2025-08-21 12:58:03,431 - music_tracker - INFO - Starting song collection (last 1 hours)
2025-08-21 12:58:03,431 - music_tracker - INFO - Fetching recent tracks from Spotify...
2025-08-21 12:58:03,828 - music_tracker - INFO - Fetched 4 songs from Spotify
2025-08-21 12:58:03,831 - music_tracker - INFO - Found 4 songs from Spotify API
2025-08-21 12:58:03,831 - music_tracker - INFO - Checking for duplicates in database...
2025-08-21 12:58:05,385 - music_tracker - INFO - Found 4 new songs out of 4 total
2025-08-21 12:58:05,387 - music_tracker - INFO - Found 4 new songs to save
2025-08-21 12:58:05,387 - music_tracker - INFO - Saving songs to database...
2025-08-21 12:58:05,783 - music_tracker - INFO - Successfully saved 4 songs to database
2025-08-21 12:58:05,785 - music_tracker - INFO - Successfully saved 4 songs to database
2025-08-21 12:58:05,786 - music_tracker - INFO - Song collection completed successfully
2025-08-21 13:58:02,719 - music_tracker - INFO - SpotiSpy song collection starting...
2025-08-21 13:58:02,720 - music_tracker - INFO - Starting song collection (last 1 hours)
2025-08-21 13:58:02,721 - music_tracker - INFO - Fetching recent tracks from Spotify...
2025-08-21 13:58:03,159 - music_tracker - INFO - Fetched 5 songs from Spotify
2025-08-21 13:58:03,161 - music_tracker - INFO - Found 5 songs from Spotify API
2025-08-21 13:58:03,162 - music_tracker - INFO - Checking for duplicates in database...
2025-08-21 13:58:04,176 - music_tracker - INFO - Found 5 new songs out of 5 total
2025-08-21 13:58:04,178 - music_tracker - INFO - Found 5 new songs to save
2025-08-21 13:58:04,179 - music_tracker - INFO - Saving songs to database...
2025-08-21 13:58:04,556 - music_tracker - INFO - Successfully saved 5 songs to database
2025-08-21 13:58:04,558 - music_tracker - INFO - Successfully saved 5 songs to database
2025-08-21 13:58:04,559 - music_tracker - INFO - Song collection completed successfully
2025-08-21 14:58:04,398 - music_tracker - INFO - SpotiSpy song collection starting...
2025-08-21 14:58:04,399 - music_tracker - INFO - Starting song collection (last 1 hours)
2025-08-21 14:58:04,400 - music_tracker - INFO - Fetching recent tracks from Spotify...
2025-08-21 14:58:04,760 - music_tracker - INFO - No recent songs found from Spotify
2025-08-21 14:58:04,762 - music_tracker - INFO - No new songs found from Spotify API
2025-08-21 14:58:04,762 - music_tracker - INFO - Song collection completed successfully
2025-08-21 15:58:02,660 - music_tracker - INFO - SpotiSpy song collection starting...
2025-08-21 15:58:02,660 - music_tracker - INFO - Starting song collection (last 1 hours)
2025-08-21 15:58:02,661 - music_tracker - INFO - Fetching recent tracks from Spotify...
2025-08-21 15:58:03,013 - music_tracker - INFO - No recent songs found from Spotify
2025-08-21 15:58:03,015 - music_tracker - INFO - No new songs found from Spotify API
2025-08-21 15:58:03,016 - music_tracker - INFO - Song collection completed successfully
2025-08-21 16:58:02,920 - music_tracker - INFO - SpotiSpy song collection starting...
2025-08-21 16:58:02,921 - music_tracker - INFO - Starting song collection (last 1 hours)
2025-08-21 16:58:02,922 - music_tracker - INFO - Fetching recent tracks from Spotify...
2025-08-21 16:58:03,274 - music_tracker - INFO - No recent songs found from Spotify
2025-08-21 16:58:03,276 - music_tracker - INFO - No new songs found from Spotify API
2025-08-21 16:58:03,277 - music_tracker - INFO - Song collection completed successfully
2025-08-21 17:58:03,159 - music_tracker - INFO - SpotiSpy song collection starting...
2025-08-21 17:58:03,159 - music_tracker - INFO - Starting song collection (last 1 hours)
2025-08-21 17:58:03,160 - music_tracker - INFO - Fetching recent tracks from Spotify...
2025-08-21 17:58:03,596 - music_tracker - INFO - Fetched 5 songs from Spotify
2025-08-21 17:58:03,599 - music_tracker - INFO - Found 5 songs from Spotify API
2025-08-21 17:58:03,599 - music_tracker - INFO - Checking for duplicates in database...
2025-08-21 17:58:05,142 - music_tracker - INFO - Found 5 new songs out of 5 total
2025-08-21 17:58:05,144 - music_tracker - INFO - Found 5 new songs to save
2025-08-21 17:58:05,145 - music_tracker - INFO - Saving songs to database...
2025-08-21 17:58:05,575 - music_tracker - INFO - Successfully saved 5 songs to database
2025-08-21 17:58:05,577 - music_tracker - INFO - Successfully saved 5 songs to database
2025-08-21 17:58:05,578 - music_tracker - INFO - Song collection completed successfully
2025-08-21 18:58:03,496 - music_tracker - INFO - SpotiSpy song collection starting...
2025-08-21 18:58:03,496 - music_tracker - INFO - Starting song collection (last 1 hours)
2025-08-21 18:58:03,497 - music_tracker - INFO - Fetching recent tracks from Spotify...
2025-08-21 18:58:03,896 - music_tracker - INFO - Fetched 4 songs from Spotify
2025-08-21 18:58:03,899 - music_tracker - INFO - Found 4 songs from Spotify API
2025-08-21 18:58:03,899 - music_tracker - INFO - Checking for duplicates in database...
2025-08-21 18:58:05,145 - music_tracker - INFO - Found 4 new songs out of 4 total
2025-08-21 18:58:05,147 - music_tracker - INFO - Found 4 new songs to save
2025-08-21 18:58:05,148 - music_tracker - INFO - Saving songs to database...
2025-08-21 18:58:05,565 - music_tracker - INFO - Successfully saved 4 songs to database
2025-08-21 18:58:05,567 - music_tracker - INFO - Successfully saved 4 songs to database
2025-08-21 18:58:05,568 - music_tracker - INFO - Song collection completed successfully
2025-08-21 19:58:03,492 - music_tracker - INFO - SpotiSpy song collection starting...
2025-08-21 19:58:03,493 - music_tracker - INFO - Starting song collection (last 1 hours)
2025-08-21 19:58:03,493 - music_tracker - INFO - Fetching recent tracks from Spotify...
2025-08-21 19:58:03,891 - music_tracker - INFO - No recent songs found from Spotify
2025-08-21 19:58:03,893 - music_tracker - INFO - No new songs found from Spotify API
2025-08-21 19:58:03,894 - music_tracker - INFO - Song collection completed successfully
2025-08-21 20:58:02,776 - music_tracker - INFO - SpotiSpy song collection starting...
2025-08-21 20:58:02,777 - music_tracker - INFO - Starting song collection (last 1 hours)
2025-08-21 20:58:02,777 - music_tracker - INFO - Fetching recent tracks from Spotify...
2025-08-21 20:58:03,168 - music_tracker - INFO - No recent songs found from Spotify
2025-08-21 20:58:03,170 - music_tracker - INFO - No new songs found from Spotify API
2025-08-21 20:58:03,171 - music_tracker - INFO - Song collection completed successfully
2025-08-21 21:58:03,061 - music_tracker - INFO - SpotiSpy song collection starting...
2025-08-21 21:58:03,062 - music_tracker - INFO - Starting song collection (last 1 hours)
2025-08-21 21:58:03,062 - music_tracker - INFO - Fetching recent tracks from Spotify...
2025-08-21 21:58:03,490 - music_tracker - INFO - Fetched 3 songs from Spotify
2025-08-21 21:58:03,492 - music_tracker - INFO - Found 3 songs from Spotify API
2025-08-21 21:58:03,493 - music_tracker - INFO - Checking for duplicates in database...
2025-08-21 21:58:04,319 - music_tracker - INFO - Found 3 new songs out of 3 total
2025-08-21 21:58:04,321 - music_tracker - INFO - Found 3 new songs to save
2025-08-21 21:58:04,322 - music_tracker - INFO - Saving songs to database...
2025-08-21 21:58:04,589 - music_tracker - INFO - Successfully saved 3 songs to database
2025-08-21 21:58:04,591 - music_tracker - INFO - Successfully saved 3 songs to database
2025-08-21 21:58:04,592 - music_tracker - INFO - Song collection completed successfully
2025-08-21 22:58:03,568 - music_tracker - INFO - SpotiSpy song collection starting...
2025-08-21 22:58:03,568 - music_tracker - INFO - Starting song collection (last 1 hours)
2025-08-21 22:58:03,569 - music_tracker - INFO - Fetching recent tracks from Spotify...
2025-08-21 22:58:04,956 - music_tracker - INFO - Fetched 1 songs from Spotify
2025-08-21 22:58:04,960 - music_tracker - INFO - Found 1 songs from Spotify API
2025-08-21 22:58:04,961 - music_tracker - INFO - Checking for duplicates in database...
2025-08-21 22:58:07,401 - music_tracker - INFO - Found 1 new songs out of 1 total
2025-08-21 22:58:07,407 - music_tracker - INFO - Found 1 new songs to save
2025-08-21 22:58:07,408 - music_tracker - INFO - Saving songs to database...
2025-08-21 22:58:07,831 - music_tracker - INFO - Successfully saved 1 songs to database
2025-08-21 22:58:07,833 - music_tracker - INFO - Successfully saved 1 songs to database
2025-08-21 22:58:07,834 - music_tracker - INFO - Song collection completed successfully
2025-08-21 23:58:02,748 - music_tracker - INFO - SpotiSpy song collection starting...
2025-08-21 23:58:02,749 - music_tracker - INFO - Starting song collection (last 1 hours)
2025-08-21 23:58:02,750 - music_tracker - INFO - Fetching recent tracks from Spotify...
2025-08-21 23:58:03,177 - music_tracker - INFO - No recent songs found from Spotify
2025-08-21 23:58:03,179 - music_tracker - INFO - No new songs found from Spotify API
2025-08-21 23:58:03,180 - music_tracker - INFO - Song collection completed successfully
