2025-06-01 00:58:08,355 - music_tracker - INFO - Uploading 2 songs
2025-06-01 01:58:07,133 - music_tracker - INFO - Zero songs listened to
2025-06-01 01:58:07,134 - music_tracker - INFO - No songs uploaded.
2025-06-01 02:58:07,191 - music_tracker - INFO - Zero songs listened to
2025-06-01 02:58:07,191 - music_tracker - INFO - No songs uploaded.
2025-06-01 03:58:06,983 - music_tracker - INFO - Zero songs listened to
2025-06-01 03:58:06,983 - music_tracker - INFO - No songs uploaded.
2025-06-01 04:58:06,694 - music_tracker - INFO - Zero songs listened to
2025-06-01 04:58:06,695 - music_tracker - INFO - No songs uploaded.
2025-06-01 05:58:07,413 - music_tracker - INFO - Zero songs listened to
2025-06-01 05:58:07,413 - music_tracker - INFO - No songs uploaded.
2025-06-01 06:58:07,236 - music_tracker - INFO - Zero songs listened to
2025-06-01 06:58:07,237 - music_tracker - INFO - No songs uploaded.
2025-06-01 07:58:09,652 - music_tracker - INFO - Uploading 9 songs
2025-06-01 08:58:13,647 - music_tracker - INFO - Uploading 27 songs
2025-06-01 09:00:12,211 - music_tracker - INFO - Starting music tracker analysis
2025-06-01 09:00:12,211 - music_tracker - INFO - Fetching data
2025-06-01 09:00:12,557 - music_tracker - INFO - Fetched 145 recent songs
2025-06-01 09:00:12,564 - music_tracker - INFO - Running top listens analysis
2025-06-01 09:00:12,565 - music_tracker - INFO - Calculating top songs listens
2025-06-01 09:00:12,565 - music_tracker - INFO - Sending message with top 3 songs
2025-06-01 09:00:13,356 - music_tracker - INFO - Message successfully sent!
2025-06-01 09:00:13,356 - music_tracker - INFO - Calculating top albums listens
2025-06-01 09:00:13,357 - music_tracker - INFO - Sending message with top 3 albums
2025-06-01 09:00:13,978 - music_tracker - INFO - Message successfully sent!
2025-06-01 09:00:13,978 - music_tracker - INFO - Calculating top artists listens
2025-06-01 09:00:13,979 - music_tracker - INFO - Sending message with top 3 artists
2025-06-01 09:00:14,580 - music_tracker - INFO - Message successfully sent!
2025-06-01 09:00:14,580 - music_tracker - INFO - Running popularity and listening hours analysis
2025-06-01 09:00:14,580 - music_tracker - INFO - Finding most popular track
2025-06-01 09:00:14,581 - music_tracker - INFO - Most popular song found: Middy Titty with score 61
2025-06-01 09:00:15,197 - music_tracker - INFO - Message successfully sent!
2025-06-01 09:00:15,197 - music_tracker - INFO - Calculating most listened hour
2025-06-01 09:00:15,198 - music_tracker - INFO - Most listened hour: 13:00 with 112:07
2025-06-01 09:00:15,824 - music_tracker - INFO - Message successfully sent!
2025-06-01 09:00:15,825 - music_tracker - INFO - Analysis completed successfully

2025-06-01 09:58:08,883 - music_tracker - INFO - Uploading 8 songs
2025-06-01 10:58:06,677 - music_tracker - INFO - Zero songs listened to
2025-06-01 10:58:06,677 - music_tracker - INFO - No songs uploaded.
2025-06-01 11:58:07,419 - music_tracker - INFO - Zero songs listened to
2025-06-01 11:58:07,419 - music_tracker - INFO - No songs uploaded.
2025-06-01 12:58:07,174 - music_tracker - INFO - Zero songs listened to
2025-06-01 12:58:07,174 - music_tracker - INFO - No songs uploaded.
2025-06-01 13:58:06,910 - music_tracker - INFO - Zero songs listened to
2025-06-01 13:58:06,910 - music_tracker - INFO - No songs uploaded.
2025-06-01 14:58:08,696 - music_tracker - INFO - Uploading 6 songs
2025-06-01 15:58:07,062 - music_tracker - INFO - Uploading 1 song
2025-06-01 16:58:09,819 - music_tracker - INFO - Uploading 12 songs
2025-06-01 17:58:08,290 - music_tracker - INFO - Uploading 6 songs
2025-06-01 18:58:07,050 - music_tracker - INFO - Zero songs listened to
2025-06-01 18:58:07,050 - music_tracker - INFO - No songs uploaded.
2025-06-01 19:58:07,014 - music_tracker - INFO - Zero songs listened to
2025-06-01 19:58:07,014 - music_tracker - INFO - No songs uploaded.
2025-06-01 20:58:06,788 - music_tracker - INFO - Zero songs listened to
2025-06-01 20:58:06,789 - music_tracker - INFO - No songs uploaded.
2025-06-01 21:58:06,551 - music_tracker - INFO - Zero songs listened to
2025-06-01 21:58:06,551 - music_tracker - INFO - No songs uploaded.
2025-06-01 22:58:08,602 - music_tracker - INFO - Uploading 1 song
2025-06-01 23:58:07,364 - music_tracker - INFO - Zero songs listened to
2025-06-01 23:58:07,364 - music_tracker - INFO - No songs uploaded.
