2026-01-06 00:58:03,431 - music_tracker - INFO - SpotiSpy song collection starting...
2026-01-06 00:58:03,432 - music_tracker - INFO - Starting song collection (last 1 hours)
2026-01-06 00:58:03,432 - music_tracker - INFO - Fetching recent tracks from Spotify...
2026-01-06 00:58:03,782 - music_tracker - INFO - No recent songs found from Spotify
2026-01-06 00:58:03,784 - music_tracker - INFO - No new songs found from Spotify API
2026-01-06 00:58:03,784 - music_tracker - INFO - Song collection completed successfully
2026-01-06 01:58:02,765 - music_tracker - INFO - SpotiSpy song collection starting...
2026-01-06 01:58:02,766 - music_tracker - INFO - Starting song collection (last 1 hours)
2026-01-06 01:58:02,766 - music_tracker - INFO - Fetching recent tracks from Spotify...
2026-01-06 01:58:03,139 - music_tracker - INFO - No recent songs found from Spotify
2026-01-06 01:58:03,141 - music_tracker - INFO - No new songs found from Spotify API
2026-01-06 01:58:03,141 - music_tracker - INFO - Song collection completed successfully
2026-01-06 02:58:03,134 - music_tracker - INFO - SpotiSpy song collection starting...
2026-01-06 02:58:03,134 - music_tracker - INFO - Starting song collection (last 1 hours)
2026-01-06 02:58:03,135 - music_tracker - INFO - Fetching recent tracks from Spotify...
2026-01-06 02:58:03,593 - music_tracker - INFO - No recent songs found from Spotify
2026-01-06 02:58:03,595 - music_tracker - INFO - No new songs found from Spotify API
2026-01-06 02:58:03,596 - music_tracker - INFO - Song collection completed successfully
2026-01-06 03:58:03,535 - music_tracker - INFO - SpotiSpy song collection starting...
2026-01-06 03:58:03,536 - music_tracker - INFO - Starting song collection (last 1 hours)
2026-01-06 03:58:03,536 - music_tracker - INFO - Fetching recent tracks from Spotify...
2026-01-06 03:58:03,889 - music_tracker - INFO - No recent songs found from Spotify
2026-01-06 03:58:03,892 - music_tracker - INFO - No new songs found from Spotify API
2026-01-06 03:58:03,892 - music_tracker - INFO - Song collection completed successfully
2026-01-06 04:58:02,803 - music_tracker - INFO - SpotiSpy song collection starting...
2026-01-06 04:58:02,804 - music_tracker - INFO - Starting song collection (last 1 hours)
2026-01-06 04:58:02,804 - music_tracker - INFO - Fetching recent tracks from Spotify...
2026-01-06 04:58:03,184 - music_tracker - INFO - No recent songs found from Spotify
2026-01-06 04:58:03,186 - music_tracker - INFO - No new songs found from Spotify API
2026-01-06 04:58:03,187 - music_tracker - INFO - Song collection completed successfully
2026-01-06 05:58:03,219 - music_tracker - INFO - SpotiSpy song collection starting...
2026-01-06 05:58:03,220 - music_tracker - INFO - Starting song collection (last 1 hours)
2026-01-06 05:58:03,221 - music_tracker - INFO - Fetching recent tracks from Spotify...
2026-01-06 05:58:03,579 - music_tracker - INFO - No recent songs found from Spotify
2026-01-06 05:58:03,581 - music_tracker - INFO - No new songs found from Spotify API
2026-01-06 05:58:03,582 - music_tracker - INFO - Song collection completed successfully
2026-01-06 06:58:03,536 - music_tracker - INFO - SpotiSpy song collection starting...
2026-01-06 06:58:03,536 - music_tracker - INFO - Starting song collection (last 1 hours)
2026-01-06 06:58:03,537 - music_tracker - INFO - Fetching recent tracks from Spotify...
2026-01-06 06:58:03,908 - music_tracker - INFO - No recent songs found from Spotify
2026-01-06 06:58:03,910 - music_tracker - INFO - No new songs found from Spotify API
2026-01-06 06:58:03,911 - music_tracker - INFO - Song collection completed successfully
2026-01-06 07:58:02,795 - music_tracker - INFO - SpotiSpy song collection starting...
2026-01-06 07:58:02,796 - music_tracker - INFO - Starting song collection (last 1 hours)
2026-01-06 07:58:02,797 - music_tracker - INFO - Fetching recent tracks from Spotify...
2026-01-06 07:58:03,150 - music_tracker - INFO - No recent songs found from Spotify
2026-01-06 07:58:03,152 - music_tracker - INFO - No new songs found from Spotify API
2026-01-06 07:58:03,153 - music_tracker - INFO - Song collection completed successfully
2026-01-06 08:58:03,031 - music_tracker - INFO - SpotiSpy song collection starting...
2026-01-06 08:58:03,032 - music_tracker - INFO - Starting song collection (last 1 hours)
2026-01-06 08:58:03,033 - music_tracker - INFO - Fetching recent tracks from Spotify...
2026-01-06 08:58:03,440 - music_tracker - INFO - No recent songs found from Spotify
2026-01-06 08:58:03,442 - music_tracker - INFO - No new songs found from Spotify API
2026-01-06 08:58:03,443 - music_tracker - INFO - Song collection completed successfully
2026-01-06 09:00:12,739 - music_tracker - INFO - SpotiSpy starting...
2026-01-06 09:00:12,739 - music_tracker - INFO - Starting daily SpotiSpy analysis
2026-01-06 09:00:12,740 - music_tracker - INFO - Fetching yesterday's listening data...
2026-01-06 09:00:14,530 - music_tracker - INFO - Fetched 51 songs from database
2026-01-06 09:00:14,533 - music_tracker - INFO - Found 51 songs to analyze
2026-01-06 09:00:14,534 - music_tracker - INFO - Running analysis...
2026-01-06 09:00:14,540 - music_tracker - INFO - Sending daily summary to Slack...
2026-01-06 09:00:15,452 - music_tracker - INFO - Message sent successfully to Slack
2026-01-06 09:00:15,453 - music_tracker - INFO - Daily analysis completed successfully!
2026-01-06 09:00:15,453 - music_tracker - INFO - SpotiSpy completed successfully
2026-01-06 09:58:03,581 - music_tracker - INFO - SpotiSpy song collection starting...
2026-01-06 09:58:03,582 - music_tracker - INFO - Starting song collection (last 1 hours)
2026-01-06 09:58:03,582 - music_tracker - INFO - Fetching recent tracks from Spotify...
2026-01-06 09:58:03,965 - music_tracker - INFO - No recent songs found from Spotify
2026-01-06 09:58:03,967 - music_tracker - INFO - No new songs found from Spotify API
2026-01-06 09:58:03,968 - music_tracker - INFO - Song collection completed successfully
2026-01-06 10:58:04,086 - music_tracker - INFO - SpotiSpy song collection starting...
2026-01-06 10:58:04,087 - music_tracker - INFO - Starting song collection (last 1 hours)
2026-01-06 10:58:04,088 - music_tracker - INFO - Fetching recent tracks from Spotify...
2026-01-06 10:58:04,720 - music_tracker - INFO - Fetched 6 songs from Spotify
2026-01-06 10:58:04,723 - music_tracker - INFO - Found 6 songs from Spotify API
2026-01-06 10:58:04,723 - music_tracker - INFO - Checking for duplicates in database...
2026-01-06 10:58:06,235 - music_tracker - INFO - Found 6 new songs out of 6 total
2026-01-06 10:58:06,236 - music_tracker - INFO - Found 6 new songs to save
2026-01-06 10:58:06,237 - music_tracker - INFO - Saving songs to database...
2026-01-06 10:58:06,512 - music_tracker - INFO - Successfully saved 6 songs to database
2026-01-06 10:58:06,514 - music_tracker - INFO - Successfully saved 6 songs to database
2026-01-06 10:58:06,514 - music_tracker - INFO - Song collection completed successfully
2026-01-06 11:58:03,407 - music_tracker - INFO - SpotiSpy song collection starting...
2026-01-06 11:58:03,408 - music_tracker - INFO - Starting song collection (last 1 hours)
2026-01-06 11:58:03,408 - music_tracker - INFO - Fetching recent tracks from Spotify...
2026-01-06 11:58:03,936 - music_tracker - INFO - Fetched 11 songs from Spotify
2026-01-06 11:58:03,939 - music_tracker - INFO - Found 11 songs from Spotify API
2026-01-06 11:58:03,939 - music_tracker - INFO - Checking for duplicates in database...
2026-01-06 11:58:05,366 - music_tracker - INFO - Found 11 new songs out of 11 total
2026-01-06 11:58:05,367 - music_tracker - INFO - Found 11 new songs to save
2026-01-06 11:58:05,368 - music_tracker - INFO - Saving songs to database...
2026-01-06 11:58:05,634 - music_tracker - INFO - Successfully saved 11 songs to database
2026-01-06 11:58:05,635 - music_tracker - INFO - Successfully saved 11 songs to database
2026-01-06 11:58:05,636 - music_tracker - INFO - Song collection completed successfully
2026-01-06 12:58:03,490 - music_tracker - INFO - SpotiSpy song collection starting...
2026-01-06 12:58:03,490 - music_tracker - INFO - Starting song collection (last 1 hours)
2026-01-06 12:58:03,491 - music_tracker - INFO - Fetching recent tracks from Spotify...
2026-01-06 12:58:03,877 - music_tracker - INFO - No recent songs found from Spotify
2026-01-06 12:58:03,879 - music_tracker - INFO - No new songs found from Spotify API
2026-01-06 12:58:03,880 - music_tracker - INFO - Song collection completed successfully
2026-01-06 13:58:02,720 - music_tracker - INFO - SpotiSpy song collection starting...
2026-01-06 13:58:02,721 - music_tracker - INFO - Starting song collection (last 1 hours)
2026-01-06 13:58:02,721 - music_tracker - INFO - Fetching recent tracks from Spotify...
2026-01-06 13:58:03,079 - music_tracker - INFO - No recent songs found from Spotify
2026-01-06 13:58:03,081 - music_tracker - INFO - No new songs found from Spotify API
2026-01-06 13:58:03,081 - music_tracker - INFO - Song collection completed successfully
2026-01-06 14:58:02,916 - music_tracker - INFO - SpotiSpy song collection starting...
2026-01-06 14:58:02,917 - music_tracker - INFO - Starting song collection (last 1 hours)
2026-01-06 14:58:02,918 - music_tracker - INFO - Fetching recent tracks from Spotify...
2026-01-06 14:58:03,446 - music_tracker - INFO - Fetched 14 songs from Spotify
2026-01-06 14:58:03,449 - music_tracker - INFO - Found 14 songs from Spotify API
2026-01-06 14:58:03,450 - music_tracker - INFO - Checking for duplicates in database...
2026-01-06 14:58:04,997 - music_tracker - INFO - Found 14 new songs out of 14 total
2026-01-06 14:58:04,998 - music_tracker - INFO - Found 14 new songs to save
2026-01-06 14:58:04,999 - music_tracker - INFO - Saving songs to database...
2026-01-06 14:58:05,318 - music_tracker - INFO - Successfully saved 14 songs to database
2026-01-06 14:58:05,320 - music_tracker - INFO - Successfully saved 14 songs to database
2026-01-06 14:58:05,320 - music_tracker - INFO - Song collection completed successfully
2026-01-06 15:58:03,162 - music_tracker - INFO - SpotiSpy song collection starting...
2026-01-06 15:58:03,162 - music_tracker - INFO - Starting song collection (last 1 hours)
2026-01-06 15:58:03,163 - music_tracker - INFO - Fetching recent tracks from Spotify...
2026-01-06 15:58:03,771 - music_tracker - INFO - Fetched 14 songs from Spotify
2026-01-06 15:58:03,774 - music_tracker - INFO - Found 14 songs from Spotify API
2026-01-06 15:58:03,775 - music_tracker - INFO - Checking for duplicates in database...
2026-01-06 15:58:05,230 - music_tracker - INFO - Found 14 new songs out of 14 total
2026-01-06 15:58:05,232 - music_tracker - INFO - Found 14 new songs to save
2026-01-06 15:58:05,232 - music_tracker - INFO - Saving songs to database...
2026-01-06 15:58:05,499 - music_tracker - INFO - Successfully saved 14 songs to database
2026-01-06 15:58:05,500 - music_tracker - INFO - Successfully saved 14 songs to database
2026-01-06 15:58:05,501 - music_tracker - INFO - Song collection completed successfully
2026-01-06 16:58:03,347 - music_tracker - INFO - SpotiSpy song collection starting...
2026-01-06 16:58:03,348 - music_tracker - INFO - Starting song collection (last 1 hours)
2026-01-06 16:58:03,348 - music_tracker - INFO - Fetching recent tracks from Spotify...
2026-01-06 16:58:03,715 - music_tracker - INFO - No recent songs found from Spotify
2026-01-06 16:58:03,717 - music_tracker - INFO - No new songs found from Spotify API
2026-01-06 16:58:03,718 - music_tracker - INFO - Song collection completed successfully
2026-01-06 17:58:03,561 - music_tracker - INFO - SpotiSpy song collection starting...
2026-01-06 17:58:03,562 - music_tracker - INFO - Starting song collection (last 1 hours)
2026-01-06 17:58:03,563 - music_tracker - INFO - Fetching recent tracks from Spotify...
2026-01-06 17:58:04,072 - music_tracker - INFO - Fetched 9 songs from Spotify
2026-01-06 17:58:04,074 - music_tracker - INFO - Found 9 songs from Spotify API
2026-01-06 17:58:04,075 - music_tracker - INFO - Checking for duplicates in database...
2026-01-06 17:58:05,596 - music_tracker - INFO - Found 9 new songs out of 9 total
2026-01-06 17:58:05,598 - music_tracker - INFO - Found 9 new songs to save
2026-01-06 17:58:05,598 - music_tracker - INFO - Saving songs to database...
2026-01-06 17:58:05,909 - music_tracker - INFO - Successfully saved 9 songs to database
2026-01-06 17:58:05,910 - music_tracker - INFO - Successfully saved 9 songs to database
2026-01-06 17:58:05,911 - music_tracker - INFO - Song collection completed successfully
2026-01-06 18:58:02,959 - music_tracker - INFO - SpotiSpy song collection starting...
2026-01-06 18:58:02,960 - music_tracker - INFO - Starting song collection (last 1 hours)
2026-01-06 18:58:02,961 - music_tracker - INFO - Fetching recent tracks from Spotify...
2026-01-06 18:58:03,340 - music_tracker - INFO - No recent songs found from Spotify
2026-01-06 18:58:03,342 - music_tracker - INFO - No new songs found from Spotify API
2026-01-06 18:58:03,343 - music_tracker - INFO - Song collection completed successfully
2026-01-06 19:58:03,169 - music_tracker - INFO - SpotiSpy song collection starting...
2026-01-06 19:58:03,170 - music_tracker - INFO - Starting song collection (last 1 hours)
2026-01-06 19:58:03,171 - music_tracker - INFO - Fetching recent tracks from Spotify...
2026-01-06 19:58:03,546 - music_tracker - INFO - No recent songs found from Spotify
2026-01-06 19:58:03,548 - music_tracker - INFO - No new songs found from Spotify API
2026-01-06 19:58:03,549 - music_tracker - INFO - Song collection completed successfully
2026-01-06 20:58:03,379 - music_tracker - INFO - SpotiSpy song collection starting...
2026-01-06 20:58:03,380 - music_tracker - INFO - Starting song collection (last 1 hours)
2026-01-06 20:58:03,380 - music_tracker - INFO - Fetching recent tracks from Spotify...
2026-01-06 20:58:03,772 - music_tracker - INFO - No recent songs found from Spotify
2026-01-06 20:58:03,774 - music_tracker - INFO - No new songs found from Spotify API
2026-01-06 20:58:03,774 - music_tracker - INFO - Song collection completed successfully
2026-01-06 21:58:02,609 - music_tracker - INFO - SpotiSpy song collection starting...
2026-01-06 21:58:02,610 - music_tracker - INFO - Starting song collection (last 1 hours)
2026-01-06 21:58:02,610 - music_tracker - INFO - Fetching recent tracks from Spotify...
2026-01-06 21:58:02,976 - music_tracker - INFO - No recent songs found from Spotify
2026-01-06 21:58:02,978 - music_tracker - INFO - No new songs found from Spotify API
2026-01-06 21:58:02,979 - music_tracker - INFO - Song collection completed successfully
2026-01-06 22:58:02,818 - music_tracker - INFO - SpotiSpy song collection starting...
2026-01-06 22:58:02,818 - music_tracker - INFO - Starting song collection (last 1 hours)
2026-01-06 22:58:02,819 - music_tracker - INFO - Fetching recent tracks from Spotify...
2026-01-06 22:58:03,193 - music_tracker - INFO - No recent songs found from Spotify
2026-01-06 22:58:03,195 - music_tracker - INFO - No new songs found from Spotify API
2026-01-06 22:58:03,196 - music_tracker - INFO - Song collection completed successfully
2026-01-06 23:58:03,027 - music_tracker - INFO - SpotiSpy song collection starting...
2026-01-06 23:58:03,028 - music_tracker - INFO - Starting song collection (last 1 hours)
2026-01-06 23:58:03,028 - music_tracker - INFO - Fetching recent tracks from Spotify...
2026-01-06 23:58:03,381 - music_tracker - INFO - No recent songs found from Spotify
2026-01-06 23:58:03,383 - music_tracker - INFO - No new songs found from Spotify API
2026-01-06 23:58:03,384 - music_tracker - INFO - Song collection completed successfully
