2025-11-13 00:58:03,074 - music_tracker - INFO - SpotiSpy song collection starting...
2025-11-13 00:58:03,075 - music_tracker - INFO - Starting song collection (last 1 hours)
2025-11-13 00:58:03,076 - music_tracker - INFO - Fetching recent tracks from Spotify...
2025-11-13 00:58:03,454 - music_tracker - INFO - No recent songs found from Spotify
2025-11-13 00:58:03,456 - music_tracker - INFO - No new songs found from Spotify API
2025-11-13 00:58:03,456 - music_tracker - INFO - Song collection completed successfully
2025-11-13 01:58:03,366 - music_tracker - INFO - SpotiSpy song collection starting...
2025-11-13 01:58:03,367 - music_tracker - INFO - Starting song collection (last 1 hours)
2025-11-13 01:58:03,368 - music_tracker - INFO - Fetching recent tracks from Spotify...
2025-11-13 01:58:03,726 - music_tracker - INFO - No recent songs found from Spotify
2025-11-13 01:58:03,728 - music_tracker - INFO - No new songs found from Spotify API
2025-11-13 01:58:03,729 - music_tracker - INFO - Song collection completed successfully
2025-11-13 02:58:02,648 - music_tracker - INFO - SpotiSpy song collection starting...
2025-11-13 02:58:02,648 - music_tracker - INFO - Starting song collection (last 1 hours)
2025-11-13 02:58:02,649 - music_tracker - INFO - Fetching recent tracks from Spotify...
2025-11-13 02:58:02,988 - music_tracker - INFO - No recent songs found from Spotify
2025-11-13 02:58:02,990 - music_tracker - INFO - No new songs found from Spotify API
2025-11-13 02:58:02,990 - music_tracker - INFO - Song collection completed successfully
2025-11-13 03:58:02,910 - music_tracker - INFO - SpotiSpy song collection starting...
2025-11-13 03:58:02,911 - music_tracker - INFO - Starting song collection (last 1 hours)
2025-11-13 03:58:02,911 - music_tracker - INFO - Fetching recent tracks from Spotify...
2025-11-13 03:58:03,298 - music_tracker - INFO - No recent songs found from Spotify
2025-11-13 03:58:03,300 - music_tracker - INFO - No new songs found from Spotify API
2025-11-13 03:58:03,301 - music_tracker - INFO - Song collection completed successfully
2025-11-13 04:58:03,191 - music_tracker - INFO - SpotiSpy song collection starting...
2025-11-13 04:58:03,192 - music_tracker - INFO - Starting song collection (last 1 hours)
2025-11-13 04:58:03,193 - music_tracker - INFO - Fetching recent tracks from Spotify...
2025-11-13 04:58:03,585 - music_tracker - INFO - No recent songs found from Spotify
2025-11-13 04:58:03,587 - music_tracker - INFO - No new songs found from Spotify API
2025-11-13 04:58:03,587 - music_tracker - INFO - Song collection completed successfully
2025-11-13 05:58:03,474 - music_tracker - INFO - SpotiSpy song collection starting...
2025-11-13 05:58:03,474 - music_tracker - INFO - Starting song collection (last 1 hours)
2025-11-13 05:58:03,475 - music_tracker - INFO - Fetching recent tracks from Spotify...
2025-11-13 05:58:03,814 - music_tracker - INFO - No recent songs found from Spotify
2025-11-13 05:58:03,816 - music_tracker - INFO - No new songs found from Spotify API
2025-11-13 05:58:03,816 - music_tracker - INFO - Song collection completed successfully
2025-11-13 06:58:02,748 - music_tracker - INFO - SpotiSpy song collection starting...
2025-11-13 06:58:02,749 - music_tracker - INFO - Starting song collection (last 1 hours)
2025-11-13 06:58:02,749 - music_tracker - INFO - Fetching recent tracks from Spotify...
2025-11-13 06:58:03,094 - music_tracker - INFO - No recent songs found from Spotify
2025-11-13 06:58:03,096 - music_tracker - INFO - No new songs found from Spotify API
2025-11-13 06:58:03,096 - music_tracker - INFO - Song collection completed successfully
2025-11-13 07:58:02,994 - music_tracker - INFO - SpotiSpy song collection starting...
2025-11-13 07:58:02,995 - music_tracker - INFO - Starting song collection (last 1 hours)
2025-11-13 07:58:02,995 - music_tracker - INFO - Fetching recent tracks from Spotify...
2025-11-13 07:58:03,339 - music_tracker - INFO - No recent songs found from Spotify
2025-11-13 07:58:03,341 - music_tracker - INFO - No new songs found from Spotify API
2025-11-13 07:58:03,342 - music_tracker - INFO - Song collection completed successfully
2025-11-13 08:58:04,389 - music_tracker - INFO - SpotiSpy song collection starting...
2025-11-13 08:58:04,390 - music_tracker - INFO - Starting song collection (last 1 hours)
2025-11-13 08:58:04,391 - music_tracker - INFO - Fetching recent tracks from Spotify...
2025-11-13 08:58:04,892 - music_tracker - INFO - Fetched 2 songs from Spotify
2025-11-13 08:58:04,895 - music_tracker - INFO - Found 2 songs from Spotify API
2025-11-13 08:58:04,896 - music_tracker - INFO - Checking for duplicates in database...
2025-11-13 08:58:06,735 - music_tracker - INFO - Found 2 new songs out of 2 total
2025-11-13 08:58:06,738 - music_tracker - INFO - Found 2 new songs to save
2025-11-13 08:58:06,738 - music_tracker - INFO - Saving songs to database...
2025-11-13 08:58:07,152 - music_tracker - INFO - Successfully saved 2 songs to database
2025-11-13 08:58:07,153 - music_tracker - INFO - Successfully saved 2 songs to database
2025-11-13 08:58:07,155 - music_tracker - INFO - Song collection completed successfully
2025-11-13 09:00:12,503 - music_tracker - INFO - SpotiSpy starting...
2025-11-13 09:00:12,504 - music_tracker - INFO - Starting daily SpotiSpy analysis
2025-11-13 09:00:12,509 - music_tracker - INFO - Fetching yesterday's listening data...
2025-11-13 09:00:12,965 - music_tracker - INFO - Fetched 68 songs from database
2025-11-13 09:00:12,967 - music_tracker - INFO - Found 68 songs to analyze
2025-11-13 09:00:12,967 - music_tracker - INFO - Running analysis...
2025-11-13 09:00:12,973 - music_tracker - INFO - Sending daily summary to Slack...
2025-11-13 09:00:24,708 - music_tracker - INFO - Message sent successfully to Slack
2025-11-13 09:00:24,708 - music_tracker - INFO - Daily analysis completed successfully!
2025-11-13 09:00:24,709 - music_tracker - INFO - SpotiSpy completed successfully
2025-11-13 09:58:03,631 - music_tracker - INFO - SpotiSpy song collection starting...
2025-11-13 09:58:03,632 - music_tracker - INFO - Starting song collection (last 1 hours)
2025-11-13 09:58:03,633 - music_tracker - INFO - Fetching recent tracks from Spotify...
2025-11-13 09:58:04,027 - music_tracker - INFO - No recent songs found from Spotify
2025-11-13 09:58:04,030 - music_tracker - INFO - No new songs found from Spotify API
2025-11-13 09:58:04,030 - music_tracker - INFO - Song collection completed successfully
2025-11-13 10:58:02,930 - music_tracker - INFO - SpotiSpy song collection starting...
2025-11-13 10:58:02,931 - music_tracker - INFO - Starting song collection (last 1 hours)
2025-11-13 10:58:02,932 - music_tracker - INFO - Fetching recent tracks from Spotify...
2025-11-13 10:58:03,586 - music_tracker - INFO - Fetched 10 songs from Spotify
2025-11-13 10:58:03,589 - music_tracker - INFO - Found 10 songs from Spotify API
2025-11-13 10:58:03,590 - music_tracker - INFO - Checking for duplicates in database...
2025-11-13 10:58:05,067 - music_tracker - INFO - Found 10 new songs out of 10 total
2025-11-13 10:58:05,069 - music_tracker - INFO - Found 10 new songs to save
2025-11-13 10:58:05,070 - music_tracker - INFO - Saving songs to database...
2025-11-13 10:58:05,374 - music_tracker - INFO - Successfully saved 10 songs to database
2025-11-13 10:58:05,376 - music_tracker - INFO - Successfully saved 10 songs to database
2025-11-13 10:58:05,377 - music_tracker - INFO - Song collection completed successfully
2025-11-13 11:58:03,351 - music_tracker - INFO - SpotiSpy song collection starting...
2025-11-13 11:58:03,351 - music_tracker - INFO - Starting song collection (last 1 hours)
2025-11-13 11:58:03,352 - music_tracker - INFO - Fetching recent tracks from Spotify...
2025-11-13 11:58:03,848 - music_tracker - INFO - Fetched 11 songs from Spotify
2025-11-13 11:58:03,851 - music_tracker - INFO - Found 11 songs from Spotify API
2025-11-13 11:58:03,851 - music_tracker - INFO - Checking for duplicates in database...
2025-11-13 11:58:05,426 - music_tracker - INFO - Found 11 new songs out of 11 total
2025-11-13 11:58:05,429 - music_tracker - INFO - Found 11 new songs to save
2025-11-13 11:58:05,429 - music_tracker - INFO - Saving songs to database...
2025-11-13 11:58:05,748 - music_tracker - INFO - Successfully saved 11 songs to database
2025-11-13 11:58:05,750 - music_tracker - INFO - Successfully saved 11 songs to database
2025-11-13 11:58:05,751 - music_tracker - INFO - Song collection completed successfully
2025-11-13 12:58:02,657 - music_tracker - INFO - SpotiSpy song collection starting...
2025-11-13 12:58:02,658 - music_tracker - INFO - Starting song collection (last 1 hours)
2025-11-13 12:58:02,658 - music_tracker - INFO - Fetching recent tracks from Spotify...
2025-11-13 12:58:03,096 - music_tracker - INFO - Fetched 4 songs from Spotify
2025-11-13 12:58:03,099 - music_tracker - INFO - Found 4 songs from Spotify API
2025-11-13 12:58:03,099 - music_tracker - INFO - Checking for duplicates in database...
2025-11-13 12:58:04,504 - music_tracker - INFO - Found 4 new songs out of 4 total
2025-11-13 12:58:04,506 - music_tracker - INFO - Found 4 new songs to save
2025-11-13 12:58:04,507 - music_tracker - INFO - Saving songs to database...
2025-11-13 12:58:04,902 - music_tracker - INFO - Successfully saved 4 songs to database
2025-11-13 12:58:04,904 - music_tracker - INFO - Successfully saved 4 songs to database
2025-11-13 12:58:04,905 - music_tracker - INFO - Song collection completed successfully
2025-11-13 13:58:02,822 - music_tracker - INFO - SpotiSpy song collection starting...
2025-11-13 13:58:02,823 - music_tracker - INFO - Starting song collection (last 1 hours)
2025-11-13 13:58:02,824 - music_tracker - INFO - Fetching recent tracks from Spotify...
2025-11-13 13:58:03,405 - music_tracker - INFO - Fetched 13 songs from Spotify
2025-11-13 13:58:03,407 - music_tracker - INFO - Found 13 songs from Spotify API
2025-11-13 13:58:03,408 - music_tracker - INFO - Checking for duplicates in database...
2025-11-13 13:58:04,895 - music_tracker - INFO - Found 13 new songs out of 13 total
2025-11-13 13:58:04,898 - music_tracker - INFO - Found 13 new songs to save
2025-11-13 13:58:04,898 - music_tracker - INFO - Saving songs to database...
2025-11-13 13:58:05,200 - music_tracker - INFO - Successfully saved 13 songs to database
2025-11-13 13:58:05,202 - music_tracker - INFO - Successfully saved 13 songs to database
2025-11-13 13:58:05,203 - music_tracker - INFO - Song collection completed successfully
2025-11-13 14:58:03,131 - music_tracker - INFO - SpotiSpy song collection starting...
2025-11-13 14:58:03,132 - music_tracker - INFO - Starting song collection (last 1 hours)
2025-11-13 14:58:03,132 - music_tracker - INFO - Fetching recent tracks from Spotify...
2025-11-13 14:58:03,473 - music_tracker - INFO - No recent songs found from Spotify
2025-11-13 14:58:03,475 - music_tracker - INFO - No new songs found from Spotify API
2025-11-13 14:58:03,476 - music_tracker - INFO - Song collection completed successfully
2025-11-13 15:58:03,385 - music_tracker - INFO - SpotiSpy song collection starting...
2025-11-13 15:58:03,385 - music_tracker - INFO - Starting song collection (last 1 hours)
2025-11-13 15:58:03,386 - music_tracker - INFO - Fetching recent tracks from Spotify...
2025-11-13 15:58:03,931 - music_tracker - INFO - Fetched 5 songs from Spotify
2025-11-13 15:58:03,933 - music_tracker - INFO - Found 5 songs from Spotify API
2025-11-13 15:58:03,934 - music_tracker - INFO - Checking for duplicates in database...
2025-11-13 15:58:05,587 - music_tracker - INFO - Found 5 new songs out of 5 total
2025-11-13 15:58:05,589 - music_tracker - INFO - Found 5 new songs to save
2025-11-13 15:58:05,590 - music_tracker - INFO - Saving songs to database...
2025-11-13 15:58:05,913 - music_tracker - INFO - Successfully saved 5 songs to database
2025-11-13 15:58:05,915 - music_tracker - INFO - Successfully saved 5 songs to database
2025-11-13 15:58:05,916 - music_tracker - INFO - Song collection completed successfully
2025-11-13 16:58:02,845 - music_tracker - INFO - SpotiSpy song collection starting...
2025-11-13 16:58:02,845 - music_tracker - INFO - Starting song collection (last 1 hours)
2025-11-13 16:58:02,846 - music_tracker - INFO - Fetching recent tracks from Spotify...
2025-11-13 16:58:03,277 - music_tracker - INFO - Fetched 5 songs from Spotify
2025-11-13 16:58:03,279 - music_tracker - INFO - Found 5 songs from Spotify API
2025-11-13 16:58:03,280 - music_tracker - INFO - Checking for duplicates in database...
2025-11-13 16:58:04,684 - music_tracker - INFO - Found 5 new songs out of 5 total
2025-11-13 16:58:04,686 - music_tracker - INFO - Found 5 new songs to save
2025-11-13 16:58:04,687 - music_tracker - INFO - Saving songs to database...
2025-11-13 16:58:04,973 - music_tracker - INFO - Successfully saved 5 songs to database
2025-11-13 16:58:04,975 - music_tracker - INFO - Successfully saved 5 songs to database
2025-11-13 16:58:04,976 - music_tracker - INFO - Song collection completed successfully
2025-11-13 17:58:02,911 - music_tracker - INFO - SpotiSpy song collection starting...
2025-11-13 17:58:02,911 - music_tracker - INFO - Starting song collection (last 1 hours)
2025-11-13 17:58:02,912 - music_tracker - INFO - Fetching recent tracks from Spotify...
2025-11-13 17:58:03,430 - music_tracker - INFO - Fetched 11 songs from Spotify
2025-11-13 17:58:03,433 - music_tracker - INFO - Found 11 songs from Spotify API
2025-11-13 17:58:03,433 - music_tracker - INFO - Checking for duplicates in database...
2025-11-13 17:58:04,950 - music_tracker - INFO - Found 11 new songs out of 11 total
2025-11-13 17:58:04,953 - music_tracker - INFO - Found 11 new songs to save
2025-11-13 17:58:04,953 - music_tracker - INFO - Saving songs to database...
2025-11-13 17:58:05,346 - music_tracker - INFO - Successfully saved 11 songs to database
2025-11-13 17:58:05,348 - music_tracker - INFO - Successfully saved 11 songs to database
2025-11-13 17:58:05,349 - music_tracker - INFO - Song collection completed successfully
2025-11-13 18:58:03,256 - music_tracker - INFO - SpotiSpy song collection starting...
2025-11-13 18:58:03,256 - music_tracker - INFO - Starting song collection (last 1 hours)
2025-11-13 18:58:03,257 - music_tracker - INFO - Fetching recent tracks from Spotify...
2025-11-13 18:58:03,701 - music_tracker - INFO - Fetched 5 songs from Spotify
2025-11-13 18:58:03,703 - music_tracker - INFO - Found 5 songs from Spotify API
2025-11-13 18:58:03,704 - music_tracker - INFO - Checking for duplicates in database...
2025-11-13 18:58:05,191 - music_tracker - INFO - Found 5 new songs out of 5 total
2025-11-13 18:58:05,193 - music_tracker - INFO - Found 5 new songs to save
2025-11-13 18:58:05,194 - music_tracker - INFO - Saving songs to database...
2025-11-13 18:58:05,626 - music_tracker - INFO - Successfully saved 5 songs to database
2025-11-13 18:58:05,628 - music_tracker - INFO - Successfully saved 5 songs to database
2025-11-13 18:58:05,629 - music_tracker - INFO - Song collection completed successfully
2025-11-13 19:58:03,546 - music_tracker - INFO - SpotiSpy song collection starting...
2025-11-13 19:58:03,547 - music_tracker - INFO - Starting song collection (last 1 hours)
2025-11-13 19:58:03,548 - music_tracker - INFO - Fetching recent tracks from Spotify...
2025-11-13 19:58:03,939 - music_tracker - INFO - No recent songs found from Spotify
2025-11-13 19:58:03,941 - music_tracker - INFO - No new songs found from Spotify API
2025-11-13 19:58:03,942 - music_tracker - INFO - Song collection completed successfully
2025-11-13 20:58:02,829 - music_tracker - INFO - SpotiSpy song collection starting...
2025-11-13 20:58:02,829 - music_tracker - INFO - Starting song collection (last 1 hours)
2025-11-13 20:58:02,830 - music_tracker - INFO - Fetching recent tracks from Spotify...
2025-11-13 20:58:03,301 - music_tracker - INFO - Fetched 3 songs from Spotify
2025-11-13 20:58:03,304 - music_tracker - INFO - Found 3 songs from Spotify API
2025-11-13 20:58:03,304 - music_tracker - INFO - Checking for duplicates in database...
2025-11-13 20:58:04,828 - music_tracker - INFO - Found 3 new songs out of 3 total
2025-11-13 20:58:04,830 - music_tracker - INFO - Found 3 new songs to save
2025-11-13 20:58:04,831 - music_tracker - INFO - Saving songs to database...
2025-11-13 20:58:05,126 - music_tracker - INFO - Successfully saved 3 songs to database
2025-11-13 20:58:05,128 - music_tracker - INFO - Successfully saved 3 songs to database
2025-11-13 20:58:05,129 - music_tracker - INFO - Song collection completed successfully
2025-11-13 21:58:03,046 - music_tracker - INFO - SpotiSpy song collection starting...
2025-11-13 21:58:03,047 - music_tracker - INFO - Starting song collection (last 1 hours)
2025-11-13 21:58:03,047 - music_tracker - INFO - Fetching recent tracks from Spotify...
2025-11-13 21:58:03,458 - music_tracker - INFO - Fetched 3 songs from Spotify
2025-11-13 21:58:03,460 - music_tracker - INFO - Found 3 songs from Spotify API
2025-11-13 21:58:03,461 - music_tracker - INFO - Checking for duplicates in database...
2025-11-13 21:58:04,959 - music_tracker - INFO - Found 3 new songs out of 3 total
2025-11-13 21:58:04,961 - music_tracker - INFO - Found 3 new songs to save
2025-11-13 21:58:04,962 - music_tracker - INFO - Saving songs to database...
2025-11-13 21:58:05,266 - music_tracker - INFO - Successfully saved 3 songs to database
2025-11-13 21:58:05,268 - music_tracker - INFO - Successfully saved 3 songs to database
2025-11-13 21:58:05,269 - music_tracker - INFO - Song collection completed successfully
2025-11-13 22:58:03,202 - music_tracker - INFO - SpotiSpy song collection starting...
2025-11-13 22:58:03,202 - music_tracker - INFO - Starting song collection (last 1 hours)
2025-11-13 22:58:03,203 - music_tracker - INFO - Fetching recent tracks from Spotify...
2025-11-13 22:58:03,587 - music_tracker - INFO - No recent songs found from Spotify
2025-11-13 22:58:03,589 - music_tracker - INFO - No new songs found from Spotify API
2025-11-13 22:58:03,590 - music_tracker - INFO - Song collection completed successfully
2025-11-13 23:58:03,475 - music_tracker - INFO - SpotiSpy song collection starting...
2025-11-13 23:58:03,476 - music_tracker - INFO - Starting song collection (last 1 hours)
2025-11-13 23:58:03,477 - music_tracker - INFO - Fetching recent tracks from Spotify...
2025-11-13 23:58:03,854 - music_tracker - INFO - No recent songs found from Spotify
2025-11-13 23:58:03,856 - music_tracker - INFO - No new songs found from Spotify API
2025-11-13 23:58:03,857 - music_tracker - INFO - Song collection completed successfully
