2025-10-22 00:58:03,186 - music_tracker - INFO - SpotiSpy song collection starting...
2025-10-22 00:58:03,187 - music_tracker - INFO - Starting song collection (last 1 hours)
2025-10-22 00:58:03,187 - music_tracker - INFO - Fetching recent tracks from Spotify...
2025-10-22 00:58:03,535 - music_tracker - INFO - No recent songs found from Spotify
2025-10-22 00:58:03,537 - music_tracker - INFO - No new songs found from Spotify API
2025-10-22 00:58:03,537 - music_tracker - INFO - Song collection completed successfully
2025-10-22 01:58:03,448 - music_tracker - INFO - SpotiSpy song collection starting...
2025-10-22 01:58:03,448 - music_tracker - INFO - Starting song collection (last 1 hours)
2025-10-22 01:58:03,449 - music_tracker - INFO - Fetching recent tracks from Spotify...
2025-10-22 01:58:03,809 - music_tracker - INFO - No recent songs found from Spotify
2025-10-22 01:58:03,811 - music_tracker - INFO - No new songs found from Spotify API
2025-10-22 01:58:03,812 - music_tracker - INFO - Song collection completed successfully
2025-10-22 02:58:02,721 - music_tracker - INFO - SpotiSpy song collection starting...
2025-10-22 02:58:02,722 - music_tracker - INFO - Starting song collection (last 1 hours)
2025-10-22 02:58:02,723 - music_tracker - INFO - Fetching recent tracks from Spotify...
2025-10-22 02:58:03,068 - music_tracker - INFO - No recent songs found from Spotify
2025-10-22 02:58:03,070 - music_tracker - INFO - No new songs found from Spotify API
2025-10-22 02:58:03,071 - music_tracker - INFO - Song collection completed successfully
2025-10-22 03:58:03,092 - music_tracker - INFO - SpotiSpy song collection starting...
2025-10-22 03:58:03,092 - music_tracker - INFO - Starting song collection (last 1 hours)
2025-10-22 03:58:03,093 - music_tracker - INFO - Fetching recent tracks from Spotify...
2025-10-22 03:58:03,461 - music_tracker - INFO - No recent songs found from Spotify
2025-10-22 03:58:03,463 - music_tracker - INFO - No new songs found from Spotify API
2025-10-22 03:58:03,464 - music_tracker - INFO - Song collection completed successfully
2025-10-22 04:58:03,492 - music_tracker - INFO - SpotiSpy song collection starting...
2025-10-22 04:58:03,492 - music_tracker - INFO - Starting song collection (last 1 hours)
2025-10-22 04:58:03,493 - music_tracker - INFO - Fetching recent tracks from Spotify...
2025-10-22 04:58:03,836 - music_tracker - INFO - No recent songs found from Spotify
2025-10-22 04:58:03,838 - music_tracker - INFO - No new songs found from Spotify API
2025-10-22 04:58:03,839 - music_tracker - INFO - Song collection completed successfully
2025-10-22 05:58:02,717 - music_tracker - INFO - SpotiSpy song collection starting...
2025-10-22 05:58:02,718 - music_tracker - INFO - Starting song collection (last 1 hours)
2025-10-22 05:58:02,719 - music_tracker - INFO - Fetching recent tracks from Spotify...
2025-10-22 05:58:03,096 - music_tracker - INFO - No recent songs found from Spotify
2025-10-22 05:58:03,098 - music_tracker - INFO - No new songs found from Spotify API
2025-10-22 05:58:03,099 - music_tracker - INFO - Song collection completed successfully
2025-10-22 06:58:03,040 - music_tracker - INFO - SpotiSpy song collection starting...
2025-10-22 06:58:03,041 - music_tracker - INFO - Starting song collection (last 1 hours)
2025-10-22 06:58:03,042 - music_tracker - INFO - Fetching recent tracks from Spotify...
2025-10-22 06:58:03,394 - music_tracker - INFO - No recent songs found from Spotify
2025-10-22 06:58:03,396 - music_tracker - INFO - No new songs found from Spotify API
2025-10-22 06:58:03,396 - music_tracker - INFO - Song collection completed successfully
2025-10-22 07:58:03,293 - music_tracker - INFO - SpotiSpy song collection starting...
2025-10-22 07:58:03,294 - music_tracker - INFO - Starting song collection (last 1 hours)
2025-10-22 07:58:03,295 - music_tracker - INFO - Fetching recent tracks from Spotify...
2025-10-22 07:58:03,875 - music_tracker - INFO - Fetched 10 songs from Spotify
2025-10-22 07:58:03,879 - music_tracker - INFO - Found 10 songs from Spotify API
2025-10-22 07:58:03,879 - music_tracker - INFO - Checking for duplicates in database...
2025-10-22 07:58:05,405 - music_tracker - INFO - Found 10 new songs out of 10 total
2025-10-22 07:58:05,407 - music_tracker - INFO - Found 10 new songs to save
2025-10-22 07:58:05,408 - music_tracker - INFO - Saving songs to database...
2025-10-22 07:58:05,784 - music_tracker - INFO - Successfully saved 10 songs to database
2025-10-22 07:58:05,786 - music_tracker - INFO - Successfully saved 10 songs to database
2025-10-22 07:58:05,786 - music_tracker - INFO - Song collection completed successfully
2025-10-22 08:58:02,699 - music_tracker - INFO - SpotiSpy song collection starting...
2025-10-22 08:58:02,699 - music_tracker - INFO - Starting song collection (last 1 hours)
2025-10-22 08:58:02,700 - music_tracker - INFO - Fetching recent tracks from Spotify...
2025-10-22 08:58:08,426 - music_tracker - INFO - Fetched 14 songs from Spotify
2025-10-22 08:58:08,431 - music_tracker - INFO - Found 14 songs from Spotify API
2025-10-22 08:58:08,432 - music_tracker - INFO - Checking for duplicates in database...
2025-10-22 08:58:09,886 - music_tracker - INFO - Found 14 new songs out of 14 total
2025-10-22 08:58:09,888 - music_tracker - INFO - Found 14 new songs to save
2025-10-22 08:58:09,889 - music_tracker - INFO - Saving songs to database...
2025-10-22 08:58:10,272 - music_tracker - INFO - Successfully saved 14 songs to database
2025-10-22 08:58:10,274 - music_tracker - INFO - Successfully saved 14 songs to database
2025-10-22 08:58:10,275 - music_tracker - INFO - Song collection completed successfully
2025-10-22 09:00:12,795 - music_tracker - INFO - SpotiSpy starting...
2025-10-22 09:00:12,796 - music_tracker - INFO - Starting daily SpotiSpy analysis
2025-10-22 09:00:12,796 - music_tracker - INFO - Fetching yesterday's listening data...
2025-10-22 09:00:13,244 - music_tracker - INFO - Fetched 79 songs from database
2025-10-22 09:00:13,245 - music_tracker - INFO - Found 79 songs to analyze
2025-10-22 09:00:13,246 - music_tracker - INFO - Running analysis...
2025-10-22 09:00:13,252 - music_tracker - INFO - Sending daily summary to Slack...
2025-10-22 09:00:34,430 - music_tracker - INFO - Message sent successfully to Slack
2025-10-22 09:00:34,430 - music_tracker - INFO - Daily analysis completed successfully!
2025-10-22 09:00:34,431 - music_tracker - INFO - SpotiSpy completed successfully
2025-10-22 09:58:05,102 - music_tracker - INFO - SpotiSpy song collection starting...
2025-10-22 09:58:05,103 - music_tracker - INFO - Starting song collection (last 1 hours)
2025-10-22 09:58:05,104 - music_tracker - INFO - Fetching recent tracks from Spotify...
2025-10-22 09:58:05,583 - music_tracker - INFO - Fetched 1 songs from Spotify
2025-10-22 09:58:05,585 - music_tracker - INFO - Found 1 songs from Spotify API
2025-10-22 09:58:05,586 - music_tracker - INFO - Checking for duplicates in database...
2025-10-22 09:58:07,035 - music_tracker - INFO - Found 1 new songs out of 1 total
2025-10-22 09:58:07,041 - music_tracker - INFO - Found 1 new songs to save
2025-10-22 09:58:07,042 - music_tracker - INFO - Saving songs to database...
2025-10-22 09:58:07,411 - music_tracker - INFO - Successfully saved 1 songs to database
2025-10-22 09:58:07,413 - music_tracker - INFO - Successfully saved 1 songs to database
2025-10-22 09:58:07,413 - music_tracker - INFO - Song collection completed successfully
2025-10-22 10:58:03,354 - music_tracker - INFO - SpotiSpy song collection starting...
2025-10-22 10:58:03,354 - music_tracker - INFO - Starting song collection (last 1 hours)
2025-10-22 10:58:03,355 - music_tracker - INFO - Fetching recent tracks from Spotify...
2025-10-22 10:58:03,841 - music_tracker - INFO - Fetched 8 songs from Spotify
2025-10-22 10:58:03,843 - music_tracker - INFO - Found 8 songs from Spotify API
2025-10-22 10:58:03,844 - music_tracker - INFO - Checking for duplicates in database...
2025-10-22 10:58:04,855 - music_tracker - INFO - Found 8 new songs out of 8 total
2025-10-22 10:58:04,857 - music_tracker - INFO - Found 8 new songs to save
2025-10-22 10:58:04,858 - music_tracker - INFO - Saving songs to database...
2025-10-22 10:58:05,242 - music_tracker - INFO - Successfully saved 8 songs to database
2025-10-22 10:58:05,244 - music_tracker - INFO - Successfully saved 8 songs to database
2025-10-22 10:58:05,245 - music_tracker - INFO - Song collection completed successfully
2025-10-22 11:58:03,166 - music_tracker - INFO - SpotiSpy song collection starting...
2025-10-22 11:58:03,167 - music_tracker - INFO - Starting song collection (last 1 hours)
2025-10-22 11:58:03,167 - music_tracker - INFO - Fetching recent tracks from Spotify...
2025-10-22 11:58:03,699 - music_tracker - INFO - Fetched 15 songs from Spotify
2025-10-22 11:58:03,702 - music_tracker - INFO - Found 15 songs from Spotify API
2025-10-22 11:58:03,703 - music_tracker - INFO - Checking for duplicates in database...
2025-10-22 11:58:05,066 - music_tracker - INFO - Found 15 new songs out of 15 total
2025-10-22 11:58:05,068 - music_tracker - INFO - Found 15 new songs to save
2025-10-22 11:58:05,069 - music_tracker - INFO - Saving songs to database...
2025-10-22 11:58:05,378 - music_tracker - INFO - Successfully saved 15 songs to database
2025-10-22 11:58:05,380 - music_tracker - INFO - Successfully saved 15 songs to database
2025-10-22 11:58:05,381 - music_tracker - INFO - Song collection completed successfully
2025-10-22 12:58:03,300 - music_tracker - INFO - SpotiSpy song collection starting...
2025-10-22 12:58:03,301 - music_tracker - INFO - Starting song collection (last 1 hours)
2025-10-22 12:58:03,302 - music_tracker - INFO - Fetching recent tracks from Spotify...
2025-10-22 12:58:08,804 - music_tracker - INFO - Fetched 8 songs from Spotify
2025-10-22 12:58:08,808 - music_tracker - INFO - Found 8 songs from Spotify API
2025-10-22 12:58:08,809 - music_tracker - INFO - Checking for duplicates in database...
2025-10-22 12:58:10,176 - music_tracker - INFO - Found 8 new songs out of 8 total
2025-10-22 12:58:10,178 - music_tracker - INFO - Found 8 new songs to save
2025-10-22 12:58:10,179 - music_tracker - INFO - Saving songs to database...
2025-10-22 12:58:10,488 - music_tracker - INFO - Successfully saved 8 songs to database
2025-10-22 12:58:10,490 - music_tracker - INFO - Successfully saved 8 songs to database
2025-10-22 12:58:10,491 - music_tracker - INFO - Song collection completed successfully
2025-10-22 13:58:03,412 - music_tracker - INFO - SpotiSpy song collection starting...
2025-10-22 13:58:03,413 - music_tracker - INFO - Starting song collection (last 1 hours)
2025-10-22 13:58:03,413 - music_tracker - INFO - Fetching recent tracks from Spotify...
2025-10-22 13:58:03,835 - music_tracker - INFO - Fetched 4 songs from Spotify
2025-10-22 13:58:03,838 - music_tracker - INFO - Found 4 songs from Spotify API
2025-10-22 13:58:03,838 - music_tracker - INFO - Checking for duplicates in database...
2025-10-22 13:58:05,189 - music_tracker - INFO - Found 4 new songs out of 4 total
2025-10-22 13:58:05,191 - music_tracker - INFO - Found 4 new songs to save
2025-10-22 13:58:05,192 - music_tracker - INFO - Saving songs to database...
2025-10-22 13:58:05,497 - music_tracker - INFO - Successfully saved 4 songs to database
2025-10-22 13:58:05,499 - music_tracker - INFO - Successfully saved 4 songs to database
2025-10-22 13:58:05,499 - music_tracker - INFO - Song collection completed successfully
2025-10-22 14:58:03,440 - music_tracker - INFO - SpotiSpy song collection starting...
2025-10-22 14:58:03,441 - music_tracker - INFO - Starting song collection (last 1 hours)
2025-10-22 14:58:03,441 - music_tracker - INFO - Fetching recent tracks from Spotify...
2025-10-22 14:58:03,903 - music_tracker - INFO - Fetched 1 songs from Spotify
2025-10-22 14:58:03,906 - music_tracker - INFO - Found 1 songs from Spotify API
2025-10-22 14:58:03,906 - music_tracker - INFO - Checking for duplicates in database...
2025-10-22 14:58:05,289 - music_tracker - INFO - Found 1 new songs out of 1 total
2025-10-22 14:58:05,292 - music_tracker - INFO - Found 1 new songs to save
2025-10-22 14:58:05,292 - music_tracker - INFO - Saving songs to database...
2025-10-22 14:58:05,597 - music_tracker - INFO - Successfully saved 1 songs to database
2025-10-22 14:58:05,599 - music_tracker - INFO - Successfully saved 1 songs to database
2025-10-22 14:58:05,600 - music_tracker - INFO - Song collection completed successfully
2025-10-22 15:58:03,516 - music_tracker - INFO - SpotiSpy song collection starting...
2025-10-22 15:58:03,516 - music_tracker - INFO - Starting song collection (last 1 hours)
2025-10-22 15:58:03,517 - music_tracker - INFO - Fetching recent tracks from Spotify...
2025-10-22 15:58:04,030 - music_tracker - INFO - Fetched 9 songs from Spotify
2025-10-22 15:58:04,033 - music_tracker - INFO - Found 9 songs from Spotify API
2025-10-22 15:58:04,034 - music_tracker - INFO - Checking for duplicates in database...
2025-10-22 15:58:05,512 - music_tracker - INFO - Found 9 new songs out of 9 total
2025-10-22 15:58:05,514 - music_tracker - INFO - Found 9 new songs to save
2025-10-22 15:58:05,515 - music_tracker - INFO - Saving songs to database...
2025-10-22 15:58:05,910 - music_tracker - INFO - Successfully saved 9 songs to database
2025-10-22 15:58:05,912 - music_tracker - INFO - Successfully saved 9 songs to database
2025-10-22 15:58:05,913 - music_tracker - INFO - Song collection completed successfully
2025-10-22 16:58:02,830 - music_tracker - INFO - SpotiSpy song collection starting...
2025-10-22 16:58:02,831 - music_tracker - INFO - Starting song collection (last 1 hours)
2025-10-22 16:58:02,831 - music_tracker - INFO - Fetching recent tracks from Spotify...
2025-10-22 16:58:03,275 - music_tracker - INFO - No recent songs found from Spotify
2025-10-22 16:58:03,277 - music_tracker - INFO - No new songs found from Spotify API
2025-10-22 16:58:03,277 - music_tracker - INFO - Song collection completed successfully
2025-10-22 17:58:03,162 - music_tracker - INFO - SpotiSpy song collection starting...
2025-10-22 17:58:03,162 - music_tracker - INFO - Starting song collection (last 1 hours)
2025-10-22 17:58:03,163 - music_tracker - INFO - Fetching recent tracks from Spotify...
2025-10-22 17:58:03,724 - music_tracker - INFO - Fetched 16 songs from Spotify
2025-10-22 17:58:03,727 - music_tracker - INFO - Found 16 songs from Spotify API
2025-10-22 17:58:03,728 - music_tracker - INFO - Checking for duplicates in database...
2025-10-22 17:58:05,288 - music_tracker - INFO - Found 16 new songs out of 16 total
2025-10-22 17:58:05,290 - music_tracker - INFO - Found 16 new songs to save
2025-10-22 17:58:05,291 - music_tracker - INFO - Saving songs to database...
2025-10-22 17:58:05,671 - music_tracker - INFO - Successfully saved 16 songs to database
2025-10-22 17:58:05,673 - music_tracker - INFO - Successfully saved 16 songs to database
2025-10-22 17:58:05,674 - music_tracker - INFO - Song collection completed successfully
2025-10-22 18:58:03,592 - music_tracker - INFO - SpotiSpy song collection starting...
2025-10-22 18:58:03,592 - music_tracker - INFO - Starting song collection (last 1 hours)
2025-10-22 18:58:03,593 - music_tracker - INFO - Fetching recent tracks from Spotify...
2025-10-22 18:58:04,121 - music_tracker - INFO - Fetched 14 songs from Spotify
2025-10-22 18:58:04,124 - music_tracker - INFO - Found 14 songs from Spotify API
2025-10-22 18:58:04,125 - music_tracker - INFO - Checking for duplicates in database...
2025-10-22 18:58:05,652 - music_tracker - INFO - Found 14 new songs out of 14 total
2025-10-22 18:58:05,655 - music_tracker - INFO - Found 14 new songs to save
2025-10-22 18:58:05,656 - music_tracker - INFO - Saving songs to database...
2025-10-22 18:58:06,071 - music_tracker - INFO - Successfully saved 14 songs to database
2025-10-22 18:58:06,073 - music_tracker - INFO - Successfully saved 14 songs to database
2025-10-22 18:58:06,074 - music_tracker - INFO - Song collection completed successfully
2025-10-22 19:58:03,014 - music_tracker - INFO - SpotiSpy song collection starting...
2025-10-22 19:58:03,014 - music_tracker - INFO - Starting song collection (last 1 hours)
2025-10-22 19:58:03,015 - music_tracker - INFO - Fetching recent tracks from Spotify...
2025-10-22 19:58:03,395 - music_tracker - INFO - No recent songs found from Spotify
2025-10-22 19:58:03,397 - music_tracker - INFO - No new songs found from Spotify API
2025-10-22 19:58:03,398 - music_tracker - INFO - Song collection completed successfully
2025-10-22 20:58:03,361 - music_tracker - INFO - SpotiSpy song collection starting...
2025-10-22 20:58:03,361 - music_tracker - INFO - Starting song collection (last 1 hours)
2025-10-22 20:58:03,362 - music_tracker - INFO - Fetching recent tracks from Spotify...
2025-10-22 20:58:03,784 - music_tracker - INFO - Fetched 1 songs from Spotify
2025-10-22 20:58:03,786 - music_tracker - INFO - Found 1 songs from Spotify API
2025-10-22 20:58:03,786 - music_tracker - INFO - Checking for duplicates in database...
2025-10-22 20:58:05,254 - music_tracker - INFO - Found 1 new songs out of 1 total
2025-10-22 20:58:05,256 - music_tracker - INFO - Found 1 new songs to save
2025-10-22 20:58:05,257 - music_tracker - INFO - Saving songs to database...
2025-10-22 20:58:05,717 - music_tracker - INFO - Successfully saved 1 songs to database
2025-10-22 20:58:05,719 - music_tracker - INFO - Successfully saved 1 songs to database
2025-10-22 20:58:05,720 - music_tracker - INFO - Song collection completed successfully
2025-10-22 21:58:02,680 - music_tracker - INFO - SpotiSpy song collection starting...
2025-10-22 21:58:02,681 - music_tracker - INFO - Starting song collection (last 1 hours)
2025-10-22 21:58:02,681 - music_tracker - INFO - Fetching recent tracks from Spotify...
2025-10-22 21:58:03,133 - music_tracker - INFO - Fetched 7 songs from Spotify
2025-10-22 21:58:03,135 - music_tracker - INFO - Found 7 songs from Spotify API
2025-10-22 21:58:03,136 - music_tracker - INFO - Checking for duplicates in database...
2025-10-22 21:58:04,536 - music_tracker - INFO - Found 7 new songs out of 7 total
2025-10-22 21:58:04,538 - music_tracker - INFO - Found 7 new songs to save
2025-10-22 21:58:04,538 - music_tracker - INFO - Saving songs to database...
2025-10-22 21:58:04,864 - music_tracker - INFO - Successfully saved 7 songs to database
2025-10-22 21:58:04,866 - music_tracker - INFO - Successfully saved 7 songs to database
2025-10-22 21:58:04,867 - music_tracker - INFO - Song collection completed successfully
2025-10-22 22:58:03,066 - music_tracker - INFO - SpotiSpy song collection starting...
2025-10-22 22:58:03,067 - music_tracker - INFO - Starting song collection (last 1 hours)
2025-10-22 22:58:03,067 - music_tracker - INFO - Fetching recent tracks from Spotify...
2025-10-22 22:58:03,649 - music_tracker - INFO - No recent songs found from Spotify
2025-10-22 22:58:03,652 - music_tracker - INFO - No new songs found from Spotify API
2025-10-22 22:58:03,653 - music_tracker - INFO - Song collection completed successfully
2025-10-22 23:58:03,568 - music_tracker - INFO - SpotiSpy song collection starting...
2025-10-22 23:58:03,569 - music_tracker - INFO - Starting song collection (last 1 hours)
2025-10-22 23:58:03,569 - music_tracker - INFO - Fetching recent tracks from Spotify...
2025-10-22 23:58:03,920 - music_tracker - INFO - No recent songs found from Spotify
2025-10-22 23:58:03,922 - music_tracker - INFO - No new songs found from Spotify API
2025-10-22 23:58:03,922 - music_tracker - INFO - Song collection completed successfully
