2025-10-30 00:58:03,814 - music_tracker - INFO - SpotiSpy song collection starting...
2025-10-30 00:58:03,815 - music_tracker - INFO - Starting song collection (last 1 hours)
2025-10-30 00:58:03,816 - music_tracker - INFO - Fetching recent tracks from Spotify...
2025-10-30 00:58:04,192 - music_tracker - INFO - No recent songs found from Spotify
2025-10-30 00:58:04,194 - music_tracker - INFO - No new songs found from Spotify API
2025-10-30 00:58:04,195 - music_tracker - INFO - Song collection completed successfully
2025-10-30 01:58:03,097 - music_tracker - INFO - SpotiSpy song collection starting...
2025-10-30 01:58:03,098 - music_tracker - INFO - Starting song collection (last 1 hours)
2025-10-30 01:58:03,098 - music_tracker - INFO - Fetching recent tracks from Spotify...
2025-10-30 01:58:03,448 - music_tracker - INFO - No recent songs found from Spotify
2025-10-30 01:58:03,450 - music_tracker - INFO - No new songs found from Spotify API
2025-10-30 01:58:03,451 - music_tracker - INFO - Song collection completed successfully
2025-10-30 02:58:03,339 - music_tracker - INFO - SpotiSpy song collection starting...
2025-10-30 02:58:03,339 - music_tracker - INFO - Starting song collection (last 1 hours)
2025-10-30 02:58:03,340 - music_tracker - INFO - Fetching recent tracks from Spotify...
2025-10-30 02:58:03,673 - music_tracker - INFO - No recent songs found from Spotify
2025-10-30 02:58:03,676 - music_tracker - INFO - No new songs found from Spotify API
2025-10-30 02:58:03,676 - music_tracker - INFO - Song collection completed successfully
2025-10-30 03:58:03,373 - music_tracker - INFO - SpotiSpy song collection starting...
2025-10-30 03:58:03,374 - music_tracker - INFO - Starting song collection (last 1 hours)
2025-10-30 03:58:03,375 - music_tracker - INFO - Fetching recent tracks from Spotify...
2025-10-30 03:58:03,738 - music_tracker - INFO - No recent songs found from Spotify
2025-10-30 03:58:03,740 - music_tracker - INFO - No new songs found from Spotify API
2025-10-30 03:58:03,741 - music_tracker - INFO - Song collection completed successfully
2025-10-30 04:58:02,711 - music_tracker - INFO - SpotiSpy song collection starting...
2025-10-30 04:58:02,712 - music_tracker - INFO - Starting song collection (last 1 hours)
2025-10-30 04:58:02,713 - music_tracker - INFO - Fetching recent tracks from Spotify...
2025-10-30 04:58:03,180 - music_tracker - INFO - No recent songs found from Spotify
2025-10-30 04:58:03,182 - music_tracker - INFO - No new songs found from Spotify API
2025-10-30 04:58:03,183 - music_tracker - INFO - Song collection completed successfully
2025-10-30 05:58:03,089 - music_tracker - INFO - SpotiSpy song collection starting...
2025-10-30 05:58:03,089 - music_tracker - INFO - Starting song collection (last 1 hours)
2025-10-30 05:58:03,090 - music_tracker - INFO - Fetching recent tracks from Spotify...
2025-10-30 05:58:03,450 - music_tracker - INFO - No recent songs found from Spotify
2025-10-30 05:58:03,452 - music_tracker - INFO - No new songs found from Spotify API
2025-10-30 05:58:03,453 - music_tracker - INFO - Song collection completed successfully
2025-10-30 06:58:03,397 - music_tracker - INFO - SpotiSpy song collection starting...
2025-10-30 06:58:03,397 - music_tracker - INFO - Starting song collection (last 1 hours)
2025-10-30 06:58:03,398 - music_tracker - INFO - Fetching recent tracks from Spotify...
2025-10-30 06:58:03,839 - music_tracker - INFO - No recent songs found from Spotify
2025-10-30 06:58:03,841 - music_tracker - INFO - No new songs found from Spotify API
2025-10-30 06:58:03,842 - music_tracker - INFO - Song collection completed successfully
2025-10-30 07:58:02,728 - music_tracker - INFO - SpotiSpy song collection starting...
2025-10-30 07:58:02,728 - music_tracker - INFO - Starting song collection (last 1 hours)
2025-10-30 07:58:02,729 - music_tracker - INFO - Fetching recent tracks from Spotify...
2025-10-30 07:58:03,188 - music_tracker - INFO - Fetched 6 songs from Spotify
2025-10-30 07:58:03,190 - music_tracker - INFO - Found 6 songs from Spotify API
2025-10-30 07:58:03,191 - music_tracker - INFO - Checking for duplicates in database...
2025-10-30 07:58:04,683 - music_tracker - INFO - Found 6 new songs out of 6 total
2025-10-30 07:58:04,685 - music_tracker - INFO - Found 6 new songs to save
2025-10-30 07:58:04,686 - music_tracker - INFO - Saving songs to database...
2025-10-30 07:58:05,022 - music_tracker - INFO - Successfully saved 6 songs to database
2025-10-30 07:58:05,024 - music_tracker - INFO - Successfully saved 6 songs to database
2025-10-30 07:58:05,025 - music_tracker - INFO - Song collection completed successfully
2025-10-30 08:58:02,926 - music_tracker - INFO - SpotiSpy song collection starting...
2025-10-30 08:58:02,927 - music_tracker - INFO - Starting song collection (last 1 hours)
2025-10-30 08:58:02,927 - music_tracker - INFO - Fetching recent tracks from Spotify...
2025-10-30 08:58:03,687 - music_tracker - INFO - Fetched 10 songs from Spotify
2025-10-30 08:58:03,691 - music_tracker - INFO - Found 10 songs from Spotify API
2025-10-30 08:58:03,692 - music_tracker - INFO - Checking for duplicates in database...
2025-10-30 08:58:05,170 - music_tracker - INFO - Found 10 new songs out of 10 total
2025-10-30 08:58:05,172 - music_tracker - INFO - Found 10 new songs to save
2025-10-30 08:58:05,173 - music_tracker - INFO - Saving songs to database...
2025-10-30 08:58:05,577 - music_tracker - INFO - Successfully saved 10 songs to database
2025-10-30 08:58:05,579 - music_tracker - INFO - Successfully saved 10 songs to database
2025-10-30 08:58:05,579 - music_tracker - INFO - Song collection completed successfully
2025-10-30 09:00:13,605 - music_tracker - INFO - SpotiSpy starting...
2025-10-30 09:00:13,606 - music_tracker - INFO - Starting daily SpotiSpy analysis
2025-10-30 09:00:13,607 - music_tracker - INFO - Fetching yesterday's listening data...
2025-10-30 09:00:13,987 - music_tracker - INFO - Fetched 70 songs from database
2025-10-30 09:00:13,988 - music_tracker - INFO - Found 70 songs to analyze
2025-10-30 09:00:13,989 - music_tracker - INFO - Running analysis...
2025-10-30 09:00:13,995 - music_tracker - INFO - Sending daily summary to Slack...
2025-10-30 09:00:37,179 - music_tracker - INFO - Message sent successfully to Slack
2025-10-30 09:00:37,183 - music_tracker - INFO - Daily analysis completed successfully!
2025-10-30 09:00:37,184 - music_tracker - INFO - SpotiSpy completed successfully
2025-10-30 09:58:04,355 - music_tracker - INFO - SpotiSpy song collection starting...
2025-10-30 09:58:04,356 - music_tracker - INFO - Starting song collection (last 1 hours)
2025-10-30 09:58:04,357 - music_tracker - INFO - Fetching recent tracks from Spotify...
2025-10-30 09:58:06,576 - music_tracker - INFO - Fetched 5 songs from Spotify
2025-10-30 09:58:06,583 - music_tracker - INFO - Found 5 songs from Spotify API
2025-10-30 09:58:06,584 - music_tracker - INFO - Checking for duplicates in database...
2025-10-30 09:58:08,162 - music_tracker - INFO - Found 5 new songs out of 5 total
2025-10-30 09:58:08,164 - music_tracker - INFO - Found 5 new songs to save
2025-10-30 09:58:08,165 - music_tracker - INFO - Saving songs to database...
2025-10-30 09:58:08,525 - music_tracker - INFO - Successfully saved 5 songs to database
2025-10-30 09:58:08,527 - music_tracker - INFO - Successfully saved 5 songs to database
2025-10-30 09:58:08,527 - music_tracker - INFO - Song collection completed successfully
2025-10-30 10:58:03,483 - music_tracker - INFO - SpotiSpy song collection starting...
2025-10-30 10:58:03,484 - music_tracker - INFO - Starting song collection (last 1 hours)
2025-10-30 10:58:03,484 - music_tracker - INFO - Fetching recent tracks from Spotify...
2025-10-30 10:58:03,900 - music_tracker - INFO - Fetched 1 songs from Spotify
2025-10-30 10:58:03,902 - music_tracker - INFO - Found 1 songs from Spotify API
2025-10-30 10:58:03,903 - music_tracker - INFO - Checking for duplicates in database...
2025-10-30 10:58:05,331 - music_tracker - INFO - Found 1 new songs out of 1 total
2025-10-30 10:58:05,334 - music_tracker - INFO - Found 1 new songs to save
2025-10-30 10:58:05,334 - music_tracker - INFO - Saving songs to database...
2025-10-30 10:58:05,690 - music_tracker - INFO - Successfully saved 1 songs to database
2025-10-30 10:58:05,692 - music_tracker - INFO - Successfully saved 1 songs to database
2025-10-30 10:58:05,693 - music_tracker - INFO - Song collection completed successfully
2025-10-30 11:58:02,617 - music_tracker - INFO - SpotiSpy song collection starting...
2025-10-30 11:58:02,617 - music_tracker - INFO - Starting song collection (last 1 hours)
2025-10-30 11:58:02,618 - music_tracker - INFO - Fetching recent tracks from Spotify...
2025-10-30 11:58:03,187 - music_tracker - INFO - Fetched 1 songs from Spotify
2025-10-30 11:58:03,189 - music_tracker - INFO - Found 1 songs from Spotify API
2025-10-30 11:58:03,189 - music_tracker - INFO - Checking for duplicates in database...
2025-10-30 11:58:04,494 - music_tracker - INFO - Found 1 new songs out of 1 total
2025-10-30 11:58:04,496 - music_tracker - INFO - Found 1 new songs to save
2025-10-30 11:58:04,497 - music_tracker - INFO - Saving songs to database...
2025-10-30 11:58:04,809 - music_tracker - INFO - Successfully saved 1 songs to database
2025-10-30 11:58:04,812 - music_tracker - INFO - Successfully saved 1 songs to database
2025-10-30 11:58:04,812 - music_tracker - INFO - Song collection completed successfully
2025-10-30 12:58:02,772 - music_tracker - INFO - SpotiSpy song collection starting...
2025-10-30 12:58:02,772 - music_tracker - INFO - Starting song collection (last 1 hours)
2025-10-30 12:58:02,773 - music_tracker - INFO - Fetching recent tracks from Spotify...
2025-10-30 12:58:03,312 - music_tracker - INFO - Fetched 2 songs from Spotify
2025-10-30 12:58:03,314 - music_tracker - INFO - Found 2 songs from Spotify API
2025-10-30 12:58:03,315 - music_tracker - INFO - Checking for duplicates in database...
2025-10-30 12:58:04,677 - music_tracker - INFO - Found 2 new songs out of 2 total
2025-10-30 12:58:04,679 - music_tracker - INFO - Found 2 new songs to save
2025-10-30 12:58:04,680 - music_tracker - INFO - Saving songs to database...
2025-10-30 12:58:04,949 - music_tracker - INFO - Successfully saved 2 songs to database
2025-10-30 12:58:04,951 - music_tracker - INFO - Successfully saved 2 songs to database
2025-10-30 12:58:04,952 - music_tracker - INFO - Song collection completed successfully
2025-10-30 13:58:02,911 - music_tracker - INFO - SpotiSpy song collection starting...
2025-10-30 13:58:02,912 - music_tracker - INFO - Starting song collection (last 1 hours)
2025-10-30 13:58:02,912 - music_tracker - INFO - Fetching recent tracks from Spotify...
2025-10-30 13:58:08,494 - music_tracker - INFO - Fetched 12 songs from Spotify
2025-10-30 13:58:08,497 - music_tracker - INFO - Found 12 songs from Spotify API
2025-10-30 13:58:08,498 - music_tracker - INFO - Checking for duplicates in database...
2025-10-30 13:58:09,873 - music_tracker - INFO - Found 12 new songs out of 12 total
2025-10-30 13:58:09,875 - music_tracker - INFO - Found 12 new songs to save
2025-10-30 13:58:09,876 - music_tracker - INFO - Saving songs to database...
2025-10-30 13:58:10,205 - music_tracker - INFO - Successfully saved 12 songs to database
2025-10-30 13:58:10,207 - music_tracker - INFO - Successfully saved 12 songs to database
2025-10-30 13:58:10,208 - music_tracker - INFO - Song collection completed successfully
2025-10-30 14:58:03,154 - music_tracker - INFO - SpotiSpy song collection starting...
2025-10-30 14:58:03,154 - music_tracker - INFO - Starting song collection (last 1 hours)
2025-10-30 14:58:03,155 - music_tracker - INFO - Fetching recent tracks from Spotify...
2025-10-30 14:58:03,622 - music_tracker - INFO - Fetched 9 songs from Spotify
2025-10-30 14:58:03,624 - music_tracker - INFO - Found 9 songs from Spotify API
2025-10-30 14:58:03,625 - music_tracker - INFO - Checking for duplicates in database...
2025-10-30 14:58:04,963 - music_tracker - INFO - Found 9 new songs out of 9 total
2025-10-30 14:58:04,965 - music_tracker - INFO - Found 9 new songs to save
2025-10-30 14:58:04,966 - music_tracker - INFO - Saving songs to database...
2025-10-30 14:58:05,331 - music_tracker - INFO - Successfully saved 9 songs to database
2025-10-30 14:58:05,333 - music_tracker - INFO - Successfully saved 9 songs to database
2025-10-30 14:58:05,334 - music_tracker - INFO - Song collection completed successfully
2025-10-30 15:58:03,267 - music_tracker - INFO - SpotiSpy song collection starting...
2025-10-30 15:58:03,267 - music_tracker - INFO - Starting song collection (last 1 hours)
2025-10-30 15:58:03,268 - music_tracker - INFO - Fetching recent tracks from Spotify...
2025-10-30 15:58:03,829 - music_tracker - INFO - Fetched 17 songs from Spotify
2025-10-30 15:58:03,832 - music_tracker - INFO - Found 17 songs from Spotify API
2025-10-30 15:58:03,833 - music_tracker - INFO - Checking for duplicates in database...
2025-10-30 15:58:05,282 - music_tracker - INFO - Found 17 new songs out of 17 total
2025-10-30 15:58:05,284 - music_tracker - INFO - Found 17 new songs to save
2025-10-30 15:58:05,285 - music_tracker - INFO - Saving songs to database...
2025-10-30 15:58:05,684 - music_tracker - INFO - Successfully saved 17 songs to database
2025-10-30 15:58:05,686 - music_tracker - INFO - Successfully saved 17 songs to database
2025-10-30 15:58:05,687 - music_tracker - INFO - Song collection completed successfully
2025-10-30 16:58:02,619 - music_tracker - INFO - SpotiSpy song collection starting...
2025-10-30 16:58:02,620 - music_tracker - INFO - Starting song collection (last 1 hours)
2025-10-30 16:58:02,621 - music_tracker - INFO - Fetching recent tracks from Spotify...
2025-10-30 16:58:03,367 - music_tracker - INFO - Fetched 14 songs from Spotify
2025-10-30 16:58:03,371 - music_tracker - INFO - Found 14 songs from Spotify API
2025-10-30 16:58:03,372 - music_tracker - INFO - Checking for duplicates in database...
2025-10-30 16:58:04,722 - music_tracker - INFO - Found 14 new songs out of 14 total
2025-10-30 16:58:04,724 - music_tracker - INFO - Found 14 new songs to save
2025-10-30 16:58:04,725 - music_tracker - INFO - Saving songs to database...
2025-10-30 16:58:05,086 - music_tracker - INFO - Successfully saved 14 songs to database
2025-10-30 16:58:05,088 - music_tracker - INFO - Successfully saved 14 songs to database
2025-10-30 16:58:05,089 - music_tracker - INFO - Song collection completed successfully
2025-10-30 17:58:03,004 - music_tracker - INFO - SpotiSpy song collection starting...
2025-10-30 17:58:03,004 - music_tracker - INFO - Starting song collection (last 1 hours)
2025-10-30 17:58:03,005 - music_tracker - INFO - Fetching recent tracks from Spotify...
2025-10-30 17:58:03,658 - music_tracker - INFO - Fetched 17 songs from Spotify
2025-10-30 17:58:03,661 - music_tracker - INFO - Found 17 songs from Spotify API
2025-10-30 17:58:03,662 - music_tracker - INFO - Checking for duplicates in database...
2025-10-30 17:58:05,112 - music_tracker - INFO - Found 17 new songs out of 17 total
2025-10-30 17:58:05,114 - music_tracker - INFO - Found 17 new songs to save
2025-10-30 17:58:05,115 - music_tracker - INFO - Saving songs to database...
2025-10-30 17:58:05,435 - music_tracker - INFO - Successfully saved 17 songs to database
2025-10-30 17:58:05,437 - music_tracker - INFO - Successfully saved 17 songs to database
2025-10-30 17:58:05,438 - music_tracker - INFO - Song collection completed successfully
2025-10-30 18:58:03,397 - music_tracker - INFO - SpotiSpy song collection starting...
2025-10-30 18:58:03,397 - music_tracker - INFO - Starting song collection (last 1 hours)
2025-10-30 18:58:03,398 - music_tracker - INFO - Fetching recent tracks from Spotify...
2025-10-30 18:58:04,049 - music_tracker - INFO - Fetched 22 songs from Spotify
2025-10-30 18:58:04,052 - music_tracker - INFO - Found 22 songs from Spotify API
2025-10-30 18:58:04,053 - music_tracker - INFO - Checking for duplicates in database...
2025-10-30 18:58:05,478 - music_tracker - INFO - Found 22 new songs out of 22 total
2025-10-30 18:58:05,480 - music_tracker - INFO - Found 22 new songs to save
2025-10-30 18:58:05,481 - music_tracker - INFO - Saving songs to database...
2025-10-30 18:58:05,912 - music_tracker - INFO - Successfully saved 22 songs to database
2025-10-30 18:58:05,914 - music_tracker - INFO - Successfully saved 22 songs to database
2025-10-30 18:58:05,915 - music_tracker - INFO - Song collection completed successfully
2025-10-30 19:58:02,841 - music_tracker - INFO - SpotiSpy song collection starting...
2025-10-30 19:58:02,841 - music_tracker - INFO - Starting song collection (last 1 hours)
2025-10-30 19:58:02,842 - music_tracker - INFO - Fetching recent tracks from Spotify...
2025-10-30 19:58:03,362 - music_tracker - INFO - Fetched 16 songs from Spotify
2025-10-30 19:58:03,365 - music_tracker - INFO - Found 16 songs from Spotify API
2025-10-30 19:58:03,366 - music_tracker - INFO - Checking for duplicates in database...
2025-10-30 19:58:04,663 - music_tracker - INFO - Found 16 new songs out of 16 total
2025-10-30 19:58:04,665 - music_tracker - INFO - Found 16 new songs to save
2025-10-30 19:58:04,666 - music_tracker - INFO - Saving songs to database...
2025-10-30 19:58:04,962 - music_tracker - INFO - Successfully saved 16 songs to database
2025-10-30 19:58:04,964 - music_tracker - INFO - Successfully saved 16 songs to database
2025-10-30 19:58:04,965 - music_tracker - INFO - Song collection completed successfully
2025-10-30 20:58:02,901 - music_tracker - INFO - SpotiSpy song collection starting...
2025-10-30 20:58:02,902 - music_tracker - INFO - Starting song collection (last 1 hours)
2025-10-30 20:58:02,902 - music_tracker - INFO - Fetching recent tracks from Spotify...
2025-10-30 20:58:03,298 - music_tracker - INFO - No recent songs found from Spotify
2025-10-30 20:58:03,301 - music_tracker - INFO - No new songs found from Spotify API
2025-10-30 20:58:03,301 - music_tracker - INFO - Song collection completed successfully
2025-10-30 21:58:03,527 - music_tracker - INFO - SpotiSpy song collection starting...
2025-10-30 21:58:03,527 - music_tracker - INFO - Starting song collection (last 1 hours)
2025-10-30 21:58:03,528 - music_tracker - INFO - Fetching recent tracks from Spotify...
2025-10-30 21:58:03,892 - music_tracker - INFO - No recent songs found from Spotify
2025-10-30 21:58:03,894 - music_tracker - INFO - No new songs found from Spotify API
2025-10-30 21:58:03,895 - music_tracker - INFO - Song collection completed successfully
2025-10-30 22:58:03,291 - music_tracker - INFO - SpotiSpy song collection starting...
2025-10-30 22:58:03,292 - music_tracker - INFO - Starting song collection (last 1 hours)
2025-10-30 22:58:03,293 - music_tracker - INFO - Fetching recent tracks from Spotify...
2025-10-30 22:58:03,664 - music_tracker - INFO - No recent songs found from Spotify
2025-10-30 22:58:03,667 - music_tracker - INFO - No new songs found from Spotify API
2025-10-30 22:58:03,667 - music_tracker - INFO - Song collection completed successfully
2025-10-30 23:58:03,564 - music_tracker - INFO - SpotiSpy song collection starting...
2025-10-30 23:58:03,564 - music_tracker - INFO - Starting song collection (last 1 hours)
2025-10-30 23:58:03,565 - music_tracker - INFO - Fetching recent tracks from Spotify...
2025-10-30 23:58:03,928 - music_tracker - INFO - No recent songs found from Spotify
2025-10-30 23:58:03,930 - music_tracker - INFO - No new songs found from Spotify API
2025-10-30 23:58:03,930 - music_tracker - INFO - Song collection completed successfully
