2025-09-03 00:58:02,896 - music_tracker - INFO - SpotiSpy song collection starting...
2025-09-03 00:58:02,897 - music_tracker - INFO - Starting song collection (last 1 hours)
2025-09-03 00:58:02,898 - music_tracker - INFO - Fetching recent tracks from Spotify...
2025-09-03 00:58:03,237 - music_tracker - INFO - No recent songs found from Spotify
2025-09-03 00:58:03,239 - music_tracker - INFO - No new songs found from Spotify API
2025-09-03 00:58:03,239 - music_tracker - INFO - Song collection completed successfully
2025-09-03 01:58:03,147 - music_tracker - INFO - SpotiSpy song collection starting...
2025-09-03 01:58:03,148 - music_tracker - INFO - Starting song collection (last 1 hours)
2025-09-03 01:58:03,149 - music_tracker - INFO - Fetching recent tracks from Spotify...
2025-09-03 01:58:03,515 - music_tracker - INFO - No recent songs found from Spotify
2025-09-03 01:58:03,517 - music_tracker - INFO - No new songs found from Spotify API
2025-09-03 01:58:03,517 - music_tracker - INFO - Song collection completed successfully
2025-09-03 02:58:03,420 - music_tracker - INFO - SpotiSpy song collection starting...
2025-09-03 02:58:03,421 - music_tracker - INFO - Starting song collection (last 1 hours)
2025-09-03 02:58:03,421 - music_tracker - INFO - Fetching recent tracks from Spotify...
2025-09-03 02:58:04,461 - music_tracker - INFO - No recent songs found from Spotify
2025-09-03 02:58:04,463 - music_tracker - INFO - No new songs found from Spotify API
2025-09-03 02:58:04,464 - music_tracker - INFO - Song collection completed successfully
2025-09-03 03:58:03,389 - music_tracker - INFO - SpotiSpy song collection starting...
2025-09-03 03:58:03,390 - music_tracker - INFO - Starting song collection (last 1 hours)
2025-09-03 03:58:03,390 - music_tracker - INFO - Fetching recent tracks from Spotify...
2025-09-03 03:58:03,757 - music_tracker - INFO - No recent songs found from Spotify
2025-09-03 03:58:03,759 - music_tracker - INFO - No new songs found from Spotify API
2025-09-03 03:58:03,759 - music_tracker - INFO - Song collection completed successfully
2025-09-03 04:58:02,658 - music_tracker - INFO - SpotiSpy song collection starting...
2025-09-03 04:58:02,658 - music_tracker - INFO - Starting song collection (last 1 hours)
2025-09-03 04:58:02,659 - music_tracker - INFO - Fetching recent tracks from Spotify...
2025-09-03 04:58:03,063 - music_tracker - INFO - No recent songs found from Spotify
2025-09-03 04:58:03,065 - music_tracker - INFO - No new songs found from Spotify API
2025-09-03 04:58:03,066 - music_tracker - INFO - Song collection completed successfully
2025-09-03 05:58:03,131 - music_tracker - INFO - SpotiSpy song collection starting...
2025-09-03 05:58:03,132 - music_tracker - INFO - Starting song collection (last 1 hours)
2025-09-03 05:58:03,133 - music_tracker - INFO - Fetching recent tracks from Spotify...
2025-09-03 05:58:03,848 - music_tracker - INFO - No recent songs found from Spotify
2025-09-03 05:58:03,851 - music_tracker - INFO - No new songs found from Spotify API
2025-09-03 05:58:03,852 - music_tracker - INFO - Song collection completed successfully
2025-09-03 06:58:02,838 - music_tracker - INFO - SpotiSpy song collection starting...
2025-09-03 06:58:02,838 - music_tracker - INFO - Starting song collection (last 1 hours)
2025-09-03 06:58:02,839 - music_tracker - INFO - Fetching recent tracks from Spotify...
2025-09-03 06:58:03,203 - music_tracker - INFO - No recent songs found from Spotify
2025-09-03 06:58:03,206 - music_tracker - INFO - No new songs found from Spotify API
2025-09-03 06:58:03,206 - music_tracker - INFO - Song collection completed successfully
2025-09-03 07:58:03,095 - music_tracker - INFO - SpotiSpy song collection starting...
2025-09-03 07:58:03,095 - music_tracker - INFO - Starting song collection (last 1 hours)
2025-09-03 07:58:03,096 - music_tracker - INFO - Fetching recent tracks from Spotify...
2025-09-03 07:58:03,475 - music_tracker - INFO - No recent songs found from Spotify
2025-09-03 07:58:03,478 - music_tracker - INFO - No new songs found from Spotify API
2025-09-03 07:58:03,478 - music_tracker - INFO - Song collection completed successfully
2025-09-03 08:58:03,686 - music_tracker - INFO - SpotiSpy song collection starting...
2025-09-03 08:58:03,686 - music_tracker - INFO - Starting song collection (last 1 hours)
2025-09-03 08:58:03,687 - music_tracker - INFO - Fetching recent tracks from Spotify...
2025-09-03 08:58:04,249 - music_tracker - INFO - Fetched 3 songs from Spotify
2025-09-03 08:58:04,251 - music_tracker - INFO - Found 3 songs from Spotify API
2025-09-03 08:58:04,252 - music_tracker - INFO - Checking for duplicates in database...
2025-09-03 08:58:05,804 - music_tracker - INFO - Found 3 new songs out of 3 total
2025-09-03 08:58:05,806 - music_tracker - INFO - Found 3 new songs to save
2025-09-03 08:58:05,807 - music_tracker - INFO - Saving songs to database...
2025-09-03 08:58:06,271 - music_tracker - INFO - Successfully saved 3 songs to database
2025-09-03 08:58:06,273 - music_tracker - INFO - Successfully saved 3 songs to database
2025-09-03 08:58:06,274 - music_tracker - INFO - Song collection completed successfully
2025-09-03 09:00:12,896 - music_tracker - INFO - SpotiSpy starting...
2025-09-03 09:00:12,897 - music_tracker - INFO - Starting daily SpotiSpy analysis
2025-09-03 09:00:12,897 - music_tracker - INFO - Fetching yesterday's listening data...
2025-09-03 09:00:13,344 - music_tracker - INFO - Fetched 54 songs from database
2025-09-03 09:00:13,346 - music_tracker - INFO - Found 54 songs to analyze
2025-09-03 09:00:13,346 - music_tracker - INFO - Running analysis...
2025-09-03 09:00:13,351 - music_tracker - INFO - Sending daily summary to Slack...
2025-09-03 09:00:30,349 - music_tracker - INFO - Message sent successfully to Slack
2025-09-03 09:00:30,350 - music_tracker - INFO - Daily analysis completed successfully!
2025-09-03 09:00:30,350 - music_tracker - INFO - SpotiSpy completed successfully
2025-09-03 09:58:03,261 - music_tracker - INFO - SpotiSpy song collection starting...
2025-09-03 09:58:03,261 - music_tracker - INFO - Starting song collection (last 1 hours)
2025-09-03 09:58:03,262 - music_tracker - INFO - Fetching recent tracks from Spotify...
2025-09-03 09:58:03,697 - music_tracker - INFO - Fetched 2 songs from Spotify
2025-09-03 09:58:03,699 - music_tracker - INFO - Found 2 songs from Spotify API
2025-09-03 09:58:03,700 - music_tracker - INFO - Checking for duplicates in database...
2025-09-03 09:58:04,845 - music_tracker - INFO - Found 2 new songs out of 2 total
2025-09-03 09:58:04,848 - music_tracker - INFO - Found 2 new songs to save
2025-09-03 09:58:04,848 - music_tracker - INFO - Saving songs to database...
2025-09-03 09:58:05,230 - music_tracker - INFO - Successfully saved 2 songs to database
2025-09-03 09:58:05,232 - music_tracker - INFO - Successfully saved 2 songs to database
2025-09-03 09:58:05,233 - music_tracker - INFO - Song collection completed successfully
2025-09-03 10:58:03,147 - music_tracker - INFO - SpotiSpy song collection starting...
2025-09-03 10:58:03,147 - music_tracker - INFO - Starting song collection (last 1 hours)
2025-09-03 10:58:03,148 - music_tracker - INFO - Fetching recent tracks from Spotify...
2025-09-03 10:58:03,742 - music_tracker - INFO - Fetched 16 songs from Spotify
2025-09-03 10:58:03,745 - music_tracker - INFO - Found 16 songs from Spotify API
2025-09-03 10:58:03,746 - music_tracker - INFO - Checking for duplicates in database...
2025-09-03 10:58:05,102 - music_tracker - INFO - Found 16 new songs out of 16 total
2025-09-03 10:58:05,104 - music_tracker - INFO - Found 16 new songs to save
2025-09-03 10:58:05,105 - music_tracker - INFO - Saving songs to database...
2025-09-03 10:58:05,511 - music_tracker - INFO - Successfully saved 16 songs to database
2025-09-03 10:58:05,513 - music_tracker - INFO - Successfully saved 16 songs to database
2025-09-03 10:58:05,513 - music_tracker - INFO - Song collection completed successfully
2025-09-03 11:58:03,724 - music_tracker - INFO - SpotiSpy song collection starting...
2025-09-03 11:58:03,725 - music_tracker - INFO - Starting song collection (last 1 hours)
2025-09-03 11:58:03,726 - music_tracker - INFO - Fetching recent tracks from Spotify...
2025-09-03 11:58:04,205 - music_tracker - INFO - Fetched 4 songs from Spotify
2025-09-03 11:58:04,208 - music_tracker - INFO - Found 4 songs from Spotify API
2025-09-03 11:58:04,209 - music_tracker - INFO - Checking for duplicates in database...
2025-09-03 11:58:05,578 - music_tracker - INFO - Found 4 new songs out of 4 total
2025-09-03 11:58:05,580 - music_tracker - INFO - Found 4 new songs to save
2025-09-03 11:58:05,581 - music_tracker - INFO - Saving songs to database...
2025-09-03 11:58:05,948 - music_tracker - INFO - Successfully saved 4 songs to database
2025-09-03 11:58:05,950 - music_tracker - INFO - Successfully saved 4 songs to database
2025-09-03 11:58:05,951 - music_tracker - INFO - Song collection completed successfully
2025-09-03 12:58:02,885 - music_tracker - INFO - SpotiSpy song collection starting...
2025-09-03 12:58:02,886 - music_tracker - INFO - Starting song collection (last 1 hours)
2025-09-03 12:58:02,887 - music_tracker - INFO - Fetching recent tracks from Spotify...
2025-09-03 12:58:03,873 - music_tracker - INFO - Fetched 7 songs from Spotify
2025-09-03 12:58:03,877 - music_tracker - INFO - Found 7 songs from Spotify API
2025-09-03 12:58:03,878 - music_tracker - INFO - Checking for duplicates in database...
2025-09-03 12:58:05,435 - music_tracker - INFO - Found 7 new songs out of 7 total
2025-09-03 12:58:05,438 - music_tracker - INFO - Found 7 new songs to save
2025-09-03 12:58:05,439 - music_tracker - INFO - Saving songs to database...
2025-09-03 12:58:06,021 - music_tracker - INFO - Successfully saved 7 songs to database
2025-09-03 12:58:06,023 - music_tracker - INFO - Successfully saved 7 songs to database
2025-09-03 12:58:06,024 - music_tracker - INFO - Song collection completed successfully
2025-09-03 13:58:02,942 - music_tracker - INFO - SpotiSpy song collection starting...
2025-09-03 13:58:02,942 - music_tracker - INFO - Starting song collection (last 1 hours)
2025-09-03 13:58:02,943 - music_tracker - INFO - Fetching recent tracks from Spotify...
2025-09-03 13:58:03,841 - music_tracker - INFO - No recent songs found from Spotify
2025-09-03 13:58:03,844 - music_tracker - INFO - No new songs found from Spotify API
2025-09-03 13:58:03,845 - music_tracker - INFO - Song collection completed successfully
2025-09-03 14:58:05,564 - music_tracker - INFO - SpotiSpy song collection starting...
2025-09-03 14:58:05,565 - music_tracker - INFO - Starting song collection (last 1 hours)
2025-09-03 14:58:05,566 - music_tracker - INFO - Fetching recent tracks from Spotify...
2025-09-03 14:58:06,172 - music_tracker - INFO - No recent songs found from Spotify
2025-09-03 14:58:06,174 - music_tracker - INFO - No new songs found from Spotify API
2025-09-03 14:58:06,175 - music_tracker - INFO - Song collection completed successfully
2025-09-03 15:58:03,109 - music_tracker - INFO - SpotiSpy song collection starting...
2025-09-03 15:58:03,110 - music_tracker - INFO - Starting song collection (last 1 hours)
2025-09-03 15:58:03,111 - music_tracker - INFO - Fetching recent tracks from Spotify...
2025-09-03 15:58:04,216 - music_tracker - INFO - Fetched 11 songs from Spotify
2025-09-03 15:58:04,220 - music_tracker - INFO - Found 11 songs from Spotify API
2025-09-03 15:58:04,221 - music_tracker - INFO - Checking for duplicates in database...
2025-09-03 15:58:07,036 - music_tracker - INFO - Found 11 new songs out of 11 total
2025-09-03 15:58:07,038 - music_tracker - INFO - Found 11 new songs to save
2025-09-03 15:58:07,039 - music_tracker - INFO - Saving songs to database...
2025-09-03 15:58:07,624 - music_tracker - INFO - Successfully saved 11 songs to database
2025-09-03 15:58:07,626 - music_tracker - INFO - Successfully saved 11 songs to database
2025-09-03 15:58:07,627 - music_tracker - INFO - Song collection completed successfully
2025-09-03 16:58:03,547 - music_tracker - INFO - SpotiSpy song collection starting...
2025-09-03 16:58:03,548 - music_tracker - INFO - Starting song collection (last 1 hours)
2025-09-03 16:58:03,548 - music_tracker - INFO - Fetching recent tracks from Spotify...
2025-09-03 16:58:04,026 - music_tracker - INFO - Fetched 21 songs from Spotify
2025-09-03 16:58:04,030 - music_tracker - INFO - Found 21 songs from Spotify API
2025-09-03 16:58:04,030 - music_tracker - INFO - Checking for duplicates in database...
2025-09-03 16:58:05,381 - music_tracker - INFO - Found 21 new songs out of 21 total
2025-09-03 16:58:05,383 - music_tracker - INFO - Found 21 new songs to save
2025-09-03 16:58:05,384 - music_tracker - INFO - Saving songs to database...
2025-09-03 16:58:05,806 - music_tracker - INFO - Successfully saved 21 songs to database
2025-09-03 16:58:05,808 - music_tracker - INFO - Successfully saved 21 songs to database
2025-09-03 16:58:05,809 - music_tracker - INFO - Song collection completed successfully
2025-09-03 17:58:02,718 - music_tracker - INFO - SpotiSpy song collection starting...
2025-09-03 17:58:02,719 - music_tracker - INFO - Starting song collection (last 1 hours)
2025-09-03 17:58:02,720 - music_tracker - INFO - Fetching recent tracks from Spotify...
2025-09-03 17:58:03,213 - music_tracker - INFO - Fetched 14 songs from Spotify
2025-09-03 17:58:03,216 - music_tracker - INFO - Found 14 songs from Spotify API
2025-09-03 17:58:03,217 - music_tracker - INFO - Checking for duplicates in database...
2025-09-03 17:58:03,951 - music_tracker - INFO - Found 14 new songs out of 14 total
2025-09-03 17:58:03,953 - music_tracker - INFO - Found 14 new songs to save
2025-09-03 17:58:03,954 - music_tracker - INFO - Saving songs to database...
2025-09-03 17:58:04,343 - music_tracker - INFO - Successfully saved 14 songs to database
2025-09-03 17:58:04,345 - music_tracker - INFO - Successfully saved 14 songs to database
2025-09-03 17:58:04,346 - music_tracker - INFO - Song collection completed successfully
2025-09-03 18:58:03,294 - music_tracker - INFO - SpotiSpy song collection starting...
2025-09-03 18:58:03,295 - music_tracker - INFO - Starting song collection (last 1 hours)
2025-09-03 18:58:03,296 - music_tracker - INFO - Fetching recent tracks from Spotify...
2025-09-03 18:58:03,778 - music_tracker - INFO - Fetched 14 songs from Spotify
2025-09-03 18:58:03,781 - music_tracker - INFO - Found 14 songs from Spotify API
2025-09-03 18:58:03,782 - music_tracker - INFO - Checking for duplicates in database...
2025-09-03 18:58:05,165 - music_tracker - INFO - Found 14 new songs out of 14 total
2025-09-03 18:58:05,168 - music_tracker - INFO - Found 14 new songs to save
2025-09-03 18:58:05,168 - music_tracker - INFO - Saving songs to database...
2025-09-03 18:58:05,526 - music_tracker - INFO - Successfully saved 14 songs to database
2025-09-03 18:58:05,528 - music_tracker - INFO - Successfully saved 14 songs to database
2025-09-03 18:58:05,528 - music_tracker - INFO - Song collection completed successfully
2025-09-03 19:58:03,452 - music_tracker - INFO - SpotiSpy song collection starting...
2025-09-03 19:58:03,452 - music_tracker - INFO - Starting song collection (last 1 hours)
2025-09-03 19:58:03,453 - music_tracker - INFO - Fetching recent tracks from Spotify...
2025-09-03 19:58:04,335 - music_tracker - INFO - Fetched 16 songs from Spotify
2025-09-03 19:58:04,339 - music_tracker - INFO - Found 16 songs from Spotify API
2025-09-03 19:58:04,340 - music_tracker - INFO - Checking for duplicates in database...
2025-09-03 19:58:05,522 - music_tracker - INFO - Found 16 new songs out of 16 total
2025-09-03 19:58:05,525 - music_tracker - INFO - Found 16 new songs to save
2025-09-03 19:58:05,525 - music_tracker - INFO - Saving songs to database...
2025-09-03 19:58:06,080 - music_tracker - INFO - Successfully saved 16 songs to database
2025-09-03 19:58:06,082 - music_tracker - INFO - Successfully saved 16 songs to database
2025-09-03 19:58:06,083 - music_tracker - INFO - Song collection completed successfully
2025-09-03 20:58:03,001 - music_tracker - INFO - SpotiSpy song collection starting...
2025-09-03 20:58:03,002 - music_tracker - INFO - Starting song collection (last 1 hours)
2025-09-03 20:58:03,003 - music_tracker - INFO - Fetching recent tracks from Spotify...
2025-09-03 20:58:03,554 - music_tracker - INFO - Fetched 8 songs from Spotify
2025-09-03 20:58:03,557 - music_tracker - INFO - Found 8 songs from Spotify API
2025-09-03 20:58:03,558 - music_tracker - INFO - Checking for duplicates in database...
2025-09-03 20:58:04,859 - music_tracker - INFO - Found 8 new songs out of 8 total
2025-09-03 20:58:04,861 - music_tracker - INFO - Found 8 new songs to save
2025-09-03 20:58:04,862 - music_tracker - INFO - Saving songs to database...
2025-09-03 20:58:05,238 - music_tracker - INFO - Successfully saved 8 songs to database
2025-09-03 20:58:05,240 - music_tracker - INFO - Successfully saved 8 songs to database
2025-09-03 20:58:05,241 - music_tracker - INFO - Song collection completed successfully
2025-09-03 21:58:03,164 - music_tracker - INFO - SpotiSpy song collection starting...
2025-09-03 21:58:03,165 - music_tracker - INFO - Starting song collection (last 1 hours)
2025-09-03 21:58:03,166 - music_tracker - INFO - Fetching recent tracks from Spotify...
2025-09-03 21:58:03,661 - music_tracker - INFO - Fetched 15 songs from Spotify
2025-09-03 21:58:03,664 - music_tracker - INFO - Found 15 songs from Spotify API
2025-09-03 21:58:03,665 - music_tracker - INFO - Checking for duplicates in database...
2025-09-03 21:58:04,828 - music_tracker - INFO - Found 15 new songs out of 15 total
2025-09-03 21:58:04,830 - music_tracker - INFO - Found 15 new songs to save
2025-09-03 21:58:04,831 - music_tracker - INFO - Saving songs to database...
2025-09-03 21:58:05,181 - music_tracker - INFO - Successfully saved 15 songs to database
2025-09-03 21:58:05,183 - music_tracker - INFO - Successfully saved 15 songs to database
2025-09-03 21:58:05,184 - music_tracker - INFO - Song collection completed successfully
2025-09-03 22:58:03,115 - music_tracker - INFO - SpotiSpy song collection starting...
2025-09-03 22:58:03,115 - music_tracker - INFO - Starting song collection (last 1 hours)
2025-09-03 22:58:03,116 - music_tracker - INFO - Fetching recent tracks from Spotify...
2025-09-03 22:58:03,625 - music_tracker - INFO - Fetched 13 songs from Spotify
2025-09-03 22:58:03,628 - music_tracker - INFO - Found 13 songs from Spotify API
2025-09-03 22:58:03,629 - music_tracker - INFO - Checking for duplicates in database...
2025-09-03 22:58:04,554 - music_tracker - INFO - Found 13 new songs out of 13 total
2025-09-03 22:58:04,556 - music_tracker - INFO - Found 13 new songs to save
2025-09-03 22:58:04,557 - music_tracker - INFO - Saving songs to database...
2025-09-03 22:58:04,921 - music_tracker - INFO - Successfully saved 13 songs to database
2025-09-03 22:58:04,923 - music_tracker - INFO - Successfully saved 13 songs to database
2025-09-03 22:58:04,923 - music_tracker - INFO - Song collection completed successfully
2025-09-03 23:58:02,841 - music_tracker - INFO - SpotiSpy song collection starting...
2025-09-03 23:58:02,842 - music_tracker - INFO - Starting song collection (last 1 hours)
2025-09-03 23:58:02,843 - music_tracker - INFO - Fetching recent tracks from Spotify...
2025-09-03 23:58:04,299 - music_tracker - INFO - Fetched 10 songs from Spotify
2025-09-03 23:58:04,303 - music_tracker - INFO - Found 10 songs from Spotify API
2025-09-03 23:58:04,305 - music_tracker - INFO - Checking for duplicates in database...
2025-09-03 23:58:05,770 - music_tracker - INFO - Found 10 new songs out of 10 total
2025-09-03 23:58:05,772 - music_tracker - INFO - Found 10 new songs to save
2025-09-03 23:58:05,773 - music_tracker - INFO - Saving songs to database...
2025-09-03 23:58:06,440 - music_tracker - INFO - Successfully saved 10 songs to database
2025-09-03 23:58:06,446 - music_tracker - INFO - Successfully saved 10 songs to database
2025-09-03 23:58:06,447 - music_tracker - INFO - Song collection completed successfully
