2025-10-04 00:58:03,051 - music_tracker - INFO - SpotiSpy song collection starting...
2025-10-04 00:58:03,052 - music_tracker - INFO - Starting song collection (last 1 hours)
2025-10-04 00:58:03,053 - music_tracker - INFO - Fetching recent tracks from Spotify...
2025-10-04 00:58:03,415 - music_tracker - INFO - No recent songs found from Spotify
2025-10-04 00:58:03,417 - music_tracker - INFO - No new songs found from Spotify API
2025-10-04 00:58:03,417 - music_tracker - INFO - Song collection completed successfully
2025-10-04 01:58:03,311 - music_tracker - INFO - SpotiSpy song collection starting...
2025-10-04 01:58:03,312 - music_tracker - INFO - Starting song collection (last 1 hours)
2025-10-04 01:58:03,312 - music_tracker - INFO - Fetching recent tracks from Spotify...
2025-10-04 01:58:03,706 - music_tracker - INFO - No recent songs found from Spotify
2025-10-04 01:58:03,708 - music_tracker - INFO - No new songs found from Spotify API
2025-10-04 01:58:03,708 - music_tracker - INFO - Song collection completed successfully
2025-10-04 02:58:02,636 - music_tracker - INFO - SpotiSpy song collection starting...
2025-10-04 02:58:02,636 - music_tracker - INFO - Starting song collection (last 1 hours)
2025-10-04 02:58:02,637 - music_tracker - INFO - Fetching recent tracks from Spotify...
2025-10-04 02:58:03,007 - music_tracker - INFO - No recent songs found from Spotify
2025-10-04 02:58:03,009 - music_tracker - INFO - No new songs found from Spotify API
2025-10-04 02:58:03,009 - music_tracker - INFO - Song collection completed successfully
2025-10-04 03:58:02,927 - music_tracker - INFO - SpotiSpy song collection starting...
2025-10-04 03:58:02,927 - music_tracker - INFO - Starting song collection (last 1 hours)
2025-10-04 03:58:02,928 - music_tracker - INFO - Fetching recent tracks from Spotify...
2025-10-04 03:58:03,327 - music_tracker - INFO - No recent songs found from Spotify
2025-10-04 03:58:03,329 - music_tracker - INFO - No new songs found from Spotify API
2025-10-04 03:58:03,330 - music_tracker - INFO - Song collection completed successfully
2025-10-04 04:58:03,242 - music_tracker - INFO - SpotiSpy song collection starting...
2025-10-04 04:58:03,243 - music_tracker - INFO - Starting song collection (last 1 hours)
2025-10-04 04:58:03,243 - music_tracker - INFO - Fetching recent tracks from Spotify...
2025-10-04 04:58:03,577 - music_tracker - INFO - No recent songs found from Spotify
2025-10-04 04:58:03,579 - music_tracker - INFO - No new songs found from Spotify API
2025-10-04 04:58:03,579 - music_tracker - INFO - Song collection completed successfully
2025-10-04 05:58:03,479 - music_tracker - INFO - SpotiSpy song collection starting...
2025-10-04 05:58:03,479 - music_tracker - INFO - Starting song collection (last 1 hours)
2025-10-04 05:58:03,480 - music_tracker - INFO - Fetching recent tracks from Spotify...
2025-10-04 05:58:03,900 - music_tracker - INFO - No recent songs found from Spotify
2025-10-04 05:58:03,903 - music_tracker - INFO - No new songs found from Spotify API
2025-10-04 05:58:03,903 - music_tracker - INFO - Song collection completed successfully
2025-10-04 06:58:02,870 - music_tracker - INFO - SpotiSpy song collection starting...
2025-10-04 06:58:02,872 - music_tracker - INFO - Starting song collection (last 1 hours)
2025-10-04 06:58:02,873 - music_tracker - INFO - Fetching recent tracks from Spotify...
2025-10-04 06:58:03,225 - music_tracker - INFO - No recent songs found from Spotify
2025-10-04 06:58:03,227 - music_tracker - INFO - No new songs found from Spotify API
2025-10-04 06:58:03,228 - music_tracker - INFO - Song collection completed successfully
2025-10-04 07:58:03,131 - music_tracker - INFO - SpotiSpy song collection starting...
2025-10-04 07:58:03,131 - music_tracker - INFO - Starting song collection (last 1 hours)
2025-10-04 07:58:03,132 - music_tracker - INFO - Fetching recent tracks from Spotify...
2025-10-04 07:58:03,592 - music_tracker - INFO - No recent songs found from Spotify
2025-10-04 07:58:03,594 - music_tracker - INFO - No new songs found from Spotify API
2025-10-04 07:58:03,594 - music_tracker - INFO - Song collection completed successfully
2025-10-04 08:58:03,511 - music_tracker - INFO - SpotiSpy song collection starting...
2025-10-04 08:58:03,512 - music_tracker - INFO - Starting song collection (last 1 hours)
2025-10-04 08:58:03,512 - music_tracker - INFO - Fetching recent tracks from Spotify...
2025-10-04 08:58:03,860 - music_tracker - INFO - No recent songs found from Spotify
2025-10-04 08:58:03,862 - music_tracker - INFO - No new songs found from Spotify API
2025-10-04 08:58:03,863 - music_tracker - INFO - Song collection completed successfully
2025-10-04 09:00:14,151 - music_tracker - INFO - SpotiSpy starting...
2025-10-04 09:00:14,152 - music_tracker - INFO - Starting daily SpotiSpy analysis
2025-10-04 09:00:14,157 - music_tracker - INFO - Fetching yesterday's listening data...
2025-10-04 09:00:15,840 - music_tracker - INFO - Fetched 83 songs from database
2025-10-04 09:00:15,842 - music_tracker - INFO - Found 83 songs to analyze
2025-10-04 09:00:15,843 - music_tracker - INFO - Running analysis...
2025-10-04 09:00:15,854 - music_tracker - INFO - Sending daily summary to Slack...
2025-10-04 09:00:30,525 - music_tracker - INFO - Message sent successfully to Slack
2025-10-04 09:00:30,526 - music_tracker - INFO - Daily analysis completed successfully!
2025-10-04 09:00:30,526 - music_tracker - INFO - SpotiSpy completed successfully
2025-10-04 09:58:04,709 - music_tracker - INFO - SpotiSpy song collection starting...
2025-10-04 09:58:04,717 - music_tracker - INFO - Starting song collection (last 1 hours)
2025-10-04 09:58:04,718 - music_tracker - INFO - Fetching recent tracks from Spotify...
2025-10-04 09:58:05,114 - music_tracker - INFO - No recent songs found from Spotify
2025-10-04 09:58:05,116 - music_tracker - INFO - No new songs found from Spotify API
2025-10-04 09:58:05,116 - music_tracker - INFO - Song collection completed successfully
2025-10-04 10:58:03,093 - music_tracker - INFO - SpotiSpy song collection starting...
2025-10-04 10:58:03,094 - music_tracker - INFO - Starting song collection (last 1 hours)
2025-10-04 10:58:03,094 - music_tracker - INFO - Fetching recent tracks from Spotify...
2025-10-04 10:58:03,490 - music_tracker - INFO - No recent songs found from Spotify
2025-10-04 10:58:03,492 - music_tracker - INFO - No new songs found from Spotify API
2025-10-04 10:58:03,493 - music_tracker - INFO - Song collection completed successfully
2025-10-04 11:58:03,428 - music_tracker - INFO - SpotiSpy song collection starting...
2025-10-04 11:58:03,429 - music_tracker - INFO - Starting song collection (last 1 hours)
2025-10-04 11:58:03,430 - music_tracker - INFO - Fetching recent tracks from Spotify...
2025-10-04 11:58:03,831 - music_tracker - INFO - No recent songs found from Spotify
2025-10-04 11:58:03,833 - music_tracker - INFO - No new songs found from Spotify API
2025-10-04 11:58:03,833 - music_tracker - INFO - Song collection completed successfully
2025-10-04 12:58:02,747 - music_tracker - INFO - SpotiSpy song collection starting...
2025-10-04 12:58:02,747 - music_tracker - INFO - Starting song collection (last 1 hours)
2025-10-04 12:58:02,748 - music_tracker - INFO - Fetching recent tracks from Spotify...
2025-10-04 12:58:03,130 - music_tracker - INFO - No recent songs found from Spotify
2025-10-04 12:58:03,133 - music_tracker - INFO - No new songs found from Spotify API
2025-10-04 12:58:03,133 - music_tracker - INFO - Song collection completed successfully
2025-10-04 13:58:03,061 - music_tracker - INFO - SpotiSpy song collection starting...
2025-10-04 13:58:03,062 - music_tracker - INFO - Starting song collection (last 1 hours)
2025-10-04 13:58:03,062 - music_tracker - INFO - Fetching recent tracks from Spotify...
2025-10-04 13:58:03,440 - music_tracker - INFO - No recent songs found from Spotify
2025-10-04 13:58:03,442 - music_tracker - INFO - No new songs found from Spotify API
2025-10-04 13:58:03,442 - music_tracker - INFO - Song collection completed successfully
2025-10-04 14:58:03,315 - music_tracker - INFO - SpotiSpy song collection starting...
2025-10-04 14:58:03,316 - music_tracker - INFO - Starting song collection (last 1 hours)
2025-10-04 14:58:03,317 - music_tracker - INFO - Fetching recent tracks from Spotify...
2025-10-04 14:58:03,949 - music_tracker - INFO - Fetched 15 songs from Spotify
2025-10-04 14:58:03,952 - music_tracker - INFO - Found 15 songs from Spotify API
2025-10-04 14:58:03,953 - music_tracker - INFO - Checking for duplicates in database...
2025-10-04 14:58:05,525 - music_tracker - INFO - Found 15 new songs out of 15 total
2025-10-04 14:58:05,527 - music_tracker - INFO - Found 15 new songs to save
2025-10-04 14:58:05,528 - music_tracker - INFO - Saving songs to database...
2025-10-04 14:58:05,894 - music_tracker - INFO - Successfully saved 15 songs to database
2025-10-04 14:58:05,896 - music_tracker - INFO - Successfully saved 15 songs to database
2025-10-04 14:58:05,897 - music_tracker - INFO - Song collection completed successfully
2025-10-04 15:58:02,824 - music_tracker - INFO - SpotiSpy song collection starting...
2025-10-04 15:58:02,825 - music_tracker - INFO - Starting song collection (last 1 hours)
2025-10-04 15:58:02,826 - music_tracker - INFO - Fetching recent tracks from Spotify...
2025-10-04 15:58:03,355 - music_tracker - INFO - Fetched 6 songs from Spotify
2025-10-04 15:58:03,357 - music_tracker - INFO - Found 6 songs from Spotify API
2025-10-04 15:58:03,358 - music_tracker - INFO - Checking for duplicates in database...
2025-10-04 15:58:04,323 - music_tracker - INFO - Found 6 new songs out of 6 total
2025-10-04 15:58:04,325 - music_tracker - INFO - Found 6 new songs to save
2025-10-04 15:58:04,326 - music_tracker - INFO - Saving songs to database...
2025-10-04 15:58:04,566 - music_tracker - INFO - Successfully saved 6 songs to database
2025-10-04 15:58:04,568 - music_tracker - INFO - Successfully saved 6 songs to database
2025-10-04 15:58:04,569 - music_tracker - INFO - Song collection completed successfully
2025-10-04 16:58:03,482 - music_tracker - INFO - SpotiSpy song collection starting...
2025-10-04 16:58:03,483 - music_tracker - INFO - Starting song collection (last 1 hours)
2025-10-04 16:58:03,484 - music_tracker - INFO - Fetching recent tracks from Spotify...
2025-10-04 16:58:03,914 - music_tracker - INFO - Fetched 1 songs from Spotify
2025-10-04 16:58:03,916 - music_tracker - INFO - Found 1 songs from Spotify API
2025-10-04 16:58:03,917 - music_tracker - INFO - Checking for duplicates in database...
2025-10-04 16:58:05,344 - music_tracker - INFO - Found 1 new songs out of 1 total
2025-10-04 16:58:05,346 - music_tracker - INFO - Found 1 new songs to save
2025-10-04 16:58:05,347 - music_tracker - INFO - Saving songs to database...
2025-10-04 16:58:05,704 - music_tracker - INFO - Successfully saved 1 songs to database
2025-10-04 16:58:05,706 - music_tracker - INFO - Successfully saved 1 songs to database
2025-10-04 16:58:05,707 - music_tracker - INFO - Song collection completed successfully
2025-10-04 17:58:02,631 - music_tracker - INFO - SpotiSpy song collection starting...
2025-10-04 17:58:02,631 - music_tracker - INFO - Starting song collection (last 1 hours)
2025-10-04 17:58:02,632 - music_tracker - INFO - Fetching recent tracks from Spotify...
2025-10-04 17:58:03,121 - music_tracker - INFO - Fetched 7 songs from Spotify
2025-10-04 17:58:03,124 - music_tracker - INFO - Found 7 songs from Spotify API
2025-10-04 17:58:03,125 - music_tracker - INFO - Checking for duplicates in database...
2025-10-04 17:58:04,327 - music_tracker - INFO - Found 7 new songs out of 7 total
2025-10-04 17:58:04,329 - music_tracker - INFO - Found 7 new songs to save
2025-10-04 17:58:04,330 - music_tracker - INFO - Saving songs to database...
2025-10-04 17:58:04,583 - music_tracker - INFO - Successfully saved 7 songs to database
2025-10-04 17:58:04,585 - music_tracker - INFO - Successfully saved 7 songs to database
2025-10-04 17:58:04,586 - music_tracker - INFO - Song collection completed successfully
2025-10-04 18:58:03,525 - music_tracker - INFO - SpotiSpy song collection starting...
2025-10-04 18:58:03,525 - music_tracker - INFO - Starting song collection (last 1 hours)
2025-10-04 18:58:03,526 - music_tracker - INFO - Fetching recent tracks from Spotify...
2025-10-04 18:58:03,891 - music_tracker - INFO - No recent songs found from Spotify
2025-10-04 18:58:03,893 - music_tracker - INFO - No new songs found from Spotify API
2025-10-04 18:58:03,894 - music_tracker - INFO - Song collection completed successfully
2025-10-04 19:58:02,789 - music_tracker - INFO - SpotiSpy song collection starting...
2025-10-04 19:58:02,789 - music_tracker - INFO - Starting song collection (last 1 hours)
2025-10-04 19:58:02,790 - music_tracker - INFO - Fetching recent tracks from Spotify...
2025-10-04 19:58:03,166 - music_tracker - INFO - No recent songs found from Spotify
2025-10-04 19:58:03,168 - music_tracker - INFO - No new songs found from Spotify API
2025-10-04 19:58:03,168 - music_tracker - INFO - Song collection completed successfully
2025-10-04 20:58:03,058 - music_tracker - INFO - SpotiSpy song collection starting...
2025-10-04 20:58:03,058 - music_tracker - INFO - Starting song collection (last 1 hours)
2025-10-04 20:58:03,059 - music_tracker - INFO - Fetching recent tracks from Spotify...
2025-10-04 20:58:03,466 - music_tracker - INFO - No recent songs found from Spotify
2025-10-04 20:58:03,468 - music_tracker - INFO - No new songs found from Spotify API
2025-10-04 20:58:03,468 - music_tracker - INFO - Song collection completed successfully
2025-10-04 21:58:03,357 - music_tracker - INFO - SpotiSpy song collection starting...
2025-10-04 21:58:03,358 - music_tracker - INFO - Starting song collection (last 1 hours)
2025-10-04 21:58:03,358 - music_tracker - INFO - Fetching recent tracks from Spotify...
2025-10-04 21:58:03,791 - music_tracker - INFO - No recent songs found from Spotify
2025-10-04 21:58:03,793 - music_tracker - INFO - No new songs found from Spotify API
2025-10-04 21:58:03,794 - music_tracker - INFO - Song collection completed successfully
2025-10-04 22:58:02,670 - music_tracker - INFO - SpotiSpy song collection starting...
2025-10-04 22:58:02,670 - music_tracker - INFO - Starting song collection (last 1 hours)
2025-10-04 22:58:02,671 - music_tracker - INFO - Fetching recent tracks from Spotify...
2025-10-04 22:58:03,054 - music_tracker - INFO - No recent songs found from Spotify
2025-10-04 22:58:03,056 - music_tracker - INFO - No new songs found from Spotify API
2025-10-04 22:58:03,057 - music_tracker - INFO - Song collection completed successfully
2025-10-04 23:58:02,936 - music_tracker - INFO - SpotiSpy song collection starting...
2025-10-04 23:58:02,936 - music_tracker - INFO - Starting song collection (last 1 hours)
2025-10-04 23:58:02,937 - music_tracker - INFO - Fetching recent tracks from Spotify...
2025-10-04 23:58:03,404 - music_tracker - INFO - Fetched 2 songs from Spotify
2025-10-04 23:58:03,407 - music_tracker - INFO - Found 2 songs from Spotify API
2025-10-04 23:58:03,407 - music_tracker - INFO - Checking for duplicates in database...
2025-10-04 23:58:04,862 - music_tracker - INFO - Found 2 new songs out of 2 total
2025-10-04 23:58:04,864 - music_tracker - INFO - Found 2 new songs to save
2025-10-04 23:58:04,865 - music_tracker - INFO - Saving songs to database...
2025-10-04 23:58:05,248 - music_tracker - INFO - Successfully saved 2 songs to database
2025-10-04 23:58:05,250 - music_tracker - INFO - Successfully saved 2 songs to database
2025-10-04 23:58:05,251 - music_tracker - INFO - Song collection completed successfully
