2025-05-21 00:58:06,871 - music_tracker - INFO - Zero songs listened to
2025-05-21 00:58:06,872 - music_tracker - INFO - No songs uploaded.
2025-05-21 01:58:06,574 - music_tracker - INFO - Zero songs listened to
2025-05-21 01:58:06,575 - music_tracker - INFO - No songs uploaded.
2025-05-21 02:58:07,271 - music_tracker - INFO - Zero songs listened to
2025-05-21 02:58:07,272 - music_tracker - INFO - No songs uploaded.
2025-05-21 03:58:07,020 - music_tracker - INFO - Zero songs listened to
2025-05-21 03:58:07,021 - music_tracker - INFO - No songs uploaded.
2025-05-21 04:58:06,767 - music_tracker - INFO - Zero songs listened to
2025-05-21 04:58:06,767 - music_tracker - INFO - No songs uploaded.
2025-05-21 05:58:06,476 - music_tracker - INFO - Zero songs listened to
2025-05-21 05:58:06,477 - music_tracker - INFO - No songs uploaded.
2025-05-21 06:58:07,253 - music_tracker - INFO - Zero songs listened to
2025-05-21 06:58:07,253 - music_tracker - INFO - No songs uploaded.
2025-05-21 07:58:06,962 - music_tracker - INFO - Zero songs listened to
2025-05-21 07:58:06,963 - music_tracker - INFO - No songs uploaded.
2025-05-21 08:58:06,667 - music_tracker - INFO - Zero songs listened to
2025-05-21 08:58:06,668 - music_tracker - INFO - No songs uploaded.
2025-05-21 09:00:12,068 - music_tracker - INFO - Starting music tracker analysis
2025-05-21 09:00:12,068 - music_tracker - INFO - Fetching data
2025-05-21 09:00:12,786 - music_tracker - INFO - Fetched 48 recent songs
2025-05-21 09:00:12,791 - music_tracker - INFO - Running top listens analysis
2025-05-21 09:00:12,791 - music_tracker - INFO - Calculating top songs listens
2025-05-21 09:00:12,792 - music_tracker - INFO - Top listens: No multiples of songs listened to yesterday!
2025-05-21 09:00:12,792 - music_tracker - INFO - Calculating top albums listens
2025-05-21 09:00:12,793 - music_tracker - INFO - Sending message with top 3 albums
2025-05-21 09:00:13,455 - music_tracker - INFO - Message successfully sent!
2025-05-21 09:00:13,455 - music_tracker - INFO - Calculating top artists listens
2025-05-21 09:00:13,456 - music_tracker - INFO - Sending message with top 3 artists
2025-05-21 09:00:14,051 - music_tracker - INFO - Message successfully sent!
2025-05-21 09:00:14,051 - music_tracker - INFO - Running popularity and listening hours analysis
2025-05-21 09:00:14,051 - music_tracker - INFO - Finding most popular track
2025-05-21 09:00:14,052 - music_tracker - INFO - Most popular song found: The Less I Know The Better with score 88
2025-05-21 09:00:14,870 - music_tracker - INFO - Message successfully sent!
2025-05-21 09:00:14,870 - music_tracker - INFO - Calculating most listened hour
2025-05-21 09:00:14,871 - music_tracker - INFO - Most listened hour: 15:00 with 59:40
2025-05-21 09:00:15,701 - music_tracker - INFO - Message successfully sent!
2025-05-21 09:00:15,701 - music_tracker - INFO - Analysis completed successfully

2025-05-21 09:58:10,422 - music_tracker - INFO - Uploading 12 songs
2025-05-21 10:58:11,365 - music_tracker - INFO -   Supabase error: Status 400, {"code":"22007","details":null,"hint":null,"message":"invalid input syntax for type date: \"2005\""}
2025-05-21 10:58:11,367 - music_tracker - INFO - No songs uploaded.
2025-05-21 11:58:08,342 - music_tracker - INFO - Uploading 2 songs
2025-05-21 12:58:09,060 - music_tracker - INFO - Uploading 7 songs
2025-05-21 13:58:10,104 - music_tracker - INFO - Uploading 14 songs
2025-05-21 14:58:10,470 - music_tracker - INFO - Uploading 15 songs
2025-05-21 15:58:10,271 - music_tracker - INFO -   Supabase error: Status 400, {"code":"22007","details":null,"hint":null,"message":"invalid input syntax for type date: \"1999\""}
2025-05-21 15:58:10,272 - music_tracker - INFO - No songs uploaded.
2025-05-21 16:58:11,845 - music_tracker - INFO - Uploading 19 songs
2025-05-21 17:58:10,821 - music_tracker - INFO -   Supabase error: Status 400, {"code":"22007","details":null,"hint":null,"message":"invalid input syntax for type date: \"2012\""}
2025-05-21 17:58:10,823 - music_tracker - INFO - No songs uploaded.
2025-05-21 18:58:08,730 - music_tracker - INFO - Uploading 8 songs
2025-05-21 19:58:08,658 - music_tracker - INFO - Uploading 6 songs
2025-05-21 20:58:07,461 - music_tracker - INFO - Zero songs listened to
2025-05-21 20:58:07,462 - music_tracker - INFO - No songs uploaded.
2025-05-21 21:58:09,221 - music_tracker - INFO - Uploading 6 songs
2025-05-21 22:58:07,219 - music_tracker - INFO - Zero songs listened to
2025-05-21 22:58:07,221 - music_tracker - INFO - No songs uploaded.
2025-05-21 23:58:06,952 - music_tracker - INFO - Zero songs listened to
2025-05-21 23:58:06,952 - music_tracker - INFO - No songs uploaded.
