2025-11-20 00:58:03,265 - music_tracker - INFO - SpotiSpy song collection starting...
2025-11-20 00:58:03,266 - music_tracker - INFO - Starting song collection (last 1 hours)
2025-11-20 00:58:03,267 - music_tracker - INFO - Fetching recent tracks from Spotify...
2025-11-20 00:58:03,631 - music_tracker - INFO - No recent songs found from Spotify
2025-11-20 00:58:03,633 - music_tracker - INFO - No new songs found from Spotify API
2025-11-20 00:58:03,633 - music_tracker - INFO - Song collection completed successfully
2025-11-20 01:58:03,575 - music_tracker - INFO - SpotiSpy song collection starting...
2025-11-20 01:58:03,575 - music_tracker - INFO - Starting song collection (last 1 hours)
2025-11-20 01:58:03,576 - music_tracker - INFO - Fetching recent tracks from Spotify...
2025-11-20 01:58:03,912 - music_tracker - INFO - No recent songs found from Spotify
2025-11-20 01:58:03,914 - music_tracker - INFO - No new songs found from Spotify API
2025-11-20 01:58:03,915 - music_tracker - INFO - Song collection completed successfully
2025-11-20 02:58:02,809 - music_tracker - INFO - SpotiSpy song collection starting...
2025-11-20 02:58:02,810 - music_tracker - INFO - Starting song collection (last 1 hours)
2025-11-20 02:58:02,810 - music_tracker - INFO - Fetching recent tracks from Spotify...
2025-11-20 02:58:03,152 - music_tracker - INFO - No recent songs found from Spotify
2025-11-20 02:58:03,154 - music_tracker - INFO - No new songs found from Spotify API
2025-11-20 02:58:03,155 - music_tracker - INFO - Song collection completed successfully
2025-11-20 03:58:03,069 - music_tracker - INFO - SpotiSpy song collection starting...
2025-11-20 03:58:03,069 - music_tracker - INFO - Starting song collection (last 1 hours)
2025-11-20 03:58:03,070 - music_tracker - INFO - Fetching recent tracks from Spotify...
2025-11-20 03:58:03,474 - music_tracker - INFO - No recent songs found from Spotify
2025-11-20 03:58:03,476 - music_tracker - INFO - No new songs found from Spotify API
2025-11-20 03:58:03,476 - music_tracker - INFO - Song collection completed successfully
2025-11-20 04:58:03,372 - music_tracker - INFO - SpotiSpy song collection starting...
2025-11-20 04:58:03,372 - music_tracker - INFO - Starting song collection (last 1 hours)
2025-11-20 04:58:03,373 - music_tracker - INFO - Fetching recent tracks from Spotify...
2025-11-20 04:58:03,749 - music_tracker - INFO - No recent songs found from Spotify
2025-11-20 04:58:03,752 - music_tracker - INFO - No new songs found from Spotify API
2025-11-20 04:58:03,752 - music_tracker - INFO - Song collection completed successfully
2025-11-20 05:58:02,628 - music_tracker - INFO - SpotiSpy song collection starting...
2025-11-20 05:58:02,629 - music_tracker - INFO - Starting song collection (last 1 hours)
2025-11-20 05:58:02,629 - music_tracker - INFO - Fetching recent tracks from Spotify...
2025-11-20 05:58:02,982 - music_tracker - INFO - No recent songs found from Spotify
2025-11-20 05:58:02,984 - music_tracker - INFO - No new songs found from Spotify API
2025-11-20 05:58:02,984 - music_tracker - INFO - Song collection completed successfully
2025-11-20 06:58:02,939 - music_tracker - INFO - SpotiSpy song collection starting...
2025-11-20 06:58:02,940 - music_tracker - INFO - Starting song collection (last 1 hours)
2025-11-20 06:58:02,941 - music_tracker - INFO - Fetching recent tracks from Spotify...
2025-11-20 06:58:03,289 - music_tracker - INFO - No recent songs found from Spotify
2025-11-20 06:58:03,291 - music_tracker - INFO - No new songs found from Spotify API
2025-11-20 06:58:03,291 - music_tracker - INFO - Song collection completed successfully
2025-11-20 07:58:03,178 - music_tracker - INFO - SpotiSpy song collection starting...
2025-11-20 07:58:03,179 - music_tracker - INFO - Starting song collection (last 1 hours)
2025-11-20 07:58:03,180 - music_tracker - INFO - Fetching recent tracks from Spotify...
2025-11-20 07:58:03,502 - music_tracker - INFO - No recent songs found from Spotify
2025-11-20 07:58:03,504 - music_tracker - INFO - No new songs found from Spotify API
2025-11-20 07:58:03,504 - music_tracker - INFO - Song collection completed successfully
2025-11-20 08:58:03,668 - music_tracker - INFO - SpotiSpy song collection starting...
2025-11-20 08:58:03,669 - music_tracker - INFO - Starting song collection (last 1 hours)
2025-11-20 08:58:03,670 - music_tracker - INFO - Fetching recent tracks from Spotify...
2025-11-20 08:58:04,043 - music_tracker - INFO - No recent songs found from Spotify
2025-11-20 08:58:04,045 - music_tracker - INFO - No new songs found from Spotify API
2025-11-20 08:58:04,045 - music_tracker - INFO - Song collection completed successfully
2025-11-20 09:00:12,772 - music_tracker - INFO - SpotiSpy starting...
2025-11-20 09:00:12,773 - music_tracker - INFO - Starting daily SpotiSpy analysis
2025-11-20 09:00:12,778 - music_tracker - INFO - Fetching yesterday's listening data...
2025-11-20 09:00:14,495 - music_tracker - INFO - Fetched 106 songs from database
2025-11-20 09:00:14,498 - music_tracker - INFO - Found 106 songs to analyze
2025-11-20 09:00:14,498 - music_tracker - INFO - Running analysis...
2025-11-20 09:00:14,510 - music_tracker - INFO - Sending daily summary to Slack...
2025-11-20 09:00:15,375 - music_tracker - INFO - Message sent successfully to Slack
2025-11-20 09:00:15,376 - music_tracker - INFO - Daily analysis completed successfully!
2025-11-20 09:00:15,377 - music_tracker - INFO - SpotiSpy completed successfully
2025-11-20 09:58:03,288 - music_tracker - INFO - SpotiSpy song collection starting...
2025-11-20 09:58:03,289 - music_tracker - INFO - Starting song collection (last 1 hours)
2025-11-20 09:58:03,289 - music_tracker - INFO - Fetching recent tracks from Spotify...
2025-11-20 09:58:03,756 - music_tracker - INFO - Fetched 10 songs from Spotify
2025-11-20 09:58:03,759 - music_tracker - INFO - Found 10 songs from Spotify API
2025-11-20 09:58:03,760 - music_tracker - INFO - Checking for duplicates in database...
2025-11-20 09:58:05,192 - music_tracker - INFO - Found 10 new songs out of 10 total
2025-11-20 09:58:05,194 - music_tracker - INFO - Found 10 new songs to save
2025-11-20 09:58:05,195 - music_tracker - INFO - Saving songs to database...
2025-11-20 09:58:05,722 - music_tracker - INFO - Successfully saved 10 songs to database
2025-11-20 09:58:05,724 - music_tracker - INFO - Successfully saved 10 songs to database
2025-11-20 09:58:05,725 - music_tracker - INFO - Song collection completed successfully
2025-11-20 10:58:02,691 - music_tracker - INFO - SpotiSpy song collection starting...
2025-11-20 10:58:02,691 - music_tracker - INFO - Starting song collection (last 1 hours)
2025-11-20 10:58:02,692 - music_tracker - INFO - Fetching recent tracks from Spotify...
2025-11-20 10:58:03,289 - music_tracker - INFO - Fetched 17 songs from Spotify
2025-11-20 10:58:03,292 - music_tracker - INFO - Found 17 songs from Spotify API
2025-11-20 10:58:03,292 - music_tracker - INFO - Checking for duplicates in database...
2025-11-20 10:58:04,706 - music_tracker - INFO - Found 17 new songs out of 17 total
2025-11-20 10:58:04,708 - music_tracker - INFO - Found 17 new songs to save
2025-11-20 10:58:04,708 - music_tracker - INFO - Saving songs to database...
2025-11-20 10:58:05,006 - music_tracker - INFO - Successfully saved 17 songs to database
2025-11-20 10:58:05,008 - music_tracker - INFO - Successfully saved 17 songs to database
2025-11-20 10:58:05,009 - music_tracker - INFO - Song collection completed successfully
2025-11-20 11:58:02,940 - music_tracker - INFO - SpotiSpy song collection starting...
2025-11-20 11:58:02,941 - music_tracker - INFO - Starting song collection (last 1 hours)
2025-11-20 11:58:02,941 - music_tracker - INFO - Fetching recent tracks from Spotify...
2025-11-20 11:58:03,427 - music_tracker - INFO - Fetched 11 songs from Spotify
2025-11-20 11:58:03,430 - music_tracker - INFO - Found 11 songs from Spotify API
2025-11-20 11:58:03,431 - music_tracker - INFO - Checking for duplicates in database...
2025-11-20 11:58:04,863 - music_tracker - INFO - Found 11 new songs out of 11 total
2025-11-20 11:58:04,865 - music_tracker - INFO - Found 11 new songs to save
2025-11-20 11:58:04,866 - music_tracker - INFO - Saving songs to database...
2025-11-20 11:58:05,387 - music_tracker - INFO - Successfully saved 11 songs to database
2025-11-20 11:58:05,389 - music_tracker - INFO - Successfully saved 11 songs to database
2025-11-20 11:58:05,390 - music_tracker - INFO - Song collection completed successfully
2025-11-20 12:58:03,427 - music_tracker - INFO - SpotiSpy song collection starting...
2025-11-20 12:58:03,428 - music_tracker - INFO - Starting song collection (last 1 hours)
2025-11-20 12:58:03,429 - music_tracker - INFO - Fetching recent tracks from Spotify...
2025-11-20 12:58:03,884 - music_tracker - INFO - Fetched 6 songs from Spotify
2025-11-20 12:58:03,887 - music_tracker - INFO - Found 6 songs from Spotify API
2025-11-20 12:58:03,887 - music_tracker - INFO - Checking for duplicates in database...
2025-11-20 12:58:05,383 - music_tracker - INFO - Found 6 new songs out of 6 total
2025-11-20 12:58:05,385 - music_tracker - INFO - Found 6 new songs to save
2025-11-20 12:58:05,386 - music_tracker - INFO - Saving songs to database...
2025-11-20 12:58:05,906 - music_tracker - INFO - Successfully saved 6 songs to database
2025-11-20 12:58:05,908 - music_tracker - INFO - Successfully saved 6 songs to database
2025-11-20 12:58:05,909 - music_tracker - INFO - Song collection completed successfully
2025-11-20 13:58:02,868 - music_tracker - INFO - SpotiSpy song collection starting...
2025-11-20 13:58:02,869 - music_tracker - INFO - Starting song collection (last 1 hours)
2025-11-20 13:58:02,869 - music_tracker - INFO - Fetching recent tracks from Spotify...
2025-11-20 13:58:03,331 - music_tracker - INFO - Fetched 9 songs from Spotify
2025-11-20 13:58:03,334 - music_tracker - INFO - Found 9 songs from Spotify API
2025-11-20 13:58:03,335 - music_tracker - INFO - Checking for duplicates in database...
2025-11-20 13:58:04,824 - music_tracker - INFO - Found 9 new songs out of 9 total
2025-11-20 13:58:04,826 - music_tracker - INFO - Found 9 new songs to save
2025-11-20 13:58:04,827 - music_tracker - INFO - Saving songs to database...
2025-11-20 13:58:05,312 - music_tracker - INFO - Successfully saved 9 songs to database
2025-11-20 13:58:05,314 - music_tracker - INFO - Successfully saved 9 songs to database
2025-11-20 13:58:05,315 - music_tracker - INFO - Song collection completed successfully
2025-11-20 14:58:03,233 - music_tracker - INFO - SpotiSpy song collection starting...
2025-11-20 14:58:03,234 - music_tracker - INFO - Starting song collection (last 1 hours)
2025-11-20 14:58:03,234 - music_tracker - INFO - Fetching recent tracks from Spotify...
2025-11-20 14:58:03,605 - music_tracker - INFO - No recent songs found from Spotify
2025-11-20 14:58:03,607 - music_tracker - INFO - No new songs found from Spotify API
2025-11-20 14:58:03,607 - music_tracker - INFO - Song collection completed successfully
2025-11-20 15:58:03,519 - music_tracker - INFO - SpotiSpy song collection starting...
2025-11-20 15:58:03,519 - music_tracker - INFO - Starting song collection (last 1 hours)
2025-11-20 15:58:03,520 - music_tracker - INFO - Fetching recent tracks from Spotify...
2025-11-20 15:58:04,017 - music_tracker - INFO - Fetched 11 songs from Spotify
2025-11-20 15:58:04,020 - music_tracker - INFO - Found 11 songs from Spotify API
2025-11-20 15:58:04,021 - music_tracker - INFO - Checking for duplicates in database...
2025-11-20 15:58:05,498 - music_tracker - INFO - Found 11 new songs out of 11 total
2025-11-20 15:58:05,501 - music_tracker - INFO - Found 11 new songs to save
2025-11-20 15:58:05,502 - music_tracker - INFO - Saving songs to database...
2025-11-20 15:58:05,859 - music_tracker - INFO - Successfully saved 11 songs to database
2025-11-20 15:58:05,861 - music_tracker - INFO - Successfully saved 11 songs to database
2025-11-20 15:58:05,862 - music_tracker - INFO - Song collection completed successfully
2025-11-20 16:58:02,800 - music_tracker - INFO - SpotiSpy song collection starting...
2025-11-20 16:58:02,801 - music_tracker - INFO - Starting song collection (last 1 hours)
2025-11-20 16:58:02,801 - music_tracker - INFO - Fetching recent tracks from Spotify...
2025-11-20 16:58:03,216 - music_tracker - INFO - Fetched 7 songs from Spotify
2025-11-20 16:58:03,218 - music_tracker - INFO - Found 7 songs from Spotify API
2025-11-20 16:58:03,219 - music_tracker - INFO - Checking for duplicates in database...
2025-11-20 16:58:04,664 - music_tracker - INFO - Found 7 new songs out of 7 total
2025-11-20 16:58:04,666 - music_tracker - INFO - Found 7 new songs to save
2025-11-20 16:58:04,667 - music_tracker - INFO - Saving songs to database...
2025-11-20 16:58:05,004 - music_tracker - INFO - Successfully saved 7 songs to database
2025-11-20 16:58:05,006 - music_tracker - INFO - Successfully saved 7 songs to database
2025-11-20 16:58:05,007 - music_tracker - INFO - Song collection completed successfully
2025-11-20 17:58:02,913 - music_tracker - INFO - SpotiSpy song collection starting...
2025-11-20 17:58:02,914 - music_tracker - INFO - Starting song collection (last 1 hours)
2025-11-20 17:58:02,915 - music_tracker - INFO - Fetching recent tracks from Spotify...
2025-11-20 17:58:03,412 - music_tracker - INFO - Fetched 4 songs from Spotify
2025-11-20 17:58:03,414 - music_tracker - INFO - Found 4 songs from Spotify API
2025-11-20 17:58:03,415 - music_tracker - INFO - Checking for duplicates in database...
2025-11-20 17:58:04,892 - music_tracker - INFO - Found 4 new songs out of 4 total
2025-11-20 17:58:04,894 - music_tracker - INFO - Found 4 new songs to save
2025-11-20 17:58:04,895 - music_tracker - INFO - Saving songs to database...
2025-11-20 17:58:05,208 - music_tracker - INFO - Successfully saved 4 songs to database
2025-11-20 17:58:05,210 - music_tracker - INFO - Successfully saved 4 songs to database
2025-11-20 17:58:05,211 - music_tracker - INFO - Song collection completed successfully
2025-11-20 18:58:03,136 - music_tracker - INFO - SpotiSpy song collection starting...
2025-11-20 18:58:03,136 - music_tracker - INFO - Starting song collection (last 1 hours)
2025-11-20 18:58:03,137 - music_tracker - INFO - Fetching recent tracks from Spotify...
2025-11-20 18:58:03,519 - music_tracker - INFO - No recent songs found from Spotify
2025-11-20 18:58:03,521 - music_tracker - INFO - No new songs found from Spotify API
2025-11-20 18:58:03,521 - music_tracker - INFO - Song collection completed successfully
2025-11-20 19:58:03,418 - music_tracker - INFO - SpotiSpy song collection starting...
2025-11-20 19:58:03,419 - music_tracker - INFO - Starting song collection (last 1 hours)
2025-11-20 19:58:03,420 - music_tracker - INFO - Fetching recent tracks from Spotify...
2025-11-20 19:58:03,915 - music_tracker - INFO - Fetched 1 songs from Spotify
2025-11-20 19:58:03,917 - music_tracker - INFO - Found 1 songs from Spotify API
2025-11-20 19:58:03,918 - music_tracker - INFO - Checking for duplicates in database...
2025-11-20 19:58:05,405 - music_tracker - INFO - Found 1 new songs out of 1 total
2025-11-20 19:58:05,407 - music_tracker - INFO - Found 1 new songs to save
2025-11-20 19:58:05,408 - music_tracker - INFO - Saving songs to database...
2025-11-20 19:58:05,798 - music_tracker - INFO - Successfully saved 1 songs to database
2025-11-20 19:58:05,800 - music_tracker - INFO - Successfully saved 1 songs to database
2025-11-20 19:58:05,801 - music_tracker - INFO - Song collection completed successfully
2025-11-20 20:58:02,716 - music_tracker - INFO - SpotiSpy song collection starting...
2025-11-20 20:58:02,716 - music_tracker - INFO - Starting song collection (last 1 hours)
2025-11-20 20:58:02,717 - music_tracker - INFO - Fetching recent tracks from Spotify...
2025-11-20 20:58:03,562 - music_tracker - INFO - Fetched 4 songs from Spotify
2025-11-20 20:58:03,566 - music_tracker - INFO - Found 4 songs from Spotify API
2025-11-20 20:58:03,567 - music_tracker - INFO - Checking for duplicates in database...
2025-11-20 20:58:04,985 - music_tracker - INFO - Found 4 new songs out of 4 total
2025-11-20 20:58:04,987 - music_tracker - INFO - Found 4 new songs to save
2025-11-20 20:58:04,988 - music_tracker - INFO - Saving songs to database...
2025-11-20 20:58:05,382 - music_tracker - INFO - Successfully saved 4 songs to database
2025-11-20 20:58:05,384 - music_tracker - INFO - Successfully saved 4 songs to database
2025-11-20 20:58:05,385 - music_tracker - INFO - Song collection completed successfully
2025-11-20 21:58:03,278 - music_tracker - INFO - SpotiSpy song collection starting...
2025-11-20 21:58:03,279 - music_tracker - INFO - Starting song collection (last 1 hours)
2025-11-20 21:58:03,280 - music_tracker - INFO - Fetching recent tracks from Spotify...
2025-11-20 21:58:03,654 - music_tracker - INFO - No recent songs found from Spotify
2025-11-20 21:58:03,656 - music_tracker - INFO - No new songs found from Spotify API
2025-11-20 21:58:03,657 - music_tracker - INFO - Song collection completed successfully
2025-11-20 22:58:03,557 - music_tracker - INFO - SpotiSpy song collection starting...
2025-11-20 22:58:03,558 - music_tracker - INFO - Starting song collection (last 1 hours)
2025-11-20 22:58:03,558 - music_tracker - INFO - Fetching recent tracks from Spotify...
2025-11-20 22:58:03,918 - music_tracker - INFO - No recent songs found from Spotify
2025-11-20 22:58:03,920 - music_tracker - INFO - No new songs found from Spotify API
2025-11-20 22:58:03,920 - music_tracker - INFO - Song collection completed successfully
2025-11-20 23:58:02,807 - music_tracker - INFO - SpotiSpy song collection starting...
2025-11-20 23:58:02,807 - music_tracker - INFO - Starting song collection (last 1 hours)
2025-11-20 23:58:02,808 - music_tracker - INFO - Fetching recent tracks from Spotify...
2025-11-20 23:58:03,176 - music_tracker - INFO - No recent songs found from Spotify
2025-11-20 23:58:03,178 - music_tracker - INFO - No new songs found from Spotify API
2025-11-20 23:58:03,178 - music_tracker - INFO - Song collection completed successfully
