2025-12-26 00:58:03,729 - music_tracker - INFO - SpotiSpy song collection starting...
2025-12-26 00:58:03,730 - music_tracker - INFO - Starting song collection (last 1 hours)
2025-12-26 00:58:03,731 - music_tracker - INFO - Fetching recent tracks from Spotify...
2025-12-26 00:58:04,163 - music_tracker - INFO - No recent songs found from Spotify
2025-12-26 00:58:04,165 - music_tracker - INFO - No new songs found from Spotify API
2025-12-26 00:58:04,166 - music_tracker - INFO - Song collection completed successfully
2025-12-26 01:58:03,091 - music_tracker - INFO - SpotiSpy song collection starting...
2025-12-26 01:58:03,091 - music_tracker - INFO - Starting song collection (last 1 hours)
2025-12-26 01:58:03,092 - music_tracker - INFO - Fetching recent tracks from Spotify...
2025-12-26 01:58:03,484 - music_tracker - INFO - No recent songs found from Spotify
2025-12-26 01:58:03,487 - music_tracker - INFO - No new songs found from Spotify API
2025-12-26 01:58:03,487 - music_tracker - INFO - Song collection completed successfully
2025-12-26 02:58:03,386 - music_tracker - INFO - SpotiSpy song collection starting...
2025-12-26 02:58:03,386 - music_tracker - INFO - Starting song collection (last 1 hours)
2025-12-26 02:58:03,387 - music_tracker - INFO - Fetching recent tracks from Spotify...
2025-12-26 02:58:03,764 - music_tracker - INFO - No recent songs found from Spotify
2025-12-26 02:58:03,766 - music_tracker - INFO - No new songs found from Spotify API
2025-12-26 02:58:03,767 - music_tracker - INFO - Song collection completed successfully
2025-12-26 03:58:02,681 - music_tracker - INFO - SpotiSpy song collection starting...
2025-12-26 03:58:02,681 - music_tracker - INFO - Starting song collection (last 1 hours)
2025-12-26 03:58:02,682 - music_tracker - INFO - Fetching recent tracks from Spotify...
2025-12-26 03:58:03,037 - music_tracker - INFO - No recent songs found from Spotify
2025-12-26 03:58:03,039 - music_tracker - INFO - No new songs found from Spotify API
2025-12-26 03:58:03,040 - music_tracker - INFO - Song collection completed successfully
2025-12-26 04:58:02,934 - music_tracker - INFO - SpotiSpy song collection starting...
2025-12-26 04:58:02,935 - music_tracker - INFO - Starting song collection (last 1 hours)
2025-12-26 04:58:02,935 - music_tracker - INFO - Fetching recent tracks from Spotify...
2025-12-26 04:58:03,318 - music_tracker - INFO - No recent songs found from Spotify
2025-12-26 04:58:03,320 - music_tracker - INFO - No new songs found from Spotify API
2025-12-26 04:58:03,320 - music_tracker - INFO - Song collection completed successfully
2025-12-26 05:58:03,327 - music_tracker - INFO - SpotiSpy song collection starting...
2025-12-26 05:58:03,328 - music_tracker - INFO - Starting song collection (last 1 hours)
2025-12-26 05:58:03,328 - music_tracker - INFO - Fetching recent tracks from Spotify...
2025-12-26 05:58:03,691 - music_tracker - INFO - No recent songs found from Spotify
2025-12-26 05:58:03,693 - music_tracker - INFO - No new songs found from Spotify API
2025-12-26 05:58:03,694 - music_tracker - INFO - Song collection completed successfully
2025-12-26 06:58:02,659 - music_tracker - INFO - SpotiSpy song collection starting...
2025-12-26 06:58:02,660 - music_tracker - INFO - Starting song collection (last 1 hours)
2025-12-26 06:58:02,661 - music_tracker - INFO - Fetching recent tracks from Spotify...
2025-12-26 06:58:03,021 - music_tracker - INFO - No recent songs found from Spotify
2025-12-26 06:58:03,023 - music_tracker - INFO - No new songs found from Spotify API
2025-12-26 06:58:03,024 - music_tracker - INFO - Song collection completed successfully
2025-12-26 07:58:02,908 - music_tracker - INFO - SpotiSpy song collection starting...
2025-12-26 07:58:02,908 - music_tracker - INFO - Starting song collection (last 1 hours)
2025-12-26 07:58:02,909 - music_tracker - INFO - Fetching recent tracks from Spotify...
2025-12-26 07:58:03,301 - music_tracker - INFO - No recent songs found from Spotify
2025-12-26 07:58:03,303 - music_tracker - INFO - No new songs found from Spotify API
2025-12-26 07:58:03,303 - music_tracker - INFO - Song collection completed successfully
2025-12-26 08:58:03,196 - music_tracker - INFO - SpotiSpy song collection starting...
2025-12-26 08:58:03,196 - music_tracker - INFO - Starting song collection (last 1 hours)
2025-12-26 08:58:03,197 - music_tracker - INFO - Fetching recent tracks from Spotify...
2025-12-26 08:58:03,537 - music_tracker - INFO - No recent songs found from Spotify
2025-12-26 08:58:03,539 - music_tracker - INFO - No new songs found from Spotify API
2025-12-26 08:58:03,539 - music_tracker - INFO - Song collection completed successfully
2025-12-26 09:00:13,045 - music_tracker - INFO - SpotiSpy starting...
2025-12-26 09:00:13,046 - music_tracker - INFO - Starting daily SpotiSpy analysis
2025-12-26 09:00:13,051 - music_tracker - INFO - Fetching yesterday's listening data...
2025-12-26 09:00:14,990 - music_tracker - INFO - Fetched 0 songs from database
2025-12-26 09:00:14,993 - music_tracker - WARNING - No songs found for yesterday
2025-12-26 09:00:14,994 - music_tracker - INFO - SpotiSpy completed successfully
2025-12-26 09:58:02,880 - music_tracker - INFO - SpotiSpy song collection starting...
2025-12-26 09:58:02,881 - music_tracker - INFO - Starting song collection (last 1 hours)
2025-12-26 09:58:02,882 - music_tracker - INFO - Fetching recent tracks from Spotify...
2025-12-26 09:58:03,238 - music_tracker - INFO - No recent songs found from Spotify
2025-12-26 09:58:03,240 - music_tracker - INFO - No new songs found from Spotify API
2025-12-26 09:58:03,241 - music_tracker - INFO - Song collection completed successfully
2025-12-26 10:58:03,146 - music_tracker - INFO - SpotiSpy song collection starting...
2025-12-26 10:58:03,147 - music_tracker - INFO - Starting song collection (last 1 hours)
2025-12-26 10:58:03,148 - music_tracker - INFO - Fetching recent tracks from Spotify...
2025-12-26 10:58:03,815 - music_tracker - INFO - Fetched 4 songs from Spotify
2025-12-26 10:58:03,817 - music_tracker - INFO - Found 4 songs from Spotify API
2025-12-26 10:58:03,818 - music_tracker - INFO - Checking for duplicates in database...
2025-12-26 10:58:05,347 - music_tracker - INFO - Found 4 new songs out of 4 total
2025-12-26 10:58:05,349 - music_tracker - INFO - Found 4 new songs to save
2025-12-26 10:58:05,350 - music_tracker - INFO - Saving songs to database...
2025-12-26 10:58:05,656 - music_tracker - INFO - Successfully saved 4 songs to database
2025-12-26 10:58:05,658 - music_tracker - INFO - Successfully saved 4 songs to database
2025-12-26 10:58:05,659 - music_tracker - INFO - Song collection completed successfully
2025-12-26 11:58:04,778 - music_tracker - INFO - SpotiSpy song collection starting...
2025-12-26 11:58:04,779 - music_tracker - INFO - Starting song collection (last 1 hours)
2025-12-26 11:58:04,780 - music_tracker - INFO - Fetching recent tracks from Spotify...
2025-12-26 11:58:05,229 - music_tracker - INFO - Fetched 11 songs from Spotify
2025-12-26 11:58:05,232 - music_tracker - INFO - Found 11 songs from Spotify API
2025-12-26 11:58:05,233 - music_tracker - INFO - Checking for duplicates in database...
2025-12-26 11:58:06,607 - music_tracker - INFO - Found 11 new songs out of 11 total
2025-12-26 11:58:06,610 - music_tracker - INFO - Found 11 new songs to save
2025-12-26 11:58:06,610 - music_tracker - INFO - Saving songs to database...
2025-12-26 11:58:06,940 - music_tracker - INFO - Successfully saved 11 songs to database
2025-12-26 11:58:06,942 - music_tracker - INFO - Successfully saved 11 songs to database
2025-12-26 11:58:06,943 - music_tracker - INFO - Song collection completed successfully
2025-12-26 12:58:02,916 - music_tracker - INFO - SpotiSpy song collection starting...
2025-12-26 12:58:02,917 - music_tracker - INFO - Starting song collection (last 1 hours)
2025-12-26 12:58:02,918 - music_tracker - INFO - Fetching recent tracks from Spotify...
2025-12-26 12:58:03,403 - music_tracker - INFO - Fetched 3 songs from Spotify
2025-12-26 12:58:03,405 - music_tracker - INFO - Found 3 songs from Spotify API
2025-12-26 12:58:03,406 - music_tracker - INFO - Checking for duplicates in database...
2025-12-26 12:58:04,779 - music_tracker - INFO - Found 3 new songs out of 3 total
2025-12-26 12:58:04,781 - music_tracker - INFO - Found 3 new songs to save
2025-12-26 12:58:04,782 - music_tracker - INFO - Saving songs to database...
2025-12-26 12:58:05,146 - music_tracker - INFO - Successfully saved 3 songs to database
2025-12-26 12:58:05,148 - music_tracker - INFO - Successfully saved 3 songs to database
2025-12-26 12:58:05,149 - music_tracker - INFO - Song collection completed successfully
2025-12-26 13:58:03,048 - music_tracker - INFO - SpotiSpy song collection starting...
2025-12-26 13:58:03,049 - music_tracker - INFO - Starting song collection (last 1 hours)
2025-12-26 13:58:03,049 - music_tracker - INFO - Fetching recent tracks from Spotify...
2025-12-26 13:58:03,582 - music_tracker - INFO - Fetched 17 songs from Spotify
2025-12-26 13:58:03,585 - music_tracker - INFO - Found 17 songs from Spotify API
2025-12-26 13:58:03,586 - music_tracker - INFO - Checking for duplicates in database...
2025-12-26 13:58:05,034 - music_tracker - INFO - Found 17 new songs out of 17 total
2025-12-26 13:58:05,036 - music_tracker - INFO - Found 17 new songs to save
2025-12-26 13:58:05,037 - music_tracker - INFO - Saving songs to database...
2025-12-26 13:58:05,399 - music_tracker - INFO - Successfully saved 17 songs to database
2025-12-26 13:58:05,402 - music_tracker - INFO - Successfully saved 17 songs to database
2025-12-26 13:58:05,403 - music_tracker - INFO - Song collection completed successfully
2025-12-26 14:58:03,329 - music_tracker - INFO - SpotiSpy song collection starting...
2025-12-26 14:58:03,330 - music_tracker - INFO - Starting song collection (last 1 hours)
2025-12-26 14:58:03,330 - music_tracker - INFO - Fetching recent tracks from Spotify...
2025-12-26 14:58:03,867 - music_tracker - INFO - Fetched 14 songs from Spotify
2025-12-26 14:58:03,870 - music_tracker - INFO - Found 14 songs from Spotify API
2025-12-26 14:58:03,871 - music_tracker - INFO - Checking for duplicates in database...
2025-12-26 14:58:05,385 - music_tracker - INFO - Found 14 new songs out of 14 total
2025-12-26 14:58:05,387 - music_tracker - INFO - Found 14 new songs to save
2025-12-26 14:58:05,388 - music_tracker - INFO - Saving songs to database...
2025-12-26 14:58:05,764 - music_tracker - INFO - Successfully saved 14 songs to database
2025-12-26 14:58:05,766 - music_tracker - INFO - Successfully saved 14 songs to database
2025-12-26 14:58:05,767 - music_tracker - INFO - Song collection completed successfully
2025-12-26 15:58:02,664 - music_tracker - INFO - SpotiSpy song collection starting...
2025-12-26 15:58:02,665 - music_tracker - INFO - Starting song collection (last 1 hours)
2025-12-26 15:58:02,666 - music_tracker - INFO - Fetching recent tracks from Spotify...
2025-12-26 15:58:03,243 - music_tracker - INFO - Fetched 18 songs from Spotify
2025-12-26 15:58:03,246 - music_tracker - INFO - Found 18 songs from Spotify API
2025-12-26 15:58:03,246 - music_tracker - INFO - Checking for duplicates in database...
2025-12-26 15:58:04,778 - music_tracker - INFO - Found 18 new songs out of 18 total
2025-12-26 15:58:04,780 - music_tracker - INFO - Found 18 new songs to save
2025-12-26 15:58:04,781 - music_tracker - INFO - Saving songs to database...
2025-12-26 15:58:05,169 - music_tracker - INFO - Successfully saved 18 songs to database
2025-12-26 15:58:05,171 - music_tracker - INFO - Successfully saved 18 songs to database
2025-12-26 15:58:05,172 - music_tracker - INFO - Song collection completed successfully
2025-12-26 16:58:03,071 - music_tracker - INFO - SpotiSpy song collection starting...
2025-12-26 16:58:03,071 - music_tracker - INFO - Starting song collection (last 1 hours)
2025-12-26 16:58:03,072 - music_tracker - INFO - Fetching recent tracks from Spotify...
2025-12-26 16:58:03,694 - music_tracker - INFO - Fetched 16 songs from Spotify
2025-12-26 16:58:03,697 - music_tracker - INFO - Found 16 songs from Spotify API
2025-12-26 16:58:03,698 - music_tracker - INFO - Checking for duplicates in database...
2025-12-26 16:58:05,238 - music_tracker - INFO - Found 16 new songs out of 16 total
2025-12-26 16:58:05,240 - music_tracker - INFO - Found 16 new songs to save
2025-12-26 16:58:05,241 - music_tracker - INFO - Saving songs to database...
2025-12-26 16:58:05,601 - music_tracker - INFO - Successfully saved 16 songs to database
2025-12-26 16:58:05,603 - music_tracker - INFO - Successfully saved 16 songs to database
2025-12-26 16:58:05,604 - music_tracker - INFO - Song collection completed successfully
2025-12-26 17:58:03,513 - music_tracker - INFO - SpotiSpy song collection starting...
2025-12-26 17:58:03,514 - music_tracker - INFO - Starting song collection (last 1 hours)
2025-12-26 17:58:03,515 - music_tracker - INFO - Fetching recent tracks from Spotify...
2025-12-26 17:58:03,905 - music_tracker - INFO - Fetched 1 songs from Spotify
2025-12-26 17:58:03,908 - music_tracker - INFO - Found 1 songs from Spotify API
2025-12-26 17:58:03,908 - music_tracker - INFO - Checking for duplicates in database...
2025-12-26 17:58:05,245 - music_tracker - INFO - Found 1 new songs out of 1 total
2025-12-26 17:58:05,248 - music_tracker - INFO - Found 1 new songs to save
2025-12-26 17:58:05,248 - music_tracker - INFO - Saving songs to database...
2025-12-26 17:58:05,609 - music_tracker - INFO - Successfully saved 1 songs to database
2025-12-26 17:58:05,611 - music_tracker - INFO - Successfully saved 1 songs to database
2025-12-26 17:58:05,611 - music_tracker - INFO - Song collection completed successfully
2025-12-26 18:58:03,498 - music_tracker - INFO - SpotiSpy song collection starting...
2025-12-26 18:58:03,499 - music_tracker - INFO - Starting song collection (last 1 hours)
2025-12-26 18:58:03,499 - music_tracker - INFO - Fetching recent tracks from Spotify...
2025-12-26 18:58:03,986 - music_tracker - INFO - No recent songs found from Spotify
2025-12-26 18:58:03,988 - music_tracker - INFO - No new songs found from Spotify API
2025-12-26 18:58:03,989 - music_tracker - INFO - Song collection completed successfully
2025-12-26 19:58:02,910 - music_tracker - INFO - SpotiSpy song collection starting...
2025-12-26 19:58:02,910 - music_tracker - INFO - Starting song collection (last 1 hours)
2025-12-26 19:58:02,911 - music_tracker - INFO - Fetching recent tracks from Spotify...
2025-12-26 19:58:03,350 - music_tracker - INFO - No recent songs found from Spotify
2025-12-26 19:58:03,352 - music_tracker - INFO - No new songs found from Spotify API
2025-12-26 19:58:03,352 - music_tracker - INFO - Song collection completed successfully
2025-12-26 20:58:03,252 - music_tracker - INFO - SpotiSpy song collection starting...
2025-12-26 20:58:03,253 - music_tracker - INFO - Starting song collection (last 1 hours)
2025-12-26 20:58:03,254 - music_tracker - INFO - Fetching recent tracks from Spotify...
2025-12-26 20:58:03,648 - music_tracker - INFO - No recent songs found from Spotify
2025-12-26 20:58:03,650 - music_tracker - INFO - No new songs found from Spotify API
2025-12-26 20:58:03,650 - music_tracker - INFO - Song collection completed successfully
2025-12-26 21:58:03,527 - music_tracker - INFO - SpotiSpy song collection starting...
2025-12-26 21:58:03,527 - music_tracker - INFO - Starting song collection (last 1 hours)
2025-12-26 21:58:03,528 - music_tracker - INFO - Fetching recent tracks from Spotify...
2025-12-26 21:58:03,875 - music_tracker - INFO - No recent songs found from Spotify
2025-12-26 21:58:03,877 - music_tracker - INFO - No new songs found from Spotify API
2025-12-26 21:58:03,878 - music_tracker - INFO - Song collection completed successfully
2025-12-26 22:58:02,765 - music_tracker - INFO - SpotiSpy song collection starting...
2025-12-26 22:58:02,765 - music_tracker - INFO - Starting song collection (last 1 hours)
2025-12-26 22:58:02,766 - music_tracker - INFO - Fetching recent tracks from Spotify...
2025-12-26 22:58:03,129 - music_tracker - INFO - No recent songs found from Spotify
2025-12-26 22:58:03,131 - music_tracker - INFO - No new songs found from Spotify API
2025-12-26 22:58:03,132 - music_tracker - INFO - Song collection completed successfully
2025-12-26 23:58:03,020 - music_tracker - INFO - SpotiSpy song collection starting...
2025-12-26 23:58:03,021 - music_tracker - INFO - Starting song collection (last 1 hours)
2025-12-26 23:58:03,021 - music_tracker - INFO - Fetching recent tracks from Spotify...
2025-12-26 23:58:03,407 - music_tracker - INFO - No recent songs found from Spotify
2025-12-26 23:58:03,409 - music_tracker - INFO - No new songs found from Spotify API
2025-12-26 23:58:03,410 - music_tracker - INFO - Song collection completed successfully
