2025-11-07 00:58:03,344 - music_tracker - INFO - SpotiSpy song collection starting...
2025-11-07 00:58:03,345 - music_tracker - INFO - Starting song collection (last 1 hours)
2025-11-07 00:58:03,345 - music_tracker - INFO - Fetching recent tracks from Spotify...
2025-11-07 00:58:03,726 - music_tracker - INFO - No recent songs found from Spotify
2025-11-07 00:58:03,728 - music_tracker - INFO - No new songs found from Spotify API
2025-11-07 00:58:03,729 - music_tracker - INFO - Song collection completed successfully
2025-11-07 01:58:02,682 - music_tracker - INFO - SpotiSpy song collection starting...
2025-11-07 01:58:02,682 - music_tracker - INFO - Starting song collection (last 1 hours)
2025-11-07 01:58:02,683 - music_tracker - INFO - Fetching recent tracks from Spotify...
2025-11-07 01:58:03,055 - music_tracker - INFO - No recent songs found from Spotify
2025-11-07 01:58:03,057 - music_tracker - INFO - No new songs found from Spotify API
2025-11-07 01:58:03,057 - music_tracker - INFO - Song collection completed successfully
2025-11-07 02:58:02,986 - music_tracker - INFO - SpotiSpy song collection starting...
2025-11-07 02:58:02,987 - music_tracker - INFO - Starting song collection (last 1 hours)
2025-11-07 02:58:02,987 - music_tracker - INFO - Fetching recent tracks from Spotify...
2025-11-07 02:58:03,374 - music_tracker - INFO - No recent songs found from Spotify
2025-11-07 02:58:03,376 - music_tracker - INFO - No new songs found from Spotify API
2025-11-07 02:58:03,376 - music_tracker - INFO - Song collection completed successfully
2025-11-07 03:58:03,296 - music_tracker - INFO - SpotiSpy song collection starting...
2025-11-07 03:58:03,297 - music_tracker - INFO - Starting song collection (last 1 hours)
2025-11-07 03:58:03,298 - music_tracker - INFO - Fetching recent tracks from Spotify...
2025-11-07 03:58:03,675 - music_tracker - INFO - No recent songs found from Spotify
2025-11-07 03:58:03,677 - music_tracker - INFO - No new songs found from Spotify API
2025-11-07 03:58:03,678 - music_tracker - INFO - Song collection completed successfully
2025-11-07 04:58:03,618 - music_tracker - INFO - SpotiSpy song collection starting...
2025-11-07 04:58:03,619 - music_tracker - INFO - Starting song collection (last 1 hours)
2025-11-07 04:58:03,619 - music_tracker - INFO - Fetching recent tracks from Spotify...
2025-11-07 04:58:04,024 - music_tracker - INFO - No recent songs found from Spotify
2025-11-07 04:58:04,026 - music_tracker - INFO - No new songs found from Spotify API
2025-11-07 04:58:04,026 - music_tracker - INFO - Song collection completed successfully
2025-11-07 05:58:02,963 - music_tracker - INFO - SpotiSpy song collection starting...
2025-11-07 05:58:02,963 - music_tracker - INFO - Starting song collection (last 1 hours)
2025-11-07 05:58:02,964 - music_tracker - INFO - Fetching recent tracks from Spotify...
2025-11-07 05:58:03,338 - music_tracker - INFO - No recent songs found from Spotify
2025-11-07 05:58:03,340 - music_tracker - INFO - No new songs found from Spotify API
2025-11-07 05:58:03,341 - music_tracker - INFO - Song collection completed successfully
2025-11-07 06:58:03,298 - music_tracker - INFO - SpotiSpy song collection starting...
2025-11-07 06:58:03,298 - music_tracker - INFO - Starting song collection (last 1 hours)
2025-11-07 06:58:03,299 - music_tracker - INFO - Fetching recent tracks from Spotify...
2025-11-07 06:58:03,751 - music_tracker - INFO - No recent songs found from Spotify
2025-11-07 06:58:03,753 - music_tracker - INFO - No new songs found from Spotify API
2025-11-07 06:58:03,754 - music_tracker - INFO - Song collection completed successfully
2025-11-07 07:58:03,349 - music_tracker - INFO - SpotiSpy song collection starting...
2025-11-07 07:58:03,350 - music_tracker - INFO - Starting song collection (last 1 hours)
2025-11-07 07:58:03,351 - music_tracker - INFO - Fetching recent tracks from Spotify...
2025-11-07 07:58:03,769 - music_tracker - INFO - No recent songs found from Spotify
2025-11-07 07:58:03,771 - music_tracker - INFO - No new songs found from Spotify API
2025-11-07 07:58:03,771 - music_tracker - INFO - Song collection completed successfully
2025-11-07 08:58:03,955 - music_tracker - INFO - SpotiSpy song collection starting...
2025-11-07 08:58:03,957 - music_tracker - INFO - Starting song collection (last 1 hours)
2025-11-07 08:58:03,957 - music_tracker - INFO - Fetching recent tracks from Spotify...
2025-11-07 08:58:04,541 - music_tracker - INFO - Fetched 14 songs from Spotify
2025-11-07 08:58:04,546 - music_tracker - INFO - Found 14 songs from Spotify API
2025-11-07 08:58:04,546 - music_tracker - INFO - Checking for duplicates in database...
2025-11-07 08:58:06,199 - music_tracker - INFO - Found 14 new songs out of 14 total
2025-11-07 08:58:06,201 - music_tracker - INFO - Found 14 new songs to save
2025-11-07 08:58:06,202 - music_tracker - INFO - Saving songs to database...
2025-11-07 08:58:06,582 - music_tracker - INFO - Successfully saved 14 songs to database
2025-11-07 08:58:06,584 - music_tracker - INFO - Successfully saved 14 songs to database
2025-11-07 08:58:06,584 - music_tracker - INFO - Song collection completed successfully
2025-11-07 09:00:13,458 - music_tracker - INFO - SpotiSpy starting...
2025-11-07 09:00:13,459 - music_tracker - INFO - Starting daily SpotiSpy analysis
2025-11-07 09:00:13,464 - music_tracker - INFO - Fetching yesterday's listening data...
2025-11-07 09:00:14,017 - music_tracker - INFO - Fetched 107 songs from database
2025-11-07 09:00:14,019 - music_tracker - INFO - Found 107 songs to analyze
2025-11-07 09:00:14,019 - music_tracker - INFO - Running analysis...
2025-11-07 09:00:14,027 - music_tracker - INFO - Sending daily summary to Slack...
2025-11-07 09:00:40,931 - music_tracker - INFO - Message sent successfully to Slack
2025-11-07 09:00:40,932 - music_tracker - INFO - Daily analysis completed successfully!
2025-11-07 09:00:40,933 - music_tracker - INFO - SpotiSpy completed successfully
2025-11-07 09:58:02,828 - music_tracker - INFO - SpotiSpy song collection starting...
2025-11-07 09:58:02,829 - music_tracker - INFO - Starting song collection (last 1 hours)
2025-11-07 09:58:02,830 - music_tracker - INFO - Fetching recent tracks from Spotify...
2025-11-07 09:58:03,390 - music_tracker - INFO - Fetched 11 songs from Spotify
2025-11-07 09:58:03,393 - music_tracker - INFO - Found 11 songs from Spotify API
2025-11-07 09:58:03,393 - music_tracker - INFO - Checking for duplicates in database...
2025-11-07 09:58:04,793 - music_tracker - INFO - Found 11 new songs out of 11 total
2025-11-07 09:58:04,795 - music_tracker - INFO - Found 11 new songs to save
2025-11-07 09:58:04,796 - music_tracker - INFO - Saving songs to database...
2025-11-07 09:58:05,075 - music_tracker - INFO - Successfully saved 11 songs to database
2025-11-07 09:58:05,078 - music_tracker - INFO - Successfully saved 11 songs to database
2025-11-07 09:58:05,078 - music_tracker - INFO - Song collection completed successfully
2025-11-07 10:58:03,018 - music_tracker - INFO - SpotiSpy song collection starting...
2025-11-07 10:58:03,018 - music_tracker - INFO - Starting song collection (last 1 hours)
2025-11-07 10:58:03,019 - music_tracker - INFO - Fetching recent tracks from Spotify...
2025-11-07 10:58:03,543 - music_tracker - INFO - Fetched 18 songs from Spotify
2025-11-07 10:58:03,546 - music_tracker - INFO - Found 18 songs from Spotify API
2025-11-07 10:58:03,546 - music_tracker - INFO - Checking for duplicates in database...
2025-11-07 10:58:05,163 - music_tracker - INFO - Found 18 new songs out of 18 total
2025-11-07 10:58:05,165 - music_tracker - INFO - Found 18 new songs to save
2025-11-07 10:58:05,166 - music_tracker - INFO - Saving songs to database...
2025-11-07 10:58:05,512 - music_tracker - INFO - Successfully saved 18 songs to database
2025-11-07 10:58:05,514 - music_tracker - INFO - Successfully saved 18 songs to database
2025-11-07 10:58:05,515 - music_tracker - INFO - Song collection completed successfully
2025-11-07 11:58:03,427 - music_tracker - INFO - SpotiSpy song collection starting...
2025-11-07 11:58:03,427 - music_tracker - INFO - Starting song collection (last 1 hours)
2025-11-07 11:58:03,428 - music_tracker - INFO - Fetching recent tracks from Spotify...
2025-11-07 11:58:03,976 - music_tracker - INFO - Fetched 18 songs from Spotify
2025-11-07 11:58:03,979 - music_tracker - INFO - Found 18 songs from Spotify API
2025-11-07 11:58:03,979 - music_tracker - INFO - Checking for duplicates in database...
2025-11-07 11:58:05,044 - music_tracker - INFO - Found 18 new songs out of 18 total
2025-11-07 11:58:05,046 - music_tracker - INFO - Found 18 new songs to save
2025-11-07 11:58:05,047 - music_tracker - INFO - Saving songs to database...
2025-11-07 11:58:05,466 - music_tracker - INFO - Successfully saved 18 songs to database
2025-11-07 11:58:05,468 - music_tracker - INFO - Successfully saved 18 songs to database
2025-11-07 11:58:05,469 - music_tracker - INFO - Song collection completed successfully
2025-11-07 12:58:03,446 - music_tracker - INFO - SpotiSpy song collection starting...
2025-11-07 12:58:03,447 - music_tracker - INFO - Starting song collection (last 1 hours)
2025-11-07 12:58:03,448 - music_tracker - INFO - Fetching recent tracks from Spotify...
2025-11-07 12:58:04,081 - music_tracker - INFO - Fetched 13 songs from Spotify
2025-11-07 12:58:04,085 - music_tracker - INFO - Found 13 songs from Spotify API
2025-11-07 12:58:04,085 - music_tracker - INFO - Checking for duplicates in database...
2025-11-07 12:58:05,572 - music_tracker - INFO - Found 13 new songs out of 13 total
2025-11-07 12:58:05,574 - music_tracker - INFO - Found 13 new songs to save
2025-11-07 12:58:05,574 - music_tracker - INFO - Saving songs to database...
2025-11-07 12:58:05,959 - music_tracker - INFO - Successfully saved 13 songs to database
2025-11-07 12:58:05,961 - music_tracker - INFO - Successfully saved 13 songs to database
2025-11-07 12:58:05,962 - music_tracker - INFO - Song collection completed successfully
2025-11-07 13:58:02,937 - music_tracker - INFO - SpotiSpy song collection starting...
2025-11-07 13:58:02,938 - music_tracker - INFO - Starting song collection (last 1 hours)
2025-11-07 13:58:02,938 - music_tracker - INFO - Fetching recent tracks from Spotify...
2025-11-07 13:58:03,411 - music_tracker - INFO - Fetched 1 songs from Spotify
2025-11-07 13:58:03,413 - music_tracker - INFO - Found 1 songs from Spotify API
2025-11-07 13:58:03,414 - music_tracker - INFO - Checking for duplicates in database...
2025-11-07 13:58:04,861 - music_tracker - INFO - Found 1 new songs out of 1 total
2025-11-07 13:58:04,863 - music_tracker - INFO - Found 1 new songs to save
2025-11-07 13:58:04,864 - music_tracker - INFO - Saving songs to database...
2025-11-07 13:58:05,151 - music_tracker - INFO - Successfully saved 1 songs to database
2025-11-07 13:58:05,152 - music_tracker - INFO - Successfully saved 1 songs to database
2025-11-07 13:58:05,153 - music_tracker - INFO - Song collection completed successfully
2025-11-07 14:58:03,113 - music_tracker - INFO - SpotiSpy song collection starting...
2025-11-07 14:58:03,122 - music_tracker - INFO - Starting song collection (last 1 hours)
2025-11-07 14:58:03,123 - music_tracker - INFO - Fetching recent tracks from Spotify...
2025-11-07 14:58:03,647 - music_tracker - INFO - Fetched 3 songs from Spotify
2025-11-07 14:58:03,649 - music_tracker - INFO - Found 3 songs from Spotify API
2025-11-07 14:58:03,650 - music_tracker - INFO - Checking for duplicates in database...
2025-11-07 14:58:05,138 - music_tracker - INFO - Found 3 new songs out of 3 total
2025-11-07 14:58:05,140 - music_tracker - INFO - Found 3 new songs to save
2025-11-07 14:58:05,141 - music_tracker - INFO - Saving songs to database...
2025-11-07 14:58:05,417 - music_tracker - INFO - Successfully saved 3 songs to database
2025-11-07 14:58:05,419 - music_tracker - INFO - Successfully saved 3 songs to database
2025-11-07 14:58:05,420 - music_tracker - INFO - Song collection completed successfully
2025-11-07 15:58:03,405 - music_tracker - INFO - SpotiSpy song collection starting...
2025-11-07 15:58:03,406 - music_tracker - INFO - Starting song collection (last 1 hours)
2025-11-07 15:58:03,407 - music_tracker - INFO - Fetching recent tracks from Spotify...
2025-11-07 15:58:03,817 - music_tracker - INFO - No recent songs found from Spotify
2025-11-07 15:58:03,819 - music_tracker - INFO - No new songs found from Spotify API
2025-11-07 15:58:03,820 - music_tracker - INFO - Song collection completed successfully
2025-11-07 16:58:02,703 - music_tracker - INFO - SpotiSpy song collection starting...
2025-11-07 16:58:02,704 - music_tracker - INFO - Starting song collection (last 1 hours)
2025-11-07 16:58:02,705 - music_tracker - INFO - Fetching recent tracks from Spotify...
2025-11-07 16:58:03,144 - music_tracker - INFO - No recent songs found from Spotify
2025-11-07 16:58:03,146 - music_tracker - INFO - No new songs found from Spotify API
2025-11-07 16:58:03,146 - music_tracker - INFO - Song collection completed successfully
2025-11-07 17:58:03,041 - music_tracker - INFO - SpotiSpy song collection starting...
2025-11-07 17:58:03,042 - music_tracker - INFO - Starting song collection (last 1 hours)
2025-11-07 17:58:03,043 - music_tracker - INFO - Fetching recent tracks from Spotify...
2025-11-07 17:58:03,451 - music_tracker - INFO - No recent songs found from Spotify
2025-11-07 17:58:03,453 - music_tracker - INFO - No new songs found from Spotify API
2025-11-07 17:58:03,454 - music_tracker - INFO - Song collection completed successfully
2025-11-07 18:58:03,352 - music_tracker - INFO - SpotiSpy song collection starting...
2025-11-07 18:58:03,353 - music_tracker - INFO - Starting song collection (last 1 hours)
2025-11-07 18:58:03,354 - music_tracker - INFO - Fetching recent tracks from Spotify...
2025-11-07 18:58:03,930 - music_tracker - INFO - Fetched 5 songs from Spotify
2025-11-07 18:58:03,933 - music_tracker - INFO - Found 5 songs from Spotify API
2025-11-07 18:58:03,933 - music_tracker - INFO - Checking for duplicates in database...
2025-11-07 18:58:05,434 - music_tracker - INFO - Found 5 new songs out of 5 total
2025-11-07 18:58:05,436 - music_tracker - INFO - Found 5 new songs to save
2025-11-07 18:58:05,437 - music_tracker - INFO - Saving songs to database...
2025-11-07 18:58:05,781 - music_tracker - INFO - Successfully saved 5 songs to database
2025-11-07 18:58:05,783 - music_tracker - INFO - Successfully saved 5 songs to database
2025-11-07 18:58:05,784 - music_tracker - INFO - Song collection completed successfully
2025-11-07 19:58:02,733 - music_tracker - INFO - SpotiSpy song collection starting...
2025-11-07 19:58:02,734 - music_tracker - INFO - Starting song collection (last 1 hours)
2025-11-07 19:58:02,734 - music_tracker - INFO - Fetching recent tracks from Spotify...
2025-11-07 19:58:03,181 - music_tracker - INFO - No recent songs found from Spotify
2025-11-07 19:58:03,183 - music_tracker - INFO - No new songs found from Spotify API
2025-11-07 19:58:03,184 - music_tracker - INFO - Song collection completed successfully
2025-11-07 20:58:03,069 - music_tracker - INFO - SpotiSpy song collection starting...
2025-11-07 20:58:03,070 - music_tracker - INFO - Starting song collection (last 1 hours)
2025-11-07 20:58:03,071 - music_tracker - INFO - Fetching recent tracks from Spotify...
2025-11-07 20:58:03,470 - music_tracker - INFO - No recent songs found from Spotify
2025-11-07 20:58:03,472 - music_tracker - INFO - No new songs found from Spotify API
2025-11-07 20:58:03,473 - music_tracker - INFO - Song collection completed successfully
2025-11-07 21:58:03,358 - music_tracker - INFO - SpotiSpy song collection starting...
2025-11-07 21:58:03,358 - music_tracker - INFO - Starting song collection (last 1 hours)
2025-11-07 21:58:03,359 - music_tracker - INFO - Fetching recent tracks from Spotify...
2025-11-07 21:58:03,945 - music_tracker - INFO - Fetched 4 songs from Spotify
2025-11-07 21:58:03,947 - music_tracker - INFO - Found 4 songs from Spotify API
2025-11-07 21:58:03,948 - music_tracker - INFO - Checking for duplicates in database...
2025-11-07 21:58:05,488 - music_tracker - INFO - Found 4 new songs out of 4 total
2025-11-07 21:58:05,490 - music_tracker - INFO - Found 4 new songs to save
2025-11-07 21:58:05,491 - music_tracker - INFO - Saving songs to database...
2025-11-07 21:58:05,834 - music_tracker - INFO - Successfully saved 4 songs to database
2025-11-07 21:58:05,836 - music_tracker - INFO - Successfully saved 4 songs to database
2025-11-07 21:58:05,836 - music_tracker - INFO - Song collection completed successfully
2025-11-07 22:58:02,776 - music_tracker - INFO - SpotiSpy song collection starting...
2025-11-07 22:58:02,776 - music_tracker - INFO - Starting song collection (last 1 hours)
2025-11-07 22:58:02,777 - music_tracker - INFO - Fetching recent tracks from Spotify...
2025-11-07 22:58:03,242 - music_tracker - INFO - Fetched 8 songs from Spotify
2025-11-07 22:58:03,245 - music_tracker - INFO - Found 8 songs from Spotify API
2025-11-07 22:58:03,245 - music_tracker - INFO - Checking for duplicates in database...
2025-11-07 22:58:04,710 - music_tracker - INFO - Found 8 new songs out of 8 total
2025-11-07 22:58:04,712 - music_tracker - INFO - Found 8 new songs to save
2025-11-07 22:58:04,713 - music_tracker - INFO - Saving songs to database...
2025-11-07 22:58:05,069 - music_tracker - INFO - Successfully saved 8 songs to database
2025-11-07 22:58:05,071 - music_tracker - INFO - Successfully saved 8 songs to database
2025-11-07 22:58:05,072 - music_tracker - INFO - Song collection completed successfully
2025-11-07 23:58:02,988 - music_tracker - INFO - SpotiSpy song collection starting...
2025-11-07 23:58:02,988 - music_tracker - INFO - Starting song collection (last 1 hours)
2025-11-07 23:58:02,989 - music_tracker - INFO - Fetching recent tracks from Spotify...
2025-11-07 23:58:03,347 - music_tracker - INFO - No recent songs found from Spotify
2025-11-07 23:58:03,349 - music_tracker - INFO - No new songs found from Spotify API
2025-11-07 23:58:03,349 - music_tracker - INFO - Song collection completed successfully
