2025-11-10 00:58:03,332 - music_tracker - INFO - SpotiSpy song collection starting...
2025-11-10 00:58:03,333 - music_tracker - INFO - Starting song collection (last 1 hours)
2025-11-10 00:58:03,334 - music_tracker - INFO - Fetching recent tracks from Spotify...
2025-11-10 00:58:03,682 - music_tracker - INFO - No recent songs found from Spotify
2025-11-10 00:58:03,684 - music_tracker - INFO - No new songs found from Spotify API
2025-11-10 00:58:03,684 - music_tracker - INFO - Song collection completed successfully
2025-11-10 01:58:03,140 - music_tracker - INFO - SpotiSpy song collection starting...
2025-11-10 01:58:03,140 - music_tracker - INFO - Starting song collection (last 1 hours)
2025-11-10 01:58:03,141 - music_tracker - INFO - Fetching recent tracks from Spotify...
2025-11-10 01:58:03,562 - music_tracker - INFO - No recent songs found from Spotify
2025-11-10 01:58:03,564 - music_tracker - INFO - No new songs found from Spotify API
2025-11-10 01:58:03,564 - music_tracker - INFO - Song collection completed successfully
2025-11-10 02:58:03,570 - music_tracker - INFO - SpotiSpy song collection starting...
2025-11-10 02:58:03,571 - music_tracker - INFO - Starting song collection (last 1 hours)
2025-11-10 02:58:03,572 - music_tracker - INFO - Fetching recent tracks from Spotify...
2025-11-10 02:58:03,961 - music_tracker - INFO - No recent songs found from Spotify
2025-11-10 02:58:03,963 - music_tracker - INFO - No new songs found from Spotify API
2025-11-10 02:58:03,963 - music_tracker - INFO - Song collection completed successfully
2025-11-10 03:58:02,980 - music_tracker - INFO - SpotiSpy song collection starting...
2025-11-10 03:58:02,980 - music_tracker - INFO - Starting song collection (last 1 hours)
2025-11-10 03:58:02,981 - music_tracker - INFO - Fetching recent tracks from Spotify...
2025-11-10 03:58:03,341 - music_tracker - INFO - No recent songs found from Spotify
2025-11-10 03:58:03,343 - music_tracker - INFO - No new songs found from Spotify API
2025-11-10 03:58:03,343 - music_tracker - INFO - Song collection completed successfully
2025-11-10 04:58:03,239 - music_tracker - INFO - SpotiSpy song collection starting...
2025-11-10 04:58:03,240 - music_tracker - INFO - Starting song collection (last 1 hours)
2025-11-10 04:58:03,240 - music_tracker - INFO - Fetching recent tracks from Spotify...
2025-11-10 04:58:03,683 - music_tracker - INFO - No recent songs found from Spotify
2025-11-10 04:58:03,685 - music_tracker - INFO - No new songs found from Spotify API
2025-11-10 04:58:03,685 - music_tracker - INFO - Song collection completed successfully
2025-11-10 05:58:03,599 - music_tracker - INFO - SpotiSpy song collection starting...
2025-11-10 05:58:03,600 - music_tracker - INFO - Starting song collection (last 1 hours)
2025-11-10 05:58:03,600 - music_tracker - INFO - Fetching recent tracks from Spotify...
2025-11-10 05:58:03,994 - music_tracker - INFO - No recent songs found from Spotify
2025-11-10 05:58:03,996 - music_tracker - INFO - No new songs found from Spotify API
2025-11-10 05:58:03,997 - music_tracker - INFO - Song collection completed successfully
2025-11-10 06:58:02,948 - music_tracker - INFO - SpotiSpy song collection starting...
2025-11-10 06:58:02,950 - music_tracker - INFO - Starting song collection (last 1 hours)
2025-11-10 06:58:02,951 - music_tracker - INFO - Fetching recent tracks from Spotify...
2025-11-10 06:58:03,311 - music_tracker - INFO - No recent songs found from Spotify
2025-11-10 06:58:03,313 - music_tracker - INFO - No new songs found from Spotify API
2025-11-10 06:58:03,313 - music_tracker - INFO - Song collection completed successfully
2025-11-10 07:58:03,214 - music_tracker - INFO - SpotiSpy song collection starting...
2025-11-10 07:58:03,215 - music_tracker - INFO - Starting song collection (last 1 hours)
2025-11-10 07:58:03,216 - music_tracker - INFO - Fetching recent tracks from Spotify...
2025-11-10 07:58:08,669 - music_tracker - INFO - No recent songs found from Spotify
2025-11-10 07:58:08,672 - music_tracker - INFO - No new songs found from Spotify API
2025-11-10 07:58:08,672 - music_tracker - INFO - Song collection completed successfully
2025-11-10 08:58:04,490 - music_tracker - INFO - SpotiSpy song collection starting...
2025-11-10 08:58:04,491 - music_tracker - INFO - Starting song collection (last 1 hours)
2025-11-10 08:58:04,492 - music_tracker - INFO - Fetching recent tracks from Spotify...
2025-11-10 08:58:05,015 - music_tracker - INFO - Fetched 12 songs from Spotify
2025-11-10 08:58:05,017 - music_tracker - INFO - Found 12 songs from Spotify API
2025-11-10 08:58:05,018 - music_tracker - INFO - Checking for duplicates in database...
2025-11-10 08:58:06,599 - music_tracker - INFO - Found 12 new songs out of 12 total
2025-11-10 08:58:06,602 - music_tracker - INFO - Found 12 new songs to save
2025-11-10 08:58:06,602 - music_tracker - INFO - Saving songs to database...
2025-11-10 08:58:06,928 - music_tracker - INFO - Successfully saved 12 songs to database
2025-11-10 08:58:06,930 - music_tracker - INFO - Successfully saved 12 songs to database
2025-11-10 08:58:06,931 - music_tracker - INFO - Song collection completed successfully
2025-11-10 09:00:12,345 - music_tracker - INFO - SpotiSpy starting...
2025-11-10 09:00:12,345 - music_tracker - INFO - Starting daily SpotiSpy analysis
2025-11-10 09:00:12,346 - music_tracker - INFO - Fetching yesterday's listening data...
2025-11-10 09:00:12,910 - music_tracker - INFO - Fetched 27 songs from database
2025-11-10 09:00:12,912 - music_tracker - INFO - Found 27 songs to analyze
2025-11-10 09:00:12,912 - music_tracker - INFO - Running analysis...
2025-11-10 09:00:12,915 - music_tracker - INFO - Sending daily summary to Slack...
2025-11-10 09:00:13,754 - music_tracker - INFO - Message sent successfully to Slack
2025-11-10 09:00:13,754 - music_tracker - INFO - Daily analysis completed successfully!
2025-11-10 09:00:13,755 - music_tracker - INFO - SpotiSpy completed successfully
2025-11-10 09:58:02,643 - music_tracker - INFO - SpotiSpy song collection starting...
2025-11-10 09:58:02,643 - music_tracker - INFO - Starting song collection (last 1 hours)
2025-11-10 09:58:02,644 - music_tracker - INFO - Fetching recent tracks from Spotify...
2025-11-10 09:58:03,156 - music_tracker - INFO - Fetched 3 songs from Spotify
2025-11-10 09:58:03,158 - music_tracker - INFO - Found 3 songs from Spotify API
2025-11-10 09:58:03,159 - music_tracker - INFO - Checking for duplicates in database...
2025-11-10 09:58:04,607 - music_tracker - INFO - Found 3 new songs out of 3 total
2025-11-10 09:58:04,609 - music_tracker - INFO - Found 3 new songs to save
2025-11-10 09:58:04,610 - music_tracker - INFO - Saving songs to database...
2025-11-10 09:58:04,996 - music_tracker - INFO - Successfully saved 3 songs to database
2025-11-10 09:58:04,998 - music_tracker - INFO - Successfully saved 3 songs to database
2025-11-10 09:58:04,999 - music_tracker - INFO - Song collection completed successfully
2025-11-10 10:58:02,919 - music_tracker - INFO - SpotiSpy song collection starting...
2025-11-10 10:58:02,919 - music_tracker - INFO - Starting song collection (last 1 hours)
2025-11-10 10:58:02,920 - music_tracker - INFO - Fetching recent tracks from Spotify...
2025-11-10 10:58:03,391 - music_tracker - INFO - Fetched 11 songs from Spotify
2025-11-10 10:58:03,394 - music_tracker - INFO - Found 11 songs from Spotify API
2025-11-10 10:58:03,395 - music_tracker - INFO - Checking for duplicates in database...
2025-11-10 10:58:05,037 - music_tracker - INFO - Found 11 new songs out of 11 total
2025-11-10 10:58:05,039 - music_tracker - INFO - Found 11 new songs to save
2025-11-10 10:58:05,040 - music_tracker - INFO - Saving songs to database...
2025-11-10 10:58:05,395 - music_tracker - INFO - Successfully saved 11 songs to database
2025-11-10 10:58:05,397 - music_tracker - INFO - Successfully saved 11 songs to database
2025-11-10 10:58:05,398 - music_tracker - INFO - Song collection completed successfully
2025-11-10 11:58:03,314 - music_tracker - INFO - SpotiSpy song collection starting...
2025-11-10 11:58:03,315 - music_tracker - INFO - Starting song collection (last 1 hours)
2025-11-10 11:58:03,316 - music_tracker - INFO - Fetching recent tracks from Spotify...
2025-11-10 11:58:03,891 - music_tracker - INFO - Fetched 15 songs from Spotify
2025-11-10 11:58:03,894 - music_tracker - INFO - Found 15 songs from Spotify API
2025-11-10 11:58:03,894 - music_tracker - INFO - Checking for duplicates in database...
2025-11-10 11:58:05,323 - music_tracker - INFO - Found 15 new songs out of 15 total
2025-11-10 11:58:05,325 - music_tracker - INFO - Found 15 new songs to save
2025-11-10 11:58:05,326 - music_tracker - INFO - Saving songs to database...
2025-11-10 11:58:05,660 - music_tracker - INFO - Successfully saved 15 songs to database
2025-11-10 11:58:05,662 - music_tracker - INFO - Successfully saved 15 songs to database
2025-11-10 11:58:05,663 - music_tracker - INFO - Song collection completed successfully
2025-11-10 12:58:03,564 - music_tracker - INFO - SpotiSpy song collection starting...
2025-11-10 12:58:03,564 - music_tracker - INFO - Starting song collection (last 1 hours)
2025-11-10 12:58:03,565 - music_tracker - INFO - Fetching recent tracks from Spotify...
2025-11-10 12:58:03,943 - music_tracker - INFO - No recent songs found from Spotify
2025-11-10 12:58:03,945 - music_tracker - INFO - No new songs found from Spotify API
2025-11-10 12:58:03,946 - music_tracker - INFO - Song collection completed successfully
2025-11-10 13:58:02,841 - music_tracker - INFO - SpotiSpy song collection starting...
2025-11-10 13:58:02,841 - music_tracker - INFO - Starting song collection (last 1 hours)
2025-11-10 13:58:02,842 - music_tracker - INFO - Fetching recent tracks from Spotify...
2025-11-10 13:58:03,190 - music_tracker - INFO - No recent songs found from Spotify
2025-11-10 13:58:03,192 - music_tracker - INFO - No new songs found from Spotify API
2025-11-10 13:58:03,192 - music_tracker - INFO - Song collection completed successfully
2025-11-10 14:58:03,092 - music_tracker - INFO - SpotiSpy song collection starting...
2025-11-10 14:58:03,093 - music_tracker - INFO - Starting song collection (last 1 hours)
2025-11-10 14:58:03,094 - music_tracker - INFO - Fetching recent tracks from Spotify...
2025-11-10 14:58:03,608 - music_tracker - INFO - Fetched 4 songs from Spotify
2025-11-10 14:58:03,611 - music_tracker - INFO - Found 4 songs from Spotify API
2025-11-10 14:58:03,611 - music_tracker - INFO - Checking for duplicates in database...
2025-11-10 14:58:05,098 - music_tracker - INFO - Found 4 new songs out of 4 total
2025-11-10 14:58:05,100 - music_tracker - INFO - Found 4 new songs to save
2025-11-10 14:58:05,101 - music_tracker - INFO - Saving songs to database...
2025-11-10 14:58:05,496 - music_tracker - INFO - Successfully saved 4 songs to database
2025-11-10 14:58:05,498 - music_tracker - INFO - Successfully saved 4 songs to database
2025-11-10 14:58:05,499 - music_tracker - INFO - Song collection completed successfully
2025-11-10 15:58:03,551 - music_tracker - INFO - SpotiSpy song collection starting...
2025-11-10 15:58:03,552 - music_tracker - INFO - Starting song collection (last 1 hours)
2025-11-10 15:58:03,553 - music_tracker - INFO - Fetching recent tracks from Spotify...
2025-11-10 15:58:04,151 - music_tracker - INFO - Fetched 17 songs from Spotify
2025-11-10 15:58:04,155 - music_tracker - INFO - Found 17 songs from Spotify API
2025-11-10 15:58:04,156 - music_tracker - INFO - Checking for duplicates in database...
2025-11-10 15:58:05,549 - music_tracker - INFO - Found 17 new songs out of 17 total
2025-11-10 15:58:05,551 - music_tracker - INFO - Found 17 new songs to save
2025-11-10 15:58:05,552 - music_tracker - INFO - Saving songs to database...
2025-11-10 15:58:06,014 - music_tracker - INFO - Successfully saved 17 songs to database
2025-11-10 15:58:06,016 - music_tracker - INFO - Successfully saved 17 songs to database
2025-11-10 15:58:06,017 - music_tracker - INFO - Song collection completed successfully
2025-11-10 16:58:02,953 - music_tracker - INFO - SpotiSpy song collection starting...
2025-11-10 16:58:02,953 - music_tracker - INFO - Starting song collection (last 1 hours)
2025-11-10 16:58:02,954 - music_tracker - INFO - Fetching recent tracks from Spotify...
2025-11-10 16:58:03,482 - music_tracker - INFO - Fetched 12 songs from Spotify
2025-11-10 16:58:03,485 - music_tracker - INFO - Found 12 songs from Spotify API
2025-11-10 16:58:03,486 - music_tracker - INFO - Checking for duplicates in database...
2025-11-10 16:58:05,010 - music_tracker - INFO - Found 12 new songs out of 12 total
2025-11-10 16:58:05,012 - music_tracker - INFO - Found 12 new songs to save
2025-11-10 16:58:05,013 - music_tracker - INFO - Saving songs to database...
2025-11-10 16:58:05,416 - music_tracker - INFO - Successfully saved 12 songs to database
2025-11-10 16:58:05,418 - music_tracker - INFO - Successfully saved 12 songs to database
2025-11-10 16:58:05,418 - music_tracker - INFO - Song collection completed successfully
2025-11-10 17:58:03,315 - music_tracker - INFO - SpotiSpy song collection starting...
2025-11-10 17:58:03,316 - music_tracker - INFO - Starting song collection (last 1 hours)
2025-11-10 17:58:03,316 - music_tracker - INFO - Fetching recent tracks from Spotify...
2025-11-10 17:58:03,878 - music_tracker - INFO - Fetched 15 songs from Spotify
2025-11-10 17:58:03,881 - music_tracker - INFO - Found 15 songs from Spotify API
2025-11-10 17:58:03,882 - music_tracker - INFO - Checking for duplicates in database...
2025-11-10 17:58:05,367 - music_tracker - INFO - Found 15 new songs out of 15 total
2025-11-10 17:58:05,369 - music_tracker - INFO - Found 15 new songs to save
2025-11-10 17:58:05,370 - music_tracker - INFO - Saving songs to database...
2025-11-10 17:58:05,705 - music_tracker - INFO - Successfully saved 15 songs to database
2025-11-10 17:58:05,708 - music_tracker - INFO - Successfully saved 15 songs to database
2025-11-10 17:58:05,708 - music_tracker - INFO - Song collection completed successfully
2025-11-10 18:58:02,618 - music_tracker - INFO - SpotiSpy song collection starting...
2025-11-10 18:58:02,619 - music_tracker - INFO - Starting song collection (last 1 hours)
2025-11-10 18:58:02,620 - music_tracker - INFO - Fetching recent tracks from Spotify...
2025-11-10 18:58:03,122 - music_tracker - INFO - Fetched 3 songs from Spotify
2025-11-10 18:58:03,124 - music_tracker - INFO - Found 3 songs from Spotify API
2025-11-10 18:58:03,125 - music_tracker - INFO - Checking for duplicates in database...
2025-11-10 18:58:04,577 - music_tracker - INFO - Found 3 new songs out of 3 total
2025-11-10 18:58:04,580 - music_tracker - INFO - Found 3 new songs to save
2025-11-10 18:58:04,581 - music_tracker - INFO - Saving songs to database...
2025-11-10 18:58:04,862 - music_tracker - INFO - Successfully saved 3 songs to database
2025-11-10 18:58:04,864 - music_tracker - INFO - Successfully saved 3 songs to database
2025-11-10 18:58:04,865 - music_tracker - INFO - Song collection completed successfully
2025-11-10 19:58:02,770 - music_tracker - INFO - SpotiSpy song collection starting...
2025-11-10 19:58:02,771 - music_tracker - INFO - Starting song collection (last 1 hours)
2025-11-10 19:58:02,771 - music_tracker - INFO - Fetching recent tracks from Spotify...
2025-11-10 19:58:03,206 - music_tracker - INFO - No recent songs found from Spotify
2025-11-10 19:58:03,208 - music_tracker - INFO - No new songs found from Spotify API
2025-11-10 19:58:03,208 - music_tracker - INFO - Song collection completed successfully
2025-11-10 20:58:03,146 - music_tracker - INFO - SpotiSpy song collection starting...
2025-11-10 20:58:03,147 - music_tracker - INFO - Starting song collection (last 1 hours)
2025-11-10 20:58:03,148 - music_tracker - INFO - Fetching recent tracks from Spotify...
2025-11-10 20:58:03,734 - music_tracker - INFO - Fetched 3 songs from Spotify
2025-11-10 20:58:03,737 - music_tracker - INFO - Found 3 songs from Spotify API
2025-11-10 20:58:03,737 - music_tracker - INFO - Checking for duplicates in database...
2025-11-10 20:58:05,201 - music_tracker - INFO - Found 3 new songs out of 3 total
2025-11-10 20:58:05,203 - music_tracker - INFO - Found 3 new songs to save
2025-11-10 20:58:05,204 - music_tracker - INFO - Saving songs to database...
2025-11-10 20:58:05,577 - music_tracker - INFO - Successfully saved 3 songs to database
2025-11-10 20:58:05,579 - music_tracker - INFO - Successfully saved 3 songs to database
2025-11-10 20:58:05,580 - music_tracker - INFO - Song collection completed successfully
2025-11-10 21:58:03,588 - music_tracker - INFO - SpotiSpy song collection starting...
2025-11-10 21:58:03,588 - music_tracker - INFO - Starting song collection (last 1 hours)
2025-11-10 21:58:03,589 - music_tracker - INFO - Fetching recent tracks from Spotify...
2025-11-10 21:58:04,026 - music_tracker - INFO - Fetched 8 songs from Spotify
2025-11-10 21:58:04,029 - music_tracker - INFO - Found 8 songs from Spotify API
2025-11-10 21:58:04,030 - music_tracker - INFO - Checking for duplicates in database...
2025-11-10 21:58:05,417 - music_tracker - INFO - Found 8 new songs out of 8 total
2025-11-10 21:58:05,420 - music_tracker - INFO - Found 8 new songs to save
2025-11-10 21:58:05,421 - music_tracker - INFO - Saving songs to database...
2025-11-10 21:58:05,710 - music_tracker - INFO - Successfully saved 8 songs to database
2025-11-10 21:58:05,712 - music_tracker - INFO - Successfully saved 8 songs to database
2025-11-10 21:58:05,713 - music_tracker - INFO - Song collection completed successfully
2025-11-10 22:58:02,636 - music_tracker - INFO - SpotiSpy song collection starting...
2025-11-10 22:58:02,636 - music_tracker - INFO - Starting song collection (last 1 hours)
2025-11-10 22:58:02,637 - music_tracker - INFO - Fetching recent tracks from Spotify...
2025-11-10 22:58:03,005 - music_tracker - INFO - No recent songs found from Spotify
2025-11-10 22:58:03,007 - music_tracker - INFO - No new songs found from Spotify API
2025-11-10 22:58:03,008 - music_tracker - INFO - Song collection completed successfully
2025-11-10 23:58:02,893 - music_tracker - INFO - SpotiSpy song collection starting...
2025-11-10 23:58:02,893 - music_tracker - INFO - Starting song collection (last 1 hours)
2025-11-10 23:58:02,894 - music_tracker - INFO - Fetching recent tracks from Spotify...
2025-11-10 23:58:03,267 - music_tracker - INFO - No recent songs found from Spotify
2025-11-10 23:58:03,269 - music_tracker - INFO - No new songs found from Spotify API
2025-11-10 23:58:03,270 - music_tracker - INFO - Song collection completed successfully
