2025-08-25 00:58:02,942 - music_tracker - INFO - SpotiSpy song collection starting...
2025-08-25 00:58:02,942 - music_tracker - INFO - Starting song collection (last 1 hours)
2025-08-25 00:58:02,943 - music_tracker - INFO - Fetching recent tracks from Spotify...
2025-08-25 00:58:03,297 - music_tracker - INFO - No recent songs found from Spotify
2025-08-25 00:58:03,299 - music_tracker - INFO - No new songs found from Spotify API
2025-08-25 00:58:03,300 - music_tracker - INFO - Song collection completed successfully
2025-08-25 01:58:03,852 - music_tracker - INFO - SpotiSpy song collection starting...
2025-08-25 01:58:03,853 - music_tracker - INFO - Starting song collection (last 1 hours)
2025-08-25 01:58:03,853 - music_tracker - INFO - Fetching recent tracks from Spotify...
2025-08-25 01:58:04,286 - music_tracker - INFO - No recent songs found from Spotify
2025-08-25 01:58:04,288 - music_tracker - INFO - No new songs found from Spotify API
2025-08-25 01:58:04,288 - music_tracker - INFO - Song collection completed successfully
2025-08-25 02:58:03,103 - music_tracker - INFO - SpotiSpy song collection starting...
2025-08-25 02:58:03,104 - music_tracker - INFO - Starting song collection (last 1 hours)
2025-08-25 02:58:03,105 - music_tracker - INFO - Fetching recent tracks from Spotify...
2025-08-25 02:58:03,457 - music_tracker - INFO - No recent songs found from Spotify
2025-08-25 02:58:03,459 - music_tracker - INFO - No new songs found from Spotify API
2025-08-25 02:58:03,460 - music_tracker - INFO - Song collection completed successfully
2025-08-25 03:58:03,380 - music_tracker - INFO - SpotiSpy song collection starting...
2025-08-25 03:58:03,381 - music_tracker - INFO - Starting song collection (last 1 hours)
2025-08-25 03:58:03,381 - music_tracker - INFO - Fetching recent tracks from Spotify...
2025-08-25 03:58:03,712 - music_tracker - INFO - No recent songs found from Spotify
2025-08-25 03:58:03,714 - music_tracker - INFO - No new songs found from Spotify API
2025-08-25 03:58:03,715 - music_tracker - INFO - Song collection completed successfully
2025-08-25 04:58:02,604 - music_tracker - INFO - SpotiSpy song collection starting...
2025-08-25 04:58:02,605 - music_tracker - INFO - Starting song collection (last 1 hours)
2025-08-25 04:58:02,606 - music_tracker - INFO - Fetching recent tracks from Spotify...
2025-08-25 04:58:02,981 - music_tracker - INFO - No recent songs found from Spotify
2025-08-25 04:58:02,983 - music_tracker - INFO - No new songs found from Spotify API
2025-08-25 04:58:02,983 - music_tracker - INFO - Song collection completed successfully
2025-08-25 05:58:02,876 - music_tracker - INFO - SpotiSpy song collection starting...
2025-08-25 05:58:02,876 - music_tracker - INFO - Starting song collection (last 1 hours)
2025-08-25 05:58:02,877 - music_tracker - INFO - Fetching recent tracks from Spotify...
2025-08-25 05:58:03,259 - music_tracker - INFO - No recent songs found from Spotify
2025-08-25 05:58:03,261 - music_tracker - INFO - No new songs found from Spotify API
2025-08-25 05:58:03,262 - music_tracker - INFO - Song collection completed successfully
2025-08-25 06:58:03,221 - music_tracker - INFO - SpotiSpy song collection starting...
2025-08-25 06:58:03,222 - music_tracker - INFO - Starting song collection (last 1 hours)
2025-08-25 06:58:03,223 - music_tracker - INFO - Fetching recent tracks from Spotify...
2025-08-25 06:58:03,586 - music_tracker - INFO - No recent songs found from Spotify
2025-08-25 06:58:03,588 - music_tracker - INFO - No new songs found from Spotify API
2025-08-25 06:58:03,588 - music_tracker - INFO - Song collection completed successfully
2025-08-25 07:58:03,490 - music_tracker - INFO - SpotiSpy song collection starting...
2025-08-25 07:58:03,491 - music_tracker - INFO - Starting song collection (last 1 hours)
2025-08-25 07:58:03,491 - music_tracker - INFO - Fetching recent tracks from Spotify...
2025-08-25 07:58:03,906 - music_tracker - INFO - Fetched 1 songs from Spotify
2025-08-25 07:58:03,909 - music_tracker - INFO - Found 1 songs from Spotify API
2025-08-25 07:58:03,909 - music_tracker - INFO - Checking for duplicates in database...
2025-08-25 07:58:04,813 - music_tracker - INFO - Found 1 new songs out of 1 total
2025-08-25 07:58:04,815 - music_tracker - INFO - Found 1 new songs to save
2025-08-25 07:58:04,816 - music_tracker - INFO - Saving songs to database...
2025-08-25 07:58:05,067 - music_tracker - INFO - Successfully saved 1 songs to database
2025-08-25 07:58:05,069 - music_tracker - INFO - Successfully saved 1 songs to database
2025-08-25 07:58:05,070 - music_tracker - INFO - Song collection completed successfully
2025-08-25 08:58:02,993 - music_tracker - INFO - SpotiSpy song collection starting...
2025-08-25 08:58:02,993 - music_tracker - INFO - Starting song collection (last 1 hours)
2025-08-25 08:58:02,994 - music_tracker - INFO - Fetching recent tracks from Spotify...
2025-08-25 08:58:03,426 - music_tracker - INFO - Fetched 3 songs from Spotify
2025-08-25 08:58:03,429 - music_tracker - INFO - Found 3 songs from Spotify API
2025-08-25 08:58:03,429 - music_tracker - INFO - Checking for duplicates in database...
2025-08-25 08:58:04,619 - music_tracker - INFO - Found 3 new songs out of 3 total
2025-08-25 08:58:04,621 - music_tracker - INFO - Found 3 new songs to save
2025-08-25 08:58:04,622 - music_tracker - INFO - Saving songs to database...
2025-08-25 08:58:04,989 - music_tracker - INFO - Successfully saved 3 songs to database
2025-08-25 08:58:04,991 - music_tracker - INFO - Successfully saved 3 songs to database
2025-08-25 08:58:04,992 - music_tracker - INFO - Song collection completed successfully
2025-08-25 09:00:12,572 - music_tracker - INFO - SpotiSpy starting...
2025-08-25 09:00:12,573 - music_tracker - INFO - Starting daily SpotiSpy analysis
2025-08-25 09:00:12,573 - music_tracker - INFO - Fetching yesterday's listening data...
2025-08-25 09:00:13,030 - music_tracker - INFO - Fetched 106 songs from database
2025-08-25 09:00:13,032 - music_tracker - INFO - Found 106 songs to analyze
2025-08-25 09:00:13,033 - music_tracker - INFO - Running analysis...
2025-08-25 09:00:13,043 - music_tracker - INFO - Sending daily summary to Slack...
2025-08-25 09:00:38,183 - music_tracker - INFO - Message sent successfully to Slack
2025-08-25 09:00:38,185 - music_tracker - INFO - Daily analysis completed successfully!
2025-08-25 09:00:38,185 - music_tracker - INFO - SpotiSpy completed successfully
2025-08-25 09:58:03,097 - music_tracker - INFO - SpotiSpy song collection starting...
2025-08-25 09:58:03,098 - music_tracker - INFO - Starting song collection (last 1 hours)
2025-08-25 09:58:03,098 - music_tracker - INFO - Fetching recent tracks from Spotify...
2025-08-25 09:58:03,448 - music_tracker - INFO - No recent songs found from Spotify
2025-08-25 09:58:03,450 - music_tracker - INFO - No new songs found from Spotify API
2025-08-25 09:58:03,451 - music_tracker - INFO - Song collection completed successfully
2025-08-25 10:58:03,357 - music_tracker - INFO - SpotiSpy song collection starting...
2025-08-25 10:58:03,357 - music_tracker - INFO - Starting song collection (last 1 hours)
2025-08-25 10:58:03,358 - music_tracker - INFO - Fetching recent tracks from Spotify...
2025-08-25 10:58:03,796 - music_tracker - INFO - Fetched 5 songs from Spotify
2025-08-25 10:58:03,799 - music_tracker - INFO - Found 5 songs from Spotify API
2025-08-25 10:58:03,799 - music_tracker - INFO - Checking for duplicates in database...
2025-08-25 10:58:05,170 - music_tracker - INFO - Found 5 new songs out of 5 total
2025-08-25 10:58:05,172 - music_tracker - INFO - Found 5 new songs to save
2025-08-25 10:58:05,173 - music_tracker - INFO - Saving songs to database...
2025-08-25 10:58:05,458 - music_tracker - INFO - Successfully saved 5 songs to database
2025-08-25 10:58:05,460 - music_tracker - INFO - Successfully saved 5 songs to database
2025-08-25 10:58:05,461 - music_tracker - INFO - Song collection completed successfully
2025-08-25 11:58:03,390 - music_tracker - INFO - SpotiSpy song collection starting...
2025-08-25 11:58:03,391 - music_tracker - INFO - Starting song collection (last 1 hours)
2025-08-25 11:58:03,391 - music_tracker - INFO - Fetching recent tracks from Spotify...
2025-08-25 11:58:03,878 - music_tracker - INFO - Fetched 17 songs from Spotify
2025-08-25 11:58:03,881 - music_tracker - INFO - Found 17 songs from Spotify API
2025-08-25 11:58:03,881 - music_tracker - INFO - Checking for duplicates in database...
2025-08-25 11:58:05,231 - music_tracker - INFO - Found 17 new songs out of 17 total
2025-08-25 11:58:05,233 - music_tracker - INFO - Found 17 new songs to save
2025-08-25 11:58:05,234 - music_tracker - INFO - Saving songs to database...
2025-08-25 11:58:05,622 - music_tracker - INFO - Successfully saved 17 songs to database
2025-08-25 11:58:05,624 - music_tracker - INFO - Successfully saved 17 songs to database
2025-08-25 11:58:05,624 - music_tracker - INFO - Song collection completed successfully
2025-08-25 12:58:03,550 - music_tracker - INFO - SpotiSpy song collection starting...
2025-08-25 12:58:03,551 - music_tracker - INFO - Starting song collection (last 1 hours)
2025-08-25 12:58:03,551 - music_tracker - INFO - Fetching recent tracks from Spotify...
2025-08-25 12:58:04,011 - music_tracker - INFO - Fetched 11 songs from Spotify
2025-08-25 12:58:04,014 - music_tracker - INFO - Found 11 songs from Spotify API
2025-08-25 12:58:04,015 - music_tracker - INFO - Checking for duplicates in database...
2025-08-25 12:58:05,103 - music_tracker - INFO - Found 11 new songs out of 11 total
2025-08-25 12:58:05,105 - music_tracker - INFO - Found 11 new songs to save
2025-08-25 12:58:05,106 - music_tracker - INFO - Saving songs to database...
2025-08-25 12:58:05,385 - music_tracker - INFO - Successfully saved 11 songs to database
2025-08-25 12:58:05,387 - music_tracker - INFO - Successfully saved 11 songs to database
2025-08-25 12:58:05,388 - music_tracker - INFO - Song collection completed successfully
2025-08-25 13:58:03,306 - music_tracker - INFO - SpotiSpy song collection starting...
2025-08-25 13:58:03,307 - music_tracker - INFO - Starting song collection (last 1 hours)
2025-08-25 13:58:03,307 - music_tracker - INFO - Fetching recent tracks from Spotify...
2025-08-25 13:58:03,845 - music_tracker - INFO - Fetched 19 songs from Spotify
2025-08-25 13:58:03,848 - music_tracker - INFO - Found 19 songs from Spotify API
2025-08-25 13:58:03,849 - music_tracker - INFO - Checking for duplicates in database...
2025-08-25 13:58:05,149 - music_tracker - INFO - Found 19 new songs out of 19 total
2025-08-25 13:58:05,151 - music_tracker - INFO - Found 19 new songs to save
2025-08-25 13:58:05,152 - music_tracker - INFO - Saving songs to database...
2025-08-25 13:58:05,552 - music_tracker - INFO - Successfully saved 19 songs to database
2025-08-25 13:58:05,555 - music_tracker - INFO - Successfully saved 19 songs to database
2025-08-25 13:58:05,555 - music_tracker - INFO - Song collection completed successfully
2025-08-25 14:58:04,621 - music_tracker - INFO - SpotiSpy song collection starting...
2025-08-25 14:58:04,623 - music_tracker - INFO - Starting song collection (last 1 hours)
2025-08-25 14:58:04,623 - music_tracker - INFO - Fetching recent tracks from Spotify...
2025-08-25 14:58:05,110 - music_tracker - INFO - Fetched 9 songs from Spotify
2025-08-25 14:58:05,113 - music_tracker - INFO - Found 9 songs from Spotify API
2025-08-25 14:58:05,114 - music_tracker - INFO - Checking for duplicates in database...
2025-08-25 14:58:06,593 - music_tracker - INFO - Found 9 new songs out of 9 total
2025-08-25 14:58:06,595 - music_tracker - INFO - Found 9 new songs to save
2025-08-25 14:58:06,596 - music_tracker - INFO - Saving songs to database...
2025-08-25 14:58:06,970 - music_tracker - INFO - Successfully saved 9 songs to database
2025-08-25 14:58:06,975 - music_tracker - INFO - Successfully saved 9 songs to database
2025-08-25 14:58:06,976 - music_tracker - INFO - Song collection completed successfully
2025-08-25 15:58:02,937 - music_tracker - INFO - SpotiSpy song collection starting...
2025-08-25 15:58:02,937 - music_tracker - INFO - Starting song collection (last 1 hours)
2025-08-25 15:58:02,938 - music_tracker - INFO - Fetching recent tracks from Spotify...
2025-08-25 15:58:03,417 - music_tracker - INFO - Fetched 18 songs from Spotify
2025-08-25 15:58:03,421 - music_tracker - INFO - Found 18 songs from Spotify API
2025-08-25 15:58:03,421 - music_tracker - INFO - Checking for duplicates in database...
2025-08-25 15:58:04,753 - music_tracker - INFO - Found 18 new songs out of 18 total
2025-08-25 15:58:04,755 - music_tracker - INFO - Found 18 new songs to save
2025-08-25 15:58:04,756 - music_tracker - INFO - Saving songs to database...
2025-08-25 15:58:05,162 - music_tracker - INFO - Successfully saved 18 songs to database
2025-08-25 15:58:05,164 - music_tracker - INFO - Successfully saved 18 songs to database
2025-08-25 15:58:05,165 - music_tracker - INFO - Song collection completed successfully
2025-08-25 16:58:03,115 - music_tracker - INFO - SpotiSpy song collection starting...
2025-08-25 16:58:03,115 - music_tracker - INFO - Starting song collection (last 1 hours)
2025-08-25 16:58:03,116 - music_tracker - INFO - Fetching recent tracks from Spotify...
2025-08-25 16:58:03,582 - music_tracker - INFO - Fetched 5 songs from Spotify
2025-08-25 16:58:03,584 - music_tracker - INFO - Found 5 songs from Spotify API
2025-08-25 16:58:03,585 - music_tracker - INFO - Checking for duplicates in database...
2025-08-25 16:58:04,987 - music_tracker - INFO - Found 5 new songs out of 5 total
2025-08-25 16:58:04,990 - music_tracker - INFO - Found 5 new songs to save
2025-08-25 16:58:04,990 - music_tracker - INFO - Saving songs to database...
2025-08-25 16:58:05,347 - music_tracker - INFO - Successfully saved 5 songs to database
2025-08-25 16:58:05,349 - music_tracker - INFO - Successfully saved 5 songs to database
2025-08-25 16:58:05,349 - music_tracker - INFO - Song collection completed successfully
2025-08-25 17:58:03,278 - music_tracker - INFO - SpotiSpy song collection starting...
2025-08-25 17:58:03,279 - music_tracker - INFO - Starting song collection (last 1 hours)
2025-08-25 17:58:03,280 - music_tracker - INFO - Fetching recent tracks from Spotify...
2025-08-25 17:58:03,741 - music_tracker - INFO - Fetched 8 songs from Spotify
2025-08-25 17:58:03,743 - music_tracker - INFO - Found 8 songs from Spotify API
2025-08-25 17:58:03,744 - music_tracker - INFO - Checking for duplicates in database...
2025-08-25 17:58:04,921 - music_tracker - INFO - Found 8 new songs out of 8 total
2025-08-25 17:58:04,923 - music_tracker - INFO - Found 8 new songs to save
2025-08-25 17:58:04,924 - music_tracker - INFO - Saving songs to database...
2025-08-25 17:58:05,293 - music_tracker - INFO - Successfully saved 8 songs to database
2025-08-25 17:58:05,295 - music_tracker - INFO - Successfully saved 8 songs to database
2025-08-25 17:58:05,296 - music_tracker - INFO - Song collection completed successfully
2025-08-25 18:58:03,228 - music_tracker - INFO - SpotiSpy song collection starting...
2025-08-25 18:58:03,229 - music_tracker - INFO - Starting song collection (last 1 hours)
2025-08-25 18:58:03,229 - music_tracker - INFO - Fetching recent tracks from Spotify...
2025-08-25 18:58:03,652 - music_tracker - INFO - Fetched 5 songs from Spotify
2025-08-25 18:58:03,655 - music_tracker - INFO - Found 5 songs from Spotify API
2025-08-25 18:58:03,656 - music_tracker - INFO - Checking for duplicates in database...
2025-08-25 18:58:04,367 - music_tracker - INFO - Found 5 new songs out of 5 total
2025-08-25 18:58:04,369 - music_tracker - INFO - Found 5 new songs to save
2025-08-25 18:58:04,370 - music_tracker - INFO - Saving songs to database...
2025-08-25 18:58:04,645 - music_tracker - INFO - Successfully saved 5 songs to database
2025-08-25 18:58:04,647 - music_tracker - INFO - Successfully saved 5 songs to database
2025-08-25 18:58:04,648 - music_tracker - INFO - Song collection completed successfully
2025-08-25 19:58:03,570 - music_tracker - INFO - SpotiSpy song collection starting...
2025-08-25 19:58:03,571 - music_tracker - INFO - Starting song collection (last 1 hours)
2025-08-25 19:58:03,571 - music_tracker - INFO - Fetching recent tracks from Spotify...
2025-08-25 19:58:03,981 - music_tracker - INFO - Fetched 1 songs from Spotify
2025-08-25 19:58:03,983 - music_tracker - INFO - Found 1 songs from Spotify API
2025-08-25 19:58:03,984 - music_tracker - INFO - Checking for duplicates in database...
2025-08-25 19:58:05,208 - music_tracker - INFO - Found 1 new songs out of 1 total
2025-08-25 19:58:05,210 - music_tracker - INFO - Found 1 new songs to save
2025-08-25 19:58:05,211 - music_tracker - INFO - Saving songs to database...
2025-08-25 19:58:05,541 - music_tracker - INFO - Successfully saved 1 songs to database
2025-08-25 19:58:05,543 - music_tracker - INFO - Successfully saved 1 songs to database
2025-08-25 19:58:05,544 - music_tracker - INFO - Song collection completed successfully
2025-08-25 20:58:03,516 - music_tracker - INFO - SpotiSpy song collection starting...
2025-08-25 20:58:03,517 - music_tracker - INFO - Starting song collection (last 1 hours)
2025-08-25 20:58:03,518 - music_tracker - INFO - Fetching recent tracks from Spotify...
2025-08-25 20:58:03,886 - music_tracker - INFO - No recent songs found from Spotify
2025-08-25 20:58:03,888 - music_tracker - INFO - No new songs found from Spotify API
2025-08-25 20:58:03,889 - music_tracker - INFO - Song collection completed successfully
2025-08-25 21:58:02,769 - music_tracker - INFO - SpotiSpy song collection starting...
2025-08-25 21:58:02,769 - music_tracker - INFO - Starting song collection (last 1 hours)
2025-08-25 21:58:02,770 - music_tracker - INFO - Fetching recent tracks from Spotify...
2025-08-25 21:58:08,239 - music_tracker - INFO - No recent songs found from Spotify
2025-08-25 21:58:08,242 - music_tracker - INFO - No new songs found from Spotify API
2025-08-25 21:58:08,243 - music_tracker - INFO - Song collection completed successfully
2025-08-25 22:58:03,164 - music_tracker - INFO - SpotiSpy song collection starting...
2025-08-25 22:58:03,165 - music_tracker - INFO - Starting song collection (last 1 hours)
2025-08-25 22:58:03,165 - music_tracker - INFO - Fetching recent tracks from Spotify...
2025-08-25 22:58:03,529 - music_tracker - INFO - No recent songs found from Spotify
2025-08-25 22:58:03,531 - music_tracker - INFO - No new songs found from Spotify API
2025-08-25 22:58:03,532 - music_tracker - INFO - Song collection completed successfully
2025-08-25 23:58:03,434 - music_tracker - INFO - SpotiSpy song collection starting...
2025-08-25 23:58:03,435 - music_tracker - INFO - Starting song collection (last 1 hours)
2025-08-25 23:58:03,436 - music_tracker - INFO - Fetching recent tracks from Spotify...
2025-08-25 23:58:03,885 - music_tracker - INFO - No recent songs found from Spotify
2025-08-25 23:58:03,887 - music_tracker - INFO - No new songs found from Spotify API
2025-08-25 23:58:03,887 - music_tracker - INFO - Song collection completed successfully
