2025-05-14 00:58:06,696 - music_tracker - INFO - Zero songs listened to
2025-05-14 00:58:06,696 - music_tracker - INFO - No songs uploaded.
2025-05-14 01:58:07,401 - music_tracker - INFO - Zero songs listened to
2025-05-14 01:58:07,402 - music_tracker - INFO - No songs uploaded.
2025-05-14 02:58:07,130 - music_tracker - INFO - Zero songs listened to
2025-05-14 02:58:07,130 - music_tracker - INFO - No songs uploaded.
2025-05-14 03:58:06,856 - music_tracker - INFO - Zero songs listened to
2025-05-14 03:58:06,856 - music_tracker - INFO - No songs uploaded.
2025-05-14 04:58:06,555 - music_tracker - INFO - Zero songs listened to
2025-05-14 04:58:06,555 - music_tracker - INFO - No songs uploaded.
2025-05-14 05:58:07,286 - music_tracker - INFO - Zero songs listened to
2025-05-14 05:58:07,287 - music_tracker - INFO - No songs uploaded.
2025-05-14 06:58:07,046 - music_tracker - INFO - Zero songs listened to
2025-05-14 06:58:07,046 - music_tracker - INFO - No songs uploaded.
2025-05-14 07:58:06,781 - music_tracker - INFO - Zero songs listened to
2025-05-14 07:58:06,782 - music_tracker - INFO - No songs uploaded.
2025-05-14 08:58:08,952 - music_tracker - INFO -   Supabase error: Status 400, {"code":"22007","details":null,"hint":null,"message":"invalid input syntax for type date: \"2003\""}
2025-05-14 08:58:08,954 - music_tracker - INFO - No songs uploaded.
2025-05-14 09:00:11,501 - music_tracker - INFO - Starting music tracker analysis
2025-05-14 09:00:11,501 - music_tracker - INFO - Fetching data
2025-05-14 09:00:11,831 - music_tracker - INFO - Fetched 122 recent songs
2025-05-14 09:00:11,838 - music_tracker - INFO - Running top listens analysis
2025-05-14 09:00:11,838 - music_tracker - INFO - Calculating top songs listens
2025-05-14 09:00:11,839 - music_tracker - INFO - Sending message with top 3 songs
2025-05-14 09:00:12,567 - music_tracker - INFO - Message successfully sent!
2025-05-14 09:00:12,568 - music_tracker - INFO - Calculating top albums listens
2025-05-14 09:00:12,568 - music_tracker - INFO - Sending message with top 3 albums
2025-05-14 09:00:13,194 - music_tracker - INFO - Message successfully sent!
2025-05-14 09:00:13,194 - music_tracker - INFO - Calculating top artists listens
2025-05-14 09:00:13,195 - music_tracker - INFO - Sending message with top 3 artists
2025-05-14 09:00:14,068 - music_tracker - INFO - Message successfully sent!
2025-05-14 09:00:14,069 - music_tracker - INFO - Running popularity and listening hours analysis
2025-05-14 09:00:14,070 - music_tracker - INFO - Finding most popular track
2025-05-14 09:00:14,071 - music_tracker - INFO - Most popular song found: DtMF with score 97
2025-05-14 09:00:14,687 - music_tracker - INFO - Message successfully sent!
2025-05-14 09:00:14,688 - music_tracker - INFO - Calculating most listened hour
2025-05-14 09:00:14,688 - music_tracker - INFO - Most listened hour: 22:00 with 59:27
2025-05-14 09:00:15,397 - music_tracker - INFO - Message successfully sent!
2025-05-14 09:00:15,397 - music_tracker - INFO - Analysis completed successfully

2025-05-14 09:58:16,292 - music_tracker - INFO - Uploading 17 songs
2025-05-14 10:58:10,481 - music_tracker - INFO - Uploading 13 songs
2025-05-14 11:58:10,555 - music_tracker - INFO - Uploading 12 songs
2025-05-14 12:58:11,151 - music_tracker - INFO - Uploading 15 songs
2025-05-14 13:58:11,123 - music_tracker - INFO - Uploading 17 songs
2025-05-14 14:58:10,343 - music_tracker - INFO - Uploading 14 songs
2025-05-14 15:58:10,921 - music_tracker - INFO - Uploading 16 songs
2025-05-14 16:58:10,485 - music_tracker - INFO - Uploading 16 songs
2025-05-14 17:58:09,419 - music_tracker - INFO - Uploading 8 songs
2025-05-14 18:58:11,486 - music_tracker - INFO - Uploading 17 songs
2025-05-14 19:58:08,578 - music_tracker - INFO - Uploading 4 songs
2025-05-14 20:58:07,334 - music_tracker - INFO - Zero songs listened to
2025-05-14 20:58:07,335 - music_tracker - INFO - No songs uploaded.
2025-05-14 21:58:07,066 - music_tracker - INFO - Zero songs listened to
2025-05-14 21:58:07,066 - music_tracker - INFO - No songs uploaded.
2025-05-14 22:58:08,349 - music_tracker - INFO - Uploading 3 songs
2025-05-14 23:58:07,051 - music_tracker - INFO - Zero songs listened to
2025-05-14 23:58:07,052 - music_tracker - INFO - No songs uploaded.
