2025-06-06 00:58:07,373 - music_tracker - INFO - Zero songs listened to
2025-06-06 00:58:07,374 - music_tracker - INFO - No songs uploaded.
2025-06-06 01:58:07,073 - music_tracker - INFO - Zero songs listened to
2025-06-06 01:58:07,074 - music_tracker - INFO - No songs uploaded.
2025-06-06 02:58:06,786 - music_tracker - INFO - Zero songs listened to
2025-06-06 02:58:06,786 - music_tracker - INFO - No songs uploaded.
2025-06-06 03:58:06,486 - music_tracker - INFO - Zero songs listened to
2025-06-06 03:58:06,486 - music_tracker - INFO - No songs uploaded.
2025-06-06 04:58:07,180 - music_tracker - INFO - Zero songs listened to
2025-06-06 04:58:07,181 - music_tracker - INFO - No songs uploaded.
2025-06-06 05:58:06,905 - music_tracker - INFO - Zero songs listened to
2025-06-06 05:58:06,906 - music_tracker - INFO - No songs uploaded.
2025-06-06 06:58:06,673 - music_tracker - INFO - Zero songs listened to
2025-06-06 06:58:06,673 - music_tracker - INFO - No songs uploaded.
2025-06-06 07:58:07,382 - music_tracker - INFO - Zero songs listened to
2025-06-06 07:58:07,382 - music_tracker - INFO - No songs uploaded.
2025-06-06 08:58:07,137 - music_tracker - INFO - Zero songs listened to
2025-06-06 08:58:07,138 - music_tracker - INFO - No songs uploaded.
2025-06-06 09:00:12,110 - music_tracker - INFO - Starting music tracker analysis
2025-06-06 09:00:12,111 - music_tracker - INFO - Fetching data
2025-06-06 09:00:12,827 - music_tracker - INFO - Fetched 23 recent songs
2025-06-06 09:00:12,830 - music_tracker - INFO - Running top listens analysis
2025-06-06 09:00:12,831 - music_tracker - INFO - Calculating top songs listens
2025-06-06 09:00:12,832 - music_tracker - INFO - Sending message with top 3 songs
2025-06-06 09:00:14,004 - music_tracker - INFO - Message successfully sent!
2025-06-06 09:00:14,005 - music_tracker - INFO - Calculating top albums listens
2025-06-06 09:00:14,006 - music_tracker - INFO - Sending message with top 3 albums
2025-06-06 09:00:14,935 - music_tracker - INFO - Message successfully sent!
2025-06-06 09:00:14,936 - music_tracker - INFO - Calculating top artists listens
2025-06-06 09:00:14,937 - music_tracker - INFO - Sending message with top 3 artists
2025-06-06 09:00:15,810 - music_tracker - INFO - Message successfully sent!
2025-06-06 09:00:15,811 - music_tracker - INFO - Running popularity and listening hours analysis
2025-06-06 09:00:15,811 - music_tracker - INFO - Finding most popular track
2025-06-06 09:00:15,812 - music_tracker - INFO - Most popular song found: PACKAPUNCH (feat. Danny Brown) with score 57
2025-06-06 09:00:16,768 - music_tracker - INFO - Message successfully sent!
2025-06-06 09:00:16,768 - music_tracker - INFO - Calculating most listened hour
2025-06-06 09:00:16,769 - music_tracker - INFO - Most listened hour: 21:00 with 36:20
2025-06-06 09:00:17,733 - music_tracker - INFO - Message successfully sent!
2025-06-06 09:00:17,734 - music_tracker - INFO - Analysis completed successfully

2025-06-06 09:58:22,077 - music_tracker - INFO - Uploading 12 songs
2025-06-06 10:58:09,905 - music_tracker - INFO - Uploading 12 songs
2025-06-06 11:58:09,216 - music_tracker - INFO - Uploading 10 songs
2025-06-06 12:58:07,991 - music_tracker - INFO - Uploading 3 songs
2025-06-06 13:58:09,696 - music_tracker - INFO - Uploading 12 songs
2025-06-06 14:58:10,602 - music_tracker - INFO - Uploading 18 songs
2025-06-06 15:58:11,686 - music_tracker - INFO - Uploading 18 songs
2025-06-06 16:58:09,366 - music_tracker - INFO - Uploading 12 songs
2025-06-06 17:58:10,762 - music_tracker - INFO - Uploading 16 songs
2025-06-06 18:58:09,119 - music_tracker - INFO - Uploading 10 songs
2025-06-06 19:58:07,910 - music_tracker - INFO - Uploading 3 songs
2025-06-06 20:58:06,625 - music_tracker - INFO - Zero songs listened to
2025-06-06 20:58:06,625 - music_tracker - INFO - No songs uploaded.
2025-06-06 21:58:07,338 - music_tracker - INFO - Zero songs listened to
2025-06-06 21:58:07,338 - music_tracker - INFO - No songs uploaded.
2025-06-06 22:58:08,095 - music_tracker - INFO - Zero songs listened to
2025-06-06 22:58:08,097 - music_tracker - INFO - No songs uploaded.
2025-06-06 23:58:06,810 - music_tracker - INFO - Zero songs listened to
2025-06-06 23:58:06,811 - music_tracker - INFO - No songs uploaded.
