2025-06-22 00:58:06,794 - music_tracker - INFO - Zero songs listened to
2025-06-22 00:58:06,795 - music_tracker - INFO - No songs uploaded.
2025-06-22 01:58:06,505 - music_tracker - INFO - Zero songs listened to
2025-06-22 01:58:06,505 - music_tracker - INFO - No songs uploaded.
2025-06-22 02:58:07,232 - music_tracker - INFO - Zero songs listened to
2025-06-22 02:58:07,233 - music_tracker - INFO - No songs uploaded.
2025-06-22 03:58:07,036 - music_tracker - INFO - Zero songs listened to
2025-06-22 03:58:07,037 - music_tracker - INFO - No songs uploaded.
2025-06-22 04:58:06,749 - music_tracker - INFO - Zero songs listened to
2025-06-22 04:58:06,750 - music_tracker - INFO - No songs uploaded.
2025-06-22 05:58:06,455 - music_tracker - INFO - Zero songs listened to
2025-06-22 05:58:06,456 - music_tracker - INFO - No songs uploaded.
2025-06-22 06:58:07,298 - music_tracker - INFO - Zero songs listened to
2025-06-22 06:58:07,298 - music_tracker - INFO - No songs uploaded.
2025-06-22 07:58:07,111 - music_tracker - INFO - Zero songs listened to
2025-06-22 07:58:07,111 - music_tracker - INFO - No songs uploaded.
2025-06-22 08:58:06,846 - music_tracker - INFO - Zero songs listened to
2025-06-22 08:58:06,847 - music_tracker - INFO - No songs uploaded.
2025-06-22 09:00:11,293 - music_tracker - INFO - Starting music tracker analysis
2025-06-22 09:00:11,294 - music_tracker - INFO - Fetching data
2025-06-22 09:00:11,813 - music_tracker - INFO - Fetched 129 recent songs
2025-06-22 09:00:11,820 - music_tracker - INFO - Running top listens analysis
2025-06-22 09:00:11,820 - music_tracker - INFO - Calculating top songs listens
2025-06-22 09:00:11,821 - music_tracker - INFO - Sending message with top 3 songs
2025-06-22 09:00:12,491 - music_tracker - INFO - Message successfully sent!
2025-06-22 09:00:12,492 - music_tracker - INFO - Calculating top albums listens
2025-06-22 09:00:12,492 - music_tracker - INFO - Sending message with top 3 albums
2025-06-22 09:00:13,105 - music_tracker - INFO - Message successfully sent!
2025-06-22 09:00:13,106 - music_tracker - INFO - Calculating top artists listens
2025-06-22 09:00:13,106 - music_tracker - INFO - Sending message with top 3 artists
2025-06-22 09:00:13,746 - music_tracker - INFO - Message successfully sent!
2025-06-22 09:00:13,746 - music_tracker - INFO - Running popularity and listening hours analysis
2025-06-22 09:00:13,747 - music_tracker - INFO - Finding most popular track
2025-06-22 09:00:13,747 - music_tracker - INFO - Most popular song found: Espresso with score 91
2025-06-22 09:00:14,355 - music_tracker - INFO - Message successfully sent!
2025-06-22 09:00:14,356 - music_tracker - INFO - Calculating most listened hour
2025-06-22 09:00:14,356 - music_tracker - INFO - Most listened hour: 18:00 with 107:09
2025-06-22 09:00:14,970 - music_tracker - INFO - Message successfully sent!
2025-06-22 09:00:14,970 - music_tracker - INFO - Analysis completed successfully

2025-06-22 09:58:06,641 - music_tracker - INFO - Zero songs listened to
2025-06-22 09:58:06,641 - music_tracker - INFO - No songs uploaded.
2025-06-22 10:58:07,374 - music_tracker - INFO - Zero songs listened to
2025-06-22 10:58:07,374 - music_tracker - INFO - No songs uploaded.
2025-06-22 11:58:10,015 - music_tracker - INFO - Uploading 10 songs
2025-06-22 12:58:10,538 - music_tracker - INFO - Uploading 13 songs
2025-06-22 13:58:07,333 - music_tracker - INFO - Zero songs listened to
2025-06-22 13:58:07,334 - music_tracker - INFO - No songs uploaded.
2025-06-22 14:58:07,045 - music_tracker - INFO - Zero songs listened to
2025-06-22 14:58:07,046 - music_tracker - INFO - No songs uploaded.
2025-06-22 15:58:07,456 - music_tracker - INFO - Uploading 1 song
2025-06-22 16:58:10,040 - music_tracker - INFO - Uploading 11 songs
2025-06-22 17:58:10,762 - music_tracker - INFO - Uploading 16 songs
2025-06-22 18:58:07,868 - music_tracker - INFO - Uploading 4 songs
2025-06-22 19:58:08,629 - music_tracker - INFO - Uploading 5 songs
2025-06-22 20:58:07,461 - music_tracker - INFO - Zero songs listened to
2025-06-22 20:58:07,462 - music_tracker - INFO - No songs uploaded.
2025-06-22 21:58:07,220 - music_tracker - INFO - Zero songs listened to
2025-06-22 21:58:07,221 - music_tracker - INFO - No songs uploaded.
2025-06-22 22:58:07,064 - music_tracker - INFO - Zero songs listened to
2025-06-22 22:58:07,066 - music_tracker - INFO - No songs uploaded.
2025-06-22 23:58:06,827 - music_tracker - INFO - Zero songs listened to
2025-06-22 23:58:06,828 - music_tracker - INFO - No songs uploaded.
