2026-01-17 00:58:03,077 - music_tracker - INFO - SpotiSpy song collection starting...
2026-01-17 00:58:03,077 - music_tracker - INFO - Starting song collection (last 1 hours)
2026-01-17 00:58:03,078 - music_tracker - INFO - Fetching recent tracks from Spotify...
2026-01-17 00:58:03,468 - music_tracker - INFO - No recent songs found from Spotify
2026-01-17 00:58:03,470 - music_tracker - INFO - No new songs found from Spotify API
2026-01-17 00:58:03,470 - music_tracker - INFO - Song collection completed successfully
2026-01-17 01:58:03,402 - music_tracker - INFO - SpotiSpy song collection starting...
2026-01-17 01:58:03,403 - music_tracker - INFO - Starting song collection (last 1 hours)
2026-01-17 01:58:03,403 - music_tracker - INFO - Fetching recent tracks from Spotify...
2026-01-17 01:58:03,842 - music_tracker - INFO - No recent songs found from Spotify
2026-01-17 01:58:03,844 - music_tracker - INFO - No new songs found from Spotify API
2026-01-17 01:58:03,845 - music_tracker - INFO - Song collection completed successfully
2026-01-17 02:58:02,737 - music_tracker - INFO - SpotiSpy song collection starting...
2026-01-17 02:58:02,737 - music_tracker - INFO - Starting song collection (last 1 hours)
2026-01-17 02:58:02,738 - music_tracker - INFO - Fetching recent tracks from Spotify...
2026-01-17 02:58:03,143 - music_tracker - INFO - No recent songs found from Spotify
2026-01-17 02:58:03,145 - music_tracker - INFO - No new songs found from Spotify API
2026-01-17 02:58:03,146 - music_tracker - INFO - Song collection completed successfully
2026-01-17 03:58:03,065 - music_tracker - INFO - SpotiSpy song collection starting...
2026-01-17 03:58:03,066 - music_tracker - INFO - Starting song collection (last 1 hours)
2026-01-17 03:58:03,067 - music_tracker - INFO - Fetching recent tracks from Spotify...
2026-01-17 03:58:03,441 - music_tracker - INFO - No recent songs found from Spotify
2026-01-17 03:58:03,443 - music_tracker - INFO - No new songs found from Spotify API
2026-01-17 03:58:03,443 - music_tracker - INFO - Song collection completed successfully
2026-01-17 04:58:03,337 - music_tracker - INFO - SpotiSpy song collection starting...
2026-01-17 04:58:03,338 - music_tracker - INFO - Starting song collection (last 1 hours)
2026-01-17 04:58:03,339 - music_tracker - INFO - Fetching recent tracks from Spotify...
2026-01-17 04:58:03,687 - music_tracker - INFO - No recent songs found from Spotify
2026-01-17 04:58:03,689 - music_tracker - INFO - No new songs found from Spotify API
2026-01-17 04:58:03,690 - music_tracker - INFO - Song collection completed successfully
2026-01-17 05:58:02,639 - music_tracker - INFO - SpotiSpy song collection starting...
2026-01-17 05:58:02,639 - music_tracker - INFO - Starting song collection (last 1 hours)
2026-01-17 05:58:02,640 - music_tracker - INFO - Fetching recent tracks from Spotify...
2026-01-17 05:58:03,033 - music_tracker - INFO - No recent songs found from Spotify
2026-01-17 05:58:03,035 - music_tracker - INFO - No new songs found from Spotify API
2026-01-17 05:58:03,036 - music_tracker - INFO - Song collection completed successfully
2026-01-17 06:58:03,531 - music_tracker - INFO - SpotiSpy song collection starting...
2026-01-17 06:58:03,532 - music_tracker - INFO - Starting song collection (last 1 hours)
2026-01-17 06:58:03,533 - music_tracker - INFO - Fetching recent tracks from Spotify...
2026-01-17 06:58:03,894 - music_tracker - INFO - No recent songs found from Spotify
2026-01-17 06:58:03,896 - music_tracker - INFO - No new songs found from Spotify API
2026-01-17 06:58:03,896 - music_tracker - INFO - Song collection completed successfully
2026-01-17 07:58:02,795 - music_tracker - INFO - SpotiSpy song collection starting...
2026-01-17 07:58:02,795 - music_tracker - INFO - Starting song collection (last 1 hours)
2026-01-17 07:58:02,796 - music_tracker - INFO - Fetching recent tracks from Spotify...
2026-01-17 07:58:03,193 - music_tracker - INFO - No recent songs found from Spotify
2026-01-17 07:58:03,196 - music_tracker - INFO - No new songs found from Spotify API
2026-01-17 07:58:03,196 - music_tracker - INFO - Song collection completed successfully
2026-01-17 08:58:03,078 - music_tracker - INFO - SpotiSpy song collection starting...
2026-01-17 08:58:03,079 - music_tracker - INFO - Starting song collection (last 1 hours)
2026-01-17 08:58:03,080 - music_tracker - INFO - Fetching recent tracks from Spotify...
2026-01-17 08:58:03,444 - music_tracker - INFO - No recent songs found from Spotify
2026-01-17 08:58:03,446 - music_tracker - INFO - No new songs found from Spotify API
2026-01-17 08:58:03,447 - music_tracker - INFO - Song collection completed successfully
2026-01-17 09:00:13,206 - music_tracker - INFO - SpotiSpy starting...
2026-01-17 09:00:13,206 - music_tracker - INFO - Starting daily SpotiSpy analysis
2026-01-17 09:00:13,214 - music_tracker - INFO - Fetching yesterday's listening data...
2026-01-17 09:00:15,191 - music_tracker - INFO - Fetched 71 songs from database
2026-01-17 09:00:15,193 - music_tracker - INFO - Found 71 songs to analyze
2026-01-17 09:00:15,194 - music_tracker - INFO - Running analysis...
2026-01-17 09:00:15,204 - music_tracker - INFO - Sending daily summary to Slack...
2026-01-17 09:00:15,964 - music_tracker - INFO - Message sent successfully to Slack
2026-01-17 09:00:15,965 - music_tracker - INFO - Daily analysis completed successfully!
2026-01-17 09:00:15,966 - music_tracker - INFO - SpotiSpy completed successfully
2026-01-17 09:58:02,864 - music_tracker - INFO - SpotiSpy song collection starting...
2026-01-17 09:58:02,865 - music_tracker - INFO - Starting song collection (last 1 hours)
2026-01-17 09:58:02,865 - music_tracker - INFO - Fetching recent tracks from Spotify...
2026-01-17 09:58:03,278 - music_tracker - INFO - No recent songs found from Spotify
2026-01-17 09:58:03,280 - music_tracker - INFO - No new songs found from Spotify API
2026-01-17 09:58:03,281 - music_tracker - INFO - Song collection completed successfully
2026-01-17 10:58:03,179 - music_tracker - INFO - SpotiSpy song collection starting...
2026-01-17 10:58:03,180 - music_tracker - INFO - Starting song collection (last 1 hours)
2026-01-17 10:58:03,181 - music_tracker - INFO - Fetching recent tracks from Spotify...
2026-01-17 10:58:03,561 - music_tracker - INFO - No recent songs found from Spotify
2026-01-17 10:58:03,564 - music_tracker - INFO - No new songs found from Spotify API
2026-01-17 10:58:03,564 - music_tracker - INFO - Song collection completed successfully
2026-01-17 11:58:03,720 - music_tracker - INFO - SpotiSpy song collection starting...
2026-01-17 11:58:03,721 - music_tracker - INFO - Starting song collection (last 1 hours)
2026-01-17 11:58:03,722 - music_tracker - INFO - Fetching recent tracks from Spotify...
2026-01-17 11:58:04,120 - music_tracker - INFO - No recent songs found from Spotify
2026-01-17 11:58:04,122 - music_tracker - INFO - No new songs found from Spotify API
2026-01-17 11:58:04,123 - music_tracker - INFO - Song collection completed successfully
2026-01-17 12:58:04,309 - music_tracker - INFO - SpotiSpy song collection starting...
2026-01-17 12:58:04,310 - music_tracker - INFO - Starting song collection (last 1 hours)
2026-01-17 12:58:04,311 - music_tracker - INFO - Fetching recent tracks from Spotify...
2026-01-17 12:58:04,749 - music_tracker - INFO - No recent songs found from Spotify
2026-01-17 12:58:04,752 - music_tracker - INFO - No new songs found from Spotify API
2026-01-17 12:58:04,753 - music_tracker - INFO - Song collection completed successfully
2026-01-17 13:58:02,700 - music_tracker - INFO - SpotiSpy song collection starting...
2026-01-17 13:58:02,701 - music_tracker - INFO - Starting song collection (last 1 hours)
2026-01-17 13:58:02,701 - music_tracker - INFO - Fetching recent tracks from Spotify...
2026-01-17 13:58:03,091 - music_tracker - INFO - No recent songs found from Spotify
2026-01-17 13:58:03,093 - music_tracker - INFO - No new songs found from Spotify API
2026-01-17 13:58:03,094 - music_tracker - INFO - Song collection completed successfully
2026-01-17 14:58:02,983 - music_tracker - INFO - SpotiSpy song collection starting...
2026-01-17 14:58:02,983 - music_tracker - INFO - Starting song collection (last 1 hours)
2026-01-17 14:58:02,984 - music_tracker - INFO - Fetching recent tracks from Spotify...
2026-01-17 14:58:03,380 - music_tracker - INFO - No recent songs found from Spotify
2026-01-17 14:58:03,382 - music_tracker - INFO - No new songs found from Spotify API
2026-01-17 14:58:03,383 - music_tracker - INFO - Song collection completed successfully
2026-01-17 15:58:03,286 - music_tracker - INFO - SpotiSpy song collection starting...
2026-01-17 15:58:03,287 - music_tracker - INFO - Starting song collection (last 1 hours)
2026-01-17 15:58:03,288 - music_tracker - INFO - Fetching recent tracks from Spotify...
2026-01-17 15:58:03,666 - music_tracker - INFO - No recent songs found from Spotify
2026-01-17 15:58:03,668 - music_tracker - INFO - No new songs found from Spotify API
2026-01-17 15:58:03,669 - music_tracker - INFO - Song collection completed successfully
2026-01-17 16:58:03,584 - music_tracker - INFO - SpotiSpy song collection starting...
2026-01-17 16:58:03,585 - music_tracker - INFO - Starting song collection (last 1 hours)
2026-01-17 16:58:03,586 - music_tracker - INFO - Fetching recent tracks from Spotify...
2026-01-17 16:58:03,928 - music_tracker - INFO - No recent songs found from Spotify
2026-01-17 16:58:03,930 - music_tracker - INFO - No new songs found from Spotify API
2026-01-17 16:58:03,931 - music_tracker - INFO - Song collection completed successfully
2026-01-17 17:58:02,818 - music_tracker - INFO - SpotiSpy song collection starting...
2026-01-17 17:58:02,818 - music_tracker - INFO - Starting song collection (last 1 hours)
2026-01-17 17:58:02,819 - music_tracker - INFO - Fetching recent tracks from Spotify...
2026-01-17 17:58:03,179 - music_tracker - INFO - No recent songs found from Spotify
2026-01-17 17:58:03,181 - music_tracker - INFO - No new songs found from Spotify API
2026-01-17 17:58:03,182 - music_tracker - INFO - Song collection completed successfully
2026-01-17 18:58:03,064 - music_tracker - INFO - SpotiSpy song collection starting...
2026-01-17 18:58:03,064 - music_tracker - INFO - Starting song collection (last 1 hours)
2026-01-17 18:58:03,065 - music_tracker - INFO - Fetching recent tracks from Spotify...
2026-01-17 18:58:03,468 - music_tracker - INFO - No recent songs found from Spotify
2026-01-17 18:58:03,471 - music_tracker - INFO - No new songs found from Spotify API
2026-01-17 18:58:03,471 - music_tracker - INFO - Song collection completed successfully
2026-01-17 19:58:03,358 - music_tracker - INFO - SpotiSpy song collection starting...
2026-01-17 19:58:03,358 - music_tracker - INFO - Starting song collection (last 1 hours)
2026-01-17 19:58:03,359 - music_tracker - INFO - Fetching recent tracks from Spotify...
2026-01-17 19:58:03,772 - music_tracker - INFO - No recent songs found from Spotify
2026-01-17 19:58:03,774 - music_tracker - INFO - No new songs found from Spotify API
2026-01-17 19:58:03,775 - music_tracker - INFO - Song collection completed successfully
2026-01-17 20:58:02,675 - music_tracker - INFO - SpotiSpy song collection starting...
2026-01-17 20:58:02,676 - music_tracker - INFO - Starting song collection (last 1 hours)
2026-01-17 20:58:02,676 - music_tracker - INFO - Fetching recent tracks from Spotify...
2026-01-17 20:58:03,096 - music_tracker - INFO - No recent songs found from Spotify
2026-01-17 20:58:03,098 - music_tracker - INFO - No new songs found from Spotify API
2026-01-17 20:58:03,098 - music_tracker - INFO - Song collection completed successfully
2026-01-17 21:58:03,034 - music_tracker - INFO - SpotiSpy song collection starting...
2026-01-17 21:58:03,035 - music_tracker - INFO - Starting song collection (last 1 hours)
2026-01-17 21:58:03,036 - music_tracker - INFO - Fetching recent tracks from Spotify...
2026-01-17 21:58:03,443 - music_tracker - INFO - No recent songs found from Spotify
2026-01-17 21:58:03,445 - music_tracker - INFO - No new songs found from Spotify API
2026-01-17 21:58:03,445 - music_tracker - INFO - Song collection completed successfully
2026-01-17 22:58:03,335 - music_tracker - INFO - SpotiSpy song collection starting...
2026-01-17 22:58:03,336 - music_tracker - INFO - Starting song collection (last 1 hours)
2026-01-17 22:58:03,337 - music_tracker - INFO - Fetching recent tracks from Spotify...
2026-01-17 22:58:03,693 - music_tracker - INFO - No recent songs found from Spotify
2026-01-17 22:58:03,695 - music_tracker - INFO - No new songs found from Spotify API
2026-01-17 22:58:03,695 - music_tracker - INFO - Song collection completed successfully
2026-01-17 23:58:03,585 - music_tracker - INFO - SpotiSpy song collection starting...
2026-01-17 23:58:03,586 - music_tracker - INFO - Starting song collection (last 1 hours)
2026-01-17 23:58:03,587 - music_tracker - INFO - Fetching recent tracks from Spotify...
2026-01-17 23:58:03,997 - music_tracker - INFO - No recent songs found from Spotify
2026-01-17 23:58:03,999 - music_tracker - INFO - No new songs found from Spotify API
2026-01-17 23:58:04,000 - music_tracker - INFO - Song collection completed successfully
