2025-07-17 00:58:06,772 - music_tracker - INFO - Zero songs listened to
2025-07-17 00:58:06,772 - music_tracker - INFO - No songs uploaded.
2025-07-17 01:58:06,480 - music_tracker - INFO - Zero songs listened to
2025-07-17 01:58:06,481 - music_tracker - INFO - No songs uploaded.
2025-07-17 02:58:07,221 - music_tracker - INFO - Zero songs listened to
2025-07-17 02:58:07,221 - music_tracker - INFO - No songs uploaded.
2025-07-17 03:58:06,974 - music_tracker - INFO - Zero songs listened to
2025-07-17 03:58:06,974 - music_tracker - INFO - No songs uploaded.
2025-07-17 04:58:06,665 - music_tracker - INFO - Zero songs listened to
2025-07-17 04:58:06,666 - music_tracker - INFO - No songs uploaded.
2025-07-17 05:58:07,390 - music_tracker - INFO - Zero songs listened to
2025-07-17 05:58:07,391 - music_tracker - INFO - No songs uploaded.
2025-07-17 06:58:07,241 - music_tracker - INFO - Zero songs listened to
2025-07-17 06:58:07,242 - music_tracker - INFO - No songs uploaded.
2025-07-17 07:58:07,867 - music_tracker - INFO -   Supabase error: Status 400, {"code":"22007","details":null,"hint":null,"message":"invalid input syntax for type date: \"2005\""}
2025-07-17 07:58:07,869 - music_tracker - INFO - No songs uploaded.
2025-07-17 08:58:09,077 - music_tracker - INFO - Uploading 1 song
2025-07-17 09:00:11,546 - music_tracker - INFO - Starting music tracker analysis
2025-07-17 09:00:11,547 - music_tracker - INFO - Fetching data
2025-07-17 09:00:11,922 - music_tracker - INFO - Fetched 96 recent songs
2025-07-17 09:00:11,927 - music_tracker - INFO - Running top listens analysis
2025-07-17 09:00:11,928 - music_tracker - INFO - Calculating top songs listens
2025-07-17 09:00:11,928 - music_tracker - INFO - Sending message with top 3 songs
2025-07-17 09:00:12,888 - music_tracker - INFO - Message successfully sent!
2025-07-17 09:00:12,888 - music_tracker - INFO - Calculating top albums listens
2025-07-17 09:00:12,889 - music_tracker - INFO - Sending message with top 3 albums
2025-07-17 09:00:13,759 - music_tracker - INFO - Message successfully sent!
2025-07-17 09:00:13,760 - music_tracker - INFO - Calculating top artists listens
2025-07-17 09:00:13,760 - music_tracker - INFO - Sending message with top 3 artists
2025-07-17 09:00:14,492 - music_tracker - INFO - Message successfully sent!
2025-07-17 09:00:14,492 - music_tracker - INFO - Running popularity and listening hours analysis
2025-07-17 09:00:14,493 - music_tracker - INFO - Finding most popular track
2025-07-17 09:00:14,493 - music_tracker - INFO - Most popular song found: Self Care with score 78
2025-07-17 09:00:15,235 - music_tracker - INFO - Message successfully sent!
2025-07-17 09:00:15,235 - music_tracker - INFO - Calculating most listened hour
2025-07-17 09:00:15,236 - music_tracker - INFO - Most listened hour: 15:00 with 60:16
2025-07-17 09:00:15,857 - music_tracker - INFO - Message successfully sent!
2025-07-17 09:00:15,858 - music_tracker - INFO - Calculating duration listened today
2025-07-17 09:00:16,505 - music_tracker - INFO - Message successfully sent!
2025-07-17 09:00:16,506 - music_tracker - INFO - Analysis completed successfully

2025-07-17 09:58:08,016 - music_tracker - INFO - Uploading 1 song
2025-07-17 10:58:09,475 - music_tracker - INFO - Uploading 9 songs
2025-07-17 11:58:08,557 - music_tracker - INFO -   Supabase error: Status 400, {"code":"22007","details":null,"hint":null,"message":"invalid input syntax for type date: \"2001\""}
2025-07-17 11:58:08,559 - music_tracker - INFO - No songs uploaded.
2025-07-17 12:58:08,735 - music_tracker - INFO - Uploading 4 songs
2025-07-17 13:58:10,698 - music_tracker - INFO - Uploading 15 songs
2025-07-17 14:58:09,972 - music_tracker - INFO - Uploading 13 songs
2025-07-17 15:58:08,077 - music_tracker - INFO - Uploading 4 songs
2025-07-17 16:58:07,788 - music_tracker - INFO - Uploading 2 songs
2025-07-17 17:58:08,407 - music_tracker - INFO - Uploading 4 songs
2025-07-17 18:58:07,194 - music_tracker - INFO - Zero songs listened to
2025-07-17 18:58:07,194 - music_tracker - INFO - No songs uploaded.
2025-07-17 19:58:08,539 - music_tracker - INFO - Uploading 5 songs
2025-07-17 20:58:10,165 - music_tracker - INFO - Uploading 10 songs
2025-07-17 21:58:06,996 - music_tracker - INFO - Zero songs listened to
2025-07-17 21:58:06,996 - music_tracker - INFO - No songs uploaded.
2025-07-17 22:58:07,742 - music_tracker - INFO - Uploading 1 song
2025-07-17 23:58:07,032 - music_tracker - INFO - Uploading 1 song
