2025-08-19 00:58:02,857 - music_tracker - INFO - SpotiSpy song collection starting...
2025-08-19 00:58:02,857 - music_tracker - INFO - Starting song collection (last 1 hours)
2025-08-19 00:58:02,858 - music_tracker - INFO - Fetching recent tracks from Spotify...
2025-08-19 00:58:03,226 - music_tracker - INFO - No recent songs found from Spotify
2025-08-19 00:58:03,228 - music_tracker - INFO - No new songs found from Spotify API
2025-08-19 00:58:03,228 - music_tracker - INFO - Song collection completed successfully
2025-08-19 01:58:03,151 - music_tracker - INFO - SpotiSpy song collection starting...
2025-08-19 01:58:03,152 - music_tracker - INFO - Starting song collection (last 1 hours)
2025-08-19 01:58:03,152 - music_tracker - INFO - Fetching recent tracks from Spotify...
2025-08-19 01:58:03,535 - music_tracker - INFO - No recent songs found from Spotify
2025-08-19 01:58:03,537 - music_tracker - INFO - No new songs found from Spotify API
2025-08-19 01:58:03,538 - music_tracker - INFO - Song collection completed successfully
2025-08-19 02:58:03,428 - music_tracker - INFO - SpotiSpy song collection starting...
2025-08-19 02:58:03,428 - music_tracker - INFO - Starting song collection (last 1 hours)
2025-08-19 02:58:03,429 - music_tracker - INFO - Fetching recent tracks from Spotify...
2025-08-19 02:58:03,793 - music_tracker - INFO - No recent songs found from Spotify
2025-08-19 02:58:03,795 - music_tracker - INFO - No new songs found from Spotify API
2025-08-19 02:58:03,796 - music_tracker - INFO - Song collection completed successfully
2025-08-19 03:58:02,692 - music_tracker - INFO - SpotiSpy song collection starting...
2025-08-19 03:58:02,693 - music_tracker - INFO - Starting song collection (last 1 hours)
2025-08-19 03:58:02,693 - music_tracker - INFO - Fetching recent tracks from Spotify...
2025-08-19 03:58:03,032 - music_tracker - INFO - No recent songs found from Spotify
2025-08-19 03:58:03,034 - music_tracker - INFO - No new songs found from Spotify API
2025-08-19 03:58:03,035 - music_tracker - INFO - Song collection completed successfully
2025-08-19 04:58:02,919 - music_tracker - INFO - SpotiSpy song collection starting...
2025-08-19 04:58:02,920 - music_tracker - INFO - Starting song collection (last 1 hours)
2025-08-19 04:58:02,921 - music_tracker - INFO - Fetching recent tracks from Spotify...
2025-08-19 04:58:03,280 - music_tracker - INFO - No recent songs found from Spotify
2025-08-19 04:58:03,282 - music_tracker - INFO - No new songs found from Spotify API
2025-08-19 04:58:03,283 - music_tracker - INFO - Song collection completed successfully
2025-08-19 05:58:03,173 - music_tracker - INFO - SpotiSpy song collection starting...
2025-08-19 05:58:03,174 - music_tracker - INFO - Starting song collection (last 1 hours)
2025-08-19 05:58:03,175 - music_tracker - INFO - Fetching recent tracks from Spotify...
2025-08-19 05:58:03,542 - music_tracker - INFO - No recent songs found from Spotify
2025-08-19 05:58:03,544 - music_tracker - INFO - No new songs found from Spotify API
2025-08-19 05:58:03,545 - music_tracker - INFO - Song collection completed successfully
2025-08-19 06:58:03,496 - music_tracker - INFO - SpotiSpy song collection starting...
2025-08-19 06:58:03,497 - music_tracker - INFO - Starting song collection (last 1 hours)
2025-08-19 06:58:03,497 - music_tracker - INFO - Fetching recent tracks from Spotify...
2025-08-19 06:58:03,862 - music_tracker - INFO - No recent songs found from Spotify
2025-08-19 06:58:03,864 - music_tracker - INFO - No new songs found from Spotify API
2025-08-19 06:58:03,865 - music_tracker - INFO - Song collection completed successfully
2025-08-19 07:58:02,752 - music_tracker - INFO - SpotiSpy song collection starting...
2025-08-19 07:58:02,752 - music_tracker - INFO - Starting song collection (last 1 hours)
2025-08-19 07:58:02,753 - music_tracker - INFO - Fetching recent tracks from Spotify...
2025-08-19 07:58:03,123 - music_tracker - INFO - No recent songs found from Spotify
2025-08-19 07:58:03,125 - music_tracker - INFO - No new songs found from Spotify API
2025-08-19 07:58:03,126 - music_tracker - INFO - Song collection completed successfully
2025-08-19 08:58:03,030 - music_tracker - INFO - SpotiSpy song collection starting...
2025-08-19 08:58:03,031 - music_tracker - INFO - Starting song collection (last 1 hours)
2025-08-19 08:58:03,032 - music_tracker - INFO - Fetching recent tracks from Spotify...
2025-08-19 08:58:03,499 - music_tracker - INFO - Fetched 1 songs from Spotify
2025-08-19 08:58:03,501 - music_tracker - INFO - Found 1 songs from Spotify API
2025-08-19 08:58:03,502 - music_tracker - INFO - Checking for duplicates in database...
2025-08-19 08:58:04,147 - music_tracker - INFO - Found 1 new songs out of 1 total
2025-08-19 08:58:04,149 - music_tracker - INFO - Found 1 new songs to save
2025-08-19 08:58:04,150 - music_tracker - INFO - Saving songs to database...
2025-08-19 08:58:04,443 - music_tracker - INFO - Successfully saved 1 songs to database
2025-08-19 08:58:04,445 - music_tracker - INFO - Successfully saved 1 songs to database
2025-08-19 08:58:04,446 - music_tracker - INFO - Song collection completed successfully
2025-08-19 09:00:12,817 - music_tracker - INFO - SpotiSpy starting...
2025-08-19 09:00:12,817 - music_tracker - INFO - Starting daily SpotiSpy analysis
2025-08-19 09:00:12,818 - music_tracker - INFO - Fetching yesterday's listening data...
2025-08-19 09:00:13,207 - music_tracker - INFO - Fetched 71 songs from database
2025-08-19 09:00:13,208 - music_tracker - INFO - Found 71 songs to analyze
2025-08-19 09:00:13,209 - music_tracker - INFO - Running analysis...
2025-08-19 09:00:13,215 - music_tracker - INFO - Sending daily summary to Slack...
2025-08-19 09:00:14,557 - music_tracker - INFO - Message sent successfully to Slack
2025-08-19 09:00:14,558 - music_tracker - INFO - Daily analysis completed successfully!
2025-08-19 09:00:14,559 - music_tracker - INFO - SpotiSpy completed successfully
2025-08-19 09:58:04,256 - music_tracker - INFO - SpotiSpy song collection starting...
2025-08-19 09:58:04,257 - music_tracker - INFO - Starting song collection (last 1 hours)
2025-08-19 09:58:04,257 - music_tracker - INFO - Fetching recent tracks from Spotify...
2025-08-19 09:58:04,630 - music_tracker - INFO - No recent songs found from Spotify
2025-08-19 09:58:04,632 - music_tracker - INFO - No new songs found from Spotify API
2025-08-19 09:58:04,632 - music_tracker - INFO - Song collection completed successfully
2025-08-19 10:58:03,595 - music_tracker - INFO - SpotiSpy song collection starting...
2025-08-19 10:58:03,596 - music_tracker - INFO - Starting song collection (last 1 hours)
2025-08-19 10:58:03,597 - music_tracker - INFO - Fetching recent tracks from Spotify...
2025-08-19 10:58:04,029 - music_tracker - INFO - Fetched 12 songs from Spotify
2025-08-19 10:58:04,032 - music_tracker - INFO - Found 12 songs from Spotify API
2025-08-19 10:58:04,033 - music_tracker - INFO - Checking for duplicates in database...
2025-08-19 10:58:04,410 - music_tracker - INFO - Found 12 new songs out of 12 total
2025-08-19 10:58:04,412 - music_tracker - INFO - Found 12 new songs to save
2025-08-19 10:58:04,413 - music_tracker - INFO - Saving songs to database...
2025-08-19 10:58:04,739 - music_tracker - INFO - Successfully saved 12 songs to database
2025-08-19 10:58:04,741 - music_tracker - INFO - Successfully saved 12 songs to database
2025-08-19 10:58:04,742 - music_tracker - INFO - Song collection completed successfully
2025-08-19 11:58:02,641 - music_tracker - INFO - SpotiSpy song collection starting...
2025-08-19 11:58:02,642 - music_tracker - INFO - Starting song collection (last 1 hours)
2025-08-19 11:58:02,642 - music_tracker - INFO - Fetching recent tracks from Spotify...
2025-08-19 11:58:03,085 - music_tracker - INFO - Fetched 10 songs from Spotify
2025-08-19 11:58:03,087 - music_tracker - INFO - Found 10 songs from Spotify API
2025-08-19 11:58:03,088 - music_tracker - INFO - Checking for duplicates in database...
2025-08-19 11:58:03,471 - music_tracker - INFO - Found 10 new songs out of 10 total
2025-08-19 11:58:03,473 - music_tracker - INFO - Found 10 new songs to save
2025-08-19 11:58:03,474 - music_tracker - INFO - Saving songs to database...
2025-08-19 11:58:03,740 - music_tracker - INFO - Successfully saved 10 songs to database
2025-08-19 11:58:03,742 - music_tracker - INFO - Successfully saved 10 songs to database
2025-08-19 11:58:03,743 - music_tracker - INFO - Song collection completed successfully
2025-08-19 12:58:02,659 - music_tracker - INFO - SpotiSpy song collection starting...
2025-08-19 12:58:02,659 - music_tracker - INFO - Starting song collection (last 1 hours)
2025-08-19 12:58:02,660 - music_tracker - INFO - Fetching recent tracks from Spotify...
2025-08-19 12:58:03,088 - music_tracker - INFO - Fetched 5 songs from Spotify
2025-08-19 12:58:03,090 - music_tracker - INFO - Found 5 songs from Spotify API
2025-08-19 12:58:03,091 - music_tracker - INFO - Checking for duplicates in database...
2025-08-19 12:58:03,452 - music_tracker - INFO - Found 5 new songs out of 5 total
2025-08-19 12:58:03,454 - music_tracker - INFO - Found 5 new songs to save
2025-08-19 12:58:03,455 - music_tracker - INFO - Saving songs to database...
2025-08-19 12:58:03,743 - music_tracker - INFO - Successfully saved 5 songs to database
2025-08-19 12:58:03,745 - music_tracker - INFO - Successfully saved 5 songs to database
2025-08-19 12:58:03,746 - music_tracker - INFO - Song collection completed successfully
2025-08-19 13:58:02,655 - music_tracker - INFO - SpotiSpy song collection starting...
2025-08-19 13:58:02,656 - music_tracker - INFO - Starting song collection (last 1 hours)
2025-08-19 13:58:02,657 - music_tracker - INFO - Fetching recent tracks from Spotify...
2025-08-19 13:58:03,136 - music_tracker - INFO - Fetched 19 songs from Spotify
2025-08-19 13:58:03,139 - music_tracker - INFO - Found 19 songs from Spotify API
2025-08-19 13:58:03,140 - music_tracker - INFO - Checking for duplicates in database...
2025-08-19 13:58:03,512 - music_tracker - INFO - Found 19 new songs out of 19 total
2025-08-19 13:58:03,514 - music_tracker - INFO - Found 19 new songs to save
2025-08-19 13:58:03,515 - music_tracker - INFO - Saving songs to database...
2025-08-19 13:58:03,742 - music_tracker - INFO - Successfully saved 19 songs to database
2025-08-19 13:58:03,743 - music_tracker - INFO - Successfully saved 19 songs to database
2025-08-19 13:58:03,744 - music_tracker - INFO - Song collection completed successfully
2025-08-19 14:58:03,838 - music_tracker - INFO - SpotiSpy song collection starting...
2025-08-19 14:58:03,839 - music_tracker - INFO - Starting song collection (last 1 hours)
2025-08-19 14:58:03,840 - music_tracker - INFO - Fetching recent tracks from Spotify...
2025-08-19 14:58:04,354 - music_tracker - INFO - Fetched 18 songs from Spotify
2025-08-19 14:58:04,357 - music_tracker - INFO - Found 18 songs from Spotify API
2025-08-19 14:58:04,358 - music_tracker - INFO - Checking for duplicates in database...
2025-08-19 14:58:04,719 - music_tracker - INFO - Found 18 new songs out of 18 total
2025-08-19 14:58:04,721 - music_tracker - INFO - Found 18 new songs to save
2025-08-19 14:58:04,722 - music_tracker - INFO - Saving songs to database...
2025-08-19 14:58:05,007 - music_tracker - INFO - Successfully saved 18 songs to database
2025-08-19 14:58:05,009 - music_tracker - INFO - Successfully saved 18 songs to database
2025-08-19 14:58:05,009 - music_tracker - INFO - Song collection completed successfully
2025-08-19 15:58:02,973 - music_tracker - INFO - SpotiSpy song collection starting...
2025-08-19 15:58:02,973 - music_tracker - INFO - Starting song collection (last 1 hours)
2025-08-19 15:58:02,974 - music_tracker - INFO - Fetching recent tracks from Spotify...
2025-08-19 15:58:03,366 - music_tracker - INFO - Fetched 3 songs from Spotify
2025-08-19 15:58:03,369 - music_tracker - INFO - Found 3 songs from Spotify API
2025-08-19 15:58:03,369 - music_tracker - INFO - Checking for duplicates in database...
2025-08-19 15:58:03,707 - music_tracker - INFO - Found 3 new songs out of 3 total
2025-08-19 15:58:03,709 - music_tracker - INFO - Found 3 new songs to save
2025-08-19 15:58:03,710 - music_tracker - INFO - Saving songs to database...
2025-08-19 15:58:03,900 - music_tracker - INFO - Successfully saved 3 songs to database
2025-08-19 15:58:03,901 - music_tracker - INFO - Successfully saved 3 songs to database
2025-08-19 15:58:03,902 - music_tracker - INFO - Song collection completed successfully
2025-08-19 16:58:02,813 - music_tracker - INFO - SpotiSpy song collection starting...
2025-08-19 16:58:02,813 - music_tracker - INFO - Starting song collection (last 1 hours)
2025-08-19 16:58:02,814 - music_tracker - INFO - Fetching recent tracks from Spotify...
2025-08-19 16:58:03,224 - music_tracker - INFO - Fetched 3 songs from Spotify
2025-08-19 16:58:03,227 - music_tracker - INFO - Found 3 songs from Spotify API
2025-08-19 16:58:03,227 - music_tracker - INFO - Checking for duplicates in database...
2025-08-19 16:58:03,578 - music_tracker - INFO - Found 3 new songs out of 3 total
2025-08-19 16:58:03,580 - music_tracker - INFO - Found 3 new songs to save
2025-08-19 16:58:03,581 - music_tracker - INFO - Saving songs to database...
2025-08-19 16:58:03,851 - music_tracker - INFO - Successfully saved 3 songs to database
2025-08-19 16:58:03,853 - music_tracker - INFO - Successfully saved 3 songs to database
2025-08-19 16:58:03,854 - music_tracker - INFO - Song collection completed successfully
2025-08-19 17:58:02,762 - music_tracker - INFO - SpotiSpy song collection starting...
2025-08-19 17:58:02,762 - music_tracker - INFO - Starting song collection (last 1 hours)
2025-08-19 17:58:02,763 - music_tracker - INFO - Fetching recent tracks from Spotify...
2025-08-19 17:58:03,176 - music_tracker - INFO - Fetched 5 songs from Spotify
2025-08-19 17:58:03,179 - music_tracker - INFO - Found 5 songs from Spotify API
2025-08-19 17:58:03,179 - music_tracker - INFO - Checking for duplicates in database...
2025-08-19 17:58:03,502 - music_tracker - INFO - Found 5 new songs out of 5 total
2025-08-19 17:58:03,504 - music_tracker - INFO - Found 5 new songs to save
2025-08-19 17:58:03,505 - music_tracker - INFO - Saving songs to database...
2025-08-19 17:58:03,783 - music_tracker - INFO - Successfully saved 5 songs to database
2025-08-19 17:58:03,785 - music_tracker - INFO - Successfully saved 5 songs to database
2025-08-19 17:58:03,786 - music_tracker - INFO - Song collection completed successfully
2025-08-19 18:58:02,704 - music_tracker - INFO - SpotiSpy song collection starting...
2025-08-19 18:58:02,705 - music_tracker - INFO - Starting song collection (last 1 hours)
2025-08-19 18:58:02,705 - music_tracker - INFO - Fetching recent tracks from Spotify...
2025-08-19 18:58:03,081 - music_tracker - INFO - No recent songs found from Spotify
2025-08-19 18:58:03,084 - music_tracker - INFO - No new songs found from Spotify API
2025-08-19 18:58:03,084 - music_tracker - INFO - Song collection completed successfully
2025-08-19 19:58:02,966 - music_tracker - INFO - SpotiSpy song collection starting...
2025-08-19 19:58:02,967 - music_tracker - INFO - Starting song collection (last 1 hours)
2025-08-19 19:58:02,967 - music_tracker - INFO - Fetching recent tracks from Spotify...
2025-08-19 19:58:03,343 - music_tracker - INFO - No recent songs found from Spotify
2025-08-19 19:58:03,345 - music_tracker - INFO - No new songs found from Spotify API
2025-08-19 19:58:03,346 - music_tracker - INFO - Song collection completed successfully
2025-08-19 20:58:03,250 - music_tracker - INFO - SpotiSpy song collection starting...
2025-08-19 20:58:03,250 - music_tracker - INFO - Starting song collection (last 1 hours)
2025-08-19 20:58:03,251 - music_tracker - INFO - Fetching recent tracks from Spotify...
2025-08-19 20:58:03,607 - music_tracker - INFO - No recent songs found from Spotify
2025-08-19 20:58:03,609 - music_tracker - INFO - No new songs found from Spotify API
2025-08-19 20:58:03,610 - music_tracker - INFO - Song collection completed successfully
2025-08-19 21:58:03,516 - music_tracker - INFO - SpotiSpy song collection starting...
2025-08-19 21:58:03,517 - music_tracker - INFO - Starting song collection (last 1 hours)
2025-08-19 21:58:03,518 - music_tracker - INFO - Fetching recent tracks from Spotify...
2025-08-19 21:58:03,865 - music_tracker - INFO - No recent songs found from Spotify
2025-08-19 21:58:03,867 - music_tracker - INFO - No new songs found from Spotify API
2025-08-19 21:58:03,868 - music_tracker - INFO - Song collection completed successfully
2025-08-19 22:58:02,757 - music_tracker - INFO - SpotiSpy song collection starting...
2025-08-19 22:58:02,758 - music_tracker - INFO - Starting song collection (last 1 hours)
2025-08-19 22:58:02,759 - music_tracker - INFO - Fetching recent tracks from Spotify...
2025-08-19 22:58:03,118 - music_tracker - INFO - No recent songs found from Spotify
2025-08-19 22:58:03,121 - music_tracker - INFO - No new songs found from Spotify API
2025-08-19 22:58:03,121 - music_tracker - INFO - Song collection completed successfully
2025-08-19 23:58:03,016 - music_tracker - INFO - SpotiSpy song collection starting...
2025-08-19 23:58:03,017 - music_tracker - INFO - Starting song collection (last 1 hours)
2025-08-19 23:58:03,017 - music_tracker - INFO - Fetching recent tracks from Spotify...
2025-08-19 23:58:03,371 - music_tracker - INFO - No recent songs found from Spotify
2025-08-19 23:58:03,373 - music_tracker - INFO - No new songs found from Spotify API
2025-08-19 23:58:03,374 - music_tracker - INFO - Song collection completed successfully
