2025-08-06 23:16:56,573 - music_tracker - INFO - Fetched 82 songs from database
2025-08-06 23:17:06,865 - music_tracker - INFO - SpotiSpy starting...
2025-08-06 23:17:06,865 - music_tracker - INFO - Starting daily SpotiSpy analysis
2025-08-06 23:17:06,865 - music_tracker - INFO - Fetching yesterday's listening data...
2025-08-06 23:17:07,033 - music_tracker - INFO - Fetched 82 songs from database
2025-08-06 23:17:07,034 - music_tracker - INFO - Found 82 songs to analyze
2025-08-06 23:17:07,034 - music_tracker - INFO - Running analysis...
2025-08-06 23:17:07,034 - music_tracker - INFO - Sending daily summary to Slack...
2025-08-06 23:17:07,346 - music_tracker - INFO - Message sent successfully to Slack
2025-08-06 23:17:07,347 - music_tracker - INFO - Daily analysis completed successfully!
2025-08-06 23:17:07,347 - music_tracker - INFO - SpotiSpy completed successfully
2025-08-06 23:22:23,296 - music_tracker - INFO - SpotiSpy starting...
2025-08-06 23:22:23,297 - music_tracker - INFO - Starting daily SpotiSpy analysis
2025-08-06 23:22:23,297 - music_tracker - INFO - Fetching yesterday's listening data...
2025-08-06 23:22:23,506 - music_tracker - INFO - Fetched 82 songs from database
2025-08-06 23:22:23,506 - music_tracker - INFO - Found 82 songs to analyze
2025-08-06 23:22:23,506 - music_tracker - INFO - Running analysis...
2025-08-06 23:22:23,507 - music_tracker - INFO - Sending daily summary to Slack...
2025-08-06 23:22:23,816 - music_tracker - INFO - Message sent successfully to Slack
2025-08-06 23:22:23,816 - music_tracker - INFO - Daily analysis completed successfully!
2025-08-06 23:22:23,816 - music_tracker - INFO - SpotiSpy completed successfully
2025-08-06 23:22:36,291 - music_tracker - INFO - Fetched 82 songs from database
2025-08-06 23:23:06,797 - music_tracker - INFO - SpotiSpy starting...
2025-08-06 23:23:06,797 - music_tracker - INFO - Starting daily SpotiSpy analysis
2025-08-06 23:23:06,797 - music_tracker - INFO - Fetching yesterday's listening data...
2025-08-06 23:23:07,033 - music_tracker - INFO - Fetched 82 songs from database
2025-08-06 23:23:07,034 - music_tracker - INFO - Found 82 songs to analyze
2025-08-06 23:23:07,034 - music_tracker - INFO - Running analysis...
2025-08-06 23:23:07,036 - music_tracker - INFO - Sending daily summary to Slack...
2025-08-06 23:23:07,299 - music_tracker - INFO - Message sent successfully to Slack
2025-08-06 23:23:07,299 - music_tracker - INFO - Daily analysis completed successfully!
2025-08-06 23:23:07,299 - music_tracker - INFO - SpotiSpy completed successfully
2025-08-06 23:28:04,395 - music_tracker - INFO - SpotiSpy starting...
2025-08-06 23:28:04,395 - music_tracker - INFO - Starting daily SpotiSpy analysis
2025-08-06 23:28:04,395 - music_tracker - INFO - Fetching yesterday's listening data...
2025-08-06 23:28:04,755 - music_tracker - INFO - Fetched 82 songs from database
2025-08-06 23:28:04,755 - music_tracker - INFO - Found 82 songs to analyze
2025-08-06 23:28:04,755 - music_tracker - INFO - Running analysis...
2025-08-06 23:28:04,756 - music_tracker - INFO - Sending daily summary to Slack...
2025-08-06 23:28:05,056 - music_tracker - INFO - Message sent successfully to Slack
2025-08-06 23:28:05,056 - music_tracker - INFO - Daily analysis completed successfully!
2025-08-06 23:28:05,056 - music_tracker - INFO - SpotiSpy completed successfully
2025-08-06 23:30:07,971 - music_tracker - INFO - Fetched 82 songs from database
2025-08-06 23:30:15,207 - music_tracker - INFO - SpotiSpy starting...
2025-08-06 23:30:15,207 - music_tracker - INFO - Starting daily SpotiSpy analysis
2025-08-06 23:30:15,207 - music_tracker - INFO - Fetching yesterday's listening data...
2025-08-06 23:30:15,454 - music_tracker - INFO - Fetched 82 songs from database
2025-08-06 23:30:15,454 - music_tracker - INFO - Found 82 songs to analyze
2025-08-06 23:30:15,454 - music_tracker - INFO - Running analysis...
2025-08-06 23:30:15,455 - music_tracker - INFO - Sending daily summary to Slack...
2025-08-06 23:30:15,740 - music_tracker - INFO - Message sent successfully to Slack
2025-08-06 23:30:15,740 - music_tracker - INFO - Daily analysis completed successfully!
2025-08-06 23:30:15,740 - music_tracker - INFO - SpotiSpy completed successfully
2025-08-06 23:33:53,465 - music_tracker - INFO - Fetched 82 songs from database
2025-08-06 23:34:06,932 - music_tracker - INFO - SpotiSpy starting...
2025-08-06 23:34:06,932 - music_tracker - INFO - Starting daily SpotiSpy analysis
2025-08-06 23:34:06,932 - music_tracker - INFO - Fetching yesterday's listening data...
2025-08-06 23:34:07,080 - music_tracker - INFO - Fetched 82 songs from database
2025-08-06 23:34:07,080 - music_tracker - INFO - Found 82 songs to analyze
2025-08-06 23:34:07,081 - music_tracker - INFO - Running analysis...
2025-08-06 23:34:07,081 - music_tracker - INFO - Sending daily summary to Slack...
2025-08-06 23:34:07,396 - music_tracker - INFO - Message sent successfully to Slack
2025-08-06 23:34:07,396 - music_tracker - INFO - Daily analysis completed successfully!
2025-08-06 23:34:07,396 - music_tracker - INFO - SpotiSpy completed successfully
2025-08-06 23:35:59,434 - music_tracker - INFO - Fetched 82 songs from database
2025-08-06 23:36:43,228 - music_tracker - INFO - Fetched 82 songs from database
2025-08-06 23:37:19,486 - music_tracker - INFO - SpotiSpy starting...
2025-08-06 23:37:19,486 - music_tracker - INFO - Starting daily SpotiSpy analysis
2025-08-06 23:37:19,486 - music_tracker - INFO - Fetching yesterday's listening data...
2025-08-06 23:37:19,665 - music_tracker - INFO - Fetched 82 songs from database
2025-08-06 23:37:19,665 - music_tracker - INFO - Found 82 songs to analyze
2025-08-06 23:37:19,666 - music_tracker - INFO - Running analysis...
2025-08-06 23:37:19,666 - music_tracker - INFO - Sending daily summary to Slack...
2025-08-06 23:37:19,988 - music_tracker - INFO - Message sent successfully to Slack
2025-08-06 23:37:19,989 - music_tracker - INFO - Daily analysis completed successfully!
2025-08-06 23:37:19,989 - music_tracker - INFO - SpotiSpy completed successfully
2025-08-06 23:37:49,656 - music_tracker - INFO - SpotiSpy starting...
2025-08-06 23:37:49,656 - music_tracker - INFO - Starting daily SpotiSpy analysis
2025-08-06 23:37:49,656 - music_tracker - INFO - Fetching yesterday's listening data...
2025-08-06 23:37:49,897 - music_tracker - INFO - Fetched 82 songs from database
2025-08-06 23:37:49,897 - music_tracker - INFO - Found 82 songs to analyze
2025-08-06 23:37:49,897 - music_tracker - INFO - Running analysis...
2025-08-06 23:37:49,898 - music_tracker - INFO - Sending daily summary to Slack...
2025-08-06 23:37:50,202 - music_tracker - INFO - Message sent successfully to Slack
2025-08-06 23:37:50,203 - music_tracker - INFO - Daily analysis completed successfully!
2025-08-06 23:37:50,203 - music_tracker - INFO - SpotiSpy completed successfully
2025-08-06 23:38:11,438 - music_tracker - INFO - SpotiSpy starting...
2025-08-06 23:38:11,438 - music_tracker - INFO - Starting daily SpotiSpy analysis
2025-08-06 23:38:11,438 - music_tracker - INFO - Fetching yesterday's listening data...
2025-08-06 23:38:11,576 - music_tracker - INFO - Fetched 82 songs from database
2025-08-06 23:38:11,577 - music_tracker - INFO - Found 82 songs to analyze
2025-08-06 23:38:11,577 - music_tracker - INFO - Running analysis...
2025-08-06 23:38:11,577 - music_tracker - INFO - Sending daily summary to Slack...
2025-08-06 23:38:11,870 - music_tracker - INFO - Message sent successfully to Slack
2025-08-06 23:38:11,870 - music_tracker - INFO - Daily analysis completed successfully!
2025-08-06 23:38:11,870 - music_tracker - INFO - SpotiSpy completed successfully
2025-08-06 23:39:08,924 - music_tracker - INFO - SpotiSpy starting...
2025-08-06 23:39:08,924 - music_tracker - INFO - Starting daily SpotiSpy analysis
2025-08-06 23:39:08,924 - music_tracker - INFO - Fetching yesterday's listening data...
2025-08-06 23:39:09,419 - music_tracker - INFO - Fetched 82 songs from database
2025-08-06 23:39:09,420 - music_tracker - INFO - Found 82 songs to analyze
2025-08-06 23:39:09,421 - music_tracker - INFO - Running analysis...
2025-08-06 23:39:09,422 - music_tracker - INFO - Sending daily summary to Slack...
2025-08-06 23:39:09,711 - music_tracker - INFO - Message sent successfully to Slack
2025-08-06 23:39:09,711 - music_tracker - INFO - Daily analysis completed successfully!
2025-08-06 23:39:09,711 - music_tracker - INFO - SpotiSpy completed successfully
2025-08-06 23:50:25,243 - music_tracker - INFO - SpotiSpy starting...
2025-08-06 23:50:25,243 - music_tracker - INFO - Starting daily SpotiSpy analysis
2025-08-06 23:50:25,243 - music_tracker - INFO - Fetching yesterday's listening data...
2025-08-06 23:50:25,576 - music_tracker - INFO - Fetched 82 songs from database
2025-08-06 23:50:25,576 - music_tracker - INFO - Found 82 songs to analyze
2025-08-06 23:50:25,576 - music_tracker - INFO - Running analysis...
2025-08-06 23:50:25,577 - music_tracker - INFO - Sending daily summary to Slack...
2025-08-06 23:50:25,901 - music_tracker - INFO - Message sent successfully to Slack
2025-08-06 23:50:25,902 - music_tracker - INFO - Daily analysis completed successfully!
2025-08-06 23:50:25,902 - music_tracker - INFO - SpotiSpy completed successfully
2025-08-06 23:53:33,745 - music_tracker - INFO - SpotiSpy starting...
2025-08-06 23:53:33,745 - music_tracker - INFO - Starting daily SpotiSpy analysis
2025-08-06 23:53:33,745 - music_tracker - INFO - Fetching yesterday's listening data...
2025-08-06 23:53:34,108 - music_tracker - INFO - Fetched 82 songs from database
2025-08-06 23:53:34,109 - music_tracker - INFO - Found 82 songs to analyze
2025-08-06 23:53:34,109 - music_tracker - INFO - Running analysis...
2025-08-06 23:53:34,109 - music_tracker - INFO - Sending daily summary to Slack...
2025-08-06 23:53:34,472 - music_tracker - INFO - Message sent successfully to Slack
2025-08-06 23:53:34,472 - music_tracker - INFO - Daily analysis completed successfully!
2025-08-06 23:53:34,472 - music_tracker - INFO - SpotiSpy completed successfully
2025-08-06 23:57:05,428 - music_tracker - INFO - SpotiSpy starting...
2025-08-06 23:57:05,429 - music_tracker - INFO - Starting daily SpotiSpy analysis
2025-08-06 23:57:05,429 - music_tracker - INFO - Fetching yesterday's listening data...
2025-08-06 23:57:05,851 - music_tracker - INFO - Fetched 82 songs from database
2025-08-06 23:57:05,851 - music_tracker - INFO - Found 82 songs to analyze
2025-08-06 23:57:05,851 - music_tracker - INFO - Running analysis...
2025-08-06 23:57:05,852 - music_tracker - INFO - Sending daily summary to Slack...
2025-08-06 23:57:06,135 - music_tracker - INFO - Message sent successfully to Slack
2025-08-06 23:57:06,135 - music_tracker - INFO - Daily analysis completed successfully!
2025-08-06 23:57:06,135 - music_tracker - INFO - SpotiSpy completed successfully
2025-08-06 23:57:24,029 - music_tracker - INFO - SpotiSpy starting...
2025-08-06 23:57:24,029 - music_tracker - INFO - Starting daily SpotiSpy analysis
2025-08-06 23:57:24,029 - music_tracker - INFO - Fetching yesterday's listening data...
2025-08-06 23:57:24,264 - music_tracker - INFO - Fetched 82 songs from database
2025-08-06 23:57:24,265 - music_tracker - INFO - Found 82 songs to analyze
2025-08-06 23:57:24,265 - music_tracker - INFO - Running analysis...
2025-08-06 23:57:24,266 - music_tracker - INFO - Sending daily summary to Slack...
2025-08-06 23:57:24,562 - music_tracker - INFO - Message sent successfully to Slack
2025-08-06 23:57:24,563 - music_tracker - INFO - Daily analysis completed successfully!
2025-08-06 23:57:24,563 - music_tracker - INFO - SpotiSpy completed successfully
2025-08-06 23:57:44,041 - music_tracker - INFO - SpotiSpy starting...
2025-08-06 23:57:44,041 - music_tracker - INFO - Starting daily SpotiSpy analysis
2025-08-06 23:57:44,041 - music_tracker - INFO - Fetching yesterday's listening data...
2025-08-06 23:57:44,187 - music_tracker - INFO - Fetched 82 songs from database
2025-08-06 23:57:44,187 - music_tracker - INFO - Found 82 songs to analyze
2025-08-06 23:57:44,187 - music_tracker - INFO - Running analysis...
2025-08-06 23:57:44,188 - music_tracker - INFO - Sending daily summary to Slack...
2025-08-06 23:57:44,188 - music_tracker - ERROR - Error sending daily analysis: cannot access local variable 'overview' where it is not associated with a value
2025-08-06 23:57:44,188 - music_tracker - ERROR - Failed to send daily analysis
2025-08-06 23:57:44,188 - music_tracker - ERROR - SpotiSpy completed with errors
2025-08-06 23:59:40,530 - music_tracker - INFO - SpotiSpy starting...
2025-08-06 23:59:40,530 - music_tracker - INFO - Starting daily SpotiSpy analysis
2025-08-06 23:59:40,530 - music_tracker - INFO - Fetching yesterday's listening data...
2025-08-06 23:59:40,754 - music_tracker - INFO - Fetched 99 songs from database
2025-08-06 23:59:40,755 - music_tracker - INFO - Found 99 songs to analyze
2025-08-06 23:59:40,755 - music_tracker - INFO - Running analysis...
2025-08-06 23:59:40,755 - music_tracker - INFO - Sending daily summary to Slack...
2025-08-06 23:59:41,045 - music_tracker - INFO - Message sent successfully to Slack
2025-08-06 23:59:41,045 - music_tracker - INFO - Daily analysis completed successfully!
2025-08-06 23:59:41,046 - music_tracker - INFO - SpotiSpy completed successfully
